[2024-04-14T15:42:02.117-0600] {processor.py:161} INFO - Started process (PID=4059) to work on /Users/felipejimenez/Desktop/AirFlow/.env/lib/python3.9/site-packages/airflow/example_dags/plugins/event_listener.py
[2024-04-14T15:42:02.118-0600] {processor.py:830} INFO - Processing file /Users/felipejimenez/Desktop/AirFlow/.env/lib/python3.9/site-packages/airflow/example_dags/plugins/event_listener.py for tasks to queue
[2024-04-14T15:42:02.119-0600] {logging_mixin.py:188} INFO - [2024-04-14T15:42:02.119-0600] {dagbag.py:540} INFO - Filling up the DagBag from /Users/felipejimenez/Desktop/AirFlow/.env/lib/python3.9/site-packages/airflow/example_dags/plugins/event_listener.py
[2024-04-14T15:42:02.119-0600] {processor.py:842} WARNING - No viable dags retrieved from /Users/felipejimenez/Desktop/AirFlow/.env/lib/python3.9/site-packages/airflow/example_dags/plugins/event_listener.py
[2024-04-14T15:42:02.146-0600] {processor.py:183} INFO - Processing /Users/felipejimenez/Desktop/AirFlow/.env/lib/python3.9/site-packages/airflow/example_dags/plugins/event_listener.py took 0.029 seconds
[2024-04-14T15:43:19.342-0600] {processor.py:161} INFO - Started process (PID=4157) to work on /Users/felipejimenez/Desktop/AirFlow/.env/lib/python3.9/site-packages/airflow/example_dags/plugins/event_listener.py
[2024-04-14T15:43:19.343-0600] {processor.py:830} INFO - Processing file /Users/felipejimenez/Desktop/AirFlow/.env/lib/python3.9/site-packages/airflow/example_dags/plugins/event_listener.py for tasks to queue
[2024-04-14T15:43:19.344-0600] {logging_mixin.py:188} INFO - [2024-04-14T15:43:19.344-0600] {dagbag.py:540} INFO - Filling up the DagBag from /Users/felipejimenez/Desktop/AirFlow/.env/lib/python3.9/site-packages/airflow/example_dags/plugins/event_listener.py
[2024-04-14T15:43:19.344-0600] {processor.py:842} WARNING - No viable dags retrieved from /Users/felipejimenez/Desktop/AirFlow/.env/lib/python3.9/site-packages/airflow/example_dags/plugins/event_listener.py
[2024-04-14T15:43:19.372-0600] {processor.py:183} INFO - Processing /Users/felipejimenez/Desktop/AirFlow/.env/lib/python3.9/site-packages/airflow/example_dags/plugins/event_listener.py took 0.031 seconds
[2024-04-14T15:44:02.543-0600] {processor.py:161} INFO - Started process (PID=4208) to work on /Users/felipejimenez/Desktop/AirFlow/.env/lib/python3.9/site-packages/airflow/example_dags/plugins/event_listener.py
[2024-04-14T15:44:02.545-0600] {processor.py:830} INFO - Processing file /Users/felipejimenez/Desktop/AirFlow/.env/lib/python3.9/site-packages/airflow/example_dags/plugins/event_listener.py for tasks to queue
[2024-04-14T15:44:02.545-0600] {logging_mixin.py:188} INFO - [2024-04-14T15:44:02.545-0600] {dagbag.py:540} INFO - Filling up the DagBag from /Users/felipejimenez/Desktop/AirFlow/.env/lib/python3.9/site-packages/airflow/example_dags/plugins/event_listener.py
[2024-04-14T15:44:02.546-0600] {processor.py:842} WARNING - No viable dags retrieved from /Users/felipejimenez/Desktop/AirFlow/.env/lib/python3.9/site-packages/airflow/example_dags/plugins/event_listener.py
[2024-04-14T15:44:02.574-0600] {processor.py:183} INFO - Processing /Users/felipejimenez/Desktop/AirFlow/.env/lib/python3.9/site-packages/airflow/example_dags/plugins/event_listener.py took 0.031 seconds
[2024-04-14T15:44:45.647-0600] {processor.py:161} INFO - Started process (PID=4256) to work on /Users/felipejimenez/Desktop/AirFlow/.env/lib/python3.9/site-packages/airflow/example_dags/plugins/event_listener.py
[2024-04-14T15:44:45.649-0600] {processor.py:830} INFO - Processing file /Users/felipejimenez/Desktop/AirFlow/.env/lib/python3.9/site-packages/airflow/example_dags/plugins/event_listener.py for tasks to queue
[2024-04-14T15:44:45.649-0600] {logging_mixin.py:188} INFO - [2024-04-14T15:44:45.649-0600] {dagbag.py:540} INFO - Filling up the DagBag from /Users/felipejimenez/Desktop/AirFlow/.env/lib/python3.9/site-packages/airflow/example_dags/plugins/event_listener.py
[2024-04-14T15:44:45.650-0600] {processor.py:842} WARNING - No viable dags retrieved from /Users/felipejimenez/Desktop/AirFlow/.env/lib/python3.9/site-packages/airflow/example_dags/plugins/event_listener.py
[2024-04-14T15:44:45.679-0600] {processor.py:183} INFO - Processing /Users/felipejimenez/Desktop/AirFlow/.env/lib/python3.9/site-packages/airflow/example_dags/plugins/event_listener.py took 0.033 seconds
[2024-04-14T15:45:30.990-0600] {processor.py:161} INFO - Started process (PID=4313) to work on /Users/felipejimenez/Desktop/AirFlow/.env/lib/python3.9/site-packages/airflow/example_dags/plugins/event_listener.py
[2024-04-14T15:45:30.991-0600] {processor.py:830} INFO - Processing file /Users/felipejimenez/Desktop/AirFlow/.env/lib/python3.9/site-packages/airflow/example_dags/plugins/event_listener.py for tasks to queue
[2024-04-14T15:45:30.992-0600] {logging_mixin.py:188} INFO - [2024-04-14T15:45:30.991-0600] {dagbag.py:540} INFO - Filling up the DagBag from /Users/felipejimenez/Desktop/AirFlow/.env/lib/python3.9/site-packages/airflow/example_dags/plugins/event_listener.py
[2024-04-14T15:45:30.992-0600] {processor.py:842} WARNING - No viable dags retrieved from /Users/felipejimenez/Desktop/AirFlow/.env/lib/python3.9/site-packages/airflow/example_dags/plugins/event_listener.py
[2024-04-14T15:45:31.019-0600] {processor.py:183} INFO - Processing /Users/felipejimenez/Desktop/AirFlow/.env/lib/python3.9/site-packages/airflow/example_dags/plugins/event_listener.py took 0.031 seconds
[2024-04-14T15:46:11.845-0600] {processor.py:161} INFO - Started process (PID=4362) to work on /Users/felipejimenez/Desktop/AirFlow/.env/lib/python3.9/site-packages/airflow/example_dags/plugins/event_listener.py
[2024-04-14T15:46:11.846-0600] {processor.py:830} INFO - Processing file /Users/felipejimenez/Desktop/AirFlow/.env/lib/python3.9/site-packages/airflow/example_dags/plugins/event_listener.py for tasks to queue
[2024-04-14T15:46:11.846-0600] {logging_mixin.py:188} INFO - [2024-04-14T15:46:11.846-0600] {dagbag.py:540} INFO - Filling up the DagBag from /Users/felipejimenez/Desktop/AirFlow/.env/lib/python3.9/site-packages/airflow/example_dags/plugins/event_listener.py
[2024-04-14T15:46:11.847-0600] {processor.py:842} WARNING - No viable dags retrieved from /Users/felipejimenez/Desktop/AirFlow/.env/lib/python3.9/site-packages/airflow/example_dags/plugins/event_listener.py
[2024-04-14T15:46:11.873-0600] {processor.py:183} INFO - Processing /Users/felipejimenez/Desktop/AirFlow/.env/lib/python3.9/site-packages/airflow/example_dags/plugins/event_listener.py took 0.029 seconds
[2024-04-14T15:46:55.548-0600] {processor.py:161} INFO - Started process (PID=4409) to work on /Users/felipejimenez/Desktop/AirFlow/.env/lib/python3.9/site-packages/airflow/example_dags/plugins/event_listener.py
[2024-04-14T15:46:55.549-0600] {processor.py:830} INFO - Processing file /Users/felipejimenez/Desktop/AirFlow/.env/lib/python3.9/site-packages/airflow/example_dags/plugins/event_listener.py for tasks to queue
[2024-04-14T15:46:55.550-0600] {logging_mixin.py:188} INFO - [2024-04-14T15:46:55.549-0600] {dagbag.py:540} INFO - Filling up the DagBag from /Users/felipejimenez/Desktop/AirFlow/.env/lib/python3.9/site-packages/airflow/example_dags/plugins/event_listener.py
[2024-04-14T15:46:55.550-0600] {processor.py:842} WARNING - No viable dags retrieved from /Users/felipejimenez/Desktop/AirFlow/.env/lib/python3.9/site-packages/airflow/example_dags/plugins/event_listener.py
[2024-04-14T15:46:55.577-0600] {processor.py:183} INFO - Processing /Users/felipejimenez/Desktop/AirFlow/.env/lib/python3.9/site-packages/airflow/example_dags/plugins/event_listener.py took 0.031 seconds
[2024-04-14T15:47:41.783-0600] {processor.py:161} INFO - Started process (PID=4466) to work on /Users/felipejimenez/Desktop/AirFlow/.env/lib/python3.9/site-packages/airflow/example_dags/plugins/event_listener.py
[2024-04-14T15:47:41.784-0600] {processor.py:830} INFO - Processing file /Users/felipejimenez/Desktop/AirFlow/.env/lib/python3.9/site-packages/airflow/example_dags/plugins/event_listener.py for tasks to queue
[2024-04-14T15:47:41.784-0600] {logging_mixin.py:188} INFO - [2024-04-14T15:47:41.784-0600] {dagbag.py:540} INFO - Filling up the DagBag from /Users/felipejimenez/Desktop/AirFlow/.env/lib/python3.9/site-packages/airflow/example_dags/plugins/event_listener.py
[2024-04-14T15:47:41.785-0600] {processor.py:842} WARNING - No viable dags retrieved from /Users/felipejimenez/Desktop/AirFlow/.env/lib/python3.9/site-packages/airflow/example_dags/plugins/event_listener.py
[2024-04-14T15:47:41.813-0600] {processor.py:183} INFO - Processing /Users/felipejimenez/Desktop/AirFlow/.env/lib/python3.9/site-packages/airflow/example_dags/plugins/event_listener.py took 0.031 seconds
[2024-04-14T15:48:27.705-0600] {processor.py:161} INFO - Started process (PID=4576) to work on /Users/felipejimenez/Desktop/AirFlow/.env/lib/python3.9/site-packages/airflow/example_dags/plugins/event_listener.py
[2024-04-14T15:48:27.707-0600] {processor.py:830} INFO - Processing file /Users/felipejimenez/Desktop/AirFlow/.env/lib/python3.9/site-packages/airflow/example_dags/plugins/event_listener.py for tasks to queue
[2024-04-14T15:48:27.707-0600] {logging_mixin.py:188} INFO - [2024-04-14T15:48:27.707-0600] {dagbag.py:540} INFO - Filling up the DagBag from /Users/felipejimenez/Desktop/AirFlow/.env/lib/python3.9/site-packages/airflow/example_dags/plugins/event_listener.py
[2024-04-14T15:48:27.708-0600] {processor.py:842} WARNING - No viable dags retrieved from /Users/felipejimenez/Desktop/AirFlow/.env/lib/python3.9/site-packages/airflow/example_dags/plugins/event_listener.py
[2024-04-14T15:48:27.735-0600] {processor.py:183} INFO - Processing /Users/felipejimenez/Desktop/AirFlow/.env/lib/python3.9/site-packages/airflow/example_dags/plugins/event_listener.py took 0.031 seconds
[2024-04-14T15:49:12.100-0600] {processor.py:161} INFO - Started process (PID=4640) to work on /Users/felipejimenez/Desktop/AirFlow/.env/lib/python3.9/site-packages/airflow/example_dags/plugins/event_listener.py
[2024-04-14T15:49:12.103-0600] {processor.py:830} INFO - Processing file /Users/felipejimenez/Desktop/AirFlow/.env/lib/python3.9/site-packages/airflow/example_dags/plugins/event_listener.py for tasks to queue
[2024-04-14T15:49:12.103-0600] {logging_mixin.py:188} INFO - [2024-04-14T15:49:12.103-0600] {dagbag.py:540} INFO - Filling up the DagBag from /Users/felipejimenez/Desktop/AirFlow/.env/lib/python3.9/site-packages/airflow/example_dags/plugins/event_listener.py
[2024-04-14T15:49:12.103-0600] {processor.py:842} WARNING - No viable dags retrieved from /Users/felipejimenez/Desktop/AirFlow/.env/lib/python3.9/site-packages/airflow/example_dags/plugins/event_listener.py
[2024-04-14T15:49:12.131-0600] {processor.py:183} INFO - Processing /Users/felipejimenez/Desktop/AirFlow/.env/lib/python3.9/site-packages/airflow/example_dags/plugins/event_listener.py took 0.033 seconds
[2024-04-14T15:49:56.106-0600] {processor.py:161} INFO - Started process (PID=4697) to work on /Users/felipejimenez/Desktop/AirFlow/.env/lib/python3.9/site-packages/airflow/example_dags/plugins/event_listener.py
[2024-04-14T15:49:56.108-0600] {processor.py:830} INFO - Processing file /Users/felipejimenez/Desktop/AirFlow/.env/lib/python3.9/site-packages/airflow/example_dags/plugins/event_listener.py for tasks to queue
[2024-04-14T15:49:56.108-0600] {logging_mixin.py:188} INFO - [2024-04-14T15:49:56.108-0600] {dagbag.py:540} INFO - Filling up the DagBag from /Users/felipejimenez/Desktop/AirFlow/.env/lib/python3.9/site-packages/airflow/example_dags/plugins/event_listener.py
[2024-04-14T15:49:56.109-0600] {processor.py:842} WARNING - No viable dags retrieved from /Users/felipejimenez/Desktop/AirFlow/.env/lib/python3.9/site-packages/airflow/example_dags/plugins/event_listener.py
[2024-04-14T15:49:56.137-0600] {processor.py:183} INFO - Processing /Users/felipejimenez/Desktop/AirFlow/.env/lib/python3.9/site-packages/airflow/example_dags/plugins/event_listener.py took 0.032 seconds
[2024-04-14T15:50:39.570-0600] {processor.py:161} INFO - Started process (PID=4744) to work on /Users/felipejimenez/Desktop/AirFlow/.env/lib/python3.9/site-packages/airflow/example_dags/plugins/event_listener.py
[2024-04-14T15:50:39.572-0600] {processor.py:830} INFO - Processing file /Users/felipejimenez/Desktop/AirFlow/.env/lib/python3.9/site-packages/airflow/example_dags/plugins/event_listener.py for tasks to queue
[2024-04-14T15:50:39.572-0600] {logging_mixin.py:188} INFO - [2024-04-14T15:50:39.572-0600] {dagbag.py:540} INFO - Filling up the DagBag from /Users/felipejimenez/Desktop/AirFlow/.env/lib/python3.9/site-packages/airflow/example_dags/plugins/event_listener.py
[2024-04-14T15:50:39.573-0600] {processor.py:842} WARNING - No viable dags retrieved from /Users/felipejimenez/Desktop/AirFlow/.env/lib/python3.9/site-packages/airflow/example_dags/plugins/event_listener.py
[2024-04-14T15:50:39.601-0600] {processor.py:183} INFO - Processing /Users/felipejimenez/Desktop/AirFlow/.env/lib/python3.9/site-packages/airflow/example_dags/plugins/event_listener.py took 0.031 seconds
[2024-04-14T15:51:25.049-0600] {processor.py:161} INFO - Started process (PID=4794) to work on /Users/felipejimenez/Desktop/AirFlow/.env/lib/python3.9/site-packages/airflow/example_dags/plugins/event_listener.py
[2024-04-14T15:51:25.051-0600] {processor.py:830} INFO - Processing file /Users/felipejimenez/Desktop/AirFlow/.env/lib/python3.9/site-packages/airflow/example_dags/plugins/event_listener.py for tasks to queue
[2024-04-14T15:51:25.051-0600] {logging_mixin.py:188} INFO - [2024-04-14T15:51:25.051-0600] {dagbag.py:540} INFO - Filling up the DagBag from /Users/felipejimenez/Desktop/AirFlow/.env/lib/python3.9/site-packages/airflow/example_dags/plugins/event_listener.py
[2024-04-14T15:51:25.052-0600] {processor.py:842} WARNING - No viable dags retrieved from /Users/felipejimenez/Desktop/AirFlow/.env/lib/python3.9/site-packages/airflow/example_dags/plugins/event_listener.py
[2024-04-14T15:51:25.079-0600] {processor.py:183} INFO - Processing /Users/felipejimenez/Desktop/AirFlow/.env/lib/python3.9/site-packages/airflow/example_dags/plugins/event_listener.py took 0.031 seconds
[2024-04-14T15:52:10.656-0600] {processor.py:161} INFO - Started process (PID=4860) to work on /Users/felipejimenez/Desktop/AirFlow/.env/lib/python3.9/site-packages/airflow/example_dags/plugins/event_listener.py
[2024-04-14T15:52:10.658-0600] {processor.py:830} INFO - Processing file /Users/felipejimenez/Desktop/AirFlow/.env/lib/python3.9/site-packages/airflow/example_dags/plugins/event_listener.py for tasks to queue
[2024-04-14T15:52:10.658-0600] {logging_mixin.py:188} INFO - [2024-04-14T15:52:10.658-0600] {dagbag.py:540} INFO - Filling up the DagBag from /Users/felipejimenez/Desktop/AirFlow/.env/lib/python3.9/site-packages/airflow/example_dags/plugins/event_listener.py
[2024-04-14T15:52:10.659-0600] {processor.py:842} WARNING - No viable dags retrieved from /Users/felipejimenez/Desktop/AirFlow/.env/lib/python3.9/site-packages/airflow/example_dags/plugins/event_listener.py
[2024-04-14T15:52:10.686-0600] {processor.py:183} INFO - Processing /Users/felipejimenez/Desktop/AirFlow/.env/lib/python3.9/site-packages/airflow/example_dags/plugins/event_listener.py took 0.030 seconds
[2024-04-14T15:52:52.373-0600] {processor.py:161} INFO - Started process (PID=4952) to work on /Users/felipejimenez/Desktop/AirFlow/.env/lib/python3.9/site-packages/airflow/example_dags/plugins/event_listener.py
[2024-04-14T15:52:52.375-0600] {processor.py:830} INFO - Processing file /Users/felipejimenez/Desktop/AirFlow/.env/lib/python3.9/site-packages/airflow/example_dags/plugins/event_listener.py for tasks to queue
[2024-04-14T15:52:52.375-0600] {logging_mixin.py:188} INFO - [2024-04-14T15:52:52.375-0600] {dagbag.py:540} INFO - Filling up the DagBag from /Users/felipejimenez/Desktop/AirFlow/.env/lib/python3.9/site-packages/airflow/example_dags/plugins/event_listener.py
[2024-04-14T15:52:52.376-0600] {processor.py:842} WARNING - No viable dags retrieved from /Users/felipejimenez/Desktop/AirFlow/.env/lib/python3.9/site-packages/airflow/example_dags/plugins/event_listener.py
[2024-04-14T15:52:52.404-0600] {processor.py:183} INFO - Processing /Users/felipejimenez/Desktop/AirFlow/.env/lib/python3.9/site-packages/airflow/example_dags/plugins/event_listener.py took 0.031 seconds
[2024-04-14T15:53:35.824-0600] {processor.py:161} INFO - Started process (PID=5010) to work on /Users/felipejimenez/Desktop/AirFlow/.env/lib/python3.9/site-packages/airflow/example_dags/plugins/event_listener.py
[2024-04-14T15:53:35.826-0600] {processor.py:830} INFO - Processing file /Users/felipejimenez/Desktop/AirFlow/.env/lib/python3.9/site-packages/airflow/example_dags/plugins/event_listener.py for tasks to queue
[2024-04-14T15:53:35.826-0600] {logging_mixin.py:188} INFO - [2024-04-14T15:53:35.826-0600] {dagbag.py:540} INFO - Filling up the DagBag from /Users/felipejimenez/Desktop/AirFlow/.env/lib/python3.9/site-packages/airflow/example_dags/plugins/event_listener.py
[2024-04-14T15:53:35.826-0600] {processor.py:842} WARNING - No viable dags retrieved from /Users/felipejimenez/Desktop/AirFlow/.env/lib/python3.9/site-packages/airflow/example_dags/plugins/event_listener.py
[2024-04-14T15:53:35.854-0600] {processor.py:183} INFO - Processing /Users/felipejimenez/Desktop/AirFlow/.env/lib/python3.9/site-packages/airflow/example_dags/plugins/event_listener.py took 0.031 seconds
[2024-04-14T15:54:19.401-0600] {processor.py:161} INFO - Started process (PID=5061) to work on /Users/felipejimenez/Desktop/AirFlow/.env/lib/python3.9/site-packages/airflow/example_dags/plugins/event_listener.py
[2024-04-14T15:54:19.402-0600] {processor.py:830} INFO - Processing file /Users/felipejimenez/Desktop/AirFlow/.env/lib/python3.9/site-packages/airflow/example_dags/plugins/event_listener.py for tasks to queue
[2024-04-14T15:54:19.402-0600] {logging_mixin.py:188} INFO - [2024-04-14T15:54:19.402-0600] {dagbag.py:540} INFO - Filling up the DagBag from /Users/felipejimenez/Desktop/AirFlow/.env/lib/python3.9/site-packages/airflow/example_dags/plugins/event_listener.py
[2024-04-14T15:54:19.403-0600] {processor.py:842} WARNING - No viable dags retrieved from /Users/felipejimenez/Desktop/AirFlow/.env/lib/python3.9/site-packages/airflow/example_dags/plugins/event_listener.py
[2024-04-14T15:54:19.431-0600] {processor.py:183} INFO - Processing /Users/felipejimenez/Desktop/AirFlow/.env/lib/python3.9/site-packages/airflow/example_dags/plugins/event_listener.py took 0.031 seconds
[2024-04-14T15:55:43.427-0600] {processor.py:161} INFO - Started process (PID=5173) to work on /Users/felipejimenez/Desktop/AirFlow/.env/lib/python3.9/site-packages/airflow/example_dags/plugins/event_listener.py
[2024-04-14T15:55:43.428-0600] {processor.py:830} INFO - Processing file /Users/felipejimenez/Desktop/AirFlow/.env/lib/python3.9/site-packages/airflow/example_dags/plugins/event_listener.py for tasks to queue
[2024-04-14T15:55:43.429-0600] {logging_mixin.py:188} INFO - [2024-04-14T15:55:43.429-0600] {dagbag.py:540} INFO - Filling up the DagBag from /Users/felipejimenez/Desktop/AirFlow/.env/lib/python3.9/site-packages/airflow/example_dags/plugins/event_listener.py
[2024-04-14T15:55:43.429-0600] {processor.py:842} WARNING - No viable dags retrieved from /Users/felipejimenez/Desktop/AirFlow/.env/lib/python3.9/site-packages/airflow/example_dags/plugins/event_listener.py
[2024-04-14T15:55:43.456-0600] {processor.py:183} INFO - Processing /Users/felipejimenez/Desktop/AirFlow/.env/lib/python3.9/site-packages/airflow/example_dags/plugins/event_listener.py took 0.031 seconds
[2024-04-14T15:56:56.498-0600] {processor.py:161} INFO - Started process (PID=5284) to work on /Users/felipejimenez/Desktop/AirFlow/.env/lib/python3.9/site-packages/airflow/example_dags/plugins/event_listener.py
[2024-04-14T15:56:56.499-0600] {processor.py:830} INFO - Processing file /Users/felipejimenez/Desktop/AirFlow/.env/lib/python3.9/site-packages/airflow/example_dags/plugins/event_listener.py for tasks to queue
[2024-04-14T15:56:56.499-0600] {logging_mixin.py:188} INFO - [2024-04-14T15:56:56.499-0600] {dagbag.py:540} INFO - Filling up the DagBag from /Users/felipejimenez/Desktop/AirFlow/.env/lib/python3.9/site-packages/airflow/example_dags/plugins/event_listener.py
[2024-04-14T15:56:56.500-0600] {processor.py:842} WARNING - No viable dags retrieved from /Users/felipejimenez/Desktop/AirFlow/.env/lib/python3.9/site-packages/airflow/example_dags/plugins/event_listener.py
[2024-04-14T15:56:56.527-0600] {processor.py:183} INFO - Processing /Users/felipejimenez/Desktop/AirFlow/.env/lib/python3.9/site-packages/airflow/example_dags/plugins/event_listener.py took 0.031 seconds
[2024-04-14T15:57:39.091-0600] {processor.py:161} INFO - Started process (PID=5346) to work on /Users/felipejimenez/Desktop/AirFlow/.env/lib/python3.9/site-packages/airflow/example_dags/plugins/event_listener.py
[2024-04-14T15:57:39.093-0600] {processor.py:830} INFO - Processing file /Users/felipejimenez/Desktop/AirFlow/.env/lib/python3.9/site-packages/airflow/example_dags/plugins/event_listener.py for tasks to queue
[2024-04-14T15:57:39.093-0600] {logging_mixin.py:188} INFO - [2024-04-14T15:57:39.093-0600] {dagbag.py:540} INFO - Filling up the DagBag from /Users/felipejimenez/Desktop/AirFlow/.env/lib/python3.9/site-packages/airflow/example_dags/plugins/event_listener.py
[2024-04-14T15:57:39.093-0600] {processor.py:842} WARNING - No viable dags retrieved from /Users/felipejimenez/Desktop/AirFlow/.env/lib/python3.9/site-packages/airflow/example_dags/plugins/event_listener.py
[2024-04-14T15:57:39.121-0600] {processor.py:183} INFO - Processing /Users/felipejimenez/Desktop/AirFlow/.env/lib/python3.9/site-packages/airflow/example_dags/plugins/event_listener.py took 0.031 seconds
[2024-04-14T15:58:22.514-0600] {processor.py:161} INFO - Started process (PID=5428) to work on /Users/felipejimenez/Desktop/AirFlow/.env/lib/python3.9/site-packages/airflow/example_dags/plugins/event_listener.py
[2024-04-14T15:58:22.516-0600] {processor.py:830} INFO - Processing file /Users/felipejimenez/Desktop/AirFlow/.env/lib/python3.9/site-packages/airflow/example_dags/plugins/event_listener.py for tasks to queue
[2024-04-14T15:58:22.516-0600] {logging_mixin.py:188} INFO - [2024-04-14T15:58:22.516-0600] {dagbag.py:540} INFO - Filling up the DagBag from /Users/felipejimenez/Desktop/AirFlow/.env/lib/python3.9/site-packages/airflow/example_dags/plugins/event_listener.py
[2024-04-14T15:58:22.516-0600] {processor.py:842} WARNING - No viable dags retrieved from /Users/felipejimenez/Desktop/AirFlow/.env/lib/python3.9/site-packages/airflow/example_dags/plugins/event_listener.py
[2024-04-14T15:58:22.546-0600] {processor.py:183} INFO - Processing /Users/felipejimenez/Desktop/AirFlow/.env/lib/python3.9/site-packages/airflow/example_dags/plugins/event_listener.py took 0.033 seconds
[2024-04-14T15:59:09.160-0600] {processor.py:161} INFO - Started process (PID=5488) to work on /Users/felipejimenez/Desktop/AirFlow/.env/lib/python3.9/site-packages/airflow/example_dags/plugins/event_listener.py
[2024-04-14T15:59:09.161-0600] {processor.py:830} INFO - Processing file /Users/felipejimenez/Desktop/AirFlow/.env/lib/python3.9/site-packages/airflow/example_dags/plugins/event_listener.py for tasks to queue
[2024-04-14T15:59:09.161-0600] {logging_mixin.py:188} INFO - [2024-04-14T15:59:09.161-0600] {dagbag.py:540} INFO - Filling up the DagBag from /Users/felipejimenez/Desktop/AirFlow/.env/lib/python3.9/site-packages/airflow/example_dags/plugins/event_listener.py
[2024-04-14T15:59:09.162-0600] {processor.py:842} WARNING - No viable dags retrieved from /Users/felipejimenez/Desktop/AirFlow/.env/lib/python3.9/site-packages/airflow/example_dags/plugins/event_listener.py
[2024-04-14T15:59:09.188-0600] {processor.py:183} INFO - Processing /Users/felipejimenez/Desktop/AirFlow/.env/lib/python3.9/site-packages/airflow/example_dags/plugins/event_listener.py took 0.030 seconds
[2024-04-14T15:59:53.017-0600] {processor.py:161} INFO - Started process (PID=5539) to work on /Users/felipejimenez/Desktop/AirFlow/.env/lib/python3.9/site-packages/airflow/example_dags/plugins/event_listener.py
[2024-04-14T15:59:53.019-0600] {processor.py:830} INFO - Processing file /Users/felipejimenez/Desktop/AirFlow/.env/lib/python3.9/site-packages/airflow/example_dags/plugins/event_listener.py for tasks to queue
[2024-04-14T15:59:53.019-0600] {logging_mixin.py:188} INFO - [2024-04-14T15:59:53.019-0600] {dagbag.py:540} INFO - Filling up the DagBag from /Users/felipejimenez/Desktop/AirFlow/.env/lib/python3.9/site-packages/airflow/example_dags/plugins/event_listener.py
[2024-04-14T15:59:53.020-0600] {processor.py:842} WARNING - No viable dags retrieved from /Users/felipejimenez/Desktop/AirFlow/.env/lib/python3.9/site-packages/airflow/example_dags/plugins/event_listener.py
[2024-04-14T15:59:53.048-0600] {processor.py:183} INFO - Processing /Users/felipejimenez/Desktop/AirFlow/.env/lib/python3.9/site-packages/airflow/example_dags/plugins/event_listener.py took 0.032 seconds
[2024-04-14T16:00:36.519-0600] {processor.py:161} INFO - Started process (PID=5588) to work on /Users/felipejimenez/Desktop/AirFlow/.env/lib/python3.9/site-packages/airflow/example_dags/plugins/event_listener.py
[2024-04-14T16:00:36.521-0600] {processor.py:830} INFO - Processing file /Users/felipejimenez/Desktop/AirFlow/.env/lib/python3.9/site-packages/airflow/example_dags/plugins/event_listener.py for tasks to queue
[2024-04-14T16:00:36.521-0600] {logging_mixin.py:188} INFO - [2024-04-14T16:00:36.521-0600] {dagbag.py:540} INFO - Filling up the DagBag from /Users/felipejimenez/Desktop/AirFlow/.env/lib/python3.9/site-packages/airflow/example_dags/plugins/event_listener.py
[2024-04-14T16:00:36.521-0600] {processor.py:842} WARNING - No viable dags retrieved from /Users/felipejimenez/Desktop/AirFlow/.env/lib/python3.9/site-packages/airflow/example_dags/plugins/event_listener.py
[2024-04-14T16:00:36.549-0600] {processor.py:183} INFO - Processing /Users/felipejimenez/Desktop/AirFlow/.env/lib/python3.9/site-packages/airflow/example_dags/plugins/event_listener.py took 0.032 seconds
[2024-04-14T16:01:19.393-0600] {processor.py:161} INFO - Started process (PID=5636) to work on /Users/felipejimenez/Desktop/AirFlow/.env/lib/python3.9/site-packages/airflow/example_dags/plugins/event_listener.py
[2024-04-14T16:01:19.395-0600] {processor.py:830} INFO - Processing file /Users/felipejimenez/Desktop/AirFlow/.env/lib/python3.9/site-packages/airflow/example_dags/plugins/event_listener.py for tasks to queue
[2024-04-14T16:01:19.395-0600] {logging_mixin.py:188} INFO - [2024-04-14T16:01:19.395-0600] {dagbag.py:540} INFO - Filling up the DagBag from /Users/felipejimenez/Desktop/AirFlow/.env/lib/python3.9/site-packages/airflow/example_dags/plugins/event_listener.py
[2024-04-14T16:01:19.396-0600] {processor.py:842} WARNING - No viable dags retrieved from /Users/felipejimenez/Desktop/AirFlow/.env/lib/python3.9/site-packages/airflow/example_dags/plugins/event_listener.py
[2024-04-14T16:01:19.423-0600] {processor.py:183} INFO - Processing /Users/felipejimenez/Desktop/AirFlow/.env/lib/python3.9/site-packages/airflow/example_dags/plugins/event_listener.py took 0.031 seconds
[2024-04-14T16:02:01.810-0600] {processor.py:161} INFO - Started process (PID=5685) to work on /Users/felipejimenez/Desktop/AirFlow/.env/lib/python3.9/site-packages/airflow/example_dags/plugins/event_listener.py
[2024-04-14T16:02:01.812-0600] {processor.py:830} INFO - Processing file /Users/felipejimenez/Desktop/AirFlow/.env/lib/python3.9/site-packages/airflow/example_dags/plugins/event_listener.py for tasks to queue
[2024-04-14T16:02:01.812-0600] {logging_mixin.py:188} INFO - [2024-04-14T16:02:01.812-0600] {dagbag.py:540} INFO - Filling up the DagBag from /Users/felipejimenez/Desktop/AirFlow/.env/lib/python3.9/site-packages/airflow/example_dags/plugins/event_listener.py
[2024-04-14T16:02:01.812-0600] {processor.py:842} WARNING - No viable dags retrieved from /Users/felipejimenez/Desktop/AirFlow/.env/lib/python3.9/site-packages/airflow/example_dags/plugins/event_listener.py
[2024-04-14T16:02:01.842-0600] {processor.py:183} INFO - Processing /Users/felipejimenez/Desktop/AirFlow/.env/lib/python3.9/site-packages/airflow/example_dags/plugins/event_listener.py took 0.033 seconds
[2024-04-14T16:03:41.557-0600] {processor.py:161} INFO - Started process (PID=5837) to work on /Users/felipejimenez/Desktop/AirFlow/.env/lib/python3.9/site-packages/airflow/example_dags/plugins/event_listener.py
[2024-04-14T16:03:41.558-0600] {processor.py:830} INFO - Processing file /Users/felipejimenez/Desktop/AirFlow/.env/lib/python3.9/site-packages/airflow/example_dags/plugins/event_listener.py for tasks to queue
[2024-04-14T16:03:41.558-0600] {logging_mixin.py:188} INFO - [2024-04-14T16:03:41.558-0600] {dagbag.py:540} INFO - Filling up the DagBag from /Users/felipejimenez/Desktop/AirFlow/.env/lib/python3.9/site-packages/airflow/example_dags/plugins/event_listener.py
[2024-04-14T16:03:41.558-0600] {processor.py:842} WARNING - No viable dags retrieved from /Users/felipejimenez/Desktop/AirFlow/.env/lib/python3.9/site-packages/airflow/example_dags/plugins/event_listener.py
[2024-04-14T16:03:41.585-0600] {processor.py:183} INFO - Processing /Users/felipejimenez/Desktop/AirFlow/.env/lib/python3.9/site-packages/airflow/example_dags/plugins/event_listener.py took 0.029 seconds
[2024-04-14T16:04:54.677-0600] {processor.py:161} INFO - Started process (PID=5971) to work on /Users/felipejimenez/Desktop/AirFlow/.env/lib/python3.9/site-packages/airflow/example_dags/plugins/event_listener.py
[2024-04-14T16:04:54.679-0600] {processor.py:830} INFO - Processing file /Users/felipejimenez/Desktop/AirFlow/.env/lib/python3.9/site-packages/airflow/example_dags/plugins/event_listener.py for tasks to queue
[2024-04-14T16:04:54.679-0600] {logging_mixin.py:188} INFO - [2024-04-14T16:04:54.679-0600] {dagbag.py:540} INFO - Filling up the DagBag from /Users/felipejimenez/Desktop/AirFlow/.env/lib/python3.9/site-packages/airflow/example_dags/plugins/event_listener.py
[2024-04-14T16:04:54.679-0600] {processor.py:842} WARNING - No viable dags retrieved from /Users/felipejimenez/Desktop/AirFlow/.env/lib/python3.9/site-packages/airflow/example_dags/plugins/event_listener.py
[2024-04-14T16:04:54.707-0600] {processor.py:183} INFO - Processing /Users/felipejimenez/Desktop/AirFlow/.env/lib/python3.9/site-packages/airflow/example_dags/plugins/event_listener.py took 0.030 seconds
[2024-04-14T16:05:41.207-0600] {processor.py:161} INFO - Started process (PID=6061) to work on /Users/felipejimenez/Desktop/AirFlow/.env/lib/python3.9/site-packages/airflow/example_dags/plugins/event_listener.py
[2024-04-14T16:05:41.209-0600] {processor.py:830} INFO - Processing file /Users/felipejimenez/Desktop/AirFlow/.env/lib/python3.9/site-packages/airflow/example_dags/plugins/event_listener.py for tasks to queue
[2024-04-14T16:05:41.209-0600] {logging_mixin.py:188} INFO - [2024-04-14T16:05:41.209-0600] {dagbag.py:540} INFO - Filling up the DagBag from /Users/felipejimenez/Desktop/AirFlow/.env/lib/python3.9/site-packages/airflow/example_dags/plugins/event_listener.py
[2024-04-14T16:05:41.209-0600] {processor.py:842} WARNING - No viable dags retrieved from /Users/felipejimenez/Desktop/AirFlow/.env/lib/python3.9/site-packages/airflow/example_dags/plugins/event_listener.py
[2024-04-14T16:05:41.237-0600] {processor.py:183} INFO - Processing /Users/felipejimenez/Desktop/AirFlow/.env/lib/python3.9/site-packages/airflow/example_dags/plugins/event_listener.py took 0.031 seconds
[2024-04-14T16:06:27.065-0600] {processor.py:161} INFO - Started process (PID=6148) to work on /Users/felipejimenez/Desktop/AirFlow/.env/lib/python3.9/site-packages/airflow/example_dags/plugins/event_listener.py
[2024-04-14T16:06:27.066-0600] {processor.py:830} INFO - Processing file /Users/felipejimenez/Desktop/AirFlow/.env/lib/python3.9/site-packages/airflow/example_dags/plugins/event_listener.py for tasks to queue
[2024-04-14T16:06:27.066-0600] {logging_mixin.py:188} INFO - [2024-04-14T16:06:27.066-0600] {dagbag.py:540} INFO - Filling up the DagBag from /Users/felipejimenez/Desktop/AirFlow/.env/lib/python3.9/site-packages/airflow/example_dags/plugins/event_listener.py
[2024-04-14T16:06:27.067-0600] {processor.py:842} WARNING - No viable dags retrieved from /Users/felipejimenez/Desktop/AirFlow/.env/lib/python3.9/site-packages/airflow/example_dags/plugins/event_listener.py
[2024-04-14T16:06:27.095-0600] {processor.py:183} INFO - Processing /Users/felipejimenez/Desktop/AirFlow/.env/lib/python3.9/site-packages/airflow/example_dags/plugins/event_listener.py took 0.032 seconds
