[2024-04-14T15:42:00.519-0600] {processor.py:161} INFO - Started process (PID=4058) to work on /Users/felipejimenez/Desktop/AirFlow/.env/lib/python3.9/site-packages/airflow/example_dags/plugins/listener_plugin.py
[2024-04-14T15:42:00.520-0600] {processor.py:830} INFO - Processing file /Users/felipejimenez/Desktop/AirFlow/.env/lib/python3.9/site-packages/airflow/example_dags/plugins/listener_plugin.py for tasks to queue
[2024-04-14T15:42:00.520-0600] {logging_mixin.py:188} INFO - [2024-04-14T15:42:00.520-0600] {dagbag.py:540} INFO - Filling up the DagBag from /Users/felipejimenez/Desktop/AirFlow/.env/lib/python3.9/site-packages/airflow/example_dags/plugins/listener_plugin.py
[2024-04-14T15:42:00.521-0600] {processor.py:842} WARNING - No viable dags retrieved from /Users/felipejimenez/Desktop/AirFlow/.env/lib/python3.9/site-packages/airflow/example_dags/plugins/listener_plugin.py
[2024-04-14T15:42:00.548-0600] {processor.py:183} INFO - Processing /Users/felipejimenez/Desktop/AirFlow/.env/lib/python3.9/site-packages/airflow/example_dags/plugins/listener_plugin.py took 0.030 seconds
[2024-04-14T15:43:17.701-0600] {processor.py:161} INFO - Started process (PID=4154) to work on /Users/felipejimenez/Desktop/AirFlow/.env/lib/python3.9/site-packages/airflow/example_dags/plugins/listener_plugin.py
[2024-04-14T15:43:17.702-0600] {processor.py:830} INFO - Processing file /Users/felipejimenez/Desktop/AirFlow/.env/lib/python3.9/site-packages/airflow/example_dags/plugins/listener_plugin.py for tasks to queue
[2024-04-14T15:43:17.703-0600] {logging_mixin.py:188} INFO - [2024-04-14T15:43:17.702-0600] {dagbag.py:540} INFO - Filling up the DagBag from /Users/felipejimenez/Desktop/AirFlow/.env/lib/python3.9/site-packages/airflow/example_dags/plugins/listener_plugin.py
[2024-04-14T15:43:17.704-0600] {processor.py:842} WARNING - No viable dags retrieved from /Users/felipejimenez/Desktop/AirFlow/.env/lib/python3.9/site-packages/airflow/example_dags/plugins/listener_plugin.py
[2024-04-14T15:43:17.732-0600] {processor.py:183} INFO - Processing /Users/felipejimenez/Desktop/AirFlow/.env/lib/python3.9/site-packages/airflow/example_dags/plugins/listener_plugin.py took 0.032 seconds
[2024-04-14T15:44:00.951-0600] {processor.py:161} INFO - Started process (PID=4206) to work on /Users/felipejimenez/Desktop/AirFlow/.env/lib/python3.9/site-packages/airflow/example_dags/plugins/listener_plugin.py
[2024-04-14T15:44:00.953-0600] {processor.py:830} INFO - Processing file /Users/felipejimenez/Desktop/AirFlow/.env/lib/python3.9/site-packages/airflow/example_dags/plugins/listener_plugin.py for tasks to queue
[2024-04-14T15:44:00.953-0600] {logging_mixin.py:188} INFO - [2024-04-14T15:44:00.953-0600] {dagbag.py:540} INFO - Filling up the DagBag from /Users/felipejimenez/Desktop/AirFlow/.env/lib/python3.9/site-packages/airflow/example_dags/plugins/listener_plugin.py
[2024-04-14T15:44:00.954-0600] {processor.py:842} WARNING - No viable dags retrieved from /Users/felipejimenez/Desktop/AirFlow/.env/lib/python3.9/site-packages/airflow/example_dags/plugins/listener_plugin.py
[2024-04-14T15:44:00.982-0600] {processor.py:183} INFO - Processing /Users/felipejimenez/Desktop/AirFlow/.env/lib/python3.9/site-packages/airflow/example_dags/plugins/listener_plugin.py took 0.032 seconds
[2024-04-14T15:44:44.775-0600] {processor.py:161} INFO - Started process (PID=4253) to work on /Users/felipejimenez/Desktop/AirFlow/.env/lib/python3.9/site-packages/airflow/example_dags/plugins/listener_plugin.py
[2024-04-14T15:44:44.776-0600] {processor.py:830} INFO - Processing file /Users/felipejimenez/Desktop/AirFlow/.env/lib/python3.9/site-packages/airflow/example_dags/plugins/listener_plugin.py for tasks to queue
[2024-04-14T15:44:44.776-0600] {logging_mixin.py:188} INFO - [2024-04-14T15:44:44.776-0600] {dagbag.py:540} INFO - Filling up the DagBag from /Users/felipejimenez/Desktop/AirFlow/.env/lib/python3.9/site-packages/airflow/example_dags/plugins/listener_plugin.py
[2024-04-14T15:44:44.778-0600] {processor.py:842} WARNING - No viable dags retrieved from /Users/felipejimenez/Desktop/AirFlow/.env/lib/python3.9/site-packages/airflow/example_dags/plugins/listener_plugin.py
[2024-04-14T15:44:44.805-0600] {processor.py:183} INFO - Processing /Users/felipejimenez/Desktop/AirFlow/.env/lib/python3.9/site-packages/airflow/example_dags/plugins/listener_plugin.py took 0.031 seconds
[2024-04-14T15:45:29.399-0600] {processor.py:161} INFO - Started process (PID=4310) to work on /Users/felipejimenez/Desktop/AirFlow/.env/lib/python3.9/site-packages/airflow/example_dags/plugins/listener_plugin.py
[2024-04-14T15:45:29.401-0600] {processor.py:830} INFO - Processing file /Users/felipejimenez/Desktop/AirFlow/.env/lib/python3.9/site-packages/airflow/example_dags/plugins/listener_plugin.py for tasks to queue
[2024-04-14T15:45:29.401-0600] {logging_mixin.py:188} INFO - [2024-04-14T15:45:29.401-0600] {dagbag.py:540} INFO - Filling up the DagBag from /Users/felipejimenez/Desktop/AirFlow/.env/lib/python3.9/site-packages/airflow/example_dags/plugins/listener_plugin.py
[2024-04-14T15:45:29.402-0600] {processor.py:842} WARNING - No viable dags retrieved from /Users/felipejimenez/Desktop/AirFlow/.env/lib/python3.9/site-packages/airflow/example_dags/plugins/listener_plugin.py
[2024-04-14T15:45:29.430-0600] {processor.py:183} INFO - Processing /Users/felipejimenez/Desktop/AirFlow/.env/lib/python3.9/site-packages/airflow/example_dags/plugins/listener_plugin.py took 0.032 seconds
[2024-04-14T15:46:10.259-0600] {processor.py:161} INFO - Started process (PID=4359) to work on /Users/felipejimenez/Desktop/AirFlow/.env/lib/python3.9/site-packages/airflow/example_dags/plugins/listener_plugin.py
[2024-04-14T15:46:10.260-0600] {processor.py:830} INFO - Processing file /Users/felipejimenez/Desktop/AirFlow/.env/lib/python3.9/site-packages/airflow/example_dags/plugins/listener_plugin.py for tasks to queue
[2024-04-14T15:46:10.260-0600] {logging_mixin.py:188} INFO - [2024-04-14T15:46:10.260-0600] {dagbag.py:540} INFO - Filling up the DagBag from /Users/felipejimenez/Desktop/AirFlow/.env/lib/python3.9/site-packages/airflow/example_dags/plugins/listener_plugin.py
[2024-04-14T15:46:10.261-0600] {processor.py:842} WARNING - No viable dags retrieved from /Users/felipejimenez/Desktop/AirFlow/.env/lib/python3.9/site-packages/airflow/example_dags/plugins/listener_plugin.py
[2024-04-14T15:46:10.288-0600] {processor.py:183} INFO - Processing /Users/felipejimenez/Desktop/AirFlow/.env/lib/python3.9/site-packages/airflow/example_dags/plugins/listener_plugin.py took 0.029 seconds
[2024-04-14T15:46:54.009-0600] {processor.py:161} INFO - Started process (PID=4408) to work on /Users/felipejimenez/Desktop/AirFlow/.env/lib/python3.9/site-packages/airflow/example_dags/plugins/listener_plugin.py
[2024-04-14T15:46:54.011-0600] {processor.py:830} INFO - Processing file /Users/felipejimenez/Desktop/AirFlow/.env/lib/python3.9/site-packages/airflow/example_dags/plugins/listener_plugin.py for tasks to queue
[2024-04-14T15:46:54.011-0600] {logging_mixin.py:188} INFO - [2024-04-14T15:46:54.011-0600] {dagbag.py:540} INFO - Filling up the DagBag from /Users/felipejimenez/Desktop/AirFlow/.env/lib/python3.9/site-packages/airflow/example_dags/plugins/listener_plugin.py
[2024-04-14T15:46:54.012-0600] {processor.py:842} WARNING - No viable dags retrieved from /Users/felipejimenez/Desktop/AirFlow/.env/lib/python3.9/site-packages/airflow/example_dags/plugins/listener_plugin.py
[2024-04-14T15:46:54.040-0600] {processor.py:183} INFO - Processing /Users/felipejimenez/Desktop/AirFlow/.env/lib/python3.9/site-packages/airflow/example_dags/plugins/listener_plugin.py took 0.032 seconds
[2024-04-14T15:47:41.020-0600] {processor.py:161} INFO - Started process (PID=4465) to work on /Users/felipejimenez/Desktop/AirFlow/.env/lib/python3.9/site-packages/airflow/example_dags/plugins/listener_plugin.py
[2024-04-14T15:47:41.021-0600] {processor.py:830} INFO - Processing file /Users/felipejimenez/Desktop/AirFlow/.env/lib/python3.9/site-packages/airflow/example_dags/plugins/listener_plugin.py for tasks to queue
[2024-04-14T15:47:41.021-0600] {logging_mixin.py:188} INFO - [2024-04-14T15:47:41.021-0600] {dagbag.py:540} INFO - Filling up the DagBag from /Users/felipejimenez/Desktop/AirFlow/.env/lib/python3.9/site-packages/airflow/example_dags/plugins/listener_plugin.py
[2024-04-14T15:47:41.023-0600] {processor.py:842} WARNING - No viable dags retrieved from /Users/felipejimenez/Desktop/AirFlow/.env/lib/python3.9/site-packages/airflow/example_dags/plugins/listener_plugin.py
[2024-04-14T15:47:41.053-0600] {processor.py:183} INFO - Processing /Users/felipejimenez/Desktop/AirFlow/.env/lib/python3.9/site-packages/airflow/example_dags/plugins/listener_plugin.py took 0.034 seconds
[2024-04-14T15:48:26.121-0600] {processor.py:161} INFO - Started process (PID=4564) to work on /Users/felipejimenez/Desktop/AirFlow/.env/lib/python3.9/site-packages/airflow/example_dags/plugins/listener_plugin.py
[2024-04-14T15:48:26.122-0600] {processor.py:830} INFO - Processing file /Users/felipejimenez/Desktop/AirFlow/.env/lib/python3.9/site-packages/airflow/example_dags/plugins/listener_plugin.py for tasks to queue
[2024-04-14T15:48:26.122-0600] {logging_mixin.py:188} INFO - [2024-04-14T15:48:26.122-0600] {dagbag.py:540} INFO - Filling up the DagBag from /Users/felipejimenez/Desktop/AirFlow/.env/lib/python3.9/site-packages/airflow/example_dags/plugins/listener_plugin.py
[2024-04-14T15:48:26.125-0600] {processor.py:842} WARNING - No viable dags retrieved from /Users/felipejimenez/Desktop/AirFlow/.env/lib/python3.9/site-packages/airflow/example_dags/plugins/listener_plugin.py
[2024-04-14T15:48:26.152-0600] {processor.py:183} INFO - Processing /Users/felipejimenez/Desktop/AirFlow/.env/lib/python3.9/site-packages/airflow/example_dags/plugins/listener_plugin.py took 0.033 seconds
[2024-04-14T15:49:10.518-0600] {processor.py:161} INFO - Started process (PID=4636) to work on /Users/felipejimenez/Desktop/AirFlow/.env/lib/python3.9/site-packages/airflow/example_dags/plugins/listener_plugin.py
[2024-04-14T15:49:10.520-0600] {processor.py:830} INFO - Processing file /Users/felipejimenez/Desktop/AirFlow/.env/lib/python3.9/site-packages/airflow/example_dags/plugins/listener_plugin.py for tasks to queue
[2024-04-14T15:49:10.520-0600] {logging_mixin.py:188} INFO - [2024-04-14T15:49:10.520-0600] {dagbag.py:540} INFO - Filling up the DagBag from /Users/felipejimenez/Desktop/AirFlow/.env/lib/python3.9/site-packages/airflow/example_dags/plugins/listener_plugin.py
[2024-04-14T15:49:10.523-0600] {processor.py:842} WARNING - No viable dags retrieved from /Users/felipejimenez/Desktop/AirFlow/.env/lib/python3.9/site-packages/airflow/example_dags/plugins/listener_plugin.py
[2024-04-14T15:49:10.550-0600] {processor.py:183} INFO - Processing /Users/felipejimenez/Desktop/AirFlow/.env/lib/python3.9/site-packages/airflow/example_dags/plugins/listener_plugin.py took 0.033 seconds
[2024-04-14T15:49:55.086-0600] {processor.py:161} INFO - Started process (PID=4694) to work on /Users/felipejimenez/Desktop/AirFlow/.env/lib/python3.9/site-packages/airflow/example_dags/plugins/listener_plugin.py
[2024-04-14T15:49:55.087-0600] {processor.py:830} INFO - Processing file /Users/felipejimenez/Desktop/AirFlow/.env/lib/python3.9/site-packages/airflow/example_dags/plugins/listener_plugin.py for tasks to queue
[2024-04-14T15:49:55.088-0600] {logging_mixin.py:188} INFO - [2024-04-14T15:49:55.088-0600] {dagbag.py:540} INFO - Filling up the DagBag from /Users/felipejimenez/Desktop/AirFlow/.env/lib/python3.9/site-packages/airflow/example_dags/plugins/listener_plugin.py
[2024-04-14T15:49:55.090-0600] {processor.py:842} WARNING - No viable dags retrieved from /Users/felipejimenez/Desktop/AirFlow/.env/lib/python3.9/site-packages/airflow/example_dags/plugins/listener_plugin.py
[2024-04-14T15:49:55.119-0600] {processor.py:183} INFO - Processing /Users/felipejimenez/Desktop/AirFlow/.env/lib/python3.9/site-packages/airflow/example_dags/plugins/listener_plugin.py took 0.034 seconds
[2024-04-14T15:50:38.881-0600] {processor.py:161} INFO - Started process (PID=4743) to work on /Users/felipejimenez/Desktop/AirFlow/.env/lib/python3.9/site-packages/airflow/example_dags/plugins/listener_plugin.py
[2024-04-14T15:50:38.883-0600] {processor.py:830} INFO - Processing file /Users/felipejimenez/Desktop/AirFlow/.env/lib/python3.9/site-packages/airflow/example_dags/plugins/listener_plugin.py for tasks to queue
[2024-04-14T15:50:38.883-0600] {logging_mixin.py:188} INFO - [2024-04-14T15:50:38.883-0600] {dagbag.py:540} INFO - Filling up the DagBag from /Users/felipejimenez/Desktop/AirFlow/.env/lib/python3.9/site-packages/airflow/example_dags/plugins/listener_plugin.py
[2024-04-14T15:50:38.884-0600] {processor.py:842} WARNING - No viable dags retrieved from /Users/felipejimenez/Desktop/AirFlow/.env/lib/python3.9/site-packages/airflow/example_dags/plugins/listener_plugin.py
[2024-04-14T15:50:38.912-0600] {processor.py:183} INFO - Processing /Users/felipejimenez/Desktop/AirFlow/.env/lib/python3.9/site-packages/airflow/example_dags/plugins/listener_plugin.py took 0.032 seconds
[2024-04-14T15:51:23.416-0600] {processor.py:161} INFO - Started process (PID=4793) to work on /Users/felipejimenez/Desktop/AirFlow/.env/lib/python3.9/site-packages/airflow/example_dags/plugins/listener_plugin.py
[2024-04-14T15:51:23.418-0600] {processor.py:830} INFO - Processing file /Users/felipejimenez/Desktop/AirFlow/.env/lib/python3.9/site-packages/airflow/example_dags/plugins/listener_plugin.py for tasks to queue
[2024-04-14T15:51:23.418-0600] {logging_mixin.py:188} INFO - [2024-04-14T15:51:23.418-0600] {dagbag.py:540} INFO - Filling up the DagBag from /Users/felipejimenez/Desktop/AirFlow/.env/lib/python3.9/site-packages/airflow/example_dags/plugins/listener_plugin.py
[2024-04-14T15:51:23.421-0600] {processor.py:842} WARNING - No viable dags retrieved from /Users/felipejimenez/Desktop/AirFlow/.env/lib/python3.9/site-packages/airflow/example_dags/plugins/listener_plugin.py
[2024-04-14T15:51:23.449-0600] {processor.py:183} INFO - Processing /Users/felipejimenez/Desktop/AirFlow/.env/lib/python3.9/site-packages/airflow/example_dags/plugins/listener_plugin.py took 0.034 seconds
[2024-04-14T15:52:09.050-0600] {processor.py:161} INFO - Started process (PID=4859) to work on /Users/felipejimenez/Desktop/AirFlow/.env/lib/python3.9/site-packages/airflow/example_dags/plugins/listener_plugin.py
[2024-04-14T15:52:09.052-0600] {processor.py:830} INFO - Processing file /Users/felipejimenez/Desktop/AirFlow/.env/lib/python3.9/site-packages/airflow/example_dags/plugins/listener_plugin.py for tasks to queue
[2024-04-14T15:52:09.052-0600] {logging_mixin.py:188} INFO - [2024-04-14T15:52:09.052-0600] {dagbag.py:540} INFO - Filling up the DagBag from /Users/felipejimenez/Desktop/AirFlow/.env/lib/python3.9/site-packages/airflow/example_dags/plugins/listener_plugin.py
[2024-04-14T15:52:09.053-0600] {processor.py:842} WARNING - No viable dags retrieved from /Users/felipejimenez/Desktop/AirFlow/.env/lib/python3.9/site-packages/airflow/example_dags/plugins/listener_plugin.py
[2024-04-14T15:52:09.081-0600] {processor.py:183} INFO - Processing /Users/felipejimenez/Desktop/AirFlow/.env/lib/python3.9/site-packages/airflow/example_dags/plugins/listener_plugin.py took 0.031 seconds
[2024-04-14T15:52:51.633-0600] {processor.py:161} INFO - Started process (PID=4951) to work on /Users/felipejimenez/Desktop/AirFlow/.env/lib/python3.9/site-packages/airflow/example_dags/plugins/listener_plugin.py
[2024-04-14T15:52:51.635-0600] {processor.py:830} INFO - Processing file /Users/felipejimenez/Desktop/AirFlow/.env/lib/python3.9/site-packages/airflow/example_dags/plugins/listener_plugin.py for tasks to queue
[2024-04-14T15:52:51.635-0600] {logging_mixin.py:188} INFO - [2024-04-14T15:52:51.635-0600] {dagbag.py:540} INFO - Filling up the DagBag from /Users/felipejimenez/Desktop/AirFlow/.env/lib/python3.9/site-packages/airflow/example_dags/plugins/listener_plugin.py
[2024-04-14T15:52:51.638-0600] {processor.py:842} WARNING - No viable dags retrieved from /Users/felipejimenez/Desktop/AirFlow/.env/lib/python3.9/site-packages/airflow/example_dags/plugins/listener_plugin.py
[2024-04-14T15:52:51.665-0600] {processor.py:183} INFO - Processing /Users/felipejimenez/Desktop/AirFlow/.env/lib/python3.9/site-packages/airflow/example_dags/plugins/listener_plugin.py took 0.033 seconds
[2024-04-14T15:53:34.240-0600] {processor.py:161} INFO - Started process (PID=5009) to work on /Users/felipejimenez/Desktop/AirFlow/.env/lib/python3.9/site-packages/airflow/example_dags/plugins/listener_plugin.py
[2024-04-14T15:53:34.242-0600] {processor.py:830} INFO - Processing file /Users/felipejimenez/Desktop/AirFlow/.env/lib/python3.9/site-packages/airflow/example_dags/plugins/listener_plugin.py for tasks to queue
[2024-04-14T15:53:34.242-0600] {logging_mixin.py:188} INFO - [2024-04-14T15:53:34.242-0600] {dagbag.py:540} INFO - Filling up the DagBag from /Users/felipejimenez/Desktop/AirFlow/.env/lib/python3.9/site-packages/airflow/example_dags/plugins/listener_plugin.py
[2024-04-14T15:53:34.244-0600] {processor.py:842} WARNING - No viable dags retrieved from /Users/felipejimenez/Desktop/AirFlow/.env/lib/python3.9/site-packages/airflow/example_dags/plugins/listener_plugin.py
[2024-04-14T15:53:34.271-0600] {processor.py:183} INFO - Processing /Users/felipejimenez/Desktop/AirFlow/.env/lib/python3.9/site-packages/airflow/example_dags/plugins/listener_plugin.py took 0.031 seconds
[2024-04-14T15:54:17.795-0600] {processor.py:161} INFO - Started process (PID=5060) to work on /Users/felipejimenez/Desktop/AirFlow/.env/lib/python3.9/site-packages/airflow/example_dags/plugins/listener_plugin.py
[2024-04-14T15:54:17.796-0600] {processor.py:830} INFO - Processing file /Users/felipejimenez/Desktop/AirFlow/.env/lib/python3.9/site-packages/airflow/example_dags/plugins/listener_plugin.py for tasks to queue
[2024-04-14T15:54:17.797-0600] {logging_mixin.py:188} INFO - [2024-04-14T15:54:17.797-0600] {dagbag.py:540} INFO - Filling up the DagBag from /Users/felipejimenez/Desktop/AirFlow/.env/lib/python3.9/site-packages/airflow/example_dags/plugins/listener_plugin.py
[2024-04-14T15:54:17.798-0600] {processor.py:842} WARNING - No viable dags retrieved from /Users/felipejimenez/Desktop/AirFlow/.env/lib/python3.9/site-packages/airflow/example_dags/plugins/listener_plugin.py
[2024-04-14T15:54:17.825-0600] {processor.py:183} INFO - Processing /Users/felipejimenez/Desktop/AirFlow/.env/lib/python3.9/site-packages/airflow/example_dags/plugins/listener_plugin.py took 0.031 seconds
[2024-04-14T15:55:41.808-0600] {processor.py:161} INFO - Started process (PID=5168) to work on /Users/felipejimenez/Desktop/AirFlow/.env/lib/python3.9/site-packages/airflow/example_dags/plugins/listener_plugin.py
[2024-04-14T15:55:41.810-0600] {processor.py:830} INFO - Processing file /Users/felipejimenez/Desktop/AirFlow/.env/lib/python3.9/site-packages/airflow/example_dags/plugins/listener_plugin.py for tasks to queue
[2024-04-14T15:55:41.810-0600] {logging_mixin.py:188} INFO - [2024-04-14T15:55:41.810-0600] {dagbag.py:540} INFO - Filling up the DagBag from /Users/felipejimenez/Desktop/AirFlow/.env/lib/python3.9/site-packages/airflow/example_dags/plugins/listener_plugin.py
[2024-04-14T15:55:41.811-0600] {processor.py:842} WARNING - No viable dags retrieved from /Users/felipejimenez/Desktop/AirFlow/.env/lib/python3.9/site-packages/airflow/example_dags/plugins/listener_plugin.py
[2024-04-14T15:55:41.840-0600] {processor.py:183} INFO - Processing /Users/felipejimenez/Desktop/AirFlow/.env/lib/python3.9/site-packages/airflow/example_dags/plugins/listener_plugin.py took 0.032 seconds
[2024-04-14T15:56:54.949-0600] {processor.py:161} INFO - Started process (PID=5281) to work on /Users/felipejimenez/Desktop/AirFlow/.env/lib/python3.9/site-packages/airflow/example_dags/plugins/listener_plugin.py
[2024-04-14T15:56:54.951-0600] {processor.py:830} INFO - Processing file /Users/felipejimenez/Desktop/AirFlow/.env/lib/python3.9/site-packages/airflow/example_dags/plugins/listener_plugin.py for tasks to queue
[2024-04-14T15:56:54.951-0600] {logging_mixin.py:188} INFO - [2024-04-14T15:56:54.951-0600] {dagbag.py:540} INFO - Filling up the DagBag from /Users/felipejimenez/Desktop/AirFlow/.env/lib/python3.9/site-packages/airflow/example_dags/plugins/listener_plugin.py
[2024-04-14T15:56:54.952-0600] {processor.py:842} WARNING - No viable dags retrieved from /Users/felipejimenez/Desktop/AirFlow/.env/lib/python3.9/site-packages/airflow/example_dags/plugins/listener_plugin.py
[2024-04-14T15:56:54.980-0600] {processor.py:183} INFO - Processing /Users/felipejimenez/Desktop/AirFlow/.env/lib/python3.9/site-packages/airflow/example_dags/plugins/listener_plugin.py took 0.032 seconds
[2024-04-14T15:57:37.507-0600] {processor.py:161} INFO - Started process (PID=5345) to work on /Users/felipejimenez/Desktop/AirFlow/.env/lib/python3.9/site-packages/airflow/example_dags/plugins/listener_plugin.py
[2024-04-14T15:57:37.509-0600] {processor.py:830} INFO - Processing file /Users/felipejimenez/Desktop/AirFlow/.env/lib/python3.9/site-packages/airflow/example_dags/plugins/listener_plugin.py for tasks to queue
[2024-04-14T15:57:37.509-0600] {logging_mixin.py:188} INFO - [2024-04-14T15:57:37.509-0600] {dagbag.py:540} INFO - Filling up the DagBag from /Users/felipejimenez/Desktop/AirFlow/.env/lib/python3.9/site-packages/airflow/example_dags/plugins/listener_plugin.py
[2024-04-14T15:57:37.510-0600] {processor.py:842} WARNING - No viable dags retrieved from /Users/felipejimenez/Desktop/AirFlow/.env/lib/python3.9/site-packages/airflow/example_dags/plugins/listener_plugin.py
[2024-04-14T15:57:37.539-0600] {processor.py:183} INFO - Processing /Users/felipejimenez/Desktop/AirFlow/.env/lib/python3.9/site-packages/airflow/example_dags/plugins/listener_plugin.py took 0.033 seconds
[2024-04-14T15:58:20.259-0600] {processor.py:161} INFO - Started process (PID=5419) to work on /Users/felipejimenez/Desktop/AirFlow/.env/lib/python3.9/site-packages/airflow/example_dags/plugins/listener_plugin.py
[2024-04-14T15:58:20.261-0600] {processor.py:830} INFO - Processing file /Users/felipejimenez/Desktop/AirFlow/.env/lib/python3.9/site-packages/airflow/example_dags/plugins/listener_plugin.py for tasks to queue
[2024-04-14T15:58:20.261-0600] {logging_mixin.py:188} INFO - [2024-04-14T15:58:20.261-0600] {dagbag.py:540} INFO - Filling up the DagBag from /Users/felipejimenez/Desktop/AirFlow/.env/lib/python3.9/site-packages/airflow/example_dags/plugins/listener_plugin.py
[2024-04-14T15:58:20.262-0600] {processor.py:842} WARNING - No viable dags retrieved from /Users/felipejimenez/Desktop/AirFlow/.env/lib/python3.9/site-packages/airflow/example_dags/plugins/listener_plugin.py
[2024-04-14T15:58:20.289-0600] {processor.py:183} INFO - Processing /Users/felipejimenez/Desktop/AirFlow/.env/lib/python3.9/site-packages/airflow/example_dags/plugins/listener_plugin.py took 0.031 seconds
[2024-04-14T15:59:07.579-0600] {processor.py:161} INFO - Started process (PID=5487) to work on /Users/felipejimenez/Desktop/AirFlow/.env/lib/python3.9/site-packages/airflow/example_dags/plugins/listener_plugin.py
[2024-04-14T15:59:07.580-0600] {processor.py:830} INFO - Processing file /Users/felipejimenez/Desktop/AirFlow/.env/lib/python3.9/site-packages/airflow/example_dags/plugins/listener_plugin.py for tasks to queue
[2024-04-14T15:59:07.581-0600] {logging_mixin.py:188} INFO - [2024-04-14T15:59:07.581-0600] {dagbag.py:540} INFO - Filling up the DagBag from /Users/felipejimenez/Desktop/AirFlow/.env/lib/python3.9/site-packages/airflow/example_dags/plugins/listener_plugin.py
[2024-04-14T15:59:07.583-0600] {processor.py:842} WARNING - No viable dags retrieved from /Users/felipejimenez/Desktop/AirFlow/.env/lib/python3.9/site-packages/airflow/example_dags/plugins/listener_plugin.py
[2024-04-14T15:59:07.611-0600] {processor.py:183} INFO - Processing /Users/felipejimenez/Desktop/AirFlow/.env/lib/python3.9/site-packages/airflow/example_dags/plugins/listener_plugin.py took 0.033 seconds
[2024-04-14T15:59:51.448-0600] {processor.py:161} INFO - Started process (PID=5538) to work on /Users/felipejimenez/Desktop/AirFlow/.env/lib/python3.9/site-packages/airflow/example_dags/plugins/listener_plugin.py
[2024-04-14T15:59:51.449-0600] {processor.py:830} INFO - Processing file /Users/felipejimenez/Desktop/AirFlow/.env/lib/python3.9/site-packages/airflow/example_dags/plugins/listener_plugin.py for tasks to queue
[2024-04-14T15:59:51.449-0600] {logging_mixin.py:188} INFO - [2024-04-14T15:59:51.449-0600] {dagbag.py:540} INFO - Filling up the DagBag from /Users/felipejimenez/Desktop/AirFlow/.env/lib/python3.9/site-packages/airflow/example_dags/plugins/listener_plugin.py
[2024-04-14T15:59:51.450-0600] {processor.py:842} WARNING - No viable dags retrieved from /Users/felipejimenez/Desktop/AirFlow/.env/lib/python3.9/site-packages/airflow/example_dags/plugins/listener_plugin.py
[2024-04-14T15:59:51.477-0600] {processor.py:183} INFO - Processing /Users/felipejimenez/Desktop/AirFlow/.env/lib/python3.9/site-packages/airflow/example_dags/plugins/listener_plugin.py took 0.031 seconds
[2024-04-14T16:00:34.947-0600] {processor.py:161} INFO - Started process (PID=5585) to work on /Users/felipejimenez/Desktop/AirFlow/.env/lib/python3.9/site-packages/airflow/example_dags/plugins/listener_plugin.py
[2024-04-14T16:00:34.949-0600] {processor.py:830} INFO - Processing file /Users/felipejimenez/Desktop/AirFlow/.env/lib/python3.9/site-packages/airflow/example_dags/plugins/listener_plugin.py for tasks to queue
[2024-04-14T16:00:34.949-0600] {logging_mixin.py:188} INFO - [2024-04-14T16:00:34.949-0600] {dagbag.py:540} INFO - Filling up the DagBag from /Users/felipejimenez/Desktop/AirFlow/.env/lib/python3.9/site-packages/airflow/example_dags/plugins/listener_plugin.py
[2024-04-14T16:00:34.952-0600] {processor.py:842} WARNING - No viable dags retrieved from /Users/felipejimenez/Desktop/AirFlow/.env/lib/python3.9/site-packages/airflow/example_dags/plugins/listener_plugin.py
[2024-04-14T16:00:34.979-0600] {processor.py:183} INFO - Processing /Users/felipejimenez/Desktop/AirFlow/.env/lib/python3.9/site-packages/airflow/example_dags/plugins/listener_plugin.py took 0.033 seconds
[2024-04-14T16:01:18.598-0600] {processor.py:161} INFO - Started process (PID=5635) to work on /Users/felipejimenez/Desktop/AirFlow/.env/lib/python3.9/site-packages/airflow/example_dags/plugins/listener_plugin.py
[2024-04-14T16:01:18.599-0600] {processor.py:830} INFO - Processing file /Users/felipejimenez/Desktop/AirFlow/.env/lib/python3.9/site-packages/airflow/example_dags/plugins/listener_plugin.py for tasks to queue
[2024-04-14T16:01:18.600-0600] {logging_mixin.py:188} INFO - [2024-04-14T16:01:18.599-0600] {dagbag.py:540} INFO - Filling up the DagBag from /Users/felipejimenez/Desktop/AirFlow/.env/lib/python3.9/site-packages/airflow/example_dags/plugins/listener_plugin.py
[2024-04-14T16:01:18.601-0600] {processor.py:842} WARNING - No viable dags retrieved from /Users/felipejimenez/Desktop/AirFlow/.env/lib/python3.9/site-packages/airflow/example_dags/plugins/listener_plugin.py
[2024-04-14T16:01:18.628-0600] {processor.py:183} INFO - Processing /Users/felipejimenez/Desktop/AirFlow/.env/lib/python3.9/site-packages/airflow/example_dags/plugins/listener_plugin.py took 0.032 seconds
[2024-04-14T16:02:00.522-0600] {processor.py:161} INFO - Started process (PID=5682) to work on /Users/felipejimenez/Desktop/AirFlow/.env/lib/python3.9/site-packages/airflow/example_dags/plugins/listener_plugin.py
[2024-04-14T16:02:00.524-0600] {processor.py:830} INFO - Processing file /Users/felipejimenez/Desktop/AirFlow/.env/lib/python3.9/site-packages/airflow/example_dags/plugins/listener_plugin.py for tasks to queue
[2024-04-14T16:02:00.524-0600] {logging_mixin.py:188} INFO - [2024-04-14T16:02:00.524-0600] {dagbag.py:540} INFO - Filling up the DagBag from /Users/felipejimenez/Desktop/AirFlow/.env/lib/python3.9/site-packages/airflow/example_dags/plugins/listener_plugin.py
[2024-04-14T16:02:00.526-0600] {processor.py:842} WARNING - No viable dags retrieved from /Users/felipejimenez/Desktop/AirFlow/.env/lib/python3.9/site-packages/airflow/example_dags/plugins/listener_plugin.py
[2024-04-14T16:02:00.553-0600] {processor.py:183} INFO - Processing /Users/felipejimenez/Desktop/AirFlow/.env/lib/python3.9/site-packages/airflow/example_dags/plugins/listener_plugin.py took 0.032 seconds
[2024-04-14T16:03:39.915-0600] {processor.py:161} INFO - Started process (PID=5832) to work on /Users/felipejimenez/Desktop/AirFlow/.env/lib/python3.9/site-packages/airflow/example_dags/plugins/listener_plugin.py
[2024-04-14T16:03:39.916-0600] {processor.py:830} INFO - Processing file /Users/felipejimenez/Desktop/AirFlow/.env/lib/python3.9/site-packages/airflow/example_dags/plugins/listener_plugin.py for tasks to queue
[2024-04-14T16:03:39.917-0600] {logging_mixin.py:188} INFO - [2024-04-14T16:03:39.916-0600] {dagbag.py:540} INFO - Filling up the DagBag from /Users/felipejimenez/Desktop/AirFlow/.env/lib/python3.9/site-packages/airflow/example_dags/plugins/listener_plugin.py
[2024-04-14T16:03:39.917-0600] {processor.py:842} WARNING - No viable dags retrieved from /Users/felipejimenez/Desktop/AirFlow/.env/lib/python3.9/site-packages/airflow/example_dags/plugins/listener_plugin.py
[2024-04-14T16:03:39.946-0600] {processor.py:183} INFO - Processing /Users/felipejimenez/Desktop/AirFlow/.env/lib/python3.9/site-packages/airflow/example_dags/plugins/listener_plugin.py took 0.032 seconds
[2024-04-14T16:04:53.066-0600] {processor.py:161} INFO - Started process (PID=5970) to work on /Users/felipejimenez/Desktop/AirFlow/.env/lib/python3.9/site-packages/airflow/example_dags/plugins/listener_plugin.py
[2024-04-14T16:04:53.068-0600] {processor.py:830} INFO - Processing file /Users/felipejimenez/Desktop/AirFlow/.env/lib/python3.9/site-packages/airflow/example_dags/plugins/listener_plugin.py for tasks to queue
[2024-04-14T16:04:53.068-0600] {logging_mixin.py:188} INFO - [2024-04-14T16:04:53.068-0600] {dagbag.py:540} INFO - Filling up the DagBag from /Users/felipejimenez/Desktop/AirFlow/.env/lib/python3.9/site-packages/airflow/example_dags/plugins/listener_plugin.py
[2024-04-14T16:04:53.071-0600] {processor.py:842} WARNING - No viable dags retrieved from /Users/felipejimenez/Desktop/AirFlow/.env/lib/python3.9/site-packages/airflow/example_dags/plugins/listener_plugin.py
[2024-04-14T16:04:53.098-0600] {processor.py:183} INFO - Processing /Users/felipejimenez/Desktop/AirFlow/.env/lib/python3.9/site-packages/airflow/example_dags/plugins/listener_plugin.py took 0.032 seconds
[2024-04-14T16:05:39.792-0600] {processor.py:161} INFO - Started process (PID=6056) to work on /Users/felipejimenez/Desktop/AirFlow/.env/lib/python3.9/site-packages/airflow/example_dags/plugins/listener_plugin.py
[2024-04-14T16:05:39.793-0600] {processor.py:830} INFO - Processing file /Users/felipejimenez/Desktop/AirFlow/.env/lib/python3.9/site-packages/airflow/example_dags/plugins/listener_plugin.py for tasks to queue
[2024-04-14T16:05:39.794-0600] {logging_mixin.py:188} INFO - [2024-04-14T16:05:39.794-0600] {dagbag.py:540} INFO - Filling up the DagBag from /Users/felipejimenez/Desktop/AirFlow/.env/lib/python3.9/site-packages/airflow/example_dags/plugins/listener_plugin.py
[2024-04-14T16:05:39.794-0600] {processor.py:842} WARNING - No viable dags retrieved from /Users/felipejimenez/Desktop/AirFlow/.env/lib/python3.9/site-packages/airflow/example_dags/plugins/listener_plugin.py
[2024-04-14T16:05:39.822-0600] {processor.py:183} INFO - Processing /Users/felipejimenez/Desktop/AirFlow/.env/lib/python3.9/site-packages/airflow/example_dags/plugins/listener_plugin.py took 0.031 seconds
[2024-04-14T16:06:25.422-0600] {processor.py:161} INFO - Started process (PID=6147) to work on /Users/felipejimenez/Desktop/AirFlow/.env/lib/python3.9/site-packages/airflow/example_dags/plugins/listener_plugin.py
[2024-04-14T16:06:25.423-0600] {processor.py:830} INFO - Processing file /Users/felipejimenez/Desktop/AirFlow/.env/lib/python3.9/site-packages/airflow/example_dags/plugins/listener_plugin.py for tasks to queue
[2024-04-14T16:06:25.424-0600] {logging_mixin.py:188} INFO - [2024-04-14T16:06:25.423-0600] {dagbag.py:540} INFO - Filling up the DagBag from /Users/felipejimenez/Desktop/AirFlow/.env/lib/python3.9/site-packages/airflow/example_dags/plugins/listener_plugin.py
[2024-04-14T16:06:25.425-0600] {processor.py:842} WARNING - No viable dags retrieved from /Users/felipejimenez/Desktop/AirFlow/.env/lib/python3.9/site-packages/airflow/example_dags/plugins/listener_plugin.py
[2024-04-14T16:06:25.455-0600] {processor.py:183} INFO - Processing /Users/felipejimenez/Desktop/AirFlow/.env/lib/python3.9/site-packages/airflow/example_dags/plugins/listener_plugin.py took 0.034 seconds
