[2024-04-14T15:41:59.306-0600] {processor.py:161} INFO - Started process (PID=4055) to work on /Users/felipejimenez/Desktop/AirFlow/.env/lib/python3.9/site-packages/airflow/example_dags/plugins/workday.py
[2024-04-14T15:41:59.307-0600] {processor.py:830} INFO - Processing file /Users/felipejimenez/Desktop/AirFlow/.env/lib/python3.9/site-packages/airflow/example_dags/plugins/workday.py for tasks to queue
[2024-04-14T15:41:59.307-0600] {logging_mixin.py:188} INFO - [2024-04-14T15:41:59.307-0600] {dagbag.py:540} INFO - Filling up the DagBag from /Users/felipejimenez/Desktop/AirFlow/.env/lib/python3.9/site-packages/airflow/example_dags/plugins/workday.py
[2024-04-14T15:41:59.309-0600] {logging_mixin.py:188} INFO - [2024-04-14T15:41:59.309-0600] {workday.py:41} WARNING - Could not import pandas. Holidays will not be considered.
[2024-04-14T15:41:59.309-0600] {processor.py:842} WARNING - No viable dags retrieved from /Users/felipejimenez/Desktop/AirFlow/.env/lib/python3.9/site-packages/airflow/example_dags/plugins/workday.py
[2024-04-14T15:41:59.336-0600] {processor.py:183} INFO - Processing /Users/felipejimenez/Desktop/AirFlow/.env/lib/python3.9/site-packages/airflow/example_dags/plugins/workday.py took 0.031 seconds
[2024-04-14T15:43:16.064-0600] {processor.py:161} INFO - Started process (PID=4153) to work on /Users/felipejimenez/Desktop/AirFlow/.env/lib/python3.9/site-packages/airflow/example_dags/plugins/workday.py
[2024-04-14T15:43:16.066-0600] {processor.py:830} INFO - Processing file /Users/felipejimenez/Desktop/AirFlow/.env/lib/python3.9/site-packages/airflow/example_dags/plugins/workday.py for tasks to queue
[2024-04-14T15:43:16.066-0600] {logging_mixin.py:188} INFO - [2024-04-14T15:43:16.066-0600] {dagbag.py:540} INFO - Filling up the DagBag from /Users/felipejimenez/Desktop/AirFlow/.env/lib/python3.9/site-packages/airflow/example_dags/plugins/workday.py
[2024-04-14T15:43:16.067-0600] {logging_mixin.py:188} INFO - [2024-04-14T15:43:16.067-0600] {workday.py:41} WARNING - Could not import pandas. Holidays will not be considered.
[2024-04-14T15:43:16.067-0600] {processor.py:842} WARNING - No viable dags retrieved from /Users/felipejimenez/Desktop/AirFlow/.env/lib/python3.9/site-packages/airflow/example_dags/plugins/workday.py
[2024-04-14T15:43:16.096-0600] {processor.py:183} INFO - Processing /Users/felipejimenez/Desktop/AirFlow/.env/lib/python3.9/site-packages/airflow/example_dags/plugins/workday.py took 0.032 seconds
[2024-04-14T15:43:59.391-0600] {processor.py:161} INFO - Started process (PID=4203) to work on /Users/felipejimenez/Desktop/AirFlow/.env/lib/python3.9/site-packages/airflow/example_dags/plugins/workday.py
[2024-04-14T15:43:59.392-0600] {processor.py:830} INFO - Processing file /Users/felipejimenez/Desktop/AirFlow/.env/lib/python3.9/site-packages/airflow/example_dags/plugins/workday.py for tasks to queue
[2024-04-14T15:43:59.392-0600] {logging_mixin.py:188} INFO - [2024-04-14T15:43:59.392-0600] {dagbag.py:540} INFO - Filling up the DagBag from /Users/felipejimenez/Desktop/AirFlow/.env/lib/python3.9/site-packages/airflow/example_dags/plugins/workday.py
[2024-04-14T15:43:59.393-0600] {logging_mixin.py:188} INFO - [2024-04-14T15:43:59.393-0600] {workday.py:41} WARNING - Could not import pandas. Holidays will not be considered.
[2024-04-14T15:43:59.393-0600] {processor.py:842} WARNING - No viable dags retrieved from /Users/felipejimenez/Desktop/AirFlow/.env/lib/python3.9/site-packages/airflow/example_dags/plugins/workday.py
[2024-04-14T15:43:59.420-0600] {processor.py:183} INFO - Processing /Users/felipejimenez/Desktop/AirFlow/.env/lib/python3.9/site-packages/airflow/example_dags/plugins/workday.py took 0.030 seconds
[2024-04-14T15:44:43.407-0600] {processor.py:161} INFO - Started process (PID=4252) to work on /Users/felipejimenez/Desktop/AirFlow/.env/lib/python3.9/site-packages/airflow/example_dags/plugins/workday.py
[2024-04-14T15:44:43.409-0600] {processor.py:830} INFO - Processing file /Users/felipejimenez/Desktop/AirFlow/.env/lib/python3.9/site-packages/airflow/example_dags/plugins/workday.py for tasks to queue
[2024-04-14T15:44:43.409-0600] {logging_mixin.py:188} INFO - [2024-04-14T15:44:43.409-0600] {dagbag.py:540} INFO - Filling up the DagBag from /Users/felipejimenez/Desktop/AirFlow/.env/lib/python3.9/site-packages/airflow/example_dags/plugins/workday.py
[2024-04-14T15:44:43.410-0600] {logging_mixin.py:188} INFO - [2024-04-14T15:44:43.410-0600] {workday.py:41} WARNING - Could not import pandas. Holidays will not be considered.
[2024-04-14T15:44:43.410-0600] {processor.py:842} WARNING - No viable dags retrieved from /Users/felipejimenez/Desktop/AirFlow/.env/lib/python3.9/site-packages/airflow/example_dags/plugins/workday.py
[2024-04-14T15:44:43.437-0600] {processor.py:183} INFO - Processing /Users/felipejimenez/Desktop/AirFlow/.env/lib/python3.9/site-packages/airflow/example_dags/plugins/workday.py took 0.030 seconds
[2024-04-14T15:45:28.580-0600] {processor.py:161} INFO - Started process (PID=4309) to work on /Users/felipejimenez/Desktop/AirFlow/.env/lib/python3.9/site-packages/airflow/example_dags/plugins/workday.py
[2024-04-14T15:45:28.582-0600] {processor.py:830} INFO - Processing file /Users/felipejimenez/Desktop/AirFlow/.env/lib/python3.9/site-packages/airflow/example_dags/plugins/workday.py for tasks to queue
[2024-04-14T15:45:28.582-0600] {logging_mixin.py:188} INFO - [2024-04-14T15:45:28.582-0600] {dagbag.py:540} INFO - Filling up the DagBag from /Users/felipejimenez/Desktop/AirFlow/.env/lib/python3.9/site-packages/airflow/example_dags/plugins/workday.py
[2024-04-14T15:45:28.582-0600] {logging_mixin.py:188} INFO - [2024-04-14T15:45:28.582-0600] {workday.py:41} WARNING - Could not import pandas. Holidays will not be considered.
[2024-04-14T15:45:28.583-0600] {processor.py:842} WARNING - No viable dags retrieved from /Users/felipejimenez/Desktop/AirFlow/.env/lib/python3.9/site-packages/airflow/example_dags/plugins/workday.py
[2024-04-14T15:45:28.609-0600] {processor.py:183} INFO - Processing /Users/felipejimenez/Desktop/AirFlow/.env/lib/python3.9/site-packages/airflow/example_dags/plugins/workday.py took 0.031 seconds
[2024-04-14T15:46:08.670-0600] {processor.py:161} INFO - Started process (PID=4358) to work on /Users/felipejimenez/Desktop/AirFlow/.env/lib/python3.9/site-packages/airflow/example_dags/plugins/workday.py
[2024-04-14T15:46:08.671-0600] {processor.py:830} INFO - Processing file /Users/felipejimenez/Desktop/AirFlow/.env/lib/python3.9/site-packages/airflow/example_dags/plugins/workday.py for tasks to queue
[2024-04-14T15:46:08.671-0600] {logging_mixin.py:188} INFO - [2024-04-14T15:46:08.671-0600] {dagbag.py:540} INFO - Filling up the DagBag from /Users/felipejimenez/Desktop/AirFlow/.env/lib/python3.9/site-packages/airflow/example_dags/plugins/workday.py
[2024-04-14T15:46:08.671-0600] {logging_mixin.py:188} INFO - [2024-04-14T15:46:08.671-0600] {workday.py:41} WARNING - Could not import pandas. Holidays will not be considered.
[2024-04-14T15:46:08.671-0600] {processor.py:842} WARNING - No viable dags retrieved from /Users/felipejimenez/Desktop/AirFlow/.env/lib/python3.9/site-packages/airflow/example_dags/plugins/workday.py
[2024-04-14T15:46:08.698-0600] {processor.py:183} INFO - Processing /Users/felipejimenez/Desktop/AirFlow/.env/lib/python3.9/site-packages/airflow/example_dags/plugins/workday.py took 0.030 seconds
[2024-04-14T15:46:52.415-0600] {processor.py:161} INFO - Started process (PID=4407) to work on /Users/felipejimenez/Desktop/AirFlow/.env/lib/python3.9/site-packages/airflow/example_dags/plugins/workday.py
[2024-04-14T15:46:52.417-0600] {processor.py:830} INFO - Processing file /Users/felipejimenez/Desktop/AirFlow/.env/lib/python3.9/site-packages/airflow/example_dags/plugins/workday.py for tasks to queue
[2024-04-14T15:46:52.417-0600] {logging_mixin.py:188} INFO - [2024-04-14T15:46:52.417-0600] {dagbag.py:540} INFO - Filling up the DagBag from /Users/felipejimenez/Desktop/AirFlow/.env/lib/python3.9/site-packages/airflow/example_dags/plugins/workday.py
[2024-04-14T15:46:52.418-0600] {logging_mixin.py:188} INFO - [2024-04-14T15:46:52.418-0600] {workday.py:41} WARNING - Could not import pandas. Holidays will not be considered.
[2024-04-14T15:46:52.418-0600] {processor.py:842} WARNING - No viable dags retrieved from /Users/felipejimenez/Desktop/AirFlow/.env/lib/python3.9/site-packages/airflow/example_dags/plugins/workday.py
[2024-04-14T15:46:52.446-0600] {processor.py:183} INFO - Processing /Users/felipejimenez/Desktop/AirFlow/.env/lib/python3.9/site-packages/airflow/example_dags/plugins/workday.py took 0.031 seconds
[2024-04-14T15:47:39.379-0600] {processor.py:161} INFO - Started process (PID=4462) to work on /Users/felipejimenez/Desktop/AirFlow/.env/lib/python3.9/site-packages/airflow/example_dags/plugins/workday.py
[2024-04-14T15:47:39.380-0600] {processor.py:830} INFO - Processing file /Users/felipejimenez/Desktop/AirFlow/.env/lib/python3.9/site-packages/airflow/example_dags/plugins/workday.py for tasks to queue
[2024-04-14T15:47:39.381-0600] {logging_mixin.py:188} INFO - [2024-04-14T15:47:39.381-0600] {dagbag.py:540} INFO - Filling up the DagBag from /Users/felipejimenez/Desktop/AirFlow/.env/lib/python3.9/site-packages/airflow/example_dags/plugins/workday.py
[2024-04-14T15:47:39.381-0600] {logging_mixin.py:188} INFO - [2024-04-14T15:47:39.381-0600] {workday.py:41} WARNING - Could not import pandas. Holidays will not be considered.
[2024-04-14T15:47:39.381-0600] {processor.py:842} WARNING - No viable dags retrieved from /Users/felipejimenez/Desktop/AirFlow/.env/lib/python3.9/site-packages/airflow/example_dags/plugins/workday.py
[2024-04-14T15:47:39.409-0600] {processor.py:183} INFO - Processing /Users/felipejimenez/Desktop/AirFlow/.env/lib/python3.9/site-packages/airflow/example_dags/plugins/workday.py took 0.031 seconds
[2024-04-14T15:48:24.548-0600] {processor.py:161} INFO - Started process (PID=4561) to work on /Users/felipejimenez/Desktop/AirFlow/.env/lib/python3.9/site-packages/airflow/example_dags/plugins/workday.py
[2024-04-14T15:48:24.550-0600] {processor.py:830} INFO - Processing file /Users/felipejimenez/Desktop/AirFlow/.env/lib/python3.9/site-packages/airflow/example_dags/plugins/workday.py for tasks to queue
[2024-04-14T15:48:24.550-0600] {logging_mixin.py:188} INFO - [2024-04-14T15:48:24.550-0600] {dagbag.py:540} INFO - Filling up the DagBag from /Users/felipejimenez/Desktop/AirFlow/.env/lib/python3.9/site-packages/airflow/example_dags/plugins/workday.py
[2024-04-14T15:48:24.551-0600] {logging_mixin.py:188} INFO - [2024-04-14T15:48:24.551-0600] {workday.py:41} WARNING - Could not import pandas. Holidays will not be considered.
[2024-04-14T15:48:24.551-0600] {processor.py:842} WARNING - No viable dags retrieved from /Users/felipejimenez/Desktop/AirFlow/.env/lib/python3.9/site-packages/airflow/example_dags/plugins/workday.py
[2024-04-14T15:48:24.579-0600] {processor.py:183} INFO - Processing /Users/felipejimenez/Desktop/AirFlow/.env/lib/python3.9/site-packages/airflow/example_dags/plugins/workday.py took 0.032 seconds
[2024-04-14T15:49:09.298-0600] {processor.py:161} INFO - Started process (PID=4627) to work on /Users/felipejimenez/Desktop/AirFlow/.env/lib/python3.9/site-packages/airflow/example_dags/plugins/workday.py
[2024-04-14T15:49:09.299-0600] {processor.py:830} INFO - Processing file /Users/felipejimenez/Desktop/AirFlow/.env/lib/python3.9/site-packages/airflow/example_dags/plugins/workday.py for tasks to queue
[2024-04-14T15:49:09.299-0600] {logging_mixin.py:188} INFO - [2024-04-14T15:49:09.299-0600] {dagbag.py:540} INFO - Filling up the DagBag from /Users/felipejimenez/Desktop/AirFlow/.env/lib/python3.9/site-packages/airflow/example_dags/plugins/workday.py
[2024-04-14T15:49:09.300-0600] {logging_mixin.py:188} INFO - [2024-04-14T15:49:09.300-0600] {workday.py:41} WARNING - Could not import pandas. Holidays will not be considered.
[2024-04-14T15:49:09.300-0600] {processor.py:842} WARNING - No viable dags retrieved from /Users/felipejimenez/Desktop/AirFlow/.env/lib/python3.9/site-packages/airflow/example_dags/plugins/workday.py
[2024-04-14T15:49:09.328-0600] {processor.py:183} INFO - Processing /Users/felipejimenez/Desktop/AirFlow/.env/lib/python3.9/site-packages/airflow/example_dags/plugins/workday.py took 0.031 seconds
[2024-04-14T15:49:54.384-0600] {processor.py:161} INFO - Started process (PID=4693) to work on /Users/felipejimenez/Desktop/AirFlow/.env/lib/python3.9/site-packages/airflow/example_dags/plugins/workday.py
[2024-04-14T15:49:54.386-0600] {processor.py:830} INFO - Processing file /Users/felipejimenez/Desktop/AirFlow/.env/lib/python3.9/site-packages/airflow/example_dags/plugins/workday.py for tasks to queue
[2024-04-14T15:49:54.386-0600] {logging_mixin.py:188} INFO - [2024-04-14T15:49:54.386-0600] {dagbag.py:540} INFO - Filling up the DagBag from /Users/felipejimenez/Desktop/AirFlow/.env/lib/python3.9/site-packages/airflow/example_dags/plugins/workday.py
[2024-04-14T15:49:54.387-0600] {logging_mixin.py:188} INFO - [2024-04-14T15:49:54.386-0600] {workday.py:41} WARNING - Could not import pandas. Holidays will not be considered.
[2024-04-14T15:49:54.387-0600] {processor.py:842} WARNING - No viable dags retrieved from /Users/felipejimenez/Desktop/AirFlow/.env/lib/python3.9/site-packages/airflow/example_dags/plugins/workday.py
[2024-04-14T15:49:54.414-0600] {processor.py:183} INFO - Processing /Users/felipejimenez/Desktop/AirFlow/.env/lib/python3.9/site-packages/airflow/example_dags/plugins/workday.py took 0.031 seconds
[2024-04-14T15:50:37.263-0600] {processor.py:161} INFO - Started process (PID=4742) to work on /Users/felipejimenez/Desktop/AirFlow/.env/lib/python3.9/site-packages/airflow/example_dags/plugins/workday.py
[2024-04-14T15:50:37.264-0600] {processor.py:830} INFO - Processing file /Users/felipejimenez/Desktop/AirFlow/.env/lib/python3.9/site-packages/airflow/example_dags/plugins/workday.py for tasks to queue
[2024-04-14T15:50:37.265-0600] {logging_mixin.py:188} INFO - [2024-04-14T15:50:37.264-0600] {dagbag.py:540} INFO - Filling up the DagBag from /Users/felipejimenez/Desktop/AirFlow/.env/lib/python3.9/site-packages/airflow/example_dags/plugins/workday.py
[2024-04-14T15:50:37.265-0600] {logging_mixin.py:188} INFO - [2024-04-14T15:50:37.265-0600] {workday.py:41} WARNING - Could not import pandas. Holidays will not be considered.
[2024-04-14T15:50:37.265-0600] {processor.py:842} WARNING - No viable dags retrieved from /Users/felipejimenez/Desktop/AirFlow/.env/lib/python3.9/site-packages/airflow/example_dags/plugins/workday.py
[2024-04-14T15:50:37.295-0600] {processor.py:183} INFO - Processing /Users/felipejimenez/Desktop/AirFlow/.env/lib/python3.9/site-packages/airflow/example_dags/plugins/workday.py took 0.033 seconds
[2024-04-14T15:51:21.832-0600] {processor.py:161} INFO - Started process (PID=4792) to work on /Users/felipejimenez/Desktop/AirFlow/.env/lib/python3.9/site-packages/airflow/example_dags/plugins/workday.py
[2024-04-14T15:51:21.834-0600] {processor.py:830} INFO - Processing file /Users/felipejimenez/Desktop/AirFlow/.env/lib/python3.9/site-packages/airflow/example_dags/plugins/workday.py for tasks to queue
[2024-04-14T15:51:21.834-0600] {logging_mixin.py:188} INFO - [2024-04-14T15:51:21.834-0600] {dagbag.py:540} INFO - Filling up the DagBag from /Users/felipejimenez/Desktop/AirFlow/.env/lib/python3.9/site-packages/airflow/example_dags/plugins/workday.py
[2024-04-14T15:51:21.835-0600] {logging_mixin.py:188} INFO - [2024-04-14T15:51:21.835-0600] {workday.py:41} WARNING - Could not import pandas. Holidays will not be considered.
[2024-04-14T15:51:21.835-0600] {processor.py:842} WARNING - No viable dags retrieved from /Users/felipejimenez/Desktop/AirFlow/.env/lib/python3.9/site-packages/airflow/example_dags/plugins/workday.py
[2024-04-14T15:51:21.862-0600] {processor.py:183} INFO - Processing /Users/felipejimenez/Desktop/AirFlow/.env/lib/python3.9/site-packages/airflow/example_dags/plugins/workday.py took 0.031 seconds
[2024-04-14T15:52:07.435-0600] {processor.py:161} INFO - Started process (PID=4858) to work on /Users/felipejimenez/Desktop/AirFlow/.env/lib/python3.9/site-packages/airflow/example_dags/plugins/workday.py
[2024-04-14T15:52:07.436-0600] {processor.py:830} INFO - Processing file /Users/felipejimenez/Desktop/AirFlow/.env/lib/python3.9/site-packages/airflow/example_dags/plugins/workday.py for tasks to queue
[2024-04-14T15:52:07.437-0600] {logging_mixin.py:188} INFO - [2024-04-14T15:52:07.437-0600] {dagbag.py:540} INFO - Filling up the DagBag from /Users/felipejimenez/Desktop/AirFlow/.env/lib/python3.9/site-packages/airflow/example_dags/plugins/workday.py
[2024-04-14T15:52:07.437-0600] {logging_mixin.py:188} INFO - [2024-04-14T15:52:07.437-0600] {workday.py:41} WARNING - Could not import pandas. Holidays will not be considered.
[2024-04-14T15:52:07.438-0600] {processor.py:842} WARNING - No viable dags retrieved from /Users/felipejimenez/Desktop/AirFlow/.env/lib/python3.9/site-packages/airflow/example_dags/plugins/workday.py
[2024-04-14T15:52:07.465-0600] {processor.py:183} INFO - Processing /Users/felipejimenez/Desktop/AirFlow/.env/lib/python3.9/site-packages/airflow/example_dags/plugins/workday.py took 0.031 seconds
[2024-04-14T15:52:50.024-0600] {processor.py:161} INFO - Started process (PID=4948) to work on /Users/felipejimenez/Desktop/AirFlow/.env/lib/python3.9/site-packages/airflow/example_dags/plugins/workday.py
[2024-04-14T15:52:50.025-0600] {processor.py:830} INFO - Processing file /Users/felipejimenez/Desktop/AirFlow/.env/lib/python3.9/site-packages/airflow/example_dags/plugins/workday.py for tasks to queue
[2024-04-14T15:52:50.025-0600] {logging_mixin.py:188} INFO - [2024-04-14T15:52:50.025-0600] {dagbag.py:540} INFO - Filling up the DagBag from /Users/felipejimenez/Desktop/AirFlow/.env/lib/python3.9/site-packages/airflow/example_dags/plugins/workday.py
[2024-04-14T15:52:50.026-0600] {logging_mixin.py:188} INFO - [2024-04-14T15:52:50.026-0600] {workday.py:41} WARNING - Could not import pandas. Holidays will not be considered.
[2024-04-14T15:52:50.026-0600] {processor.py:842} WARNING - No viable dags retrieved from /Users/felipejimenez/Desktop/AirFlow/.env/lib/python3.9/site-packages/airflow/example_dags/plugins/workday.py
[2024-04-14T15:52:50.055-0600] {processor.py:183} INFO - Processing /Users/felipejimenez/Desktop/AirFlow/.env/lib/python3.9/site-packages/airflow/example_dags/plugins/workday.py took 0.032 seconds
[2024-04-14T15:53:32.658-0600] {processor.py:161} INFO - Started process (PID=5008) to work on /Users/felipejimenez/Desktop/AirFlow/.env/lib/python3.9/site-packages/airflow/example_dags/plugins/workday.py
[2024-04-14T15:53:32.660-0600] {processor.py:830} INFO - Processing file /Users/felipejimenez/Desktop/AirFlow/.env/lib/python3.9/site-packages/airflow/example_dags/plugins/workday.py for tasks to queue
[2024-04-14T15:53:32.660-0600] {logging_mixin.py:188} INFO - [2024-04-14T15:53:32.660-0600] {dagbag.py:540} INFO - Filling up the DagBag from /Users/felipejimenez/Desktop/AirFlow/.env/lib/python3.9/site-packages/airflow/example_dags/plugins/workday.py
[2024-04-14T15:53:32.661-0600] {logging_mixin.py:188} INFO - [2024-04-14T15:53:32.661-0600] {workday.py:41} WARNING - Could not import pandas. Holidays will not be considered.
[2024-04-14T15:53:32.661-0600] {processor.py:842} WARNING - No viable dags retrieved from /Users/felipejimenez/Desktop/AirFlow/.env/lib/python3.9/site-packages/airflow/example_dags/plugins/workday.py
[2024-04-14T15:53:32.689-0600] {processor.py:183} INFO - Processing /Users/felipejimenez/Desktop/AirFlow/.env/lib/python3.9/site-packages/airflow/example_dags/plugins/workday.py took 0.031 seconds
[2024-04-14T15:54:16.189-0600] {processor.py:161} INFO - Started process (PID=5059) to work on /Users/felipejimenez/Desktop/AirFlow/.env/lib/python3.9/site-packages/airflow/example_dags/plugins/workday.py
[2024-04-14T15:54:16.191-0600] {processor.py:830} INFO - Processing file /Users/felipejimenez/Desktop/AirFlow/.env/lib/python3.9/site-packages/airflow/example_dags/plugins/workday.py for tasks to queue
[2024-04-14T15:54:16.191-0600] {logging_mixin.py:188} INFO - [2024-04-14T15:54:16.191-0600] {dagbag.py:540} INFO - Filling up the DagBag from /Users/felipejimenez/Desktop/AirFlow/.env/lib/python3.9/site-packages/airflow/example_dags/plugins/workday.py
[2024-04-14T15:54:16.192-0600] {logging_mixin.py:188} INFO - [2024-04-14T15:54:16.192-0600] {workday.py:41} WARNING - Could not import pandas. Holidays will not be considered.
[2024-04-14T15:54:16.192-0600] {processor.py:842} WARNING - No viable dags retrieved from /Users/felipejimenez/Desktop/AirFlow/.env/lib/python3.9/site-packages/airflow/example_dags/plugins/workday.py
[2024-04-14T15:54:16.219-0600] {processor.py:183} INFO - Processing /Users/felipejimenez/Desktop/AirFlow/.env/lib/python3.9/site-packages/airflow/example_dags/plugins/workday.py took 0.031 seconds
[2024-04-14T15:55:40.549-0600] {processor.py:161} INFO - Started process (PID=5162) to work on /Users/felipejimenez/Desktop/AirFlow/.env/lib/python3.9/site-packages/airflow/example_dags/plugins/workday.py
[2024-04-14T15:55:40.550-0600] {processor.py:830} INFO - Processing file /Users/felipejimenez/Desktop/AirFlow/.env/lib/python3.9/site-packages/airflow/example_dags/plugins/workday.py for tasks to queue
[2024-04-14T15:55:40.550-0600] {logging_mixin.py:188} INFO - [2024-04-14T15:55:40.550-0600] {dagbag.py:540} INFO - Filling up the DagBag from /Users/felipejimenez/Desktop/AirFlow/.env/lib/python3.9/site-packages/airflow/example_dags/plugins/workday.py
[2024-04-14T15:55:40.551-0600] {logging_mixin.py:188} INFO - [2024-04-14T15:55:40.551-0600] {workday.py:41} WARNING - Could not import pandas. Holidays will not be considered.
[2024-04-14T15:55:40.551-0600] {processor.py:842} WARNING - No viable dags retrieved from /Users/felipejimenez/Desktop/AirFlow/.env/lib/python3.9/site-packages/airflow/example_dags/plugins/workday.py
[2024-04-14T15:55:40.582-0600] {processor.py:183} INFO - Processing /Users/felipejimenez/Desktop/AirFlow/.env/lib/python3.9/site-packages/airflow/example_dags/plugins/workday.py took 0.035 seconds
[2024-04-14T15:56:53.643-0600] {processor.py:161} INFO - Started process (PID=5280) to work on /Users/felipejimenez/Desktop/AirFlow/.env/lib/python3.9/site-packages/airflow/example_dags/plugins/workday.py
[2024-04-14T15:56:53.645-0600] {processor.py:830} INFO - Processing file /Users/felipejimenez/Desktop/AirFlow/.env/lib/python3.9/site-packages/airflow/example_dags/plugins/workday.py for tasks to queue
[2024-04-14T15:56:53.645-0600] {logging_mixin.py:188} INFO - [2024-04-14T15:56:53.645-0600] {dagbag.py:540} INFO - Filling up the DagBag from /Users/felipejimenez/Desktop/AirFlow/.env/lib/python3.9/site-packages/airflow/example_dags/plugins/workday.py
[2024-04-14T15:56:53.646-0600] {logging_mixin.py:188} INFO - [2024-04-14T15:56:53.646-0600] {workday.py:41} WARNING - Could not import pandas. Holidays will not be considered.
[2024-04-14T15:56:53.646-0600] {processor.py:842} WARNING - No viable dags retrieved from /Users/felipejimenez/Desktop/AirFlow/.env/lib/python3.9/site-packages/airflow/example_dags/plugins/workday.py
[2024-04-14T15:56:53.673-0600] {processor.py:183} INFO - Processing /Users/felipejimenez/Desktop/AirFlow/.env/lib/python3.9/site-packages/airflow/example_dags/plugins/workday.py took 0.031 seconds
[2024-04-14T15:57:36.800-0600] {processor.py:161} INFO - Started process (PID=5344) to work on /Users/felipejimenez/Desktop/AirFlow/.env/lib/python3.9/site-packages/airflow/example_dags/plugins/workday.py
[2024-04-14T15:57:36.801-0600] {processor.py:830} INFO - Processing file /Users/felipejimenez/Desktop/AirFlow/.env/lib/python3.9/site-packages/airflow/example_dags/plugins/workday.py for tasks to queue
[2024-04-14T15:57:36.802-0600] {logging_mixin.py:188} INFO - [2024-04-14T15:57:36.802-0600] {dagbag.py:540} INFO - Filling up the DagBag from /Users/felipejimenez/Desktop/AirFlow/.env/lib/python3.9/site-packages/airflow/example_dags/plugins/workday.py
[2024-04-14T15:57:36.802-0600] {logging_mixin.py:188} INFO - [2024-04-14T15:57:36.802-0600] {workday.py:41} WARNING - Could not import pandas. Holidays will not be considered.
[2024-04-14T15:57:36.803-0600] {processor.py:842} WARNING - No viable dags retrieved from /Users/felipejimenez/Desktop/AirFlow/.env/lib/python3.9/site-packages/airflow/example_dags/plugins/workday.py
[2024-04-14T15:57:36.831-0600] {processor.py:183} INFO - Processing /Users/felipejimenez/Desktop/AirFlow/.env/lib/python3.9/site-packages/airflow/example_dags/plugins/workday.py took 0.032 seconds
[2024-04-14T15:58:18.808-0600] {processor.py:161} INFO - Started process (PID=5416) to work on /Users/felipejimenez/Desktop/AirFlow/.env/lib/python3.9/site-packages/airflow/example_dags/plugins/workday.py
[2024-04-14T15:58:18.809-0600] {processor.py:830} INFO - Processing file /Users/felipejimenez/Desktop/AirFlow/.env/lib/python3.9/site-packages/airflow/example_dags/plugins/workday.py for tasks to queue
[2024-04-14T15:58:18.810-0600] {logging_mixin.py:188} INFO - [2024-04-14T15:58:18.809-0600] {dagbag.py:540} INFO - Filling up the DagBag from /Users/felipejimenez/Desktop/AirFlow/.env/lib/python3.9/site-packages/airflow/example_dags/plugins/workday.py
[2024-04-14T15:58:18.810-0600] {logging_mixin.py:188} INFO - [2024-04-14T15:58:18.810-0600] {workday.py:41} WARNING - Could not import pandas. Holidays will not be considered.
[2024-04-14T15:58:18.810-0600] {processor.py:842} WARNING - No viable dags retrieved from /Users/felipejimenez/Desktop/AirFlow/.env/lib/python3.9/site-packages/airflow/example_dags/plugins/workday.py
[2024-04-14T15:58:18.838-0600] {processor.py:183} INFO - Processing /Users/felipejimenez/Desktop/AirFlow/.env/lib/python3.9/site-packages/airflow/example_dags/plugins/workday.py took 0.031 seconds
[2024-04-14T15:59:06.003-0600] {processor.py:161} INFO - Started process (PID=5486) to work on /Users/felipejimenez/Desktop/AirFlow/.env/lib/python3.9/site-packages/airflow/example_dags/plugins/workday.py
[2024-04-14T15:59:06.005-0600] {processor.py:830} INFO - Processing file /Users/felipejimenez/Desktop/AirFlow/.env/lib/python3.9/site-packages/airflow/example_dags/plugins/workday.py for tasks to queue
[2024-04-14T15:59:06.005-0600] {logging_mixin.py:188} INFO - [2024-04-14T15:59:06.005-0600] {dagbag.py:540} INFO - Filling up the DagBag from /Users/felipejimenez/Desktop/AirFlow/.env/lib/python3.9/site-packages/airflow/example_dags/plugins/workday.py
[2024-04-14T15:59:06.006-0600] {logging_mixin.py:188} INFO - [2024-04-14T15:59:06.006-0600] {workday.py:41} WARNING - Could not import pandas. Holidays will not be considered.
[2024-04-14T15:59:06.006-0600] {processor.py:842} WARNING - No viable dags retrieved from /Users/felipejimenez/Desktop/AirFlow/.env/lib/python3.9/site-packages/airflow/example_dags/plugins/workday.py
[2024-04-14T15:59:06.033-0600] {processor.py:183} INFO - Processing /Users/felipejimenez/Desktop/AirFlow/.env/lib/python3.9/site-packages/airflow/example_dags/plugins/workday.py took 0.031 seconds
[2024-04-14T15:59:49.869-0600] {processor.py:161} INFO - Started process (PID=5535) to work on /Users/felipejimenez/Desktop/AirFlow/.env/lib/python3.9/site-packages/airflow/example_dags/plugins/workday.py
[2024-04-14T15:59:49.870-0600] {processor.py:830} INFO - Processing file /Users/felipejimenez/Desktop/AirFlow/.env/lib/python3.9/site-packages/airflow/example_dags/plugins/workday.py for tasks to queue
[2024-04-14T15:59:49.870-0600] {logging_mixin.py:188} INFO - [2024-04-14T15:59:49.870-0600] {dagbag.py:540} INFO - Filling up the DagBag from /Users/felipejimenez/Desktop/AirFlow/.env/lib/python3.9/site-packages/airflow/example_dags/plugins/workday.py
[2024-04-14T15:59:49.871-0600] {logging_mixin.py:188} INFO - [2024-04-14T15:59:49.871-0600] {workday.py:41} WARNING - Could not import pandas. Holidays will not be considered.
[2024-04-14T15:59:49.871-0600] {processor.py:842} WARNING - No viable dags retrieved from /Users/felipejimenez/Desktop/AirFlow/.env/lib/python3.9/site-packages/airflow/example_dags/plugins/workday.py
[2024-04-14T15:59:49.899-0600] {processor.py:183} INFO - Processing /Users/felipejimenez/Desktop/AirFlow/.env/lib/python3.9/site-packages/airflow/example_dags/plugins/workday.py took 0.031 seconds
[2024-04-14T16:00:34.178-0600] {processor.py:161} INFO - Started process (PID=5584) to work on /Users/felipejimenez/Desktop/AirFlow/.env/lib/python3.9/site-packages/airflow/example_dags/plugins/workday.py
[2024-04-14T16:00:34.179-0600] {processor.py:830} INFO - Processing file /Users/felipejimenez/Desktop/AirFlow/.env/lib/python3.9/site-packages/airflow/example_dags/plugins/workday.py for tasks to queue
[2024-04-14T16:00:34.179-0600] {logging_mixin.py:188} INFO - [2024-04-14T16:00:34.179-0600] {dagbag.py:540} INFO - Filling up the DagBag from /Users/felipejimenez/Desktop/AirFlow/.env/lib/python3.9/site-packages/airflow/example_dags/plugins/workday.py
[2024-04-14T16:00:34.180-0600] {logging_mixin.py:188} INFO - [2024-04-14T16:00:34.180-0600] {workday.py:41} WARNING - Could not import pandas. Holidays will not be considered.
[2024-04-14T16:00:34.180-0600] {processor.py:842} WARNING - No viable dags retrieved from /Users/felipejimenez/Desktop/AirFlow/.env/lib/python3.9/site-packages/airflow/example_dags/plugins/workday.py
[2024-04-14T16:00:34.207-0600] {processor.py:183} INFO - Processing /Users/felipejimenez/Desktop/AirFlow/.env/lib/python3.9/site-packages/airflow/example_dags/plugins/workday.py took 0.030 seconds
[2024-04-14T16:01:17.022-0600] {processor.py:161} INFO - Started process (PID=5634) to work on /Users/felipejimenez/Desktop/AirFlow/.env/lib/python3.9/site-packages/airflow/example_dags/plugins/workday.py
[2024-04-14T16:01:17.024-0600] {processor.py:830} INFO - Processing file /Users/felipejimenez/Desktop/AirFlow/.env/lib/python3.9/site-packages/airflow/example_dags/plugins/workday.py for tasks to queue
[2024-04-14T16:01:17.024-0600] {logging_mixin.py:188} INFO - [2024-04-14T16:01:17.024-0600] {dagbag.py:540} INFO - Filling up the DagBag from /Users/felipejimenez/Desktop/AirFlow/.env/lib/python3.9/site-packages/airflow/example_dags/plugins/workday.py
[2024-04-14T16:01:17.025-0600] {logging_mixin.py:188} INFO - [2024-04-14T16:01:17.025-0600] {workday.py:41} WARNING - Could not import pandas. Holidays will not be considered.
[2024-04-14T16:01:17.025-0600] {processor.py:842} WARNING - No viable dags retrieved from /Users/felipejimenez/Desktop/AirFlow/.env/lib/python3.9/site-packages/airflow/example_dags/plugins/workday.py
[2024-04-14T16:01:17.053-0600] {processor.py:183} INFO - Processing /Users/felipejimenez/Desktop/AirFlow/.env/lib/python3.9/site-packages/airflow/example_dags/plugins/workday.py took 0.032 seconds
[2024-04-14T16:01:58.890-0600] {processor.py:161} INFO - Started process (PID=5681) to work on /Users/felipejimenez/Desktop/AirFlow/.env/lib/python3.9/site-packages/airflow/example_dags/plugins/workday.py
[2024-04-14T16:01:58.891-0600] {processor.py:830} INFO - Processing file /Users/felipejimenez/Desktop/AirFlow/.env/lib/python3.9/site-packages/airflow/example_dags/plugins/workday.py for tasks to queue
[2024-04-14T16:01:58.891-0600] {logging_mixin.py:188} INFO - [2024-04-14T16:01:58.891-0600] {dagbag.py:540} INFO - Filling up the DagBag from /Users/felipejimenez/Desktop/AirFlow/.env/lib/python3.9/site-packages/airflow/example_dags/plugins/workday.py
[2024-04-14T16:01:58.892-0600] {logging_mixin.py:188} INFO - [2024-04-14T16:01:58.892-0600] {workday.py:41} WARNING - Could not import pandas. Holidays will not be considered.
[2024-04-14T16:01:58.892-0600] {processor.py:842} WARNING - No viable dags retrieved from /Users/felipejimenez/Desktop/AirFlow/.env/lib/python3.9/site-packages/airflow/example_dags/plugins/workday.py
[2024-04-14T16:01:58.920-0600] {processor.py:183} INFO - Processing /Users/felipejimenez/Desktop/AirFlow/.env/lib/python3.9/site-packages/airflow/example_dags/plugins/workday.py took 0.031 seconds
[2024-04-14T16:03:38.688-0600] {processor.py:161} INFO - Started process (PID=5831) to work on /Users/felipejimenez/Desktop/AirFlow/.env/lib/python3.9/site-packages/airflow/example_dags/plugins/workday.py
[2024-04-14T16:03:38.690-0600] {processor.py:830} INFO - Processing file /Users/felipejimenez/Desktop/AirFlow/.env/lib/python3.9/site-packages/airflow/example_dags/plugins/workday.py for tasks to queue
[2024-04-14T16:03:38.690-0600] {logging_mixin.py:188} INFO - [2024-04-14T16:03:38.690-0600] {dagbag.py:540} INFO - Filling up the DagBag from /Users/felipejimenez/Desktop/AirFlow/.env/lib/python3.9/site-packages/airflow/example_dags/plugins/workday.py
[2024-04-14T16:03:38.691-0600] {logging_mixin.py:188} INFO - [2024-04-14T16:03:38.691-0600] {workday.py:41} WARNING - Could not import pandas. Holidays will not be considered.
[2024-04-14T16:03:38.691-0600] {processor.py:842} WARNING - No viable dags retrieved from /Users/felipejimenez/Desktop/AirFlow/.env/lib/python3.9/site-packages/airflow/example_dags/plugins/workday.py
[2024-04-14T16:03:38.718-0600] {processor.py:183} INFO - Processing /Users/felipejimenez/Desktop/AirFlow/.env/lib/python3.9/site-packages/airflow/example_dags/plugins/workday.py took 0.031 seconds
[2024-04-14T16:04:51.788-0600] {processor.py:161} INFO - Started process (PID=5967) to work on /Users/felipejimenez/Desktop/AirFlow/.env/lib/python3.9/site-packages/airflow/example_dags/plugins/workday.py
[2024-04-14T16:04:51.790-0600] {processor.py:830} INFO - Processing file /Users/felipejimenez/Desktop/AirFlow/.env/lib/python3.9/site-packages/airflow/example_dags/plugins/workday.py for tasks to queue
[2024-04-14T16:04:51.790-0600] {logging_mixin.py:188} INFO - [2024-04-14T16:04:51.790-0600] {dagbag.py:540} INFO - Filling up the DagBag from /Users/felipejimenez/Desktop/AirFlow/.env/lib/python3.9/site-packages/airflow/example_dags/plugins/workday.py
[2024-04-14T16:04:51.791-0600] {logging_mixin.py:188} INFO - [2024-04-14T16:04:51.791-0600] {workday.py:41} WARNING - Could not import pandas. Holidays will not be considered.
[2024-04-14T16:04:51.791-0600] {processor.py:842} WARNING - No viable dags retrieved from /Users/felipejimenez/Desktop/AirFlow/.env/lib/python3.9/site-packages/airflow/example_dags/plugins/workday.py
[2024-04-14T16:04:51.818-0600] {processor.py:183} INFO - Processing /Users/felipejimenez/Desktop/AirFlow/.env/lib/python3.9/site-packages/airflow/example_dags/plugins/workday.py took 0.031 seconds
[2024-04-14T16:05:37.315-0600] {processor.py:161} INFO - Started process (PID=6048) to work on /Users/felipejimenez/Desktop/AirFlow/.env/lib/python3.9/site-packages/airflow/example_dags/plugins/workday.py
[2024-04-14T16:05:37.317-0600] {processor.py:830} INFO - Processing file /Users/felipejimenez/Desktop/AirFlow/.env/lib/python3.9/site-packages/airflow/example_dags/plugins/workday.py for tasks to queue
[2024-04-14T16:05:37.318-0600] {logging_mixin.py:188} INFO - [2024-04-14T16:05:37.317-0600] {dagbag.py:540} INFO - Filling up the DagBag from /Users/felipejimenez/Desktop/AirFlow/.env/lib/python3.9/site-packages/airflow/example_dags/plugins/workday.py
[2024-04-14T16:05:37.318-0600] {logging_mixin.py:188} INFO - [2024-04-14T16:05:37.318-0600] {workday.py:41} WARNING - Could not import pandas. Holidays will not be considered.
[2024-04-14T16:05:37.318-0600] {processor.py:842} WARNING - No viable dags retrieved from /Users/felipejimenez/Desktop/AirFlow/.env/lib/python3.9/site-packages/airflow/example_dags/plugins/workday.py
[2024-04-14T16:05:37.346-0600] {processor.py:183} INFO - Processing /Users/felipejimenez/Desktop/AirFlow/.env/lib/python3.9/site-packages/airflow/example_dags/plugins/workday.py took 0.031 seconds
[2024-04-14T16:06:23.783-0600] {processor.py:161} INFO - Started process (PID=6137) to work on /Users/felipejimenez/Desktop/AirFlow/.env/lib/python3.9/site-packages/airflow/example_dags/plugins/workday.py
[2024-04-14T16:06:23.785-0600] {processor.py:830} INFO - Processing file /Users/felipejimenez/Desktop/AirFlow/.env/lib/python3.9/site-packages/airflow/example_dags/plugins/workday.py for tasks to queue
[2024-04-14T16:06:23.785-0600] {logging_mixin.py:188} INFO - [2024-04-14T16:06:23.785-0600] {dagbag.py:540} INFO - Filling up the DagBag from /Users/felipejimenez/Desktop/AirFlow/.env/lib/python3.9/site-packages/airflow/example_dags/plugins/workday.py
[2024-04-14T16:06:23.787-0600] {logging_mixin.py:188} INFO - [2024-04-14T16:06:23.787-0600] {workday.py:41} WARNING - Could not import pandas. Holidays will not be considered.
[2024-04-14T16:06:23.787-0600] {processor.py:842} WARNING - No viable dags retrieved from /Users/felipejimenez/Desktop/AirFlow/.env/lib/python3.9/site-packages/airflow/example_dags/plugins/workday.py
[2024-04-14T16:06:23.822-0600] {processor.py:183} INFO - Processing /Users/felipejimenez/Desktop/AirFlow/.env/lib/python3.9/site-packages/airflow/example_dags/plugins/workday.py took 0.040 seconds
