[2024-04-14T15:42:13.444-0600] {processor.py:161} INFO - Started process (PID=4071) to work on /Users/felipejimenez/Desktop/AirFlow/.env/lib/python3.9/site-packages/airflow/example_dags/example_xcom.py
[2024-04-14T15:42:13.445-0600] {processor.py:830} INFO - Processing file /Users/felipejimenez/Desktop/AirFlow/.env/lib/python3.9/site-packages/airflow/example_dags/example_xcom.py for tasks to queue
[2024-04-14T15:42:13.445-0600] {logging_mixin.py:188} INFO - [2024-04-14T15:42:13.445-0600] {dagbag.py:540} INFO - Filling up the DagBag from /Users/felipejimenez/Desktop/AirFlow/.env/lib/python3.9/site-packages/airflow/example_dags/example_xcom.py
[2024-04-14T15:42:13.460-0600] {processor.py:840} INFO - DAG(s) 'example_xcom' retrieved from /Users/felipejimenez/Desktop/AirFlow/.env/lib/python3.9/site-packages/airflow/example_dags/example_xcom.py
[2024-04-14T15:42:13.550-0600] {logging_mixin.py:188} INFO - [2024-04-14T15:42:13.549-0600] {override.py:1829} INFO - Created Permission View: can edit on DAG:example_xcom
[2024-04-14T15:42:13.552-0600] {logging_mixin.py:188} INFO - [2024-04-14T15:42:13.552-0600] {override.py:1829} INFO - Created Permission View: can read on DAG:example_xcom
[2024-04-14T15:42:13.554-0600] {logging_mixin.py:188} INFO - [2024-04-14T15:42:13.554-0600] {override.py:1829} INFO - Created Permission View: can delete on DAG:example_xcom
[2024-04-14T15:42:13.554-0600] {logging_mixin.py:188} INFO - [2024-04-14T15:42:13.554-0600] {dag.py:3096} INFO - Sync 1 DAGs
[2024-04-14T15:42:13.557-0600] {logging_mixin.py:188} INFO - [2024-04-14T15:42:13.557-0600] {dag.py:3118} INFO - Creating ORM DAG for example_xcom
[2024-04-14T15:42:13.561-0600] {logging_mixin.py:188} INFO - [2024-04-14T15:42:13.560-0600] {dag.py:3954} INFO - Setting next_dagrun for example_xcom to 2021-01-01 00:00:00+00:00, run_after=2021-01-01 00:00:00+00:00
[2024-04-14T15:42:13.566-0600] {processor.py:183} INFO - Processing /Users/felipejimenez/Desktop/AirFlow/.env/lib/python3.9/site-packages/airflow/example_dags/example_xcom.py took 0.122 seconds
[2024-04-14T15:43:29.980-0600] {processor.py:161} INFO - Started process (PID=4169) to work on /Users/felipejimenez/Desktop/AirFlow/.env/lib/python3.9/site-packages/airflow/example_dags/example_xcom.py
[2024-04-14T15:43:29.981-0600] {processor.py:830} INFO - Processing file /Users/felipejimenez/Desktop/AirFlow/.env/lib/python3.9/site-packages/airflow/example_dags/example_xcom.py for tasks to queue
[2024-04-14T15:43:29.981-0600] {logging_mixin.py:188} INFO - [2024-04-14T15:43:29.981-0600] {dagbag.py:540} INFO - Filling up the DagBag from /Users/felipejimenez/Desktop/AirFlow/.env/lib/python3.9/site-packages/airflow/example_dags/example_xcom.py
[2024-04-14T15:43:29.993-0600] {processor.py:840} INFO - DAG(s) 'example_xcom' retrieved from /Users/felipejimenez/Desktop/AirFlow/.env/lib/python3.9/site-packages/airflow/example_dags/example_xcom.py
[2024-04-14T15:43:30.027-0600] {logging_mixin.py:188} INFO - [2024-04-14T15:43:30.027-0600] {dag.py:3096} INFO - Sync 1 DAGs
[2024-04-14T15:43:30.053-0600] {logging_mixin.py:188} INFO - [2024-04-14T15:43:30.053-0600] {dag.py:3954} INFO - Setting next_dagrun for example_xcom to 2021-01-01 00:00:00+00:00, run_after=2021-01-01 00:00:00+00:00
[2024-04-14T15:43:30.059-0600] {processor.py:183} INFO - Processing /Users/felipejimenez/Desktop/AirFlow/.env/lib/python3.9/site-packages/airflow/example_dags/example_xcom.py took 0.080 seconds
[2024-04-14T15:44:56.832-0600] {processor.py:161} INFO - Started process (PID=4270) to work on /Users/felipejimenez/Desktop/AirFlow/.env/lib/python3.9/site-packages/airflow/example_dags/example_xcom.py
[2024-04-14T15:44:56.833-0600] {processor.py:830} INFO - Processing file /Users/felipejimenez/Desktop/AirFlow/.env/lib/python3.9/site-packages/airflow/example_dags/example_xcom.py for tasks to queue
[2024-04-14T15:44:56.834-0600] {logging_mixin.py:188} INFO - [2024-04-14T15:44:56.833-0600] {dagbag.py:540} INFO - Filling up the DagBag from /Users/felipejimenez/Desktop/AirFlow/.env/lib/python3.9/site-packages/airflow/example_dags/example_xcom.py
[2024-04-14T15:44:56.846-0600] {processor.py:840} INFO - DAG(s) 'example_xcom' retrieved from /Users/felipejimenez/Desktop/AirFlow/.env/lib/python3.9/site-packages/airflow/example_dags/example_xcom.py
[2024-04-14T15:44:56.877-0600] {logging_mixin.py:188} INFO - [2024-04-14T15:44:56.877-0600] {dag.py:3096} INFO - Sync 1 DAGs
[2024-04-14T15:44:56.898-0600] {logging_mixin.py:188} INFO - [2024-04-14T15:44:56.898-0600] {dag.py:3954} INFO - Setting next_dagrun for example_xcom to 2021-01-01 00:00:00+00:00, run_after=2021-01-01 00:00:00+00:00
[2024-04-14T15:44:56.904-0600] {processor.py:183} INFO - Processing /Users/felipejimenez/Desktop/AirFlow/.env/lib/python3.9/site-packages/airflow/example_dags/example_xcom.py took 0.073 seconds
[2024-04-14T15:46:19.861-0600] {processor.py:161} INFO - Started process (PID=4370) to work on /Users/felipejimenez/Desktop/AirFlow/.env/lib/python3.9/site-packages/airflow/example_dags/example_xcom.py
[2024-04-14T15:46:19.863-0600] {processor.py:830} INFO - Processing file /Users/felipejimenez/Desktop/AirFlow/.env/lib/python3.9/site-packages/airflow/example_dags/example_xcom.py for tasks to queue
[2024-04-14T15:46:19.863-0600] {logging_mixin.py:188} INFO - [2024-04-14T15:46:19.863-0600] {dagbag.py:540} INFO - Filling up the DagBag from /Users/felipejimenez/Desktop/AirFlow/.env/lib/python3.9/site-packages/airflow/example_dags/example_xcom.py
[2024-04-14T15:46:19.875-0600] {processor.py:840} INFO - DAG(s) 'example_xcom' retrieved from /Users/felipejimenez/Desktop/AirFlow/.env/lib/python3.9/site-packages/airflow/example_dags/example_xcom.py
[2024-04-14T15:46:19.906-0600] {logging_mixin.py:188} INFO - [2024-04-14T15:46:19.906-0600] {dag.py:3096} INFO - Sync 1 DAGs
[2024-04-14T15:46:19.928-0600] {logging_mixin.py:188} INFO - [2024-04-14T15:46:19.928-0600] {dag.py:3954} INFO - Setting next_dagrun for example_xcom to 2021-01-01 00:00:00+00:00, run_after=2021-01-01 00:00:00+00:00
[2024-04-14T15:46:19.934-0600] {processor.py:183} INFO - Processing /Users/felipejimenez/Desktop/AirFlow/.env/lib/python3.9/site-packages/airflow/example_dags/example_xcom.py took 0.073 seconds
[2024-04-14T15:47:53.032-0600] {processor.py:161} INFO - Started process (PID=4480) to work on /Users/felipejimenez/Desktop/AirFlow/.env/lib/python3.9/site-packages/airflow/example_dags/example_xcom.py
[2024-04-14T15:47:53.034-0600] {processor.py:830} INFO - Processing file /Users/felipejimenez/Desktop/AirFlow/.env/lib/python3.9/site-packages/airflow/example_dags/example_xcom.py for tasks to queue
[2024-04-14T15:47:53.034-0600] {logging_mixin.py:188} INFO - [2024-04-14T15:47:53.034-0600] {dagbag.py:540} INFO - Filling up the DagBag from /Users/felipejimenez/Desktop/AirFlow/.env/lib/python3.9/site-packages/airflow/example_dags/example_xcom.py
[2024-04-14T15:47:53.046-0600] {processor.py:840} INFO - DAG(s) 'example_xcom' retrieved from /Users/felipejimenez/Desktop/AirFlow/.env/lib/python3.9/site-packages/airflow/example_dags/example_xcom.py
[2024-04-14T15:47:53.078-0600] {logging_mixin.py:188} INFO - [2024-04-14T15:47:53.077-0600] {dag.py:3096} INFO - Sync 1 DAGs
[2024-04-14T15:47:53.099-0600] {logging_mixin.py:188} INFO - [2024-04-14T15:47:53.099-0600] {dag.py:3954} INFO - Setting next_dagrun for example_xcom to 2021-01-01 00:00:00+00:00, run_after=2021-01-01 00:00:00+00:00
[2024-04-14T15:47:53.104-0600] {processor.py:183} INFO - Processing /Users/felipejimenez/Desktop/AirFlow/.env/lib/python3.9/site-packages/airflow/example_dags/example_xcom.py took 0.073 seconds
[2024-04-14T15:49:21.743-0600] {processor.py:161} INFO - Started process (PID=4653) to work on /Users/felipejimenez/Desktop/AirFlow/.env/lib/python3.9/site-packages/airflow/example_dags/example_xcom.py
[2024-04-14T15:49:21.745-0600] {processor.py:830} INFO - Processing file /Users/felipejimenez/Desktop/AirFlow/.env/lib/python3.9/site-packages/airflow/example_dags/example_xcom.py for tasks to queue
[2024-04-14T15:49:21.745-0600] {logging_mixin.py:188} INFO - [2024-04-14T15:49:21.745-0600] {dagbag.py:540} INFO - Filling up the DagBag from /Users/felipejimenez/Desktop/AirFlow/.env/lib/python3.9/site-packages/airflow/example_dags/example_xcom.py
[2024-04-14T15:49:21.758-0600] {processor.py:840} INFO - DAG(s) 'example_xcom' retrieved from /Users/felipejimenez/Desktop/AirFlow/.env/lib/python3.9/site-packages/airflow/example_dags/example_xcom.py
[2024-04-14T15:49:21.790-0600] {logging_mixin.py:188} INFO - [2024-04-14T15:49:21.790-0600] {dag.py:3096} INFO - Sync 1 DAGs
[2024-04-14T15:49:21.812-0600] {logging_mixin.py:188} INFO - [2024-04-14T15:49:21.812-0600] {dag.py:3954} INFO - Setting next_dagrun for example_xcom to 2021-01-01 00:00:00+00:00, run_after=2021-01-01 00:00:00+00:00
[2024-04-14T15:49:21.818-0600] {processor.py:183} INFO - Processing /Users/felipejimenez/Desktop/AirFlow/.env/lib/python3.9/site-packages/airflow/example_dags/example_xcom.py took 0.076 seconds
[2024-04-14T15:50:50.185-0600] {processor.py:161} INFO - Started process (PID=4755) to work on /Users/felipejimenez/Desktop/AirFlow/.env/lib/python3.9/site-packages/airflow/example_dags/example_xcom.py
[2024-04-14T15:50:50.187-0600] {processor.py:830} INFO - Processing file /Users/felipejimenez/Desktop/AirFlow/.env/lib/python3.9/site-packages/airflow/example_dags/example_xcom.py for tasks to queue
[2024-04-14T15:50:50.187-0600] {logging_mixin.py:188} INFO - [2024-04-14T15:50:50.187-0600] {dagbag.py:540} INFO - Filling up the DagBag from /Users/felipejimenez/Desktop/AirFlow/.env/lib/python3.9/site-packages/airflow/example_dags/example_xcom.py
[2024-04-14T15:50:50.199-0600] {processor.py:840} INFO - DAG(s) 'example_xcom' retrieved from /Users/felipejimenez/Desktop/AirFlow/.env/lib/python3.9/site-packages/airflow/example_dags/example_xcom.py
[2024-04-14T15:50:50.231-0600] {logging_mixin.py:188} INFO - [2024-04-14T15:50:50.231-0600] {dag.py:3096} INFO - Sync 1 DAGs
[2024-04-14T15:50:50.253-0600] {logging_mixin.py:188} INFO - [2024-04-14T15:50:50.253-0600] {dag.py:3954} INFO - Setting next_dagrun for example_xcom to 2021-01-01 00:00:00+00:00, run_after=2021-01-01 00:00:00+00:00
[2024-04-14T15:50:50.259-0600] {processor.py:183} INFO - Processing /Users/felipejimenez/Desktop/AirFlow/.env/lib/python3.9/site-packages/airflow/example_dags/example_xcom.py took 0.075 seconds
[2024-04-14T15:52:18.621-0600] {processor.py:161} INFO - Started process (PID=4873) to work on /Users/felipejimenez/Desktop/AirFlow/.env/lib/python3.9/site-packages/airflow/example_dags/example_xcom.py
[2024-04-14T15:52:18.623-0600] {processor.py:830} INFO - Processing file /Users/felipejimenez/Desktop/AirFlow/.env/lib/python3.9/site-packages/airflow/example_dags/example_xcom.py for tasks to queue
[2024-04-14T15:52:18.623-0600] {logging_mixin.py:188} INFO - [2024-04-14T15:52:18.623-0600] {dagbag.py:540} INFO - Filling up the DagBag from /Users/felipejimenez/Desktop/AirFlow/.env/lib/python3.9/site-packages/airflow/example_dags/example_xcom.py
[2024-04-14T15:52:18.635-0600] {processor.py:840} INFO - DAG(s) 'example_xcom' retrieved from /Users/felipejimenez/Desktop/AirFlow/.env/lib/python3.9/site-packages/airflow/example_dags/example_xcom.py
[2024-04-14T15:52:18.667-0600] {logging_mixin.py:188} INFO - [2024-04-14T15:52:18.667-0600] {dag.py:3096} INFO - Sync 1 DAGs
[2024-04-14T15:52:18.689-0600] {logging_mixin.py:188} INFO - [2024-04-14T15:52:18.689-0600] {dag.py:3954} INFO - Setting next_dagrun for example_xcom to 2021-01-01 00:00:00+00:00, run_after=2021-01-01 00:00:00+00:00
[2024-04-14T15:52:18.695-0600] {processor.py:183} INFO - Processing /Users/felipejimenez/Desktop/AirFlow/.env/lib/python3.9/site-packages/airflow/example_dags/example_xcom.py took 0.075 seconds
[2024-04-14T15:53:45.616-0600] {processor.py:161} INFO - Started process (PID=5022) to work on /Users/felipejimenez/Desktop/AirFlow/.env/lib/python3.9/site-packages/airflow/example_dags/example_xcom.py
[2024-04-14T15:53:45.617-0600] {processor.py:830} INFO - Processing file /Users/felipejimenez/Desktop/AirFlow/.env/lib/python3.9/site-packages/airflow/example_dags/example_xcom.py for tasks to queue
[2024-04-14T15:53:45.617-0600] {logging_mixin.py:188} INFO - [2024-04-14T15:53:45.617-0600] {dagbag.py:540} INFO - Filling up the DagBag from /Users/felipejimenez/Desktop/AirFlow/.env/lib/python3.9/site-packages/airflow/example_dags/example_xcom.py
[2024-04-14T15:53:45.630-0600] {processor.py:840} INFO - DAG(s) 'example_xcom' retrieved from /Users/felipejimenez/Desktop/AirFlow/.env/lib/python3.9/site-packages/airflow/example_dags/example_xcom.py
[2024-04-14T15:53:45.663-0600] {logging_mixin.py:188} INFO - [2024-04-14T15:53:45.663-0600] {dag.py:3096} INFO - Sync 1 DAGs
[2024-04-14T15:53:45.685-0600] {logging_mixin.py:188} INFO - [2024-04-14T15:53:45.685-0600] {dag.py:3954} INFO - Setting next_dagrun for example_xcom to 2021-01-01 00:00:00+00:00, run_after=2021-01-01 00:00:00+00:00
[2024-04-14T15:53:45.691-0600] {processor.py:183} INFO - Processing /Users/felipejimenez/Desktop/AirFlow/.env/lib/python3.9/site-packages/airflow/example_dags/example_xcom.py took 0.076 seconds
[2024-04-14T15:55:54.652-0600] {processor.py:161} INFO - Started process (PID=5188) to work on /Users/felipejimenez/Desktop/AirFlow/.env/lib/python3.9/site-packages/airflow/example_dags/example_xcom.py
[2024-04-14T15:55:54.654-0600] {processor.py:830} INFO - Processing file /Users/felipejimenez/Desktop/AirFlow/.env/lib/python3.9/site-packages/airflow/example_dags/example_xcom.py for tasks to queue
[2024-04-14T15:55:54.654-0600] {logging_mixin.py:188} INFO - [2024-04-14T15:55:54.654-0600] {dagbag.py:540} INFO - Filling up the DagBag from /Users/felipejimenez/Desktop/AirFlow/.env/lib/python3.9/site-packages/airflow/example_dags/example_xcom.py
[2024-04-14T15:55:54.667-0600] {processor.py:840} INFO - DAG(s) 'example_xcom' retrieved from /Users/felipejimenez/Desktop/AirFlow/.env/lib/python3.9/site-packages/airflow/example_dags/example_xcom.py
[2024-04-14T15:55:54.698-0600] {logging_mixin.py:188} INFO - [2024-04-14T15:55:54.698-0600] {dag.py:3096} INFO - Sync 1 DAGs
[2024-04-14T15:55:54.720-0600] {logging_mixin.py:188} INFO - [2024-04-14T15:55:54.720-0600] {dag.py:3954} INFO - Setting next_dagrun for example_xcom to 2021-01-01 00:00:00+00:00, run_after=2021-01-01 00:00:00+00:00
[2024-04-14T15:55:54.725-0600] {processor.py:183} INFO - Processing /Users/felipejimenez/Desktop/AirFlow/.env/lib/python3.9/site-packages/airflow/example_dags/example_xcom.py took 0.075 seconds
[2024-04-14T15:57:07.798-0600] {processor.py:161} INFO - Started process (PID=5296) to work on /Users/felipejimenez/Desktop/AirFlow/.env/lib/python3.9/site-packages/airflow/example_dags/example_xcom.py
[2024-04-14T15:57:07.800-0600] {processor.py:830} INFO - Processing file /Users/felipejimenez/Desktop/AirFlow/.env/lib/python3.9/site-packages/airflow/example_dags/example_xcom.py for tasks to queue
[2024-04-14T15:57:07.800-0600] {logging_mixin.py:188} INFO - [2024-04-14T15:57:07.800-0600] {dagbag.py:540} INFO - Filling up the DagBag from /Users/felipejimenez/Desktop/AirFlow/.env/lib/python3.9/site-packages/airflow/example_dags/example_xcom.py
[2024-04-14T15:57:07.813-0600] {processor.py:840} INFO - DAG(s) 'example_xcom' retrieved from /Users/felipejimenez/Desktop/AirFlow/.env/lib/python3.9/site-packages/airflow/example_dags/example_xcom.py
[2024-04-14T15:57:07.848-0600] {logging_mixin.py:188} INFO - [2024-04-14T15:57:07.847-0600] {dag.py:3096} INFO - Sync 1 DAGs
[2024-04-14T15:57:07.873-0600] {logging_mixin.py:188} INFO - [2024-04-14T15:57:07.873-0600] {dag.py:3954} INFO - Setting next_dagrun for example_xcom to 2021-01-01 00:00:00+00:00, run_after=2021-01-01 00:00:00+00:00
[2024-04-14T15:57:07.880-0600] {processor.py:183} INFO - Processing /Users/felipejimenez/Desktop/AirFlow/.env/lib/python3.9/site-packages/airflow/example_dags/example_xcom.py took 0.083 seconds
[2024-04-14T15:58:36.002-0600] {processor.py:161} INFO - Started process (PID=5452) to work on /Users/felipejimenez/Desktop/AirFlow/.env/lib/python3.9/site-packages/airflow/example_dags/example_xcom.py
[2024-04-14T15:58:36.004-0600] {processor.py:830} INFO - Processing file /Users/felipejimenez/Desktop/AirFlow/.env/lib/python3.9/site-packages/airflow/example_dags/example_xcom.py for tasks to queue
[2024-04-14T15:58:36.005-0600] {logging_mixin.py:188} INFO - [2024-04-14T15:58:36.005-0600] {dagbag.py:540} INFO - Filling up the DagBag from /Users/felipejimenez/Desktop/AirFlow/.env/lib/python3.9/site-packages/airflow/example_dags/example_xcom.py
[2024-04-14T15:58:36.016-0600] {processor.py:840} INFO - DAG(s) 'example_xcom' retrieved from /Users/felipejimenez/Desktop/AirFlow/.env/lib/python3.9/site-packages/airflow/example_dags/example_xcom.py
[2024-04-14T15:58:36.048-0600] {logging_mixin.py:188} INFO - [2024-04-14T15:58:36.048-0600] {dag.py:3096} INFO - Sync 1 DAGs
[2024-04-14T15:58:36.069-0600] {logging_mixin.py:188} INFO - [2024-04-14T15:58:36.069-0600] {dag.py:3954} INFO - Setting next_dagrun for example_xcom to 2021-01-01 00:00:00+00:00, run_after=2021-01-01 00:00:00+00:00
[2024-04-14T15:58:36.075-0600] {processor.py:183} INFO - Processing /Users/felipejimenez/Desktop/AirFlow/.env/lib/python3.9/site-packages/airflow/example_dags/example_xcom.py took 0.074 seconds
[2024-04-14T16:00:02.696-0600] {processor.py:161} INFO - Started process (PID=5550) to work on /Users/felipejimenez/Desktop/AirFlow/.env/lib/python3.9/site-packages/airflow/example_dags/example_xcom.py
[2024-04-14T16:00:02.697-0600] {processor.py:830} INFO - Processing file /Users/felipejimenez/Desktop/AirFlow/.env/lib/python3.9/site-packages/airflow/example_dags/example_xcom.py for tasks to queue
[2024-04-14T16:00:02.697-0600] {logging_mixin.py:188} INFO - [2024-04-14T16:00:02.697-0600] {dagbag.py:540} INFO - Filling up the DagBag from /Users/felipejimenez/Desktop/AirFlow/.env/lib/python3.9/site-packages/airflow/example_dags/example_xcom.py
[2024-04-14T16:00:02.710-0600] {processor.py:840} INFO - DAG(s) 'example_xcom' retrieved from /Users/felipejimenez/Desktop/AirFlow/.env/lib/python3.9/site-packages/airflow/example_dags/example_xcom.py
[2024-04-14T16:00:02.741-0600] {logging_mixin.py:188} INFO - [2024-04-14T16:00:02.741-0600] {dag.py:3096} INFO - Sync 1 DAGs
[2024-04-14T16:00:02.763-0600] {logging_mixin.py:188} INFO - [2024-04-14T16:00:02.763-0600] {dag.py:3954} INFO - Setting next_dagrun for example_xcom to 2021-01-01 00:00:00+00:00, run_after=2021-01-01 00:00:00+00:00
[2024-04-14T16:00:02.769-0600] {processor.py:183} INFO - Processing /Users/felipejimenez/Desktop/AirFlow/.env/lib/python3.9/site-packages/airflow/example_dags/example_xcom.py took 0.074 seconds
[2024-04-14T16:01:28.259-0600] {processor.py:161} INFO - Started process (PID=5647) to work on /Users/felipejimenez/Desktop/AirFlow/.env/lib/python3.9/site-packages/airflow/example_dags/example_xcom.py
[2024-04-14T16:01:28.260-0600] {processor.py:830} INFO - Processing file /Users/felipejimenez/Desktop/AirFlow/.env/lib/python3.9/site-packages/airflow/example_dags/example_xcom.py for tasks to queue
[2024-04-14T16:01:28.261-0600] {logging_mixin.py:188} INFO - [2024-04-14T16:01:28.261-0600] {dagbag.py:540} INFO - Filling up the DagBag from /Users/felipejimenez/Desktop/AirFlow/.env/lib/python3.9/site-packages/airflow/example_dags/example_xcom.py
[2024-04-14T16:01:28.273-0600] {processor.py:840} INFO - DAG(s) 'example_xcom' retrieved from /Users/felipejimenez/Desktop/AirFlow/.env/lib/python3.9/site-packages/airflow/example_dags/example_xcom.py
[2024-04-14T16:01:28.306-0600] {logging_mixin.py:188} INFO - [2024-04-14T16:01:28.305-0600] {dag.py:3096} INFO - Sync 1 DAGs
[2024-04-14T16:01:28.329-0600] {logging_mixin.py:188} INFO - [2024-04-14T16:01:28.329-0600] {dag.py:3954} INFO - Setting next_dagrun for example_xcom to 2021-01-01 00:00:00+00:00, run_after=2021-01-01 00:00:00+00:00
[2024-04-14T16:01:28.335-0600] {processor.py:183} INFO - Processing /Users/felipejimenez/Desktop/AirFlow/.env/lib/python3.9/site-packages/airflow/example_dags/example_xcom.py took 0.077 seconds
[2024-04-14T16:03:52.794-0600] {processor.py:161} INFO - Started process (PID=5850) to work on /Users/felipejimenez/Desktop/AirFlow/.env/lib/python3.9/site-packages/airflow/example_dags/example_xcom.py
[2024-04-14T16:03:52.795-0600] {processor.py:830} INFO - Processing file /Users/felipejimenez/Desktop/AirFlow/.env/lib/python3.9/site-packages/airflow/example_dags/example_xcom.py for tasks to queue
[2024-04-14T16:03:52.795-0600] {logging_mixin.py:188} INFO - [2024-04-14T16:03:52.795-0600] {dagbag.py:540} INFO - Filling up the DagBag from /Users/felipejimenez/Desktop/AirFlow/.env/lib/python3.9/site-packages/airflow/example_dags/example_xcom.py
[2024-04-14T16:03:52.808-0600] {processor.py:840} INFO - DAG(s) 'example_xcom' retrieved from /Users/felipejimenez/Desktop/AirFlow/.env/lib/python3.9/site-packages/airflow/example_dags/example_xcom.py
[2024-04-14T16:03:52.839-0600] {logging_mixin.py:188} INFO - [2024-04-14T16:03:52.839-0600] {dag.py:3096} INFO - Sync 1 DAGs
[2024-04-14T16:03:52.861-0600] {logging_mixin.py:188} INFO - [2024-04-14T16:03:52.860-0600] {dag.py:3954} INFO - Setting next_dagrun for example_xcom to 2021-01-01 00:00:00+00:00, run_after=2021-01-01 00:00:00+00:00
[2024-04-14T16:03:52.866-0600] {processor.py:183} INFO - Processing /Users/felipejimenez/Desktop/AirFlow/.env/lib/python3.9/site-packages/airflow/example_dags/example_xcom.py took 0.073 seconds
[2024-04-14T16:05:05.937-0600] {processor.py:161} INFO - Started process (PID=5988) to work on /Users/felipejimenez/Desktop/AirFlow/.env/lib/python3.9/site-packages/airflow/example_dags/example_xcom.py
[2024-04-14T16:05:05.939-0600] {processor.py:830} INFO - Processing file /Users/felipejimenez/Desktop/AirFlow/.env/lib/python3.9/site-packages/airflow/example_dags/example_xcom.py for tasks to queue
[2024-04-14T16:05:05.940-0600] {logging_mixin.py:188} INFO - [2024-04-14T16:05:05.940-0600] {dagbag.py:540} INFO - Filling up the DagBag from /Users/felipejimenez/Desktop/AirFlow/.env/lib/python3.9/site-packages/airflow/example_dags/example_xcom.py
[2024-04-14T16:05:05.954-0600] {processor.py:840} INFO - DAG(s) 'example_xcom' retrieved from /Users/felipejimenez/Desktop/AirFlow/.env/lib/python3.9/site-packages/airflow/example_dags/example_xcom.py
[2024-04-14T16:05:05.991-0600] {logging_mixin.py:188} INFO - [2024-04-14T16:05:05.991-0600] {dag.py:3096} INFO - Sync 1 DAGs
[2024-04-14T16:05:06.021-0600] {logging_mixin.py:188} INFO - [2024-04-14T16:05:06.021-0600] {dag.py:3954} INFO - Setting next_dagrun for example_xcom to 2021-01-01 00:00:00+00:00, run_after=2021-01-01 00:00:00+00:00
[2024-04-14T16:05:06.028-0600] {processor.py:183} INFO - Processing /Users/felipejimenez/Desktop/AirFlow/.env/lib/python3.9/site-packages/airflow/example_dags/example_xcom.py took 0.093 seconds
