[2024-04-14T15:43:07.036-0600] {processor.py:161} INFO - Started process (PID=4141) to work on /Users/felipejimenez/Desktop/AirFlow/.env/lib/python3.9/site-packages/airflow/example_dags/example_branch_day_of_week_operator.py
[2024-04-14T15:43:07.037-0600] {processor.py:830} INFO - Processing file /Users/felipejimenez/Desktop/AirFlow/.env/lib/python3.9/site-packages/airflow/example_dags/example_branch_day_of_week_operator.py for tasks to queue
[2024-04-14T15:43:07.037-0600] {logging_mixin.py:188} INFO - [2024-04-14T15:43:07.037-0600] {dagbag.py:540} INFO - Filling up the DagBag from /Users/felipejimenez/Desktop/AirFlow/.env/lib/python3.9/site-packages/airflow/example_dags/example_branch_day_of_week_operator.py
[2024-04-14T15:43:07.041-0600] {processor.py:840} INFO - DAG(s) 'example_weekday_branch_operator' retrieved from /Users/felipejimenez/Desktop/AirFlow/.env/lib/python3.9/site-packages/airflow/example_dags/example_branch_day_of_week_operator.py
[2024-04-14T15:43:07.116-0600] {logging_mixin.py:188} INFO - [2024-04-14T15:43:07.116-0600] {override.py:1829} INFO - Created Permission View: can edit on DAG:example_weekday_branch_operator
[2024-04-14T15:43:07.118-0600] {logging_mixin.py:188} INFO - [2024-04-14T15:43:07.118-0600] {override.py:1829} INFO - Created Permission View: can delete on DAG:example_weekday_branch_operator
[2024-04-14T15:43:07.120-0600] {logging_mixin.py:188} INFO - [2024-04-14T15:43:07.120-0600] {override.py:1829} INFO - Created Permission View: can read on DAG:example_weekday_branch_operator
[2024-04-14T15:43:07.120-0600] {logging_mixin.py:188} INFO - [2024-04-14T15:43:07.120-0600] {dag.py:3096} INFO - Sync 1 DAGs
[2024-04-14T15:43:07.123-0600] {logging_mixin.py:188} INFO - [2024-04-14T15:43:07.123-0600] {dag.py:3118} INFO - Creating ORM DAG for example_weekday_branch_operator
[2024-04-14T15:43:07.125-0600] {logging_mixin.py:188} INFO - [2024-04-14T15:43:07.125-0600] {dag.py:3954} INFO - Setting next_dagrun for example_weekday_branch_operator to 2024-04-13 00:00:00+00:00, run_after=2024-04-14 00:00:00+00:00
[2024-04-14T15:43:07.130-0600] {processor.py:183} INFO - Processing /Users/felipejimenez/Desktop/AirFlow/.env/lib/python3.9/site-packages/airflow/example_dags/example_branch_day_of_week_operator.py took 0.095 seconds
[2024-04-14T15:44:34.051-0600] {processor.py:161} INFO - Started process (PID=4242) to work on /Users/felipejimenez/Desktop/AirFlow/.env/lib/python3.9/site-packages/airflow/example_dags/example_branch_day_of_week_operator.py
[2024-04-14T15:44:34.052-0600] {processor.py:830} INFO - Processing file /Users/felipejimenez/Desktop/AirFlow/.env/lib/python3.9/site-packages/airflow/example_dags/example_branch_day_of_week_operator.py for tasks to queue
[2024-04-14T15:44:34.053-0600] {logging_mixin.py:188} INFO - [2024-04-14T15:44:34.052-0600] {dagbag.py:540} INFO - Filling up the DagBag from /Users/felipejimenez/Desktop/AirFlow/.env/lib/python3.9/site-packages/airflow/example_dags/example_branch_day_of_week_operator.py
[2024-04-14T15:44:34.057-0600] {processor.py:840} INFO - DAG(s) 'example_weekday_branch_operator' retrieved from /Users/felipejimenez/Desktop/AirFlow/.env/lib/python3.9/site-packages/airflow/example_dags/example_branch_day_of_week_operator.py
[2024-04-14T15:44:34.089-0600] {logging_mixin.py:188} INFO - [2024-04-14T15:44:34.089-0600] {dag.py:3096} INFO - Sync 1 DAGs
[2024-04-14T15:44:34.094-0600] {logging_mixin.py:188} INFO - [2024-04-14T15:44:34.094-0600] {dag.py:3954} INFO - Setting next_dagrun for example_weekday_branch_operator to 2024-04-13 00:00:00+00:00, run_after=2024-04-14 00:00:00+00:00
[2024-04-14T15:44:34.100-0600] {processor.py:183} INFO - Processing /Users/felipejimenez/Desktop/AirFlow/.env/lib/python3.9/site-packages/airflow/example_dags/example_branch_day_of_week_operator.py took 0.049 seconds
[2024-04-14T15:46:00.682-0600] {processor.py:161} INFO - Started process (PID=4350) to work on /Users/felipejimenez/Desktop/AirFlow/.env/lib/python3.9/site-packages/airflow/example_dags/example_branch_day_of_week_operator.py
[2024-04-14T15:46:00.683-0600] {processor.py:830} INFO - Processing file /Users/felipejimenez/Desktop/AirFlow/.env/lib/python3.9/site-packages/airflow/example_dags/example_branch_day_of_week_operator.py for tasks to queue
[2024-04-14T15:46:00.684-0600] {logging_mixin.py:188} INFO - [2024-04-14T15:46:00.684-0600] {dagbag.py:540} INFO - Filling up the DagBag from /Users/felipejimenez/Desktop/AirFlow/.env/lib/python3.9/site-packages/airflow/example_dags/example_branch_day_of_week_operator.py
[2024-04-14T15:46:00.687-0600] {processor.py:840} INFO - DAG(s) 'example_weekday_branch_operator' retrieved from /Users/felipejimenez/Desktop/AirFlow/.env/lib/python3.9/site-packages/airflow/example_dags/example_branch_day_of_week_operator.py
[2024-04-14T15:46:00.719-0600] {logging_mixin.py:188} INFO - [2024-04-14T15:46:00.719-0600] {dag.py:3096} INFO - Sync 1 DAGs
[2024-04-14T15:46:00.724-0600] {logging_mixin.py:188} INFO - [2024-04-14T15:46:00.724-0600] {dag.py:3954} INFO - Setting next_dagrun for example_weekday_branch_operator to 2024-04-13 00:00:00+00:00, run_after=2024-04-14 00:00:00+00:00
[2024-04-14T15:46:00.730-0600] {processor.py:183} INFO - Processing /Users/felipejimenez/Desktop/AirFlow/.env/lib/python3.9/site-packages/airflow/example_dags/example_branch_day_of_week_operator.py took 0.049 seconds
[2024-04-14T15:47:30.430-0600] {processor.py:161} INFO - Started process (PID=4451) to work on /Users/felipejimenez/Desktop/AirFlow/.env/lib/python3.9/site-packages/airflow/example_dags/example_branch_day_of_week_operator.py
[2024-04-14T15:47:30.431-0600] {processor.py:830} INFO - Processing file /Users/felipejimenez/Desktop/AirFlow/.env/lib/python3.9/site-packages/airflow/example_dags/example_branch_day_of_week_operator.py for tasks to queue
[2024-04-14T15:47:30.431-0600] {logging_mixin.py:188} INFO - [2024-04-14T15:47:30.431-0600] {dagbag.py:540} INFO - Filling up the DagBag from /Users/felipejimenez/Desktop/AirFlow/.env/lib/python3.9/site-packages/airflow/example_dags/example_branch_day_of_week_operator.py
[2024-04-14T15:47:30.437-0600] {processor.py:840} INFO - DAG(s) 'example_weekday_branch_operator' retrieved from /Users/felipejimenez/Desktop/AirFlow/.env/lib/python3.9/site-packages/airflow/example_dags/example_branch_day_of_week_operator.py
[2024-04-14T15:47:30.473-0600] {logging_mixin.py:188} INFO - [2024-04-14T15:47:30.472-0600] {dag.py:3096} INFO - Sync 1 DAGs
[2024-04-14T15:47:30.480-0600] {logging_mixin.py:188} INFO - [2024-04-14T15:47:30.480-0600] {dag.py:3954} INFO - Setting next_dagrun for example_weekday_branch_operator to 2024-04-13 00:00:00+00:00, run_after=2024-04-14 00:00:00+00:00
[2024-04-14T15:47:30.487-0600] {processor.py:183} INFO - Processing /Users/felipejimenez/Desktop/AirFlow/.env/lib/python3.9/site-packages/airflow/example_dags/example_branch_day_of_week_operator.py took 0.058 seconds
[2024-04-14T15:49:00.858-0600] {processor.py:161} INFO - Started process (PID=4619) to work on /Users/felipejimenez/Desktop/AirFlow/.env/lib/python3.9/site-packages/airflow/example_dags/example_branch_day_of_week_operator.py
[2024-04-14T15:49:00.859-0600] {processor.py:830} INFO - Processing file /Users/felipejimenez/Desktop/AirFlow/.env/lib/python3.9/site-packages/airflow/example_dags/example_branch_day_of_week_operator.py for tasks to queue
[2024-04-14T15:49:00.860-0600] {logging_mixin.py:188} INFO - [2024-04-14T15:49:00.860-0600] {dagbag.py:540} INFO - Filling up the DagBag from /Users/felipejimenez/Desktop/AirFlow/.env/lib/python3.9/site-packages/airflow/example_dags/example_branch_day_of_week_operator.py
[2024-04-14T15:49:00.864-0600] {processor.py:840} INFO - DAG(s) 'example_weekday_branch_operator' retrieved from /Users/felipejimenez/Desktop/AirFlow/.env/lib/python3.9/site-packages/airflow/example_dags/example_branch_day_of_week_operator.py
[2024-04-14T15:49:00.896-0600] {logging_mixin.py:188} INFO - [2024-04-14T15:49:00.896-0600] {dag.py:3096} INFO - Sync 1 DAGs
[2024-04-14T15:49:00.901-0600] {logging_mixin.py:188} INFO - [2024-04-14T15:49:00.901-0600] {dag.py:3954} INFO - Setting next_dagrun for example_weekday_branch_operator to 2024-04-13 00:00:00+00:00, run_after=2024-04-14 00:00:00+00:00
[2024-04-14T15:49:00.907-0600] {processor.py:183} INFO - Processing /Users/felipejimenez/Desktop/AirFlow/.env/lib/python3.9/site-packages/airflow/example_dags/example_branch_day_of_week_operator.py took 0.050 seconds
[2024-04-14T15:50:28.196-0600] {processor.py:161} INFO - Started process (PID=4732) to work on /Users/felipejimenez/Desktop/AirFlow/.env/lib/python3.9/site-packages/airflow/example_dags/example_branch_day_of_week_operator.py
[2024-04-14T15:50:28.197-0600] {processor.py:830} INFO - Processing file /Users/felipejimenez/Desktop/AirFlow/.env/lib/python3.9/site-packages/airflow/example_dags/example_branch_day_of_week_operator.py for tasks to queue
[2024-04-14T15:50:28.198-0600] {logging_mixin.py:188} INFO - [2024-04-14T15:50:28.197-0600] {dagbag.py:540} INFO - Filling up the DagBag from /Users/felipejimenez/Desktop/AirFlow/.env/lib/python3.9/site-packages/airflow/example_dags/example_branch_day_of_week_operator.py
[2024-04-14T15:50:28.203-0600] {processor.py:840} INFO - DAG(s) 'example_weekday_branch_operator' retrieved from /Users/felipejimenez/Desktop/AirFlow/.env/lib/python3.9/site-packages/airflow/example_dags/example_branch_day_of_week_operator.py
[2024-04-14T15:50:28.243-0600] {logging_mixin.py:188} INFO - [2024-04-14T15:50:28.243-0600] {dag.py:3096} INFO - Sync 1 DAGs
[2024-04-14T15:50:28.250-0600] {logging_mixin.py:188} INFO - [2024-04-14T15:50:28.250-0600] {dag.py:3954} INFO - Setting next_dagrun for example_weekday_branch_operator to 2024-04-13 00:00:00+00:00, run_after=2024-04-14 00:00:00+00:00
[2024-04-14T15:50:28.274-0600] {processor.py:183} INFO - Processing /Users/felipejimenez/Desktop/AirFlow/.env/lib/python3.9/site-packages/airflow/example_dags/example_branch_day_of_week_operator.py took 0.080 seconds
[2024-04-14T15:51:59.214-0600] {processor.py:161} INFO - Started process (PID=4847) to work on /Users/felipejimenez/Desktop/AirFlow/.env/lib/python3.9/site-packages/airflow/example_dags/example_branch_day_of_week_operator.py
[2024-04-14T15:51:59.216-0600] {processor.py:830} INFO - Processing file /Users/felipejimenez/Desktop/AirFlow/.env/lib/python3.9/site-packages/airflow/example_dags/example_branch_day_of_week_operator.py for tasks to queue
[2024-04-14T15:51:59.216-0600] {logging_mixin.py:188} INFO - [2024-04-14T15:51:59.216-0600] {dagbag.py:540} INFO - Filling up the DagBag from /Users/felipejimenez/Desktop/AirFlow/.env/lib/python3.9/site-packages/airflow/example_dags/example_branch_day_of_week_operator.py
[2024-04-14T15:51:59.220-0600] {processor.py:840} INFO - DAG(s) 'example_weekday_branch_operator' retrieved from /Users/felipejimenez/Desktop/AirFlow/.env/lib/python3.9/site-packages/airflow/example_dags/example_branch_day_of_week_operator.py
[2024-04-14T15:51:59.252-0600] {logging_mixin.py:188} INFO - [2024-04-14T15:51:59.252-0600] {dag.py:3096} INFO - Sync 1 DAGs
[2024-04-14T15:51:59.258-0600] {logging_mixin.py:188} INFO - [2024-04-14T15:51:59.258-0600] {dag.py:3954} INFO - Setting next_dagrun for example_weekday_branch_operator to 2024-04-13 00:00:00+00:00, run_after=2024-04-14 00:00:00+00:00
[2024-04-14T15:51:59.263-0600] {processor.py:183} INFO - Processing /Users/felipejimenez/Desktop/AirFlow/.env/lib/python3.9/site-packages/airflow/example_dags/example_branch_day_of_week_operator.py took 0.051 seconds
[2024-04-14T15:53:24.616-0600] {processor.py:161} INFO - Started process (PID=4998) to work on /Users/felipejimenez/Desktop/AirFlow/.env/lib/python3.9/site-packages/airflow/example_dags/example_branch_day_of_week_operator.py
[2024-04-14T15:53:24.618-0600] {processor.py:830} INFO - Processing file /Users/felipejimenez/Desktop/AirFlow/.env/lib/python3.9/site-packages/airflow/example_dags/example_branch_day_of_week_operator.py for tasks to queue
[2024-04-14T15:53:24.618-0600] {logging_mixin.py:188} INFO - [2024-04-14T15:53:24.618-0600] {dagbag.py:540} INFO - Filling up the DagBag from /Users/felipejimenez/Desktop/AirFlow/.env/lib/python3.9/site-packages/airflow/example_dags/example_branch_day_of_week_operator.py
[2024-04-14T15:53:24.623-0600] {processor.py:840} INFO - DAG(s) 'example_weekday_branch_operator' retrieved from /Users/felipejimenez/Desktop/AirFlow/.env/lib/python3.9/site-packages/airflow/example_dags/example_branch_day_of_week_operator.py
[2024-04-14T15:53:24.657-0600] {logging_mixin.py:188} INFO - [2024-04-14T15:53:24.657-0600] {dag.py:3096} INFO - Sync 1 DAGs
[2024-04-14T15:53:24.662-0600] {logging_mixin.py:188} INFO - [2024-04-14T15:53:24.662-0600] {dag.py:3954} INFO - Setting next_dagrun for example_weekday_branch_operator to 2024-04-13 00:00:00+00:00, run_after=2024-04-14 00:00:00+00:00
[2024-04-14T15:53:24.668-0600] {processor.py:183} INFO - Processing /Users/felipejimenez/Desktop/AirFlow/.env/lib/python3.9/site-packages/airflow/example_dags/example_branch_day_of_week_operator.py took 0.053 seconds
[2024-04-14T15:54:51.992-0600] {processor.py:161} INFO - Started process (PID=5099) to work on /Users/felipejimenez/Desktop/AirFlow/.env/lib/python3.9/site-packages/airflow/example_dags/example_branch_day_of_week_operator.py
[2024-04-14T15:54:51.994-0600] {processor.py:830} INFO - Processing file /Users/felipejimenez/Desktop/AirFlow/.env/lib/python3.9/site-packages/airflow/example_dags/example_branch_day_of_week_operator.py for tasks to queue
[2024-04-14T15:54:51.995-0600] {logging_mixin.py:188} INFO - [2024-04-14T15:54:51.994-0600] {dagbag.py:540} INFO - Filling up the DagBag from /Users/felipejimenez/Desktop/AirFlow/.env/lib/python3.9/site-packages/airflow/example_dags/example_branch_day_of_week_operator.py
[2024-04-14T15:54:51.999-0600] {processor.py:840} INFO - DAG(s) 'example_weekday_branch_operator' retrieved from /Users/felipejimenez/Desktop/AirFlow/.env/lib/python3.9/site-packages/airflow/example_dags/example_branch_day_of_week_operator.py
[2024-04-14T15:54:52.032-0600] {logging_mixin.py:188} INFO - [2024-04-14T15:54:52.032-0600] {dag.py:3096} INFO - Sync 1 DAGs
[2024-04-14T15:54:52.037-0600] {logging_mixin.py:188} INFO - [2024-04-14T15:54:52.037-0600] {dag.py:3954} INFO - Setting next_dagrun for example_weekday_branch_operator to 2024-04-13 00:00:00+00:00, run_after=2024-04-14 00:00:00+00:00
[2024-04-14T15:54:52.043-0600] {processor.py:183} INFO - Processing /Users/felipejimenez/Desktop/AirFlow/.env/lib/python3.9/site-packages/airflow/example_dags/example_branch_day_of_week_operator.py took 0.052 seconds
[2024-04-14T15:56:45.277-0600] {processor.py:161} INFO - Started process (PID=5270) to work on /Users/felipejimenez/Desktop/AirFlow/.env/lib/python3.9/site-packages/airflow/example_dags/example_branch_day_of_week_operator.py
[2024-04-14T15:56:45.279-0600] {processor.py:830} INFO - Processing file /Users/felipejimenez/Desktop/AirFlow/.env/lib/python3.9/site-packages/airflow/example_dags/example_branch_day_of_week_operator.py for tasks to queue
[2024-04-14T15:56:45.279-0600] {logging_mixin.py:188} INFO - [2024-04-14T15:56:45.279-0600] {dagbag.py:540} INFO - Filling up the DagBag from /Users/felipejimenez/Desktop/AirFlow/.env/lib/python3.9/site-packages/airflow/example_dags/example_branch_day_of_week_operator.py
[2024-04-14T15:56:45.283-0600] {processor.py:840} INFO - DAG(s) 'example_weekday_branch_operator' retrieved from /Users/felipejimenez/Desktop/AirFlow/.env/lib/python3.9/site-packages/airflow/example_dags/example_branch_day_of_week_operator.py
[2024-04-14T15:56:45.315-0600] {logging_mixin.py:188} INFO - [2024-04-14T15:56:45.315-0600] {dag.py:3096} INFO - Sync 1 DAGs
[2024-04-14T15:56:45.320-0600] {logging_mixin.py:188} INFO - [2024-04-14T15:56:45.320-0600] {dag.py:3954} INFO - Setting next_dagrun for example_weekday_branch_operator to 2024-04-13 00:00:00+00:00, run_after=2024-04-14 00:00:00+00:00
[2024-04-14T15:56:45.326-0600] {processor.py:183} INFO - Processing /Users/felipejimenez/Desktop/AirFlow/.env/lib/python3.9/site-packages/airflow/example_dags/example_branch_day_of_week_operator.py took 0.049 seconds
[2024-04-14T15:58:10.854-0600] {processor.py:161} INFO - Started process (PID=5402) to work on /Users/felipejimenez/Desktop/AirFlow/.env/lib/python3.9/site-packages/airflow/example_dags/example_branch_day_of_week_operator.py
[2024-04-14T15:58:10.856-0600] {processor.py:830} INFO - Processing file /Users/felipejimenez/Desktop/AirFlow/.env/lib/python3.9/site-packages/airflow/example_dags/example_branch_day_of_week_operator.py for tasks to queue
[2024-04-14T15:58:10.856-0600] {logging_mixin.py:188} INFO - [2024-04-14T15:58:10.856-0600] {dagbag.py:540} INFO - Filling up the DagBag from /Users/felipejimenez/Desktop/AirFlow/.env/lib/python3.9/site-packages/airflow/example_dags/example_branch_day_of_week_operator.py
[2024-04-14T15:58:10.860-0600] {processor.py:840} INFO - DAG(s) 'example_weekday_branch_operator' retrieved from /Users/felipejimenez/Desktop/AirFlow/.env/lib/python3.9/site-packages/airflow/example_dags/example_branch_day_of_week_operator.py
[2024-04-14T15:58:10.893-0600] {logging_mixin.py:188} INFO - [2024-04-14T15:58:10.892-0600] {dag.py:3096} INFO - Sync 1 DAGs
[2024-04-14T15:58:10.898-0600] {logging_mixin.py:188} INFO - [2024-04-14T15:58:10.898-0600] {dag.py:3954} INFO - Setting next_dagrun for example_weekday_branch_operator to 2024-04-13 00:00:00+00:00, run_after=2024-04-14 00:00:00+00:00
[2024-04-14T15:58:10.904-0600] {processor.py:183} INFO - Processing /Users/felipejimenez/Desktop/AirFlow/.env/lib/python3.9/site-packages/airflow/example_dags/example_branch_day_of_week_operator.py took 0.051 seconds
[2024-04-14T15:59:41.801-0600] {processor.py:161} INFO - Started process (PID=5525) to work on /Users/felipejimenez/Desktop/AirFlow/.env/lib/python3.9/site-packages/airflow/example_dags/example_branch_day_of_week_operator.py
[2024-04-14T15:59:41.802-0600] {processor.py:830} INFO - Processing file /Users/felipejimenez/Desktop/AirFlow/.env/lib/python3.9/site-packages/airflow/example_dags/example_branch_day_of_week_operator.py for tasks to queue
[2024-04-14T15:59:41.803-0600] {logging_mixin.py:188} INFO - [2024-04-14T15:59:41.803-0600] {dagbag.py:540} INFO - Filling up the DagBag from /Users/felipejimenez/Desktop/AirFlow/.env/lib/python3.9/site-packages/airflow/example_dags/example_branch_day_of_week_operator.py
[2024-04-14T15:59:41.807-0600] {processor.py:840} INFO - DAG(s) 'example_weekday_branch_operator' retrieved from /Users/felipejimenez/Desktop/AirFlow/.env/lib/python3.9/site-packages/airflow/example_dags/example_branch_day_of_week_operator.py
[2024-04-14T15:59:41.839-0600] {logging_mixin.py:188} INFO - [2024-04-14T15:59:41.838-0600] {dag.py:3096} INFO - Sync 1 DAGs
[2024-04-14T15:59:41.844-0600] {logging_mixin.py:188} INFO - [2024-04-14T15:59:41.844-0600] {dag.py:3954} INFO - Setting next_dagrun for example_weekday_branch_operator to 2024-04-13 00:00:00+00:00, run_after=2024-04-14 00:00:00+00:00
[2024-04-14T15:59:41.849-0600] {processor.py:183} INFO - Processing /Users/felipejimenez/Desktop/AirFlow/.env/lib/python3.9/site-packages/airflow/example_dags/example_branch_day_of_week_operator.py took 0.050 seconds
[2024-04-14T16:01:08.172-0600] {processor.py:161} INFO - Started process (PID=5624) to work on /Users/felipejimenez/Desktop/AirFlow/.env/lib/python3.9/site-packages/airflow/example_dags/example_branch_day_of_week_operator.py
[2024-04-14T16:01:08.174-0600] {processor.py:830} INFO - Processing file /Users/felipejimenez/Desktop/AirFlow/.env/lib/python3.9/site-packages/airflow/example_dags/example_branch_day_of_week_operator.py for tasks to queue
[2024-04-14T16:01:08.174-0600] {logging_mixin.py:188} INFO - [2024-04-14T16:01:08.174-0600] {dagbag.py:540} INFO - Filling up the DagBag from /Users/felipejimenez/Desktop/AirFlow/.env/lib/python3.9/site-packages/airflow/example_dags/example_branch_day_of_week_operator.py
[2024-04-14T16:01:08.178-0600] {processor.py:840} INFO - DAG(s) 'example_weekday_branch_operator' retrieved from /Users/felipejimenez/Desktop/AirFlow/.env/lib/python3.9/site-packages/airflow/example_dags/example_branch_day_of_week_operator.py
[2024-04-14T16:01:08.211-0600] {logging_mixin.py:188} INFO - [2024-04-14T16:01:08.211-0600] {dag.py:3096} INFO - Sync 1 DAGs
[2024-04-14T16:01:08.216-0600] {logging_mixin.py:188} INFO - [2024-04-14T16:01:08.216-0600] {dag.py:3954} INFO - Setting next_dagrun for example_weekday_branch_operator to 2024-04-13 00:00:00+00:00, run_after=2024-04-14 00:00:00+00:00
[2024-04-14T16:01:08.222-0600] {processor.py:183} INFO - Processing /Users/felipejimenez/Desktop/AirFlow/.env/lib/python3.9/site-packages/airflow/example_dags/example_branch_day_of_week_operator.py took 0.050 seconds
[2024-04-14T16:04:43.366-0600] {processor.py:161} INFO - Started process (PID=5952) to work on /Users/felipejimenez/Desktop/AirFlow/.env/lib/python3.9/site-packages/airflow/example_dags/example_branch_day_of_week_operator.py
[2024-04-14T16:04:43.367-0600] {processor.py:830} INFO - Processing file /Users/felipejimenez/Desktop/AirFlow/.env/lib/python3.9/site-packages/airflow/example_dags/example_branch_day_of_week_operator.py for tasks to queue
[2024-04-14T16:04:43.368-0600] {logging_mixin.py:188} INFO - [2024-04-14T16:04:43.368-0600] {dagbag.py:540} INFO - Filling up the DagBag from /Users/felipejimenez/Desktop/AirFlow/.env/lib/python3.9/site-packages/airflow/example_dags/example_branch_day_of_week_operator.py
[2024-04-14T16:04:43.371-0600] {processor.py:840} INFO - DAG(s) 'example_weekday_branch_operator' retrieved from /Users/felipejimenez/Desktop/AirFlow/.env/lib/python3.9/site-packages/airflow/example_dags/example_branch_day_of_week_operator.py
[2024-04-14T16:04:43.403-0600] {logging_mixin.py:188} INFO - [2024-04-14T16:04:43.403-0600] {dag.py:3096} INFO - Sync 1 DAGs
[2024-04-14T16:04:43.408-0600] {logging_mixin.py:188} INFO - [2024-04-14T16:04:43.408-0600] {dag.py:3954} INFO - Setting next_dagrun for example_weekday_branch_operator to 2024-04-13 00:00:00+00:00, run_after=2024-04-14 00:00:00+00:00
[2024-04-14T16:04:43.414-0600] {processor.py:183} INFO - Processing /Users/felipejimenez/Desktop/AirFlow/.env/lib/python3.9/site-packages/airflow/example_dags/example_branch_day_of_week_operator.py took 0.049 seconds
[2024-04-14T16:06:15.785-0600] {processor.py:161} INFO - Started process (PID=6116) to work on /Users/felipejimenez/Desktop/AirFlow/.env/lib/python3.9/site-packages/airflow/example_dags/example_branch_day_of_week_operator.py
[2024-04-14T16:06:15.786-0600] {processor.py:830} INFO - Processing file /Users/felipejimenez/Desktop/AirFlow/.env/lib/python3.9/site-packages/airflow/example_dags/example_branch_day_of_week_operator.py for tasks to queue
[2024-04-14T16:06:15.786-0600] {logging_mixin.py:188} INFO - [2024-04-14T16:06:15.786-0600] {dagbag.py:540} INFO - Filling up the DagBag from /Users/felipejimenez/Desktop/AirFlow/.env/lib/python3.9/site-packages/airflow/example_dags/example_branch_day_of_week_operator.py
[2024-04-14T16:06:15.791-0600] {processor.py:840} INFO - DAG(s) 'example_weekday_branch_operator' retrieved from /Users/felipejimenez/Desktop/AirFlow/.env/lib/python3.9/site-packages/airflow/example_dags/example_branch_day_of_week_operator.py
[2024-04-14T16:06:15.824-0600] {logging_mixin.py:188} INFO - [2024-04-14T16:06:15.824-0600] {dag.py:3096} INFO - Sync 1 DAGs
[2024-04-14T16:06:15.829-0600] {logging_mixin.py:188} INFO - [2024-04-14T16:06:15.829-0600] {dag.py:3954} INFO - Setting next_dagrun for example_weekday_branch_operator to 2024-04-13 00:00:00+00:00, run_after=2024-04-14 00:00:00+00:00
[2024-04-14T16:06:15.835-0600] {processor.py:183} INFO - Processing /Users/felipejimenez/Desktop/AirFlow/.env/lib/python3.9/site-packages/airflow/example_dags/example_branch_day_of_week_operator.py took 0.051 seconds
