[2024-04-14T15:43:01.391-0600] {processor.py:161} INFO - Started process (PID=4135) to work on /Users/felipejimenez/Desktop/AirFlow/.env/lib/python3.9/site-packages/airflow/example_dags/example_branch_python_dop_operator_3.py
[2024-04-14T15:43:01.391-0600] {processor.py:830} INFO - Processing file /Users/felipejimenez/Desktop/AirFlow/.env/lib/python3.9/site-packages/airflow/example_dags/example_branch_python_dop_operator_3.py for tasks to queue
[2024-04-14T15:43:01.392-0600] {logging_mixin.py:188} INFO - [2024-04-14T15:43:01.392-0600] {dagbag.py:540} INFO - Filling up the DagBag from /Users/felipejimenez/Desktop/AirFlow/.env/lib/python3.9/site-packages/airflow/example_dags/example_branch_python_dop_operator_3.py
[2024-04-14T15:43:01.405-0600] {processor.py:840} INFO - DAG(s) 'example_branch_dop_operator_v3' retrieved from /Users/felipejimenez/Desktop/AirFlow/.env/lib/python3.9/site-packages/airflow/example_dags/example_branch_python_dop_operator_3.py
[2024-04-14T15:43:01.483-0600] {logging_mixin.py:188} INFO - [2024-04-14T15:43:01.483-0600] {override.py:1829} INFO - Created Permission View: can read on DAG:example_branch_dop_operator_v3
[2024-04-14T15:43:01.486-0600] {logging_mixin.py:188} INFO - [2024-04-14T15:43:01.486-0600] {override.py:1829} INFO - Created Permission View: can edit on DAG:example_branch_dop_operator_v3
[2024-04-14T15:43:01.487-0600] {logging_mixin.py:188} INFO - [2024-04-14T15:43:01.487-0600] {override.py:1829} INFO - Created Permission View: can delete on DAG:example_branch_dop_operator_v3
[2024-04-14T15:43:01.487-0600] {logging_mixin.py:188} INFO - [2024-04-14T15:43:01.487-0600] {dag.py:3096} INFO - Sync 1 DAGs
[2024-04-14T15:43:01.491-0600] {logging_mixin.py:188} INFO - [2024-04-14T15:43:01.491-0600] {dag.py:3118} INFO - Creating ORM DAG for example_branch_dop_operator_v3
[2024-04-14T15:43:01.496-0600] {logging_mixin.py:188} INFO - [2024-04-14T15:43:01.496-0600] {dag.py:3954} INFO - Setting next_dagrun for example_branch_dop_operator_v3 to 2024-04-14 21:42:00+00:00, run_after=2024-04-14 21:43:00+00:00
[2024-04-14T15:43:01.501-0600] {processor.py:183} INFO - Processing /Users/felipejimenez/Desktop/AirFlow/.env/lib/python3.9/site-packages/airflow/example_dags/example_branch_python_dop_operator_3.py took 0.111 seconds
[2024-04-14T15:44:28.368-0600] {processor.py:161} INFO - Started process (PID=4236) to work on /Users/felipejimenez/Desktop/AirFlow/.env/lib/python3.9/site-packages/airflow/example_dags/example_branch_python_dop_operator_3.py
[2024-04-14T15:44:28.369-0600] {processor.py:830} INFO - Processing file /Users/felipejimenez/Desktop/AirFlow/.env/lib/python3.9/site-packages/airflow/example_dags/example_branch_python_dop_operator_3.py for tasks to queue
[2024-04-14T15:44:28.369-0600] {logging_mixin.py:188} INFO - [2024-04-14T15:44:28.369-0600] {dagbag.py:540} INFO - Filling up the DagBag from /Users/felipejimenez/Desktop/AirFlow/.env/lib/python3.9/site-packages/airflow/example_dags/example_branch_python_dop_operator_3.py
[2024-04-14T15:44:28.383-0600] {processor.py:840} INFO - DAG(s) 'example_branch_dop_operator_v3' retrieved from /Users/felipejimenez/Desktop/AirFlow/.env/lib/python3.9/site-packages/airflow/example_dags/example_branch_python_dop_operator_3.py
[2024-04-14T15:44:28.414-0600] {logging_mixin.py:188} INFO - [2024-04-14T15:44:28.414-0600] {dag.py:3096} INFO - Sync 1 DAGs
[2024-04-14T15:44:28.441-0600] {logging_mixin.py:188} INFO - [2024-04-14T15:44:28.441-0600] {dag.py:3954} INFO - Setting next_dagrun for example_branch_dop_operator_v3 to 2024-04-14 21:43:00+00:00, run_after=2024-04-14 21:44:00+00:00
[2024-04-14T15:44:28.447-0600] {processor.py:183} INFO - Processing /Users/felipejimenez/Desktop/AirFlow/.env/lib/python3.9/site-packages/airflow/example_dags/example_branch_python_dop_operator_3.py took 0.080 seconds
[2024-04-14T15:45:56.078-0600] {processor.py:161} INFO - Started process (PID=4344) to work on /Users/felipejimenez/Desktop/AirFlow/.env/lib/python3.9/site-packages/airflow/example_dags/example_branch_python_dop_operator_3.py
[2024-04-14T15:45:56.079-0600] {processor.py:830} INFO - Processing file /Users/felipejimenez/Desktop/AirFlow/.env/lib/python3.9/site-packages/airflow/example_dags/example_branch_python_dop_operator_3.py for tasks to queue
[2024-04-14T15:45:56.080-0600] {logging_mixin.py:188} INFO - [2024-04-14T15:45:56.080-0600] {dagbag.py:540} INFO - Filling up the DagBag from /Users/felipejimenez/Desktop/AirFlow/.env/lib/python3.9/site-packages/airflow/example_dags/example_branch_python_dop_operator_3.py
[2024-04-14T15:45:56.092-0600] {processor.py:840} INFO - DAG(s) 'example_branch_dop_operator_v3' retrieved from /Users/felipejimenez/Desktop/AirFlow/.env/lib/python3.9/site-packages/airflow/example_dags/example_branch_python_dop_operator_3.py
[2024-04-14T15:45:56.125-0600] {logging_mixin.py:188} INFO - [2024-04-14T15:45:56.125-0600] {dag.py:3096} INFO - Sync 1 DAGs
[2024-04-14T15:45:56.151-0600] {logging_mixin.py:188} INFO - [2024-04-14T15:45:56.151-0600] {dag.py:3954} INFO - Setting next_dagrun for example_branch_dop_operator_v3 to 2024-04-14 21:44:00+00:00, run_after=2024-04-14 21:45:00+00:00
[2024-04-14T15:45:56.157-0600] {processor.py:183} INFO - Processing /Users/felipejimenez/Desktop/AirFlow/.env/lib/python3.9/site-packages/airflow/example_dags/example_branch_python_dop_operator_3.py took 0.080 seconds
[2024-04-14T15:47:24.285-0600] {processor.py:161} INFO - Started process (PID=4442) to work on /Users/felipejimenez/Desktop/AirFlow/.env/lib/python3.9/site-packages/airflow/example_dags/example_branch_python_dop_operator_3.py
[2024-04-14T15:47:24.286-0600] {processor.py:830} INFO - Processing file /Users/felipejimenez/Desktop/AirFlow/.env/lib/python3.9/site-packages/airflow/example_dags/example_branch_python_dop_operator_3.py for tasks to queue
[2024-04-14T15:47:24.287-0600] {logging_mixin.py:188} INFO - [2024-04-14T15:47:24.287-0600] {dagbag.py:540} INFO - Filling up the DagBag from /Users/felipejimenez/Desktop/AirFlow/.env/lib/python3.9/site-packages/airflow/example_dags/example_branch_python_dop_operator_3.py
[2024-04-14T15:47:24.299-0600] {processor.py:840} INFO - DAG(s) 'example_branch_dop_operator_v3' retrieved from /Users/felipejimenez/Desktop/AirFlow/.env/lib/python3.9/site-packages/airflow/example_dags/example_branch_python_dop_operator_3.py
[2024-04-14T15:47:24.331-0600] {logging_mixin.py:188} INFO - [2024-04-14T15:47:24.331-0600] {dag.py:3096} INFO - Sync 1 DAGs
[2024-04-14T15:47:24.355-0600] {logging_mixin.py:188} INFO - [2024-04-14T15:47:24.355-0600] {dag.py:3954} INFO - Setting next_dagrun for example_branch_dop_operator_v3 to 2024-04-14 21:46:00+00:00, run_after=2024-04-14 21:47:00+00:00
[2024-04-14T15:47:24.361-0600] {processor.py:183} INFO - Processing /Users/felipejimenez/Desktop/AirFlow/.env/lib/python3.9/site-packages/airflow/example_dags/example_branch_python_dop_operator_3.py took 0.077 seconds
[2024-04-14T15:48:54.671-0600] {processor.py:161} INFO - Started process (PID=4611) to work on /Users/felipejimenez/Desktop/AirFlow/.env/lib/python3.9/site-packages/airflow/example_dags/example_branch_python_dop_operator_3.py
[2024-04-14T15:48:54.672-0600] {processor.py:830} INFO - Processing file /Users/felipejimenez/Desktop/AirFlow/.env/lib/python3.9/site-packages/airflow/example_dags/example_branch_python_dop_operator_3.py for tasks to queue
[2024-04-14T15:48:54.673-0600] {logging_mixin.py:188} INFO - [2024-04-14T15:48:54.673-0600] {dagbag.py:540} INFO - Filling up the DagBag from /Users/felipejimenez/Desktop/AirFlow/.env/lib/python3.9/site-packages/airflow/example_dags/example_branch_python_dop_operator_3.py
[2024-04-14T15:48:54.685-0600] {processor.py:840} INFO - DAG(s) 'example_branch_dop_operator_v3' retrieved from /Users/felipejimenez/Desktop/AirFlow/.env/lib/python3.9/site-packages/airflow/example_dags/example_branch_python_dop_operator_3.py
[2024-04-14T15:48:54.715-0600] {logging_mixin.py:188} INFO - [2024-04-14T15:48:54.715-0600] {dag.py:3096} INFO - Sync 1 DAGs
[2024-04-14T15:48:54.740-0600] {logging_mixin.py:188} INFO - [2024-04-14T15:48:54.740-0600] {dag.py:3954} INFO - Setting next_dagrun for example_branch_dop_operator_v3 to 2024-04-14 21:47:00+00:00, run_after=2024-04-14 21:48:00+00:00
[2024-04-14T15:48:54.746-0600] {processor.py:183} INFO - Processing /Users/felipejimenez/Desktop/AirFlow/.env/lib/python3.9/site-packages/airflow/example_dags/example_branch_python_dop_operator_3.py took 0.076 seconds
[2024-04-14T15:50:21.896-0600] {processor.py:161} INFO - Started process (PID=4726) to work on /Users/felipejimenez/Desktop/AirFlow/.env/lib/python3.9/site-packages/airflow/example_dags/example_branch_python_dop_operator_3.py
[2024-04-14T15:50:21.897-0600] {processor.py:830} INFO - Processing file /Users/felipejimenez/Desktop/AirFlow/.env/lib/python3.9/site-packages/airflow/example_dags/example_branch_python_dop_operator_3.py for tasks to queue
[2024-04-14T15:50:21.897-0600] {logging_mixin.py:188} INFO - [2024-04-14T15:50:21.897-0600] {dagbag.py:540} INFO - Filling up the DagBag from /Users/felipejimenez/Desktop/AirFlow/.env/lib/python3.9/site-packages/airflow/example_dags/example_branch_python_dop_operator_3.py
[2024-04-14T15:50:21.911-0600] {processor.py:840} INFO - DAG(s) 'example_branch_dop_operator_v3' retrieved from /Users/felipejimenez/Desktop/AirFlow/.env/lib/python3.9/site-packages/airflow/example_dags/example_branch_python_dop_operator_3.py
[2024-04-14T15:50:21.944-0600] {logging_mixin.py:188} INFO - [2024-04-14T15:50:21.944-0600] {dag.py:3096} INFO - Sync 1 DAGs
[2024-04-14T15:50:21.969-0600] {logging_mixin.py:188} INFO - [2024-04-14T15:50:21.969-0600] {dag.py:3954} INFO - Setting next_dagrun for example_branch_dop_operator_v3 to 2024-04-14 21:49:00+00:00, run_after=2024-04-14 21:50:00+00:00
[2024-04-14T15:50:21.975-0600] {processor.py:183} INFO - Processing /Users/felipejimenez/Desktop/AirFlow/.env/lib/python3.9/site-packages/airflow/example_dags/example_branch_python_dop_operator_3.py took 0.080 seconds
[2024-04-14T15:51:53.546-0600] {processor.py:161} INFO - Started process (PID=4839) to work on /Users/felipejimenez/Desktop/AirFlow/.env/lib/python3.9/site-packages/airflow/example_dags/example_branch_python_dop_operator_3.py
[2024-04-14T15:51:53.547-0600] {processor.py:830} INFO - Processing file /Users/felipejimenez/Desktop/AirFlow/.env/lib/python3.9/site-packages/airflow/example_dags/example_branch_python_dop_operator_3.py for tasks to queue
[2024-04-14T15:51:53.547-0600] {logging_mixin.py:188} INFO - [2024-04-14T15:51:53.547-0600] {dagbag.py:540} INFO - Filling up the DagBag from /Users/felipejimenez/Desktop/AirFlow/.env/lib/python3.9/site-packages/airflow/example_dags/example_branch_python_dop_operator_3.py
[2024-04-14T15:51:53.560-0600] {processor.py:840} INFO - DAG(s) 'example_branch_dop_operator_v3' retrieved from /Users/felipejimenez/Desktop/AirFlow/.env/lib/python3.9/site-packages/airflow/example_dags/example_branch_python_dop_operator_3.py
[2024-04-14T15:51:53.592-0600] {logging_mixin.py:188} INFO - [2024-04-14T15:51:53.591-0600] {dag.py:3096} INFO - Sync 1 DAGs
[2024-04-14T15:51:53.616-0600] {logging_mixin.py:188} INFO - [2024-04-14T15:51:53.616-0600] {dag.py:3954} INFO - Setting next_dagrun for example_branch_dop_operator_v3 to 2024-04-14 21:50:00+00:00, run_after=2024-04-14 21:51:00+00:00
[2024-04-14T15:51:53.622-0600] {processor.py:183} INFO - Processing /Users/felipejimenez/Desktop/AirFlow/.env/lib/python3.9/site-packages/airflow/example_dags/example_branch_python_dop_operator_3.py took 0.077 seconds
[2024-04-14T15:53:19.014-0600] {processor.py:161} INFO - Started process (PID=4992) to work on /Users/felipejimenez/Desktop/AirFlow/.env/lib/python3.9/site-packages/airflow/example_dags/example_branch_python_dop_operator_3.py
[2024-04-14T15:53:19.015-0600] {processor.py:830} INFO - Processing file /Users/felipejimenez/Desktop/AirFlow/.env/lib/python3.9/site-packages/airflow/example_dags/example_branch_python_dop_operator_3.py for tasks to queue
[2024-04-14T15:53:19.015-0600] {logging_mixin.py:188} INFO - [2024-04-14T15:53:19.015-0600] {dagbag.py:540} INFO - Filling up the DagBag from /Users/felipejimenez/Desktop/AirFlow/.env/lib/python3.9/site-packages/airflow/example_dags/example_branch_python_dop_operator_3.py
[2024-04-14T15:53:19.029-0600] {processor.py:840} INFO - DAG(s) 'example_branch_dop_operator_v3' retrieved from /Users/felipejimenez/Desktop/AirFlow/.env/lib/python3.9/site-packages/airflow/example_dags/example_branch_python_dop_operator_3.py
[2024-04-14T15:53:19.062-0600] {logging_mixin.py:188} INFO - [2024-04-14T15:53:19.062-0600] {dag.py:3096} INFO - Sync 1 DAGs
[2024-04-14T15:53:19.089-0600] {logging_mixin.py:188} INFO - [2024-04-14T15:53:19.089-0600] {dag.py:3954} INFO - Setting next_dagrun for example_branch_dop_operator_v3 to 2024-04-14 21:52:00+00:00, run_after=2024-04-14 21:53:00+00:00
[2024-04-14T15:53:19.095-0600] {processor.py:183} INFO - Processing /Users/felipejimenez/Desktop/AirFlow/.env/lib/python3.9/site-packages/airflow/example_dags/example_branch_python_dop_operator_3.py took 0.082 seconds
[2024-04-14T15:54:47.019-0600] {processor.py:161} INFO - Started process (PID=5093) to work on /Users/felipejimenez/Desktop/AirFlow/.env/lib/python3.9/site-packages/airflow/example_dags/example_branch_python_dop_operator_3.py
[2024-04-14T15:54:47.022-0600] {processor.py:830} INFO - Processing file /Users/felipejimenez/Desktop/AirFlow/.env/lib/python3.9/site-packages/airflow/example_dags/example_branch_python_dop_operator_3.py for tasks to queue
[2024-04-14T15:54:47.022-0600] {logging_mixin.py:188} INFO - [2024-04-14T15:54:47.022-0600] {dagbag.py:540} INFO - Filling up the DagBag from /Users/felipejimenez/Desktop/AirFlow/.env/lib/python3.9/site-packages/airflow/example_dags/example_branch_python_dop_operator_3.py
[2024-04-14T15:54:47.036-0600] {processor.py:840} INFO - DAG(s) 'example_branch_dop_operator_v3' retrieved from /Users/felipejimenez/Desktop/AirFlow/.env/lib/python3.9/site-packages/airflow/example_dags/example_branch_python_dop_operator_3.py
[2024-04-14T15:54:47.068-0600] {logging_mixin.py:188} INFO - [2024-04-14T15:54:47.067-0600] {dag.py:3096} INFO - Sync 1 DAGs
[2024-04-14T15:54:47.091-0600] {logging_mixin.py:188} INFO - [2024-04-14T15:54:47.091-0600] {dag.py:3954} INFO - Setting next_dagrun for example_branch_dop_operator_v3 to 2024-04-14 21:53:00+00:00, run_after=2024-04-14 21:54:00+00:00
[2024-04-14T15:54:47.097-0600] {processor.py:183} INFO - Processing /Users/felipejimenez/Desktop/AirFlow/.env/lib/python3.9/site-packages/airflow/example_dags/example_branch_python_dop_operator_3.py took 0.079 seconds
[2024-04-14T15:56:39.039-0600] {processor.py:161} INFO - Started process (PID=5258) to work on /Users/felipejimenez/Desktop/AirFlow/.env/lib/python3.9/site-packages/airflow/example_dags/example_branch_python_dop_operator_3.py
[2024-04-14T15:56:39.040-0600] {processor.py:830} INFO - Processing file /Users/felipejimenez/Desktop/AirFlow/.env/lib/python3.9/site-packages/airflow/example_dags/example_branch_python_dop_operator_3.py for tasks to queue
[2024-04-14T15:56:39.041-0600] {logging_mixin.py:188} INFO - [2024-04-14T15:56:39.041-0600] {dagbag.py:540} INFO - Filling up the DagBag from /Users/felipejimenez/Desktop/AirFlow/.env/lib/python3.9/site-packages/airflow/example_dags/example_branch_python_dop_operator_3.py
[2024-04-14T15:56:39.056-0600] {processor.py:840} INFO - DAG(s) 'example_branch_dop_operator_v3' retrieved from /Users/felipejimenez/Desktop/AirFlow/.env/lib/python3.9/site-packages/airflow/example_dags/example_branch_python_dop_operator_3.py
[2024-04-14T15:56:39.090-0600] {logging_mixin.py:188} INFO - [2024-04-14T15:56:39.090-0600] {dag.py:3096} INFO - Sync 1 DAGs
[2024-04-14T15:56:39.120-0600] {logging_mixin.py:188} INFO - [2024-04-14T15:56:39.120-0600] {dag.py:3954} INFO - Setting next_dagrun for example_branch_dop_operator_v3 to 2024-04-14 21:55:00+00:00, run_after=2024-04-14 21:56:00+00:00
[2024-04-14T15:56:39.126-0600] {processor.py:183} INFO - Processing /Users/felipejimenez/Desktop/AirFlow/.env/lib/python3.9/site-packages/airflow/example_dags/example_branch_python_dop_operator_3.py took 0.088 seconds
[2024-04-14T15:58:04.403-0600] {processor.py:161} INFO - Started process (PID=5394) to work on /Users/felipejimenez/Desktop/AirFlow/.env/lib/python3.9/site-packages/airflow/example_dags/example_branch_python_dop_operator_3.py
[2024-04-14T15:58:04.404-0600] {processor.py:830} INFO - Processing file /Users/felipejimenez/Desktop/AirFlow/.env/lib/python3.9/site-packages/airflow/example_dags/example_branch_python_dop_operator_3.py for tasks to queue
[2024-04-14T15:58:04.405-0600] {logging_mixin.py:188} INFO - [2024-04-14T15:58:04.405-0600] {dagbag.py:540} INFO - Filling up the DagBag from /Users/felipejimenez/Desktop/AirFlow/.env/lib/python3.9/site-packages/airflow/example_dags/example_branch_python_dop_operator_3.py
[2024-04-14T15:58:04.417-0600] {processor.py:840} INFO - DAG(s) 'example_branch_dop_operator_v3' retrieved from /Users/felipejimenez/Desktop/AirFlow/.env/lib/python3.9/site-packages/airflow/example_dags/example_branch_python_dop_operator_3.py
[2024-04-14T15:58:04.449-0600] {logging_mixin.py:188} INFO - [2024-04-14T15:58:04.449-0600] {dag.py:3096} INFO - Sync 1 DAGs
[2024-04-14T15:58:04.475-0600] {logging_mixin.py:188} INFO - [2024-04-14T15:58:04.475-0600] {dag.py:3954} INFO - Setting next_dagrun for example_branch_dop_operator_v3 to 2024-04-14 21:57:00+00:00, run_after=2024-04-14 21:58:00+00:00
[2024-04-14T15:58:04.480-0600] {processor.py:183} INFO - Processing /Users/felipejimenez/Desktop/AirFlow/.env/lib/python3.9/site-packages/airflow/example_dags/example_branch_python_dop_operator_3.py took 0.078 seconds
[2024-04-14T15:59:36.232-0600] {processor.py:161} INFO - Started process (PID=5519) to work on /Users/felipejimenez/Desktop/AirFlow/.env/lib/python3.9/site-packages/airflow/example_dags/example_branch_python_dop_operator_3.py
[2024-04-14T15:59:36.234-0600] {processor.py:830} INFO - Processing file /Users/felipejimenez/Desktop/AirFlow/.env/lib/python3.9/site-packages/airflow/example_dags/example_branch_python_dop_operator_3.py for tasks to queue
[2024-04-14T15:59:36.234-0600] {logging_mixin.py:188} INFO - [2024-04-14T15:59:36.234-0600] {dagbag.py:540} INFO - Filling up the DagBag from /Users/felipejimenez/Desktop/AirFlow/.env/lib/python3.9/site-packages/airflow/example_dags/example_branch_python_dop_operator_3.py
[2024-04-14T15:59:36.247-0600] {processor.py:840} INFO - DAG(s) 'example_branch_dop_operator_v3' retrieved from /Users/felipejimenez/Desktop/AirFlow/.env/lib/python3.9/site-packages/airflow/example_dags/example_branch_python_dop_operator_3.py
[2024-04-14T15:59:36.278-0600] {logging_mixin.py:188} INFO - [2024-04-14T15:59:36.278-0600] {dag.py:3096} INFO - Sync 1 DAGs
[2024-04-14T15:59:36.302-0600] {logging_mixin.py:188} INFO - [2024-04-14T15:59:36.302-0600] {dag.py:3954} INFO - Setting next_dagrun for example_branch_dop_operator_v3 to 2024-04-14 21:58:00+00:00, run_after=2024-04-14 21:59:00+00:00
[2024-04-14T15:59:36.307-0600] {processor.py:183} INFO - Processing /Users/felipejimenez/Desktop/AirFlow/.env/lib/python3.9/site-packages/airflow/example_dags/example_branch_python_dop_operator_3.py took 0.076 seconds
[2024-04-14T16:01:02.521-0600] {processor.py:161} INFO - Started process (PID=5618) to work on /Users/felipejimenez/Desktop/AirFlow/.env/lib/python3.9/site-packages/airflow/example_dags/example_branch_python_dop_operator_3.py
[2024-04-14T16:01:02.522-0600] {processor.py:830} INFO - Processing file /Users/felipejimenez/Desktop/AirFlow/.env/lib/python3.9/site-packages/airflow/example_dags/example_branch_python_dop_operator_3.py for tasks to queue
[2024-04-14T16:01:02.523-0600] {logging_mixin.py:188} INFO - [2024-04-14T16:01:02.523-0600] {dagbag.py:540} INFO - Filling up the DagBag from /Users/felipejimenez/Desktop/AirFlow/.env/lib/python3.9/site-packages/airflow/example_dags/example_branch_python_dop_operator_3.py
[2024-04-14T16:01:02.536-0600] {processor.py:840} INFO - DAG(s) 'example_branch_dop_operator_v3' retrieved from /Users/felipejimenez/Desktop/AirFlow/.env/lib/python3.9/site-packages/airflow/example_dags/example_branch_python_dop_operator_3.py
[2024-04-14T16:01:02.568-0600] {logging_mixin.py:188} INFO - [2024-04-14T16:01:02.568-0600] {dag.py:3096} INFO - Sync 1 DAGs
[2024-04-14T16:01:02.594-0600] {logging_mixin.py:188} INFO - [2024-04-14T16:01:02.594-0600] {dag.py:3954} INFO - Setting next_dagrun for example_branch_dop_operator_v3 to 2024-04-14 22:00:00+00:00, run_after=2024-04-14 22:01:00+00:00
[2024-04-14T16:01:02.600-0600] {processor.py:183} INFO - Processing /Users/felipejimenez/Desktop/AirFlow/.env/lib/python3.9/site-packages/airflow/example_dags/example_branch_python_dop_operator_3.py took 0.080 seconds
[2024-04-14T16:04:37.113-0600] {processor.py:161} INFO - Started process (PID=5945) to work on /Users/felipejimenez/Desktop/AirFlow/.env/lib/python3.9/site-packages/airflow/example_dags/example_branch_python_dop_operator_3.py
[2024-04-14T16:04:37.114-0600] {processor.py:830} INFO - Processing file /Users/felipejimenez/Desktop/AirFlow/.env/lib/python3.9/site-packages/airflow/example_dags/example_branch_python_dop_operator_3.py for tasks to queue
[2024-04-14T16:04:37.114-0600] {logging_mixin.py:188} INFO - [2024-04-14T16:04:37.114-0600] {dagbag.py:540} INFO - Filling up the DagBag from /Users/felipejimenez/Desktop/AirFlow/.env/lib/python3.9/site-packages/airflow/example_dags/example_branch_python_dop_operator_3.py
[2024-04-14T16:04:37.128-0600] {processor.py:840} INFO - DAG(s) 'example_branch_dop_operator_v3' retrieved from /Users/felipejimenez/Desktop/AirFlow/.env/lib/python3.9/site-packages/airflow/example_dags/example_branch_python_dop_operator_3.py
[2024-04-14T16:04:37.160-0600] {logging_mixin.py:188} INFO - [2024-04-14T16:04:37.159-0600] {dag.py:3096} INFO - Sync 1 DAGs
[2024-04-14T16:04:37.187-0600] {logging_mixin.py:188} INFO - [2024-04-14T16:04:37.187-0600] {dag.py:3954} INFO - Setting next_dagrun for example_branch_dop_operator_v3 to 2024-04-14 22:03:00+00:00, run_after=2024-04-14 22:04:00+00:00
[2024-04-14T16:04:37.192-0600] {processor.py:183} INFO - Processing /Users/felipejimenez/Desktop/AirFlow/.env/lib/python3.9/site-packages/airflow/example_dags/example_branch_python_dop_operator_3.py took 0.081 seconds
[2024-04-14T16:06:10.172-0600] {processor.py:161} INFO - Started process (PID=6108) to work on /Users/felipejimenez/Desktop/AirFlow/.env/lib/python3.9/site-packages/airflow/example_dags/example_branch_python_dop_operator_3.py
[2024-04-14T16:06:10.173-0600] {processor.py:830} INFO - Processing file /Users/felipejimenez/Desktop/AirFlow/.env/lib/python3.9/site-packages/airflow/example_dags/example_branch_python_dop_operator_3.py for tasks to queue
[2024-04-14T16:06:10.173-0600] {logging_mixin.py:188} INFO - [2024-04-14T16:06:10.173-0600] {dagbag.py:540} INFO - Filling up the DagBag from /Users/felipejimenez/Desktop/AirFlow/.env/lib/python3.9/site-packages/airflow/example_dags/example_branch_python_dop_operator_3.py
[2024-04-14T16:06:10.186-0600] {processor.py:840} INFO - DAG(s) 'example_branch_dop_operator_v3' retrieved from /Users/felipejimenez/Desktop/AirFlow/.env/lib/python3.9/site-packages/airflow/example_dags/example_branch_python_dop_operator_3.py
[2024-04-14T16:06:10.217-0600] {logging_mixin.py:188} INFO - [2024-04-14T16:06:10.217-0600] {dag.py:3096} INFO - Sync 1 DAGs
[2024-04-14T16:06:10.242-0600] {logging_mixin.py:188} INFO - [2024-04-14T16:06:10.242-0600] {dag.py:3954} INFO - Setting next_dagrun for example_branch_dop_operator_v3 to 2024-04-14 22:05:00+00:00, run_after=2024-04-14 22:06:00+00:00
[2024-04-14T16:06:10.248-0600] {processor.py:183} INFO - Processing /Users/felipejimenez/Desktop/AirFlow/.env/lib/python3.9/site-packages/airflow/example_dags/example_branch_python_dop_operator_3.py took 0.077 seconds
