[2024-04-14T15:42:36.663-0600] {processor.py:161} INFO - Started process (PID=4108) to work on /Users/felipejimenez/Desktop/AirFlow/.env/lib/python3.9/site-packages/airflow/example_dags/example_python_operator.py
[2024-04-14T15:42:36.664-0600] {processor.py:830} INFO - Processing file /Users/felipejimenez/Desktop/AirFlow/.env/lib/python3.9/site-packages/airflow/example_dags/example_python_operator.py for tasks to queue
[2024-04-14T15:42:36.664-0600] {logging_mixin.py:188} INFO - [2024-04-14T15:42:36.664-0600] {dagbag.py:540} INFO - Filling up the DagBag from /Users/felipejimenez/Desktop/AirFlow/.env/lib/python3.9/site-packages/airflow/example_dags/example_python_operator.py
[2024-04-14T15:42:36.672-0600] {logging_mixin.py:188} INFO - [2024-04-14T15:42:36.672-0600] {example_python_operator.py:93} WARNING - The virtalenv_python example task requires virtualenv, please install it.
[2024-04-14T15:42:36.673-0600] {processor.py:840} INFO - DAG(s) 'example_python_operator' retrieved from /Users/felipejimenez/Desktop/AirFlow/.env/lib/python3.9/site-packages/airflow/example_dags/example_python_operator.py
[2024-04-14T15:42:36.755-0600] {logging_mixin.py:188} INFO - [2024-04-14T15:42:36.755-0600] {override.py:1829} INFO - Created Permission View: can read on DAG:example_python_operator
[2024-04-14T15:42:36.758-0600] {logging_mixin.py:188} INFO - [2024-04-14T15:42:36.758-0600] {override.py:1829} INFO - Created Permission View: can delete on DAG:example_python_operator
[2024-04-14T15:42:36.760-0600] {logging_mixin.py:188} INFO - [2024-04-14T15:42:36.760-0600] {override.py:1829} INFO - Created Permission View: can edit on DAG:example_python_operator
[2024-04-14T15:42:36.760-0600] {logging_mixin.py:188} INFO - [2024-04-14T15:42:36.760-0600] {dag.py:3096} INFO - Sync 1 DAGs
[2024-04-14T15:42:36.764-0600] {logging_mixin.py:188} INFO - [2024-04-14T15:42:36.764-0600] {dag.py:3118} INFO - Creating ORM DAG for example_python_operator
[2024-04-14T15:42:36.764-0600] {logging_mixin.py:188} INFO - [2024-04-14T15:42:36.764-0600] {dag.py:3954} INFO - Setting next_dagrun for example_python_operator to None, run_after=None
[2024-04-14T15:42:36.769-0600] {processor.py:183} INFO - Processing /Users/felipejimenez/Desktop/AirFlow/.env/lib/python3.9/site-packages/airflow/example_dags/example_python_operator.py took 0.107 seconds
[2024-04-14T15:43:50.815-0600] {processor.py:161} INFO - Started process (PID=4194) to work on /Users/felipejimenez/Desktop/AirFlow/.env/lib/python3.9/site-packages/airflow/example_dags/example_python_operator.py
[2024-04-14T15:43:50.816-0600] {processor.py:830} INFO - Processing file /Users/felipejimenez/Desktop/AirFlow/.env/lib/python3.9/site-packages/airflow/example_dags/example_python_operator.py for tasks to queue
[2024-04-14T15:43:50.817-0600] {logging_mixin.py:188} INFO - [2024-04-14T15:43:50.816-0600] {dagbag.py:540} INFO - Filling up the DagBag from /Users/felipejimenez/Desktop/AirFlow/.env/lib/python3.9/site-packages/airflow/example_dags/example_python_operator.py
[2024-04-14T15:43:50.824-0600] {logging_mixin.py:188} INFO - [2024-04-14T15:43:50.824-0600] {example_python_operator.py:93} WARNING - The virtalenv_python example task requires virtualenv, please install it.
[2024-04-14T15:43:50.825-0600] {processor.py:840} INFO - DAG(s) 'example_python_operator' retrieved from /Users/felipejimenez/Desktop/AirFlow/.env/lib/python3.9/site-packages/airflow/example_dags/example_python_operator.py
[2024-04-14T15:43:50.857-0600] {logging_mixin.py:188} INFO - [2024-04-14T15:43:50.857-0600] {dag.py:3096} INFO - Sync 1 DAGs
[2024-04-14T15:43:50.878-0600] {logging_mixin.py:188} INFO - [2024-04-14T15:43:50.878-0600] {dag.py:3954} INFO - Setting next_dagrun for example_python_operator to None, run_after=None
[2024-04-14T15:43:50.884-0600] {processor.py:183} INFO - Processing /Users/felipejimenez/Desktop/AirFlow/.env/lib/python3.9/site-packages/airflow/example_dags/example_python_operator.py took 0.070 seconds
[2024-04-14T15:45:18.131-0600] {processor.py:161} INFO - Started process (PID=4298) to work on /Users/felipejimenez/Desktop/AirFlow/.env/lib/python3.9/site-packages/airflow/example_dags/example_python_operator.py
[2024-04-14T15:45:18.132-0600] {processor.py:830} INFO - Processing file /Users/felipejimenez/Desktop/AirFlow/.env/lib/python3.9/site-packages/airflow/example_dags/example_python_operator.py for tasks to queue
[2024-04-14T15:45:18.133-0600] {logging_mixin.py:188} INFO - [2024-04-14T15:45:18.133-0600] {dagbag.py:540} INFO - Filling up the DagBag from /Users/felipejimenez/Desktop/AirFlow/.env/lib/python3.9/site-packages/airflow/example_dags/example_python_operator.py
[2024-04-14T15:45:18.140-0600] {logging_mixin.py:188} INFO - [2024-04-14T15:45:18.140-0600] {example_python_operator.py:93} WARNING - The virtalenv_python example task requires virtualenv, please install it.
[2024-04-14T15:45:18.141-0600] {processor.py:840} INFO - DAG(s) 'example_python_operator' retrieved from /Users/felipejimenez/Desktop/AirFlow/.env/lib/python3.9/site-packages/airflow/example_dags/example_python_operator.py
[2024-04-14T15:45:18.173-0600] {logging_mixin.py:188} INFO - [2024-04-14T15:45:18.172-0600] {dag.py:3096} INFO - Sync 1 DAGs
[2024-04-14T15:45:18.193-0600] {logging_mixin.py:188} INFO - [2024-04-14T15:45:18.193-0600] {dag.py:3954} INFO - Setting next_dagrun for example_python_operator to None, run_after=None
[2024-04-14T15:45:18.199-0600] {processor.py:183} INFO - Processing /Users/felipejimenez/Desktop/AirFlow/.env/lib/python3.9/site-packages/airflow/example_dags/example_python_operator.py took 0.069 seconds
[2024-04-14T15:46:41.728-0600] {processor.py:161} INFO - Started process (PID=4396) to work on /Users/felipejimenez/Desktop/AirFlow/.env/lib/python3.9/site-packages/airflow/example_dags/example_python_operator.py
[2024-04-14T15:46:41.729-0600] {processor.py:830} INFO - Processing file /Users/felipejimenez/Desktop/AirFlow/.env/lib/python3.9/site-packages/airflow/example_dags/example_python_operator.py for tasks to queue
[2024-04-14T15:46:41.730-0600] {logging_mixin.py:188} INFO - [2024-04-14T15:46:41.730-0600] {dagbag.py:540} INFO - Filling up the DagBag from /Users/felipejimenez/Desktop/AirFlow/.env/lib/python3.9/site-packages/airflow/example_dags/example_python_operator.py
[2024-04-14T15:46:41.737-0600] {logging_mixin.py:188} INFO - [2024-04-14T15:46:41.737-0600] {example_python_operator.py:93} WARNING - The virtalenv_python example task requires virtualenv, please install it.
[2024-04-14T15:46:41.738-0600] {processor.py:840} INFO - DAG(s) 'example_python_operator' retrieved from /Users/felipejimenez/Desktop/AirFlow/.env/lib/python3.9/site-packages/airflow/example_dags/example_python_operator.py
[2024-04-14T15:46:41.769-0600] {logging_mixin.py:188} INFO - [2024-04-14T15:46:41.769-0600] {dag.py:3096} INFO - Sync 1 DAGs
[2024-04-14T15:46:41.789-0600] {logging_mixin.py:188} INFO - [2024-04-14T15:46:41.789-0600] {dag.py:3954} INFO - Setting next_dagrun for example_python_operator to None, run_after=None
[2024-04-14T15:46:41.795-0600] {processor.py:183} INFO - Processing /Users/felipejimenez/Desktop/AirFlow/.env/lib/python3.9/site-packages/airflow/example_dags/example_python_operator.py took 0.068 seconds
[2024-04-14T15:48:14.305-0600] {processor.py:161} INFO - Started process (PID=4510) to work on /Users/felipejimenez/Desktop/AirFlow/.env/lib/python3.9/site-packages/airflow/example_dags/example_python_operator.py
[2024-04-14T15:48:14.307-0600] {processor.py:830} INFO - Processing file /Users/felipejimenez/Desktop/AirFlow/.env/lib/python3.9/site-packages/airflow/example_dags/example_python_operator.py for tasks to queue
[2024-04-14T15:48:14.307-0600] {logging_mixin.py:188} INFO - [2024-04-14T15:48:14.307-0600] {dagbag.py:540} INFO - Filling up the DagBag from /Users/felipejimenez/Desktop/AirFlow/.env/lib/python3.9/site-packages/airflow/example_dags/example_python_operator.py
[2024-04-14T15:48:14.314-0600] {logging_mixin.py:188} INFO - [2024-04-14T15:48:14.314-0600] {example_python_operator.py:93} WARNING - The virtalenv_python example task requires virtualenv, please install it.
[2024-04-14T15:48:14.315-0600] {processor.py:840} INFO - DAG(s) 'example_python_operator' retrieved from /Users/felipejimenez/Desktop/AirFlow/.env/lib/python3.9/site-packages/airflow/example_dags/example_python_operator.py
[2024-04-14T15:48:14.347-0600] {logging_mixin.py:188} INFO - [2024-04-14T15:48:14.347-0600] {dag.py:3096} INFO - Sync 1 DAGs
[2024-04-14T15:48:14.367-0600] {logging_mixin.py:188} INFO - [2024-04-14T15:48:14.367-0600] {dag.py:3954} INFO - Setting next_dagrun for example_python_operator to None, run_after=None
[2024-04-14T15:48:14.373-0600] {processor.py:183} INFO - Processing /Users/felipejimenez/Desktop/AirFlow/.env/lib/python3.9/site-packages/airflow/example_dags/example_python_operator.py took 0.069 seconds
[2024-04-14T15:49:43.780-0600] {processor.py:161} INFO - Started process (PID=4678) to work on /Users/felipejimenez/Desktop/AirFlow/.env/lib/python3.9/site-packages/airflow/example_dags/example_python_operator.py
[2024-04-14T15:49:43.781-0600] {processor.py:830} INFO - Processing file /Users/felipejimenez/Desktop/AirFlow/.env/lib/python3.9/site-packages/airflow/example_dags/example_python_operator.py for tasks to queue
[2024-04-14T15:49:43.782-0600] {logging_mixin.py:188} INFO - [2024-04-14T15:49:43.782-0600] {dagbag.py:540} INFO - Filling up the DagBag from /Users/felipejimenez/Desktop/AirFlow/.env/lib/python3.9/site-packages/airflow/example_dags/example_python_operator.py
[2024-04-14T15:49:43.789-0600] {logging_mixin.py:188} INFO - [2024-04-14T15:49:43.789-0600] {example_python_operator.py:93} WARNING - The virtalenv_python example task requires virtualenv, please install it.
[2024-04-14T15:49:43.790-0600] {processor.py:840} INFO - DAG(s) 'example_python_operator' retrieved from /Users/felipejimenez/Desktop/AirFlow/.env/lib/python3.9/site-packages/airflow/example_dags/example_python_operator.py
[2024-04-14T15:49:43.821-0600] {logging_mixin.py:188} INFO - [2024-04-14T15:49:43.821-0600] {dag.py:3096} INFO - Sync 1 DAGs
[2024-04-14T15:49:43.842-0600] {logging_mixin.py:188} INFO - [2024-04-14T15:49:43.841-0600] {dag.py:3954} INFO - Setting next_dagrun for example_python_operator to None, run_after=None
[2024-04-14T15:49:43.848-0600] {processor.py:183} INFO - Processing /Users/felipejimenez/Desktop/AirFlow/.env/lib/python3.9/site-packages/airflow/example_dags/example_python_operator.py took 0.069 seconds
[2024-04-14T15:51:11.184-0600] {processor.py:161} INFO - Started process (PID=4780) to work on /Users/felipejimenez/Desktop/AirFlow/.env/lib/python3.9/site-packages/airflow/example_dags/example_python_operator.py
[2024-04-14T15:51:11.185-0600] {processor.py:830} INFO - Processing file /Users/felipejimenez/Desktop/AirFlow/.env/lib/python3.9/site-packages/airflow/example_dags/example_python_operator.py for tasks to queue
[2024-04-14T15:51:11.186-0600] {logging_mixin.py:188} INFO - [2024-04-14T15:51:11.185-0600] {dagbag.py:540} INFO - Filling up the DagBag from /Users/felipejimenez/Desktop/AirFlow/.env/lib/python3.9/site-packages/airflow/example_dags/example_python_operator.py
[2024-04-14T15:51:11.195-0600] {logging_mixin.py:188} INFO - [2024-04-14T15:51:11.195-0600] {example_python_operator.py:93} WARNING - The virtalenv_python example task requires virtualenv, please install it.
[2024-04-14T15:51:11.196-0600] {processor.py:840} INFO - DAG(s) 'example_python_operator' retrieved from /Users/felipejimenez/Desktop/AirFlow/.env/lib/python3.9/site-packages/airflow/example_dags/example_python_operator.py
[2024-04-14T15:51:11.234-0600] {logging_mixin.py:188} INFO - [2024-04-14T15:51:11.234-0600] {dag.py:3096} INFO - Sync 1 DAGs
[2024-04-14T15:51:11.255-0600] {logging_mixin.py:188} INFO - [2024-04-14T15:51:11.255-0600] {dag.py:3954} INFO - Setting next_dagrun for example_python_operator to None, run_after=None
[2024-04-14T15:51:11.262-0600] {processor.py:183} INFO - Processing /Users/felipejimenez/Desktop/AirFlow/.env/lib/python3.9/site-packages/airflow/example_dags/example_python_operator.py took 0.079 seconds
[2024-04-14T15:52:40.352-0600] {processor.py:161} INFO - Started process (PID=4921) to work on /Users/felipejimenez/Desktop/AirFlow/.env/lib/python3.9/site-packages/airflow/example_dags/example_python_operator.py
[2024-04-14T15:52:40.353-0600] {processor.py:830} INFO - Processing file /Users/felipejimenez/Desktop/AirFlow/.env/lib/python3.9/site-packages/airflow/example_dags/example_python_operator.py for tasks to queue
[2024-04-14T15:52:40.353-0600] {logging_mixin.py:188} INFO - [2024-04-14T15:52:40.353-0600] {dagbag.py:540} INFO - Filling up the DagBag from /Users/felipejimenez/Desktop/AirFlow/.env/lib/python3.9/site-packages/airflow/example_dags/example_python_operator.py
[2024-04-14T15:52:40.361-0600] {logging_mixin.py:188} INFO - [2024-04-14T15:52:40.361-0600] {example_python_operator.py:93} WARNING - The virtalenv_python example task requires virtualenv, please install it.
[2024-04-14T15:52:40.362-0600] {processor.py:840} INFO - DAG(s) 'example_python_operator' retrieved from /Users/felipejimenez/Desktop/AirFlow/.env/lib/python3.9/site-packages/airflow/example_dags/example_python_operator.py
[2024-04-14T15:52:40.394-0600] {logging_mixin.py:188} INFO - [2024-04-14T15:52:40.394-0600] {dag.py:3096} INFO - Sync 1 DAGs
[2024-04-14T15:52:40.417-0600] {logging_mixin.py:188} INFO - [2024-04-14T15:52:40.416-0600] {dag.py:3954} INFO - Setting next_dagrun for example_python_operator to None, run_after=None
[2024-04-14T15:52:40.423-0600] {processor.py:183} INFO - Processing /Users/felipejimenez/Desktop/AirFlow/.env/lib/python3.9/site-packages/airflow/example_dags/example_python_operator.py took 0.072 seconds
[2024-04-14T15:54:06.571-0600] {processor.py:161} INFO - Started process (PID=5047) to work on /Users/felipejimenez/Desktop/AirFlow/.env/lib/python3.9/site-packages/airflow/example_dags/example_python_operator.py
[2024-04-14T15:54:06.573-0600] {processor.py:830} INFO - Processing file /Users/felipejimenez/Desktop/AirFlow/.env/lib/python3.9/site-packages/airflow/example_dags/example_python_operator.py for tasks to queue
[2024-04-14T15:54:06.573-0600] {logging_mixin.py:188} INFO - [2024-04-14T15:54:06.573-0600] {dagbag.py:540} INFO - Filling up the DagBag from /Users/felipejimenez/Desktop/AirFlow/.env/lib/python3.9/site-packages/airflow/example_dags/example_python_operator.py
[2024-04-14T15:54:06.581-0600] {logging_mixin.py:188} INFO - [2024-04-14T15:54:06.580-0600] {example_python_operator.py:93} WARNING - The virtalenv_python example task requires virtualenv, please install it.
[2024-04-14T15:54:06.582-0600] {processor.py:840} INFO - DAG(s) 'example_python_operator' retrieved from /Users/felipejimenez/Desktop/AirFlow/.env/lib/python3.9/site-packages/airflow/example_dags/example_python_operator.py
[2024-04-14T15:54:06.614-0600] {logging_mixin.py:188} INFO - [2024-04-14T15:54:06.614-0600] {dag.py:3096} INFO - Sync 1 DAGs
[2024-04-14T15:54:06.635-0600] {logging_mixin.py:188} INFO - [2024-04-14T15:54:06.635-0600] {dag.py:3954} INFO - Setting next_dagrun for example_python_operator to None, run_after=None
[2024-04-14T15:54:06.641-0600] {processor.py:183} INFO - Processing /Users/felipejimenez/Desktop/AirFlow/.env/lib/python3.9/site-packages/airflow/example_dags/example_python_operator.py took 0.071 seconds
[2024-04-14T15:56:15.463-0600] {processor.py:161} INFO - Started process (PID=5219) to work on /Users/felipejimenez/Desktop/AirFlow/.env/lib/python3.9/site-packages/airflow/example_dags/example_python_operator.py
[2024-04-14T15:56:15.465-0600] {processor.py:830} INFO - Processing file /Users/felipejimenez/Desktop/AirFlow/.env/lib/python3.9/site-packages/airflow/example_dags/example_python_operator.py for tasks to queue
[2024-04-14T15:56:15.465-0600] {logging_mixin.py:188} INFO - [2024-04-14T15:56:15.465-0600] {dagbag.py:540} INFO - Filling up the DagBag from /Users/felipejimenez/Desktop/AirFlow/.env/lib/python3.9/site-packages/airflow/example_dags/example_python_operator.py
[2024-04-14T15:56:15.472-0600] {logging_mixin.py:188} INFO - [2024-04-14T15:56:15.472-0600] {example_python_operator.py:93} WARNING - The virtalenv_python example task requires virtualenv, please install it.
[2024-04-14T15:56:15.473-0600] {processor.py:840} INFO - DAG(s) 'example_python_operator' retrieved from /Users/felipejimenez/Desktop/AirFlow/.env/lib/python3.9/site-packages/airflow/example_dags/example_python_operator.py
[2024-04-14T15:56:15.506-0600] {logging_mixin.py:188} INFO - [2024-04-14T15:56:15.505-0600] {dag.py:3096} INFO - Sync 1 DAGs
[2024-04-14T15:56:15.526-0600] {logging_mixin.py:188} INFO - [2024-04-14T15:56:15.526-0600] {dag.py:3954} INFO - Setting next_dagrun for example_python_operator to None, run_after=None
[2024-04-14T15:56:15.532-0600] {processor.py:183} INFO - Processing /Users/felipejimenez/Desktop/AirFlow/.env/lib/python3.9/site-packages/airflow/example_dags/example_python_operator.py took 0.070 seconds
[2024-04-14T15:57:28.668-0600] {processor.py:161} INFO - Started process (PID=5333) to work on /Users/felipejimenez/Desktop/AirFlow/.env/lib/python3.9/site-packages/airflow/example_dags/example_python_operator.py
[2024-04-14T15:57:28.669-0600] {processor.py:830} INFO - Processing file /Users/felipejimenez/Desktop/AirFlow/.env/lib/python3.9/site-packages/airflow/example_dags/example_python_operator.py for tasks to queue
[2024-04-14T15:57:28.670-0600] {logging_mixin.py:188} INFO - [2024-04-14T15:57:28.669-0600] {dagbag.py:540} INFO - Filling up the DagBag from /Users/felipejimenez/Desktop/AirFlow/.env/lib/python3.9/site-packages/airflow/example_dags/example_python_operator.py
[2024-04-14T15:57:28.677-0600] {logging_mixin.py:188} INFO - [2024-04-14T15:57:28.677-0600] {example_python_operator.py:93} WARNING - The virtalenv_python example task requires virtualenv, please install it.
[2024-04-14T15:57:28.678-0600] {processor.py:840} INFO - DAG(s) 'example_python_operator' retrieved from /Users/felipejimenez/Desktop/AirFlow/.env/lib/python3.9/site-packages/airflow/example_dags/example_python_operator.py
[2024-04-14T15:57:28.713-0600] {logging_mixin.py:188} INFO - [2024-04-14T15:57:28.712-0600] {dag.py:3096} INFO - Sync 1 DAGs
[2024-04-14T15:57:28.735-0600] {logging_mixin.py:188} INFO - [2024-04-14T15:57:28.735-0600] {dag.py:3954} INFO - Setting next_dagrun for example_python_operator to None, run_after=None
[2024-04-14T15:57:28.741-0600] {processor.py:183} INFO - Processing /Users/felipejimenez/Desktop/AirFlow/.env/lib/python3.9/site-packages/airflow/example_dags/example_python_operator.py took 0.074 seconds
[2024-04-14T15:58:56.992-0600] {processor.py:161} INFO - Started process (PID=5475) to work on /Users/felipejimenez/Desktop/AirFlow/.env/lib/python3.9/site-packages/airflow/example_dags/example_python_operator.py
[2024-04-14T15:58:56.993-0600] {processor.py:830} INFO - Processing file /Users/felipejimenez/Desktop/AirFlow/.env/lib/python3.9/site-packages/airflow/example_dags/example_python_operator.py for tasks to queue
[2024-04-14T15:58:56.994-0600] {logging_mixin.py:188} INFO - [2024-04-14T15:58:56.993-0600] {dagbag.py:540} INFO - Filling up the DagBag from /Users/felipejimenez/Desktop/AirFlow/.env/lib/python3.9/site-packages/airflow/example_dags/example_python_operator.py
[2024-04-14T15:58:57.002-0600] {logging_mixin.py:188} INFO - [2024-04-14T15:58:57.002-0600] {example_python_operator.py:93} WARNING - The virtalenv_python example task requires virtualenv, please install it.
[2024-04-14T15:58:57.003-0600] {processor.py:840} INFO - DAG(s) 'example_python_operator' retrieved from /Users/felipejimenez/Desktop/AirFlow/.env/lib/python3.9/site-packages/airflow/example_dags/example_python_operator.py
[2024-04-14T15:58:57.035-0600] {logging_mixin.py:188} INFO - [2024-04-14T15:58:57.035-0600] {dag.py:3096} INFO - Sync 1 DAGs
[2024-04-14T15:58:57.058-0600] {logging_mixin.py:188} INFO - [2024-04-14T15:58:57.057-0600] {dag.py:3954} INFO - Setting next_dagrun for example_python_operator to None, run_after=None
[2024-04-14T15:58:57.064-0600] {processor.py:183} INFO - Processing /Users/felipejimenez/Desktop/AirFlow/.env/lib/python3.9/site-packages/airflow/example_dags/example_python_operator.py took 0.073 seconds
[2024-04-14T16:00:23.654-0600] {processor.py:161} INFO - Started process (PID=5573) to work on /Users/felipejimenez/Desktop/AirFlow/.env/lib/python3.9/site-packages/airflow/example_dags/example_python_operator.py
[2024-04-14T16:00:23.656-0600] {processor.py:830} INFO - Processing file /Users/felipejimenez/Desktop/AirFlow/.env/lib/python3.9/site-packages/airflow/example_dags/example_python_operator.py for tasks to queue
[2024-04-14T16:00:23.656-0600] {logging_mixin.py:188} INFO - [2024-04-14T16:00:23.656-0600] {dagbag.py:540} INFO - Filling up the DagBag from /Users/felipejimenez/Desktop/AirFlow/.env/lib/python3.9/site-packages/airflow/example_dags/example_python_operator.py
[2024-04-14T16:00:23.663-0600] {logging_mixin.py:188} INFO - [2024-04-14T16:00:23.663-0600] {example_python_operator.py:93} WARNING - The virtalenv_python example task requires virtualenv, please install it.
[2024-04-14T16:00:23.664-0600] {processor.py:840} INFO - DAG(s) 'example_python_operator' retrieved from /Users/felipejimenez/Desktop/AirFlow/.env/lib/python3.9/site-packages/airflow/example_dags/example_python_operator.py
[2024-04-14T16:00:23.697-0600] {logging_mixin.py:188} INFO - [2024-04-14T16:00:23.697-0600] {dag.py:3096} INFO - Sync 1 DAGs
[2024-04-14T16:00:23.718-0600] {logging_mixin.py:188} INFO - [2024-04-14T16:00:23.718-0600] {dag.py:3954} INFO - Setting next_dagrun for example_python_operator to None, run_after=None
[2024-04-14T16:00:23.724-0600] {processor.py:183} INFO - Processing /Users/felipejimenez/Desktop/AirFlow/.env/lib/python3.9/site-packages/airflow/example_dags/example_python_operator.py took 0.071 seconds
[2024-04-14T16:01:49.201-0600] {processor.py:161} INFO - Started process (PID=5670) to work on /Users/felipejimenez/Desktop/AirFlow/.env/lib/python3.9/site-packages/airflow/example_dags/example_python_operator.py
[2024-04-14T16:01:49.203-0600] {processor.py:830} INFO - Processing file /Users/felipejimenez/Desktop/AirFlow/.env/lib/python3.9/site-packages/airflow/example_dags/example_python_operator.py for tasks to queue
[2024-04-14T16:01:49.203-0600] {logging_mixin.py:188} INFO - [2024-04-14T16:01:49.203-0600] {dagbag.py:540} INFO - Filling up the DagBag from /Users/felipejimenez/Desktop/AirFlow/.env/lib/python3.9/site-packages/airflow/example_dags/example_python_operator.py
[2024-04-14T16:01:49.211-0600] {logging_mixin.py:188} INFO - [2024-04-14T16:01:49.211-0600] {example_python_operator.py:93} WARNING - The virtalenv_python example task requires virtualenv, please install it.
[2024-04-14T16:01:49.212-0600] {processor.py:840} INFO - DAG(s) 'example_python_operator' retrieved from /Users/felipejimenez/Desktop/AirFlow/.env/lib/python3.9/site-packages/airflow/example_dags/example_python_operator.py
[2024-04-14T16:01:49.244-0600] {logging_mixin.py:188} INFO - [2024-04-14T16:01:49.244-0600] {dag.py:3096} INFO - Sync 1 DAGs
[2024-04-14T16:01:49.264-0600] {logging_mixin.py:188} INFO - [2024-04-14T16:01:49.264-0600] {dag.py:3954} INFO - Setting next_dagrun for example_python_operator to None, run_after=None
[2024-04-14T16:01:49.270-0600] {processor.py:183} INFO - Processing /Users/felipejimenez/Desktop/AirFlow/.env/lib/python3.9/site-packages/airflow/example_dags/example_python_operator.py took 0.070 seconds
[2024-04-14T16:04:13.656-0600] {processor.py:161} INFO - Started process (PID=5897) to work on /Users/felipejimenez/Desktop/AirFlow/.env/lib/python3.9/site-packages/airflow/example_dags/example_python_operator.py
[2024-04-14T16:04:13.657-0600] {processor.py:830} INFO - Processing file /Users/felipejimenez/Desktop/AirFlow/.env/lib/python3.9/site-packages/airflow/example_dags/example_python_operator.py for tasks to queue
[2024-04-14T16:04:13.657-0600] {logging_mixin.py:188} INFO - [2024-04-14T16:04:13.657-0600] {dagbag.py:540} INFO - Filling up the DagBag from /Users/felipejimenez/Desktop/AirFlow/.env/lib/python3.9/site-packages/airflow/example_dags/example_python_operator.py
[2024-04-14T16:04:13.665-0600] {logging_mixin.py:188} INFO - [2024-04-14T16:04:13.665-0600] {example_python_operator.py:93} WARNING - The virtalenv_python example task requires virtualenv, please install it.
[2024-04-14T16:04:13.666-0600] {processor.py:840} INFO - DAG(s) 'example_python_operator' retrieved from /Users/felipejimenez/Desktop/AirFlow/.env/lib/python3.9/site-packages/airflow/example_dags/example_python_operator.py
[2024-04-14T16:04:13.698-0600] {logging_mixin.py:188} INFO - [2024-04-14T16:04:13.698-0600] {dag.py:3096} INFO - Sync 1 DAGs
[2024-04-14T16:04:13.717-0600] {logging_mixin.py:188} INFO - [2024-04-14T16:04:13.717-0600] {dag.py:3954} INFO - Setting next_dagrun for example_python_operator to None, run_after=None
[2024-04-14T16:04:13.724-0600] {processor.py:183} INFO - Processing /Users/felipejimenez/Desktop/AirFlow/.env/lib/python3.9/site-packages/airflow/example_dags/example_python_operator.py took 0.069 seconds
[2024-04-14T16:05:26.924-0600] {processor.py:161} INFO - Started process (PID=6024) to work on /Users/felipejimenez/Desktop/AirFlow/.env/lib/python3.9/site-packages/airflow/example_dags/example_python_operator.py
[2024-04-14T16:05:26.926-0600] {processor.py:830} INFO - Processing file /Users/felipejimenez/Desktop/AirFlow/.env/lib/python3.9/site-packages/airflow/example_dags/example_python_operator.py for tasks to queue
[2024-04-14T16:05:26.926-0600] {logging_mixin.py:188} INFO - [2024-04-14T16:05:26.926-0600] {dagbag.py:540} INFO - Filling up the DagBag from /Users/felipejimenez/Desktop/AirFlow/.env/lib/python3.9/site-packages/airflow/example_dags/example_python_operator.py
[2024-04-14T16:05:26.933-0600] {logging_mixin.py:188} INFO - [2024-04-14T16:05:26.933-0600] {example_python_operator.py:93} WARNING - The virtalenv_python example task requires virtualenv, please install it.
[2024-04-14T16:05:26.934-0600] {processor.py:840} INFO - DAG(s) 'example_python_operator' retrieved from /Users/felipejimenez/Desktop/AirFlow/.env/lib/python3.9/site-packages/airflow/example_dags/example_python_operator.py
[2024-04-14T16:05:26.966-0600] {logging_mixin.py:188} INFO - [2024-04-14T16:05:26.966-0600] {dag.py:3096} INFO - Sync 1 DAGs
[2024-04-14T16:05:26.986-0600] {logging_mixin.py:188} INFO - [2024-04-14T16:05:26.986-0600] {dag.py:3954} INFO - Setting next_dagrun for example_python_operator to None, run_after=None
[2024-04-14T16:05:26.992-0600] {processor.py:183} INFO - Processing /Users/felipejimenez/Desktop/AirFlow/.env/lib/python3.9/site-packages/airflow/example_dags/example_python_operator.py took 0.069 seconds
