[2024-04-14T15:42:41.472-0600] {processor.py:161} INFO - Started process (PID=4113) to work on /Users/felipejimenez/Desktop/AirFlow/.env/lib/python3.9/site-packages/airflow/example_dags/example_params_ui_tutorial.py
[2024-04-14T15:42:41.473-0600] {processor.py:830} INFO - Processing file /Users/felipejimenez/Desktop/AirFlow/.env/lib/python3.9/site-packages/airflow/example_dags/example_params_ui_tutorial.py for tasks to queue
[2024-04-14T15:42:41.473-0600] {logging_mixin.py:188} INFO - [2024-04-14T15:42:41.473-0600] {dagbag.py:540} INFO - Filling up the DagBag from /Users/felipejimenez/Desktop/AirFlow/.env/lib/python3.9/site-packages/airflow/example_dags/example_params_ui_tutorial.py
[2024-04-14T15:42:41.487-0600] {processor.py:840} INFO - DAG(s) 'example_params_ui_tutorial' retrieved from /Users/felipejimenez/Desktop/AirFlow/.env/lib/python3.9/site-packages/airflow/example_dags/example_params_ui_tutorial.py
[2024-04-14T15:42:41.571-0600] {logging_mixin.py:188} INFO - [2024-04-14T15:42:41.571-0600] {override.py:1829} INFO - Created Permission View: can edit on DAG:example_params_ui_tutorial
[2024-04-14T15:42:41.573-0600] {logging_mixin.py:188} INFO - [2024-04-14T15:42:41.573-0600] {override.py:1829} INFO - Created Permission View: can delete on DAG:example_params_ui_tutorial
[2024-04-14T15:42:41.575-0600] {logging_mixin.py:188} INFO - [2024-04-14T15:42:41.575-0600] {override.py:1829} INFO - Created Permission View: can read on DAG:example_params_ui_tutorial
[2024-04-14T15:42:41.575-0600] {logging_mixin.py:188} INFO - [2024-04-14T15:42:41.575-0600] {dag.py:3096} INFO - Sync 1 DAGs
[2024-04-14T15:42:41.578-0600] {logging_mixin.py:188} INFO - [2024-04-14T15:42:41.578-0600] {dag.py:3118} INFO - Creating ORM DAG for example_params_ui_tutorial
[2024-04-14T15:42:41.579-0600] {logging_mixin.py:188} INFO - [2024-04-14T15:42:41.579-0600] {dag.py:3954} INFO - Setting next_dagrun for example_params_ui_tutorial to None, run_after=None
[2024-04-14T15:42:41.584-0600] {processor.py:183} INFO - Processing /Users/felipejimenez/Desktop/AirFlow/.env/lib/python3.9/site-packages/airflow/example_dags/example_params_ui_tutorial.py took 0.113 seconds
[2024-04-14T15:43:55.378-0600] {processor.py:161} INFO - Started process (PID=4198) to work on /Users/felipejimenez/Desktop/AirFlow/.env/lib/python3.9/site-packages/airflow/example_dags/example_params_ui_tutorial.py
[2024-04-14T15:43:55.379-0600] {processor.py:830} INFO - Processing file /Users/felipejimenez/Desktop/AirFlow/.env/lib/python3.9/site-packages/airflow/example_dags/example_params_ui_tutorial.py for tasks to queue
[2024-04-14T15:43:55.379-0600] {logging_mixin.py:188} INFO - [2024-04-14T15:43:55.379-0600] {dagbag.py:540} INFO - Filling up the DagBag from /Users/felipejimenez/Desktop/AirFlow/.env/lib/python3.9/site-packages/airflow/example_dags/example_params_ui_tutorial.py
[2024-04-14T15:43:55.393-0600] {processor.py:840} INFO - DAG(s) 'example_params_ui_tutorial' retrieved from /Users/felipejimenez/Desktop/AirFlow/.env/lib/python3.9/site-packages/airflow/example_dags/example_params_ui_tutorial.py
[2024-04-14T15:43:55.451-0600] {logging_mixin.py:188} INFO - [2024-04-14T15:43:55.451-0600] {dag.py:3096} INFO - Sync 1 DAGs
[2024-04-14T15:43:55.454-0600] {logging_mixin.py:188} INFO - [2024-04-14T15:43:55.454-0600] {dag.py:3954} INFO - Setting next_dagrun for example_params_ui_tutorial to None, run_after=None
[2024-04-14T15:43:55.459-0600] {processor.py:183} INFO - Processing /Users/felipejimenez/Desktop/AirFlow/.env/lib/python3.9/site-packages/airflow/example_dags/example_params_ui_tutorial.py took 0.083 seconds
[2024-04-14T15:45:22.961-0600] {processor.py:161} INFO - Started process (PID=4303) to work on /Users/felipejimenez/Desktop/AirFlow/.env/lib/python3.9/site-packages/airflow/example_dags/example_params_ui_tutorial.py
[2024-04-14T15:45:22.962-0600] {processor.py:830} INFO - Processing file /Users/felipejimenez/Desktop/AirFlow/.env/lib/python3.9/site-packages/airflow/example_dags/example_params_ui_tutorial.py for tasks to queue
[2024-04-14T15:45:22.963-0600] {logging_mixin.py:188} INFO - [2024-04-14T15:45:22.962-0600] {dagbag.py:540} INFO - Filling up the DagBag from /Users/felipejimenez/Desktop/AirFlow/.env/lib/python3.9/site-packages/airflow/example_dags/example_params_ui_tutorial.py
[2024-04-14T15:45:22.976-0600] {processor.py:840} INFO - DAG(s) 'example_params_ui_tutorial' retrieved from /Users/felipejimenez/Desktop/AirFlow/.env/lib/python3.9/site-packages/airflow/example_dags/example_params_ui_tutorial.py
[2024-04-14T15:45:23.051-0600] {logging_mixin.py:188} INFO - [2024-04-14T15:45:23.051-0600] {dag.py:3096} INFO - Sync 1 DAGs
[2024-04-14T15:45:23.055-0600] {logging_mixin.py:188} INFO - [2024-04-14T15:45:23.055-0600] {dag.py:3954} INFO - Setting next_dagrun for example_params_ui_tutorial to None, run_after=None
[2024-04-14T15:45:23.061-0600] {processor.py:183} INFO - Processing /Users/felipejimenez/Desktop/AirFlow/.env/lib/python3.9/site-packages/airflow/example_dags/example_params_ui_tutorial.py took 0.102 seconds
[2024-04-14T15:46:46.761-0600] {processor.py:161} INFO - Started process (PID=4401) to work on /Users/felipejimenez/Desktop/AirFlow/.env/lib/python3.9/site-packages/airflow/example_dags/example_params_ui_tutorial.py
[2024-04-14T15:46:46.763-0600] {processor.py:830} INFO - Processing file /Users/felipejimenez/Desktop/AirFlow/.env/lib/python3.9/site-packages/airflow/example_dags/example_params_ui_tutorial.py for tasks to queue
[2024-04-14T15:46:46.763-0600] {logging_mixin.py:188} INFO - [2024-04-14T15:46:46.763-0600] {dagbag.py:540} INFO - Filling up the DagBag from /Users/felipejimenez/Desktop/AirFlow/.env/lib/python3.9/site-packages/airflow/example_dags/example_params_ui_tutorial.py
[2024-04-14T15:46:46.777-0600] {processor.py:840} INFO - DAG(s) 'example_params_ui_tutorial' retrieved from /Users/felipejimenez/Desktop/AirFlow/.env/lib/python3.9/site-packages/airflow/example_dags/example_params_ui_tutorial.py
[2024-04-14T15:46:46.835-0600] {logging_mixin.py:188} INFO - [2024-04-14T15:46:46.835-0600] {dag.py:3096} INFO - Sync 1 DAGs
[2024-04-14T15:46:46.838-0600] {logging_mixin.py:188} INFO - [2024-04-14T15:46:46.838-0600] {dag.py:3954} INFO - Setting next_dagrun for example_params_ui_tutorial to None, run_after=None
[2024-04-14T15:46:46.844-0600] {processor.py:183} INFO - Processing /Users/felipejimenez/Desktop/AirFlow/.env/lib/python3.9/site-packages/airflow/example_dags/example_params_ui_tutorial.py took 0.084 seconds
[2024-04-14T15:48:18.807-0600] {processor.py:161} INFO - Started process (PID=4517) to work on /Users/felipejimenez/Desktop/AirFlow/.env/lib/python3.9/site-packages/airflow/example_dags/example_params_ui_tutorial.py
[2024-04-14T15:48:18.809-0600] {processor.py:830} INFO - Processing file /Users/felipejimenez/Desktop/AirFlow/.env/lib/python3.9/site-packages/airflow/example_dags/example_params_ui_tutorial.py for tasks to queue
[2024-04-14T15:48:18.809-0600] {logging_mixin.py:188} INFO - [2024-04-14T15:48:18.809-0600] {dagbag.py:540} INFO - Filling up the DagBag from /Users/felipejimenez/Desktop/AirFlow/.env/lib/python3.9/site-packages/airflow/example_dags/example_params_ui_tutorial.py
[2024-04-14T15:48:18.824-0600] {processor.py:840} INFO - DAG(s) 'example_params_ui_tutorial' retrieved from /Users/felipejimenez/Desktop/AirFlow/.env/lib/python3.9/site-packages/airflow/example_dags/example_params_ui_tutorial.py
[2024-04-14T15:48:18.885-0600] {logging_mixin.py:188} INFO - [2024-04-14T15:48:18.885-0600] {dag.py:3096} INFO - Sync 1 DAGs
[2024-04-14T15:48:18.888-0600] {logging_mixin.py:188} INFO - [2024-04-14T15:48:18.888-0600] {dag.py:3954} INFO - Setting next_dagrun for example_params_ui_tutorial to None, run_after=None
[2024-04-14T15:48:18.894-0600] {processor.py:183} INFO - Processing /Users/felipejimenez/Desktop/AirFlow/.env/lib/python3.9/site-packages/airflow/example_dags/example_params_ui_tutorial.py took 0.087 seconds
[2024-04-14T15:49:48.777-0600] {processor.py:161} INFO - Started process (PID=4685) to work on /Users/felipejimenez/Desktop/AirFlow/.env/lib/python3.9/site-packages/airflow/example_dags/example_params_ui_tutorial.py
[2024-04-14T15:49:48.778-0600] {processor.py:830} INFO - Processing file /Users/felipejimenez/Desktop/AirFlow/.env/lib/python3.9/site-packages/airflow/example_dags/example_params_ui_tutorial.py for tasks to queue
[2024-04-14T15:49:48.779-0600] {logging_mixin.py:188} INFO - [2024-04-14T15:49:48.779-0600] {dagbag.py:540} INFO - Filling up the DagBag from /Users/felipejimenez/Desktop/AirFlow/.env/lib/python3.9/site-packages/airflow/example_dags/example_params_ui_tutorial.py
[2024-04-14T15:49:48.793-0600] {processor.py:840} INFO - DAG(s) 'example_params_ui_tutorial' retrieved from /Users/felipejimenez/Desktop/AirFlow/.env/lib/python3.9/site-packages/airflow/example_dags/example_params_ui_tutorial.py
[2024-04-14T15:49:48.852-0600] {logging_mixin.py:188} INFO - [2024-04-14T15:49:48.852-0600] {dag.py:3096} INFO - Sync 1 DAGs
[2024-04-14T15:49:48.855-0600] {logging_mixin.py:188} INFO - [2024-04-14T15:49:48.855-0600] {dag.py:3954} INFO - Setting next_dagrun for example_params_ui_tutorial to None, run_after=None
[2024-04-14T15:49:48.860-0600] {processor.py:183} INFO - Processing /Users/felipejimenez/Desktop/AirFlow/.env/lib/python3.9/site-packages/airflow/example_dags/example_params_ui_tutorial.py took 0.085 seconds
[2024-04-14T15:51:16.220-0600] {processor.py:161} INFO - Started process (PID=4786) to work on /Users/felipejimenez/Desktop/AirFlow/.env/lib/python3.9/site-packages/airflow/example_dags/example_params_ui_tutorial.py
[2024-04-14T15:51:16.221-0600] {processor.py:830} INFO - Processing file /Users/felipejimenez/Desktop/AirFlow/.env/lib/python3.9/site-packages/airflow/example_dags/example_params_ui_tutorial.py for tasks to queue
[2024-04-14T15:51:16.221-0600] {logging_mixin.py:188} INFO - [2024-04-14T15:51:16.221-0600] {dagbag.py:540} INFO - Filling up the DagBag from /Users/felipejimenez/Desktop/AirFlow/.env/lib/python3.9/site-packages/airflow/example_dags/example_params_ui_tutorial.py
[2024-04-14T15:51:16.236-0600] {processor.py:840} INFO - DAG(s) 'example_params_ui_tutorial' retrieved from /Users/felipejimenez/Desktop/AirFlow/.env/lib/python3.9/site-packages/airflow/example_dags/example_params_ui_tutorial.py
[2024-04-14T15:51:16.296-0600] {logging_mixin.py:188} INFO - [2024-04-14T15:51:16.296-0600] {dag.py:3096} INFO - Sync 1 DAGs
[2024-04-14T15:51:16.299-0600] {logging_mixin.py:188} INFO - [2024-04-14T15:51:16.299-0600] {dag.py:3954} INFO - Setting next_dagrun for example_params_ui_tutorial to None, run_after=None
[2024-04-14T15:51:16.304-0600] {processor.py:183} INFO - Processing /Users/felipejimenez/Desktop/AirFlow/.env/lib/python3.9/site-packages/airflow/example_dags/example_params_ui_tutorial.py took 0.085 seconds
[2024-04-14T15:52:44.366-0600] {processor.py:161} INFO - Started process (PID=4926) to work on /Users/felipejimenez/Desktop/AirFlow/.env/lib/python3.9/site-packages/airflow/example_dags/example_params_ui_tutorial.py
[2024-04-14T15:52:44.367-0600] {processor.py:830} INFO - Processing file /Users/felipejimenez/Desktop/AirFlow/.env/lib/python3.9/site-packages/airflow/example_dags/example_params_ui_tutorial.py for tasks to queue
[2024-04-14T15:52:44.367-0600] {logging_mixin.py:188} INFO - [2024-04-14T15:52:44.367-0600] {dagbag.py:540} INFO - Filling up the DagBag from /Users/felipejimenez/Desktop/AirFlow/.env/lib/python3.9/site-packages/airflow/example_dags/example_params_ui_tutorial.py
[2024-04-14T15:52:44.382-0600] {processor.py:840} INFO - DAG(s) 'example_params_ui_tutorial' retrieved from /Users/felipejimenez/Desktop/AirFlow/.env/lib/python3.9/site-packages/airflow/example_dags/example_params_ui_tutorial.py
[2024-04-14T15:52:44.450-0600] {logging_mixin.py:188} INFO - [2024-04-14T15:52:44.449-0600] {dag.py:3096} INFO - Sync 1 DAGs
[2024-04-14T15:52:44.453-0600] {logging_mixin.py:188} INFO - [2024-04-14T15:52:44.453-0600] {dag.py:3954} INFO - Setting next_dagrun for example_params_ui_tutorial to None, run_after=None
[2024-04-14T15:52:44.459-0600] {processor.py:183} INFO - Processing /Users/felipejimenez/Desktop/AirFlow/.env/lib/python3.9/site-packages/airflow/example_dags/example_params_ui_tutorial.py took 0.094 seconds
[2024-04-14T15:54:10.533-0600] {processor.py:161} INFO - Started process (PID=5051) to work on /Users/felipejimenez/Desktop/AirFlow/.env/lib/python3.9/site-packages/airflow/example_dags/example_params_ui_tutorial.py
[2024-04-14T15:54:10.535-0600] {processor.py:830} INFO - Processing file /Users/felipejimenez/Desktop/AirFlow/.env/lib/python3.9/site-packages/airflow/example_dags/example_params_ui_tutorial.py for tasks to queue
[2024-04-14T15:54:10.536-0600] {logging_mixin.py:188} INFO - [2024-04-14T15:54:10.536-0600] {dagbag.py:540} INFO - Filling up the DagBag from /Users/felipejimenez/Desktop/AirFlow/.env/lib/python3.9/site-packages/airflow/example_dags/example_params_ui_tutorial.py
[2024-04-14T15:54:10.549-0600] {processor.py:840} INFO - DAG(s) 'example_params_ui_tutorial' retrieved from /Users/felipejimenez/Desktop/AirFlow/.env/lib/python3.9/site-packages/airflow/example_dags/example_params_ui_tutorial.py
[2024-04-14T15:54:10.608-0600] {logging_mixin.py:188} INFO - [2024-04-14T15:54:10.607-0600] {dag.py:3096} INFO - Sync 1 DAGs
[2024-04-14T15:54:10.611-0600] {logging_mixin.py:188} INFO - [2024-04-14T15:54:10.611-0600] {dag.py:3954} INFO - Setting next_dagrun for example_params_ui_tutorial to None, run_after=None
[2024-04-14T15:54:10.616-0600] {processor.py:183} INFO - Processing /Users/felipejimenez/Desktop/AirFlow/.env/lib/python3.9/site-packages/airflow/example_dags/example_params_ui_tutorial.py took 0.084 seconds
[2024-04-14T15:56:19.818-0600] {processor.py:161} INFO - Started process (PID=5227) to work on /Users/felipejimenez/Desktop/AirFlow/.env/lib/python3.9/site-packages/airflow/example_dags/example_params_ui_tutorial.py
[2024-04-14T15:56:19.820-0600] {processor.py:830} INFO - Processing file /Users/felipejimenez/Desktop/AirFlow/.env/lib/python3.9/site-packages/airflow/example_dags/example_params_ui_tutorial.py for tasks to queue
[2024-04-14T15:56:19.820-0600] {logging_mixin.py:188} INFO - [2024-04-14T15:56:19.820-0600] {dagbag.py:540} INFO - Filling up the DagBag from /Users/felipejimenez/Desktop/AirFlow/.env/lib/python3.9/site-packages/airflow/example_dags/example_params_ui_tutorial.py
[2024-04-14T15:56:19.835-0600] {processor.py:840} INFO - DAG(s) 'example_params_ui_tutorial' retrieved from /Users/felipejimenez/Desktop/AirFlow/.env/lib/python3.9/site-packages/airflow/example_dags/example_params_ui_tutorial.py
[2024-04-14T15:56:19.897-0600] {logging_mixin.py:188} INFO - [2024-04-14T15:56:19.897-0600] {dag.py:3096} INFO - Sync 1 DAGs
[2024-04-14T15:56:19.900-0600] {logging_mixin.py:188} INFO - [2024-04-14T15:56:19.900-0600] {dag.py:3954} INFO - Setting next_dagrun for example_params_ui_tutorial to None, run_after=None
[2024-04-14T15:56:19.906-0600] {processor.py:183} INFO - Processing /Users/felipejimenez/Desktop/AirFlow/.env/lib/python3.9/site-packages/airflow/example_dags/example_params_ui_tutorial.py took 0.089 seconds
[2024-04-14T15:57:33.086-0600] {processor.py:161} INFO - Started process (PID=5338) to work on /Users/felipejimenez/Desktop/AirFlow/.env/lib/python3.9/site-packages/airflow/example_dags/example_params_ui_tutorial.py
[2024-04-14T15:57:33.088-0600] {processor.py:830} INFO - Processing file /Users/felipejimenez/Desktop/AirFlow/.env/lib/python3.9/site-packages/airflow/example_dags/example_params_ui_tutorial.py for tasks to queue
[2024-04-14T15:57:33.088-0600] {logging_mixin.py:188} INFO - [2024-04-14T15:57:33.088-0600] {dagbag.py:540} INFO - Filling up the DagBag from /Users/felipejimenez/Desktop/AirFlow/.env/lib/python3.9/site-packages/airflow/example_dags/example_params_ui_tutorial.py
[2024-04-14T15:57:33.102-0600] {processor.py:840} INFO - DAG(s) 'example_params_ui_tutorial' retrieved from /Users/felipejimenez/Desktop/AirFlow/.env/lib/python3.9/site-packages/airflow/example_dags/example_params_ui_tutorial.py
[2024-04-14T15:57:33.161-0600] {logging_mixin.py:188} INFO - [2024-04-14T15:57:33.161-0600] {dag.py:3096} INFO - Sync 1 DAGs
[2024-04-14T15:57:33.164-0600] {logging_mixin.py:188} INFO - [2024-04-14T15:57:33.164-0600] {dag.py:3954} INFO - Setting next_dagrun for example_params_ui_tutorial to None, run_after=None
[2024-04-14T15:57:33.169-0600] {processor.py:183} INFO - Processing /Users/felipejimenez/Desktop/AirFlow/.env/lib/python3.9/site-packages/airflow/example_dags/example_params_ui_tutorial.py took 0.084 seconds
[2024-04-14T15:59:01.004-0600] {processor.py:161} INFO - Started process (PID=5480) to work on /Users/felipejimenez/Desktop/AirFlow/.env/lib/python3.9/site-packages/airflow/example_dags/example_params_ui_tutorial.py
[2024-04-14T15:59:01.005-0600] {processor.py:830} INFO - Processing file /Users/felipejimenez/Desktop/AirFlow/.env/lib/python3.9/site-packages/airflow/example_dags/example_params_ui_tutorial.py for tasks to queue
[2024-04-14T15:59:01.006-0600] {logging_mixin.py:188} INFO - [2024-04-14T15:59:01.006-0600] {dagbag.py:540} INFO - Filling up the DagBag from /Users/felipejimenez/Desktop/AirFlow/.env/lib/python3.9/site-packages/airflow/example_dags/example_params_ui_tutorial.py
[2024-04-14T15:59:01.020-0600] {processor.py:840} INFO - DAG(s) 'example_params_ui_tutorial' retrieved from /Users/felipejimenez/Desktop/AirFlow/.env/lib/python3.9/site-packages/airflow/example_dags/example_params_ui_tutorial.py
[2024-04-14T15:59:01.076-0600] {logging_mixin.py:188} INFO - [2024-04-14T15:59:01.076-0600] {dag.py:3096} INFO - Sync 1 DAGs
[2024-04-14T15:59:01.079-0600] {logging_mixin.py:188} INFO - [2024-04-14T15:59:01.079-0600] {dag.py:3954} INFO - Setting next_dagrun for example_params_ui_tutorial to None, run_after=None
[2024-04-14T15:59:01.085-0600] {processor.py:183} INFO - Processing /Users/felipejimenez/Desktop/AirFlow/.env/lib/python3.9/site-packages/airflow/example_dags/example_params_ui_tutorial.py took 0.082 seconds
[2024-04-14T16:00:28.627-0600] {processor.py:161} INFO - Started process (PID=5578) to work on /Users/felipejimenez/Desktop/AirFlow/.env/lib/python3.9/site-packages/airflow/example_dags/example_params_ui_tutorial.py
[2024-04-14T16:00:28.628-0600] {processor.py:830} INFO - Processing file /Users/felipejimenez/Desktop/AirFlow/.env/lib/python3.9/site-packages/airflow/example_dags/example_params_ui_tutorial.py for tasks to queue
[2024-04-14T16:00:28.628-0600] {logging_mixin.py:188} INFO - [2024-04-14T16:00:28.628-0600] {dagbag.py:540} INFO - Filling up the DagBag from /Users/felipejimenez/Desktop/AirFlow/.env/lib/python3.9/site-packages/airflow/example_dags/example_params_ui_tutorial.py
[2024-04-14T16:00:28.642-0600] {processor.py:840} INFO - DAG(s) 'example_params_ui_tutorial' retrieved from /Users/felipejimenez/Desktop/AirFlow/.env/lib/python3.9/site-packages/airflow/example_dags/example_params_ui_tutorial.py
[2024-04-14T16:00:28.706-0600] {logging_mixin.py:188} INFO - [2024-04-14T16:00:28.705-0600] {dag.py:3096} INFO - Sync 1 DAGs
[2024-04-14T16:00:28.709-0600] {logging_mixin.py:188} INFO - [2024-04-14T16:00:28.709-0600] {dag.py:3954} INFO - Setting next_dagrun for example_params_ui_tutorial to None, run_after=None
[2024-04-14T16:00:28.714-0600] {processor.py:183} INFO - Processing /Users/felipejimenez/Desktop/AirFlow/.env/lib/python3.9/site-packages/airflow/example_dags/example_params_ui_tutorial.py took 0.089 seconds
[2024-04-14T16:01:53.187-0600] {processor.py:161} INFO - Started process (PID=5675) to work on /Users/felipejimenez/Desktop/AirFlow/.env/lib/python3.9/site-packages/airflow/example_dags/example_params_ui_tutorial.py
[2024-04-14T16:01:53.188-0600] {processor.py:830} INFO - Processing file /Users/felipejimenez/Desktop/AirFlow/.env/lib/python3.9/site-packages/airflow/example_dags/example_params_ui_tutorial.py for tasks to queue
[2024-04-14T16:01:53.188-0600] {logging_mixin.py:188} INFO - [2024-04-14T16:01:53.188-0600] {dagbag.py:540} INFO - Filling up the DagBag from /Users/felipejimenez/Desktop/AirFlow/.env/lib/python3.9/site-packages/airflow/example_dags/example_params_ui_tutorial.py
[2024-04-14T16:01:53.201-0600] {processor.py:840} INFO - DAG(s) 'example_params_ui_tutorial' retrieved from /Users/felipejimenez/Desktop/AirFlow/.env/lib/python3.9/site-packages/airflow/example_dags/example_params_ui_tutorial.py
[2024-04-14T16:01:53.260-0600] {logging_mixin.py:188} INFO - [2024-04-14T16:01:53.260-0600] {dag.py:3096} INFO - Sync 1 DAGs
[2024-04-14T16:01:53.264-0600] {logging_mixin.py:188} INFO - [2024-04-14T16:01:53.263-0600] {dag.py:3954} INFO - Setting next_dagrun for example_params_ui_tutorial to None, run_after=None
[2024-04-14T16:01:53.269-0600] {processor.py:183} INFO - Processing /Users/felipejimenez/Desktop/AirFlow/.env/lib/python3.9/site-packages/airflow/example_dags/example_params_ui_tutorial.py took 0.083 seconds
[2024-04-14T16:04:17.886-0600] {processor.py:161} INFO - Started process (PID=5904) to work on /Users/felipejimenez/Desktop/AirFlow/.env/lib/python3.9/site-packages/airflow/example_dags/example_params_ui_tutorial.py
[2024-04-14T16:04:17.888-0600] {processor.py:830} INFO - Processing file /Users/felipejimenez/Desktop/AirFlow/.env/lib/python3.9/site-packages/airflow/example_dags/example_params_ui_tutorial.py for tasks to queue
[2024-04-14T16:04:17.888-0600] {logging_mixin.py:188} INFO - [2024-04-14T16:04:17.888-0600] {dagbag.py:540} INFO - Filling up the DagBag from /Users/felipejimenez/Desktop/AirFlow/.env/lib/python3.9/site-packages/airflow/example_dags/example_params_ui_tutorial.py
[2024-04-14T16:04:17.901-0600] {processor.py:840} INFO - DAG(s) 'example_params_ui_tutorial' retrieved from /Users/felipejimenez/Desktop/AirFlow/.env/lib/python3.9/site-packages/airflow/example_dags/example_params_ui_tutorial.py
[2024-04-14T16:04:17.960-0600] {logging_mixin.py:188} INFO - [2024-04-14T16:04:17.960-0600] {dag.py:3096} INFO - Sync 1 DAGs
[2024-04-14T16:04:17.963-0600] {logging_mixin.py:188} INFO - [2024-04-14T16:04:17.963-0600] {dag.py:3954} INFO - Setting next_dagrun for example_params_ui_tutorial to None, run_after=None
[2024-04-14T16:04:17.969-0600] {processor.py:183} INFO - Processing /Users/felipejimenez/Desktop/AirFlow/.env/lib/python3.9/site-packages/airflow/example_dags/example_params_ui_tutorial.py took 0.084 seconds
[2024-04-14T16:05:31.110-0600] {processor.py:161} INFO - Started process (PID=6029) to work on /Users/felipejimenez/Desktop/AirFlow/.env/lib/python3.9/site-packages/airflow/example_dags/example_params_ui_tutorial.py
[2024-04-14T16:05:31.112-0600] {processor.py:830} INFO - Processing file /Users/felipejimenez/Desktop/AirFlow/.env/lib/python3.9/site-packages/airflow/example_dags/example_params_ui_tutorial.py for tasks to queue
[2024-04-14T16:05:31.112-0600] {logging_mixin.py:188} INFO - [2024-04-14T16:05:31.112-0600] {dagbag.py:540} INFO - Filling up the DagBag from /Users/felipejimenez/Desktop/AirFlow/.env/lib/python3.9/site-packages/airflow/example_dags/example_params_ui_tutorial.py
[2024-04-14T16:05:31.126-0600] {processor.py:840} INFO - DAG(s) 'example_params_ui_tutorial' retrieved from /Users/felipejimenez/Desktop/AirFlow/.env/lib/python3.9/site-packages/airflow/example_dags/example_params_ui_tutorial.py
[2024-04-14T16:05:31.184-0600] {logging_mixin.py:188} INFO - [2024-04-14T16:05:31.184-0600] {dag.py:3096} INFO - Sync 1 DAGs
[2024-04-14T16:05:31.187-0600] {logging_mixin.py:188} INFO - [2024-04-14T16:05:31.187-0600] {dag.py:3954} INFO - Setting next_dagrun for example_params_ui_tutorial to None, run_after=None
[2024-04-14T16:05:31.193-0600] {processor.py:183} INFO - Processing /Users/felipejimenez/Desktop/AirFlow/.env/lib/python3.9/site-packages/airflow/example_dags/example_params_ui_tutorial.py took 0.083 seconds
