[2024-04-14T15:42:15.849-0600] {processor.py:161} INFO - Started process (PID=4075) to work on /Users/felipejimenez/Desktop/AirFlow/.env/lib/python3.9/site-packages/airflow/example_dags/example_trigger_controller_dag.py
[2024-04-14T15:42:15.850-0600] {processor.py:830} INFO - Processing file /Users/felipejimenez/Desktop/AirFlow/.env/lib/python3.9/site-packages/airflow/example_dags/example_trigger_controller_dag.py for tasks to queue
[2024-04-14T15:42:15.850-0600] {logging_mixin.py:188} INFO - [2024-04-14T15:42:15.850-0600] {dagbag.py:540} INFO - Filling up the DagBag from /Users/felipejimenez/Desktop/AirFlow/.env/lib/python3.9/site-packages/airflow/example_dags/example_trigger_controller_dag.py
[2024-04-14T15:42:15.854-0600] {processor.py:840} INFO - DAG(s) 'example_trigger_controller_dag' retrieved from /Users/felipejimenez/Desktop/AirFlow/.env/lib/python3.9/site-packages/airflow/example_dags/example_trigger_controller_dag.py
[2024-04-14T15:42:15.928-0600] {logging_mixin.py:188} INFO - [2024-04-14T15:42:15.928-0600] {override.py:1829} INFO - Created Permission View: can delete on DAG:example_trigger_controller_dag
[2024-04-14T15:42:15.931-0600] {logging_mixin.py:188} INFO - [2024-04-14T15:42:15.931-0600] {override.py:1829} INFO - Created Permission View: can edit on DAG:example_trigger_controller_dag
[2024-04-14T15:42:15.933-0600] {logging_mixin.py:188} INFO - [2024-04-14T15:42:15.933-0600] {override.py:1829} INFO - Created Permission View: can read on DAG:example_trigger_controller_dag
[2024-04-14T15:42:15.933-0600] {logging_mixin.py:188} INFO - [2024-04-14T15:42:15.933-0600] {dag.py:3096} INFO - Sync 1 DAGs
[2024-04-14T15:42:15.936-0600] {logging_mixin.py:188} INFO - [2024-04-14T15:42:15.936-0600] {dag.py:3118} INFO - Creating ORM DAG for example_trigger_controller_dag
[2024-04-14T15:42:15.939-0600] {logging_mixin.py:188} INFO - [2024-04-14T15:42:15.939-0600] {dag.py:3954} INFO - Setting next_dagrun for example_trigger_controller_dag to 2021-01-01 00:00:00+00:00, run_after=2021-01-01 00:00:00+00:00
[2024-04-14T15:42:15.944-0600] {processor.py:183} INFO - Processing /Users/felipejimenez/Desktop/AirFlow/.env/lib/python3.9/site-packages/airflow/example_dags/example_trigger_controller_dag.py took 0.096 seconds
[2024-04-14T15:43:32.877-0600] {processor.py:161} INFO - Started process (PID=4173) to work on /Users/felipejimenez/Desktop/AirFlow/.env/lib/python3.9/site-packages/airflow/example_dags/example_trigger_controller_dag.py
[2024-04-14T15:43:32.879-0600] {processor.py:830} INFO - Processing file /Users/felipejimenez/Desktop/AirFlow/.env/lib/python3.9/site-packages/airflow/example_dags/example_trigger_controller_dag.py for tasks to queue
[2024-04-14T15:43:32.879-0600] {logging_mixin.py:188} INFO - [2024-04-14T15:43:32.879-0600] {dagbag.py:540} INFO - Filling up the DagBag from /Users/felipejimenez/Desktop/AirFlow/.env/lib/python3.9/site-packages/airflow/example_dags/example_trigger_controller_dag.py
[2024-04-14T15:43:32.883-0600] {processor.py:840} INFO - DAG(s) 'example_trigger_controller_dag' retrieved from /Users/felipejimenez/Desktop/AirFlow/.env/lib/python3.9/site-packages/airflow/example_dags/example_trigger_controller_dag.py
[2024-04-14T15:43:32.913-0600] {logging_mixin.py:188} INFO - [2024-04-14T15:43:32.913-0600] {dag.py:3096} INFO - Sync 1 DAGs
[2024-04-14T15:43:32.918-0600] {logging_mixin.py:188} INFO - [2024-04-14T15:43:32.918-0600] {dag.py:3954} INFO - Setting next_dagrun for example_trigger_controller_dag to 2021-01-01 00:00:00+00:00, run_after=2021-01-01 00:00:00+00:00
[2024-04-14T15:43:32.923-0600] {processor.py:183} INFO - Processing /Users/felipejimenez/Desktop/AirFlow/.env/lib/python3.9/site-packages/airflow/example_dags/example_trigger_controller_dag.py took 0.047 seconds
[2024-04-14T15:45:00.212-0600] {processor.py:161} INFO - Started process (PID=4274) to work on /Users/felipejimenez/Desktop/AirFlow/.env/lib/python3.9/site-packages/airflow/example_dags/example_trigger_controller_dag.py
[2024-04-14T15:45:00.213-0600] {processor.py:830} INFO - Processing file /Users/felipejimenez/Desktop/AirFlow/.env/lib/python3.9/site-packages/airflow/example_dags/example_trigger_controller_dag.py for tasks to queue
[2024-04-14T15:45:00.213-0600] {logging_mixin.py:188} INFO - [2024-04-14T15:45:00.213-0600] {dagbag.py:540} INFO - Filling up the DagBag from /Users/felipejimenez/Desktop/AirFlow/.env/lib/python3.9/site-packages/airflow/example_dags/example_trigger_controller_dag.py
[2024-04-14T15:45:00.217-0600] {processor.py:840} INFO - DAG(s) 'example_trigger_controller_dag' retrieved from /Users/felipejimenez/Desktop/AirFlow/.env/lib/python3.9/site-packages/airflow/example_dags/example_trigger_controller_dag.py
[2024-04-14T15:45:00.249-0600] {logging_mixin.py:188} INFO - [2024-04-14T15:45:00.249-0600] {dag.py:3096} INFO - Sync 1 DAGs
[2024-04-14T15:45:00.254-0600] {logging_mixin.py:188} INFO - [2024-04-14T15:45:00.254-0600] {dag.py:3954} INFO - Setting next_dagrun for example_trigger_controller_dag to 2021-01-01 00:00:00+00:00, run_after=2021-01-01 00:00:00+00:00
[2024-04-14T15:45:00.260-0600] {processor.py:183} INFO - Processing /Users/felipejimenez/Desktop/AirFlow/.env/lib/python3.9/site-packages/airflow/example_dags/example_trigger_controller_dag.py took 0.050 seconds
[2024-04-14T15:46:23.196-0600] {processor.py:161} INFO - Started process (PID=4374) to work on /Users/felipejimenez/Desktop/AirFlow/.env/lib/python3.9/site-packages/airflow/example_dags/example_trigger_controller_dag.py
[2024-04-14T15:46:23.198-0600] {processor.py:830} INFO - Processing file /Users/felipejimenez/Desktop/AirFlow/.env/lib/python3.9/site-packages/airflow/example_dags/example_trigger_controller_dag.py for tasks to queue
[2024-04-14T15:46:23.198-0600] {logging_mixin.py:188} INFO - [2024-04-14T15:46:23.198-0600] {dagbag.py:540} INFO - Filling up the DagBag from /Users/felipejimenez/Desktop/AirFlow/.env/lib/python3.9/site-packages/airflow/example_dags/example_trigger_controller_dag.py
[2024-04-14T15:46:23.202-0600] {processor.py:840} INFO - DAG(s) 'example_trigger_controller_dag' retrieved from /Users/felipejimenez/Desktop/AirFlow/.env/lib/python3.9/site-packages/airflow/example_dags/example_trigger_controller_dag.py
[2024-04-14T15:46:23.233-0600] {logging_mixin.py:188} INFO - [2024-04-14T15:46:23.233-0600] {dag.py:3096} INFO - Sync 1 DAGs
[2024-04-14T15:46:23.237-0600] {logging_mixin.py:188} INFO - [2024-04-14T15:46:23.237-0600] {dag.py:3954} INFO - Setting next_dagrun for example_trigger_controller_dag to 2021-01-01 00:00:00+00:00, run_after=2021-01-01 00:00:00+00:00
[2024-04-14T15:46:23.243-0600] {processor.py:183} INFO - Processing /Users/felipejimenez/Desktop/AirFlow/.env/lib/python3.9/site-packages/airflow/example_dags/example_trigger_controller_dag.py took 0.047 seconds
[2024-04-14T15:47:56.403-0600] {processor.py:161} INFO - Started process (PID=4487) to work on /Users/felipejimenez/Desktop/AirFlow/.env/lib/python3.9/site-packages/airflow/example_dags/example_trigger_controller_dag.py
[2024-04-14T15:47:56.404-0600] {processor.py:830} INFO - Processing file /Users/felipejimenez/Desktop/AirFlow/.env/lib/python3.9/site-packages/airflow/example_dags/example_trigger_controller_dag.py for tasks to queue
[2024-04-14T15:47:56.405-0600] {logging_mixin.py:188} INFO - [2024-04-14T15:47:56.404-0600] {dagbag.py:540} INFO - Filling up the DagBag from /Users/felipejimenez/Desktop/AirFlow/.env/lib/python3.9/site-packages/airflow/example_dags/example_trigger_controller_dag.py
[2024-04-14T15:47:56.408-0600] {processor.py:840} INFO - DAG(s) 'example_trigger_controller_dag' retrieved from /Users/felipejimenez/Desktop/AirFlow/.env/lib/python3.9/site-packages/airflow/example_dags/example_trigger_controller_dag.py
[2024-04-14T15:47:56.441-0600] {logging_mixin.py:188} INFO - [2024-04-14T15:47:56.441-0600] {dag.py:3096} INFO - Sync 1 DAGs
[2024-04-14T15:47:56.446-0600] {logging_mixin.py:188} INFO - [2024-04-14T15:47:56.446-0600] {dag.py:3954} INFO - Setting next_dagrun for example_trigger_controller_dag to 2021-01-01 00:00:00+00:00, run_after=2021-01-01 00:00:00+00:00
[2024-04-14T15:47:56.452-0600] {processor.py:183} INFO - Processing /Users/felipejimenez/Desktop/AirFlow/.env/lib/python3.9/site-packages/airflow/example_dags/example_trigger_controller_dag.py took 0.049 seconds
[2024-04-14T15:49:24.868-0600] {processor.py:161} INFO - Started process (PID=4655) to work on /Users/felipejimenez/Desktop/AirFlow/.env/lib/python3.9/site-packages/airflow/example_dags/example_trigger_controller_dag.py
[2024-04-14T15:49:24.869-0600] {processor.py:830} INFO - Processing file /Users/felipejimenez/Desktop/AirFlow/.env/lib/python3.9/site-packages/airflow/example_dags/example_trigger_controller_dag.py for tasks to queue
[2024-04-14T15:49:24.870-0600] {logging_mixin.py:188} INFO - [2024-04-14T15:49:24.870-0600] {dagbag.py:540} INFO - Filling up the DagBag from /Users/felipejimenez/Desktop/AirFlow/.env/lib/python3.9/site-packages/airflow/example_dags/example_trigger_controller_dag.py
[2024-04-14T15:49:24.873-0600] {processor.py:840} INFO - DAG(s) 'example_trigger_controller_dag' retrieved from /Users/felipejimenez/Desktop/AirFlow/.env/lib/python3.9/site-packages/airflow/example_dags/example_trigger_controller_dag.py
[2024-04-14T15:49:24.904-0600] {logging_mixin.py:188} INFO - [2024-04-14T15:49:24.903-0600] {dag.py:3096} INFO - Sync 1 DAGs
[2024-04-14T15:49:24.908-0600] {logging_mixin.py:188} INFO - [2024-04-14T15:49:24.908-0600] {dag.py:3954} INFO - Setting next_dagrun for example_trigger_controller_dag to 2021-01-01 00:00:00+00:00, run_after=2021-01-01 00:00:00+00:00
[2024-04-14T15:49:24.914-0600] {processor.py:183} INFO - Processing /Users/felipejimenez/Desktop/AirFlow/.env/lib/python3.9/site-packages/airflow/example_dags/example_trigger_controller_dag.py took 0.047 seconds
[2024-04-14T15:50:52.542-0600] {processor.py:161} INFO - Started process (PID=4759) to work on /Users/felipejimenez/Desktop/AirFlow/.env/lib/python3.9/site-packages/airflow/example_dags/example_trigger_controller_dag.py
[2024-04-14T15:50:52.543-0600] {processor.py:830} INFO - Processing file /Users/felipejimenez/Desktop/AirFlow/.env/lib/python3.9/site-packages/airflow/example_dags/example_trigger_controller_dag.py for tasks to queue
[2024-04-14T15:50:52.544-0600] {logging_mixin.py:188} INFO - [2024-04-14T15:50:52.544-0600] {dagbag.py:540} INFO - Filling up the DagBag from /Users/felipejimenez/Desktop/AirFlow/.env/lib/python3.9/site-packages/airflow/example_dags/example_trigger_controller_dag.py
[2024-04-14T15:50:52.547-0600] {processor.py:840} INFO - DAG(s) 'example_trigger_controller_dag' retrieved from /Users/felipejimenez/Desktop/AirFlow/.env/lib/python3.9/site-packages/airflow/example_dags/example_trigger_controller_dag.py
[2024-04-14T15:50:52.578-0600] {logging_mixin.py:188} INFO - [2024-04-14T15:50:52.578-0600] {dag.py:3096} INFO - Sync 1 DAGs
[2024-04-14T15:50:52.583-0600] {logging_mixin.py:188} INFO - [2024-04-14T15:50:52.583-0600] {dag.py:3954} INFO - Setting next_dagrun for example_trigger_controller_dag to 2021-01-01 00:00:00+00:00, run_after=2021-01-01 00:00:00+00:00
[2024-04-14T15:50:52.589-0600] {processor.py:183} INFO - Processing /Users/felipejimenez/Desktop/AirFlow/.env/lib/python3.9/site-packages/airflow/example_dags/example_trigger_controller_dag.py took 0.048 seconds
[2024-04-14T15:52:21.924-0600] {processor.py:161} INFO - Started process (PID=4891) to work on /Users/felipejimenez/Desktop/AirFlow/.env/lib/python3.9/site-packages/airflow/example_dags/example_trigger_controller_dag.py
[2024-04-14T15:52:21.925-0600] {processor.py:830} INFO - Processing file /Users/felipejimenez/Desktop/AirFlow/.env/lib/python3.9/site-packages/airflow/example_dags/example_trigger_controller_dag.py for tasks to queue
[2024-04-14T15:52:21.925-0600] {logging_mixin.py:188} INFO - [2024-04-14T15:52:21.925-0600] {dagbag.py:540} INFO - Filling up the DagBag from /Users/felipejimenez/Desktop/AirFlow/.env/lib/python3.9/site-packages/airflow/example_dags/example_trigger_controller_dag.py
[2024-04-14T15:52:21.929-0600] {processor.py:840} INFO - DAG(s) 'example_trigger_controller_dag' retrieved from /Users/felipejimenez/Desktop/AirFlow/.env/lib/python3.9/site-packages/airflow/example_dags/example_trigger_controller_dag.py
[2024-04-14T15:52:21.959-0600] {logging_mixin.py:188} INFO - [2024-04-14T15:52:21.959-0600] {dag.py:3096} INFO - Sync 1 DAGs
[2024-04-14T15:52:21.964-0600] {logging_mixin.py:188} INFO - [2024-04-14T15:52:21.964-0600] {dag.py:3954} INFO - Setting next_dagrun for example_trigger_controller_dag to 2021-01-01 00:00:00+00:00, run_after=2021-01-01 00:00:00+00:00
[2024-04-14T15:52:21.970-0600] {processor.py:183} INFO - Processing /Users/felipejimenez/Desktop/AirFlow/.env/lib/python3.9/site-packages/airflow/example_dags/example_trigger_controller_dag.py took 0.047 seconds
[2024-04-14T15:53:47.945-0600] {processor.py:161} INFO - Started process (PID=5026) to work on /Users/felipejimenez/Desktop/AirFlow/.env/lib/python3.9/site-packages/airflow/example_dags/example_trigger_controller_dag.py
[2024-04-14T15:53:47.948-0600] {processor.py:830} INFO - Processing file /Users/felipejimenez/Desktop/AirFlow/.env/lib/python3.9/site-packages/airflow/example_dags/example_trigger_controller_dag.py for tasks to queue
[2024-04-14T15:53:47.948-0600] {logging_mixin.py:188} INFO - [2024-04-14T15:53:47.948-0600] {dagbag.py:540} INFO - Filling up the DagBag from /Users/felipejimenez/Desktop/AirFlow/.env/lib/python3.9/site-packages/airflow/example_dags/example_trigger_controller_dag.py
[2024-04-14T15:53:47.952-0600] {processor.py:840} INFO - DAG(s) 'example_trigger_controller_dag' retrieved from /Users/felipejimenez/Desktop/AirFlow/.env/lib/python3.9/site-packages/airflow/example_dags/example_trigger_controller_dag.py
[2024-04-14T15:53:47.982-0600] {logging_mixin.py:188} INFO - [2024-04-14T15:53:47.982-0600] {dag.py:3096} INFO - Sync 1 DAGs
[2024-04-14T15:53:47.986-0600] {logging_mixin.py:188} INFO - [2024-04-14T15:53:47.986-0600] {dag.py:3954} INFO - Setting next_dagrun for example_trigger_controller_dag to 2021-01-01 00:00:00+00:00, run_after=2021-01-01 00:00:00+00:00
[2024-04-14T15:53:47.992-0600] {processor.py:183} INFO - Processing /Users/felipejimenez/Desktop/AirFlow/.env/lib/python3.9/site-packages/airflow/example_dags/example_trigger_controller_dag.py took 0.048 seconds
[2024-04-14T15:55:57.150-0600] {processor.py:161} INFO - Started process (PID=5192) to work on /Users/felipejimenez/Desktop/AirFlow/.env/lib/python3.9/site-packages/airflow/example_dags/example_trigger_controller_dag.py
[2024-04-14T15:55:57.152-0600] {processor.py:830} INFO - Processing file /Users/felipejimenez/Desktop/AirFlow/.env/lib/python3.9/site-packages/airflow/example_dags/example_trigger_controller_dag.py for tasks to queue
[2024-04-14T15:55:57.153-0600] {logging_mixin.py:188} INFO - [2024-04-14T15:55:57.152-0600] {dagbag.py:540} INFO - Filling up the DagBag from /Users/felipejimenez/Desktop/AirFlow/.env/lib/python3.9/site-packages/airflow/example_dags/example_trigger_controller_dag.py
[2024-04-14T15:55:57.156-0600] {processor.py:840} INFO - DAG(s) 'example_trigger_controller_dag' retrieved from /Users/felipejimenez/Desktop/AirFlow/.env/lib/python3.9/site-packages/airflow/example_dags/example_trigger_controller_dag.py
[2024-04-14T15:55:57.187-0600] {logging_mixin.py:188} INFO - [2024-04-14T15:55:57.187-0600] {dag.py:3096} INFO - Sync 1 DAGs
[2024-04-14T15:55:57.192-0600] {logging_mixin.py:188} INFO - [2024-04-14T15:55:57.191-0600] {dag.py:3954} INFO - Setting next_dagrun for example_trigger_controller_dag to 2021-01-01 00:00:00+00:00, run_after=2021-01-01 00:00:00+00:00
[2024-04-14T15:55:57.198-0600] {processor.py:183} INFO - Processing /Users/felipejimenez/Desktop/AirFlow/.env/lib/python3.9/site-packages/airflow/example_dags/example_trigger_controller_dag.py took 0.049 seconds
[2024-04-14T15:57:10.242-0600] {processor.py:161} INFO - Started process (PID=5298) to work on /Users/felipejimenez/Desktop/AirFlow/.env/lib/python3.9/site-packages/airflow/example_dags/example_trigger_controller_dag.py
[2024-04-14T15:57:10.244-0600] {processor.py:830} INFO - Processing file /Users/felipejimenez/Desktop/AirFlow/.env/lib/python3.9/site-packages/airflow/example_dags/example_trigger_controller_dag.py for tasks to queue
[2024-04-14T15:57:10.244-0600] {logging_mixin.py:188} INFO - [2024-04-14T15:57:10.244-0600] {dagbag.py:540} INFO - Filling up the DagBag from /Users/felipejimenez/Desktop/AirFlow/.env/lib/python3.9/site-packages/airflow/example_dags/example_trigger_controller_dag.py
[2024-04-14T15:57:10.248-0600] {processor.py:840} INFO - DAG(s) 'example_trigger_controller_dag' retrieved from /Users/felipejimenez/Desktop/AirFlow/.env/lib/python3.9/site-packages/airflow/example_dags/example_trigger_controller_dag.py
[2024-04-14T15:57:10.278-0600] {logging_mixin.py:188} INFO - [2024-04-14T15:57:10.278-0600] {dag.py:3096} INFO - Sync 1 DAGs
[2024-04-14T15:57:10.283-0600] {logging_mixin.py:188} INFO - [2024-04-14T15:57:10.283-0600] {dag.py:3954} INFO - Setting next_dagrun for example_trigger_controller_dag to 2021-01-01 00:00:00+00:00, run_after=2021-01-01 00:00:00+00:00
[2024-04-14T15:57:10.288-0600] {processor.py:183} INFO - Processing /Users/felipejimenez/Desktop/AirFlow/.env/lib/python3.9/site-packages/airflow/example_dags/example_trigger_controller_dag.py took 0.047 seconds
[2024-04-14T15:58:38.110-0600] {processor.py:161} INFO - Started process (PID=5454) to work on /Users/felipejimenez/Desktop/AirFlow/.env/lib/python3.9/site-packages/airflow/example_dags/example_trigger_controller_dag.py
[2024-04-14T15:58:38.111-0600] {processor.py:830} INFO - Processing file /Users/felipejimenez/Desktop/AirFlow/.env/lib/python3.9/site-packages/airflow/example_dags/example_trigger_controller_dag.py for tasks to queue
[2024-04-14T15:58:38.111-0600] {logging_mixin.py:188} INFO - [2024-04-14T15:58:38.111-0600] {dagbag.py:540} INFO - Filling up the DagBag from /Users/felipejimenez/Desktop/AirFlow/.env/lib/python3.9/site-packages/airflow/example_dags/example_trigger_controller_dag.py
[2024-04-14T15:58:38.115-0600] {processor.py:840} INFO - DAG(s) 'example_trigger_controller_dag' retrieved from /Users/felipejimenez/Desktop/AirFlow/.env/lib/python3.9/site-packages/airflow/example_dags/example_trigger_controller_dag.py
[2024-04-14T15:58:38.145-0600] {logging_mixin.py:188} INFO - [2024-04-14T15:58:38.145-0600] {dag.py:3096} INFO - Sync 1 DAGs
[2024-04-14T15:58:38.150-0600] {logging_mixin.py:188} INFO - [2024-04-14T15:58:38.149-0600] {dag.py:3954} INFO - Setting next_dagrun for example_trigger_controller_dag to 2021-01-01 00:00:00+00:00, run_after=2021-01-01 00:00:00+00:00
[2024-04-14T15:58:38.155-0600] {processor.py:183} INFO - Processing /Users/felipejimenez/Desktop/AirFlow/.env/lib/python3.9/site-packages/airflow/example_dags/example_trigger_controller_dag.py took 0.047 seconds
[2024-04-14T16:00:05.984-0600] {processor.py:161} INFO - Started process (PID=5552) to work on /Users/felipejimenez/Desktop/AirFlow/.env/lib/python3.9/site-packages/airflow/example_dags/example_trigger_controller_dag.py
[2024-04-14T16:00:05.985-0600] {processor.py:830} INFO - Processing file /Users/felipejimenez/Desktop/AirFlow/.env/lib/python3.9/site-packages/airflow/example_dags/example_trigger_controller_dag.py for tasks to queue
[2024-04-14T16:00:05.986-0600] {logging_mixin.py:188} INFO - [2024-04-14T16:00:05.986-0600] {dagbag.py:540} INFO - Filling up the DagBag from /Users/felipejimenez/Desktop/AirFlow/.env/lib/python3.9/site-packages/airflow/example_dags/example_trigger_controller_dag.py
[2024-04-14T16:00:05.989-0600] {processor.py:840} INFO - DAG(s) 'example_trigger_controller_dag' retrieved from /Users/felipejimenez/Desktop/AirFlow/.env/lib/python3.9/site-packages/airflow/example_dags/example_trigger_controller_dag.py
[2024-04-14T16:00:06.019-0600] {logging_mixin.py:188} INFO - [2024-04-14T16:00:06.019-0600] {dag.py:3096} INFO - Sync 1 DAGs
[2024-04-14T16:00:06.024-0600] {logging_mixin.py:188} INFO - [2024-04-14T16:00:06.024-0600] {dag.py:3954} INFO - Setting next_dagrun for example_trigger_controller_dag to 2021-01-01 00:00:00+00:00, run_after=2021-01-01 00:00:00+00:00
[2024-04-14T16:00:06.030-0600] {processor.py:183} INFO - Processing /Users/felipejimenez/Desktop/AirFlow/.env/lib/python3.9/site-packages/airflow/example_dags/example_trigger_controller_dag.py took 0.047 seconds
[2024-04-14T16:01:30.619-0600] {processor.py:161} INFO - Started process (PID=5649) to work on /Users/felipejimenez/Desktop/AirFlow/.env/lib/python3.9/site-packages/airflow/example_dags/example_trigger_controller_dag.py
[2024-04-14T16:01:30.620-0600] {processor.py:830} INFO - Processing file /Users/felipejimenez/Desktop/AirFlow/.env/lib/python3.9/site-packages/airflow/example_dags/example_trigger_controller_dag.py for tasks to queue
[2024-04-14T16:01:30.620-0600] {logging_mixin.py:188} INFO - [2024-04-14T16:01:30.620-0600] {dagbag.py:540} INFO - Filling up the DagBag from /Users/felipejimenez/Desktop/AirFlow/.env/lib/python3.9/site-packages/airflow/example_dags/example_trigger_controller_dag.py
[2024-04-14T16:01:30.624-0600] {processor.py:840} INFO - DAG(s) 'example_trigger_controller_dag' retrieved from /Users/felipejimenez/Desktop/AirFlow/.env/lib/python3.9/site-packages/airflow/example_dags/example_trigger_controller_dag.py
[2024-04-14T16:01:30.655-0600] {logging_mixin.py:188} INFO - [2024-04-14T16:01:30.654-0600] {dag.py:3096} INFO - Sync 1 DAGs
[2024-04-14T16:01:30.660-0600] {logging_mixin.py:188} INFO - [2024-04-14T16:01:30.660-0600] {dag.py:3954} INFO - Setting next_dagrun for example_trigger_controller_dag to 2021-01-01 00:00:00+00:00, run_after=2021-01-01 00:00:00+00:00
[2024-04-14T16:01:30.666-0600] {processor.py:183} INFO - Processing /Users/felipejimenez/Desktop/AirFlow/.env/lib/python3.9/site-packages/airflow/example_dags/example_trigger_controller_dag.py took 0.048 seconds
[2024-04-14T16:03:55.303-0600] {processor.py:161} INFO - Started process (PID=5854) to work on /Users/felipejimenez/Desktop/AirFlow/.env/lib/python3.9/site-packages/airflow/example_dags/example_trigger_controller_dag.py
[2024-04-14T16:03:55.305-0600] {processor.py:830} INFO - Processing file /Users/felipejimenez/Desktop/AirFlow/.env/lib/python3.9/site-packages/airflow/example_dags/example_trigger_controller_dag.py for tasks to queue
[2024-04-14T16:03:55.305-0600] {logging_mixin.py:188} INFO - [2024-04-14T16:03:55.305-0600] {dagbag.py:540} INFO - Filling up the DagBag from /Users/felipejimenez/Desktop/AirFlow/.env/lib/python3.9/site-packages/airflow/example_dags/example_trigger_controller_dag.py
[2024-04-14T16:03:55.309-0600] {processor.py:840} INFO - DAG(s) 'example_trigger_controller_dag' retrieved from /Users/felipejimenez/Desktop/AirFlow/.env/lib/python3.9/site-packages/airflow/example_dags/example_trigger_controller_dag.py
[2024-04-14T16:03:55.338-0600] {logging_mixin.py:188} INFO - [2024-04-14T16:03:55.338-0600] {dag.py:3096} INFO - Sync 1 DAGs
[2024-04-14T16:03:55.343-0600] {logging_mixin.py:188} INFO - [2024-04-14T16:03:55.343-0600] {dag.py:3954} INFO - Setting next_dagrun for example_trigger_controller_dag to 2021-01-01 00:00:00+00:00, run_after=2021-01-01 00:00:00+00:00
[2024-04-14T16:03:55.348-0600] {processor.py:183} INFO - Processing /Users/felipejimenez/Desktop/AirFlow/.env/lib/python3.9/site-packages/airflow/example_dags/example_trigger_controller_dag.py took 0.046 seconds
[2024-04-14T16:05:08.495-0600] {processor.py:161} INFO - Started process (PID=5992) to work on /Users/felipejimenez/Desktop/AirFlow/.env/lib/python3.9/site-packages/airflow/example_dags/example_trigger_controller_dag.py
[2024-04-14T16:05:08.496-0600] {processor.py:830} INFO - Processing file /Users/felipejimenez/Desktop/AirFlow/.env/lib/python3.9/site-packages/airflow/example_dags/example_trigger_controller_dag.py for tasks to queue
[2024-04-14T16:05:08.496-0600] {logging_mixin.py:188} INFO - [2024-04-14T16:05:08.496-0600] {dagbag.py:540} INFO - Filling up the DagBag from /Users/felipejimenez/Desktop/AirFlow/.env/lib/python3.9/site-packages/airflow/example_dags/example_trigger_controller_dag.py
[2024-04-14T16:05:08.500-0600] {processor.py:840} INFO - DAG(s) 'example_trigger_controller_dag' retrieved from /Users/felipejimenez/Desktop/AirFlow/.env/lib/python3.9/site-packages/airflow/example_dags/example_trigger_controller_dag.py
[2024-04-14T16:05:08.530-0600] {logging_mixin.py:188} INFO - [2024-04-14T16:05:08.530-0600] {dag.py:3096} INFO - Sync 1 DAGs
[2024-04-14T16:05:08.534-0600] {logging_mixin.py:188} INFO - [2024-04-14T16:05:08.534-0600] {dag.py:3954} INFO - Setting next_dagrun for example_trigger_controller_dag to 2021-01-01 00:00:00+00:00, run_after=2021-01-01 00:00:00+00:00
[2024-04-14T16:05:08.540-0600] {processor.py:183} INFO - Processing /Users/felipejimenez/Desktop/AirFlow/.env/lib/python3.9/site-packages/airflow/example_dags/example_trigger_controller_dag.py took 0.047 seconds
