[2024-04-14T15:42:17.443-0600] {processor.py:161} INFO - Started process (PID=4076) to work on /Users/felipejimenez/Desktop/AirFlow/.env/lib/python3.9/site-packages/airflow/example_dags/example_time_delta_sensor_async.py
[2024-04-14T15:42:17.444-0600] {processor.py:830} INFO - Processing file /Users/felipejimenez/Desktop/AirFlow/.env/lib/python3.9/site-packages/airflow/example_dags/example_time_delta_sensor_async.py for tasks to queue
[2024-04-14T15:42:17.444-0600] {logging_mixin.py:188} INFO - [2024-04-14T15:42:17.444-0600] {dagbag.py:540} INFO - Filling up the DagBag from /Users/felipejimenez/Desktop/AirFlow/.env/lib/python3.9/site-packages/airflow/example_dags/example_time_delta_sensor_async.py
[2024-04-14T15:42:17.448-0600] {processor.py:840} INFO - DAG(s) 'example_time_delta_sensor_async' retrieved from /Users/felipejimenez/Desktop/AirFlow/.env/lib/python3.9/site-packages/airflow/example_dags/example_time_delta_sensor_async.py
[2024-04-14T15:42:17.529-0600] {logging_mixin.py:188} INFO - [2024-04-14T15:42:17.529-0600] {override.py:1829} INFO - Created Permission View: can edit on DAG:example_time_delta_sensor_async
[2024-04-14T15:42:17.532-0600] {logging_mixin.py:188} INFO - [2024-04-14T15:42:17.531-0600] {override.py:1829} INFO - Created Permission View: can read on DAG:example_time_delta_sensor_async
[2024-04-14T15:42:17.533-0600] {logging_mixin.py:188} INFO - [2024-04-14T15:42:17.533-0600] {override.py:1829} INFO - Created Permission View: can delete on DAG:example_time_delta_sensor_async
[2024-04-14T15:42:17.533-0600] {logging_mixin.py:188} INFO - [2024-04-14T15:42:17.533-0600] {dag.py:3096} INFO - Sync 1 DAGs
[2024-04-14T15:42:17.536-0600] {logging_mixin.py:188} INFO - [2024-04-14T15:42:17.536-0600] {dag.py:3118} INFO - Creating ORM DAG for example_time_delta_sensor_async
[2024-04-14T15:42:17.537-0600] {logging_mixin.py:188} INFO - [2024-04-14T15:42:17.536-0600] {dag.py:3954} INFO - Setting next_dagrun for example_time_delta_sensor_async to None, run_after=None
[2024-04-14T15:42:17.541-0600] {processor.py:183} INFO - Processing /Users/felipejimenez/Desktop/AirFlow/.env/lib/python3.9/site-packages/airflow/example_dags/example_time_delta_sensor_async.py took 0.100 seconds
[2024-04-14T15:43:34.486-0600] {processor.py:161} INFO - Started process (PID=4174) to work on /Users/felipejimenez/Desktop/AirFlow/.env/lib/python3.9/site-packages/airflow/example_dags/example_time_delta_sensor_async.py
[2024-04-14T15:43:34.488-0600] {processor.py:830} INFO - Processing file /Users/felipejimenez/Desktop/AirFlow/.env/lib/python3.9/site-packages/airflow/example_dags/example_time_delta_sensor_async.py for tasks to queue
[2024-04-14T15:43:34.488-0600] {logging_mixin.py:188} INFO - [2024-04-14T15:43:34.488-0600] {dagbag.py:540} INFO - Filling up the DagBag from /Users/felipejimenez/Desktop/AirFlow/.env/lib/python3.9/site-packages/airflow/example_dags/example_time_delta_sensor_async.py
[2024-04-14T15:43:34.491-0600] {processor.py:840} INFO - DAG(s) 'example_time_delta_sensor_async' retrieved from /Users/felipejimenez/Desktop/AirFlow/.env/lib/python3.9/site-packages/airflow/example_dags/example_time_delta_sensor_async.py
[2024-04-14T15:43:34.528-0600] {logging_mixin.py:188} INFO - [2024-04-14T15:43:34.528-0600] {dag.py:3096} INFO - Sync 1 DAGs
[2024-04-14T15:43:34.531-0600] {logging_mixin.py:188} INFO - [2024-04-14T15:43:34.531-0600] {dag.py:3954} INFO - Setting next_dagrun for example_time_delta_sensor_async to None, run_after=None
[2024-04-14T15:43:34.536-0600] {processor.py:183} INFO - Processing /Users/felipejimenez/Desktop/AirFlow/.env/lib/python3.9/site-packages/airflow/example_dags/example_time_delta_sensor_async.py took 0.051 seconds
[2024-04-14T15:45:01.260-0600] {processor.py:161} INFO - Started process (PID=4277) to work on /Users/felipejimenez/Desktop/AirFlow/.env/lib/python3.9/site-packages/airflow/example_dags/example_time_delta_sensor_async.py
[2024-04-14T15:45:01.262-0600] {processor.py:830} INFO - Processing file /Users/felipejimenez/Desktop/AirFlow/.env/lib/python3.9/site-packages/airflow/example_dags/example_time_delta_sensor_async.py for tasks to queue
[2024-04-14T15:45:01.262-0600] {logging_mixin.py:188} INFO - [2024-04-14T15:45:01.262-0600] {dagbag.py:540} INFO - Filling up the DagBag from /Users/felipejimenez/Desktop/AirFlow/.env/lib/python3.9/site-packages/airflow/example_dags/example_time_delta_sensor_async.py
[2024-04-14T15:45:01.266-0600] {processor.py:840} INFO - DAG(s) 'example_time_delta_sensor_async' retrieved from /Users/felipejimenez/Desktop/AirFlow/.env/lib/python3.9/site-packages/airflow/example_dags/example_time_delta_sensor_async.py
[2024-04-14T15:45:01.307-0600] {logging_mixin.py:188} INFO - [2024-04-14T15:45:01.306-0600] {dag.py:3096} INFO - Sync 1 DAGs
[2024-04-14T15:45:01.310-0600] {logging_mixin.py:188} INFO - [2024-04-14T15:45:01.310-0600] {dag.py:3954} INFO - Setting next_dagrun for example_time_delta_sensor_async to None, run_after=None
[2024-04-14T15:45:01.318-0600] {processor.py:183} INFO - Processing /Users/felipejimenez/Desktop/AirFlow/.env/lib/python3.9/site-packages/airflow/example_dags/example_time_delta_sensor_async.py took 0.059 seconds
[2024-04-14T15:46:24.800-0600] {processor.py:161} INFO - Started process (PID=4375) to work on /Users/felipejimenez/Desktop/AirFlow/.env/lib/python3.9/site-packages/airflow/example_dags/example_time_delta_sensor_async.py
[2024-04-14T15:46:24.801-0600] {processor.py:830} INFO - Processing file /Users/felipejimenez/Desktop/AirFlow/.env/lib/python3.9/site-packages/airflow/example_dags/example_time_delta_sensor_async.py for tasks to queue
[2024-04-14T15:46:24.801-0600] {logging_mixin.py:188} INFO - [2024-04-14T15:46:24.801-0600] {dagbag.py:540} INFO - Filling up the DagBag from /Users/felipejimenez/Desktop/AirFlow/.env/lib/python3.9/site-packages/airflow/example_dags/example_time_delta_sensor_async.py
[2024-04-14T15:46:24.805-0600] {processor.py:840} INFO - DAG(s) 'example_time_delta_sensor_async' retrieved from /Users/felipejimenez/Desktop/AirFlow/.env/lib/python3.9/site-packages/airflow/example_dags/example_time_delta_sensor_async.py
[2024-04-14T15:46:24.838-0600] {logging_mixin.py:188} INFO - [2024-04-14T15:46:24.838-0600] {dag.py:3096} INFO - Sync 1 DAGs
[2024-04-14T15:46:24.841-0600] {logging_mixin.py:188} INFO - [2024-04-14T15:46:24.841-0600] {dag.py:3954} INFO - Setting next_dagrun for example_time_delta_sensor_async to None, run_after=None
[2024-04-14T15:46:24.846-0600] {processor.py:183} INFO - Processing /Users/felipejimenez/Desktop/AirFlow/.env/lib/python3.9/site-packages/airflow/example_dags/example_time_delta_sensor_async.py took 0.048 seconds
[2024-04-14T15:47:58.030-0600] {processor.py:161} INFO - Started process (PID=4488) to work on /Users/felipejimenez/Desktop/AirFlow/.env/lib/python3.9/site-packages/airflow/example_dags/example_time_delta_sensor_async.py
[2024-04-14T15:47:58.031-0600] {processor.py:830} INFO - Processing file /Users/felipejimenez/Desktop/AirFlow/.env/lib/python3.9/site-packages/airflow/example_dags/example_time_delta_sensor_async.py for tasks to queue
[2024-04-14T15:47:58.032-0600] {logging_mixin.py:188} INFO - [2024-04-14T15:47:58.031-0600] {dagbag.py:540} INFO - Filling up the DagBag from /Users/felipejimenez/Desktop/AirFlow/.env/lib/python3.9/site-packages/airflow/example_dags/example_time_delta_sensor_async.py
[2024-04-14T15:47:58.035-0600] {processor.py:840} INFO - DAG(s) 'example_time_delta_sensor_async' retrieved from /Users/felipejimenez/Desktop/AirFlow/.env/lib/python3.9/site-packages/airflow/example_dags/example_time_delta_sensor_async.py
[2024-04-14T15:47:58.069-0600] {logging_mixin.py:188} INFO - [2024-04-14T15:47:58.069-0600] {dag.py:3096} INFO - Sync 1 DAGs
[2024-04-14T15:47:58.072-0600] {logging_mixin.py:188} INFO - [2024-04-14T15:47:58.072-0600] {dag.py:3954} INFO - Setting next_dagrun for example_time_delta_sensor_async to None, run_after=None
[2024-04-14T15:47:58.077-0600] {processor.py:183} INFO - Processing /Users/felipejimenez/Desktop/AirFlow/.env/lib/python3.9/site-packages/airflow/example_dags/example_time_delta_sensor_async.py took 0.049 seconds
[2024-04-14T15:49:25.846-0600] {processor.py:161} INFO - Started process (PID=4658) to work on /Users/felipejimenez/Desktop/AirFlow/.env/lib/python3.9/site-packages/airflow/example_dags/example_time_delta_sensor_async.py
[2024-04-14T15:49:25.847-0600] {processor.py:830} INFO - Processing file /Users/felipejimenez/Desktop/AirFlow/.env/lib/python3.9/site-packages/airflow/example_dags/example_time_delta_sensor_async.py for tasks to queue
[2024-04-14T15:49:25.848-0600] {logging_mixin.py:188} INFO - [2024-04-14T15:49:25.848-0600] {dagbag.py:540} INFO - Filling up the DagBag from /Users/felipejimenez/Desktop/AirFlow/.env/lib/python3.9/site-packages/airflow/example_dags/example_time_delta_sensor_async.py
[2024-04-14T15:49:25.851-0600] {processor.py:840} INFO - DAG(s) 'example_time_delta_sensor_async' retrieved from /Users/felipejimenez/Desktop/AirFlow/.env/lib/python3.9/site-packages/airflow/example_dags/example_time_delta_sensor_async.py
[2024-04-14T15:49:25.886-0600] {logging_mixin.py:188} INFO - [2024-04-14T15:49:25.886-0600] {dag.py:3096} INFO - Sync 1 DAGs
[2024-04-14T15:49:25.889-0600] {logging_mixin.py:188} INFO - [2024-04-14T15:49:25.889-0600] {dag.py:3954} INFO - Setting next_dagrun for example_time_delta_sensor_async to None, run_after=None
[2024-04-14T15:49:25.894-0600] {processor.py:183} INFO - Processing /Users/felipejimenez/Desktop/AirFlow/.env/lib/python3.9/site-packages/airflow/example_dags/example_time_delta_sensor_async.py took 0.050 seconds
[2024-04-14T15:50:54.216-0600] {processor.py:161} INFO - Started process (PID=4760) to work on /Users/felipejimenez/Desktop/AirFlow/.env/lib/python3.9/site-packages/airflow/example_dags/example_time_delta_sensor_async.py
[2024-04-14T15:50:54.217-0600] {processor.py:830} INFO - Processing file /Users/felipejimenez/Desktop/AirFlow/.env/lib/python3.9/site-packages/airflow/example_dags/example_time_delta_sensor_async.py for tasks to queue
[2024-04-14T15:50:54.217-0600] {logging_mixin.py:188} INFO - [2024-04-14T15:50:54.217-0600] {dagbag.py:540} INFO - Filling up the DagBag from /Users/felipejimenez/Desktop/AirFlow/.env/lib/python3.9/site-packages/airflow/example_dags/example_time_delta_sensor_async.py
[2024-04-14T15:50:54.220-0600] {processor.py:840} INFO - DAG(s) 'example_time_delta_sensor_async' retrieved from /Users/felipejimenez/Desktop/AirFlow/.env/lib/python3.9/site-packages/airflow/example_dags/example_time_delta_sensor_async.py
[2024-04-14T15:50:54.255-0600] {logging_mixin.py:188} INFO - [2024-04-14T15:50:54.255-0600] {dag.py:3096} INFO - Sync 1 DAGs
[2024-04-14T15:50:54.258-0600] {logging_mixin.py:188} INFO - [2024-04-14T15:50:54.258-0600] {dag.py:3954} INFO - Setting next_dagrun for example_time_delta_sensor_async to None, run_after=None
[2024-04-14T15:50:54.263-0600] {processor.py:183} INFO - Processing /Users/felipejimenez/Desktop/AirFlow/.env/lib/python3.9/site-packages/airflow/example_dags/example_time_delta_sensor_async.py took 0.048 seconds
[2024-04-14T15:52:23.536-0600] {processor.py:161} INFO - Started process (PID=4894) to work on /Users/felipejimenez/Desktop/AirFlow/.env/lib/python3.9/site-packages/airflow/example_dags/example_time_delta_sensor_async.py
[2024-04-14T15:52:23.537-0600] {processor.py:830} INFO - Processing file /Users/felipejimenez/Desktop/AirFlow/.env/lib/python3.9/site-packages/airflow/example_dags/example_time_delta_sensor_async.py for tasks to queue
[2024-04-14T15:52:23.538-0600] {logging_mixin.py:188} INFO - [2024-04-14T15:52:23.538-0600] {dagbag.py:540} INFO - Filling up the DagBag from /Users/felipejimenez/Desktop/AirFlow/.env/lib/python3.9/site-packages/airflow/example_dags/example_time_delta_sensor_async.py
[2024-04-14T15:52:23.541-0600] {processor.py:840} INFO - DAG(s) 'example_time_delta_sensor_async' retrieved from /Users/felipejimenez/Desktop/AirFlow/.env/lib/python3.9/site-packages/airflow/example_dags/example_time_delta_sensor_async.py
[2024-04-14T15:52:23.576-0600] {logging_mixin.py:188} INFO - [2024-04-14T15:52:23.576-0600] {dag.py:3096} INFO - Sync 1 DAGs
[2024-04-14T15:52:23.579-0600] {logging_mixin.py:188} INFO - [2024-04-14T15:52:23.578-0600] {dag.py:3954} INFO - Setting next_dagrun for example_time_delta_sensor_async to None, run_after=None
[2024-04-14T15:52:23.584-0600] {processor.py:183} INFO - Processing /Users/felipejimenez/Desktop/AirFlow/.env/lib/python3.9/site-packages/airflow/example_dags/example_time_delta_sensor_async.py took 0.049 seconds
[2024-04-14T15:53:48.833-0600] {processor.py:161} INFO - Started process (PID=5027) to work on /Users/felipejimenez/Desktop/AirFlow/.env/lib/python3.9/site-packages/airflow/example_dags/example_time_delta_sensor_async.py
[2024-04-14T15:53:48.834-0600] {processor.py:830} INFO - Processing file /Users/felipejimenez/Desktop/AirFlow/.env/lib/python3.9/site-packages/airflow/example_dags/example_time_delta_sensor_async.py for tasks to queue
[2024-04-14T15:53:48.835-0600] {logging_mixin.py:188} INFO - [2024-04-14T15:53:48.834-0600] {dagbag.py:540} INFO - Filling up the DagBag from /Users/felipejimenez/Desktop/AirFlow/.env/lib/python3.9/site-packages/airflow/example_dags/example_time_delta_sensor_async.py
[2024-04-14T15:53:48.838-0600] {processor.py:840} INFO - DAG(s) 'example_time_delta_sensor_async' retrieved from /Users/felipejimenez/Desktop/AirFlow/.env/lib/python3.9/site-packages/airflow/example_dags/example_time_delta_sensor_async.py
[2024-04-14T15:53:48.873-0600] {logging_mixin.py:188} INFO - [2024-04-14T15:53:48.873-0600] {dag.py:3096} INFO - Sync 1 DAGs
[2024-04-14T15:53:48.876-0600] {logging_mixin.py:188} INFO - [2024-04-14T15:53:48.876-0600] {dag.py:3954} INFO - Setting next_dagrun for example_time_delta_sensor_async to None, run_after=None
[2024-04-14T15:53:48.882-0600] {processor.py:183} INFO - Processing /Users/felipejimenez/Desktop/AirFlow/.env/lib/python3.9/site-packages/airflow/example_dags/example_time_delta_sensor_async.py took 0.050 seconds
[2024-04-14T15:55:58.622-0600] {processor.py:161} INFO - Started process (PID=5193) to work on /Users/felipejimenez/Desktop/AirFlow/.env/lib/python3.9/site-packages/airflow/example_dags/example_time_delta_sensor_async.py
[2024-04-14T15:55:58.624-0600] {processor.py:830} INFO - Processing file /Users/felipejimenez/Desktop/AirFlow/.env/lib/python3.9/site-packages/airflow/example_dags/example_time_delta_sensor_async.py for tasks to queue
[2024-04-14T15:55:58.624-0600] {logging_mixin.py:188} INFO - [2024-04-14T15:55:58.624-0600] {dagbag.py:540} INFO - Filling up the DagBag from /Users/felipejimenez/Desktop/AirFlow/.env/lib/python3.9/site-packages/airflow/example_dags/example_time_delta_sensor_async.py
[2024-04-14T15:55:58.627-0600] {processor.py:840} INFO - DAG(s) 'example_time_delta_sensor_async' retrieved from /Users/felipejimenez/Desktop/AirFlow/.env/lib/python3.9/site-packages/airflow/example_dags/example_time_delta_sensor_async.py
[2024-04-14T15:55:58.661-0600] {logging_mixin.py:188} INFO - [2024-04-14T15:55:58.661-0600] {dag.py:3096} INFO - Sync 1 DAGs
[2024-04-14T15:55:58.664-0600] {logging_mixin.py:188} INFO - [2024-04-14T15:55:58.664-0600] {dag.py:3954} INFO - Setting next_dagrun for example_time_delta_sensor_async to None, run_after=None
[2024-04-14T15:55:58.669-0600] {processor.py:183} INFO - Processing /Users/felipejimenez/Desktop/AirFlow/.env/lib/python3.9/site-packages/airflow/example_dags/example_time_delta_sensor_async.py took 0.048 seconds
[2024-04-14T15:57:11.802-0600] {processor.py:161} INFO - Started process (PID=5301) to work on /Users/felipejimenez/Desktop/AirFlow/.env/lib/python3.9/site-packages/airflow/example_dags/example_time_delta_sensor_async.py
[2024-04-14T15:57:11.803-0600] {processor.py:830} INFO - Processing file /Users/felipejimenez/Desktop/AirFlow/.env/lib/python3.9/site-packages/airflow/example_dags/example_time_delta_sensor_async.py for tasks to queue
[2024-04-14T15:57:11.804-0600] {logging_mixin.py:188} INFO - [2024-04-14T15:57:11.804-0600] {dagbag.py:540} INFO - Filling up the DagBag from /Users/felipejimenez/Desktop/AirFlow/.env/lib/python3.9/site-packages/airflow/example_dags/example_time_delta_sensor_async.py
[2024-04-14T15:57:11.807-0600] {processor.py:840} INFO - DAG(s) 'example_time_delta_sensor_async' retrieved from /Users/felipejimenez/Desktop/AirFlow/.env/lib/python3.9/site-packages/airflow/example_dags/example_time_delta_sensor_async.py
[2024-04-14T15:57:11.842-0600] {logging_mixin.py:188} INFO - [2024-04-14T15:57:11.842-0600] {dag.py:3096} INFO - Sync 1 DAGs
[2024-04-14T15:57:11.845-0600] {logging_mixin.py:188} INFO - [2024-04-14T15:57:11.845-0600] {dag.py:3954} INFO - Setting next_dagrun for example_time_delta_sensor_async to None, run_after=None
[2024-04-14T15:57:11.851-0600] {processor.py:183} INFO - Processing /Users/felipejimenez/Desktop/AirFlow/.env/lib/python3.9/site-packages/airflow/example_dags/example_time_delta_sensor_async.py took 0.050 seconds
[2024-04-14T15:58:39.722-0600] {processor.py:161} INFO - Started process (PID=5455) to work on /Users/felipejimenez/Desktop/AirFlow/.env/lib/python3.9/site-packages/airflow/example_dags/example_time_delta_sensor_async.py
[2024-04-14T15:58:39.724-0600] {processor.py:830} INFO - Processing file /Users/felipejimenez/Desktop/AirFlow/.env/lib/python3.9/site-packages/airflow/example_dags/example_time_delta_sensor_async.py for tasks to queue
[2024-04-14T15:58:39.724-0600] {logging_mixin.py:188} INFO - [2024-04-14T15:58:39.724-0600] {dagbag.py:540} INFO - Filling up the DagBag from /Users/felipejimenez/Desktop/AirFlow/.env/lib/python3.9/site-packages/airflow/example_dags/example_time_delta_sensor_async.py
[2024-04-14T15:58:39.727-0600] {processor.py:840} INFO - DAG(s) 'example_time_delta_sensor_async' retrieved from /Users/felipejimenez/Desktop/AirFlow/.env/lib/python3.9/site-packages/airflow/example_dags/example_time_delta_sensor_async.py
[2024-04-14T15:58:39.761-0600] {logging_mixin.py:188} INFO - [2024-04-14T15:58:39.760-0600] {dag.py:3096} INFO - Sync 1 DAGs
[2024-04-14T15:58:39.763-0600] {logging_mixin.py:188} INFO - [2024-04-14T15:58:39.763-0600] {dag.py:3954} INFO - Setting next_dagrun for example_time_delta_sensor_async to None, run_after=None
[2024-04-14T15:58:39.769-0600] {processor.py:183} INFO - Processing /Users/felipejimenez/Desktop/AirFlow/.env/lib/python3.9/site-packages/airflow/example_dags/example_time_delta_sensor_async.py took 0.047 seconds
[2024-04-14T16:00:06.713-0600] {processor.py:161} INFO - Started process (PID=5555) to work on /Users/felipejimenez/Desktop/AirFlow/.env/lib/python3.9/site-packages/airflow/example_dags/example_time_delta_sensor_async.py
[2024-04-14T16:00:06.714-0600] {processor.py:830} INFO - Processing file /Users/felipejimenez/Desktop/AirFlow/.env/lib/python3.9/site-packages/airflow/example_dags/example_time_delta_sensor_async.py for tasks to queue
[2024-04-14T16:00:06.715-0600] {logging_mixin.py:188} INFO - [2024-04-14T16:00:06.715-0600] {dagbag.py:540} INFO - Filling up the DagBag from /Users/felipejimenez/Desktop/AirFlow/.env/lib/python3.9/site-packages/airflow/example_dags/example_time_delta_sensor_async.py
[2024-04-14T16:00:06.718-0600] {processor.py:840} INFO - DAG(s) 'example_time_delta_sensor_async' retrieved from /Users/felipejimenez/Desktop/AirFlow/.env/lib/python3.9/site-packages/airflow/example_dags/example_time_delta_sensor_async.py
[2024-04-14T16:00:06.755-0600] {logging_mixin.py:188} INFO - [2024-04-14T16:00:06.755-0600] {dag.py:3096} INFO - Sync 1 DAGs
[2024-04-14T16:00:06.758-0600] {logging_mixin.py:188} INFO - [2024-04-14T16:00:06.758-0600] {dag.py:3954} INFO - Setting next_dagrun for example_time_delta_sensor_async to None, run_after=None
[2024-04-14T16:00:06.764-0600] {processor.py:183} INFO - Processing /Users/felipejimenez/Desktop/AirFlow/.env/lib/python3.9/site-packages/airflow/example_dags/example_time_delta_sensor_async.py took 0.052 seconds
[2024-04-14T16:01:32.229-0600] {processor.py:161} INFO - Started process (PID=5652) to work on /Users/felipejimenez/Desktop/AirFlow/.env/lib/python3.9/site-packages/airflow/example_dags/example_time_delta_sensor_async.py
[2024-04-14T16:01:32.230-0600] {processor.py:830} INFO - Processing file /Users/felipejimenez/Desktop/AirFlow/.env/lib/python3.9/site-packages/airflow/example_dags/example_time_delta_sensor_async.py for tasks to queue
[2024-04-14T16:01:32.231-0600] {logging_mixin.py:188} INFO - [2024-04-14T16:01:32.231-0600] {dagbag.py:540} INFO - Filling up the DagBag from /Users/felipejimenez/Desktop/AirFlow/.env/lib/python3.9/site-packages/airflow/example_dags/example_time_delta_sensor_async.py
[2024-04-14T16:01:32.234-0600] {processor.py:840} INFO - DAG(s) 'example_time_delta_sensor_async' retrieved from /Users/felipejimenez/Desktop/AirFlow/.env/lib/python3.9/site-packages/airflow/example_dags/example_time_delta_sensor_async.py
[2024-04-14T16:01:32.269-0600] {logging_mixin.py:188} INFO - [2024-04-14T16:01:32.269-0600] {dag.py:3096} INFO - Sync 1 DAGs
[2024-04-14T16:01:32.272-0600] {logging_mixin.py:188} INFO - [2024-04-14T16:01:32.272-0600] {dag.py:3954} INFO - Setting next_dagrun for example_time_delta_sensor_async to None, run_after=None
[2024-04-14T16:01:32.277-0600] {processor.py:183} INFO - Processing /Users/felipejimenez/Desktop/AirFlow/.env/lib/python3.9/site-packages/airflow/example_dags/example_time_delta_sensor_async.py took 0.050 seconds
[2024-04-14T16:03:56.787-0600] {processor.py:161} INFO - Started process (PID=5857) to work on /Users/felipejimenez/Desktop/AirFlow/.env/lib/python3.9/site-packages/airflow/example_dags/example_time_delta_sensor_async.py
[2024-04-14T16:03:56.789-0600] {processor.py:830} INFO - Processing file /Users/felipejimenez/Desktop/AirFlow/.env/lib/python3.9/site-packages/airflow/example_dags/example_time_delta_sensor_async.py for tasks to queue
[2024-04-14T16:03:56.789-0600] {logging_mixin.py:188} INFO - [2024-04-14T16:03:56.789-0600] {dagbag.py:540} INFO - Filling up the DagBag from /Users/felipejimenez/Desktop/AirFlow/.env/lib/python3.9/site-packages/airflow/example_dags/example_time_delta_sensor_async.py
[2024-04-14T16:03:56.792-0600] {processor.py:840} INFO - DAG(s) 'example_time_delta_sensor_async' retrieved from /Users/felipejimenez/Desktop/AirFlow/.env/lib/python3.9/site-packages/airflow/example_dags/example_time_delta_sensor_async.py
[2024-04-14T16:03:56.826-0600] {logging_mixin.py:188} INFO - [2024-04-14T16:03:56.826-0600] {dag.py:3096} INFO - Sync 1 DAGs
[2024-04-14T16:03:56.829-0600] {logging_mixin.py:188} INFO - [2024-04-14T16:03:56.829-0600] {dag.py:3954} INFO - Setting next_dagrun for example_time_delta_sensor_async to None, run_after=None
[2024-04-14T16:03:56.834-0600] {processor.py:183} INFO - Processing /Users/felipejimenez/Desktop/AirFlow/.env/lib/python3.9/site-packages/airflow/example_dags/example_time_delta_sensor_async.py took 0.048 seconds
[2024-04-14T16:05:09.892-0600] {processor.py:161} INFO - Started process (PID=5994) to work on /Users/felipejimenez/Desktop/AirFlow/.env/lib/python3.9/site-packages/airflow/example_dags/example_time_delta_sensor_async.py
[2024-04-14T16:05:09.893-0600] {processor.py:830} INFO - Processing file /Users/felipejimenez/Desktop/AirFlow/.env/lib/python3.9/site-packages/airflow/example_dags/example_time_delta_sensor_async.py for tasks to queue
[2024-04-14T16:05:09.894-0600] {logging_mixin.py:188} INFO - [2024-04-14T16:05:09.894-0600] {dagbag.py:540} INFO - Filling up the DagBag from /Users/felipejimenez/Desktop/AirFlow/.env/lib/python3.9/site-packages/airflow/example_dags/example_time_delta_sensor_async.py
[2024-04-14T16:05:09.897-0600] {processor.py:840} INFO - DAG(s) 'example_time_delta_sensor_async' retrieved from /Users/felipejimenez/Desktop/AirFlow/.env/lib/python3.9/site-packages/airflow/example_dags/example_time_delta_sensor_async.py
[2024-04-14T16:05:09.931-0600] {logging_mixin.py:188} INFO - [2024-04-14T16:05:09.931-0600] {dag.py:3096} INFO - Sync 1 DAGs
[2024-04-14T16:05:09.934-0600] {logging_mixin.py:188} INFO - [2024-04-14T16:05:09.934-0600] {dag.py:3954} INFO - Setting next_dagrun for example_time_delta_sensor_async to None, run_after=None
[2024-04-14T16:05:09.939-0600] {processor.py:183} INFO - Processing /Users/felipejimenez/Desktop/AirFlow/.env/lib/python3.9/site-packages/airflow/example_dags/example_time_delta_sensor_async.py took 0.048 seconds
