[2024-04-14T15:42:28.123-0600] {processor.py:161} INFO - Started process (PID=4088) to work on /Users/felipejimenez/Desktop/AirFlow/.env/lib/python3.9/site-packages/airflow/example_dags/example_short_circuit_decorator.py
[2024-04-14T15:42:28.123-0600] {processor.py:830} INFO - Processing file /Users/felipejimenez/Desktop/AirFlow/.env/lib/python3.9/site-packages/airflow/example_dags/example_short_circuit_decorator.py for tasks to queue
[2024-04-14T15:42:28.124-0600] {logging_mixin.py:188} INFO - [2024-04-14T15:42:28.124-0600] {dagbag.py:540} INFO - Filling up the DagBag from /Users/felipejimenez/Desktop/AirFlow/.env/lib/python3.9/site-packages/airflow/example_dags/example_short_circuit_decorator.py
[2024-04-14T15:42:28.137-0600] {processor.py:840} INFO - DAG(s) 'example_short_circuit_decorator' retrieved from /Users/felipejimenez/Desktop/AirFlow/.env/lib/python3.9/site-packages/airflow/example_dags/example_short_circuit_decorator.py
[2024-04-14T15:42:28.218-0600] {logging_mixin.py:188} INFO - [2024-04-14T15:42:28.218-0600] {override.py:1829} INFO - Created Permission View: can delete on DAG:example_short_circuit_decorator
[2024-04-14T15:42:28.221-0600] {logging_mixin.py:188} INFO - [2024-04-14T15:42:28.220-0600] {override.py:1829} INFO - Created Permission View: can read on DAG:example_short_circuit_decorator
[2024-04-14T15:42:28.222-0600] {logging_mixin.py:188} INFO - [2024-04-14T15:42:28.222-0600] {override.py:1829} INFO - Created Permission View: can edit on DAG:example_short_circuit_decorator
[2024-04-14T15:42:28.222-0600] {logging_mixin.py:188} INFO - [2024-04-14T15:42:28.222-0600] {dag.py:3096} INFO - Sync 1 DAGs
[2024-04-14T15:42:28.225-0600] {logging_mixin.py:188} INFO - [2024-04-14T15:42:28.225-0600] {dag.py:3118} INFO - Creating ORM DAG for example_short_circuit_decorator
[2024-04-14T15:42:28.229-0600] {logging_mixin.py:188} INFO - [2024-04-14T15:42:28.229-0600] {dag.py:3954} INFO - Setting next_dagrun for example_short_circuit_decorator to 2024-04-13 00:00:00+00:00, run_after=2024-04-14 00:00:00+00:00
[2024-04-14T15:42:28.234-0600] {processor.py:183} INFO - Processing /Users/felipejimenez/Desktop/AirFlow/.env/lib/python3.9/site-packages/airflow/example_dags/example_short_circuit_decorator.py took 0.113 seconds
[2024-04-14T15:43:44.115-0600] {processor.py:161} INFO - Started process (PID=4185) to work on /Users/felipejimenez/Desktop/AirFlow/.env/lib/python3.9/site-packages/airflow/example_dags/example_short_circuit_decorator.py
[2024-04-14T15:43:44.117-0600] {processor.py:830} INFO - Processing file /Users/felipejimenez/Desktop/AirFlow/.env/lib/python3.9/site-packages/airflow/example_dags/example_short_circuit_decorator.py for tasks to queue
[2024-04-14T15:43:44.117-0600] {logging_mixin.py:188} INFO - [2024-04-14T15:43:44.117-0600] {dagbag.py:540} INFO - Filling up the DagBag from /Users/felipejimenez/Desktop/AirFlow/.env/lib/python3.9/site-packages/airflow/example_dags/example_short_circuit_decorator.py
[2024-04-14T15:43:44.130-0600] {processor.py:840} INFO - DAG(s) 'example_short_circuit_decorator' retrieved from /Users/felipejimenez/Desktop/AirFlow/.env/lib/python3.9/site-packages/airflow/example_dags/example_short_circuit_decorator.py
[2024-04-14T15:43:44.164-0600] {logging_mixin.py:188} INFO - [2024-04-14T15:43:44.164-0600] {dag.py:3096} INFO - Sync 1 DAGs
[2024-04-14T15:43:44.188-0600] {logging_mixin.py:188} INFO - [2024-04-14T15:43:44.188-0600] {dag.py:3954} INFO - Setting next_dagrun for example_short_circuit_decorator to 2024-04-13 00:00:00+00:00, run_after=2024-04-14 00:00:00+00:00
[2024-04-14T15:43:44.194-0600] {processor.py:183} INFO - Processing /Users/felipejimenez/Desktop/AirFlow/.env/lib/python3.9/site-packages/airflow/example_dags/example_short_circuit_decorator.py took 0.081 seconds
[2024-04-14T15:45:11.762-0600] {processor.py:161} INFO - Started process (PID=4290) to work on /Users/felipejimenez/Desktop/AirFlow/.env/lib/python3.9/site-packages/airflow/example_dags/example_short_circuit_decorator.py
[2024-04-14T15:45:11.763-0600] {processor.py:830} INFO - Processing file /Users/felipejimenez/Desktop/AirFlow/.env/lib/python3.9/site-packages/airflow/example_dags/example_short_circuit_decorator.py for tasks to queue
[2024-04-14T15:45:11.764-0600] {logging_mixin.py:188} INFO - [2024-04-14T15:45:11.764-0600] {dagbag.py:540} INFO - Filling up the DagBag from /Users/felipejimenez/Desktop/AirFlow/.env/lib/python3.9/site-packages/airflow/example_dags/example_short_circuit_decorator.py
[2024-04-14T15:45:11.777-0600] {processor.py:840} INFO - DAG(s) 'example_short_circuit_decorator' retrieved from /Users/felipejimenez/Desktop/AirFlow/.env/lib/python3.9/site-packages/airflow/example_dags/example_short_circuit_decorator.py
[2024-04-14T15:45:11.809-0600] {logging_mixin.py:188} INFO - [2024-04-14T15:45:11.809-0600] {dag.py:3096} INFO - Sync 1 DAGs
[2024-04-14T15:45:11.832-0600] {logging_mixin.py:188} INFO - [2024-04-14T15:45:11.832-0600] {dag.py:3954} INFO - Setting next_dagrun for example_short_circuit_decorator to 2024-04-13 00:00:00+00:00, run_after=2024-04-14 00:00:00+00:00
[2024-04-14T15:45:11.837-0600] {processor.py:183} INFO - Processing /Users/felipejimenez/Desktop/AirFlow/.env/lib/python3.9/site-packages/airflow/example_dags/example_short_circuit_decorator.py took 0.077 seconds
[2024-04-14T15:46:34.346-0600] {processor.py:161} INFO - Started process (PID=4387) to work on /Users/felipejimenez/Desktop/AirFlow/.env/lib/python3.9/site-packages/airflow/example_dags/example_short_circuit_decorator.py
[2024-04-14T15:46:34.348-0600] {processor.py:830} INFO - Processing file /Users/felipejimenez/Desktop/AirFlow/.env/lib/python3.9/site-packages/airflow/example_dags/example_short_circuit_decorator.py for tasks to queue
[2024-04-14T15:46:34.348-0600] {logging_mixin.py:188} INFO - [2024-04-14T15:46:34.348-0600] {dagbag.py:540} INFO - Filling up the DagBag from /Users/felipejimenez/Desktop/AirFlow/.env/lib/python3.9/site-packages/airflow/example_dags/example_short_circuit_decorator.py
[2024-04-14T15:46:34.360-0600] {processor.py:840} INFO - DAG(s) 'example_short_circuit_decorator' retrieved from /Users/felipejimenez/Desktop/AirFlow/.env/lib/python3.9/site-packages/airflow/example_dags/example_short_circuit_decorator.py
[2024-04-14T15:46:34.392-0600] {logging_mixin.py:188} INFO - [2024-04-14T15:46:34.392-0600] {dag.py:3096} INFO - Sync 1 DAGs
[2024-04-14T15:46:34.415-0600] {logging_mixin.py:188} INFO - [2024-04-14T15:46:34.414-0600] {dag.py:3954} INFO - Setting next_dagrun for example_short_circuit_decorator to 2024-04-13 00:00:00+00:00, run_after=2024-04-14 00:00:00+00:00
[2024-04-14T15:46:34.420-0600] {processor.py:183} INFO - Processing /Users/felipejimenez/Desktop/AirFlow/.env/lib/python3.9/site-packages/airflow/example_dags/example_short_circuit_decorator.py took 0.075 seconds
[2024-04-14T15:48:07.327-0600] {processor.py:161} INFO - Started process (PID=4499) to work on /Users/felipejimenez/Desktop/AirFlow/.env/lib/python3.9/site-packages/airflow/example_dags/example_short_circuit_decorator.py
[2024-04-14T15:48:07.328-0600] {processor.py:830} INFO - Processing file /Users/felipejimenez/Desktop/AirFlow/.env/lib/python3.9/site-packages/airflow/example_dags/example_short_circuit_decorator.py for tasks to queue
[2024-04-14T15:48:07.328-0600] {logging_mixin.py:188} INFO - [2024-04-14T15:48:07.328-0600] {dagbag.py:540} INFO - Filling up the DagBag from /Users/felipejimenez/Desktop/AirFlow/.env/lib/python3.9/site-packages/airflow/example_dags/example_short_circuit_decorator.py
[2024-04-14T15:48:07.341-0600] {processor.py:840} INFO - DAG(s) 'example_short_circuit_decorator' retrieved from /Users/felipejimenez/Desktop/AirFlow/.env/lib/python3.9/site-packages/airflow/example_dags/example_short_circuit_decorator.py
[2024-04-14T15:48:07.375-0600] {logging_mixin.py:188} INFO - [2024-04-14T15:48:07.375-0600] {dag.py:3096} INFO - Sync 1 DAGs
[2024-04-14T15:48:07.399-0600] {logging_mixin.py:188} INFO - [2024-04-14T15:48:07.399-0600] {dag.py:3954} INFO - Setting next_dagrun for example_short_circuit_decorator to 2024-04-13 00:00:00+00:00, run_after=2024-04-14 00:00:00+00:00
[2024-04-14T15:48:07.404-0600] {processor.py:183} INFO - Processing /Users/felipejimenez/Desktop/AirFlow/.env/lib/python3.9/site-packages/airflow/example_dags/example_short_circuit_decorator.py took 0.079 seconds
[2024-04-14T15:49:36.462-0600] {processor.py:161} INFO - Started process (PID=4669) to work on /Users/felipejimenez/Desktop/AirFlow/.env/lib/python3.9/site-packages/airflow/example_dags/example_short_circuit_decorator.py
[2024-04-14T15:49:36.463-0600] {processor.py:830} INFO - Processing file /Users/felipejimenez/Desktop/AirFlow/.env/lib/python3.9/site-packages/airflow/example_dags/example_short_circuit_decorator.py for tasks to queue
[2024-04-14T15:49:36.464-0600] {logging_mixin.py:188} INFO - [2024-04-14T15:49:36.464-0600] {dagbag.py:540} INFO - Filling up the DagBag from /Users/felipejimenez/Desktop/AirFlow/.env/lib/python3.9/site-packages/airflow/example_dags/example_short_circuit_decorator.py
[2024-04-14T15:49:36.478-0600] {processor.py:840} INFO - DAG(s) 'example_short_circuit_decorator' retrieved from /Users/felipejimenez/Desktop/AirFlow/.env/lib/python3.9/site-packages/airflow/example_dags/example_short_circuit_decorator.py
[2024-04-14T15:49:36.512-0600] {logging_mixin.py:188} INFO - [2024-04-14T15:49:36.512-0600] {dag.py:3096} INFO - Sync 1 DAGs
[2024-04-14T15:49:36.536-0600] {logging_mixin.py:188} INFO - [2024-04-14T15:49:36.536-0600] {dag.py:3954} INFO - Setting next_dagrun for example_short_circuit_decorator to 2024-04-13 00:00:00+00:00, run_after=2024-04-14 00:00:00+00:00
[2024-04-14T15:49:36.542-0600] {processor.py:183} INFO - Processing /Users/felipejimenez/Desktop/AirFlow/.env/lib/python3.9/site-packages/airflow/example_dags/example_short_circuit_decorator.py took 0.080 seconds
[2024-04-14T15:51:03.808-0600] {processor.py:161} INFO - Started process (PID=4771) to work on /Users/felipejimenez/Desktop/AirFlow/.env/lib/python3.9/site-packages/airflow/example_dags/example_short_circuit_decorator.py
[2024-04-14T15:51:03.809-0600] {processor.py:830} INFO - Processing file /Users/felipejimenez/Desktop/AirFlow/.env/lib/python3.9/site-packages/airflow/example_dags/example_short_circuit_decorator.py for tasks to queue
[2024-04-14T15:51:03.809-0600] {logging_mixin.py:188} INFO - [2024-04-14T15:51:03.809-0600] {dagbag.py:540} INFO - Filling up the DagBag from /Users/felipejimenez/Desktop/AirFlow/.env/lib/python3.9/site-packages/airflow/example_dags/example_short_circuit_decorator.py
[2024-04-14T15:51:03.822-0600] {processor.py:840} INFO - DAG(s) 'example_short_circuit_decorator' retrieved from /Users/felipejimenez/Desktop/AirFlow/.env/lib/python3.9/site-packages/airflow/example_dags/example_short_circuit_decorator.py
[2024-04-14T15:51:03.855-0600] {logging_mixin.py:188} INFO - [2024-04-14T15:51:03.855-0600] {dag.py:3096} INFO - Sync 1 DAGs
[2024-04-14T15:51:03.877-0600] {logging_mixin.py:188} INFO - [2024-04-14T15:51:03.877-0600] {dag.py:3954} INFO - Setting next_dagrun for example_short_circuit_decorator to 2024-04-13 00:00:00+00:00, run_after=2024-04-14 00:00:00+00:00
[2024-04-14T15:51:03.884-0600] {processor.py:183} INFO - Processing /Users/felipejimenez/Desktop/AirFlow/.env/lib/python3.9/site-packages/airflow/example_dags/example_short_circuit_decorator.py took 0.077 seconds
[2024-04-14T15:52:33.183-0600] {processor.py:161} INFO - Started process (PID=4910) to work on /Users/felipejimenez/Desktop/AirFlow/.env/lib/python3.9/site-packages/airflow/example_dags/example_short_circuit_decorator.py
[2024-04-14T15:52:33.185-0600] {processor.py:830} INFO - Processing file /Users/felipejimenez/Desktop/AirFlow/.env/lib/python3.9/site-packages/airflow/example_dags/example_short_circuit_decorator.py for tasks to queue
[2024-04-14T15:52:33.185-0600] {logging_mixin.py:188} INFO - [2024-04-14T15:52:33.185-0600] {dagbag.py:540} INFO - Filling up the DagBag from /Users/felipejimenez/Desktop/AirFlow/.env/lib/python3.9/site-packages/airflow/example_dags/example_short_circuit_decorator.py
[2024-04-14T15:52:33.198-0600] {processor.py:840} INFO - DAG(s) 'example_short_circuit_decorator' retrieved from /Users/felipejimenez/Desktop/AirFlow/.env/lib/python3.9/site-packages/airflow/example_dags/example_short_circuit_decorator.py
[2024-04-14T15:52:33.232-0600] {logging_mixin.py:188} INFO - [2024-04-14T15:52:33.232-0600] {dag.py:3096} INFO - Sync 1 DAGs
[2024-04-14T15:52:33.256-0600] {logging_mixin.py:188} INFO - [2024-04-14T15:52:33.255-0600] {dag.py:3954} INFO - Setting next_dagrun for example_short_circuit_decorator to 2024-04-13 00:00:00+00:00, run_after=2024-04-14 00:00:00+00:00
[2024-04-14T15:52:33.261-0600] {processor.py:183} INFO - Processing /Users/felipejimenez/Desktop/AirFlow/.env/lib/python3.9/site-packages/airflow/example_dags/example_short_circuit_decorator.py took 0.079 seconds
[2024-04-14T15:53:59.234-0600] {processor.py:161} INFO - Started process (PID=5038) to work on /Users/felipejimenez/Desktop/AirFlow/.env/lib/python3.9/site-packages/airflow/example_dags/example_short_circuit_decorator.py
[2024-04-14T15:53:59.236-0600] {processor.py:830} INFO - Processing file /Users/felipejimenez/Desktop/AirFlow/.env/lib/python3.9/site-packages/airflow/example_dags/example_short_circuit_decorator.py for tasks to queue
[2024-04-14T15:53:59.236-0600] {logging_mixin.py:188} INFO - [2024-04-14T15:53:59.236-0600] {dagbag.py:540} INFO - Filling up the DagBag from /Users/felipejimenez/Desktop/AirFlow/.env/lib/python3.9/site-packages/airflow/example_dags/example_short_circuit_decorator.py
[2024-04-14T15:53:59.249-0600] {processor.py:840} INFO - DAG(s) 'example_short_circuit_decorator' retrieved from /Users/felipejimenez/Desktop/AirFlow/.env/lib/python3.9/site-packages/airflow/example_dags/example_short_circuit_decorator.py
[2024-04-14T15:53:59.281-0600] {logging_mixin.py:188} INFO - [2024-04-14T15:53:59.281-0600] {dag.py:3096} INFO - Sync 1 DAGs
[2024-04-14T15:53:59.304-0600] {logging_mixin.py:188} INFO - [2024-04-14T15:53:59.304-0600] {dag.py:3954} INFO - Setting next_dagrun for example_short_circuit_decorator to 2024-04-13 00:00:00+00:00, run_after=2024-04-14 00:00:00+00:00
[2024-04-14T15:53:59.309-0600] {processor.py:183} INFO - Processing /Users/felipejimenez/Desktop/AirFlow/.env/lib/python3.9/site-packages/airflow/example_dags/example_short_circuit_decorator.py took 0.076 seconds
[2024-04-14T15:56:09.112-0600] {processor.py:161} INFO - Started process (PID=5207) to work on /Users/felipejimenez/Desktop/AirFlow/.env/lib/python3.9/site-packages/airflow/example_dags/example_short_circuit_decorator.py
[2024-04-14T15:56:09.114-0600] {processor.py:830} INFO - Processing file /Users/felipejimenez/Desktop/AirFlow/.env/lib/python3.9/site-packages/airflow/example_dags/example_short_circuit_decorator.py for tasks to queue
[2024-04-14T15:56:09.114-0600] {logging_mixin.py:188} INFO - [2024-04-14T15:56:09.114-0600] {dagbag.py:540} INFO - Filling up the DagBag from /Users/felipejimenez/Desktop/AirFlow/.env/lib/python3.9/site-packages/airflow/example_dags/example_short_circuit_decorator.py
[2024-04-14T15:56:09.127-0600] {processor.py:840} INFO - DAG(s) 'example_short_circuit_decorator' retrieved from /Users/felipejimenez/Desktop/AirFlow/.env/lib/python3.9/site-packages/airflow/example_dags/example_short_circuit_decorator.py
[2024-04-14T15:56:09.159-0600] {logging_mixin.py:188} INFO - [2024-04-14T15:56:09.159-0600] {dag.py:3096} INFO - Sync 1 DAGs
[2024-04-14T15:56:09.183-0600] {logging_mixin.py:188} INFO - [2024-04-14T15:56:09.183-0600] {dag.py:3954} INFO - Setting next_dagrun for example_short_circuit_decorator to 2024-04-13 00:00:00+00:00, run_after=2024-04-14 00:00:00+00:00
[2024-04-14T15:56:09.188-0600] {processor.py:183} INFO - Processing /Users/felipejimenez/Desktop/AirFlow/.env/lib/python3.9/site-packages/airflow/example_dags/example_short_circuit_decorator.py took 0.077 seconds
[2024-04-14T15:57:22.381-0600] {processor.py:161} INFO - Started process (PID=5312) to work on /Users/felipejimenez/Desktop/AirFlow/.env/lib/python3.9/site-packages/airflow/example_dags/example_short_circuit_decorator.py
[2024-04-14T15:57:22.382-0600] {processor.py:830} INFO - Processing file /Users/felipejimenez/Desktop/AirFlow/.env/lib/python3.9/site-packages/airflow/example_dags/example_short_circuit_decorator.py for tasks to queue
[2024-04-14T15:57:22.382-0600] {logging_mixin.py:188} INFO - [2024-04-14T15:57:22.382-0600] {dagbag.py:540} INFO - Filling up the DagBag from /Users/felipejimenez/Desktop/AirFlow/.env/lib/python3.9/site-packages/airflow/example_dags/example_short_circuit_decorator.py
[2024-04-14T15:57:22.395-0600] {processor.py:840} INFO - DAG(s) 'example_short_circuit_decorator' retrieved from /Users/felipejimenez/Desktop/AirFlow/.env/lib/python3.9/site-packages/airflow/example_dags/example_short_circuit_decorator.py
[2024-04-14T15:57:22.427-0600] {logging_mixin.py:188} INFO - [2024-04-14T15:57:22.427-0600] {dag.py:3096} INFO - Sync 1 DAGs
[2024-04-14T15:57:22.454-0600] {logging_mixin.py:188} INFO - [2024-04-14T15:57:22.454-0600] {dag.py:3954} INFO - Setting next_dagrun for example_short_circuit_decorator to 2024-04-13 00:00:00+00:00, run_after=2024-04-14 00:00:00+00:00
[2024-04-14T15:57:22.461-0600] {processor.py:183} INFO - Processing /Users/felipejimenez/Desktop/AirFlow/.env/lib/python3.9/site-packages/airflow/example_dags/example_short_circuit_decorator.py took 0.081 seconds
[2024-04-14T15:58:49.739-0600] {processor.py:161} INFO - Started process (PID=5466) to work on /Users/felipejimenez/Desktop/AirFlow/.env/lib/python3.9/site-packages/airflow/example_dags/example_short_circuit_decorator.py
[2024-04-14T15:58:49.740-0600] {processor.py:830} INFO - Processing file /Users/felipejimenez/Desktop/AirFlow/.env/lib/python3.9/site-packages/airflow/example_dags/example_short_circuit_decorator.py for tasks to queue
[2024-04-14T15:58:49.740-0600] {logging_mixin.py:188} INFO - [2024-04-14T15:58:49.740-0600] {dagbag.py:540} INFO - Filling up the DagBag from /Users/felipejimenez/Desktop/AirFlow/.env/lib/python3.9/site-packages/airflow/example_dags/example_short_circuit_decorator.py
[2024-04-14T15:58:49.753-0600] {processor.py:840} INFO - DAG(s) 'example_short_circuit_decorator' retrieved from /Users/felipejimenez/Desktop/AirFlow/.env/lib/python3.9/site-packages/airflow/example_dags/example_short_circuit_decorator.py
[2024-04-14T15:58:49.785-0600] {logging_mixin.py:188} INFO - [2024-04-14T15:58:49.785-0600] {dag.py:3096} INFO - Sync 1 DAGs
[2024-04-14T15:58:49.808-0600] {logging_mixin.py:188} INFO - [2024-04-14T15:58:49.808-0600] {dag.py:3954} INFO - Setting next_dagrun for example_short_circuit_decorator to 2024-04-13 00:00:00+00:00, run_after=2024-04-14 00:00:00+00:00
[2024-04-14T15:58:49.814-0600] {processor.py:183} INFO - Processing /Users/felipejimenez/Desktop/AirFlow/.env/lib/python3.9/site-packages/airflow/example_dags/example_short_circuit_decorator.py took 0.077 seconds
[2024-04-14T16:00:17.129-0600] {processor.py:161} INFO - Started process (PID=5566) to work on /Users/felipejimenez/Desktop/AirFlow/.env/lib/python3.9/site-packages/airflow/example_dags/example_short_circuit_decorator.py
[2024-04-14T16:00:17.131-0600] {processor.py:830} INFO - Processing file /Users/felipejimenez/Desktop/AirFlow/.env/lib/python3.9/site-packages/airflow/example_dags/example_short_circuit_decorator.py for tasks to queue
[2024-04-14T16:00:17.131-0600] {logging_mixin.py:188} INFO - [2024-04-14T16:00:17.131-0600] {dagbag.py:540} INFO - Filling up the DagBag from /Users/felipejimenez/Desktop/AirFlow/.env/lib/python3.9/site-packages/airflow/example_dags/example_short_circuit_decorator.py
[2024-04-14T16:00:17.144-0600] {processor.py:840} INFO - DAG(s) 'example_short_circuit_decorator' retrieved from /Users/felipejimenez/Desktop/AirFlow/.env/lib/python3.9/site-packages/airflow/example_dags/example_short_circuit_decorator.py
[2024-04-14T16:00:17.177-0600] {logging_mixin.py:188} INFO - [2024-04-14T16:00:17.177-0600] {dag.py:3096} INFO - Sync 1 DAGs
[2024-04-14T16:00:17.200-0600] {logging_mixin.py:188} INFO - [2024-04-14T16:00:17.200-0600] {dag.py:3954} INFO - Setting next_dagrun for example_short_circuit_decorator to 2024-04-13 00:00:00+00:00, run_after=2024-04-14 00:00:00+00:00
[2024-04-14T16:00:17.206-0600] {processor.py:183} INFO - Processing /Users/felipejimenez/Desktop/AirFlow/.env/lib/python3.9/site-packages/airflow/example_dags/example_short_circuit_decorator.py took 0.077 seconds
[2024-04-14T16:01:41.874-0600] {processor.py:161} INFO - Started process (PID=5663) to work on /Users/felipejimenez/Desktop/AirFlow/.env/lib/python3.9/site-packages/airflow/example_dags/example_short_circuit_decorator.py
[2024-04-14T16:01:41.876-0600] {processor.py:830} INFO - Processing file /Users/felipejimenez/Desktop/AirFlow/.env/lib/python3.9/site-packages/airflow/example_dags/example_short_circuit_decorator.py for tasks to queue
[2024-04-14T16:01:41.876-0600] {logging_mixin.py:188} INFO - [2024-04-14T16:01:41.876-0600] {dagbag.py:540} INFO - Filling up the DagBag from /Users/felipejimenez/Desktop/AirFlow/.env/lib/python3.9/site-packages/airflow/example_dags/example_short_circuit_decorator.py
[2024-04-14T16:01:41.889-0600] {processor.py:840} INFO - DAG(s) 'example_short_circuit_decorator' retrieved from /Users/felipejimenez/Desktop/AirFlow/.env/lib/python3.9/site-packages/airflow/example_dags/example_short_circuit_decorator.py
[2024-04-14T16:01:41.923-0600] {logging_mixin.py:188} INFO - [2024-04-14T16:01:41.922-0600] {dag.py:3096} INFO - Sync 1 DAGs
[2024-04-14T16:01:41.947-0600] {logging_mixin.py:188} INFO - [2024-04-14T16:01:41.947-0600] {dag.py:3954} INFO - Setting next_dagrun for example_short_circuit_decorator to 2024-04-13 00:00:00+00:00, run_after=2024-04-14 00:00:00+00:00
[2024-04-14T16:01:41.953-0600] {processor.py:183} INFO - Processing /Users/felipejimenez/Desktop/AirFlow/.env/lib/python3.9/site-packages/airflow/example_dags/example_short_circuit_decorator.py took 0.080 seconds
[2024-04-14T16:04:07.300-0600] {processor.py:161} INFO - Started process (PID=5885) to work on /Users/felipejimenez/Desktop/AirFlow/.env/lib/python3.9/site-packages/airflow/example_dags/example_short_circuit_decorator.py
[2024-04-14T16:04:07.301-0600] {processor.py:830} INFO - Processing file /Users/felipejimenez/Desktop/AirFlow/.env/lib/python3.9/site-packages/airflow/example_dags/example_short_circuit_decorator.py for tasks to queue
[2024-04-14T16:04:07.302-0600] {logging_mixin.py:188} INFO - [2024-04-14T16:04:07.302-0600] {dagbag.py:540} INFO - Filling up the DagBag from /Users/felipejimenez/Desktop/AirFlow/.env/lib/python3.9/site-packages/airflow/example_dags/example_short_circuit_decorator.py
[2024-04-14T16:04:07.315-0600] {processor.py:840} INFO - DAG(s) 'example_short_circuit_decorator' retrieved from /Users/felipejimenez/Desktop/AirFlow/.env/lib/python3.9/site-packages/airflow/example_dags/example_short_circuit_decorator.py
[2024-04-14T16:04:07.347-0600] {logging_mixin.py:188} INFO - [2024-04-14T16:04:07.347-0600] {dag.py:3096} INFO - Sync 1 DAGs
[2024-04-14T16:04:07.372-0600] {logging_mixin.py:188} INFO - [2024-04-14T16:04:07.372-0600] {dag.py:3954} INFO - Setting next_dagrun for example_short_circuit_decorator to 2024-04-13 00:00:00+00:00, run_after=2024-04-14 00:00:00+00:00
[2024-04-14T16:04:07.377-0600] {processor.py:183} INFO - Processing /Users/felipejimenez/Desktop/AirFlow/.env/lib/python3.9/site-packages/airflow/example_dags/example_short_circuit_decorator.py took 0.078 seconds
[2024-04-14T16:05:20.374-0600] {processor.py:161} INFO - Started process (PID=6012) to work on /Users/felipejimenez/Desktop/AirFlow/.env/lib/python3.9/site-packages/airflow/example_dags/example_short_circuit_decorator.py
[2024-04-14T16:05:20.376-0600] {processor.py:830} INFO - Processing file /Users/felipejimenez/Desktop/AirFlow/.env/lib/python3.9/site-packages/airflow/example_dags/example_short_circuit_decorator.py for tasks to queue
[2024-04-14T16:05:20.376-0600] {logging_mixin.py:188} INFO - [2024-04-14T16:05:20.376-0600] {dagbag.py:540} INFO - Filling up the DagBag from /Users/felipejimenez/Desktop/AirFlow/.env/lib/python3.9/site-packages/airflow/example_dags/example_short_circuit_decorator.py
[2024-04-14T16:05:20.388-0600] {processor.py:840} INFO - DAG(s) 'example_short_circuit_decorator' retrieved from /Users/felipejimenez/Desktop/AirFlow/.env/lib/python3.9/site-packages/airflow/example_dags/example_short_circuit_decorator.py
[2024-04-14T16:05:20.421-0600] {logging_mixin.py:188} INFO - [2024-04-14T16:05:20.420-0600] {dag.py:3096} INFO - Sync 1 DAGs
[2024-04-14T16:05:20.444-0600] {logging_mixin.py:188} INFO - [2024-04-14T16:05:20.443-0600] {dag.py:3954} INFO - Setting next_dagrun for example_short_circuit_decorator to 2024-04-13 00:00:00+00:00, run_after=2024-04-14 00:00:00+00:00
[2024-04-14T16:05:20.449-0600] {processor.py:183} INFO - Processing /Users/felipejimenez/Desktop/AirFlow/.env/lib/python3.9/site-packages/airflow/example_dags/example_short_circuit_decorator.py took 0.076 seconds
