[2024-04-14T15:43:04.714-0600] {processor.py:161} INFO - Started process (PID=4137) to work on /Users/felipejimenez/Desktop/AirFlow/.env/lib/python3.9/site-packages/airflow/example_dags/example_branch_operator.py
[2024-04-14T15:43:04.715-0600] {processor.py:830} INFO - Processing file /Users/felipejimenez/Desktop/AirFlow/.env/lib/python3.9/site-packages/airflow/example_dags/example_branch_operator.py for tasks to queue
[2024-04-14T15:43:04.715-0600] {logging_mixin.py:188} INFO - [2024-04-14T15:43:04.715-0600] {dagbag.py:540} INFO - Filling up the DagBag from /Users/felipejimenez/Desktop/AirFlow/.env/lib/python3.9/site-packages/airflow/example_dags/example_branch_operator.py
[2024-04-14T15:43:04.722-0600] {processor.py:842} WARNING - No viable dags retrieved from /Users/felipejimenez/Desktop/AirFlow/.env/lib/python3.9/site-packages/airflow/example_dags/example_branch_operator.py
[2024-04-14T15:43:04.749-0600] {processor.py:183} INFO - Processing /Users/felipejimenez/Desktop/AirFlow/.env/lib/python3.9/site-packages/airflow/example_dags/example_branch_operator.py took 0.037 seconds
[2024-04-14T15:44:31.660-0600] {processor.py:161} INFO - Started process (PID=4240) to work on /Users/felipejimenez/Desktop/AirFlow/.env/lib/python3.9/site-packages/airflow/example_dags/example_branch_operator.py
[2024-04-14T15:44:31.661-0600] {processor.py:830} INFO - Processing file /Users/felipejimenez/Desktop/AirFlow/.env/lib/python3.9/site-packages/airflow/example_dags/example_branch_operator.py for tasks to queue
[2024-04-14T15:44:31.661-0600] {logging_mixin.py:188} INFO - [2024-04-14T15:44:31.661-0600] {dagbag.py:540} INFO - Filling up the DagBag from /Users/felipejimenez/Desktop/AirFlow/.env/lib/python3.9/site-packages/airflow/example_dags/example_branch_operator.py
[2024-04-14T15:44:31.668-0600] {processor.py:842} WARNING - No viable dags retrieved from /Users/felipejimenez/Desktop/AirFlow/.env/lib/python3.9/site-packages/airflow/example_dags/example_branch_operator.py
[2024-04-14T15:44:31.694-0600] {processor.py:183} INFO - Processing /Users/felipejimenez/Desktop/AirFlow/.env/lib/python3.9/site-packages/airflow/example_dags/example_branch_operator.py took 0.035 seconds
[2024-04-14T15:45:57.468-0600] {processor.py:161} INFO - Started process (PID=4346) to work on /Users/felipejimenez/Desktop/AirFlow/.env/lib/python3.9/site-packages/airflow/example_dags/example_branch_operator.py
[2024-04-14T15:45:57.469-0600] {processor.py:830} INFO - Processing file /Users/felipejimenez/Desktop/AirFlow/.env/lib/python3.9/site-packages/airflow/example_dags/example_branch_operator.py for tasks to queue
[2024-04-14T15:45:57.469-0600] {logging_mixin.py:188} INFO - [2024-04-14T15:45:57.469-0600] {dagbag.py:540} INFO - Filling up the DagBag from /Users/felipejimenez/Desktop/AirFlow/.env/lib/python3.9/site-packages/airflow/example_dags/example_branch_operator.py
[2024-04-14T15:45:57.476-0600] {processor.py:842} WARNING - No viable dags retrieved from /Users/felipejimenez/Desktop/AirFlow/.env/lib/python3.9/site-packages/airflow/example_dags/example_branch_operator.py
[2024-04-14T15:45:57.503-0600] {processor.py:183} INFO - Processing /Users/felipejimenez/Desktop/AirFlow/.env/lib/python3.9/site-packages/airflow/example_dags/example_branch_operator.py took 0.036 seconds
[2024-04-14T15:47:27.122-0600] {processor.py:161} INFO - Started process (PID=4447) to work on /Users/felipejimenez/Desktop/AirFlow/.env/lib/python3.9/site-packages/airflow/example_dags/example_branch_operator.py
[2024-04-14T15:47:27.123-0600] {processor.py:830} INFO - Processing file /Users/felipejimenez/Desktop/AirFlow/.env/lib/python3.9/site-packages/airflow/example_dags/example_branch_operator.py for tasks to queue
[2024-04-14T15:47:27.123-0600] {logging_mixin.py:188} INFO - [2024-04-14T15:47:27.123-0600] {dagbag.py:540} INFO - Filling up the DagBag from /Users/felipejimenez/Desktop/AirFlow/.env/lib/python3.9/site-packages/airflow/example_dags/example_branch_operator.py
[2024-04-14T15:47:27.130-0600] {processor.py:842} WARNING - No viable dags retrieved from /Users/felipejimenez/Desktop/AirFlow/.env/lib/python3.9/site-packages/airflow/example_dags/example_branch_operator.py
[2024-04-14T15:47:27.157-0600] {processor.py:183} INFO - Processing /Users/felipejimenez/Desktop/AirFlow/.env/lib/python3.9/site-packages/airflow/example_dags/example_branch_operator.py took 0.036 seconds
[2024-04-14T15:48:57.942-0600] {processor.py:161} INFO - Started process (PID=4615) to work on /Users/felipejimenez/Desktop/AirFlow/.env/lib/python3.9/site-packages/airflow/example_dags/example_branch_operator.py
[2024-04-14T15:48:57.944-0600] {processor.py:830} INFO - Processing file /Users/felipejimenez/Desktop/AirFlow/.env/lib/python3.9/site-packages/airflow/example_dags/example_branch_operator.py for tasks to queue
[2024-04-14T15:48:57.944-0600] {logging_mixin.py:188} INFO - [2024-04-14T15:48:57.944-0600] {dagbag.py:540} INFO - Filling up the DagBag from /Users/felipejimenez/Desktop/AirFlow/.env/lib/python3.9/site-packages/airflow/example_dags/example_branch_operator.py
[2024-04-14T15:48:57.951-0600] {processor.py:842} WARNING - No viable dags retrieved from /Users/felipejimenez/Desktop/AirFlow/.env/lib/python3.9/site-packages/airflow/example_dags/example_branch_operator.py
[2024-04-14T15:48:57.977-0600] {processor.py:183} INFO - Processing /Users/felipejimenez/Desktop/AirFlow/.env/lib/python3.9/site-packages/airflow/example_dags/example_branch_operator.py took 0.036 seconds
[2024-04-14T15:50:24.823-0600] {processor.py:161} INFO - Started process (PID=4728) to work on /Users/felipejimenez/Desktop/AirFlow/.env/lib/python3.9/site-packages/airflow/example_dags/example_branch_operator.py
[2024-04-14T15:50:24.825-0600] {processor.py:830} INFO - Processing file /Users/felipejimenez/Desktop/AirFlow/.env/lib/python3.9/site-packages/airflow/example_dags/example_branch_operator.py for tasks to queue
[2024-04-14T15:50:24.825-0600] {logging_mixin.py:188} INFO - [2024-04-14T15:50:24.825-0600] {dagbag.py:540} INFO - Filling up the DagBag from /Users/felipejimenez/Desktop/AirFlow/.env/lib/python3.9/site-packages/airflow/example_dags/example_branch_operator.py
[2024-04-14T15:50:24.832-0600] {processor.py:842} WARNING - No viable dags retrieved from /Users/felipejimenez/Desktop/AirFlow/.env/lib/python3.9/site-packages/airflow/example_dags/example_branch_operator.py
[2024-04-14T15:50:24.860-0600] {processor.py:183} INFO - Processing /Users/felipejimenez/Desktop/AirFlow/.env/lib/python3.9/site-packages/airflow/example_dags/example_branch_operator.py took 0.038 seconds
[2024-04-14T15:51:56.135-0600] {processor.py:161} INFO - Started process (PID=4844) to work on /Users/felipejimenez/Desktop/AirFlow/.env/lib/python3.9/site-packages/airflow/example_dags/example_branch_operator.py
[2024-04-14T15:51:56.137-0600] {processor.py:830} INFO - Processing file /Users/felipejimenez/Desktop/AirFlow/.env/lib/python3.9/site-packages/airflow/example_dags/example_branch_operator.py for tasks to queue
[2024-04-14T15:51:56.137-0600] {logging_mixin.py:188} INFO - [2024-04-14T15:51:56.137-0600] {dagbag.py:540} INFO - Filling up the DagBag from /Users/felipejimenez/Desktop/AirFlow/.env/lib/python3.9/site-packages/airflow/example_dags/example_branch_operator.py
[2024-04-14T15:51:56.144-0600] {processor.py:842} WARNING - No viable dags retrieved from /Users/felipejimenez/Desktop/AirFlow/.env/lib/python3.9/site-packages/airflow/example_dags/example_branch_operator.py
[2024-04-14T15:51:56.171-0600] {processor.py:183} INFO - Processing /Users/felipejimenez/Desktop/AirFlow/.env/lib/python3.9/site-packages/airflow/example_dags/example_branch_operator.py took 0.037 seconds
[2024-04-14T15:53:21.423-0600] {processor.py:161} INFO - Started process (PID=4996) to work on /Users/felipejimenez/Desktop/AirFlow/.env/lib/python3.9/site-packages/airflow/example_dags/example_branch_operator.py
[2024-04-14T15:53:21.424-0600] {processor.py:830} INFO - Processing file /Users/felipejimenez/Desktop/AirFlow/.env/lib/python3.9/site-packages/airflow/example_dags/example_branch_operator.py for tasks to queue
[2024-04-14T15:53:21.424-0600] {logging_mixin.py:188} INFO - [2024-04-14T15:53:21.424-0600] {dagbag.py:540} INFO - Filling up the DagBag from /Users/felipejimenez/Desktop/AirFlow/.env/lib/python3.9/site-packages/airflow/example_dags/example_branch_operator.py
[2024-04-14T15:53:21.431-0600] {processor.py:842} WARNING - No viable dags retrieved from /Users/felipejimenez/Desktop/AirFlow/.env/lib/python3.9/site-packages/airflow/example_dags/example_branch_operator.py
[2024-04-14T15:53:21.458-0600] {processor.py:183} INFO - Processing /Users/felipejimenez/Desktop/AirFlow/.env/lib/python3.9/site-packages/airflow/example_dags/example_branch_operator.py took 0.036 seconds
[2024-04-14T15:54:49.410-0600] {processor.py:161} INFO - Started process (PID=5095) to work on /Users/felipejimenez/Desktop/AirFlow/.env/lib/python3.9/site-packages/airflow/example_dags/example_branch_operator.py
[2024-04-14T15:54:49.412-0600] {processor.py:830} INFO - Processing file /Users/felipejimenez/Desktop/AirFlow/.env/lib/python3.9/site-packages/airflow/example_dags/example_branch_operator.py for tasks to queue
[2024-04-14T15:54:49.412-0600] {logging_mixin.py:188} INFO - [2024-04-14T15:54:49.412-0600] {dagbag.py:540} INFO - Filling up the DagBag from /Users/felipejimenez/Desktop/AirFlow/.env/lib/python3.9/site-packages/airflow/example_dags/example_branch_operator.py
[2024-04-14T15:54:49.419-0600] {processor.py:842} WARNING - No viable dags retrieved from /Users/felipejimenez/Desktop/AirFlow/.env/lib/python3.9/site-packages/airflow/example_dags/example_branch_operator.py
[2024-04-14T15:54:49.446-0600] {processor.py:183} INFO - Processing /Users/felipejimenez/Desktop/AirFlow/.env/lib/python3.9/site-packages/airflow/example_dags/example_branch_operator.py took 0.036 seconds
[2024-04-14T15:56:42.288-0600] {processor.py:161} INFO - Started process (PID=5267) to work on /Users/felipejimenez/Desktop/AirFlow/.env/lib/python3.9/site-packages/airflow/example_dags/example_branch_operator.py
[2024-04-14T15:56:42.290-0600] {processor.py:830} INFO - Processing file /Users/felipejimenez/Desktop/AirFlow/.env/lib/python3.9/site-packages/airflow/example_dags/example_branch_operator.py for tasks to queue
[2024-04-14T15:56:42.290-0600] {logging_mixin.py:188} INFO - [2024-04-14T15:56:42.290-0600] {dagbag.py:540} INFO - Filling up the DagBag from /Users/felipejimenez/Desktop/AirFlow/.env/lib/python3.9/site-packages/airflow/example_dags/example_branch_operator.py
[2024-04-14T15:56:42.297-0600] {processor.py:842} WARNING - No viable dags retrieved from /Users/felipejimenez/Desktop/AirFlow/.env/lib/python3.9/site-packages/airflow/example_dags/example_branch_operator.py
[2024-04-14T15:56:42.324-0600] {processor.py:183} INFO - Processing /Users/felipejimenez/Desktop/AirFlow/.env/lib/python3.9/site-packages/airflow/example_dags/example_branch_operator.py took 0.037 seconds
[2024-04-14T15:58:07.631-0600] {processor.py:161} INFO - Started process (PID=5400) to work on /Users/felipejimenez/Desktop/AirFlow/.env/lib/python3.9/site-packages/airflow/example_dags/example_branch_operator.py
[2024-04-14T15:58:07.632-0600] {processor.py:830} INFO - Processing file /Users/felipejimenez/Desktop/AirFlow/.env/lib/python3.9/site-packages/airflow/example_dags/example_branch_operator.py for tasks to queue
[2024-04-14T15:58:07.633-0600] {logging_mixin.py:188} INFO - [2024-04-14T15:58:07.633-0600] {dagbag.py:540} INFO - Filling up the DagBag from /Users/felipejimenez/Desktop/AirFlow/.env/lib/python3.9/site-packages/airflow/example_dags/example_branch_operator.py
[2024-04-14T15:58:07.640-0600] {processor.py:842} WARNING - No viable dags retrieved from /Users/felipejimenez/Desktop/AirFlow/.env/lib/python3.9/site-packages/airflow/example_dags/example_branch_operator.py
[2024-04-14T15:58:07.667-0600] {processor.py:183} INFO - Processing /Users/felipejimenez/Desktop/AirFlow/.env/lib/python3.9/site-packages/airflow/example_dags/example_branch_operator.py took 0.037 seconds
[2024-04-14T15:59:38.624-0600] {processor.py:161} INFO - Started process (PID=5521) to work on /Users/felipejimenez/Desktop/AirFlow/.env/lib/python3.9/site-packages/airflow/example_dags/example_branch_operator.py
[2024-04-14T15:59:38.626-0600] {processor.py:830} INFO - Processing file /Users/felipejimenez/Desktop/AirFlow/.env/lib/python3.9/site-packages/airflow/example_dags/example_branch_operator.py for tasks to queue
[2024-04-14T15:59:38.626-0600] {logging_mixin.py:188} INFO - [2024-04-14T15:59:38.626-0600] {dagbag.py:540} INFO - Filling up the DagBag from /Users/felipejimenez/Desktop/AirFlow/.env/lib/python3.9/site-packages/airflow/example_dags/example_branch_operator.py
[2024-04-14T15:59:38.633-0600] {processor.py:842} WARNING - No viable dags retrieved from /Users/felipejimenez/Desktop/AirFlow/.env/lib/python3.9/site-packages/airflow/example_dags/example_branch_operator.py
[2024-04-14T15:59:38.660-0600] {processor.py:183} INFO - Processing /Users/felipejimenez/Desktop/AirFlow/.env/lib/python3.9/site-packages/airflow/example_dags/example_branch_operator.py took 0.036 seconds
[2024-04-14T16:01:05.762-0600] {processor.py:161} INFO - Started process (PID=5620) to work on /Users/felipejimenez/Desktop/AirFlow/.env/lib/python3.9/site-packages/airflow/example_dags/example_branch_operator.py
[2024-04-14T16:01:05.764-0600] {processor.py:830} INFO - Processing file /Users/felipejimenez/Desktop/AirFlow/.env/lib/python3.9/site-packages/airflow/example_dags/example_branch_operator.py for tasks to queue
[2024-04-14T16:01:05.764-0600] {logging_mixin.py:188} INFO - [2024-04-14T16:01:05.764-0600] {dagbag.py:540} INFO - Filling up the DagBag from /Users/felipejimenez/Desktop/AirFlow/.env/lib/python3.9/site-packages/airflow/example_dags/example_branch_operator.py
[2024-04-14T16:01:05.771-0600] {processor.py:842} WARNING - No viable dags retrieved from /Users/felipejimenez/Desktop/AirFlow/.env/lib/python3.9/site-packages/airflow/example_dags/example_branch_operator.py
[2024-04-14T16:01:05.799-0600] {processor.py:183} INFO - Processing /Users/felipejimenez/Desktop/AirFlow/.env/lib/python3.9/site-packages/airflow/example_dags/example_branch_operator.py took 0.038 seconds
[2024-04-14T16:04:40.356-0600] {processor.py:161} INFO - Started process (PID=5949) to work on /Users/felipejimenez/Desktop/AirFlow/.env/lib/python3.9/site-packages/airflow/example_dags/example_branch_operator.py
[2024-04-14T16:04:40.358-0600] {processor.py:830} INFO - Processing file /Users/felipejimenez/Desktop/AirFlow/.env/lib/python3.9/site-packages/airflow/example_dags/example_branch_operator.py for tasks to queue
[2024-04-14T16:04:40.358-0600] {logging_mixin.py:188} INFO - [2024-04-14T16:04:40.358-0600] {dagbag.py:540} INFO - Filling up the DagBag from /Users/felipejimenez/Desktop/AirFlow/.env/lib/python3.9/site-packages/airflow/example_dags/example_branch_operator.py
[2024-04-14T16:04:40.365-0600] {processor.py:842} WARNING - No viable dags retrieved from /Users/felipejimenez/Desktop/AirFlow/.env/lib/python3.9/site-packages/airflow/example_dags/example_branch_operator.py
[2024-04-14T16:04:40.391-0600] {processor.py:183} INFO - Processing /Users/felipejimenez/Desktop/AirFlow/.env/lib/python3.9/site-packages/airflow/example_dags/example_branch_operator.py took 0.036 seconds
[2024-04-14T16:06:12.523-0600] {processor.py:161} INFO - Started process (PID=6112) to work on /Users/felipejimenez/Desktop/AirFlow/.env/lib/python3.9/site-packages/airflow/example_dags/example_branch_operator.py
[2024-04-14T16:06:12.524-0600] {processor.py:830} INFO - Processing file /Users/felipejimenez/Desktop/AirFlow/.env/lib/python3.9/site-packages/airflow/example_dags/example_branch_operator.py for tasks to queue
[2024-04-14T16:06:12.525-0600] {logging_mixin.py:188} INFO - [2024-04-14T16:06:12.525-0600] {dagbag.py:540} INFO - Filling up the DagBag from /Users/felipejimenez/Desktop/AirFlow/.env/lib/python3.9/site-packages/airflow/example_dags/example_branch_operator.py
[2024-04-14T16:06:12.531-0600] {processor.py:842} WARNING - No viable dags retrieved from /Users/felipejimenez/Desktop/AirFlow/.env/lib/python3.9/site-packages/airflow/example_dags/example_branch_operator.py
[2024-04-14T16:06:12.557-0600] {processor.py:183} INFO - Processing /Users/felipejimenez/Desktop/AirFlow/.env/lib/python3.9/site-packages/airflow/example_dags/example_branch_operator.py took 0.035 seconds
