[2024-04-14T15:42:22.453-0600] {processor.py:161} INFO - Started process (PID=4082) to work on /Users/felipejimenez/Desktop/AirFlow/.env/lib/python3.9/site-packages/airflow/example_dags/example_subdag_operator.py
[2024-04-14T15:42:22.454-0600] {processor.py:830} INFO - Processing file /Users/felipejimenez/Desktop/AirFlow/.env/lib/python3.9/site-packages/airflow/example_dags/example_subdag_operator.py for tasks to queue
[2024-04-14T15:42:22.454-0600] {logging_mixin.py:188} INFO - [2024-04-14T15:42:22.454-0600] {dagbag.py:540} INFO - Filling up the DagBag from /Users/felipejimenez/Desktop/AirFlow/.env/lib/python3.9/site-packages/airflow/example_dags/example_subdag_operator.py
[2024-04-14T15:42:22.486-0600] {processor.py:840} INFO - DAG(s) 'example_subdag_operator.section-1', 'example_subdag_operator.section-2', 'example_subdag_operator' retrieved from /Users/felipejimenez/Desktop/AirFlow/.env/lib/python3.9/site-packages/airflow/example_dags/example_subdag_operator.py
[2024-04-14T15:42:22.539-0600] {logging_mixin.py:188} INFO - [2024-04-14T15:42:22.539-0600] {override.py:1829} INFO - Created Permission View: can read on DAG:example_subdag_operator
[2024-04-14T15:42:22.541-0600] {logging_mixin.py:188} INFO - [2024-04-14T15:42:22.541-0600] {override.py:1829} INFO - Created Permission View: can edit on DAG:example_subdag_operator
[2024-04-14T15:42:22.543-0600] {logging_mixin.py:188} INFO - [2024-04-14T15:42:22.543-0600] {override.py:1829} INFO - Created Permission View: can delete on DAG:example_subdag_operator
[2024-04-14T15:42:22.543-0600] {logging_mixin.py:188} INFO - [2024-04-14T15:42:22.543-0600] {dag.py:3096} INFO - Sync 3 DAGs
[2024-04-14T15:42:22.546-0600] {logging_mixin.py:188} INFO - [2024-04-14T15:42:22.546-0600] {dag.py:3118} INFO - Creating ORM DAG for example_subdag_operator.section-2
[2024-04-14T15:42:22.546-0600] {logging_mixin.py:188} INFO - [2024-04-14T15:42:22.546-0600] {dag.py:3118} INFO - Creating ORM DAG for example_subdag_operator.section-1
[2024-04-14T15:42:22.546-0600] {logging_mixin.py:188} INFO - [2024-04-14T15:42:22.546-0600] {dag.py:3118} INFO - Creating ORM DAG for example_subdag_operator
[2024-04-14T15:42:22.549-0600] {logging_mixin.py:188} INFO - [2024-04-14T15:42:22.549-0600] {dag.py:3954} INFO - Setting next_dagrun for example_subdag_operator to 2022-01-01 00:00:00+00:00, run_after=2022-01-01 00:00:00+00:00
[2024-04-14T15:42:22.549-0600] {logging_mixin.py:188} INFO - [2024-04-14T15:42:22.549-0600] {dag.py:3954} INFO - Setting next_dagrun for example_subdag_operator.section-1 to None, run_after=None
[2024-04-14T15:42:22.549-0600] {logging_mixin.py:188} INFO - [2024-04-14T15:42:22.549-0600] {dag.py:3954} INFO - Setting next_dagrun for example_subdag_operator.section-2 to None, run_after=None
[2024-04-14T15:42:22.551-0600] {logging_mixin.py:188} INFO - [2024-04-14T15:42:22.551-0600] {dag.py:3096} INFO - Sync 2 DAGs
[2024-04-14T15:42:22.552-0600] {logging_mixin.py:188} INFO - [2024-04-14T15:42:22.552-0600] {dag.py:3954} INFO - Setting next_dagrun for example_subdag_operator.section-1 to None, run_after=None
[2024-04-14T15:42:22.553-0600] {logging_mixin.py:188} INFO - [2024-04-14T15:42:22.553-0600] {dag.py:3954} INFO - Setting next_dagrun for example_subdag_operator.section-2 to None, run_after=None
[2024-04-14T15:42:22.557-0600] {processor.py:183} INFO - Processing /Users/felipejimenez/Desktop/AirFlow/.env/lib/python3.9/site-packages/airflow/example_dags/example_subdag_operator.py took 0.105 seconds
[2024-04-14T15:43:38.466-0600] {processor.py:161} INFO - Started process (PID=4179) to work on /Users/felipejimenez/Desktop/AirFlow/.env/lib/python3.9/site-packages/airflow/example_dags/example_subdag_operator.py
[2024-04-14T15:43:38.467-0600] {processor.py:830} INFO - Processing file /Users/felipejimenez/Desktop/AirFlow/.env/lib/python3.9/site-packages/airflow/example_dags/example_subdag_operator.py for tasks to queue
[2024-04-14T15:43:38.468-0600] {logging_mixin.py:188} INFO - [2024-04-14T15:43:38.468-0600] {dagbag.py:540} INFO - Filling up the DagBag from /Users/felipejimenez/Desktop/AirFlow/.env/lib/python3.9/site-packages/airflow/example_dags/example_subdag_operator.py
[2024-04-14T15:43:38.501-0600] {processor.py:840} INFO - DAG(s) 'example_subdag_operator.section-1', 'example_subdag_operator.section-2', 'example_subdag_operator' retrieved from /Users/felipejimenez/Desktop/AirFlow/.env/lib/python3.9/site-packages/airflow/example_dags/example_subdag_operator.py
[2024-04-14T15:43:38.512-0600] {logging_mixin.py:188} INFO - [2024-04-14T15:43:38.512-0600] {dag.py:3096} INFO - Sync 3 DAGs
[2024-04-14T15:43:38.517-0600] {logging_mixin.py:188} INFO - [2024-04-14T15:43:38.517-0600] {dag.py:3954} INFO - Setting next_dagrun for example_subdag_operator to 2022-01-01 00:00:00+00:00, run_after=2022-01-01 00:00:00+00:00
[2024-04-14T15:43:38.519-0600] {logging_mixin.py:188} INFO - [2024-04-14T15:43:38.519-0600] {dag.py:3954} INFO - Setting next_dagrun for example_subdag_operator.section-1 to None, run_after=None
[2024-04-14T15:43:38.519-0600] {logging_mixin.py:188} INFO - [2024-04-14T15:43:38.519-0600] {dag.py:3954} INFO - Setting next_dagrun for example_subdag_operator.section-2 to None, run_after=None
[2024-04-14T15:43:38.542-0600] {logging_mixin.py:188} INFO - [2024-04-14T15:43:38.542-0600] {dag.py:3096} INFO - Sync 2 DAGs
[2024-04-14T15:43:38.543-0600] {logging_mixin.py:188} INFO - [2024-04-14T15:43:38.543-0600] {dag.py:3954} INFO - Setting next_dagrun for example_subdag_operator.section-1 to None, run_after=None
[2024-04-14T15:43:38.543-0600] {logging_mixin.py:188} INFO - [2024-04-14T15:43:38.543-0600] {dag.py:3954} INFO - Setting next_dagrun for example_subdag_operator.section-2 to None, run_after=None
[2024-04-14T15:43:38.547-0600] {processor.py:183} INFO - Processing /Users/felipejimenez/Desktop/AirFlow/.env/lib/python3.9/site-packages/airflow/example_dags/example_subdag_operator.py took 0.082 seconds
[2024-04-14T15:45:05.905-0600] {processor.py:161} INFO - Started process (PID=4284) to work on /Users/felipejimenez/Desktop/AirFlow/.env/lib/python3.9/site-packages/airflow/example_dags/example_subdag_operator.py
[2024-04-14T15:45:05.907-0600] {processor.py:830} INFO - Processing file /Users/felipejimenez/Desktop/AirFlow/.env/lib/python3.9/site-packages/airflow/example_dags/example_subdag_operator.py for tasks to queue
[2024-04-14T15:45:05.907-0600] {logging_mixin.py:188} INFO - [2024-04-14T15:45:05.907-0600] {dagbag.py:540} INFO - Filling up the DagBag from /Users/felipejimenez/Desktop/AirFlow/.env/lib/python3.9/site-packages/airflow/example_dags/example_subdag_operator.py
[2024-04-14T15:45:05.939-0600] {processor.py:840} INFO - DAG(s) 'example_subdag_operator.section-1', 'example_subdag_operator.section-2', 'example_subdag_operator' retrieved from /Users/felipejimenez/Desktop/AirFlow/.env/lib/python3.9/site-packages/airflow/example_dags/example_subdag_operator.py
[2024-04-14T15:45:05.949-0600] {logging_mixin.py:188} INFO - [2024-04-14T15:45:05.949-0600] {dag.py:3096} INFO - Sync 3 DAGs
[2024-04-14T15:45:05.954-0600] {logging_mixin.py:188} INFO - [2024-04-14T15:45:05.954-0600] {dag.py:3954} INFO - Setting next_dagrun for example_subdag_operator to 2022-01-01 00:00:00+00:00, run_after=2022-01-01 00:00:00+00:00
[2024-04-14T15:45:05.956-0600] {logging_mixin.py:188} INFO - [2024-04-14T15:45:05.956-0600] {dag.py:3954} INFO - Setting next_dagrun for example_subdag_operator.section-1 to None, run_after=None
[2024-04-14T15:45:05.956-0600] {logging_mixin.py:188} INFO - [2024-04-14T15:45:05.956-0600] {dag.py:3954} INFO - Setting next_dagrun for example_subdag_operator.section-2 to None, run_after=None
[2024-04-14T15:45:05.974-0600] {logging_mixin.py:188} INFO - [2024-04-14T15:45:05.973-0600] {dag.py:3096} INFO - Sync 2 DAGs
[2024-04-14T15:45:05.975-0600] {logging_mixin.py:188} INFO - [2024-04-14T15:45:05.975-0600] {dag.py:3954} INFO - Setting next_dagrun for example_subdag_operator.section-1 to None, run_after=None
[2024-04-14T15:45:05.975-0600] {logging_mixin.py:188} INFO - [2024-04-14T15:45:05.975-0600] {dag.py:3954} INFO - Setting next_dagrun for example_subdag_operator.section-2 to None, run_after=None
[2024-04-14T15:45:05.979-0600] {processor.py:183} INFO - Processing /Users/felipejimenez/Desktop/AirFlow/.env/lib/python3.9/site-packages/airflow/example_dags/example_subdag_operator.py took 0.074 seconds
[2024-04-14T15:46:28.193-0600] {processor.py:161} INFO - Started process (PID=4380) to work on /Users/felipejimenez/Desktop/AirFlow/.env/lib/python3.9/site-packages/airflow/example_dags/example_subdag_operator.py
[2024-04-14T15:46:28.194-0600] {processor.py:830} INFO - Processing file /Users/felipejimenez/Desktop/AirFlow/.env/lib/python3.9/site-packages/airflow/example_dags/example_subdag_operator.py for tasks to queue
[2024-04-14T15:46:28.194-0600] {logging_mixin.py:188} INFO - [2024-04-14T15:46:28.194-0600] {dagbag.py:540} INFO - Filling up the DagBag from /Users/felipejimenez/Desktop/AirFlow/.env/lib/python3.9/site-packages/airflow/example_dags/example_subdag_operator.py
[2024-04-14T15:46:28.227-0600] {processor.py:840} INFO - DAG(s) 'example_subdag_operator.section-1', 'example_subdag_operator.section-2', 'example_subdag_operator' retrieved from /Users/felipejimenez/Desktop/AirFlow/.env/lib/python3.9/site-packages/airflow/example_dags/example_subdag_operator.py
[2024-04-14T15:46:28.237-0600] {logging_mixin.py:188} INFO - [2024-04-14T15:46:28.237-0600] {dag.py:3096} INFO - Sync 3 DAGs
[2024-04-14T15:46:28.242-0600] {logging_mixin.py:188} INFO - [2024-04-14T15:46:28.242-0600] {dag.py:3954} INFO - Setting next_dagrun for example_subdag_operator to 2022-01-01 00:00:00+00:00, run_after=2022-01-01 00:00:00+00:00
[2024-04-14T15:46:28.243-0600] {logging_mixin.py:188} INFO - [2024-04-14T15:46:28.243-0600] {dag.py:3954} INFO - Setting next_dagrun for example_subdag_operator.section-1 to None, run_after=None
[2024-04-14T15:46:28.243-0600] {logging_mixin.py:188} INFO - [2024-04-14T15:46:28.243-0600] {dag.py:3954} INFO - Setting next_dagrun for example_subdag_operator.section-2 to None, run_after=None
[2024-04-14T15:46:28.261-0600] {logging_mixin.py:188} INFO - [2024-04-14T15:46:28.261-0600] {dag.py:3096} INFO - Sync 2 DAGs
[2024-04-14T15:46:28.263-0600] {logging_mixin.py:188} INFO - [2024-04-14T15:46:28.262-0600] {dag.py:3954} INFO - Setting next_dagrun for example_subdag_operator.section-1 to None, run_after=None
[2024-04-14T15:46:28.263-0600] {logging_mixin.py:188} INFO - [2024-04-14T15:46:28.263-0600] {dag.py:3954} INFO - Setting next_dagrun for example_subdag_operator.section-2 to None, run_after=None
[2024-04-14T15:46:28.267-0600] {processor.py:183} INFO - Processing /Users/felipejimenez/Desktop/AirFlow/.env/lib/python3.9/site-packages/airflow/example_dags/example_subdag_operator.py took 0.075 seconds
[2024-04-14T15:48:01.921-0600] {processor.py:161} INFO - Started process (PID=4493) to work on /Users/felipejimenez/Desktop/AirFlow/.env/lib/python3.9/site-packages/airflow/example_dags/example_subdag_operator.py
[2024-04-14T15:48:01.923-0600] {processor.py:830} INFO - Processing file /Users/felipejimenez/Desktop/AirFlow/.env/lib/python3.9/site-packages/airflow/example_dags/example_subdag_operator.py for tasks to queue
[2024-04-14T15:48:01.923-0600] {logging_mixin.py:188} INFO - [2024-04-14T15:48:01.923-0600] {dagbag.py:540} INFO - Filling up the DagBag from /Users/felipejimenez/Desktop/AirFlow/.env/lib/python3.9/site-packages/airflow/example_dags/example_subdag_operator.py
[2024-04-14T15:48:01.955-0600] {processor.py:840} INFO - DAG(s) 'example_subdag_operator.section-1', 'example_subdag_operator.section-2', 'example_subdag_operator' retrieved from /Users/felipejimenez/Desktop/AirFlow/.env/lib/python3.9/site-packages/airflow/example_dags/example_subdag_operator.py
[2024-04-14T15:48:01.967-0600] {logging_mixin.py:188} INFO - [2024-04-14T15:48:01.967-0600] {dag.py:3096} INFO - Sync 3 DAGs
[2024-04-14T15:48:01.972-0600] {logging_mixin.py:188} INFO - [2024-04-14T15:48:01.972-0600] {dag.py:3954} INFO - Setting next_dagrun for example_subdag_operator to 2022-01-01 00:00:00+00:00, run_after=2022-01-01 00:00:00+00:00
[2024-04-14T15:48:01.974-0600] {logging_mixin.py:188} INFO - [2024-04-14T15:48:01.974-0600] {dag.py:3954} INFO - Setting next_dagrun for example_subdag_operator.section-1 to None, run_after=None
[2024-04-14T15:48:01.974-0600] {logging_mixin.py:188} INFO - [2024-04-14T15:48:01.974-0600] {dag.py:3954} INFO - Setting next_dagrun for example_subdag_operator.section-2 to None, run_after=None
[2024-04-14T15:48:01.998-0600] {logging_mixin.py:188} INFO - [2024-04-14T15:48:01.997-0600] {dag.py:3096} INFO - Sync 2 DAGs
[2024-04-14T15:48:01.999-0600] {logging_mixin.py:188} INFO - [2024-04-14T15:48:01.999-0600] {dag.py:3954} INFO - Setting next_dagrun for example_subdag_operator.section-1 to None, run_after=None
[2024-04-14T15:48:01.999-0600] {logging_mixin.py:188} INFO - [2024-04-14T15:48:01.999-0600] {dag.py:3954} INFO - Setting next_dagrun for example_subdag_operator.section-2 to None, run_after=None
[2024-04-14T15:48:02.003-0600] {processor.py:183} INFO - Processing /Users/felipejimenez/Desktop/AirFlow/.env/lib/python3.9/site-packages/airflow/example_dags/example_subdag_operator.py took 0.083 seconds
[2024-04-14T15:49:30.660-0600] {processor.py:161} INFO - Started process (PID=4661) to work on /Users/felipejimenez/Desktop/AirFlow/.env/lib/python3.9/site-packages/airflow/example_dags/example_subdag_operator.py
[2024-04-14T15:49:30.661-0600] {processor.py:830} INFO - Processing file /Users/felipejimenez/Desktop/AirFlow/.env/lib/python3.9/site-packages/airflow/example_dags/example_subdag_operator.py for tasks to queue
[2024-04-14T15:49:30.662-0600] {logging_mixin.py:188} INFO - [2024-04-14T15:49:30.662-0600] {dagbag.py:540} INFO - Filling up the DagBag from /Users/felipejimenez/Desktop/AirFlow/.env/lib/python3.9/site-packages/airflow/example_dags/example_subdag_operator.py
[2024-04-14T15:49:30.695-0600] {processor.py:840} INFO - DAG(s) 'example_subdag_operator.section-1', 'example_subdag_operator.section-2', 'example_subdag_operator' retrieved from /Users/felipejimenez/Desktop/AirFlow/.env/lib/python3.9/site-packages/airflow/example_dags/example_subdag_operator.py
[2024-04-14T15:49:30.706-0600] {logging_mixin.py:188} INFO - [2024-04-14T15:49:30.706-0600] {dag.py:3096} INFO - Sync 3 DAGs
[2024-04-14T15:49:30.711-0600] {logging_mixin.py:188} INFO - [2024-04-14T15:49:30.711-0600] {dag.py:3954} INFO - Setting next_dagrun for example_subdag_operator to 2022-01-01 00:00:00+00:00, run_after=2022-01-01 00:00:00+00:00
[2024-04-14T15:49:30.712-0600] {logging_mixin.py:188} INFO - [2024-04-14T15:49:30.712-0600] {dag.py:3954} INFO - Setting next_dagrun for example_subdag_operator.section-1 to None, run_after=None
[2024-04-14T15:49:30.712-0600] {logging_mixin.py:188} INFO - [2024-04-14T15:49:30.712-0600] {dag.py:3954} INFO - Setting next_dagrun for example_subdag_operator.section-2 to None, run_after=None
[2024-04-14T15:49:30.731-0600] {logging_mixin.py:188} INFO - [2024-04-14T15:49:30.731-0600] {dag.py:3096} INFO - Sync 2 DAGs
[2024-04-14T15:49:30.732-0600] {logging_mixin.py:188} INFO - [2024-04-14T15:49:30.732-0600] {dag.py:3954} INFO - Setting next_dagrun for example_subdag_operator.section-1 to None, run_after=None
[2024-04-14T15:49:30.732-0600] {logging_mixin.py:188} INFO - [2024-04-14T15:49:30.732-0600] {dag.py:3954} INFO - Setting next_dagrun for example_subdag_operator.section-2 to None, run_after=None
[2024-04-14T15:49:30.736-0600] {processor.py:183} INFO - Processing /Users/felipejimenez/Desktop/AirFlow/.env/lib/python3.9/site-packages/airflow/example_dags/example_subdag_operator.py took 0.078 seconds
[2024-04-14T15:50:57.763-0600] {processor.py:161} INFO - Started process (PID=4765) to work on /Users/felipejimenez/Desktop/AirFlow/.env/lib/python3.9/site-packages/airflow/example_dags/example_subdag_operator.py
[2024-04-14T15:50:57.764-0600] {processor.py:830} INFO - Processing file /Users/felipejimenez/Desktop/AirFlow/.env/lib/python3.9/site-packages/airflow/example_dags/example_subdag_operator.py for tasks to queue
[2024-04-14T15:50:57.764-0600] {logging_mixin.py:188} INFO - [2024-04-14T15:50:57.764-0600] {dagbag.py:540} INFO - Filling up the DagBag from /Users/felipejimenez/Desktop/AirFlow/.env/lib/python3.9/site-packages/airflow/example_dags/example_subdag_operator.py
[2024-04-14T15:50:57.797-0600] {processor.py:840} INFO - DAG(s) 'example_subdag_operator.section-1', 'example_subdag_operator.section-2', 'example_subdag_operator' retrieved from /Users/felipejimenez/Desktop/AirFlow/.env/lib/python3.9/site-packages/airflow/example_dags/example_subdag_operator.py
[2024-04-14T15:50:57.807-0600] {logging_mixin.py:188} INFO - [2024-04-14T15:50:57.807-0600] {dag.py:3096} INFO - Sync 3 DAGs
[2024-04-14T15:50:57.813-0600] {logging_mixin.py:188} INFO - [2024-04-14T15:50:57.813-0600] {dag.py:3954} INFO - Setting next_dagrun for example_subdag_operator to 2022-01-01 00:00:00+00:00, run_after=2022-01-01 00:00:00+00:00
[2024-04-14T15:50:57.814-0600] {logging_mixin.py:188} INFO - [2024-04-14T15:50:57.814-0600] {dag.py:3954} INFO - Setting next_dagrun for example_subdag_operator.section-1 to None, run_after=None
[2024-04-14T15:50:57.814-0600] {logging_mixin.py:188} INFO - [2024-04-14T15:50:57.814-0600] {dag.py:3954} INFO - Setting next_dagrun for example_subdag_operator.section-2 to None, run_after=None
[2024-04-14T15:50:57.834-0600] {logging_mixin.py:188} INFO - [2024-04-14T15:50:57.834-0600] {dag.py:3096} INFO - Sync 2 DAGs
[2024-04-14T15:50:57.835-0600] {logging_mixin.py:188} INFO - [2024-04-14T15:50:57.835-0600] {dag.py:3954} INFO - Setting next_dagrun for example_subdag_operator.section-1 to None, run_after=None
[2024-04-14T15:50:57.835-0600] {logging_mixin.py:188} INFO - [2024-04-14T15:50:57.835-0600] {dag.py:3954} INFO - Setting next_dagrun for example_subdag_operator.section-2 to None, run_after=None
[2024-04-14T15:50:57.840-0600] {processor.py:183} INFO - Processing /Users/felipejimenez/Desktop/AirFlow/.env/lib/python3.9/site-packages/airflow/example_dags/example_subdag_operator.py took 0.078 seconds
[2024-04-14T15:52:26.884-0600] {processor.py:161} INFO - Started process (PID=4902) to work on /Users/felipejimenez/Desktop/AirFlow/.env/lib/python3.9/site-packages/airflow/example_dags/example_subdag_operator.py
[2024-04-14T15:52:26.885-0600] {processor.py:830} INFO - Processing file /Users/felipejimenez/Desktop/AirFlow/.env/lib/python3.9/site-packages/airflow/example_dags/example_subdag_operator.py for tasks to queue
[2024-04-14T15:52:26.886-0600] {logging_mixin.py:188} INFO - [2024-04-14T15:52:26.885-0600] {dagbag.py:540} INFO - Filling up the DagBag from /Users/felipejimenez/Desktop/AirFlow/.env/lib/python3.9/site-packages/airflow/example_dags/example_subdag_operator.py
[2024-04-14T15:52:26.918-0600] {processor.py:840} INFO - DAG(s) 'example_subdag_operator.section-1', 'example_subdag_operator.section-2', 'example_subdag_operator' retrieved from /Users/felipejimenez/Desktop/AirFlow/.env/lib/python3.9/site-packages/airflow/example_dags/example_subdag_operator.py
[2024-04-14T15:52:26.929-0600] {logging_mixin.py:188} INFO - [2024-04-14T15:52:26.929-0600] {dag.py:3096} INFO - Sync 3 DAGs
[2024-04-14T15:52:26.934-0600] {logging_mixin.py:188} INFO - [2024-04-14T15:52:26.934-0600] {dag.py:3954} INFO - Setting next_dagrun for example_subdag_operator to 2022-01-01 00:00:00+00:00, run_after=2022-01-01 00:00:00+00:00
[2024-04-14T15:52:26.935-0600] {logging_mixin.py:188} INFO - [2024-04-14T15:52:26.935-0600] {dag.py:3954} INFO - Setting next_dagrun for example_subdag_operator.section-1 to None, run_after=None
[2024-04-14T15:52:26.935-0600] {logging_mixin.py:188} INFO - [2024-04-14T15:52:26.935-0600] {dag.py:3954} INFO - Setting next_dagrun for example_subdag_operator.section-2 to None, run_after=None
[2024-04-14T15:52:26.953-0600] {logging_mixin.py:188} INFO - [2024-04-14T15:52:26.953-0600] {dag.py:3096} INFO - Sync 2 DAGs
[2024-04-14T15:52:26.955-0600] {logging_mixin.py:188} INFO - [2024-04-14T15:52:26.954-0600] {dag.py:3954} INFO - Setting next_dagrun for example_subdag_operator.section-1 to None, run_after=None
[2024-04-14T15:52:26.955-0600] {logging_mixin.py:188} INFO - [2024-04-14T15:52:26.955-0600] {dag.py:3954} INFO - Setting next_dagrun for example_subdag_operator.section-2 to None, run_after=None
[2024-04-14T15:52:26.959-0600] {processor.py:183} INFO - Processing /Users/felipejimenez/Desktop/AirFlow/.env/lib/python3.9/site-packages/airflow/example_dags/example_subdag_operator.py took 0.076 seconds
[2024-04-14T15:53:53.570-0600] {processor.py:161} INFO - Started process (PID=5032) to work on /Users/felipejimenez/Desktop/AirFlow/.env/lib/python3.9/site-packages/airflow/example_dags/example_subdag_operator.py
[2024-04-14T15:53:53.572-0600] {processor.py:830} INFO - Processing file /Users/felipejimenez/Desktop/AirFlow/.env/lib/python3.9/site-packages/airflow/example_dags/example_subdag_operator.py for tasks to queue
[2024-04-14T15:53:53.572-0600] {logging_mixin.py:188} INFO - [2024-04-14T15:53:53.572-0600] {dagbag.py:540} INFO - Filling up the DagBag from /Users/felipejimenez/Desktop/AirFlow/.env/lib/python3.9/site-packages/airflow/example_dags/example_subdag_operator.py
[2024-04-14T15:53:53.609-0600] {processor.py:840} INFO - DAG(s) 'example_subdag_operator.section-1', 'example_subdag_operator.section-2', 'example_subdag_operator' retrieved from /Users/felipejimenez/Desktop/AirFlow/.env/lib/python3.9/site-packages/airflow/example_dags/example_subdag_operator.py
[2024-04-14T15:53:53.620-0600] {logging_mixin.py:188} INFO - [2024-04-14T15:53:53.620-0600] {dag.py:3096} INFO - Sync 3 DAGs
[2024-04-14T15:53:53.625-0600] {logging_mixin.py:188} INFO - [2024-04-14T15:53:53.625-0600] {dag.py:3954} INFO - Setting next_dagrun for example_subdag_operator to 2022-01-01 00:00:00+00:00, run_after=2022-01-01 00:00:00+00:00
[2024-04-14T15:53:53.626-0600] {logging_mixin.py:188} INFO - [2024-04-14T15:53:53.626-0600] {dag.py:3954} INFO - Setting next_dagrun for example_subdag_operator.section-1 to None, run_after=None
[2024-04-14T15:53:53.626-0600] {logging_mixin.py:188} INFO - [2024-04-14T15:53:53.626-0600] {dag.py:3954} INFO - Setting next_dagrun for example_subdag_operator.section-2 to None, run_after=None
[2024-04-14T15:53:53.644-0600] {logging_mixin.py:188} INFO - [2024-04-14T15:53:53.644-0600] {dag.py:3096} INFO - Sync 2 DAGs
[2024-04-14T15:53:53.646-0600] {logging_mixin.py:188} INFO - [2024-04-14T15:53:53.646-0600] {dag.py:3954} INFO - Setting next_dagrun for example_subdag_operator.section-1 to None, run_after=None
[2024-04-14T15:53:53.646-0600] {logging_mixin.py:188} INFO - [2024-04-14T15:53:53.646-0600] {dag.py:3954} INFO - Setting next_dagrun for example_subdag_operator.section-2 to None, run_after=None
[2024-04-14T15:53:53.650-0600] {processor.py:183} INFO - Processing /Users/felipejimenez/Desktop/AirFlow/.env/lib/python3.9/site-packages/airflow/example_dags/example_subdag_operator.py took 0.081 seconds
[2024-04-14T15:56:03.547-0600] {processor.py:161} INFO - Started process (PID=5198) to work on /Users/felipejimenez/Desktop/AirFlow/.env/lib/python3.9/site-packages/airflow/example_dags/example_subdag_operator.py
[2024-04-14T15:56:03.549-0600] {processor.py:830} INFO - Processing file /Users/felipejimenez/Desktop/AirFlow/.env/lib/python3.9/site-packages/airflow/example_dags/example_subdag_operator.py for tasks to queue
[2024-04-14T15:56:03.549-0600] {logging_mixin.py:188} INFO - [2024-04-14T15:56:03.549-0600] {dagbag.py:540} INFO - Filling up the DagBag from /Users/felipejimenez/Desktop/AirFlow/.env/lib/python3.9/site-packages/airflow/example_dags/example_subdag_operator.py
[2024-04-14T15:56:03.580-0600] {processor.py:840} INFO - DAG(s) 'example_subdag_operator.section-1', 'example_subdag_operator.section-2', 'example_subdag_operator' retrieved from /Users/felipejimenez/Desktop/AirFlow/.env/lib/python3.9/site-packages/airflow/example_dags/example_subdag_operator.py
[2024-04-14T15:56:03.591-0600] {logging_mixin.py:188} INFO - [2024-04-14T15:56:03.591-0600] {dag.py:3096} INFO - Sync 3 DAGs
[2024-04-14T15:56:03.596-0600] {logging_mixin.py:188} INFO - [2024-04-14T15:56:03.596-0600] {dag.py:3954} INFO - Setting next_dagrun for example_subdag_operator to 2022-01-01 00:00:00+00:00, run_after=2022-01-01 00:00:00+00:00
[2024-04-14T15:56:03.597-0600] {logging_mixin.py:188} INFO - [2024-04-14T15:56:03.597-0600] {dag.py:3954} INFO - Setting next_dagrun for example_subdag_operator.section-1 to None, run_after=None
[2024-04-14T15:56:03.597-0600] {logging_mixin.py:188} INFO - [2024-04-14T15:56:03.597-0600] {dag.py:3954} INFO - Setting next_dagrun for example_subdag_operator.section-2 to None, run_after=None
[2024-04-14T15:56:03.618-0600] {logging_mixin.py:188} INFO - [2024-04-14T15:56:03.618-0600] {dag.py:3096} INFO - Sync 2 DAGs
[2024-04-14T15:56:03.619-0600] {logging_mixin.py:188} INFO - [2024-04-14T15:56:03.619-0600] {dag.py:3954} INFO - Setting next_dagrun for example_subdag_operator.section-1 to None, run_after=None
[2024-04-14T15:56:03.620-0600] {logging_mixin.py:188} INFO - [2024-04-14T15:56:03.620-0600] {dag.py:3954} INFO - Setting next_dagrun for example_subdag_operator.section-2 to None, run_after=None
[2024-04-14T15:56:03.623-0600] {processor.py:183} INFO - Processing /Users/felipejimenez/Desktop/AirFlow/.env/lib/python3.9/site-packages/airflow/example_dags/example_subdag_operator.py took 0.078 seconds
[2024-04-14T15:57:16.697-0600] {processor.py:161} INFO - Started process (PID=5306) to work on /Users/felipejimenez/Desktop/AirFlow/.env/lib/python3.9/site-packages/airflow/example_dags/example_subdag_operator.py
[2024-04-14T15:57:16.698-0600] {processor.py:830} INFO - Processing file /Users/felipejimenez/Desktop/AirFlow/.env/lib/python3.9/site-packages/airflow/example_dags/example_subdag_operator.py for tasks to queue
[2024-04-14T15:57:16.698-0600] {logging_mixin.py:188} INFO - [2024-04-14T15:57:16.698-0600] {dagbag.py:540} INFO - Filling up the DagBag from /Users/felipejimenez/Desktop/AirFlow/.env/lib/python3.9/site-packages/airflow/example_dags/example_subdag_operator.py
[2024-04-14T15:57:16.730-0600] {processor.py:840} INFO - DAG(s) 'example_subdag_operator.section-1', 'example_subdag_operator.section-2', 'example_subdag_operator' retrieved from /Users/felipejimenez/Desktop/AirFlow/.env/lib/python3.9/site-packages/airflow/example_dags/example_subdag_operator.py
[2024-04-14T15:57:16.740-0600] {logging_mixin.py:188} INFO - [2024-04-14T15:57:16.740-0600] {dag.py:3096} INFO - Sync 3 DAGs
[2024-04-14T15:57:16.745-0600] {logging_mixin.py:188} INFO - [2024-04-14T15:57:16.745-0600] {dag.py:3954} INFO - Setting next_dagrun for example_subdag_operator to 2022-01-01 00:00:00+00:00, run_after=2022-01-01 00:00:00+00:00
[2024-04-14T15:57:16.747-0600] {logging_mixin.py:188} INFO - [2024-04-14T15:57:16.747-0600] {dag.py:3954} INFO - Setting next_dagrun for example_subdag_operator.section-1 to None, run_after=None
[2024-04-14T15:57:16.747-0600] {logging_mixin.py:188} INFO - [2024-04-14T15:57:16.747-0600] {dag.py:3954} INFO - Setting next_dagrun for example_subdag_operator.section-2 to None, run_after=None
[2024-04-14T15:57:16.765-0600] {logging_mixin.py:188} INFO - [2024-04-14T15:57:16.765-0600] {dag.py:3096} INFO - Sync 2 DAGs
[2024-04-14T15:57:16.766-0600] {logging_mixin.py:188} INFO - [2024-04-14T15:57:16.766-0600] {dag.py:3954} INFO - Setting next_dagrun for example_subdag_operator.section-1 to None, run_after=None
[2024-04-14T15:57:16.766-0600] {logging_mixin.py:188} INFO - [2024-04-14T15:57:16.766-0600] {dag.py:3954} INFO - Setting next_dagrun for example_subdag_operator.section-2 to None, run_after=None
[2024-04-14T15:57:16.770-0600] {processor.py:183} INFO - Processing /Users/felipejimenez/Desktop/AirFlow/.env/lib/python3.9/site-packages/airflow/example_dags/example_subdag_operator.py took 0.074 seconds
[2024-04-14T15:58:44.139-0600] {processor.py:161} INFO - Started process (PID=5460) to work on /Users/felipejimenez/Desktop/AirFlow/.env/lib/python3.9/site-packages/airflow/example_dags/example_subdag_operator.py
[2024-04-14T15:58:44.140-0600] {processor.py:830} INFO - Processing file /Users/felipejimenez/Desktop/AirFlow/.env/lib/python3.9/site-packages/airflow/example_dags/example_subdag_operator.py for tasks to queue
[2024-04-14T15:58:44.141-0600] {logging_mixin.py:188} INFO - [2024-04-14T15:58:44.141-0600] {dagbag.py:540} INFO - Filling up the DagBag from /Users/felipejimenez/Desktop/AirFlow/.env/lib/python3.9/site-packages/airflow/example_dags/example_subdag_operator.py
[2024-04-14T15:58:44.175-0600] {processor.py:840} INFO - DAG(s) 'example_subdag_operator.section-1', 'example_subdag_operator.section-2', 'example_subdag_operator' retrieved from /Users/felipejimenez/Desktop/AirFlow/.env/lib/python3.9/site-packages/airflow/example_dags/example_subdag_operator.py
[2024-04-14T15:58:44.186-0600] {logging_mixin.py:188} INFO - [2024-04-14T15:58:44.186-0600] {dag.py:3096} INFO - Sync 3 DAGs
[2024-04-14T15:58:44.192-0600] {logging_mixin.py:188} INFO - [2024-04-14T15:58:44.192-0600] {dag.py:3954} INFO - Setting next_dagrun for example_subdag_operator to 2022-01-01 00:00:00+00:00, run_after=2022-01-01 00:00:00+00:00
[2024-04-14T15:58:44.194-0600] {logging_mixin.py:188} INFO - [2024-04-14T15:58:44.194-0600] {dag.py:3954} INFO - Setting next_dagrun for example_subdag_operator.section-1 to None, run_after=None
[2024-04-14T15:58:44.194-0600] {logging_mixin.py:188} INFO - [2024-04-14T15:58:44.194-0600] {dag.py:3954} INFO - Setting next_dagrun for example_subdag_operator.section-2 to None, run_after=None
[2024-04-14T15:58:44.235-0600] {logging_mixin.py:188} INFO - [2024-04-14T15:58:44.235-0600] {dag.py:3096} INFO - Sync 2 DAGs
[2024-04-14T15:58:44.237-0600] {logging_mixin.py:188} INFO - [2024-04-14T15:58:44.237-0600] {dag.py:3954} INFO - Setting next_dagrun for example_subdag_operator.section-1 to None, run_after=None
[2024-04-14T15:58:44.237-0600] {logging_mixin.py:188} INFO - [2024-04-14T15:58:44.237-0600] {dag.py:3954} INFO - Setting next_dagrun for example_subdag_operator.section-2 to None, run_after=None
[2024-04-14T15:58:44.242-0600] {processor.py:183} INFO - Processing /Users/felipejimenez/Desktop/AirFlow/.env/lib/python3.9/site-packages/airflow/example_dags/example_subdag_operator.py took 0.103 seconds
[2024-04-14T16:00:11.531-0600] {processor.py:161} INFO - Started process (PID=5560) to work on /Users/felipejimenez/Desktop/AirFlow/.env/lib/python3.9/site-packages/airflow/example_dags/example_subdag_operator.py
[2024-04-14T16:00:11.532-0600] {processor.py:830} INFO - Processing file /Users/felipejimenez/Desktop/AirFlow/.env/lib/python3.9/site-packages/airflow/example_dags/example_subdag_operator.py for tasks to queue
[2024-04-14T16:00:11.532-0600] {logging_mixin.py:188} INFO - [2024-04-14T16:00:11.532-0600] {dagbag.py:540} INFO - Filling up the DagBag from /Users/felipejimenez/Desktop/AirFlow/.env/lib/python3.9/site-packages/airflow/example_dags/example_subdag_operator.py
[2024-04-14T16:00:11.564-0600] {processor.py:840} INFO - DAG(s) 'example_subdag_operator.section-1', 'example_subdag_operator.section-2', 'example_subdag_operator' retrieved from /Users/felipejimenez/Desktop/AirFlow/.env/lib/python3.9/site-packages/airflow/example_dags/example_subdag_operator.py
[2024-04-14T16:00:11.575-0600] {logging_mixin.py:188} INFO - [2024-04-14T16:00:11.575-0600] {dag.py:3096} INFO - Sync 3 DAGs
[2024-04-14T16:00:11.580-0600] {logging_mixin.py:188} INFO - [2024-04-14T16:00:11.580-0600] {dag.py:3954} INFO - Setting next_dagrun for example_subdag_operator to 2022-01-01 00:00:00+00:00, run_after=2022-01-01 00:00:00+00:00
[2024-04-14T16:00:11.582-0600] {logging_mixin.py:188} INFO - [2024-04-14T16:00:11.581-0600] {dag.py:3954} INFO - Setting next_dagrun for example_subdag_operator.section-1 to None, run_after=None
[2024-04-14T16:00:11.582-0600] {logging_mixin.py:188} INFO - [2024-04-14T16:00:11.582-0600] {dag.py:3954} INFO - Setting next_dagrun for example_subdag_operator.section-2 to None, run_after=None
[2024-04-14T16:00:11.600-0600] {logging_mixin.py:188} INFO - [2024-04-14T16:00:11.600-0600] {dag.py:3096} INFO - Sync 2 DAGs
[2024-04-14T16:00:11.602-0600] {logging_mixin.py:188} INFO - [2024-04-14T16:00:11.602-0600] {dag.py:3954} INFO - Setting next_dagrun for example_subdag_operator.section-1 to None, run_after=None
[2024-04-14T16:00:11.602-0600] {logging_mixin.py:188} INFO - [2024-04-14T16:00:11.602-0600] {dag.py:3954} INFO - Setting next_dagrun for example_subdag_operator.section-2 to None, run_after=None
[2024-04-14T16:00:11.606-0600] {processor.py:183} INFO - Processing /Users/felipejimenez/Desktop/AirFlow/.env/lib/python3.9/site-packages/airflow/example_dags/example_subdag_operator.py took 0.076 seconds
[2024-04-14T16:01:36.211-0600] {processor.py:161} INFO - Started process (PID=5657) to work on /Users/felipejimenez/Desktop/AirFlow/.env/lib/python3.9/site-packages/airflow/example_dags/example_subdag_operator.py
[2024-04-14T16:01:36.213-0600] {processor.py:830} INFO - Processing file /Users/felipejimenez/Desktop/AirFlow/.env/lib/python3.9/site-packages/airflow/example_dags/example_subdag_operator.py for tasks to queue
[2024-04-14T16:01:36.213-0600] {logging_mixin.py:188} INFO - [2024-04-14T16:01:36.213-0600] {dagbag.py:540} INFO - Filling up the DagBag from /Users/felipejimenez/Desktop/AirFlow/.env/lib/python3.9/site-packages/airflow/example_dags/example_subdag_operator.py
[2024-04-14T16:01:36.246-0600] {processor.py:840} INFO - DAG(s) 'example_subdag_operator.section-1', 'example_subdag_operator.section-2', 'example_subdag_operator' retrieved from /Users/felipejimenez/Desktop/AirFlow/.env/lib/python3.9/site-packages/airflow/example_dags/example_subdag_operator.py
[2024-04-14T16:01:36.256-0600] {logging_mixin.py:188} INFO - [2024-04-14T16:01:36.256-0600] {dag.py:3096} INFO - Sync 3 DAGs
[2024-04-14T16:01:36.261-0600] {logging_mixin.py:188} INFO - [2024-04-14T16:01:36.261-0600] {dag.py:3954} INFO - Setting next_dagrun for example_subdag_operator to 2022-01-01 00:00:00+00:00, run_after=2022-01-01 00:00:00+00:00
[2024-04-14T16:01:36.263-0600] {logging_mixin.py:188} INFO - [2024-04-14T16:01:36.263-0600] {dag.py:3954} INFO - Setting next_dagrun for example_subdag_operator.section-1 to None, run_after=None
[2024-04-14T16:01:36.263-0600] {logging_mixin.py:188} INFO - [2024-04-14T16:01:36.263-0600] {dag.py:3954} INFO - Setting next_dagrun for example_subdag_operator.section-2 to None, run_after=None
[2024-04-14T16:01:36.284-0600] {logging_mixin.py:188} INFO - [2024-04-14T16:01:36.283-0600] {dag.py:3096} INFO - Sync 2 DAGs
[2024-04-14T16:01:36.285-0600] {logging_mixin.py:188} INFO - [2024-04-14T16:01:36.285-0600] {dag.py:3954} INFO - Setting next_dagrun for example_subdag_operator.section-1 to None, run_after=None
[2024-04-14T16:01:36.285-0600] {logging_mixin.py:188} INFO - [2024-04-14T16:01:36.285-0600] {dag.py:3954} INFO - Setting next_dagrun for example_subdag_operator.section-2 to None, run_after=None
[2024-04-14T16:01:36.289-0600] {processor.py:183} INFO - Processing /Users/felipejimenez/Desktop/AirFlow/.env/lib/python3.9/site-packages/airflow/example_dags/example_subdag_operator.py took 0.079 seconds
[2024-04-14T16:04:01.695-0600] {processor.py:161} INFO - Started process (PID=5869) to work on /Users/felipejimenez/Desktop/AirFlow/.env/lib/python3.9/site-packages/airflow/example_dags/example_subdag_operator.py
[2024-04-14T16:04:01.697-0600] {processor.py:830} INFO - Processing file /Users/felipejimenez/Desktop/AirFlow/.env/lib/python3.9/site-packages/airflow/example_dags/example_subdag_operator.py for tasks to queue
[2024-04-14T16:04:01.697-0600] {logging_mixin.py:188} INFO - [2024-04-14T16:04:01.697-0600] {dagbag.py:540} INFO - Filling up the DagBag from /Users/felipejimenez/Desktop/AirFlow/.env/lib/python3.9/site-packages/airflow/example_dags/example_subdag_operator.py
[2024-04-14T16:04:01.729-0600] {processor.py:840} INFO - DAG(s) 'example_subdag_operator.section-1', 'example_subdag_operator.section-2', 'example_subdag_operator' retrieved from /Users/felipejimenez/Desktop/AirFlow/.env/lib/python3.9/site-packages/airflow/example_dags/example_subdag_operator.py
[2024-04-14T16:04:01.739-0600] {logging_mixin.py:188} INFO - [2024-04-14T16:04:01.739-0600] {dag.py:3096} INFO - Sync 3 DAGs
[2024-04-14T16:04:01.744-0600] {logging_mixin.py:188} INFO - [2024-04-14T16:04:01.744-0600] {dag.py:3954} INFO - Setting next_dagrun for example_subdag_operator to 2022-01-01 00:00:00+00:00, run_after=2022-01-01 00:00:00+00:00
[2024-04-14T16:04:01.746-0600] {logging_mixin.py:188} INFO - [2024-04-14T16:04:01.745-0600] {dag.py:3954} INFO - Setting next_dagrun for example_subdag_operator.section-1 to None, run_after=None
[2024-04-14T16:04:01.746-0600] {logging_mixin.py:188} INFO - [2024-04-14T16:04:01.746-0600] {dag.py:3954} INFO - Setting next_dagrun for example_subdag_operator.section-2 to None, run_after=None
[2024-04-14T16:04:01.764-0600] {logging_mixin.py:188} INFO - [2024-04-14T16:04:01.764-0600] {dag.py:3096} INFO - Sync 2 DAGs
[2024-04-14T16:04:01.765-0600] {logging_mixin.py:188} INFO - [2024-04-14T16:04:01.765-0600] {dag.py:3954} INFO - Setting next_dagrun for example_subdag_operator.section-1 to None, run_after=None
[2024-04-14T16:04:01.765-0600] {logging_mixin.py:188} INFO - [2024-04-14T16:04:01.765-0600] {dag.py:3954} INFO - Setting next_dagrun for example_subdag_operator.section-2 to None, run_after=None
[2024-04-14T16:04:01.769-0600] {processor.py:183} INFO - Processing /Users/felipejimenez/Desktop/AirFlow/.env/lib/python3.9/site-packages/airflow/example_dags/example_subdag_operator.py took 0.075 seconds
[2024-04-14T16:05:14.784-0600] {processor.py:161} INFO - Started process (PID=6002) to work on /Users/felipejimenez/Desktop/AirFlow/.env/lib/python3.9/site-packages/airflow/example_dags/example_subdag_operator.py
[2024-04-14T16:05:14.785-0600] {processor.py:830} INFO - Processing file /Users/felipejimenez/Desktop/AirFlow/.env/lib/python3.9/site-packages/airflow/example_dags/example_subdag_operator.py for tasks to queue
[2024-04-14T16:05:14.786-0600] {logging_mixin.py:188} INFO - [2024-04-14T16:05:14.786-0600] {dagbag.py:540} INFO - Filling up the DagBag from /Users/felipejimenez/Desktop/AirFlow/.env/lib/python3.9/site-packages/airflow/example_dags/example_subdag_operator.py
[2024-04-14T16:05:14.817-0600] {processor.py:840} INFO - DAG(s) 'example_subdag_operator.section-1', 'example_subdag_operator.section-2', 'example_subdag_operator' retrieved from /Users/felipejimenez/Desktop/AirFlow/.env/lib/python3.9/site-packages/airflow/example_dags/example_subdag_operator.py
[2024-04-14T16:05:14.828-0600] {logging_mixin.py:188} INFO - [2024-04-14T16:05:14.828-0600] {dag.py:3096} INFO - Sync 3 DAGs
[2024-04-14T16:05:14.833-0600] {logging_mixin.py:188} INFO - [2024-04-14T16:05:14.832-0600] {dag.py:3954} INFO - Setting next_dagrun for example_subdag_operator to 2022-01-01 00:00:00+00:00, run_after=2022-01-01 00:00:00+00:00
[2024-04-14T16:05:14.834-0600] {logging_mixin.py:188} INFO - [2024-04-14T16:05:14.834-0600] {dag.py:3954} INFO - Setting next_dagrun for example_subdag_operator.section-1 to None, run_after=None
[2024-04-14T16:05:14.834-0600] {logging_mixin.py:188} INFO - [2024-04-14T16:05:14.834-0600] {dag.py:3954} INFO - Setting next_dagrun for example_subdag_operator.section-2 to None, run_after=None
[2024-04-14T16:05:14.852-0600] {logging_mixin.py:188} INFO - [2024-04-14T16:05:14.852-0600] {dag.py:3096} INFO - Sync 2 DAGs
[2024-04-14T16:05:14.854-0600] {logging_mixin.py:188} INFO - [2024-04-14T16:05:14.854-0600] {dag.py:3954} INFO - Setting next_dagrun for example_subdag_operator.section-1 to None, run_after=None
[2024-04-14T16:05:14.854-0600] {logging_mixin.py:188} INFO - [2024-04-14T16:05:14.854-0600] {dag.py:3954} INFO - Setting next_dagrun for example_subdag_operator.section-2 to None, run_after=None
[2024-04-14T16:05:14.858-0600] {processor.py:183} INFO - Processing /Users/felipejimenez/Desktop/AirFlow/.env/lib/python3.9/site-packages/airflow/example_dags/example_subdag_operator.py took 0.075 seconds
