[2024-04-14T15:42:55.524-0600] {processor.py:161} INFO - Started process (PID=4129) to work on /Users/felipejimenez/Desktop/AirFlow/.env/lib/python3.9/site-packages/airflow/example_dags/example_display_name.py
[2024-04-14T15:42:55.524-0600] {processor.py:830} INFO - Processing file /Users/felipejimenez/Desktop/AirFlow/.env/lib/python3.9/site-packages/airflow/example_dags/example_display_name.py for tasks to queue
[2024-04-14T15:42:55.525-0600] {logging_mixin.py:188} INFO - [2024-04-14T15:42:55.525-0600] {dagbag.py:540} INFO - Filling up the DagBag from /Users/felipejimenez/Desktop/AirFlow/.env/lib/python3.9/site-packages/airflow/example_dags/example_display_name.py
[2024-04-14T15:42:55.537-0600] {processor.py:840} INFO - DAG(s) 'example_display_name' retrieved from /Users/felipejimenez/Desktop/AirFlow/.env/lib/python3.9/site-packages/airflow/example_dags/example_display_name.py
[2024-04-14T15:42:55.616-0600] {logging_mixin.py:188} INFO - [2024-04-14T15:42:55.616-0600] {override.py:1829} INFO - Created Permission View: can delete on DAG:example_display_name
[2024-04-14T15:42:55.619-0600] {logging_mixin.py:188} INFO - [2024-04-14T15:42:55.619-0600] {override.py:1829} INFO - Created Permission View: can read on DAG:example_display_name
[2024-04-14T15:42:55.620-0600] {logging_mixin.py:188} INFO - [2024-04-14T15:42:55.620-0600] {override.py:1829} INFO - Created Permission View: can edit on DAG:example_display_name
[2024-04-14T15:42:55.620-0600] {logging_mixin.py:188} INFO - [2024-04-14T15:42:55.620-0600] {dag.py:3096} INFO - Sync 1 DAGs
[2024-04-14T15:42:55.624-0600] {logging_mixin.py:188} INFO - [2024-04-14T15:42:55.623-0600] {dag.py:3118} INFO - Creating ORM DAG for example_display_name
[2024-04-14T15:42:55.624-0600] {logging_mixin.py:188} INFO - [2024-04-14T15:42:55.624-0600] {dag.py:3954} INFO - Setting next_dagrun for example_display_name to None, run_after=None
[2024-04-14T15:42:55.630-0600] {processor.py:183} INFO - Processing /Users/felipejimenez/Desktop/AirFlow/.env/lib/python3.9/site-packages/airflow/example_dags/example_display_name.py took 0.108 seconds
[2024-04-14T15:44:22.127-0600] {processor.py:161} INFO - Started process (PID=4230) to work on /Users/felipejimenez/Desktop/AirFlow/.env/lib/python3.9/site-packages/airflow/example_dags/example_display_name.py
[2024-04-14T15:44:22.129-0600] {processor.py:830} INFO - Processing file /Users/felipejimenez/Desktop/AirFlow/.env/lib/python3.9/site-packages/airflow/example_dags/example_display_name.py for tasks to queue
[2024-04-14T15:44:22.129-0600] {logging_mixin.py:188} INFO - [2024-04-14T15:44:22.129-0600] {dagbag.py:540} INFO - Filling up the DagBag from /Users/felipejimenez/Desktop/AirFlow/.env/lib/python3.9/site-packages/airflow/example_dags/example_display_name.py
[2024-04-14T15:44:22.140-0600] {processor.py:840} INFO - DAG(s) 'example_display_name' retrieved from /Users/felipejimenez/Desktop/AirFlow/.env/lib/python3.9/site-packages/airflow/example_dags/example_display_name.py
[2024-04-14T15:44:22.172-0600] {logging_mixin.py:188} INFO - [2024-04-14T15:44:22.172-0600] {dag.py:3096} INFO - Sync 1 DAGs
[2024-04-14T15:44:22.192-0600] {logging_mixin.py:188} INFO - [2024-04-14T15:44:22.192-0600] {dag.py:3954} INFO - Setting next_dagrun for example_display_name to None, run_after=None
[2024-04-14T15:44:22.198-0600] {processor.py:183} INFO - Processing /Users/felipejimenez/Desktop/AirFlow/.env/lib/python3.9/site-packages/airflow/example_dags/example_display_name.py took 0.072 seconds
[2024-04-14T15:45:51.049-0600] {processor.py:161} INFO - Started process (PID=4338) to work on /Users/felipejimenez/Desktop/AirFlow/.env/lib/python3.9/site-packages/airflow/example_dags/example_display_name.py
[2024-04-14T15:45:51.051-0600] {processor.py:830} INFO - Processing file /Users/felipejimenez/Desktop/AirFlow/.env/lib/python3.9/site-packages/airflow/example_dags/example_display_name.py for tasks to queue
[2024-04-14T15:45:51.051-0600] {logging_mixin.py:188} INFO - [2024-04-14T15:45:51.051-0600] {dagbag.py:540} INFO - Filling up the DagBag from /Users/felipejimenez/Desktop/AirFlow/.env/lib/python3.9/site-packages/airflow/example_dags/example_display_name.py
[2024-04-14T15:45:51.063-0600] {processor.py:840} INFO - DAG(s) 'example_display_name' retrieved from /Users/felipejimenez/Desktop/AirFlow/.env/lib/python3.9/site-packages/airflow/example_dags/example_display_name.py
[2024-04-14T15:45:51.093-0600] {logging_mixin.py:188} INFO - [2024-04-14T15:45:51.093-0600] {dag.py:3096} INFO - Sync 1 DAGs
[2024-04-14T15:45:51.113-0600] {logging_mixin.py:188} INFO - [2024-04-14T15:45:51.113-0600] {dag.py:3954} INFO - Setting next_dagrun for example_display_name to None, run_after=None
[2024-04-14T15:45:51.119-0600] {processor.py:183} INFO - Processing /Users/felipejimenez/Desktop/AirFlow/.env/lib/python3.9/site-packages/airflow/example_dags/example_display_name.py took 0.071 seconds
[2024-04-14T15:47:18.100-0600] {processor.py:161} INFO - Started process (PID=4436) to work on /Users/felipejimenez/Desktop/AirFlow/.env/lib/python3.9/site-packages/airflow/example_dags/example_display_name.py
[2024-04-14T15:47:18.101-0600] {processor.py:830} INFO - Processing file /Users/felipejimenez/Desktop/AirFlow/.env/lib/python3.9/site-packages/airflow/example_dags/example_display_name.py for tasks to queue
[2024-04-14T15:47:18.101-0600] {logging_mixin.py:188} INFO - [2024-04-14T15:47:18.101-0600] {dagbag.py:540} INFO - Filling up the DagBag from /Users/felipejimenez/Desktop/AirFlow/.env/lib/python3.9/site-packages/airflow/example_dags/example_display_name.py
[2024-04-14T15:47:18.114-0600] {processor.py:840} INFO - DAG(s) 'example_display_name' retrieved from /Users/felipejimenez/Desktop/AirFlow/.env/lib/python3.9/site-packages/airflow/example_dags/example_display_name.py
[2024-04-14T15:47:18.146-0600] {logging_mixin.py:188} INFO - [2024-04-14T15:47:18.146-0600] {dag.py:3096} INFO - Sync 1 DAGs
[2024-04-14T15:47:18.170-0600] {logging_mixin.py:188} INFO - [2024-04-14T15:47:18.169-0600] {dag.py:3954} INFO - Setting next_dagrun for example_display_name to None, run_after=None
[2024-04-14T15:47:18.176-0600] {processor.py:183} INFO - Processing /Users/felipejimenez/Desktop/AirFlow/.env/lib/python3.9/site-packages/airflow/example_dags/example_display_name.py took 0.077 seconds
[2024-04-14T15:48:48.584-0600] {processor.py:161} INFO - Started process (PID=4605) to work on /Users/felipejimenez/Desktop/AirFlow/.env/lib/python3.9/site-packages/airflow/example_dags/example_display_name.py
[2024-04-14T15:48:48.586-0600] {processor.py:830} INFO - Processing file /Users/felipejimenez/Desktop/AirFlow/.env/lib/python3.9/site-packages/airflow/example_dags/example_display_name.py for tasks to queue
[2024-04-14T15:48:48.586-0600] {logging_mixin.py:188} INFO - [2024-04-14T15:48:48.586-0600] {dagbag.py:540} INFO - Filling up the DagBag from /Users/felipejimenez/Desktop/AirFlow/.env/lib/python3.9/site-packages/airflow/example_dags/example_display_name.py
[2024-04-14T15:48:48.598-0600] {processor.py:840} INFO - DAG(s) 'example_display_name' retrieved from /Users/felipejimenez/Desktop/AirFlow/.env/lib/python3.9/site-packages/airflow/example_dags/example_display_name.py
[2024-04-14T15:48:48.628-0600] {logging_mixin.py:188} INFO - [2024-04-14T15:48:48.628-0600] {dag.py:3096} INFO - Sync 1 DAGs
[2024-04-14T15:48:48.648-0600] {logging_mixin.py:188} INFO - [2024-04-14T15:48:48.647-0600] {dag.py:3954} INFO - Setting next_dagrun for example_display_name to None, run_after=None
[2024-04-14T15:48:48.653-0600] {processor.py:183} INFO - Processing /Users/felipejimenez/Desktop/AirFlow/.env/lib/python3.9/site-packages/airflow/example_dags/example_display_name.py took 0.070 seconds
[2024-04-14T15:50:16.768-0600] {processor.py:161} INFO - Started process (PID=4720) to work on /Users/felipejimenez/Desktop/AirFlow/.env/lib/python3.9/site-packages/airflow/example_dags/example_display_name.py
[2024-04-14T15:50:16.770-0600] {processor.py:830} INFO - Processing file /Users/felipejimenez/Desktop/AirFlow/.env/lib/python3.9/site-packages/airflow/example_dags/example_display_name.py for tasks to queue
[2024-04-14T15:50:16.770-0600] {logging_mixin.py:188} INFO - [2024-04-14T15:50:16.770-0600] {dagbag.py:540} INFO - Filling up the DagBag from /Users/felipejimenez/Desktop/AirFlow/.env/lib/python3.9/site-packages/airflow/example_dags/example_display_name.py
[2024-04-14T15:50:16.782-0600] {processor.py:840} INFO - DAG(s) 'example_display_name' retrieved from /Users/felipejimenez/Desktop/AirFlow/.env/lib/python3.9/site-packages/airflow/example_dags/example_display_name.py
[2024-04-14T15:50:16.815-0600] {logging_mixin.py:188} INFO - [2024-04-14T15:50:16.814-0600] {dag.py:3096} INFO - Sync 1 DAGs
[2024-04-14T15:50:16.836-0600] {logging_mixin.py:188} INFO - [2024-04-14T15:50:16.836-0600] {dag.py:3954} INFO - Setting next_dagrun for example_display_name to None, run_after=None
[2024-04-14T15:50:16.842-0600] {processor.py:183} INFO - Processing /Users/felipejimenez/Desktop/AirFlow/.env/lib/python3.9/site-packages/airflow/example_dags/example_display_name.py took 0.075 seconds
[2024-04-14T15:51:47.226-0600] {processor.py:161} INFO - Started process (PID=4828) to work on /Users/felipejimenez/Desktop/AirFlow/.env/lib/python3.9/site-packages/airflow/example_dags/example_display_name.py
[2024-04-14T15:51:47.228-0600] {processor.py:830} INFO - Processing file /Users/felipejimenez/Desktop/AirFlow/.env/lib/python3.9/site-packages/airflow/example_dags/example_display_name.py for tasks to queue
[2024-04-14T15:51:47.228-0600] {logging_mixin.py:188} INFO - [2024-04-14T15:51:47.228-0600] {dagbag.py:540} INFO - Filling up the DagBag from /Users/felipejimenez/Desktop/AirFlow/.env/lib/python3.9/site-packages/airflow/example_dags/example_display_name.py
[2024-04-14T15:51:47.240-0600] {processor.py:840} INFO - DAG(s) 'example_display_name' retrieved from /Users/felipejimenez/Desktop/AirFlow/.env/lib/python3.9/site-packages/airflow/example_dags/example_display_name.py
[2024-04-14T15:51:47.272-0600] {logging_mixin.py:188} INFO - [2024-04-14T15:51:47.272-0600] {dag.py:3096} INFO - Sync 1 DAGs
[2024-04-14T15:51:47.293-0600] {logging_mixin.py:188} INFO - [2024-04-14T15:51:47.293-0600] {dag.py:3954} INFO - Setting next_dagrun for example_display_name to None, run_after=None
[2024-04-14T15:51:47.299-0600] {processor.py:183} INFO - Processing /Users/felipejimenez/Desktop/AirFlow/.env/lib/python3.9/site-packages/airflow/example_dags/example_display_name.py took 0.074 seconds
[2024-04-14T15:53:12.461-0600] {processor.py:161} INFO - Started process (PID=4982) to work on /Users/felipejimenez/Desktop/AirFlow/.env/lib/python3.9/site-packages/airflow/example_dags/example_display_name.py
[2024-04-14T15:53:12.463-0600] {processor.py:830} INFO - Processing file /Users/felipejimenez/Desktop/AirFlow/.env/lib/python3.9/site-packages/airflow/example_dags/example_display_name.py for tasks to queue
[2024-04-14T15:53:12.464-0600] {logging_mixin.py:188} INFO - [2024-04-14T15:53:12.464-0600] {dagbag.py:540} INFO - Filling up the DagBag from /Users/felipejimenez/Desktop/AirFlow/.env/lib/python3.9/site-packages/airflow/example_dags/example_display_name.py
[2024-04-14T15:53:12.476-0600] {processor.py:840} INFO - DAG(s) 'example_display_name' retrieved from /Users/felipejimenez/Desktop/AirFlow/.env/lib/python3.9/site-packages/airflow/example_dags/example_display_name.py
[2024-04-14T15:53:12.510-0600] {logging_mixin.py:188} INFO - [2024-04-14T15:53:12.510-0600] {dag.py:3096} INFO - Sync 1 DAGs
[2024-04-14T15:53:12.532-0600] {logging_mixin.py:188} INFO - [2024-04-14T15:53:12.532-0600] {dag.py:3954} INFO - Setting next_dagrun for example_display_name to None, run_after=None
[2024-04-14T15:53:12.538-0600] {processor.py:183} INFO - Processing /Users/felipejimenez/Desktop/AirFlow/.env/lib/python3.9/site-packages/airflow/example_dags/example_display_name.py took 0.078 seconds
[2024-04-14T15:54:41.321-0600] {processor.py:161} INFO - Started process (PID=5087) to work on /Users/felipejimenez/Desktop/AirFlow/.env/lib/python3.9/site-packages/airflow/example_dags/example_display_name.py
[2024-04-14T15:54:41.323-0600] {processor.py:830} INFO - Processing file /Users/felipejimenez/Desktop/AirFlow/.env/lib/python3.9/site-packages/airflow/example_dags/example_display_name.py for tasks to queue
[2024-04-14T15:54:41.324-0600] {logging_mixin.py:188} INFO - [2024-04-14T15:54:41.324-0600] {dagbag.py:540} INFO - Filling up the DagBag from /Users/felipejimenez/Desktop/AirFlow/.env/lib/python3.9/site-packages/airflow/example_dags/example_display_name.py
[2024-04-14T15:54:41.335-0600] {processor.py:840} INFO - DAG(s) 'example_display_name' retrieved from /Users/felipejimenez/Desktop/AirFlow/.env/lib/python3.9/site-packages/airflow/example_dags/example_display_name.py
[2024-04-14T15:54:41.366-0600] {logging_mixin.py:188} INFO - [2024-04-14T15:54:41.366-0600] {dag.py:3096} INFO - Sync 1 DAGs
[2024-04-14T15:54:41.386-0600] {logging_mixin.py:188} INFO - [2024-04-14T15:54:41.386-0600] {dag.py:3954} INFO - Setting next_dagrun for example_display_name to None, run_after=None
[2024-04-14T15:54:41.392-0600] {processor.py:183} INFO - Processing /Users/felipejimenez/Desktop/AirFlow/.env/lib/python3.9/site-packages/airflow/example_dags/example_display_name.py took 0.072 seconds
[2024-04-14T15:56:34.042-0600] {processor.py:161} INFO - Started process (PID=5250) to work on /Users/felipejimenez/Desktop/AirFlow/.env/lib/python3.9/site-packages/airflow/example_dags/example_display_name.py
[2024-04-14T15:56:34.044-0600] {processor.py:830} INFO - Processing file /Users/felipejimenez/Desktop/AirFlow/.env/lib/python3.9/site-packages/airflow/example_dags/example_display_name.py for tasks to queue
[2024-04-14T15:56:34.044-0600] {logging_mixin.py:188} INFO - [2024-04-14T15:56:34.044-0600] {dagbag.py:540} INFO - Filling up the DagBag from /Users/felipejimenez/Desktop/AirFlow/.env/lib/python3.9/site-packages/airflow/example_dags/example_display_name.py
[2024-04-14T15:56:34.057-0600] {processor.py:840} INFO - DAG(s) 'example_display_name' retrieved from /Users/felipejimenez/Desktop/AirFlow/.env/lib/python3.9/site-packages/airflow/example_dags/example_display_name.py
[2024-04-14T15:56:34.089-0600] {logging_mixin.py:188} INFO - [2024-04-14T15:56:34.089-0600] {dag.py:3096} INFO - Sync 1 DAGs
[2024-04-14T15:56:34.111-0600] {logging_mixin.py:188} INFO - [2024-04-14T15:56:34.111-0600] {dag.py:3954} INFO - Setting next_dagrun for example_display_name to None, run_after=None
[2024-04-14T15:56:34.116-0600] {processor.py:183} INFO - Processing /Users/felipejimenez/Desktop/AirFlow/.env/lib/python3.9/site-packages/airflow/example_dags/example_display_name.py took 0.075 seconds
[2024-04-14T15:57:58.563-0600] {processor.py:161} INFO - Started process (PID=5386) to work on /Users/felipejimenez/Desktop/AirFlow/.env/lib/python3.9/site-packages/airflow/example_dags/example_display_name.py
[2024-04-14T15:57:58.566-0600] {processor.py:830} INFO - Processing file /Users/felipejimenez/Desktop/AirFlow/.env/lib/python3.9/site-packages/airflow/example_dags/example_display_name.py for tasks to queue
[2024-04-14T15:57:58.567-0600] {logging_mixin.py:188} INFO - [2024-04-14T15:57:58.567-0600] {dagbag.py:540} INFO - Filling up the DagBag from /Users/felipejimenez/Desktop/AirFlow/.env/lib/python3.9/site-packages/airflow/example_dags/example_display_name.py
[2024-04-14T15:57:58.586-0600] {processor.py:840} INFO - DAG(s) 'example_display_name' retrieved from /Users/felipejimenez/Desktop/AirFlow/.env/lib/python3.9/site-packages/airflow/example_dags/example_display_name.py
[2024-04-14T15:57:58.636-0600] {logging_mixin.py:188} INFO - [2024-04-14T15:57:58.635-0600] {dag.py:3096} INFO - Sync 1 DAGs
[2024-04-14T15:57:58.662-0600] {logging_mixin.py:188} INFO - [2024-04-14T15:57:58.662-0600] {dag.py:3954} INFO - Setting next_dagrun for example_display_name to None, run_after=None
[2024-04-14T15:57:58.669-0600] {processor.py:183} INFO - Processing /Users/felipejimenez/Desktop/AirFlow/.env/lib/python3.9/site-packages/airflow/example_dags/example_display_name.py took 0.108 seconds
[2024-04-14T15:59:30.539-0600] {processor.py:161} INFO - Started process (PID=5511) to work on /Users/felipejimenez/Desktop/AirFlow/.env/lib/python3.9/site-packages/airflow/example_dags/example_display_name.py
[2024-04-14T15:59:30.540-0600] {processor.py:830} INFO - Processing file /Users/felipejimenez/Desktop/AirFlow/.env/lib/python3.9/site-packages/airflow/example_dags/example_display_name.py for tasks to queue
[2024-04-14T15:59:30.541-0600] {logging_mixin.py:188} INFO - [2024-04-14T15:59:30.541-0600] {dagbag.py:540} INFO - Filling up the DagBag from /Users/felipejimenez/Desktop/AirFlow/.env/lib/python3.9/site-packages/airflow/example_dags/example_display_name.py
[2024-04-14T15:59:30.553-0600] {processor.py:840} INFO - DAG(s) 'example_display_name' retrieved from /Users/felipejimenez/Desktop/AirFlow/.env/lib/python3.9/site-packages/airflow/example_dags/example_display_name.py
[2024-04-14T15:59:30.585-0600] {logging_mixin.py:188} INFO - [2024-04-14T15:59:30.585-0600] {dag.py:3096} INFO - Sync 1 DAGs
[2024-04-14T15:59:30.606-0600] {logging_mixin.py:188} INFO - [2024-04-14T15:59:30.606-0600] {dag.py:3954} INFO - Setting next_dagrun for example_display_name to None, run_after=None
[2024-04-14T15:59:30.611-0600] {processor.py:183} INFO - Processing /Users/felipejimenez/Desktop/AirFlow/.env/lib/python3.9/site-packages/airflow/example_dags/example_display_name.py took 0.074 seconds
[2024-04-14T16:00:56.851-0600] {processor.py:161} INFO - Started process (PID=5611) to work on /Users/felipejimenez/Desktop/AirFlow/.env/lib/python3.9/site-packages/airflow/example_dags/example_display_name.py
[2024-04-14T16:00:56.853-0600] {processor.py:830} INFO - Processing file /Users/felipejimenez/Desktop/AirFlow/.env/lib/python3.9/site-packages/airflow/example_dags/example_display_name.py for tasks to queue
[2024-04-14T16:00:56.854-0600] {logging_mixin.py:188} INFO - [2024-04-14T16:00:56.854-0600] {dagbag.py:540} INFO - Filling up the DagBag from /Users/felipejimenez/Desktop/AirFlow/.env/lib/python3.9/site-packages/airflow/example_dags/example_display_name.py
[2024-04-14T16:00:56.867-0600] {processor.py:840} INFO - DAG(s) 'example_display_name' retrieved from /Users/felipejimenez/Desktop/AirFlow/.env/lib/python3.9/site-packages/airflow/example_dags/example_display_name.py
[2024-04-14T16:00:56.899-0600] {logging_mixin.py:188} INFO - [2024-04-14T16:00:56.899-0600] {dag.py:3096} INFO - Sync 1 DAGs
[2024-04-14T16:00:56.923-0600] {logging_mixin.py:188} INFO - [2024-04-14T16:00:56.923-0600] {dag.py:3954} INFO - Setting next_dagrun for example_display_name to None, run_after=None
[2024-04-14T16:00:56.929-0600] {processor.py:183} INFO - Processing /Users/felipejimenez/Desktop/AirFlow/.env/lib/python3.9/site-packages/airflow/example_dags/example_display_name.py took 0.079 seconds
[2024-04-14T16:04:32.190-0600] {processor.py:161} INFO - Started process (PID=5937) to work on /Users/felipejimenez/Desktop/AirFlow/.env/lib/python3.9/site-packages/airflow/example_dags/example_display_name.py
[2024-04-14T16:04:32.192-0600] {processor.py:830} INFO - Processing file /Users/felipejimenez/Desktop/AirFlow/.env/lib/python3.9/site-packages/airflow/example_dags/example_display_name.py for tasks to queue
[2024-04-14T16:04:32.192-0600] {logging_mixin.py:188} INFO - [2024-04-14T16:04:32.192-0600] {dagbag.py:540} INFO - Filling up the DagBag from /Users/felipejimenez/Desktop/AirFlow/.env/lib/python3.9/site-packages/airflow/example_dags/example_display_name.py
[2024-04-14T16:04:32.204-0600] {processor.py:840} INFO - DAG(s) 'example_display_name' retrieved from /Users/felipejimenez/Desktop/AirFlow/.env/lib/python3.9/site-packages/airflow/example_dags/example_display_name.py
[2024-04-14T16:04:32.235-0600] {logging_mixin.py:188} INFO - [2024-04-14T16:04:32.235-0600] {dag.py:3096} INFO - Sync 1 DAGs
[2024-04-14T16:04:32.255-0600] {logging_mixin.py:188} INFO - [2024-04-14T16:04:32.255-0600] {dag.py:3954} INFO - Setting next_dagrun for example_display_name to None, run_after=None
[2024-04-14T16:04:32.261-0600] {processor.py:183} INFO - Processing /Users/felipejimenez/Desktop/AirFlow/.env/lib/python3.9/site-packages/airflow/example_dags/example_display_name.py took 0.072 seconds
[2024-04-14T16:06:03.444-0600] {processor.py:161} INFO - Started process (PID=6100) to work on /Users/felipejimenez/Desktop/AirFlow/.env/lib/python3.9/site-packages/airflow/example_dags/example_display_name.py
[2024-04-14T16:06:03.446-0600] {processor.py:830} INFO - Processing file /Users/felipejimenez/Desktop/AirFlow/.env/lib/python3.9/site-packages/airflow/example_dags/example_display_name.py for tasks to queue
[2024-04-14T16:06:03.446-0600] {logging_mixin.py:188} INFO - [2024-04-14T16:06:03.446-0600] {dagbag.py:540} INFO - Filling up the DagBag from /Users/felipejimenez/Desktop/AirFlow/.env/lib/python3.9/site-packages/airflow/example_dags/example_display_name.py
[2024-04-14T16:06:03.457-0600] {processor.py:840} INFO - DAG(s) 'example_display_name' retrieved from /Users/felipejimenez/Desktop/AirFlow/.env/lib/python3.9/site-packages/airflow/example_dags/example_display_name.py
[2024-04-14T16:06:03.488-0600] {logging_mixin.py:188} INFO - [2024-04-14T16:06:03.488-0600] {dag.py:3096} INFO - Sync 1 DAGs
[2024-04-14T16:06:03.508-0600] {logging_mixin.py:188} INFO - [2024-04-14T16:06:03.507-0600] {dag.py:3954} INFO - Setting next_dagrun for example_display_name to None, run_after=None
[2024-04-14T16:06:03.513-0600] {processor.py:183} INFO - Processing /Users/felipejimenez/Desktop/AirFlow/.env/lib/python3.9/site-packages/airflow/example_dags/example_display_name.py took 0.070 seconds
