[2024-04-14T15:43:08.716-0600] {processor.py:161} INFO - Started process (PID=4142) to work on /Users/felipejimenez/Desktop/AirFlow/.env/lib/python3.9/site-packages/airflow/example_dags/example_branch_datetime_operator.py
[2024-04-14T15:43:08.717-0600] {processor.py:830} INFO - Processing file /Users/felipejimenez/Desktop/AirFlow/.env/lib/python3.9/site-packages/airflow/example_dags/example_branch_datetime_operator.py for tasks to queue
[2024-04-14T15:43:08.717-0600] {logging_mixin.py:188} INFO - [2024-04-14T15:43:08.717-0600] {dagbag.py:540} INFO - Filling up the DagBag from /Users/felipejimenez/Desktop/AirFlow/.env/lib/python3.9/site-packages/airflow/example_dags/example_branch_datetime_operator.py
[2024-04-14T15:43:08.722-0600] {processor.py:840} INFO - DAG(s) 'example_branch_datetime_operator_2', 'example_branch_datetime_operator_3', 'example_branch_datetime_operator' retrieved from /Users/felipejimenez/Desktop/AirFlow/.env/lib/python3.9/site-packages/airflow/example_dags/example_branch_datetime_operator.py
[2024-04-14T15:43:08.800-0600] {logging_mixin.py:188} INFO - [2024-04-14T15:43:08.799-0600] {override.py:1829} INFO - Created Permission View: can delete on DAG:example_branch_datetime_operator_2
[2024-04-14T15:43:08.802-0600] {logging_mixin.py:188} INFO - [2024-04-14T15:43:08.802-0600] {override.py:1829} INFO - Created Permission View: can edit on DAG:example_branch_datetime_operator_2
[2024-04-14T15:43:08.804-0600] {logging_mixin.py:188} INFO - [2024-04-14T15:43:08.804-0600] {override.py:1829} INFO - Created Permission View: can read on DAG:example_branch_datetime_operator_2
[2024-04-14T15:43:08.807-0600] {logging_mixin.py:188} INFO - [2024-04-14T15:43:08.807-0600] {override.py:1829} INFO - Created Permission View: can delete on DAG:example_branch_datetime_operator_3
[2024-04-14T15:43:08.809-0600] {logging_mixin.py:188} INFO - [2024-04-14T15:43:08.809-0600] {override.py:1829} INFO - Created Permission View: can edit on DAG:example_branch_datetime_operator_3
[2024-04-14T15:43:08.810-0600] {logging_mixin.py:188} INFO - [2024-04-14T15:43:08.810-0600] {override.py:1829} INFO - Created Permission View: can read on DAG:example_branch_datetime_operator_3
[2024-04-14T15:43:08.813-0600] {logging_mixin.py:188} INFO - [2024-04-14T15:43:08.813-0600] {override.py:1829} INFO - Created Permission View: can delete on DAG:example_branch_datetime_operator
[2024-04-14T15:43:08.815-0600] {logging_mixin.py:188} INFO - [2024-04-14T15:43:08.815-0600] {override.py:1829} INFO - Created Permission View: can edit on DAG:example_branch_datetime_operator
[2024-04-14T15:43:08.816-0600] {logging_mixin.py:188} INFO - [2024-04-14T15:43:08.816-0600] {override.py:1829} INFO - Created Permission View: can read on DAG:example_branch_datetime_operator
[2024-04-14T15:43:08.816-0600] {logging_mixin.py:188} INFO - [2024-04-14T15:43:08.816-0600] {dag.py:3096} INFO - Sync 3 DAGs
[2024-04-14T15:43:08.819-0600] {logging_mixin.py:188} INFO - [2024-04-14T15:43:08.819-0600] {dag.py:3118} INFO - Creating ORM DAG for example_branch_datetime_operator
[2024-04-14T15:43:08.819-0600] {logging_mixin.py:188} INFO - [2024-04-14T15:43:08.819-0600] {dag.py:3118} INFO - Creating ORM DAG for example_branch_datetime_operator_3
[2024-04-14T15:43:08.819-0600] {logging_mixin.py:188} INFO - [2024-04-14T15:43:08.819-0600] {dag.py:3118} INFO - Creating ORM DAG for example_branch_datetime_operator_2
[2024-04-14T15:43:08.822-0600] {logging_mixin.py:188} INFO - [2024-04-14T15:43:08.822-0600] {dag.py:3954} INFO - Setting next_dagrun for example_branch_datetime_operator to 2024-04-13 00:00:00+00:00, run_after=2024-04-14 00:00:00+00:00
[2024-04-14T15:43:08.823-0600] {logging_mixin.py:188} INFO - [2024-04-14T15:43:08.823-0600] {dag.py:3954} INFO - Setting next_dagrun for example_branch_datetime_operator_2 to 2024-04-13 00:00:00+00:00, run_after=2024-04-14 00:00:00+00:00
[2024-04-14T15:43:08.823-0600] {logging_mixin.py:188} INFO - [2024-04-14T15:43:08.823-0600] {dag.py:3954} INFO - Setting next_dagrun for example_branch_datetime_operator_3 to 2024-04-13 00:00:00+00:00, run_after=2024-04-14 00:00:00+00:00
[2024-04-14T15:43:08.828-0600] {processor.py:183} INFO - Processing /Users/felipejimenez/Desktop/AirFlow/.env/lib/python3.9/site-packages/airflow/example_dags/example_branch_datetime_operator.py took 0.113 seconds
[2024-04-14T15:44:35.717-0600] {processor.py:161} INFO - Started process (PID=4245) to work on /Users/felipejimenez/Desktop/AirFlow/.env/lib/python3.9/site-packages/airflow/example_dags/example_branch_datetime_operator.py
[2024-04-14T15:44:35.719-0600] {processor.py:830} INFO - Processing file /Users/felipejimenez/Desktop/AirFlow/.env/lib/python3.9/site-packages/airflow/example_dags/example_branch_datetime_operator.py for tasks to queue
[2024-04-14T15:44:35.719-0600] {logging_mixin.py:188} INFO - [2024-04-14T15:44:35.719-0600] {dagbag.py:540} INFO - Filling up the DagBag from /Users/felipejimenez/Desktop/AirFlow/.env/lib/python3.9/site-packages/airflow/example_dags/example_branch_datetime_operator.py
[2024-04-14T15:44:35.724-0600] {processor.py:840} INFO - DAG(s) 'example_branch_datetime_operator', 'example_branch_datetime_operator_3', 'example_branch_datetime_operator_2' retrieved from /Users/felipejimenez/Desktop/AirFlow/.env/lib/python3.9/site-packages/airflow/example_dags/example_branch_datetime_operator.py
[2024-04-14T15:44:35.758-0600] {logging_mixin.py:188} INFO - [2024-04-14T15:44:35.758-0600] {dag.py:3096} INFO - Sync 3 DAGs
[2024-04-14T15:44:35.764-0600] {logging_mixin.py:188} INFO - [2024-04-14T15:44:35.764-0600] {dag.py:3954} INFO - Setting next_dagrun for example_branch_datetime_operator to 2024-04-13 00:00:00+00:00, run_after=2024-04-14 00:00:00+00:00
[2024-04-14T15:44:35.765-0600] {logging_mixin.py:188} INFO - [2024-04-14T15:44:35.765-0600] {dag.py:3954} INFO - Setting next_dagrun for example_branch_datetime_operator_2 to 2024-04-13 00:00:00+00:00, run_after=2024-04-14 00:00:00+00:00
[2024-04-14T15:44:35.766-0600] {logging_mixin.py:188} INFO - [2024-04-14T15:44:35.766-0600] {dag.py:3954} INFO - Setting next_dagrun for example_branch_datetime_operator_3 to 2024-04-13 00:00:00+00:00, run_after=2024-04-14 00:00:00+00:00
[2024-04-14T15:44:35.792-0600] {processor.py:183} INFO - Processing /Users/felipejimenez/Desktop/AirFlow/.env/lib/python3.9/site-packages/airflow/example_dags/example_branch_datetime_operator.py took 0.075 seconds
[2024-04-14T15:46:02.298-0600] {processor.py:161} INFO - Started process (PID=4351) to work on /Users/felipejimenez/Desktop/AirFlow/.env/lib/python3.9/site-packages/airflow/example_dags/example_branch_datetime_operator.py
[2024-04-14T15:46:02.300-0600] {processor.py:830} INFO - Processing file /Users/felipejimenez/Desktop/AirFlow/.env/lib/python3.9/site-packages/airflow/example_dags/example_branch_datetime_operator.py for tasks to queue
[2024-04-14T15:46:02.300-0600] {logging_mixin.py:188} INFO - [2024-04-14T15:46:02.300-0600] {dagbag.py:540} INFO - Filling up the DagBag from /Users/felipejimenez/Desktop/AirFlow/.env/lib/python3.9/site-packages/airflow/example_dags/example_branch_datetime_operator.py
[2024-04-14T15:46:02.304-0600] {processor.py:840} INFO - DAG(s) 'example_branch_datetime_operator_3', 'example_branch_datetime_operator', 'example_branch_datetime_operator_2' retrieved from /Users/felipejimenez/Desktop/AirFlow/.env/lib/python3.9/site-packages/airflow/example_dags/example_branch_datetime_operator.py
[2024-04-14T15:46:02.337-0600] {logging_mixin.py:188} INFO - [2024-04-14T15:46:02.337-0600] {dag.py:3096} INFO - Sync 3 DAGs
[2024-04-14T15:46:02.342-0600] {logging_mixin.py:188} INFO - [2024-04-14T15:46:02.342-0600] {dag.py:3954} INFO - Setting next_dagrun for example_branch_datetime_operator to 2024-04-13 00:00:00+00:00, run_after=2024-04-14 00:00:00+00:00
[2024-04-14T15:46:02.344-0600] {logging_mixin.py:188} INFO - [2024-04-14T15:46:02.344-0600] {dag.py:3954} INFO - Setting next_dagrun for example_branch_datetime_operator_2 to 2024-04-13 00:00:00+00:00, run_after=2024-04-14 00:00:00+00:00
[2024-04-14T15:46:02.344-0600] {logging_mixin.py:188} INFO - [2024-04-14T15:46:02.344-0600] {dag.py:3954} INFO - Setting next_dagrun for example_branch_datetime_operator_3 to 2024-04-13 00:00:00+00:00, run_after=2024-04-14 00:00:00+00:00
[2024-04-14T15:46:02.366-0600] {processor.py:183} INFO - Processing /Users/felipejimenez/Desktop/AirFlow/.env/lib/python3.9/site-packages/airflow/example_dags/example_branch_datetime_operator.py took 0.070 seconds
[2024-04-14T15:47:31.068-0600] {processor.py:161} INFO - Started process (PID=4455) to work on /Users/felipejimenez/Desktop/AirFlow/.env/lib/python3.9/site-packages/airflow/example_dags/example_branch_datetime_operator.py
[2024-04-14T15:47:31.070-0600] {processor.py:830} INFO - Processing file /Users/felipejimenez/Desktop/AirFlow/.env/lib/python3.9/site-packages/airflow/example_dags/example_branch_datetime_operator.py for tasks to queue
[2024-04-14T15:47:31.070-0600] {logging_mixin.py:188} INFO - [2024-04-14T15:47:31.070-0600] {dagbag.py:540} INFO - Filling up the DagBag from /Users/felipejimenez/Desktop/AirFlow/.env/lib/python3.9/site-packages/airflow/example_dags/example_branch_datetime_operator.py
[2024-04-14T15:47:31.075-0600] {processor.py:840} INFO - DAG(s) 'example_branch_datetime_operator_2', 'example_branch_datetime_operator', 'example_branch_datetime_operator_3' retrieved from /Users/felipejimenez/Desktop/AirFlow/.env/lib/python3.9/site-packages/airflow/example_dags/example_branch_datetime_operator.py
[2024-04-14T15:47:31.109-0600] {logging_mixin.py:188} INFO - [2024-04-14T15:47:31.109-0600] {dag.py:3096} INFO - Sync 3 DAGs
[2024-04-14T15:47:31.115-0600] {logging_mixin.py:188} INFO - [2024-04-14T15:47:31.115-0600] {dag.py:3954} INFO - Setting next_dagrun for example_branch_datetime_operator to 2024-04-13 00:00:00+00:00, run_after=2024-04-14 00:00:00+00:00
[2024-04-14T15:47:31.116-0600] {logging_mixin.py:188} INFO - [2024-04-14T15:47:31.116-0600] {dag.py:3954} INFO - Setting next_dagrun for example_branch_datetime_operator_2 to 2024-04-13 00:00:00+00:00, run_after=2024-04-14 00:00:00+00:00
[2024-04-14T15:47:31.117-0600] {logging_mixin.py:188} INFO - [2024-04-14T15:47:31.117-0600] {dag.py:3954} INFO - Setting next_dagrun for example_branch_datetime_operator_3 to 2024-04-13 00:00:00+00:00, run_after=2024-04-14 00:00:00+00:00
[2024-04-14T15:47:31.142-0600] {processor.py:183} INFO - Processing /Users/felipejimenez/Desktop/AirFlow/.env/lib/python3.9/site-packages/airflow/example_dags/example_branch_datetime_operator.py took 0.074 seconds
[2024-04-14T15:49:02.492-0600] {processor.py:161} INFO - Started process (PID=4620) to work on /Users/felipejimenez/Desktop/AirFlow/.env/lib/python3.9/site-packages/airflow/example_dags/example_branch_datetime_operator.py
[2024-04-14T15:49:02.494-0600] {processor.py:830} INFO - Processing file /Users/felipejimenez/Desktop/AirFlow/.env/lib/python3.9/site-packages/airflow/example_dags/example_branch_datetime_operator.py for tasks to queue
[2024-04-14T15:49:02.494-0600] {logging_mixin.py:188} INFO - [2024-04-14T15:49:02.494-0600] {dagbag.py:540} INFO - Filling up the DagBag from /Users/felipejimenez/Desktop/AirFlow/.env/lib/python3.9/site-packages/airflow/example_dags/example_branch_datetime_operator.py
[2024-04-14T15:49:02.499-0600] {processor.py:840} INFO - DAG(s) 'example_branch_datetime_operator', 'example_branch_datetime_operator_3', 'example_branch_datetime_operator_2' retrieved from /Users/felipejimenez/Desktop/AirFlow/.env/lib/python3.9/site-packages/airflow/example_dags/example_branch_datetime_operator.py
[2024-04-14T15:49:02.532-0600] {logging_mixin.py:188} INFO - [2024-04-14T15:49:02.532-0600] {dag.py:3096} INFO - Sync 3 DAGs
[2024-04-14T15:49:02.538-0600] {logging_mixin.py:188} INFO - [2024-04-14T15:49:02.538-0600] {dag.py:3954} INFO - Setting next_dagrun for example_branch_datetime_operator to 2024-04-13 00:00:00+00:00, run_after=2024-04-14 00:00:00+00:00
[2024-04-14T15:49:02.539-0600] {logging_mixin.py:188} INFO - [2024-04-14T15:49:02.539-0600] {dag.py:3954} INFO - Setting next_dagrun for example_branch_datetime_operator_2 to 2024-04-13 00:00:00+00:00, run_after=2024-04-14 00:00:00+00:00
[2024-04-14T15:49:02.540-0600] {logging_mixin.py:188} INFO - [2024-04-14T15:49:02.540-0600] {dag.py:3954} INFO - Setting next_dagrun for example_branch_datetime_operator_3 to 2024-04-13 00:00:00+00:00, run_after=2024-04-14 00:00:00+00:00
[2024-04-14T15:49:02.562-0600] {processor.py:183} INFO - Processing /Users/felipejimenez/Desktop/AirFlow/.env/lib/python3.9/site-packages/airflow/example_dags/example_branch_datetime_operator.py took 0.071 seconds
[2024-04-14T15:50:29.262-0600] {processor.py:161} INFO - Started process (PID=4733) to work on /Users/felipejimenez/Desktop/AirFlow/.env/lib/python3.9/site-packages/airflow/example_dags/example_branch_datetime_operator.py
[2024-04-14T15:50:29.264-0600] {processor.py:830} INFO - Processing file /Users/felipejimenez/Desktop/AirFlow/.env/lib/python3.9/site-packages/airflow/example_dags/example_branch_datetime_operator.py for tasks to queue
[2024-04-14T15:50:29.264-0600] {logging_mixin.py:188} INFO - [2024-04-14T15:50:29.264-0600] {dagbag.py:540} INFO - Filling up the DagBag from /Users/felipejimenez/Desktop/AirFlow/.env/lib/python3.9/site-packages/airflow/example_dags/example_branch_datetime_operator.py
[2024-04-14T15:50:29.268-0600] {processor.py:840} INFO - DAG(s) 'example_branch_datetime_operator_2', 'example_branch_datetime_operator_3', 'example_branch_datetime_operator' retrieved from /Users/felipejimenez/Desktop/AirFlow/.env/lib/python3.9/site-packages/airflow/example_dags/example_branch_datetime_operator.py
[2024-04-14T15:50:29.304-0600] {logging_mixin.py:188} INFO - [2024-04-14T15:50:29.304-0600] {dag.py:3096} INFO - Sync 3 DAGs
[2024-04-14T15:50:29.310-0600] {logging_mixin.py:188} INFO - [2024-04-14T15:50:29.310-0600] {dag.py:3954} INFO - Setting next_dagrun for example_branch_datetime_operator to 2024-04-13 00:00:00+00:00, run_after=2024-04-14 00:00:00+00:00
[2024-04-14T15:50:29.311-0600] {logging_mixin.py:188} INFO - [2024-04-14T15:50:29.311-0600] {dag.py:3954} INFO - Setting next_dagrun for example_branch_datetime_operator_2 to 2024-04-13 00:00:00+00:00, run_after=2024-04-14 00:00:00+00:00
[2024-04-14T15:50:29.312-0600] {logging_mixin.py:188} INFO - [2024-04-14T15:50:29.312-0600] {dag.py:3954} INFO - Setting next_dagrun for example_branch_datetime_operator_3 to 2024-04-13 00:00:00+00:00, run_after=2024-04-14 00:00:00+00:00
[2024-04-14T15:50:29.335-0600] {processor.py:183} INFO - Processing /Users/felipejimenez/Desktop/AirFlow/.env/lib/python3.9/site-packages/airflow/example_dags/example_branch_datetime_operator.py took 0.074 seconds
[2024-04-14T15:52:00.083-0600] {processor.py:161} INFO - Started process (PID=4848) to work on /Users/felipejimenez/Desktop/AirFlow/.env/lib/python3.9/site-packages/airflow/example_dags/example_branch_datetime_operator.py
[2024-04-14T15:52:00.084-0600] {processor.py:830} INFO - Processing file /Users/felipejimenez/Desktop/AirFlow/.env/lib/python3.9/site-packages/airflow/example_dags/example_branch_datetime_operator.py for tasks to queue
[2024-04-14T15:52:00.084-0600] {logging_mixin.py:188} INFO - [2024-04-14T15:52:00.084-0600] {dagbag.py:540} INFO - Filling up the DagBag from /Users/felipejimenez/Desktop/AirFlow/.env/lib/python3.9/site-packages/airflow/example_dags/example_branch_datetime_operator.py
[2024-04-14T15:52:00.089-0600] {processor.py:840} INFO - DAG(s) 'example_branch_datetime_operator_2', 'example_branch_datetime_operator_3', 'example_branch_datetime_operator' retrieved from /Users/felipejimenez/Desktop/AirFlow/.env/lib/python3.9/site-packages/airflow/example_dags/example_branch_datetime_operator.py
[2024-04-14T15:52:00.123-0600] {logging_mixin.py:188} INFO - [2024-04-14T15:52:00.123-0600] {dag.py:3096} INFO - Sync 3 DAGs
[2024-04-14T15:52:00.129-0600] {logging_mixin.py:188} INFO - [2024-04-14T15:52:00.129-0600] {dag.py:3954} INFO - Setting next_dagrun for example_branch_datetime_operator to 2024-04-13 00:00:00+00:00, run_after=2024-04-14 00:00:00+00:00
[2024-04-14T15:52:00.130-0600] {logging_mixin.py:188} INFO - [2024-04-14T15:52:00.130-0600] {dag.py:3954} INFO - Setting next_dagrun for example_branch_datetime_operator_2 to 2024-04-13 00:00:00+00:00, run_after=2024-04-14 00:00:00+00:00
[2024-04-14T15:52:00.131-0600] {logging_mixin.py:188} INFO - [2024-04-14T15:52:00.131-0600] {dag.py:3954} INFO - Setting next_dagrun for example_branch_datetime_operator_3 to 2024-04-13 00:00:00+00:00, run_after=2024-04-14 00:00:00+00:00
[2024-04-14T15:52:00.155-0600] {processor.py:183} INFO - Processing /Users/felipejimenez/Desktop/AirFlow/.env/lib/python3.9/site-packages/airflow/example_dags/example_branch_datetime_operator.py took 0.073 seconds
[2024-04-14T15:53:25.432-0600] {processor.py:161} INFO - Started process (PID=4999) to work on /Users/felipejimenez/Desktop/AirFlow/.env/lib/python3.9/site-packages/airflow/example_dags/example_branch_datetime_operator.py
[2024-04-14T15:53:25.434-0600] {processor.py:830} INFO - Processing file /Users/felipejimenez/Desktop/AirFlow/.env/lib/python3.9/site-packages/airflow/example_dags/example_branch_datetime_operator.py for tasks to queue
[2024-04-14T15:53:25.434-0600] {logging_mixin.py:188} INFO - [2024-04-14T15:53:25.434-0600] {dagbag.py:540} INFO - Filling up the DagBag from /Users/felipejimenez/Desktop/AirFlow/.env/lib/python3.9/site-packages/airflow/example_dags/example_branch_datetime_operator.py
[2024-04-14T15:53:25.439-0600] {processor.py:840} INFO - DAG(s) 'example_branch_datetime_operator_3', 'example_branch_datetime_operator_2', 'example_branch_datetime_operator' retrieved from /Users/felipejimenez/Desktop/AirFlow/.env/lib/python3.9/site-packages/airflow/example_dags/example_branch_datetime_operator.py
[2024-04-14T15:53:25.474-0600] {logging_mixin.py:188} INFO - [2024-04-14T15:53:25.474-0600] {dag.py:3096} INFO - Sync 3 DAGs
[2024-04-14T15:53:25.480-0600] {logging_mixin.py:188} INFO - [2024-04-14T15:53:25.480-0600] {dag.py:3954} INFO - Setting next_dagrun for example_branch_datetime_operator to 2024-04-13 00:00:00+00:00, run_after=2024-04-14 00:00:00+00:00
[2024-04-14T15:53:25.481-0600] {logging_mixin.py:188} INFO - [2024-04-14T15:53:25.481-0600] {dag.py:3954} INFO - Setting next_dagrun for example_branch_datetime_operator_2 to 2024-04-13 00:00:00+00:00, run_after=2024-04-14 00:00:00+00:00
[2024-04-14T15:53:25.482-0600] {logging_mixin.py:188} INFO - [2024-04-14T15:53:25.482-0600] {dag.py:3954} INFO - Setting next_dagrun for example_branch_datetime_operator_3 to 2024-04-13 00:00:00+00:00, run_after=2024-04-14 00:00:00+00:00
[2024-04-14T15:53:25.504-0600] {processor.py:183} INFO - Processing /Users/felipejimenez/Desktop/AirFlow/.env/lib/python3.9/site-packages/airflow/example_dags/example_branch_datetime_operator.py took 0.073 seconds
[2024-04-14T15:54:53.578-0600] {processor.py:161} INFO - Started process (PID=5100) to work on /Users/felipejimenez/Desktop/AirFlow/.env/lib/python3.9/site-packages/airflow/example_dags/example_branch_datetime_operator.py
[2024-04-14T15:54:53.579-0600] {processor.py:830} INFO - Processing file /Users/felipejimenez/Desktop/AirFlow/.env/lib/python3.9/site-packages/airflow/example_dags/example_branch_datetime_operator.py for tasks to queue
[2024-04-14T15:54:53.580-0600] {logging_mixin.py:188} INFO - [2024-04-14T15:54:53.580-0600] {dagbag.py:540} INFO - Filling up the DagBag from /Users/felipejimenez/Desktop/AirFlow/.env/lib/python3.9/site-packages/airflow/example_dags/example_branch_datetime_operator.py
[2024-04-14T15:54:53.584-0600] {processor.py:840} INFO - DAG(s) 'example_branch_datetime_operator_3', 'example_branch_datetime_operator', 'example_branch_datetime_operator_2' retrieved from /Users/felipejimenez/Desktop/AirFlow/.env/lib/python3.9/site-packages/airflow/example_dags/example_branch_datetime_operator.py
[2024-04-14T15:54:53.622-0600] {logging_mixin.py:188} INFO - [2024-04-14T15:54:53.622-0600] {dag.py:3096} INFO - Sync 3 DAGs
[2024-04-14T15:54:53.628-0600] {logging_mixin.py:188} INFO - [2024-04-14T15:54:53.628-0600] {dag.py:3954} INFO - Setting next_dagrun for example_branch_datetime_operator to 2024-04-13 00:00:00+00:00, run_after=2024-04-14 00:00:00+00:00
[2024-04-14T15:54:53.629-0600] {logging_mixin.py:188} INFO - [2024-04-14T15:54:53.629-0600] {dag.py:3954} INFO - Setting next_dagrun for example_branch_datetime_operator_2 to 2024-04-13 00:00:00+00:00, run_after=2024-04-14 00:00:00+00:00
[2024-04-14T15:54:53.630-0600] {logging_mixin.py:188} INFO - [2024-04-14T15:54:53.630-0600] {dag.py:3954} INFO - Setting next_dagrun for example_branch_datetime_operator_3 to 2024-04-13 00:00:00+00:00, run_after=2024-04-14 00:00:00+00:00
[2024-04-14T15:54:53.652-0600] {processor.py:183} INFO - Processing /Users/felipejimenez/Desktop/AirFlow/.env/lib/python3.9/site-packages/airflow/example_dags/example_branch_datetime_operator.py took 0.075 seconds
[2024-04-14T15:56:46.878-0600] {processor.py:161} INFO - Started process (PID=5273) to work on /Users/felipejimenez/Desktop/AirFlow/.env/lib/python3.9/site-packages/airflow/example_dags/example_branch_datetime_operator.py
[2024-04-14T15:56:46.879-0600] {processor.py:830} INFO - Processing file /Users/felipejimenez/Desktop/AirFlow/.env/lib/python3.9/site-packages/airflow/example_dags/example_branch_datetime_operator.py for tasks to queue
[2024-04-14T15:56:46.880-0600] {logging_mixin.py:188} INFO - [2024-04-14T15:56:46.880-0600] {dagbag.py:540} INFO - Filling up the DagBag from /Users/felipejimenez/Desktop/AirFlow/.env/lib/python3.9/site-packages/airflow/example_dags/example_branch_datetime_operator.py
[2024-04-14T15:56:46.884-0600] {processor.py:840} INFO - DAG(s) 'example_branch_datetime_operator_2', 'example_branch_datetime_operator_3', 'example_branch_datetime_operator' retrieved from /Users/felipejimenez/Desktop/AirFlow/.env/lib/python3.9/site-packages/airflow/example_dags/example_branch_datetime_operator.py
[2024-04-14T15:56:46.918-0600] {logging_mixin.py:188} INFO - [2024-04-14T15:56:46.918-0600] {dag.py:3096} INFO - Sync 3 DAGs
[2024-04-14T15:56:46.924-0600] {logging_mixin.py:188} INFO - [2024-04-14T15:56:46.924-0600] {dag.py:3954} INFO - Setting next_dagrun for example_branch_datetime_operator to 2024-04-13 00:00:00+00:00, run_after=2024-04-14 00:00:00+00:00
[2024-04-14T15:56:46.925-0600] {logging_mixin.py:188} INFO - [2024-04-14T15:56:46.925-0600] {dag.py:3954} INFO - Setting next_dagrun for example_branch_datetime_operator_2 to 2024-04-13 00:00:00+00:00, run_after=2024-04-14 00:00:00+00:00
[2024-04-14T15:56:46.926-0600] {logging_mixin.py:188} INFO - [2024-04-14T15:56:46.925-0600] {dag.py:3954} INFO - Setting next_dagrun for example_branch_datetime_operator_3 to 2024-04-13 00:00:00+00:00, run_after=2024-04-14 00:00:00+00:00
[2024-04-14T15:56:46.947-0600] {processor.py:183} INFO - Processing /Users/felipejimenez/Desktop/AirFlow/.env/lib/python3.9/site-packages/airflow/example_dags/example_branch_datetime_operator.py took 0.070 seconds
[2024-04-14T15:58:12.515-0600] {processor.py:161} INFO - Started process (PID=5407) to work on /Users/felipejimenez/Desktop/AirFlow/.env/lib/python3.9/site-packages/airflow/example_dags/example_branch_datetime_operator.py
[2024-04-14T15:58:12.517-0600] {processor.py:830} INFO - Processing file /Users/felipejimenez/Desktop/AirFlow/.env/lib/python3.9/site-packages/airflow/example_dags/example_branch_datetime_operator.py for tasks to queue
[2024-04-14T15:58:12.517-0600] {logging_mixin.py:188} INFO - [2024-04-14T15:58:12.517-0600] {dagbag.py:540} INFO - Filling up the DagBag from /Users/felipejimenez/Desktop/AirFlow/.env/lib/python3.9/site-packages/airflow/example_dags/example_branch_datetime_operator.py
[2024-04-14T15:58:12.521-0600] {processor.py:840} INFO - DAG(s) 'example_branch_datetime_operator', 'example_branch_datetime_operator_3', 'example_branch_datetime_operator_2' retrieved from /Users/felipejimenez/Desktop/AirFlow/.env/lib/python3.9/site-packages/airflow/example_dags/example_branch_datetime_operator.py
[2024-04-14T15:58:12.555-0600] {logging_mixin.py:188} INFO - [2024-04-14T15:58:12.555-0600] {dag.py:3096} INFO - Sync 3 DAGs
[2024-04-14T15:58:12.561-0600] {logging_mixin.py:188} INFO - [2024-04-14T15:58:12.561-0600] {dag.py:3954} INFO - Setting next_dagrun for example_branch_datetime_operator to 2024-04-13 00:00:00+00:00, run_after=2024-04-14 00:00:00+00:00
[2024-04-14T15:58:12.562-0600] {logging_mixin.py:188} INFO - [2024-04-14T15:58:12.562-0600] {dag.py:3954} INFO - Setting next_dagrun for example_branch_datetime_operator_2 to 2024-04-13 00:00:00+00:00, run_after=2024-04-14 00:00:00+00:00
[2024-04-14T15:58:12.563-0600] {logging_mixin.py:188} INFO - [2024-04-14T15:58:12.563-0600] {dag.py:3954} INFO - Setting next_dagrun for example_branch_datetime_operator_3 to 2024-04-13 00:00:00+00:00, run_after=2024-04-14 00:00:00+00:00
[2024-04-14T15:58:12.586-0600] {processor.py:183} INFO - Processing /Users/felipejimenez/Desktop/AirFlow/.env/lib/python3.9/site-packages/airflow/example_dags/example_branch_datetime_operator.py took 0.071 seconds
[2024-04-14T15:59:42.923-0600] {processor.py:161} INFO - Started process (PID=5526) to work on /Users/felipejimenez/Desktop/AirFlow/.env/lib/python3.9/site-packages/airflow/example_dags/example_branch_datetime_operator.py
[2024-04-14T15:59:42.925-0600] {processor.py:830} INFO - Processing file /Users/felipejimenez/Desktop/AirFlow/.env/lib/python3.9/site-packages/airflow/example_dags/example_branch_datetime_operator.py for tasks to queue
[2024-04-14T15:59:42.925-0600] {logging_mixin.py:188} INFO - [2024-04-14T15:59:42.925-0600] {dagbag.py:540} INFO - Filling up the DagBag from /Users/felipejimenez/Desktop/AirFlow/.env/lib/python3.9/site-packages/airflow/example_dags/example_branch_datetime_operator.py
[2024-04-14T15:59:42.930-0600] {processor.py:840} INFO - DAG(s) 'example_branch_datetime_operator_2', 'example_branch_datetime_operator_3', 'example_branch_datetime_operator' retrieved from /Users/felipejimenez/Desktop/AirFlow/.env/lib/python3.9/site-packages/airflow/example_dags/example_branch_datetime_operator.py
[2024-04-14T15:59:42.963-0600] {logging_mixin.py:188} INFO - [2024-04-14T15:59:42.963-0600] {dag.py:3096} INFO - Sync 3 DAGs
[2024-04-14T15:59:42.968-0600] {logging_mixin.py:188} INFO - [2024-04-14T15:59:42.968-0600] {dag.py:3954} INFO - Setting next_dagrun for example_branch_datetime_operator to 2024-04-13 00:00:00+00:00, run_after=2024-04-14 00:00:00+00:00
[2024-04-14T15:59:42.970-0600] {logging_mixin.py:188} INFO - [2024-04-14T15:59:42.970-0600] {dag.py:3954} INFO - Setting next_dagrun for example_branch_datetime_operator_2 to 2024-04-13 00:00:00+00:00, run_after=2024-04-14 00:00:00+00:00
[2024-04-14T15:59:42.970-0600] {logging_mixin.py:188} INFO - [2024-04-14T15:59:42.970-0600] {dag.py:3954} INFO - Setting next_dagrun for example_branch_datetime_operator_3 to 2024-04-13 00:00:00+00:00, run_after=2024-04-14 00:00:00+00:00
[2024-04-14T15:59:42.992-0600] {processor.py:183} INFO - Processing /Users/felipejimenez/Desktop/AirFlow/.env/lib/python3.9/site-packages/airflow/example_dags/example_branch_datetime_operator.py took 0.069 seconds
[2024-04-14T16:01:09.775-0600] {processor.py:161} INFO - Started process (PID=5625) to work on /Users/felipejimenez/Desktop/AirFlow/.env/lib/python3.9/site-packages/airflow/example_dags/example_branch_datetime_operator.py
[2024-04-14T16:01:09.777-0600] {processor.py:830} INFO - Processing file /Users/felipejimenez/Desktop/AirFlow/.env/lib/python3.9/site-packages/airflow/example_dags/example_branch_datetime_operator.py for tasks to queue
[2024-04-14T16:01:09.777-0600] {logging_mixin.py:188} INFO - [2024-04-14T16:01:09.777-0600] {dagbag.py:540} INFO - Filling up the DagBag from /Users/felipejimenez/Desktop/AirFlow/.env/lib/python3.9/site-packages/airflow/example_dags/example_branch_datetime_operator.py
[2024-04-14T16:01:09.782-0600] {processor.py:840} INFO - DAG(s) 'example_branch_datetime_operator', 'example_branch_datetime_operator_2', 'example_branch_datetime_operator_3' retrieved from /Users/felipejimenez/Desktop/AirFlow/.env/lib/python3.9/site-packages/airflow/example_dags/example_branch_datetime_operator.py
[2024-04-14T16:01:09.817-0600] {logging_mixin.py:188} INFO - [2024-04-14T16:01:09.817-0600] {dag.py:3096} INFO - Sync 3 DAGs
[2024-04-14T16:01:09.822-0600] {logging_mixin.py:188} INFO - [2024-04-14T16:01:09.822-0600] {dag.py:3954} INFO - Setting next_dagrun for example_branch_datetime_operator to 2024-04-13 00:00:00+00:00, run_after=2024-04-14 00:00:00+00:00
[2024-04-14T16:01:09.824-0600] {logging_mixin.py:188} INFO - [2024-04-14T16:01:09.824-0600] {dag.py:3954} INFO - Setting next_dagrun for example_branch_datetime_operator_2 to 2024-04-13 00:00:00+00:00, run_after=2024-04-14 00:00:00+00:00
[2024-04-14T16:01:09.824-0600] {logging_mixin.py:188} INFO - [2024-04-14T16:01:09.824-0600] {dag.py:3954} INFO - Setting next_dagrun for example_branch_datetime_operator_3 to 2024-04-13 00:00:00+00:00, run_after=2024-04-14 00:00:00+00:00
[2024-04-14T16:01:09.847-0600] {processor.py:183} INFO - Processing /Users/felipejimenez/Desktop/AirFlow/.env/lib/python3.9/site-packages/airflow/example_dags/example_branch_datetime_operator.py took 0.074 seconds
[2024-04-14T16:04:44.983-0600] {processor.py:161} INFO - Started process (PID=5953) to work on /Users/felipejimenez/Desktop/AirFlow/.env/lib/python3.9/site-packages/airflow/example_dags/example_branch_datetime_operator.py
[2024-04-14T16:04:44.985-0600] {processor.py:830} INFO - Processing file /Users/felipejimenez/Desktop/AirFlow/.env/lib/python3.9/site-packages/airflow/example_dags/example_branch_datetime_operator.py for tasks to queue
[2024-04-14T16:04:44.985-0600] {logging_mixin.py:188} INFO - [2024-04-14T16:04:44.985-0600] {dagbag.py:540} INFO - Filling up the DagBag from /Users/felipejimenez/Desktop/AirFlow/.env/lib/python3.9/site-packages/airflow/example_dags/example_branch_datetime_operator.py
[2024-04-14T16:04:44.989-0600] {processor.py:840} INFO - DAG(s) 'example_branch_datetime_operator_2', 'example_branch_datetime_operator', 'example_branch_datetime_operator_3' retrieved from /Users/felipejimenez/Desktop/AirFlow/.env/lib/python3.9/site-packages/airflow/example_dags/example_branch_datetime_operator.py
[2024-04-14T16:04:45.023-0600] {logging_mixin.py:188} INFO - [2024-04-14T16:04:45.023-0600] {dag.py:3096} INFO - Sync 3 DAGs
[2024-04-14T16:04:45.028-0600] {logging_mixin.py:188} INFO - [2024-04-14T16:04:45.028-0600] {dag.py:3954} INFO - Setting next_dagrun for example_branch_datetime_operator to 2024-04-13 00:00:00+00:00, run_after=2024-04-14 00:00:00+00:00
[2024-04-14T16:04:45.030-0600] {logging_mixin.py:188} INFO - [2024-04-14T16:04:45.030-0600] {dag.py:3954} INFO - Setting next_dagrun for example_branch_datetime_operator_2 to 2024-04-13 00:00:00+00:00, run_after=2024-04-14 00:00:00+00:00
[2024-04-14T16:04:45.030-0600] {logging_mixin.py:188} INFO - [2024-04-14T16:04:45.030-0600] {dag.py:3954} INFO - Setting next_dagrun for example_branch_datetime_operator_3 to 2024-04-13 00:00:00+00:00, run_after=2024-04-14 00:00:00+00:00
[2024-04-14T16:04:45.052-0600] {processor.py:183} INFO - Processing /Users/felipejimenez/Desktop/AirFlow/.env/lib/python3.9/site-packages/airflow/example_dags/example_branch_datetime_operator.py took 0.070 seconds
[2024-04-14T16:06:17.409-0600] {processor.py:161} INFO - Started process (PID=6117) to work on /Users/felipejimenez/Desktop/AirFlow/.env/lib/python3.9/site-packages/airflow/example_dags/example_branch_datetime_operator.py
[2024-04-14T16:06:17.411-0600] {processor.py:830} INFO - Processing file /Users/felipejimenez/Desktop/AirFlow/.env/lib/python3.9/site-packages/airflow/example_dags/example_branch_datetime_operator.py for tasks to queue
[2024-04-14T16:06:17.411-0600] {logging_mixin.py:188} INFO - [2024-04-14T16:06:17.411-0600] {dagbag.py:540} INFO - Filling up the DagBag from /Users/felipejimenez/Desktop/AirFlow/.env/lib/python3.9/site-packages/airflow/example_dags/example_branch_datetime_operator.py
[2024-04-14T16:06:17.416-0600] {processor.py:840} INFO - DAG(s) 'example_branch_datetime_operator_3', 'example_branch_datetime_operator', 'example_branch_datetime_operator_2' retrieved from /Users/felipejimenez/Desktop/AirFlow/.env/lib/python3.9/site-packages/airflow/example_dags/example_branch_datetime_operator.py
[2024-04-14T16:06:17.450-0600] {logging_mixin.py:188} INFO - [2024-04-14T16:06:17.450-0600] {dag.py:3096} INFO - Sync 3 DAGs
[2024-04-14T16:06:17.455-0600] {logging_mixin.py:188} INFO - [2024-04-14T16:06:17.455-0600] {dag.py:3954} INFO - Setting next_dagrun for example_branch_datetime_operator to 2024-04-13 00:00:00+00:00, run_after=2024-04-14 00:00:00+00:00
[2024-04-14T16:06:17.456-0600] {logging_mixin.py:188} INFO - [2024-04-14T16:06:17.456-0600] {dag.py:3954} INFO - Setting next_dagrun for example_branch_datetime_operator_2 to 2024-04-13 00:00:00+00:00, run_after=2024-04-14 00:00:00+00:00
[2024-04-14T16:06:17.457-0600] {logging_mixin.py:188} INFO - [2024-04-14T16:06:17.457-0600] {dag.py:3954} INFO - Setting next_dagrun for example_branch_datetime_operator_3 to 2024-04-13 00:00:00+00:00, run_after=2024-04-14 00:00:00+00:00
[2024-04-14T16:06:17.480-0600] {processor.py:183} INFO - Processing /Users/felipejimenez/Desktop/AirFlow/.env/lib/python3.9/site-packages/airflow/example_dags/example_branch_datetime_operator.py took 0.071 seconds
