[2024-04-14T15:43:03.106-0600] {processor.py:161} INFO - Started process (PID=4136) to work on /Users/felipejimenez/Desktop/AirFlow/.env/lib/python3.9/site-packages/airflow/example_dags/example_branch_operator_decorator.py
[2024-04-14T15:43:03.107-0600] {processor.py:830} INFO - Processing file /Users/felipejimenez/Desktop/AirFlow/.env/lib/python3.9/site-packages/airflow/example_dags/example_branch_operator_decorator.py for tasks to queue
[2024-04-14T15:43:03.107-0600] {logging_mixin.py:188} INFO - [2024-04-14T15:43:03.107-0600] {dagbag.py:540} INFO - Filling up the DagBag from /Users/felipejimenez/Desktop/AirFlow/.env/lib/python3.9/site-packages/airflow/example_dags/example_branch_operator_decorator.py
[2024-04-14T15:43:03.115-0600] {processor.py:842} WARNING - No viable dags retrieved from /Users/felipejimenez/Desktop/AirFlow/.env/lib/python3.9/site-packages/airflow/example_dags/example_branch_operator_decorator.py
[2024-04-14T15:43:03.143-0600] {processor.py:183} INFO - Processing /Users/felipejimenez/Desktop/AirFlow/.env/lib/python3.9/site-packages/airflow/example_dags/example_branch_operator_decorator.py took 0.038 seconds
[2024-04-14T15:44:30.023-0600] {processor.py:161} INFO - Started process (PID=4237) to work on /Users/felipejimenez/Desktop/AirFlow/.env/lib/python3.9/site-packages/airflow/example_dags/example_branch_operator_decorator.py
[2024-04-14T15:44:30.024-0600] {processor.py:830} INFO - Processing file /Users/felipejimenez/Desktop/AirFlow/.env/lib/python3.9/site-packages/airflow/example_dags/example_branch_operator_decorator.py for tasks to queue
[2024-04-14T15:44:30.024-0600] {logging_mixin.py:188} INFO - [2024-04-14T15:44:30.024-0600] {dagbag.py:540} INFO - Filling up the DagBag from /Users/felipejimenez/Desktop/AirFlow/.env/lib/python3.9/site-packages/airflow/example_dags/example_branch_operator_decorator.py
[2024-04-14T15:44:30.032-0600] {processor.py:842} WARNING - No viable dags retrieved from /Users/felipejimenez/Desktop/AirFlow/.env/lib/python3.9/site-packages/airflow/example_dags/example_branch_operator_decorator.py
[2024-04-14T15:44:30.062-0600] {processor.py:183} INFO - Processing /Users/felipejimenez/Desktop/AirFlow/.env/lib/python3.9/site-packages/airflow/example_dags/example_branch_operator_decorator.py took 0.041 seconds
[2024-04-14T15:45:56.808-0600] {processor.py:161} INFO - Started process (PID=4345) to work on /Users/felipejimenez/Desktop/AirFlow/.env/lib/python3.9/site-packages/airflow/example_dags/example_branch_operator_decorator.py
[2024-04-14T15:45:56.810-0600] {processor.py:830} INFO - Processing file /Users/felipejimenez/Desktop/AirFlow/.env/lib/python3.9/site-packages/airflow/example_dags/example_branch_operator_decorator.py for tasks to queue
[2024-04-14T15:45:56.810-0600] {logging_mixin.py:188} INFO - [2024-04-14T15:45:56.810-0600] {dagbag.py:540} INFO - Filling up the DagBag from /Users/felipejimenez/Desktop/AirFlow/.env/lib/python3.9/site-packages/airflow/example_dags/example_branch_operator_decorator.py
[2024-04-14T15:45:56.817-0600] {processor.py:842} WARNING - No viable dags retrieved from /Users/felipejimenez/Desktop/AirFlow/.env/lib/python3.9/site-packages/airflow/example_dags/example_branch_operator_decorator.py
[2024-04-14T15:45:56.843-0600] {processor.py:183} INFO - Processing /Users/felipejimenez/Desktop/AirFlow/.env/lib/python3.9/site-packages/airflow/example_dags/example_branch_operator_decorator.py took 0.036 seconds
[2024-04-14T15:47:25.492-0600] {processor.py:161} INFO - Started process (PID=4443) to work on /Users/felipejimenez/Desktop/AirFlow/.env/lib/python3.9/site-packages/airflow/example_dags/example_branch_operator_decorator.py
[2024-04-14T15:47:25.493-0600] {processor.py:830} INFO - Processing file /Users/felipejimenez/Desktop/AirFlow/.env/lib/python3.9/site-packages/airflow/example_dags/example_branch_operator_decorator.py for tasks to queue
[2024-04-14T15:47:25.494-0600] {logging_mixin.py:188} INFO - [2024-04-14T15:47:25.494-0600] {dagbag.py:540} INFO - Filling up the DagBag from /Users/felipejimenez/Desktop/AirFlow/.env/lib/python3.9/site-packages/airflow/example_dags/example_branch_operator_decorator.py
[2024-04-14T15:47:25.500-0600] {processor.py:842} WARNING - No viable dags retrieved from /Users/felipejimenez/Desktop/AirFlow/.env/lib/python3.9/site-packages/airflow/example_dags/example_branch_operator_decorator.py
[2024-04-14T15:47:25.527-0600] {processor.py:183} INFO - Processing /Users/felipejimenez/Desktop/AirFlow/.env/lib/python3.9/site-packages/airflow/example_dags/example_branch_operator_decorator.py took 0.037 seconds
[2024-04-14T15:48:56.343-0600] {processor.py:161} INFO - Started process (PID=4614) to work on /Users/felipejimenez/Desktop/AirFlow/.env/lib/python3.9/site-packages/airflow/example_dags/example_branch_operator_decorator.py
[2024-04-14T15:48:56.344-0600] {processor.py:830} INFO - Processing file /Users/felipejimenez/Desktop/AirFlow/.env/lib/python3.9/site-packages/airflow/example_dags/example_branch_operator_decorator.py for tasks to queue
[2024-04-14T15:48:56.344-0600] {logging_mixin.py:188} INFO - [2024-04-14T15:48:56.344-0600] {dagbag.py:540} INFO - Filling up the DagBag from /Users/felipejimenez/Desktop/AirFlow/.env/lib/python3.9/site-packages/airflow/example_dags/example_branch_operator_decorator.py
[2024-04-14T15:48:56.351-0600] {processor.py:842} WARNING - No viable dags retrieved from /Users/felipejimenez/Desktop/AirFlow/.env/lib/python3.9/site-packages/airflow/example_dags/example_branch_operator_decorator.py
[2024-04-14T15:48:56.377-0600] {processor.py:183} INFO - Processing /Users/felipejimenez/Desktop/AirFlow/.env/lib/python3.9/site-packages/airflow/example_dags/example_branch_operator_decorator.py took 0.035 seconds
[2024-04-14T15:50:23.206-0600] {processor.py:161} INFO - Started process (PID=4727) to work on /Users/felipejimenez/Desktop/AirFlow/.env/lib/python3.9/site-packages/airflow/example_dags/example_branch_operator_decorator.py
[2024-04-14T15:50:23.207-0600] {processor.py:830} INFO - Processing file /Users/felipejimenez/Desktop/AirFlow/.env/lib/python3.9/site-packages/airflow/example_dags/example_branch_operator_decorator.py for tasks to queue
[2024-04-14T15:50:23.207-0600] {logging_mixin.py:188} INFO - [2024-04-14T15:50:23.207-0600] {dagbag.py:540} INFO - Filling up the DagBag from /Users/felipejimenez/Desktop/AirFlow/.env/lib/python3.9/site-packages/airflow/example_dags/example_branch_operator_decorator.py
[2024-04-14T15:50:23.214-0600] {processor.py:842} WARNING - No viable dags retrieved from /Users/felipejimenez/Desktop/AirFlow/.env/lib/python3.9/site-packages/airflow/example_dags/example_branch_operator_decorator.py
[2024-04-14T15:50:23.242-0600] {processor.py:183} INFO - Processing /Users/felipejimenez/Desktop/AirFlow/.env/lib/python3.9/site-packages/airflow/example_dags/example_branch_operator_decorator.py took 0.037 seconds
[2024-04-14T15:51:55.197-0600] {processor.py:161} INFO - Started process (PID=4841) to work on /Users/felipejimenez/Desktop/AirFlow/.env/lib/python3.9/site-packages/airflow/example_dags/example_branch_operator_decorator.py
[2024-04-14T15:51:55.198-0600] {processor.py:830} INFO - Processing file /Users/felipejimenez/Desktop/AirFlow/.env/lib/python3.9/site-packages/airflow/example_dags/example_branch_operator_decorator.py for tasks to queue
[2024-04-14T15:51:55.198-0600] {logging_mixin.py:188} INFO - [2024-04-14T15:51:55.198-0600] {dagbag.py:540} INFO - Filling up the DagBag from /Users/felipejimenez/Desktop/AirFlow/.env/lib/python3.9/site-packages/airflow/example_dags/example_branch_operator_decorator.py
[2024-04-14T15:51:55.205-0600] {processor.py:842} WARNING - No viable dags retrieved from /Users/felipejimenez/Desktop/AirFlow/.env/lib/python3.9/site-packages/airflow/example_dags/example_branch_operator_decorator.py
[2024-04-14T15:51:55.232-0600] {processor.py:183} INFO - Processing /Users/felipejimenez/Desktop/AirFlow/.env/lib/python3.9/site-packages/airflow/example_dags/example_branch_operator_decorator.py took 0.036 seconds
[2024-04-14T15:53:19.828-0600] {processor.py:161} INFO - Started process (PID=4993) to work on /Users/felipejimenez/Desktop/AirFlow/.env/lib/python3.9/site-packages/airflow/example_dags/example_branch_operator_decorator.py
[2024-04-14T15:53:19.829-0600] {processor.py:830} INFO - Processing file /Users/felipejimenez/Desktop/AirFlow/.env/lib/python3.9/site-packages/airflow/example_dags/example_branch_operator_decorator.py for tasks to queue
[2024-04-14T15:53:19.830-0600] {logging_mixin.py:188} INFO - [2024-04-14T15:53:19.830-0600] {dagbag.py:540} INFO - Filling up the DagBag from /Users/felipejimenez/Desktop/AirFlow/.env/lib/python3.9/site-packages/airflow/example_dags/example_branch_operator_decorator.py
[2024-04-14T15:53:19.837-0600] {processor.py:842} WARNING - No viable dags retrieved from /Users/felipejimenez/Desktop/AirFlow/.env/lib/python3.9/site-packages/airflow/example_dags/example_branch_operator_decorator.py
[2024-04-14T15:53:19.863-0600] {processor.py:183} INFO - Processing /Users/felipejimenez/Desktop/AirFlow/.env/lib/python3.9/site-packages/airflow/example_dags/example_branch_operator_decorator.py took 0.036 seconds
[2024-04-14T15:54:48.655-0600] {processor.py:161} INFO - Started process (PID=5094) to work on /Users/felipejimenez/Desktop/AirFlow/.env/lib/python3.9/site-packages/airflow/example_dags/example_branch_operator_decorator.py
[2024-04-14T15:54:48.657-0600] {processor.py:830} INFO - Processing file /Users/felipejimenez/Desktop/AirFlow/.env/lib/python3.9/site-packages/airflow/example_dags/example_branch_operator_decorator.py for tasks to queue
[2024-04-14T15:54:48.657-0600] {logging_mixin.py:188} INFO - [2024-04-14T15:54:48.657-0600] {dagbag.py:540} INFO - Filling up the DagBag from /Users/felipejimenez/Desktop/AirFlow/.env/lib/python3.9/site-packages/airflow/example_dags/example_branch_operator_decorator.py
[2024-04-14T15:54:48.664-0600] {processor.py:842} WARNING - No viable dags retrieved from /Users/felipejimenez/Desktop/AirFlow/.env/lib/python3.9/site-packages/airflow/example_dags/example_branch_operator_decorator.py
[2024-04-14T15:54:48.691-0600] {processor.py:183} INFO - Processing /Users/felipejimenez/Desktop/AirFlow/.env/lib/python3.9/site-packages/airflow/example_dags/example_branch_operator_decorator.py took 0.037 seconds
[2024-04-14T15:56:40.713-0600] {processor.py:161} INFO - Started process (PID=5262) to work on /Users/felipejimenez/Desktop/AirFlow/.env/lib/python3.9/site-packages/airflow/example_dags/example_branch_operator_decorator.py
[2024-04-14T15:56:40.714-0600] {processor.py:830} INFO - Processing file /Users/felipejimenez/Desktop/AirFlow/.env/lib/python3.9/site-packages/airflow/example_dags/example_branch_operator_decorator.py for tasks to queue
[2024-04-14T15:56:40.715-0600] {logging_mixin.py:188} INFO - [2024-04-14T15:56:40.714-0600] {dagbag.py:540} INFO - Filling up the DagBag from /Users/felipejimenez/Desktop/AirFlow/.env/lib/python3.9/site-packages/airflow/example_dags/example_branch_operator_decorator.py
[2024-04-14T15:56:40.722-0600] {processor.py:842} WARNING - No viable dags retrieved from /Users/felipejimenez/Desktop/AirFlow/.env/lib/python3.9/site-packages/airflow/example_dags/example_branch_operator_decorator.py
[2024-04-14T15:56:40.749-0600] {processor.py:183} INFO - Processing /Users/felipejimenez/Desktop/AirFlow/.env/lib/python3.9/site-packages/airflow/example_dags/example_branch_operator_decorator.py took 0.037 seconds
[2024-04-14T15:58:06.047-0600] {processor.py:161} INFO - Started process (PID=5399) to work on /Users/felipejimenez/Desktop/AirFlow/.env/lib/python3.9/site-packages/airflow/example_dags/example_branch_operator_decorator.py
[2024-04-14T15:58:06.049-0600] {processor.py:830} INFO - Processing file /Users/felipejimenez/Desktop/AirFlow/.env/lib/python3.9/site-packages/airflow/example_dags/example_branch_operator_decorator.py for tasks to queue
[2024-04-14T15:58:06.049-0600] {logging_mixin.py:188} INFO - [2024-04-14T15:58:06.049-0600] {dagbag.py:540} INFO - Filling up the DagBag from /Users/felipejimenez/Desktop/AirFlow/.env/lib/python3.9/site-packages/airflow/example_dags/example_branch_operator_decorator.py
[2024-04-14T15:58:06.056-0600] {processor.py:842} WARNING - No viable dags retrieved from /Users/felipejimenez/Desktop/AirFlow/.env/lib/python3.9/site-packages/airflow/example_dags/example_branch_operator_decorator.py
[2024-04-14T15:58:06.083-0600] {processor.py:183} INFO - Processing /Users/felipejimenez/Desktop/AirFlow/.env/lib/python3.9/site-packages/airflow/example_dags/example_branch_operator_decorator.py took 0.037 seconds
[2024-04-14T15:59:37.084-0600] {processor.py:161} INFO - Started process (PID=5520) to work on /Users/felipejimenez/Desktop/AirFlow/.env/lib/python3.9/site-packages/airflow/example_dags/example_branch_operator_decorator.py
[2024-04-14T15:59:37.086-0600] {processor.py:830} INFO - Processing file /Users/felipejimenez/Desktop/AirFlow/.env/lib/python3.9/site-packages/airflow/example_dags/example_branch_operator_decorator.py for tasks to queue
[2024-04-14T15:59:37.086-0600] {logging_mixin.py:188} INFO - [2024-04-14T15:59:37.086-0600] {dagbag.py:540} INFO - Filling up the DagBag from /Users/felipejimenez/Desktop/AirFlow/.env/lib/python3.9/site-packages/airflow/example_dags/example_branch_operator_decorator.py
[2024-04-14T15:59:37.093-0600] {processor.py:842} WARNING - No viable dags retrieved from /Users/felipejimenez/Desktop/AirFlow/.env/lib/python3.9/site-packages/airflow/example_dags/example_branch_operator_decorator.py
[2024-04-14T15:59:37.120-0600] {processor.py:183} INFO - Processing /Users/felipejimenez/Desktop/AirFlow/.env/lib/python3.9/site-packages/airflow/example_dags/example_branch_operator_decorator.py took 0.036 seconds
[2024-04-14T16:01:04.163-0600] {processor.py:161} INFO - Started process (PID=5619) to work on /Users/felipejimenez/Desktop/AirFlow/.env/lib/python3.9/site-packages/airflow/example_dags/example_branch_operator_decorator.py
[2024-04-14T16:01:04.164-0600] {processor.py:830} INFO - Processing file /Users/felipejimenez/Desktop/AirFlow/.env/lib/python3.9/site-packages/airflow/example_dags/example_branch_operator_decorator.py for tasks to queue
[2024-04-14T16:01:04.165-0600] {logging_mixin.py:188} INFO - [2024-04-14T16:01:04.164-0600] {dagbag.py:540} INFO - Filling up the DagBag from /Users/felipejimenez/Desktop/AirFlow/.env/lib/python3.9/site-packages/airflow/example_dags/example_branch_operator_decorator.py
[2024-04-14T16:01:04.171-0600] {processor.py:842} WARNING - No viable dags retrieved from /Users/felipejimenez/Desktop/AirFlow/.env/lib/python3.9/site-packages/airflow/example_dags/example_branch_operator_decorator.py
[2024-04-14T16:01:04.199-0600] {processor.py:183} INFO - Processing /Users/felipejimenez/Desktop/AirFlow/.env/lib/python3.9/site-packages/airflow/example_dags/example_branch_operator_decorator.py took 0.038 seconds
[2024-04-14T16:04:38.784-0600] {processor.py:161} INFO - Started process (PID=5946) to work on /Users/felipejimenez/Desktop/AirFlow/.env/lib/python3.9/site-packages/airflow/example_dags/example_branch_operator_decorator.py
[2024-04-14T16:04:38.786-0600] {processor.py:830} INFO - Processing file /Users/felipejimenez/Desktop/AirFlow/.env/lib/python3.9/site-packages/airflow/example_dags/example_branch_operator_decorator.py for tasks to queue
[2024-04-14T16:04:38.786-0600] {logging_mixin.py:188} INFO - [2024-04-14T16:04:38.786-0600] {dagbag.py:540} INFO - Filling up the DagBag from /Users/felipejimenez/Desktop/AirFlow/.env/lib/python3.9/site-packages/airflow/example_dags/example_branch_operator_decorator.py
[2024-04-14T16:04:38.794-0600] {processor.py:842} WARNING - No viable dags retrieved from /Users/felipejimenez/Desktop/AirFlow/.env/lib/python3.9/site-packages/airflow/example_dags/example_branch_operator_decorator.py
[2024-04-14T16:04:38.821-0600] {processor.py:183} INFO - Processing /Users/felipejimenez/Desktop/AirFlow/.env/lib/python3.9/site-packages/airflow/example_dags/example_branch_operator_decorator.py took 0.038 seconds
[2024-04-14T16:06:11.841-0600] {processor.py:161} INFO - Started process (PID=6111) to work on /Users/felipejimenez/Desktop/AirFlow/.env/lib/python3.9/site-packages/airflow/example_dags/example_branch_operator_decorator.py
[2024-04-14T16:06:11.843-0600] {processor.py:830} INFO - Processing file /Users/felipejimenez/Desktop/AirFlow/.env/lib/python3.9/site-packages/airflow/example_dags/example_branch_operator_decorator.py for tasks to queue
[2024-04-14T16:06:11.843-0600] {logging_mixin.py:188} INFO - [2024-04-14T16:06:11.843-0600] {dagbag.py:540} INFO - Filling up the DagBag from /Users/felipejimenez/Desktop/AirFlow/.env/lib/python3.9/site-packages/airflow/example_dags/example_branch_operator_decorator.py
[2024-04-14T16:06:11.850-0600] {processor.py:842} WARNING - No viable dags retrieved from /Users/felipejimenez/Desktop/AirFlow/.env/lib/python3.9/site-packages/airflow/example_dags/example_branch_operator_decorator.py
[2024-04-14T16:06:11.876-0600] {processor.py:183} INFO - Processing /Users/felipejimenez/Desktop/AirFlow/.env/lib/python3.9/site-packages/airflow/example_dags/example_branch_operator_decorator.py took 0.036 seconds
