[2024-04-14T15:42:31.629-0600] {processor.py:161} INFO - Started process (PID=4101) to work on /Users/felipejimenez/Desktop/AirFlow/.env/lib/python3.9/site-packages/airflow/example_dags/example_setup_teardown.py
[2024-04-14T15:42:31.630-0600] {processor.py:830} INFO - Processing file /Users/felipejimenez/Desktop/AirFlow/.env/lib/python3.9/site-packages/airflow/example_dags/example_setup_teardown.py for tasks to queue
[2024-04-14T15:42:31.630-0600] {logging_mixin.py:188} INFO - [2024-04-14T15:42:31.630-0600] {dagbag.py:540} INFO - Filling up the DagBag from /Users/felipejimenez/Desktop/AirFlow/.env/lib/python3.9/site-packages/airflow/example_dags/example_setup_teardown.py
[2024-04-14T15:42:31.634-0600] {processor.py:840} INFO - DAG(s) 'example_setup_teardown' retrieved from /Users/felipejimenez/Desktop/AirFlow/.env/lib/python3.9/site-packages/airflow/example_dags/example_setup_teardown.py
[2024-04-14T15:42:31.712-0600] {logging_mixin.py:188} INFO - [2024-04-14T15:42:31.712-0600] {override.py:1829} INFO - Created Permission View: can read on DAG:example_setup_teardown
[2024-04-14T15:42:31.714-0600] {logging_mixin.py:188} INFO - [2024-04-14T15:42:31.714-0600] {override.py:1829} INFO - Created Permission View: can edit on DAG:example_setup_teardown
[2024-04-14T15:42:31.716-0600] {logging_mixin.py:188} INFO - [2024-04-14T15:42:31.716-0600] {override.py:1829} INFO - Created Permission View: can delete on DAG:example_setup_teardown
[2024-04-14T15:42:31.716-0600] {logging_mixin.py:188} INFO - [2024-04-14T15:42:31.716-0600] {dag.py:3096} INFO - Sync 1 DAGs
[2024-04-14T15:42:31.719-0600] {logging_mixin.py:188} INFO - [2024-04-14T15:42:31.719-0600] {dag.py:3118} INFO - Creating ORM DAG for example_setup_teardown
[2024-04-14T15:42:31.723-0600] {logging_mixin.py:188} INFO - [2024-04-14T15:42:31.723-0600] {dag.py:3954} INFO - Setting next_dagrun for example_setup_teardown to 2024-04-13 00:00:00+00:00, run_after=2024-04-14 00:00:00+00:00
[2024-04-14T15:42:31.729-0600] {processor.py:183} INFO - Processing /Users/felipejimenez/Desktop/AirFlow/.env/lib/python3.9/site-packages/airflow/example_dags/example_setup_teardown.py took 0.101 seconds
[2024-04-14T15:43:47.439-0600] {processor.py:161} INFO - Started process (PID=4189) to work on /Users/felipejimenez/Desktop/AirFlow/.env/lib/python3.9/site-packages/airflow/example_dags/example_setup_teardown.py
[2024-04-14T15:43:47.441-0600] {processor.py:830} INFO - Processing file /Users/felipejimenez/Desktop/AirFlow/.env/lib/python3.9/site-packages/airflow/example_dags/example_setup_teardown.py for tasks to queue
[2024-04-14T15:43:47.441-0600] {logging_mixin.py:188} INFO - [2024-04-14T15:43:47.441-0600] {dagbag.py:540} INFO - Filling up the DagBag from /Users/felipejimenez/Desktop/AirFlow/.env/lib/python3.9/site-packages/airflow/example_dags/example_setup_teardown.py
[2024-04-14T15:43:47.444-0600] {processor.py:840} INFO - DAG(s) 'example_setup_teardown' retrieved from /Users/felipejimenez/Desktop/AirFlow/.env/lib/python3.9/site-packages/airflow/example_dags/example_setup_teardown.py
[2024-04-14T15:43:47.478-0600] {logging_mixin.py:188} INFO - [2024-04-14T15:43:47.478-0600] {dag.py:3096} INFO - Sync 1 DAGs
[2024-04-14T15:43:47.484-0600] {logging_mixin.py:188} INFO - [2024-04-14T15:43:47.484-0600] {dag.py:3954} INFO - Setting next_dagrun for example_setup_teardown to 2024-04-13 00:00:00+00:00, run_after=2024-04-14 00:00:00+00:00
[2024-04-14T15:43:47.491-0600] {processor.py:183} INFO - Processing /Users/felipejimenez/Desktop/AirFlow/.env/lib/python3.9/site-packages/airflow/example_dags/example_setup_teardown.py took 0.053 seconds
[2024-04-14T15:45:14.147-0600] {processor.py:161} INFO - Started process (PID=4292) to work on /Users/felipejimenez/Desktop/AirFlow/.env/lib/python3.9/site-packages/airflow/example_dags/example_setup_teardown.py
[2024-04-14T15:45:14.148-0600] {processor.py:830} INFO - Processing file /Users/felipejimenez/Desktop/AirFlow/.env/lib/python3.9/site-packages/airflow/example_dags/example_setup_teardown.py for tasks to queue
[2024-04-14T15:45:14.149-0600] {logging_mixin.py:188} INFO - [2024-04-14T15:45:14.149-0600] {dagbag.py:540} INFO - Filling up the DagBag from /Users/felipejimenez/Desktop/AirFlow/.env/lib/python3.9/site-packages/airflow/example_dags/example_setup_teardown.py
[2024-04-14T15:45:14.151-0600] {processor.py:840} INFO - DAG(s) 'example_setup_teardown' retrieved from /Users/felipejimenez/Desktop/AirFlow/.env/lib/python3.9/site-packages/airflow/example_dags/example_setup_teardown.py
[2024-04-14T15:45:14.185-0600] {logging_mixin.py:188} INFO - [2024-04-14T15:45:14.185-0600] {dag.py:3096} INFO - Sync 1 DAGs
[2024-04-14T15:45:14.191-0600] {logging_mixin.py:188} INFO - [2024-04-14T15:45:14.191-0600] {dag.py:3954} INFO - Setting next_dagrun for example_setup_teardown to 2024-04-13 00:00:00+00:00, run_after=2024-04-14 00:00:00+00:00
[2024-04-14T15:45:14.196-0600] {processor.py:183} INFO - Processing /Users/felipejimenez/Desktop/AirFlow/.env/lib/python3.9/site-packages/airflow/example_dags/example_setup_teardown.py took 0.050 seconds
[2024-04-14T15:46:36.764-0600] {processor.py:161} INFO - Started process (PID=4391) to work on /Users/felipejimenez/Desktop/AirFlow/.env/lib/python3.9/site-packages/airflow/example_dags/example_setup_teardown.py
[2024-04-14T15:46:36.767-0600] {processor.py:830} INFO - Processing file /Users/felipejimenez/Desktop/AirFlow/.env/lib/python3.9/site-packages/airflow/example_dags/example_setup_teardown.py for tasks to queue
[2024-04-14T15:46:36.767-0600] {logging_mixin.py:188} INFO - [2024-04-14T15:46:36.767-0600] {dagbag.py:540} INFO - Filling up the DagBag from /Users/felipejimenez/Desktop/AirFlow/.env/lib/python3.9/site-packages/airflow/example_dags/example_setup_teardown.py
[2024-04-14T15:46:36.770-0600] {processor.py:840} INFO - DAG(s) 'example_setup_teardown' retrieved from /Users/felipejimenez/Desktop/AirFlow/.env/lib/python3.9/site-packages/airflow/example_dags/example_setup_teardown.py
[2024-04-14T15:46:36.803-0600] {logging_mixin.py:188} INFO - [2024-04-14T15:46:36.802-0600] {dag.py:3096} INFO - Sync 1 DAGs
[2024-04-14T15:46:36.809-0600] {logging_mixin.py:188} INFO - [2024-04-14T15:46:36.809-0600] {dag.py:3954} INFO - Setting next_dagrun for example_setup_teardown to 2024-04-13 00:00:00+00:00, run_after=2024-04-14 00:00:00+00:00
[2024-04-14T15:46:36.814-0600] {processor.py:183} INFO - Processing /Users/felipejimenez/Desktop/AirFlow/.env/lib/python3.9/site-packages/airflow/example_dags/example_setup_teardown.py took 0.051 seconds
[2024-04-14T15:48:09.837-0600] {processor.py:161} INFO - Started process (PID=4502) to work on /Users/felipejimenez/Desktop/AirFlow/.env/lib/python3.9/site-packages/airflow/example_dags/example_setup_teardown.py
[2024-04-14T15:48:09.839-0600] {processor.py:830} INFO - Processing file /Users/felipejimenez/Desktop/AirFlow/.env/lib/python3.9/site-packages/airflow/example_dags/example_setup_teardown.py for tasks to queue
[2024-04-14T15:48:09.839-0600] {logging_mixin.py:188} INFO - [2024-04-14T15:48:09.839-0600] {dagbag.py:540} INFO - Filling up the DagBag from /Users/felipejimenez/Desktop/AirFlow/.env/lib/python3.9/site-packages/airflow/example_dags/example_setup_teardown.py
[2024-04-14T15:48:09.841-0600] {processor.py:840} INFO - DAG(s) 'example_setup_teardown' retrieved from /Users/felipejimenez/Desktop/AirFlow/.env/lib/python3.9/site-packages/airflow/example_dags/example_setup_teardown.py
[2024-04-14T15:48:09.873-0600] {logging_mixin.py:188} INFO - [2024-04-14T15:48:09.873-0600] {dag.py:3096} INFO - Sync 1 DAGs
[2024-04-14T15:48:09.879-0600] {logging_mixin.py:188} INFO - [2024-04-14T15:48:09.879-0600] {dag.py:3954} INFO - Setting next_dagrun for example_setup_teardown to 2024-04-13 00:00:00+00:00, run_after=2024-04-14 00:00:00+00:00
[2024-04-14T15:48:09.884-0600] {processor.py:183} INFO - Processing /Users/felipejimenez/Desktop/AirFlow/.env/lib/python3.9/site-packages/airflow/example_dags/example_setup_teardown.py took 0.048 seconds
[2024-04-14T15:49:39.773-0600] {processor.py:161} INFO - Started process (PID=4671) to work on /Users/felipejimenez/Desktop/AirFlow/.env/lib/python3.9/site-packages/airflow/example_dags/example_setup_teardown.py
[2024-04-14T15:49:39.775-0600] {processor.py:830} INFO - Processing file /Users/felipejimenez/Desktop/AirFlow/.env/lib/python3.9/site-packages/airflow/example_dags/example_setup_teardown.py for tasks to queue
[2024-04-14T15:49:39.775-0600] {logging_mixin.py:188} INFO - [2024-04-14T15:49:39.775-0600] {dagbag.py:540} INFO - Filling up the DagBag from /Users/felipejimenez/Desktop/AirFlow/.env/lib/python3.9/site-packages/airflow/example_dags/example_setup_teardown.py
[2024-04-14T15:49:39.778-0600] {processor.py:840} INFO - DAG(s) 'example_setup_teardown' retrieved from /Users/felipejimenez/Desktop/AirFlow/.env/lib/python3.9/site-packages/airflow/example_dags/example_setup_teardown.py
[2024-04-14T15:49:39.810-0600] {logging_mixin.py:188} INFO - [2024-04-14T15:49:39.810-0600] {dag.py:3096} INFO - Sync 1 DAGs
[2024-04-14T15:49:39.817-0600] {logging_mixin.py:188} INFO - [2024-04-14T15:49:39.817-0600] {dag.py:3954} INFO - Setting next_dagrun for example_setup_teardown to 2024-04-13 00:00:00+00:00, run_after=2024-04-14 00:00:00+00:00
[2024-04-14T15:49:39.822-0600] {processor.py:183} INFO - Processing /Users/felipejimenez/Desktop/AirFlow/.env/lib/python3.9/site-packages/airflow/example_dags/example_setup_teardown.py took 0.050 seconds
[2024-04-14T15:51:07.119-0600] {processor.py:161} INFO - Started process (PID=4775) to work on /Users/felipejimenez/Desktop/AirFlow/.env/lib/python3.9/site-packages/airflow/example_dags/example_setup_teardown.py
[2024-04-14T15:51:07.121-0600] {processor.py:830} INFO - Processing file /Users/felipejimenez/Desktop/AirFlow/.env/lib/python3.9/site-packages/airflow/example_dags/example_setup_teardown.py for tasks to queue
[2024-04-14T15:51:07.121-0600] {logging_mixin.py:188} INFO - [2024-04-14T15:51:07.121-0600] {dagbag.py:540} INFO - Filling up the DagBag from /Users/felipejimenez/Desktop/AirFlow/.env/lib/python3.9/site-packages/airflow/example_dags/example_setup_teardown.py
[2024-04-14T15:51:07.124-0600] {processor.py:840} INFO - DAG(s) 'example_setup_teardown' retrieved from /Users/felipejimenez/Desktop/AirFlow/.env/lib/python3.9/site-packages/airflow/example_dags/example_setup_teardown.py
[2024-04-14T15:51:07.157-0600] {logging_mixin.py:188} INFO - [2024-04-14T15:51:07.157-0600] {dag.py:3096} INFO - Sync 1 DAGs
[2024-04-14T15:51:07.163-0600] {logging_mixin.py:188} INFO - [2024-04-14T15:51:07.163-0600] {dag.py:3954} INFO - Setting next_dagrun for example_setup_teardown to 2024-04-13 00:00:00+00:00, run_after=2024-04-14 00:00:00+00:00
[2024-04-14T15:51:07.169-0600] {processor.py:183} INFO - Processing /Users/felipejimenez/Desktop/AirFlow/.env/lib/python3.9/site-packages/airflow/example_dags/example_setup_teardown.py took 0.050 seconds
[2024-04-14T15:52:35.496-0600] {processor.py:161} INFO - Started process (PID=4912) to work on /Users/felipejimenez/Desktop/AirFlow/.env/lib/python3.9/site-packages/airflow/example_dags/example_setup_teardown.py
[2024-04-14T15:52:35.497-0600] {processor.py:830} INFO - Processing file /Users/felipejimenez/Desktop/AirFlow/.env/lib/python3.9/site-packages/airflow/example_dags/example_setup_teardown.py for tasks to queue
[2024-04-14T15:52:35.498-0600] {logging_mixin.py:188} INFO - [2024-04-14T15:52:35.498-0600] {dagbag.py:540} INFO - Filling up the DagBag from /Users/felipejimenez/Desktop/AirFlow/.env/lib/python3.9/site-packages/airflow/example_dags/example_setup_teardown.py
[2024-04-14T15:52:35.500-0600] {processor.py:840} INFO - DAG(s) 'example_setup_teardown' retrieved from /Users/felipejimenez/Desktop/AirFlow/.env/lib/python3.9/site-packages/airflow/example_dags/example_setup_teardown.py
[2024-04-14T15:52:35.533-0600] {logging_mixin.py:188} INFO - [2024-04-14T15:52:35.533-0600] {dag.py:3096} INFO - Sync 1 DAGs
[2024-04-14T15:52:35.539-0600] {logging_mixin.py:188} INFO - [2024-04-14T15:52:35.539-0600] {dag.py:3954} INFO - Setting next_dagrun for example_setup_teardown to 2024-04-13 00:00:00+00:00, run_after=2024-04-14 00:00:00+00:00
[2024-04-14T15:52:35.545-0600] {processor.py:183} INFO - Processing /Users/felipejimenez/Desktop/AirFlow/.env/lib/python3.9/site-packages/airflow/example_dags/example_setup_teardown.py took 0.050 seconds
[2024-04-14T15:54:02.345-0600] {processor.py:161} INFO - Started process (PID=5042) to work on /Users/felipejimenez/Desktop/AirFlow/.env/lib/python3.9/site-packages/airflow/example_dags/example_setup_teardown.py
[2024-04-14T15:54:02.347-0600] {processor.py:830} INFO - Processing file /Users/felipejimenez/Desktop/AirFlow/.env/lib/python3.9/site-packages/airflow/example_dags/example_setup_teardown.py for tasks to queue
[2024-04-14T15:54:02.347-0600] {logging_mixin.py:188} INFO - [2024-04-14T15:54:02.347-0600] {dagbag.py:540} INFO - Filling up the DagBag from /Users/felipejimenez/Desktop/AirFlow/.env/lib/python3.9/site-packages/airflow/example_dags/example_setup_teardown.py
[2024-04-14T15:54:02.350-0600] {processor.py:840} INFO - DAG(s) 'example_setup_teardown' retrieved from /Users/felipejimenez/Desktop/AirFlow/.env/lib/python3.9/site-packages/airflow/example_dags/example_setup_teardown.py
[2024-04-14T15:54:02.382-0600] {logging_mixin.py:188} INFO - [2024-04-14T15:54:02.382-0600] {dag.py:3096} INFO - Sync 1 DAGs
[2024-04-14T15:54:02.388-0600] {logging_mixin.py:188} INFO - [2024-04-14T15:54:02.388-0600] {dag.py:3954} INFO - Setting next_dagrun for example_setup_teardown to 2024-04-13 00:00:00+00:00, run_after=2024-04-14 00:00:00+00:00
[2024-04-14T15:54:02.394-0600] {processor.py:183} INFO - Processing /Users/felipejimenez/Desktop/AirFlow/.env/lib/python3.9/site-packages/airflow/example_dags/example_setup_teardown.py took 0.049 seconds
[2024-04-14T15:56:11.517-0600] {processor.py:161} INFO - Started process (PID=5211) to work on /Users/felipejimenez/Desktop/AirFlow/.env/lib/python3.9/site-packages/airflow/example_dags/example_setup_teardown.py
[2024-04-14T15:56:11.519-0600] {processor.py:830} INFO - Processing file /Users/felipejimenez/Desktop/AirFlow/.env/lib/python3.9/site-packages/airflow/example_dags/example_setup_teardown.py for tasks to queue
[2024-04-14T15:56:11.519-0600] {logging_mixin.py:188} INFO - [2024-04-14T15:56:11.519-0600] {dagbag.py:540} INFO - Filling up the DagBag from /Users/felipejimenez/Desktop/AirFlow/.env/lib/python3.9/site-packages/airflow/example_dags/example_setup_teardown.py
[2024-04-14T15:56:11.522-0600] {processor.py:840} INFO - DAG(s) 'example_setup_teardown' retrieved from /Users/felipejimenez/Desktop/AirFlow/.env/lib/python3.9/site-packages/airflow/example_dags/example_setup_teardown.py
[2024-04-14T15:56:11.555-0600] {logging_mixin.py:188} INFO - [2024-04-14T15:56:11.554-0600] {dag.py:3096} INFO - Sync 1 DAGs
[2024-04-14T15:56:11.560-0600] {logging_mixin.py:188} INFO - [2024-04-14T15:56:11.560-0600] {dag.py:3954} INFO - Setting next_dagrun for example_setup_teardown to 2024-04-13 00:00:00+00:00, run_after=2024-04-14 00:00:00+00:00
[2024-04-14T15:56:11.566-0600] {processor.py:183} INFO - Processing /Users/felipejimenez/Desktop/AirFlow/.env/lib/python3.9/site-packages/airflow/example_dags/example_setup_teardown.py took 0.049 seconds
[2024-04-14T15:57:24.650-0600] {processor.py:161} INFO - Started process (PID=5326) to work on /Users/felipejimenez/Desktop/AirFlow/.env/lib/python3.9/site-packages/airflow/example_dags/example_setup_teardown.py
[2024-04-14T15:57:24.651-0600] {processor.py:830} INFO - Processing file /Users/felipejimenez/Desktop/AirFlow/.env/lib/python3.9/site-packages/airflow/example_dags/example_setup_teardown.py for tasks to queue
[2024-04-14T15:57:24.652-0600] {logging_mixin.py:188} INFO - [2024-04-14T15:57:24.652-0600] {dagbag.py:540} INFO - Filling up the DagBag from /Users/felipejimenez/Desktop/AirFlow/.env/lib/python3.9/site-packages/airflow/example_dags/example_setup_teardown.py
[2024-04-14T15:57:24.654-0600] {processor.py:840} INFO - DAG(s) 'example_setup_teardown' retrieved from /Users/felipejimenez/Desktop/AirFlow/.env/lib/python3.9/site-packages/airflow/example_dags/example_setup_teardown.py
[2024-04-14T15:57:24.687-0600] {logging_mixin.py:188} INFO - [2024-04-14T15:57:24.687-0600] {dag.py:3096} INFO - Sync 1 DAGs
[2024-04-14T15:57:24.693-0600] {logging_mixin.py:188} INFO - [2024-04-14T15:57:24.692-0600] {dag.py:3954} INFO - Setting next_dagrun for example_setup_teardown to 2024-04-13 00:00:00+00:00, run_after=2024-04-14 00:00:00+00:00
[2024-04-14T15:57:24.698-0600] {processor.py:183} INFO - Processing /Users/felipejimenez/Desktop/AirFlow/.env/lib/python3.9/site-packages/airflow/example_dags/example_setup_teardown.py took 0.049 seconds
[2024-04-14T15:58:53.036-0600] {processor.py:161} INFO - Started process (PID=5470) to work on /Users/felipejimenez/Desktop/AirFlow/.env/lib/python3.9/site-packages/airflow/example_dags/example_setup_teardown.py
[2024-04-14T15:58:53.038-0600] {processor.py:830} INFO - Processing file /Users/felipejimenez/Desktop/AirFlow/.env/lib/python3.9/site-packages/airflow/example_dags/example_setup_teardown.py for tasks to queue
[2024-04-14T15:58:53.038-0600] {logging_mixin.py:188} INFO - [2024-04-14T15:58:53.038-0600] {dagbag.py:540} INFO - Filling up the DagBag from /Users/felipejimenez/Desktop/AirFlow/.env/lib/python3.9/site-packages/airflow/example_dags/example_setup_teardown.py
[2024-04-14T15:58:53.041-0600] {processor.py:840} INFO - DAG(s) 'example_setup_teardown' retrieved from /Users/felipejimenez/Desktop/AirFlow/.env/lib/python3.9/site-packages/airflow/example_dags/example_setup_teardown.py
[2024-04-14T15:58:53.073-0600] {logging_mixin.py:188} INFO - [2024-04-14T15:58:53.073-0600] {dag.py:3096} INFO - Sync 1 DAGs
[2024-04-14T15:58:53.079-0600] {logging_mixin.py:188} INFO - [2024-04-14T15:58:53.079-0600] {dag.py:3954} INFO - Setting next_dagrun for example_setup_teardown to 2024-04-13 00:00:00+00:00, run_after=2024-04-14 00:00:00+00:00
[2024-04-14T15:58:53.084-0600] {processor.py:183} INFO - Processing /Users/felipejimenez/Desktop/AirFlow/.env/lib/python3.9/site-packages/airflow/example_dags/example_setup_teardown.py took 0.049 seconds
[2024-04-14T16:00:18.942-0600] {processor.py:161} INFO - Started process (PID=5568) to work on /Users/felipejimenez/Desktop/AirFlow/.env/lib/python3.9/site-packages/airflow/example_dags/example_setup_teardown.py
[2024-04-14T16:00:18.943-0600] {processor.py:830} INFO - Processing file /Users/felipejimenez/Desktop/AirFlow/.env/lib/python3.9/site-packages/airflow/example_dags/example_setup_teardown.py for tasks to queue
[2024-04-14T16:00:18.944-0600] {logging_mixin.py:188} INFO - [2024-04-14T16:00:18.944-0600] {dagbag.py:540} INFO - Filling up the DagBag from /Users/felipejimenez/Desktop/AirFlow/.env/lib/python3.9/site-packages/airflow/example_dags/example_setup_teardown.py
[2024-04-14T16:00:18.946-0600] {processor.py:840} INFO - DAG(s) 'example_setup_teardown' retrieved from /Users/felipejimenez/Desktop/AirFlow/.env/lib/python3.9/site-packages/airflow/example_dags/example_setup_teardown.py
[2024-04-14T16:00:18.983-0600] {logging_mixin.py:188} INFO - [2024-04-14T16:00:18.983-0600] {dag.py:3096} INFO - Sync 1 DAGs
[2024-04-14T16:00:18.990-0600] {logging_mixin.py:188} INFO - [2024-04-14T16:00:18.990-0600] {dag.py:3954} INFO - Setting next_dagrun for example_setup_teardown to 2024-04-13 00:00:00+00:00, run_after=2024-04-14 00:00:00+00:00
[2024-04-14T16:00:18.996-0600] {processor.py:183} INFO - Processing /Users/felipejimenez/Desktop/AirFlow/.env/lib/python3.9/site-packages/airflow/example_dags/example_setup_teardown.py took 0.056 seconds
[2024-04-14T16:01:44.499-0600] {processor.py:161} INFO - Started process (PID=5665) to work on /Users/felipejimenez/Desktop/AirFlow/.env/lib/python3.9/site-packages/airflow/example_dags/example_setup_teardown.py
[2024-04-14T16:01:44.501-0600] {processor.py:830} INFO - Processing file /Users/felipejimenez/Desktop/AirFlow/.env/lib/python3.9/site-packages/airflow/example_dags/example_setup_teardown.py for tasks to queue
[2024-04-14T16:01:44.501-0600] {logging_mixin.py:188} INFO - [2024-04-14T16:01:44.501-0600] {dagbag.py:540} INFO - Filling up the DagBag from /Users/felipejimenez/Desktop/AirFlow/.env/lib/python3.9/site-packages/airflow/example_dags/example_setup_teardown.py
[2024-04-14T16:01:44.504-0600] {processor.py:840} INFO - DAG(s) 'example_setup_teardown' retrieved from /Users/felipejimenez/Desktop/AirFlow/.env/lib/python3.9/site-packages/airflow/example_dags/example_setup_teardown.py
[2024-04-14T16:01:44.536-0600] {logging_mixin.py:188} INFO - [2024-04-14T16:01:44.536-0600] {dag.py:3096} INFO - Sync 1 DAGs
[2024-04-14T16:01:44.543-0600] {logging_mixin.py:188} INFO - [2024-04-14T16:01:44.543-0600] {dag.py:3954} INFO - Setting next_dagrun for example_setup_teardown to 2024-04-13 00:00:00+00:00, run_after=2024-04-14 00:00:00+00:00
[2024-04-14T16:01:44.549-0600] {processor.py:183} INFO - Processing /Users/felipejimenez/Desktop/AirFlow/.env/lib/python3.9/site-packages/airflow/example_dags/example_setup_teardown.py took 0.051 seconds
[2024-04-14T16:04:09.669-0600] {processor.py:161} INFO - Started process (PID=5891) to work on /Users/felipejimenez/Desktop/AirFlow/.env/lib/python3.9/site-packages/airflow/example_dags/example_setup_teardown.py
[2024-04-14T16:04:09.671-0600] {processor.py:830} INFO - Processing file /Users/felipejimenez/Desktop/AirFlow/.env/lib/python3.9/site-packages/airflow/example_dags/example_setup_teardown.py for tasks to queue
[2024-04-14T16:04:09.671-0600] {logging_mixin.py:188} INFO - [2024-04-14T16:04:09.671-0600] {dagbag.py:540} INFO - Filling up the DagBag from /Users/felipejimenez/Desktop/AirFlow/.env/lib/python3.9/site-packages/airflow/example_dags/example_setup_teardown.py
[2024-04-14T16:04:09.674-0600] {processor.py:840} INFO - DAG(s) 'example_setup_teardown' retrieved from /Users/felipejimenez/Desktop/AirFlow/.env/lib/python3.9/site-packages/airflow/example_dags/example_setup_teardown.py
[2024-04-14T16:04:09.706-0600] {logging_mixin.py:188} INFO - [2024-04-14T16:04:09.706-0600] {dag.py:3096} INFO - Sync 1 DAGs
[2024-04-14T16:04:09.712-0600] {logging_mixin.py:188} INFO - [2024-04-14T16:04:09.712-0600] {dag.py:3954} INFO - Setting next_dagrun for example_setup_teardown to 2024-04-13 00:00:00+00:00, run_after=2024-04-14 00:00:00+00:00
[2024-04-14T16:04:09.718-0600] {processor.py:183} INFO - Processing /Users/felipejimenez/Desktop/AirFlow/.env/lib/python3.9/site-packages/airflow/example_dags/example_setup_teardown.py took 0.050 seconds
[2024-04-14T16:05:22.977-0600] {processor.py:161} INFO - Started process (PID=6019) to work on /Users/felipejimenez/Desktop/AirFlow/.env/lib/python3.9/site-packages/airflow/example_dags/example_setup_teardown.py
[2024-04-14T16:05:22.979-0600] {processor.py:830} INFO - Processing file /Users/felipejimenez/Desktop/AirFlow/.env/lib/python3.9/site-packages/airflow/example_dags/example_setup_teardown.py for tasks to queue
[2024-04-14T16:05:22.979-0600] {logging_mixin.py:188} INFO - [2024-04-14T16:05:22.979-0600] {dagbag.py:540} INFO - Filling up the DagBag from /Users/felipejimenez/Desktop/AirFlow/.env/lib/python3.9/site-packages/airflow/example_dags/example_setup_teardown.py
[2024-04-14T16:05:22.982-0600] {processor.py:840} INFO - DAG(s) 'example_setup_teardown' retrieved from /Users/felipejimenez/Desktop/AirFlow/.env/lib/python3.9/site-packages/airflow/example_dags/example_setup_teardown.py
[2024-04-14T16:05:23.014-0600] {logging_mixin.py:188} INFO - [2024-04-14T16:05:23.014-0600] {dag.py:3096} INFO - Sync 1 DAGs
[2024-04-14T16:05:23.020-0600] {logging_mixin.py:188} INFO - [2024-04-14T16:05:23.020-0600] {dag.py:3954} INFO - Setting next_dagrun for example_setup_teardown to 2024-04-13 00:00:00+00:00, run_after=2024-04-14 00:00:00+00:00
[2024-04-14T16:05:23.026-0600] {processor.py:183} INFO - Processing /Users/felipejimenez/Desktop/AirFlow/.env/lib/python3.9/site-packages/airflow/example_dags/example_setup_teardown.py took 0.049 seconds
