[2024-04-14T15:42:24.128-0600] {processor.py:161} INFO - Started process (PID=4083) to work on /Users/felipejimenez/Desktop/AirFlow/.env/lib/python3.9/site-packages/airflow/example_dags/example_sla_dag.py
[2024-04-14T15:42:24.129-0600] {processor.py:830} INFO - Processing file /Users/felipejimenez/Desktop/AirFlow/.env/lib/python3.9/site-packages/airflow/example_dags/example_sla_dag.py for tasks to queue
[2024-04-14T15:42:24.129-0600] {logging_mixin.py:188} INFO - [2024-04-14T15:42:24.129-0600] {dagbag.py:540} INFO - Filling up the DagBag from /Users/felipejimenez/Desktop/AirFlow/.env/lib/python3.9/site-packages/airflow/example_dags/example_sla_dag.py
[2024-04-14T15:42:24.143-0600] {processor.py:840} INFO - DAG(s) 'example_sla_dag' retrieved from /Users/felipejimenez/Desktop/AirFlow/.env/lib/python3.9/site-packages/airflow/example_dags/example_sla_dag.py
[2024-04-14T15:42:24.219-0600] {logging_mixin.py:188} INFO - [2024-04-14T15:42:24.219-0600] {override.py:1829} INFO - Created Permission View: can edit on DAG:example_sla_dag
[2024-04-14T15:42:24.222-0600] {logging_mixin.py:188} INFO - [2024-04-14T15:42:24.222-0600] {override.py:1829} INFO - Created Permission View: can delete on DAG:example_sla_dag
[2024-04-14T15:42:24.223-0600] {logging_mixin.py:188} INFO - [2024-04-14T15:42:24.223-0600] {override.py:1829} INFO - Created Permission View: can read on DAG:example_sla_dag
[2024-04-14T15:42:24.224-0600] {logging_mixin.py:188} INFO - [2024-04-14T15:42:24.223-0600] {dag.py:3096} INFO - Sync 1 DAGs
[2024-04-14T15:42:24.227-0600] {logging_mixin.py:188} INFO - [2024-04-14T15:42:24.227-0600] {dag.py:3118} INFO - Creating ORM DAG for example_sla_dag
[2024-04-14T15:42:24.232-0600] {logging_mixin.py:188} INFO - [2024-04-14T15:42:24.232-0600] {dag.py:3954} INFO - Setting next_dagrun for example_sla_dag to 2024-04-14 21:40:00+00:00, run_after=2024-04-14 21:42:00+00:00
[2024-04-14T15:42:24.236-0600] {processor.py:183} INFO - Processing /Users/felipejimenez/Desktop/AirFlow/.env/lib/python3.9/site-packages/airflow/example_dags/example_sla_dag.py took 0.109 seconds
[2024-04-14T15:43:40.148-0600] {processor.py:161} INFO - Started process (PID=4180) to work on /Users/felipejimenez/Desktop/AirFlow/.env/lib/python3.9/site-packages/airflow/example_dags/example_sla_dag.py
[2024-04-14T15:43:40.150-0600] {processor.py:830} INFO - Processing file /Users/felipejimenez/Desktop/AirFlow/.env/lib/python3.9/site-packages/airflow/example_dags/example_sla_dag.py for tasks to queue
[2024-04-14T15:43:40.150-0600] {logging_mixin.py:188} INFO - [2024-04-14T15:43:40.150-0600] {dagbag.py:540} INFO - Filling up the DagBag from /Users/felipejimenez/Desktop/AirFlow/.env/lib/python3.9/site-packages/airflow/example_dags/example_sla_dag.py
[2024-04-14T15:43:40.163-0600] {processor.py:840} INFO - DAG(s) 'example_sla_dag' retrieved from /Users/felipejimenez/Desktop/AirFlow/.env/lib/python3.9/site-packages/airflow/example_dags/example_sla_dag.py
[2024-04-14T15:43:40.196-0600] {logging_mixin.py:188} INFO - [2024-04-14T15:43:40.196-0600] {dag.py:3096} INFO - Sync 1 DAGs
[2024-04-14T15:43:40.225-0600] {logging_mixin.py:188} INFO - [2024-04-14T15:43:40.225-0600] {dag.py:3954} INFO - Setting next_dagrun for example_sla_dag to 2024-04-14 21:40:00+00:00, run_after=2024-04-14 21:42:00+00:00
[2024-04-14T15:43:40.231-0600] {processor.py:183} INFO - Processing /Users/felipejimenez/Desktop/AirFlow/.env/lib/python3.9/site-packages/airflow/example_dags/example_sla_dag.py took 0.083 seconds
[2024-04-14T15:45:06.902-0600] {processor.py:161} INFO - Started process (PID=4285) to work on /Users/felipejimenez/Desktop/AirFlow/.env/lib/python3.9/site-packages/airflow/example_dags/example_sla_dag.py
[2024-04-14T15:45:06.904-0600] {processor.py:830} INFO - Processing file /Users/felipejimenez/Desktop/AirFlow/.env/lib/python3.9/site-packages/airflow/example_dags/example_sla_dag.py for tasks to queue
[2024-04-14T15:45:06.904-0600] {logging_mixin.py:188} INFO - [2024-04-14T15:45:06.904-0600] {dagbag.py:540} INFO - Filling up the DagBag from /Users/felipejimenez/Desktop/AirFlow/.env/lib/python3.9/site-packages/airflow/example_dags/example_sla_dag.py
[2024-04-14T15:45:06.917-0600] {processor.py:840} INFO - DAG(s) 'example_sla_dag' retrieved from /Users/felipejimenez/Desktop/AirFlow/.env/lib/python3.9/site-packages/airflow/example_dags/example_sla_dag.py
[2024-04-14T15:45:06.948-0600] {logging_mixin.py:188} INFO - [2024-04-14T15:45:06.948-0600] {dag.py:3096} INFO - Sync 1 DAGs
[2024-04-14T15:45:06.973-0600] {logging_mixin.py:188} INFO - [2024-04-14T15:45:06.973-0600] {dag.py:3954} INFO - Setting next_dagrun for example_sla_dag to 2024-04-14 21:42:00+00:00, run_after=2024-04-14 21:44:00+00:00
[2024-04-14T15:45:06.978-0600] {processor.py:183} INFO - Processing /Users/felipejimenez/Desktop/AirFlow/.env/lib/python3.9/site-packages/airflow/example_dags/example_sla_dag.py took 0.077 seconds
[2024-04-14T15:46:29.846-0600] {processor.py:161} INFO - Started process (PID=4381) to work on /Users/felipejimenez/Desktop/AirFlow/.env/lib/python3.9/site-packages/airflow/example_dags/example_sla_dag.py
[2024-04-14T15:46:29.847-0600] {processor.py:830} INFO - Processing file /Users/felipejimenez/Desktop/AirFlow/.env/lib/python3.9/site-packages/airflow/example_dags/example_sla_dag.py for tasks to queue
[2024-04-14T15:46:29.848-0600] {logging_mixin.py:188} INFO - [2024-04-14T15:46:29.848-0600] {dagbag.py:540} INFO - Filling up the DagBag from /Users/felipejimenez/Desktop/AirFlow/.env/lib/python3.9/site-packages/airflow/example_dags/example_sla_dag.py
[2024-04-14T15:46:29.860-0600] {processor.py:840} INFO - DAG(s) 'example_sla_dag' retrieved from /Users/felipejimenez/Desktop/AirFlow/.env/lib/python3.9/site-packages/airflow/example_dags/example_sla_dag.py
[2024-04-14T15:46:29.891-0600] {logging_mixin.py:188} INFO - [2024-04-14T15:46:29.890-0600] {dag.py:3096} INFO - Sync 1 DAGs
[2024-04-14T15:46:29.915-0600] {logging_mixin.py:188} INFO - [2024-04-14T15:46:29.915-0600] {dag.py:3954} INFO - Setting next_dagrun for example_sla_dag to 2024-04-14 21:44:00+00:00, run_after=2024-04-14 21:46:00+00:00
[2024-04-14T15:46:29.920-0600] {processor.py:183} INFO - Processing /Users/felipejimenez/Desktop/AirFlow/.env/lib/python3.9/site-packages/airflow/example_dags/example_sla_dag.py took 0.075 seconds
[2024-04-14T15:48:03.564-0600] {processor.py:161} INFO - Started process (PID=4494) to work on /Users/felipejimenez/Desktop/AirFlow/.env/lib/python3.9/site-packages/airflow/example_dags/example_sla_dag.py
[2024-04-14T15:48:03.565-0600] {processor.py:830} INFO - Processing file /Users/felipejimenez/Desktop/AirFlow/.env/lib/python3.9/site-packages/airflow/example_dags/example_sla_dag.py for tasks to queue
[2024-04-14T15:48:03.566-0600] {logging_mixin.py:188} INFO - [2024-04-14T15:48:03.565-0600] {dagbag.py:540} INFO - Filling up the DagBag from /Users/felipejimenez/Desktop/AirFlow/.env/lib/python3.9/site-packages/airflow/example_dags/example_sla_dag.py
[2024-04-14T15:48:03.578-0600] {processor.py:840} INFO - DAG(s) 'example_sla_dag' retrieved from /Users/felipejimenez/Desktop/AirFlow/.env/lib/python3.9/site-packages/airflow/example_dags/example_sla_dag.py
[2024-04-14T15:48:03.609-0600] {logging_mixin.py:188} INFO - [2024-04-14T15:48:03.609-0600] {dag.py:3096} INFO - Sync 1 DAGs
[2024-04-14T15:48:03.633-0600] {logging_mixin.py:188} INFO - [2024-04-14T15:48:03.633-0600] {dag.py:3954} INFO - Setting next_dagrun for example_sla_dag to 2024-04-14 21:46:00+00:00, run_after=2024-04-14 21:48:00+00:00
[2024-04-14T15:48:03.638-0600] {processor.py:183} INFO - Processing /Users/felipejimenez/Desktop/AirFlow/.env/lib/python3.9/site-packages/airflow/example_dags/example_sla_dag.py took 0.076 seconds
[2024-04-14T15:49:32.420-0600] {processor.py:161} INFO - Started process (PID=4664) to work on /Users/felipejimenez/Desktop/AirFlow/.env/lib/python3.9/site-packages/airflow/example_dags/example_sla_dag.py
[2024-04-14T15:49:32.421-0600] {processor.py:830} INFO - Processing file /Users/felipejimenez/Desktop/AirFlow/.env/lib/python3.9/site-packages/airflow/example_dags/example_sla_dag.py for tasks to queue
[2024-04-14T15:49:32.422-0600] {logging_mixin.py:188} INFO - [2024-04-14T15:49:32.421-0600] {dagbag.py:540} INFO - Filling up the DagBag from /Users/felipejimenez/Desktop/AirFlow/.env/lib/python3.9/site-packages/airflow/example_dags/example_sla_dag.py
[2024-04-14T15:49:32.434-0600] {processor.py:840} INFO - DAG(s) 'example_sla_dag' retrieved from /Users/felipejimenez/Desktop/AirFlow/.env/lib/python3.9/site-packages/airflow/example_dags/example_sla_dag.py
[2024-04-14T15:49:32.466-0600] {logging_mixin.py:188} INFO - [2024-04-14T15:49:32.466-0600] {dag.py:3096} INFO - Sync 1 DAGs
[2024-04-14T15:49:32.492-0600] {logging_mixin.py:188} INFO - [2024-04-14T15:49:32.492-0600] {dag.py:3954} INFO - Setting next_dagrun for example_sla_dag to 2024-04-14 21:46:00+00:00, run_after=2024-04-14 21:48:00+00:00
[2024-04-14T15:49:32.498-0600] {processor.py:183} INFO - Processing /Users/felipejimenez/Desktop/AirFlow/.env/lib/python3.9/site-packages/airflow/example_dags/example_sla_dag.py took 0.079 seconds
[2024-04-14T15:50:59.437-0600] {processor.py:161} INFO - Started process (PID=4766) to work on /Users/felipejimenez/Desktop/AirFlow/.env/lib/python3.9/site-packages/airflow/example_dags/example_sla_dag.py
[2024-04-14T15:50:59.439-0600] {processor.py:830} INFO - Processing file /Users/felipejimenez/Desktop/AirFlow/.env/lib/python3.9/site-packages/airflow/example_dags/example_sla_dag.py for tasks to queue
[2024-04-14T15:50:59.439-0600] {logging_mixin.py:188} INFO - [2024-04-14T15:50:59.439-0600] {dagbag.py:540} INFO - Filling up the DagBag from /Users/felipejimenez/Desktop/AirFlow/.env/lib/python3.9/site-packages/airflow/example_dags/example_sla_dag.py
[2024-04-14T15:50:59.451-0600] {processor.py:840} INFO - DAG(s) 'example_sla_dag' retrieved from /Users/felipejimenez/Desktop/AirFlow/.env/lib/python3.9/site-packages/airflow/example_dags/example_sla_dag.py
[2024-04-14T15:50:59.483-0600] {logging_mixin.py:188} INFO - [2024-04-14T15:50:59.483-0600] {dag.py:3096} INFO - Sync 1 DAGs
[2024-04-14T15:50:59.508-0600] {logging_mixin.py:188} INFO - [2024-04-14T15:50:59.508-0600] {dag.py:3954} INFO - Setting next_dagrun for example_sla_dag to 2024-04-14 21:48:00+00:00, run_after=2024-04-14 21:50:00+00:00
[2024-04-14T15:50:59.514-0600] {processor.py:183} INFO - Processing /Users/felipejimenez/Desktop/AirFlow/.env/lib/python3.9/site-packages/airflow/example_dags/example_sla_dag.py took 0.077 seconds
[2024-04-14T15:52:28.491-0600] {processor.py:161} INFO - Started process (PID=4903) to work on /Users/felipejimenez/Desktop/AirFlow/.env/lib/python3.9/site-packages/airflow/example_dags/example_sla_dag.py
[2024-04-14T15:52:28.493-0600] {processor.py:830} INFO - Processing file /Users/felipejimenez/Desktop/AirFlow/.env/lib/python3.9/site-packages/airflow/example_dags/example_sla_dag.py for tasks to queue
[2024-04-14T15:52:28.493-0600] {logging_mixin.py:188} INFO - [2024-04-14T15:52:28.493-0600] {dagbag.py:540} INFO - Filling up the DagBag from /Users/felipejimenez/Desktop/AirFlow/.env/lib/python3.9/site-packages/airflow/example_dags/example_sla_dag.py
[2024-04-14T15:52:28.506-0600] {processor.py:840} INFO - DAG(s) 'example_sla_dag' retrieved from /Users/felipejimenez/Desktop/AirFlow/.env/lib/python3.9/site-packages/airflow/example_dags/example_sla_dag.py
[2024-04-14T15:52:28.537-0600] {logging_mixin.py:188} INFO - [2024-04-14T15:52:28.537-0600] {dag.py:3096} INFO - Sync 1 DAGs
[2024-04-14T15:52:28.562-0600] {logging_mixin.py:188} INFO - [2024-04-14T15:52:28.562-0600] {dag.py:3954} INFO - Setting next_dagrun for example_sla_dag to 2024-04-14 21:50:00+00:00, run_after=2024-04-14 21:52:00+00:00
[2024-04-14T15:52:28.568-0600] {processor.py:183} INFO - Processing /Users/felipejimenez/Desktop/AirFlow/.env/lib/python3.9/site-packages/airflow/example_dags/example_sla_dag.py took 0.078 seconds
[2024-04-14T15:53:55.225-0600] {processor.py:161} INFO - Started process (PID=5033) to work on /Users/felipejimenez/Desktop/AirFlow/.env/lib/python3.9/site-packages/airflow/example_dags/example_sla_dag.py
[2024-04-14T15:53:55.226-0600] {processor.py:830} INFO - Processing file /Users/felipejimenez/Desktop/AirFlow/.env/lib/python3.9/site-packages/airflow/example_dags/example_sla_dag.py for tasks to queue
[2024-04-14T15:53:55.227-0600] {logging_mixin.py:188} INFO - [2024-04-14T15:53:55.226-0600] {dagbag.py:540} INFO - Filling up the DagBag from /Users/felipejimenez/Desktop/AirFlow/.env/lib/python3.9/site-packages/airflow/example_dags/example_sla_dag.py
[2024-04-14T15:53:55.238-0600] {processor.py:840} INFO - DAG(s) 'example_sla_dag' retrieved from /Users/felipejimenez/Desktop/AirFlow/.env/lib/python3.9/site-packages/airflow/example_dags/example_sla_dag.py
[2024-04-14T15:53:55.269-0600] {logging_mixin.py:188} INFO - [2024-04-14T15:53:55.269-0600] {dag.py:3096} INFO - Sync 1 DAGs
[2024-04-14T15:53:55.293-0600] {logging_mixin.py:188} INFO - [2024-04-14T15:53:55.293-0600] {dag.py:3954} INFO - Setting next_dagrun for example_sla_dag to 2024-04-14 21:50:00+00:00, run_after=2024-04-14 21:52:00+00:00
[2024-04-14T15:53:55.298-0600] {processor.py:183} INFO - Processing /Users/felipejimenez/Desktop/AirFlow/.env/lib/python3.9/site-packages/airflow/example_dags/example_sla_dag.py took 0.075 seconds
[2024-04-14T15:56:04.206-0600] {processor.py:161} INFO - Started process (PID=5199) to work on /Users/felipejimenez/Desktop/AirFlow/.env/lib/python3.9/site-packages/airflow/example_dags/example_sla_dag.py
[2024-04-14T15:56:04.207-0600] {processor.py:830} INFO - Processing file /Users/felipejimenez/Desktop/AirFlow/.env/lib/python3.9/site-packages/airflow/example_dags/example_sla_dag.py for tasks to queue
[2024-04-14T15:56:04.207-0600] {logging_mixin.py:188} INFO - [2024-04-14T15:56:04.207-0600] {dagbag.py:540} INFO - Filling up the DagBag from /Users/felipejimenez/Desktop/AirFlow/.env/lib/python3.9/site-packages/airflow/example_dags/example_sla_dag.py
[2024-04-14T15:56:04.219-0600] {processor.py:840} INFO - DAG(s) 'example_sla_dag' retrieved from /Users/felipejimenez/Desktop/AirFlow/.env/lib/python3.9/site-packages/airflow/example_dags/example_sla_dag.py
[2024-04-14T15:56:04.250-0600] {logging_mixin.py:188} INFO - [2024-04-14T15:56:04.250-0600] {dag.py:3096} INFO - Sync 1 DAGs
[2024-04-14T15:56:04.277-0600] {logging_mixin.py:188} INFO - [2024-04-14T15:56:04.277-0600] {dag.py:3954} INFO - Setting next_dagrun for example_sla_dag to 2024-04-14 21:54:00+00:00, run_after=2024-04-14 21:56:00+00:00
[2024-04-14T15:56:04.282-0600] {processor.py:183} INFO - Processing /Users/felipejimenez/Desktop/AirFlow/.env/lib/python3.9/site-packages/airflow/example_dags/example_sla_dag.py took 0.077 seconds
[2024-04-14T15:57:17.403-0600] {processor.py:161} INFO - Started process (PID=5307) to work on /Users/felipejimenez/Desktop/AirFlow/.env/lib/python3.9/site-packages/airflow/example_dags/example_sla_dag.py
[2024-04-14T15:57:17.405-0600] {processor.py:830} INFO - Processing file /Users/felipejimenez/Desktop/AirFlow/.env/lib/python3.9/site-packages/airflow/example_dags/example_sla_dag.py for tasks to queue
[2024-04-14T15:57:17.405-0600] {logging_mixin.py:188} INFO - [2024-04-14T15:57:17.405-0600] {dagbag.py:540} INFO - Filling up the DagBag from /Users/felipejimenez/Desktop/AirFlow/.env/lib/python3.9/site-packages/airflow/example_dags/example_sla_dag.py
[2024-04-14T15:57:17.418-0600] {processor.py:840} INFO - DAG(s) 'example_sla_dag' retrieved from /Users/felipejimenez/Desktop/AirFlow/.env/lib/python3.9/site-packages/airflow/example_dags/example_sla_dag.py
[2024-04-14T15:57:17.451-0600] {logging_mixin.py:188} INFO - [2024-04-14T15:57:17.450-0600] {dag.py:3096} INFO - Sync 1 DAGs
[2024-04-14T15:57:17.479-0600] {logging_mixin.py:188} INFO - [2024-04-14T15:57:17.478-0600] {dag.py:3954} INFO - Setting next_dagrun for example_sla_dag to 2024-04-14 21:54:00+00:00, run_after=2024-04-14 21:56:00+00:00
[2024-04-14T15:57:17.484-0600] {processor.py:183} INFO - Processing /Users/felipejimenez/Desktop/AirFlow/.env/lib/python3.9/site-packages/airflow/example_dags/example_sla_dag.py took 0.082 seconds
[2024-04-14T15:58:45.045-0600] {processor.py:161} INFO - Started process (PID=5461) to work on /Users/felipejimenez/Desktop/AirFlow/.env/lib/python3.9/site-packages/airflow/example_dags/example_sla_dag.py
[2024-04-14T15:58:45.046-0600] {processor.py:830} INFO - Processing file /Users/felipejimenez/Desktop/AirFlow/.env/lib/python3.9/site-packages/airflow/example_dags/example_sla_dag.py for tasks to queue
[2024-04-14T15:58:45.047-0600] {logging_mixin.py:188} INFO - [2024-04-14T15:58:45.047-0600] {dagbag.py:540} INFO - Filling up the DagBag from /Users/felipejimenez/Desktop/AirFlow/.env/lib/python3.9/site-packages/airflow/example_dags/example_sla_dag.py
[2024-04-14T15:58:45.061-0600] {processor.py:840} INFO - DAG(s) 'example_sla_dag' retrieved from /Users/felipejimenez/Desktop/AirFlow/.env/lib/python3.9/site-packages/airflow/example_dags/example_sla_dag.py
[2024-04-14T15:58:45.094-0600] {logging_mixin.py:188} INFO - [2024-04-14T15:58:45.094-0600] {dag.py:3096} INFO - Sync 1 DAGs
[2024-04-14T15:58:45.122-0600] {logging_mixin.py:188} INFO - [2024-04-14T15:58:45.122-0600] {dag.py:3954} INFO - Setting next_dagrun for example_sla_dag to 2024-04-14 21:56:00+00:00, run_after=2024-04-14 21:58:00+00:00
[2024-04-14T15:58:45.128-0600] {processor.py:183} INFO - Processing /Users/felipejimenez/Desktop/AirFlow/.env/lib/python3.9/site-packages/airflow/example_dags/example_sla_dag.py took 0.085 seconds
[2024-04-14T16:00:12.331-0600] {processor.py:161} INFO - Started process (PID=5561) to work on /Users/felipejimenez/Desktop/AirFlow/.env/lib/python3.9/site-packages/airflow/example_dags/example_sla_dag.py
[2024-04-14T16:00:12.333-0600] {processor.py:830} INFO - Processing file /Users/felipejimenez/Desktop/AirFlow/.env/lib/python3.9/site-packages/airflow/example_dags/example_sla_dag.py for tasks to queue
[2024-04-14T16:00:12.333-0600] {logging_mixin.py:188} INFO - [2024-04-14T16:00:12.333-0600] {dagbag.py:540} INFO - Filling up the DagBag from /Users/felipejimenez/Desktop/AirFlow/.env/lib/python3.9/site-packages/airflow/example_dags/example_sla_dag.py
[2024-04-14T16:00:12.347-0600] {processor.py:840} INFO - DAG(s) 'example_sla_dag' retrieved from /Users/felipejimenez/Desktop/AirFlow/.env/lib/python3.9/site-packages/airflow/example_dags/example_sla_dag.py
[2024-04-14T16:00:12.379-0600] {logging_mixin.py:188} INFO - [2024-04-14T16:00:12.379-0600] {dag.py:3096} INFO - Sync 1 DAGs
[2024-04-14T16:00:12.407-0600] {logging_mixin.py:188} INFO - [2024-04-14T16:00:12.407-0600] {dag.py:3954} INFO - Setting next_dagrun for example_sla_dag to 2024-04-14 21:58:00+00:00, run_after=2024-04-14 22:00:00+00:00
[2024-04-14T16:00:12.413-0600] {processor.py:183} INFO - Processing /Users/felipejimenez/Desktop/AirFlow/.env/lib/python3.9/site-packages/airflow/example_dags/example_sla_dag.py took 0.082 seconds
[2024-04-14T16:01:37.650-0600] {processor.py:161} INFO - Started process (PID=5658) to work on /Users/felipejimenez/Desktop/AirFlow/.env/lib/python3.9/site-packages/airflow/example_dags/example_sla_dag.py
[2024-04-14T16:01:37.652-0600] {processor.py:830} INFO - Processing file /Users/felipejimenez/Desktop/AirFlow/.env/lib/python3.9/site-packages/airflow/example_dags/example_sla_dag.py for tasks to queue
[2024-04-14T16:01:37.652-0600] {logging_mixin.py:188} INFO - [2024-04-14T16:01:37.652-0600] {dagbag.py:540} INFO - Filling up the DagBag from /Users/felipejimenez/Desktop/AirFlow/.env/lib/python3.9/site-packages/airflow/example_dags/example_sla_dag.py
[2024-04-14T16:01:37.665-0600] {processor.py:840} INFO - DAG(s) 'example_sla_dag' retrieved from /Users/felipejimenez/Desktop/AirFlow/.env/lib/python3.9/site-packages/airflow/example_dags/example_sla_dag.py
[2024-04-14T16:01:37.696-0600] {logging_mixin.py:188} INFO - [2024-04-14T16:01:37.696-0600] {dag.py:3096} INFO - Sync 1 DAGs
[2024-04-14T16:01:37.720-0600] {logging_mixin.py:188} INFO - [2024-04-14T16:01:37.719-0600] {dag.py:3954} INFO - Setting next_dagrun for example_sla_dag to 2024-04-14 21:58:00+00:00, run_after=2024-04-14 22:00:00+00:00
[2024-04-14T16:01:37.725-0600] {processor.py:183} INFO - Processing /Users/felipejimenez/Desktop/AirFlow/.env/lib/python3.9/site-packages/airflow/example_dags/example_sla_dag.py took 0.076 seconds
[2024-04-14T16:04:02.383-0600] {processor.py:161} INFO - Started process (PID=5870) to work on /Users/felipejimenez/Desktop/AirFlow/.env/lib/python3.9/site-packages/airflow/example_dags/example_sla_dag.py
[2024-04-14T16:04:02.385-0600] {processor.py:830} INFO - Processing file /Users/felipejimenez/Desktop/AirFlow/.env/lib/python3.9/site-packages/airflow/example_dags/example_sla_dag.py for tasks to queue
[2024-04-14T16:04:02.385-0600] {logging_mixin.py:188} INFO - [2024-04-14T16:04:02.385-0600] {dagbag.py:540} INFO - Filling up the DagBag from /Users/felipejimenez/Desktop/AirFlow/.env/lib/python3.9/site-packages/airflow/example_dags/example_sla_dag.py
[2024-04-14T16:04:02.398-0600] {processor.py:840} INFO - DAG(s) 'example_sla_dag' retrieved from /Users/felipejimenez/Desktop/AirFlow/.env/lib/python3.9/site-packages/airflow/example_dags/example_sla_dag.py
[2024-04-14T16:04:02.432-0600] {logging_mixin.py:188} INFO - [2024-04-14T16:04:02.432-0600] {dag.py:3096} INFO - Sync 1 DAGs
[2024-04-14T16:04:02.459-0600] {logging_mixin.py:188} INFO - [2024-04-14T16:04:02.459-0600] {dag.py:3954} INFO - Setting next_dagrun for example_sla_dag to 2024-04-14 22:02:00+00:00, run_after=2024-04-14 22:04:00+00:00
[2024-04-14T16:04:02.464-0600] {processor.py:183} INFO - Processing /Users/felipejimenez/Desktop/AirFlow/.env/lib/python3.9/site-packages/airflow/example_dags/example_sla_dag.py took 0.082 seconds
[2024-04-14T16:05:15.478-0600] {processor.py:161} INFO - Started process (PID=6005) to work on /Users/felipejimenez/Desktop/AirFlow/.env/lib/python3.9/site-packages/airflow/example_dags/example_sla_dag.py
[2024-04-14T16:05:15.480-0600] {processor.py:830} INFO - Processing file /Users/felipejimenez/Desktop/AirFlow/.env/lib/python3.9/site-packages/airflow/example_dags/example_sla_dag.py for tasks to queue
[2024-04-14T16:05:15.481-0600] {logging_mixin.py:188} INFO - [2024-04-14T16:05:15.481-0600] {dagbag.py:540} INFO - Filling up the DagBag from /Users/felipejimenez/Desktop/AirFlow/.env/lib/python3.9/site-packages/airflow/example_dags/example_sla_dag.py
[2024-04-14T16:05:15.493-0600] {processor.py:840} INFO - DAG(s) 'example_sla_dag' retrieved from /Users/felipejimenez/Desktop/AirFlow/.env/lib/python3.9/site-packages/airflow/example_dags/example_sla_dag.py
[2024-04-14T16:05:15.525-0600] {logging_mixin.py:188} INFO - [2024-04-14T16:05:15.524-0600] {dag.py:3096} INFO - Sync 1 DAGs
[2024-04-14T16:05:15.549-0600] {logging_mixin.py:188} INFO - [2024-04-14T16:05:15.548-0600] {dag.py:3954} INFO - Setting next_dagrun for example_sla_dag to 2024-04-14 22:02:00+00:00, run_after=2024-04-14 22:04:00+00:00
[2024-04-14T16:05:15.554-0600] {processor.py:183} INFO - Processing /Users/felipejimenez/Desktop/AirFlow/.env/lib/python3.9/site-packages/airflow/example_dags/example_sla_dag.py took 0.077 seconds
