[2024-04-14T15:43:10.389-0600] {processor.py:161} INFO - Started process (PID=4143) to work on /Users/felipejimenez/Desktop/AirFlow/.env/lib/python3.9/site-packages/airflow/example_dags/example_bash_operator.py
[2024-04-14T15:43:10.390-0600] {processor.py:830} INFO - Processing file /Users/felipejimenez/Desktop/AirFlow/.env/lib/python3.9/site-packages/airflow/example_dags/example_bash_operator.py for tasks to queue
[2024-04-14T15:43:10.390-0600] {logging_mixin.py:188} INFO - [2024-04-14T15:43:10.390-0600] {dagbag.py:540} INFO - Filling up the DagBag from /Users/felipejimenez/Desktop/AirFlow/.env/lib/python3.9/site-packages/airflow/example_dags/example_bash_operator.py
[2024-04-14T15:43:10.395-0600] {processor.py:840} INFO - DAG(s) 'example_bash_operator' retrieved from /Users/felipejimenez/Desktop/AirFlow/.env/lib/python3.9/site-packages/airflow/example_dags/example_bash_operator.py
[2024-04-14T15:43:10.472-0600] {logging_mixin.py:188} INFO - [2024-04-14T15:43:10.472-0600] {override.py:1829} INFO - Created Permission View: can edit on DAG:example_bash_operator
[2024-04-14T15:43:10.475-0600] {logging_mixin.py:188} INFO - [2024-04-14T15:43:10.475-0600] {override.py:1829} INFO - Created Permission View: can delete on DAG:example_bash_operator
[2024-04-14T15:43:10.476-0600] {logging_mixin.py:188} INFO - [2024-04-14T15:43:10.476-0600] {override.py:1829} INFO - Created Permission View: can read on DAG:example_bash_operator
[2024-04-14T15:43:10.477-0600] {logging_mixin.py:188} INFO - [2024-04-14T15:43:10.477-0600] {dag.py:3096} INFO - Sync 1 DAGs
[2024-04-14T15:43:10.480-0600] {logging_mixin.py:188} INFO - [2024-04-14T15:43:10.480-0600] {dag.py:3118} INFO - Creating ORM DAG for example_bash_operator
[2024-04-14T15:43:10.482-0600] {logging_mixin.py:188} INFO - [2024-04-14T15:43:10.482-0600] {dag.py:3954} INFO - Setting next_dagrun for example_bash_operator to 2024-04-13 00:00:00+00:00, run_after=2024-04-14 00:00:00+00:00
[2024-04-14T15:43:10.487-0600] {processor.py:183} INFO - Processing /Users/felipejimenez/Desktop/AirFlow/.env/lib/python3.9/site-packages/airflow/example_dags/example_bash_operator.py took 0.100 seconds
[2024-04-14T15:44:37.393-0600] {processor.py:161} INFO - Started process (PID=4246) to work on /Users/felipejimenez/Desktop/AirFlow/.env/lib/python3.9/site-packages/airflow/example_dags/example_bash_operator.py
[2024-04-14T15:44:37.395-0600] {processor.py:830} INFO - Processing file /Users/felipejimenez/Desktop/AirFlow/.env/lib/python3.9/site-packages/airflow/example_dags/example_bash_operator.py for tasks to queue
[2024-04-14T15:44:37.395-0600] {logging_mixin.py:188} INFO - [2024-04-14T15:44:37.395-0600] {dagbag.py:540} INFO - Filling up the DagBag from /Users/felipejimenez/Desktop/AirFlow/.env/lib/python3.9/site-packages/airflow/example_dags/example_bash_operator.py
[2024-04-14T15:44:37.399-0600] {processor.py:840} INFO - DAG(s) 'example_bash_operator' retrieved from /Users/felipejimenez/Desktop/AirFlow/.env/lib/python3.9/site-packages/airflow/example_dags/example_bash_operator.py
[2024-04-14T15:44:37.434-0600] {logging_mixin.py:188} INFO - [2024-04-14T15:44:37.433-0600] {dag.py:3096} INFO - Sync 1 DAGs
[2024-04-14T15:44:37.439-0600] {logging_mixin.py:188} INFO - [2024-04-14T15:44:37.439-0600] {dag.py:3954} INFO - Setting next_dagrun for example_bash_operator to 2024-04-13 00:00:00+00:00, run_after=2024-04-14 00:00:00+00:00
[2024-04-14T15:44:37.461-0600] {processor.py:183} INFO - Processing /Users/felipejimenez/Desktop/AirFlow/.env/lib/python3.9/site-packages/airflow/example_dags/example_bash_operator.py took 0.069 seconds
[2024-04-14T15:46:03.046-0600] {processor.py:161} INFO - Started process (PID=4352) to work on /Users/felipejimenez/Desktop/AirFlow/.env/lib/python3.9/site-packages/airflow/example_dags/example_bash_operator.py
[2024-04-14T15:46:03.048-0600] {processor.py:830} INFO - Processing file /Users/felipejimenez/Desktop/AirFlow/.env/lib/python3.9/site-packages/airflow/example_dags/example_bash_operator.py for tasks to queue
[2024-04-14T15:46:03.048-0600] {logging_mixin.py:188} INFO - [2024-04-14T15:46:03.048-0600] {dagbag.py:540} INFO - Filling up the DagBag from /Users/felipejimenez/Desktop/AirFlow/.env/lib/python3.9/site-packages/airflow/example_dags/example_bash_operator.py
[2024-04-14T15:46:03.052-0600] {processor.py:840} INFO - DAG(s) 'example_bash_operator' retrieved from /Users/felipejimenez/Desktop/AirFlow/.env/lib/python3.9/site-packages/airflow/example_dags/example_bash_operator.py
[2024-04-14T15:46:03.087-0600] {logging_mixin.py:188} INFO - [2024-04-14T15:46:03.087-0600] {dag.py:3096} INFO - Sync 1 DAGs
[2024-04-14T15:46:03.092-0600] {logging_mixin.py:188} INFO - [2024-04-14T15:46:03.092-0600] {dag.py:3954} INFO - Setting next_dagrun for example_bash_operator to 2024-04-13 00:00:00+00:00, run_after=2024-04-14 00:00:00+00:00
[2024-04-14T15:46:03.115-0600] {processor.py:183} INFO - Processing /Users/felipejimenez/Desktop/AirFlow/.env/lib/python3.9/site-packages/airflow/example_dags/example_bash_operator.py took 0.070 seconds
[2024-04-14T15:47:32.760-0600] {processor.py:161} INFO - Started process (PID=4456) to work on /Users/felipejimenez/Desktop/AirFlow/.env/lib/python3.9/site-packages/airflow/example_dags/example_bash_operator.py
[2024-04-14T15:47:32.761-0600] {processor.py:830} INFO - Processing file /Users/felipejimenez/Desktop/AirFlow/.env/lib/python3.9/site-packages/airflow/example_dags/example_bash_operator.py for tasks to queue
[2024-04-14T15:47:32.762-0600] {logging_mixin.py:188} INFO - [2024-04-14T15:47:32.761-0600] {dagbag.py:540} INFO - Filling up the DagBag from /Users/felipejimenez/Desktop/AirFlow/.env/lib/python3.9/site-packages/airflow/example_dags/example_bash_operator.py
[2024-04-14T15:47:32.766-0600] {processor.py:840} INFO - DAG(s) 'example_bash_operator' retrieved from /Users/felipejimenez/Desktop/AirFlow/.env/lib/python3.9/site-packages/airflow/example_dags/example_bash_operator.py
[2024-04-14T15:47:32.800-0600] {logging_mixin.py:188} INFO - [2024-04-14T15:47:32.800-0600] {dag.py:3096} INFO - Sync 1 DAGs
[2024-04-14T15:47:32.806-0600] {logging_mixin.py:188} INFO - [2024-04-14T15:47:32.805-0600] {dag.py:3954} INFO - Setting next_dagrun for example_bash_operator to 2024-04-13 00:00:00+00:00, run_after=2024-04-14 00:00:00+00:00
[2024-04-14T15:47:32.828-0600] {processor.py:183} INFO - Processing /Users/felipejimenez/Desktop/AirFlow/.env/lib/python3.9/site-packages/airflow/example_dags/example_bash_operator.py took 0.069 seconds
[2024-04-14T15:49:04.127-0600] {processor.py:161} INFO - Started process (PID=4621) to work on /Users/felipejimenez/Desktop/AirFlow/.env/lib/python3.9/site-packages/airflow/example_dags/example_bash_operator.py
[2024-04-14T15:49:04.129-0600] {processor.py:830} INFO - Processing file /Users/felipejimenez/Desktop/AirFlow/.env/lib/python3.9/site-packages/airflow/example_dags/example_bash_operator.py for tasks to queue
[2024-04-14T15:49:04.129-0600] {logging_mixin.py:188} INFO - [2024-04-14T15:49:04.129-0600] {dagbag.py:540} INFO - Filling up the DagBag from /Users/felipejimenez/Desktop/AirFlow/.env/lib/python3.9/site-packages/airflow/example_dags/example_bash_operator.py
[2024-04-14T15:49:04.133-0600] {processor.py:840} INFO - DAG(s) 'example_bash_operator' retrieved from /Users/felipejimenez/Desktop/AirFlow/.env/lib/python3.9/site-packages/airflow/example_dags/example_bash_operator.py
[2024-04-14T15:49:04.168-0600] {logging_mixin.py:188} INFO - [2024-04-14T15:49:04.168-0600] {dag.py:3096} INFO - Sync 1 DAGs
[2024-04-14T15:49:04.173-0600] {logging_mixin.py:188} INFO - [2024-04-14T15:49:04.173-0600] {dag.py:3954} INFO - Setting next_dagrun for example_bash_operator to 2024-04-13 00:00:00+00:00, run_after=2024-04-14 00:00:00+00:00
[2024-04-14T15:49:04.196-0600] {processor.py:183} INFO - Processing /Users/felipejimenez/Desktop/AirFlow/.env/lib/python3.9/site-packages/airflow/example_dags/example_bash_operator.py took 0.070 seconds
[2024-04-14T15:50:30.922-0600] {processor.py:161} INFO - Started process (PID=4736) to work on /Users/felipejimenez/Desktop/AirFlow/.env/lib/python3.9/site-packages/airflow/example_dags/example_bash_operator.py
[2024-04-14T15:50:30.923-0600] {processor.py:830} INFO - Processing file /Users/felipejimenez/Desktop/AirFlow/.env/lib/python3.9/site-packages/airflow/example_dags/example_bash_operator.py for tasks to queue
[2024-04-14T15:50:30.924-0600] {logging_mixin.py:188} INFO - [2024-04-14T15:50:30.923-0600] {dagbag.py:540} INFO - Filling up the DagBag from /Users/felipejimenez/Desktop/AirFlow/.env/lib/python3.9/site-packages/airflow/example_dags/example_bash_operator.py
[2024-04-14T15:50:30.928-0600] {processor.py:840} INFO - DAG(s) 'example_bash_operator' retrieved from /Users/felipejimenez/Desktop/AirFlow/.env/lib/python3.9/site-packages/airflow/example_dags/example_bash_operator.py
[2024-04-14T15:50:30.964-0600] {logging_mixin.py:188} INFO - [2024-04-14T15:50:30.964-0600] {dag.py:3096} INFO - Sync 1 DAGs
[2024-04-14T15:50:30.969-0600] {logging_mixin.py:188} INFO - [2024-04-14T15:50:30.969-0600] {dag.py:3954} INFO - Setting next_dagrun for example_bash_operator to 2024-04-13 00:00:00+00:00, run_after=2024-04-14 00:00:00+00:00
[2024-04-14T15:50:30.993-0600] {processor.py:183} INFO - Processing /Users/felipejimenez/Desktop/AirFlow/.env/lib/python3.9/site-packages/airflow/example_dags/example_bash_operator.py took 0.072 seconds
[2024-04-14T15:52:01.741-0600] {processor.py:161} INFO - Started process (PID=4851) to work on /Users/felipejimenez/Desktop/AirFlow/.env/lib/python3.9/site-packages/airflow/example_dags/example_bash_operator.py
[2024-04-14T15:52:01.742-0600] {processor.py:830} INFO - Processing file /Users/felipejimenez/Desktop/AirFlow/.env/lib/python3.9/site-packages/airflow/example_dags/example_bash_operator.py for tasks to queue
[2024-04-14T15:52:01.743-0600] {logging_mixin.py:188} INFO - [2024-04-14T15:52:01.743-0600] {dagbag.py:540} INFO - Filling up the DagBag from /Users/felipejimenez/Desktop/AirFlow/.env/lib/python3.9/site-packages/airflow/example_dags/example_bash_operator.py
[2024-04-14T15:52:01.747-0600] {processor.py:840} INFO - DAG(s) 'example_bash_operator' retrieved from /Users/felipejimenez/Desktop/AirFlow/.env/lib/python3.9/site-packages/airflow/example_dags/example_bash_operator.py
[2024-04-14T15:52:01.783-0600] {logging_mixin.py:188} INFO - [2024-04-14T15:52:01.783-0600] {dag.py:3096} INFO - Sync 1 DAGs
[2024-04-14T15:52:01.788-0600] {logging_mixin.py:188} INFO - [2024-04-14T15:52:01.788-0600] {dag.py:3954} INFO - Setting next_dagrun for example_bash_operator to 2024-04-13 00:00:00+00:00, run_after=2024-04-14 00:00:00+00:00
[2024-04-14T15:52:01.812-0600] {processor.py:183} INFO - Processing /Users/felipejimenez/Desktop/AirFlow/.env/lib/python3.9/site-packages/airflow/example_dags/example_bash_operator.py took 0.071 seconds
[2024-04-14T15:53:27.086-0600] {processor.py:161} INFO - Started process (PID=5002) to work on /Users/felipejimenez/Desktop/AirFlow/.env/lib/python3.9/site-packages/airflow/example_dags/example_bash_operator.py
[2024-04-14T15:53:27.087-0600] {processor.py:830} INFO - Processing file /Users/felipejimenez/Desktop/AirFlow/.env/lib/python3.9/site-packages/airflow/example_dags/example_bash_operator.py for tasks to queue
[2024-04-14T15:53:27.087-0600] {logging_mixin.py:188} INFO - [2024-04-14T15:53:27.087-0600] {dagbag.py:540} INFO - Filling up the DagBag from /Users/felipejimenez/Desktop/AirFlow/.env/lib/python3.9/site-packages/airflow/example_dags/example_bash_operator.py
[2024-04-14T15:53:27.092-0600] {processor.py:840} INFO - DAG(s) 'example_bash_operator' retrieved from /Users/felipejimenez/Desktop/AirFlow/.env/lib/python3.9/site-packages/airflow/example_dags/example_bash_operator.py
[2024-04-14T15:53:27.127-0600] {logging_mixin.py:188} INFO - [2024-04-14T15:53:27.127-0600] {dag.py:3096} INFO - Sync 1 DAGs
[2024-04-14T15:53:27.132-0600] {logging_mixin.py:188} INFO - [2024-04-14T15:53:27.132-0600] {dag.py:3954} INFO - Setting next_dagrun for example_bash_operator to 2024-04-13 00:00:00+00:00, run_after=2024-04-14 00:00:00+00:00
[2024-04-14T15:53:27.155-0600] {processor.py:183} INFO - Processing /Users/felipejimenez/Desktop/AirFlow/.env/lib/python3.9/site-packages/airflow/example_dags/example_bash_operator.py took 0.070 seconds
[2024-04-14T15:54:55.013-0600] {processor.py:161} INFO - Started process (PID=5101) to work on /Users/felipejimenez/Desktop/AirFlow/.env/lib/python3.9/site-packages/airflow/example_dags/example_bash_operator.py
[2024-04-14T15:54:55.014-0600] {processor.py:830} INFO - Processing file /Users/felipejimenez/Desktop/AirFlow/.env/lib/python3.9/site-packages/airflow/example_dags/example_bash_operator.py for tasks to queue
[2024-04-14T15:54:55.015-0600] {logging_mixin.py:188} INFO - [2024-04-14T15:54:55.015-0600] {dagbag.py:540} INFO - Filling up the DagBag from /Users/felipejimenez/Desktop/AirFlow/.env/lib/python3.9/site-packages/airflow/example_dags/example_bash_operator.py
[2024-04-14T15:54:55.019-0600] {processor.py:840} INFO - DAG(s) 'example_bash_operator' retrieved from /Users/felipejimenez/Desktop/AirFlow/.env/lib/python3.9/site-packages/airflow/example_dags/example_bash_operator.py
[2024-04-14T15:54:55.055-0600] {logging_mixin.py:188} INFO - [2024-04-14T15:54:55.055-0600] {dag.py:3096} INFO - Sync 1 DAGs
[2024-04-14T15:54:55.060-0600] {logging_mixin.py:188} INFO - [2024-04-14T15:54:55.060-0600] {dag.py:3954} INFO - Setting next_dagrun for example_bash_operator to 2024-04-13 00:00:00+00:00, run_after=2024-04-14 00:00:00+00:00
[2024-04-14T15:54:55.084-0600] {processor.py:183} INFO - Processing /Users/felipejimenez/Desktop/AirFlow/.env/lib/python3.9/site-packages/airflow/example_dags/example_bash_operator.py took 0.072 seconds
[2024-04-14T15:56:48.530-0600] {processor.py:161} INFO - Started process (PID=5274) to work on /Users/felipejimenez/Desktop/AirFlow/.env/lib/python3.9/site-packages/airflow/example_dags/example_bash_operator.py
[2024-04-14T15:56:48.532-0600] {processor.py:830} INFO - Processing file /Users/felipejimenez/Desktop/AirFlow/.env/lib/python3.9/site-packages/airflow/example_dags/example_bash_operator.py for tasks to queue
[2024-04-14T15:56:48.532-0600] {logging_mixin.py:188} INFO - [2024-04-14T15:56:48.532-0600] {dagbag.py:540} INFO - Filling up the DagBag from /Users/felipejimenez/Desktop/AirFlow/.env/lib/python3.9/site-packages/airflow/example_dags/example_bash_operator.py
[2024-04-14T15:56:48.537-0600] {processor.py:840} INFO - DAG(s) 'example_bash_operator' retrieved from /Users/felipejimenez/Desktop/AirFlow/.env/lib/python3.9/site-packages/airflow/example_dags/example_bash_operator.py
[2024-04-14T15:56:48.571-0600] {logging_mixin.py:188} INFO - [2024-04-14T15:56:48.571-0600] {dag.py:3096} INFO - Sync 1 DAGs
[2024-04-14T15:56:48.576-0600] {logging_mixin.py:188} INFO - [2024-04-14T15:56:48.576-0600] {dag.py:3954} INFO - Setting next_dagrun for example_bash_operator to 2024-04-13 00:00:00+00:00, run_after=2024-04-14 00:00:00+00:00
[2024-04-14T15:56:48.599-0600] {processor.py:183} INFO - Processing /Users/felipejimenez/Desktop/AirFlow/.env/lib/python3.9/site-packages/airflow/example_dags/example_bash_operator.py took 0.069 seconds
[2024-04-14T15:58:13.205-0600] {processor.py:161} INFO - Started process (PID=5408) to work on /Users/felipejimenez/Desktop/AirFlow/.env/lib/python3.9/site-packages/airflow/example_dags/example_bash_operator.py
[2024-04-14T15:58:13.206-0600] {processor.py:830} INFO - Processing file /Users/felipejimenez/Desktop/AirFlow/.env/lib/python3.9/site-packages/airflow/example_dags/example_bash_operator.py for tasks to queue
[2024-04-14T15:58:13.207-0600] {logging_mixin.py:188} INFO - [2024-04-14T15:58:13.206-0600] {dagbag.py:540} INFO - Filling up the DagBag from /Users/felipejimenez/Desktop/AirFlow/.env/lib/python3.9/site-packages/airflow/example_dags/example_bash_operator.py
[2024-04-14T15:58:13.211-0600] {processor.py:840} INFO - DAG(s) 'example_bash_operator' retrieved from /Users/felipejimenez/Desktop/AirFlow/.env/lib/python3.9/site-packages/airflow/example_dags/example_bash_operator.py
[2024-04-14T15:58:13.246-0600] {logging_mixin.py:188} INFO - [2024-04-14T15:58:13.246-0600] {dag.py:3096} INFO - Sync 1 DAGs
[2024-04-14T15:58:13.252-0600] {logging_mixin.py:188} INFO - [2024-04-14T15:58:13.252-0600] {dag.py:3954} INFO - Setting next_dagrun for example_bash_operator to 2024-04-13 00:00:00+00:00, run_after=2024-04-14 00:00:00+00:00
[2024-04-14T15:58:13.274-0600] {processor.py:183} INFO - Processing /Users/felipejimenez/Desktop/AirFlow/.env/lib/python3.9/site-packages/airflow/example_dags/example_bash_operator.py took 0.070 seconds
[2024-04-14T15:59:44.208-0600] {processor.py:161} INFO - Started process (PID=5527) to work on /Users/felipejimenez/Desktop/AirFlow/.env/lib/python3.9/site-packages/airflow/example_dags/example_bash_operator.py
[2024-04-14T15:59:44.209-0600] {processor.py:830} INFO - Processing file /Users/felipejimenez/Desktop/AirFlow/.env/lib/python3.9/site-packages/airflow/example_dags/example_bash_operator.py for tasks to queue
[2024-04-14T15:59:44.209-0600] {logging_mixin.py:188} INFO - [2024-04-14T15:59:44.209-0600] {dagbag.py:540} INFO - Filling up the DagBag from /Users/felipejimenez/Desktop/AirFlow/.env/lib/python3.9/site-packages/airflow/example_dags/example_bash_operator.py
[2024-04-14T15:59:44.213-0600] {processor.py:840} INFO - DAG(s) 'example_bash_operator' retrieved from /Users/felipejimenez/Desktop/AirFlow/.env/lib/python3.9/site-packages/airflow/example_dags/example_bash_operator.py
[2024-04-14T15:59:44.248-0600] {logging_mixin.py:188} INFO - [2024-04-14T15:59:44.248-0600] {dag.py:3096} INFO - Sync 1 DAGs
[2024-04-14T15:59:44.254-0600] {logging_mixin.py:188} INFO - [2024-04-14T15:59:44.254-0600] {dag.py:3954} INFO - Setting next_dagrun for example_bash_operator to 2024-04-13 00:00:00+00:00, run_after=2024-04-14 00:00:00+00:00
[2024-04-14T15:59:44.281-0600] {processor.py:183} INFO - Processing /Users/felipejimenez/Desktop/AirFlow/.env/lib/python3.9/site-packages/airflow/example_dags/example_bash_operator.py took 0.075 seconds
[2024-04-14T16:01:11.447-0600] {processor.py:161} INFO - Started process (PID=5628) to work on /Users/felipejimenez/Desktop/AirFlow/.env/lib/python3.9/site-packages/airflow/example_dags/example_bash_operator.py
[2024-04-14T16:01:11.448-0600] {processor.py:830} INFO - Processing file /Users/felipejimenez/Desktop/AirFlow/.env/lib/python3.9/site-packages/airflow/example_dags/example_bash_operator.py for tasks to queue
[2024-04-14T16:01:11.449-0600] {logging_mixin.py:188} INFO - [2024-04-14T16:01:11.449-0600] {dagbag.py:540} INFO - Filling up the DagBag from /Users/felipejimenez/Desktop/AirFlow/.env/lib/python3.9/site-packages/airflow/example_dags/example_bash_operator.py
[2024-04-14T16:01:11.453-0600] {processor.py:840} INFO - DAG(s) 'example_bash_operator' retrieved from /Users/felipejimenez/Desktop/AirFlow/.env/lib/python3.9/site-packages/airflow/example_dags/example_bash_operator.py
[2024-04-14T16:01:11.489-0600] {logging_mixin.py:188} INFO - [2024-04-14T16:01:11.489-0600] {dag.py:3096} INFO - Sync 1 DAGs
[2024-04-14T16:01:11.495-0600] {logging_mixin.py:188} INFO - [2024-04-14T16:01:11.495-0600] {dag.py:3954} INFO - Setting next_dagrun for example_bash_operator to 2024-04-13 00:00:00+00:00, run_after=2024-04-14 00:00:00+00:00
[2024-04-14T16:01:11.520-0600] {processor.py:183} INFO - Processing /Users/felipejimenez/Desktop/AirFlow/.env/lib/python3.9/site-packages/airflow/example_dags/example_bash_operator.py took 0.074 seconds
[2024-04-14T16:04:46.700-0600] {processor.py:161} INFO - Started process (PID=5957) to work on /Users/felipejimenez/Desktop/AirFlow/.env/lib/python3.9/site-packages/airflow/example_dags/example_bash_operator.py
[2024-04-14T16:04:46.702-0600] {processor.py:830} INFO - Processing file /Users/felipejimenez/Desktop/AirFlow/.env/lib/python3.9/site-packages/airflow/example_dags/example_bash_operator.py for tasks to queue
[2024-04-14T16:04:46.702-0600] {logging_mixin.py:188} INFO - [2024-04-14T16:04:46.702-0600] {dagbag.py:540} INFO - Filling up the DagBag from /Users/felipejimenez/Desktop/AirFlow/.env/lib/python3.9/site-packages/airflow/example_dags/example_bash_operator.py
[2024-04-14T16:04:46.706-0600] {processor.py:840} INFO - DAG(s) 'example_bash_operator' retrieved from /Users/felipejimenez/Desktop/AirFlow/.env/lib/python3.9/site-packages/airflow/example_dags/example_bash_operator.py
[2024-04-14T16:04:46.742-0600] {logging_mixin.py:188} INFO - [2024-04-14T16:04:46.742-0600] {dag.py:3096} INFO - Sync 1 DAGs
[2024-04-14T16:04:46.748-0600] {logging_mixin.py:188} INFO - [2024-04-14T16:04:46.748-0600] {dag.py:3954} INFO - Setting next_dagrun for example_bash_operator to 2024-04-13 00:00:00+00:00, run_after=2024-04-14 00:00:00+00:00
[2024-04-14T16:04:46.770-0600] {processor.py:183} INFO - Processing /Users/felipejimenez/Desktop/AirFlow/.env/lib/python3.9/site-packages/airflow/example_dags/example_bash_operator.py took 0.071 seconds
[2024-04-14T16:06:18.106-0600] {processor.py:161} INFO - Started process (PID=6118) to work on /Users/felipejimenez/Desktop/AirFlow/.env/lib/python3.9/site-packages/airflow/example_dags/example_bash_operator.py
[2024-04-14T16:06:18.108-0600] {processor.py:830} INFO - Processing file /Users/felipejimenez/Desktop/AirFlow/.env/lib/python3.9/site-packages/airflow/example_dags/example_bash_operator.py for tasks to queue
[2024-04-14T16:06:18.108-0600] {logging_mixin.py:188} INFO - [2024-04-14T16:06:18.108-0600] {dagbag.py:540} INFO - Filling up the DagBag from /Users/felipejimenez/Desktop/AirFlow/.env/lib/python3.9/site-packages/airflow/example_dags/example_bash_operator.py
[2024-04-14T16:06:18.112-0600] {processor.py:840} INFO - DAG(s) 'example_bash_operator' retrieved from /Users/felipejimenez/Desktop/AirFlow/.env/lib/python3.9/site-packages/airflow/example_dags/example_bash_operator.py
[2024-04-14T16:06:18.147-0600] {logging_mixin.py:188} INFO - [2024-04-14T16:06:18.147-0600] {dag.py:3096} INFO - Sync 1 DAGs
[2024-04-14T16:06:18.152-0600] {logging_mixin.py:188} INFO - [2024-04-14T16:06:18.152-0600] {dag.py:3954} INFO - Setting next_dagrun for example_bash_operator to 2024-04-13 00:00:00+00:00, run_after=2024-04-14 00:00:00+00:00
[2024-04-14T16:06:18.175-0600] {processor.py:183} INFO - Processing /Users/felipejimenez/Desktop/AirFlow/.env/lib/python3.9/site-packages/airflow/example_dags/example_bash_operator.py took 0.069 seconds
