[2024-04-14T15:42:26.509-0600] {processor.py:161} INFO - Started process (PID=4087) to work on /Users/felipejimenez/Desktop/AirFlow/.env/lib/python3.9/site-packages/airflow/example_dags/example_short_circuit_operator.py
[2024-04-14T15:42:26.510-0600] {processor.py:830} INFO - Processing file /Users/felipejimenez/Desktop/AirFlow/.env/lib/python3.9/site-packages/airflow/example_dags/example_short_circuit_operator.py for tasks to queue
[2024-04-14T15:42:26.510-0600] {logging_mixin.py:188} INFO - [2024-04-14T15:42:26.510-0600] {dagbag.py:540} INFO - Filling up the DagBag from /Users/felipejimenez/Desktop/AirFlow/.env/lib/python3.9/site-packages/airflow/example_dags/example_short_circuit_operator.py
[2024-04-14T15:42:26.519-0600] {processor.py:840} INFO - DAG(s) 'example_short_circuit_operator' retrieved from /Users/felipejimenez/Desktop/AirFlow/.env/lib/python3.9/site-packages/airflow/example_dags/example_short_circuit_operator.py
[2024-04-14T15:42:26.595-0600] {logging_mixin.py:188} INFO - [2024-04-14T15:42:26.595-0600] {override.py:1829} INFO - Created Permission View: can edit on DAG:example_short_circuit_operator
[2024-04-14T15:42:26.598-0600] {logging_mixin.py:188} INFO - [2024-04-14T15:42:26.598-0600] {override.py:1829} INFO - Created Permission View: can read on DAG:example_short_circuit_operator
[2024-04-14T15:42:26.599-0600] {logging_mixin.py:188} INFO - [2024-04-14T15:42:26.599-0600] {override.py:1829} INFO - Created Permission View: can delete on DAG:example_short_circuit_operator
[2024-04-14T15:42:26.599-0600] {logging_mixin.py:188} INFO - [2024-04-14T15:42:26.599-0600] {dag.py:3096} INFO - Sync 1 DAGs
[2024-04-14T15:42:26.602-0600] {logging_mixin.py:188} INFO - [2024-04-14T15:42:26.602-0600] {dag.py:3118} INFO - Creating ORM DAG for example_short_circuit_operator
[2024-04-14T15:42:26.606-0600] {logging_mixin.py:188} INFO - [2024-04-14T15:42:26.606-0600] {dag.py:3954} INFO - Setting next_dagrun for example_short_circuit_operator to 2024-04-13 00:00:00+00:00, run_after=2024-04-14 00:00:00+00:00
[2024-04-14T15:42:26.611-0600] {processor.py:183} INFO - Processing /Users/felipejimenez/Desktop/AirFlow/.env/lib/python3.9/site-packages/airflow/example_dags/example_short_circuit_operator.py took 0.103 seconds
[2024-04-14T15:43:43.482-0600] {processor.py:161} INFO - Started process (PID=4184) to work on /Users/felipejimenez/Desktop/AirFlow/.env/lib/python3.9/site-packages/airflow/example_dags/example_short_circuit_operator.py
[2024-04-14T15:43:43.483-0600] {processor.py:830} INFO - Processing file /Users/felipejimenez/Desktop/AirFlow/.env/lib/python3.9/site-packages/airflow/example_dags/example_short_circuit_operator.py for tasks to queue
[2024-04-14T15:43:43.483-0600] {logging_mixin.py:188} INFO - [2024-04-14T15:43:43.483-0600] {dagbag.py:540} INFO - Filling up the DagBag from /Users/felipejimenez/Desktop/AirFlow/.env/lib/python3.9/site-packages/airflow/example_dags/example_short_circuit_operator.py
[2024-04-14T15:43:43.493-0600] {processor.py:840} INFO - DAG(s) 'example_short_circuit_operator' retrieved from /Users/felipejimenez/Desktop/AirFlow/.env/lib/python3.9/site-packages/airflow/example_dags/example_short_circuit_operator.py
[2024-04-14T15:43:43.525-0600] {logging_mixin.py:188} INFO - [2024-04-14T15:43:43.525-0600] {dag.py:3096} INFO - Sync 1 DAGs
[2024-04-14T15:43:43.548-0600] {logging_mixin.py:188} INFO - [2024-04-14T15:43:43.548-0600] {dag.py:3954} INFO - Setting next_dagrun for example_short_circuit_operator to 2024-04-13 00:00:00+00:00, run_after=2024-04-14 00:00:00+00:00
[2024-04-14T15:43:43.553-0600] {processor.py:183} INFO - Processing /Users/felipejimenez/Desktop/AirFlow/.env/lib/python3.9/site-packages/airflow/example_dags/example_short_circuit_operator.py took 0.072 seconds
[2024-04-14T15:45:10.133-0600] {processor.py:161} INFO - Started process (PID=4287) to work on /Users/felipejimenez/Desktop/AirFlow/.env/lib/python3.9/site-packages/airflow/example_dags/example_short_circuit_operator.py
[2024-04-14T15:45:10.134-0600] {processor.py:830} INFO - Processing file /Users/felipejimenez/Desktop/AirFlow/.env/lib/python3.9/site-packages/airflow/example_dags/example_short_circuit_operator.py for tasks to queue
[2024-04-14T15:45:10.135-0600] {logging_mixin.py:188} INFO - [2024-04-14T15:45:10.135-0600] {dagbag.py:540} INFO - Filling up the DagBag from /Users/felipejimenez/Desktop/AirFlow/.env/lib/python3.9/site-packages/airflow/example_dags/example_short_circuit_operator.py
[2024-04-14T15:45:10.144-0600] {processor.py:840} INFO - DAG(s) 'example_short_circuit_operator' retrieved from /Users/felipejimenez/Desktop/AirFlow/.env/lib/python3.9/site-packages/airflow/example_dags/example_short_circuit_operator.py
[2024-04-14T15:45:10.176-0600] {logging_mixin.py:188} INFO - [2024-04-14T15:45:10.176-0600] {dag.py:3096} INFO - Sync 1 DAGs
[2024-04-14T15:45:10.199-0600] {logging_mixin.py:188} INFO - [2024-04-14T15:45:10.199-0600] {dag.py:3954} INFO - Setting next_dagrun for example_short_circuit_operator to 2024-04-13 00:00:00+00:00, run_after=2024-04-14 00:00:00+00:00
[2024-04-14T15:45:10.204-0600] {processor.py:183} INFO - Processing /Users/felipejimenez/Desktop/AirFlow/.env/lib/python3.9/site-packages/airflow/example_dags/example_short_circuit_operator.py took 0.072 seconds
[2024-04-14T15:46:32.791-0600] {processor.py:161} INFO - Started process (PID=4385) to work on /Users/felipejimenez/Desktop/AirFlow/.env/lib/python3.9/site-packages/airflow/example_dags/example_short_circuit_operator.py
[2024-04-14T15:46:32.793-0600] {processor.py:830} INFO - Processing file /Users/felipejimenez/Desktop/AirFlow/.env/lib/python3.9/site-packages/airflow/example_dags/example_short_circuit_operator.py for tasks to queue
[2024-04-14T15:46:32.793-0600] {logging_mixin.py:188} INFO - [2024-04-14T15:46:32.793-0600] {dagbag.py:540} INFO - Filling up the DagBag from /Users/felipejimenez/Desktop/AirFlow/.env/lib/python3.9/site-packages/airflow/example_dags/example_short_circuit_operator.py
[2024-04-14T15:46:32.801-0600] {processor.py:840} INFO - DAG(s) 'example_short_circuit_operator' retrieved from /Users/felipejimenez/Desktop/AirFlow/.env/lib/python3.9/site-packages/airflow/example_dags/example_short_circuit_operator.py
[2024-04-14T15:46:32.833-0600] {logging_mixin.py:188} INFO - [2024-04-14T15:46:32.833-0600] {dag.py:3096} INFO - Sync 1 DAGs
[2024-04-14T15:46:32.856-0600] {logging_mixin.py:188} INFO - [2024-04-14T15:46:32.856-0600] {dag.py:3954} INFO - Setting next_dagrun for example_short_circuit_operator to 2024-04-13 00:00:00+00:00, run_after=2024-04-14 00:00:00+00:00
[2024-04-14T15:46:32.862-0600] {processor.py:183} INFO - Processing /Users/felipejimenez/Desktop/AirFlow/.env/lib/python3.9/site-packages/airflow/example_dags/example_short_circuit_operator.py took 0.072 seconds
[2024-04-14T15:48:05.850-0600] {processor.py:161} INFO - Started process (PID=4498) to work on /Users/felipejimenez/Desktop/AirFlow/.env/lib/python3.9/site-packages/airflow/example_dags/example_short_circuit_operator.py
[2024-04-14T15:48:05.852-0600] {processor.py:830} INFO - Processing file /Users/felipejimenez/Desktop/AirFlow/.env/lib/python3.9/site-packages/airflow/example_dags/example_short_circuit_operator.py for tasks to queue
[2024-04-14T15:48:05.852-0600] {logging_mixin.py:188} INFO - [2024-04-14T15:48:05.852-0600] {dagbag.py:540} INFO - Filling up the DagBag from /Users/felipejimenez/Desktop/AirFlow/.env/lib/python3.9/site-packages/airflow/example_dags/example_short_circuit_operator.py
[2024-04-14T15:48:05.861-0600] {processor.py:840} INFO - DAG(s) 'example_short_circuit_operator' retrieved from /Users/felipejimenez/Desktop/AirFlow/.env/lib/python3.9/site-packages/airflow/example_dags/example_short_circuit_operator.py
[2024-04-14T15:48:05.893-0600] {logging_mixin.py:188} INFO - [2024-04-14T15:48:05.893-0600] {dag.py:3096} INFO - Sync 1 DAGs
[2024-04-14T15:48:05.915-0600] {logging_mixin.py:188} INFO - [2024-04-14T15:48:05.915-0600] {dag.py:3954} INFO - Setting next_dagrun for example_short_circuit_operator to 2024-04-13 00:00:00+00:00, run_after=2024-04-14 00:00:00+00:00
[2024-04-14T15:48:05.921-0600] {processor.py:183} INFO - Processing /Users/felipejimenez/Desktop/AirFlow/.env/lib/python3.9/site-packages/airflow/example_dags/example_short_circuit_operator.py took 0.072 seconds
[2024-04-14T15:49:35.746-0600] {processor.py:161} INFO - Started process (PID=4668) to work on /Users/felipejimenez/Desktop/AirFlow/.env/lib/python3.9/site-packages/airflow/example_dags/example_short_circuit_operator.py
[2024-04-14T15:49:35.749-0600] {processor.py:830} INFO - Processing file /Users/felipejimenez/Desktop/AirFlow/.env/lib/python3.9/site-packages/airflow/example_dags/example_short_circuit_operator.py for tasks to queue
[2024-04-14T15:49:35.749-0600] {logging_mixin.py:188} INFO - [2024-04-14T15:49:35.749-0600] {dagbag.py:540} INFO - Filling up the DagBag from /Users/felipejimenez/Desktop/AirFlow/.env/lib/python3.9/site-packages/airflow/example_dags/example_short_circuit_operator.py
[2024-04-14T15:49:35.758-0600] {processor.py:840} INFO - DAG(s) 'example_short_circuit_operator' retrieved from /Users/felipejimenez/Desktop/AirFlow/.env/lib/python3.9/site-packages/airflow/example_dags/example_short_circuit_operator.py
[2024-04-14T15:49:35.792-0600] {logging_mixin.py:188} INFO - [2024-04-14T15:49:35.792-0600] {dag.py:3096} INFO - Sync 1 DAGs
[2024-04-14T15:49:35.818-0600] {logging_mixin.py:188} INFO - [2024-04-14T15:49:35.818-0600] {dag.py:3954} INFO - Setting next_dagrun for example_short_circuit_operator to 2024-04-13 00:00:00+00:00, run_after=2024-04-14 00:00:00+00:00
[2024-04-14T15:49:35.823-0600] {processor.py:183} INFO - Processing /Users/felipejimenez/Desktop/AirFlow/.env/lib/python3.9/site-packages/airflow/example_dags/example_short_circuit_operator.py took 0.078 seconds
[2024-04-14T15:51:02.109-0600] {processor.py:161} INFO - Started process (PID=4770) to work on /Users/felipejimenez/Desktop/AirFlow/.env/lib/python3.9/site-packages/airflow/example_dags/example_short_circuit_operator.py
[2024-04-14T15:51:02.111-0600] {processor.py:830} INFO - Processing file /Users/felipejimenez/Desktop/AirFlow/.env/lib/python3.9/site-packages/airflow/example_dags/example_short_circuit_operator.py for tasks to queue
[2024-04-14T15:51:02.112-0600] {logging_mixin.py:188} INFO - [2024-04-14T15:51:02.111-0600] {dagbag.py:540} INFO - Filling up the DagBag from /Users/felipejimenez/Desktop/AirFlow/.env/lib/python3.9/site-packages/airflow/example_dags/example_short_circuit_operator.py
[2024-04-14T15:51:02.120-0600] {processor.py:840} INFO - DAG(s) 'example_short_circuit_operator' retrieved from /Users/felipejimenez/Desktop/AirFlow/.env/lib/python3.9/site-packages/airflow/example_dags/example_short_circuit_operator.py
[2024-04-14T15:51:02.155-0600] {logging_mixin.py:188} INFO - [2024-04-14T15:51:02.154-0600] {dag.py:3096} INFO - Sync 1 DAGs
[2024-04-14T15:51:02.186-0600] {logging_mixin.py:188} INFO - [2024-04-14T15:51:02.185-0600] {dag.py:3954} INFO - Setting next_dagrun for example_short_circuit_operator to 2024-04-13 00:00:00+00:00, run_after=2024-04-14 00:00:00+00:00
[2024-04-14T15:51:02.191-0600] {processor.py:183} INFO - Processing /Users/felipejimenez/Desktop/AirFlow/.env/lib/python3.9/site-packages/airflow/example_dags/example_short_circuit_operator.py took 0.083 seconds
[2024-04-14T15:52:31.515-0600] {processor.py:161} INFO - Started process (PID=4909) to work on /Users/felipejimenez/Desktop/AirFlow/.env/lib/python3.9/site-packages/airflow/example_dags/example_short_circuit_operator.py
[2024-04-14T15:52:31.517-0600] {processor.py:830} INFO - Processing file /Users/felipejimenez/Desktop/AirFlow/.env/lib/python3.9/site-packages/airflow/example_dags/example_short_circuit_operator.py for tasks to queue
[2024-04-14T15:52:31.517-0600] {logging_mixin.py:188} INFO - [2024-04-14T15:52:31.517-0600] {dagbag.py:540} INFO - Filling up the DagBag from /Users/felipejimenez/Desktop/AirFlow/.env/lib/python3.9/site-packages/airflow/example_dags/example_short_circuit_operator.py
[2024-04-14T15:52:31.526-0600] {processor.py:840} INFO - DAG(s) 'example_short_circuit_operator' retrieved from /Users/felipejimenez/Desktop/AirFlow/.env/lib/python3.9/site-packages/airflow/example_dags/example_short_circuit_operator.py
[2024-04-14T15:52:31.558-0600] {logging_mixin.py:188} INFO - [2024-04-14T15:52:31.558-0600] {dag.py:3096} INFO - Sync 1 DAGs
[2024-04-14T15:52:31.582-0600] {logging_mixin.py:188} INFO - [2024-04-14T15:52:31.582-0600] {dag.py:3954} INFO - Setting next_dagrun for example_short_circuit_operator to 2024-04-13 00:00:00+00:00, run_after=2024-04-14 00:00:00+00:00
[2024-04-14T15:52:31.588-0600] {processor.py:183} INFO - Processing /Users/felipejimenez/Desktop/AirFlow/.env/lib/python3.9/site-packages/airflow/example_dags/example_short_circuit_operator.py took 0.074 seconds
[2024-04-14T15:53:58.273-0600] {processor.py:161} INFO - Started process (PID=5037) to work on /Users/felipejimenez/Desktop/AirFlow/.env/lib/python3.9/site-packages/airflow/example_dags/example_short_circuit_operator.py
[2024-04-14T15:53:58.275-0600] {processor.py:830} INFO - Processing file /Users/felipejimenez/Desktop/AirFlow/.env/lib/python3.9/site-packages/airflow/example_dags/example_short_circuit_operator.py for tasks to queue
[2024-04-14T15:53:58.275-0600] {logging_mixin.py:188} INFO - [2024-04-14T15:53:58.275-0600] {dagbag.py:540} INFO - Filling up the DagBag from /Users/felipejimenez/Desktop/AirFlow/.env/lib/python3.9/site-packages/airflow/example_dags/example_short_circuit_operator.py
[2024-04-14T15:53:58.284-0600] {processor.py:840} INFO - DAG(s) 'example_short_circuit_operator' retrieved from /Users/felipejimenez/Desktop/AirFlow/.env/lib/python3.9/site-packages/airflow/example_dags/example_short_circuit_operator.py
[2024-04-14T15:53:58.316-0600] {logging_mixin.py:188} INFO - [2024-04-14T15:53:58.316-0600] {dag.py:3096} INFO - Sync 1 DAGs
[2024-04-14T15:53:58.339-0600] {logging_mixin.py:188} INFO - [2024-04-14T15:53:58.339-0600] {dag.py:3954} INFO - Setting next_dagrun for example_short_circuit_operator to 2024-04-13 00:00:00+00:00, run_after=2024-04-14 00:00:00+00:00
[2024-04-14T15:53:58.346-0600] {processor.py:183} INFO - Processing /Users/felipejimenez/Desktop/AirFlow/.env/lib/python3.9/site-packages/airflow/example_dags/example_short_circuit_operator.py took 0.073 seconds
[2024-04-14T15:56:07.431-0600] {processor.py:161} INFO - Started process (PID=5205) to work on /Users/felipejimenez/Desktop/AirFlow/.env/lib/python3.9/site-packages/airflow/example_dags/example_short_circuit_operator.py
[2024-04-14T15:56:07.433-0600] {processor.py:830} INFO - Processing file /Users/felipejimenez/Desktop/AirFlow/.env/lib/python3.9/site-packages/airflow/example_dags/example_short_circuit_operator.py for tasks to queue
[2024-04-14T15:56:07.433-0600] {logging_mixin.py:188} INFO - [2024-04-14T15:56:07.433-0600] {dagbag.py:540} INFO - Filling up the DagBag from /Users/felipejimenez/Desktop/AirFlow/.env/lib/python3.9/site-packages/airflow/example_dags/example_short_circuit_operator.py
[2024-04-14T15:56:07.442-0600] {processor.py:840} INFO - DAG(s) 'example_short_circuit_operator' retrieved from /Users/felipejimenez/Desktop/AirFlow/.env/lib/python3.9/site-packages/airflow/example_dags/example_short_circuit_operator.py
[2024-04-14T15:56:07.474-0600] {logging_mixin.py:188} INFO - [2024-04-14T15:56:07.474-0600] {dag.py:3096} INFO - Sync 1 DAGs
[2024-04-14T15:56:07.497-0600] {logging_mixin.py:188} INFO - [2024-04-14T15:56:07.497-0600] {dag.py:3954} INFO - Setting next_dagrun for example_short_circuit_operator to 2024-04-13 00:00:00+00:00, run_after=2024-04-14 00:00:00+00:00
[2024-04-14T15:56:07.503-0600] {processor.py:183} INFO - Processing /Users/felipejimenez/Desktop/AirFlow/.env/lib/python3.9/site-packages/airflow/example_dags/example_short_circuit_operator.py took 0.072 seconds
[2024-04-14T15:57:20.729-0600] {processor.py:161} INFO - Started process (PID=5309) to work on /Users/felipejimenez/Desktop/AirFlow/.env/lib/python3.9/site-packages/airflow/example_dags/example_short_circuit_operator.py
[2024-04-14T15:57:20.731-0600] {processor.py:830} INFO - Processing file /Users/felipejimenez/Desktop/AirFlow/.env/lib/python3.9/site-packages/airflow/example_dags/example_short_circuit_operator.py for tasks to queue
[2024-04-14T15:57:20.731-0600] {logging_mixin.py:188} INFO - [2024-04-14T15:57:20.731-0600] {dagbag.py:540} INFO - Filling up the DagBag from /Users/felipejimenez/Desktop/AirFlow/.env/lib/python3.9/site-packages/airflow/example_dags/example_short_circuit_operator.py
[2024-04-14T15:57:20.741-0600] {processor.py:840} INFO - DAG(s) 'example_short_circuit_operator' retrieved from /Users/felipejimenez/Desktop/AirFlow/.env/lib/python3.9/site-packages/airflow/example_dags/example_short_circuit_operator.py
[2024-04-14T15:57:20.773-0600] {logging_mixin.py:188} INFO - [2024-04-14T15:57:20.773-0600] {dag.py:3096} INFO - Sync 1 DAGs
[2024-04-14T15:57:20.796-0600] {logging_mixin.py:188} INFO - [2024-04-14T15:57:20.796-0600] {dag.py:3954} INFO - Setting next_dagrun for example_short_circuit_operator to 2024-04-13 00:00:00+00:00, run_after=2024-04-14 00:00:00+00:00
[2024-04-14T15:57:20.802-0600] {processor.py:183} INFO - Processing /Users/felipejimenez/Desktop/AirFlow/.env/lib/python3.9/site-packages/airflow/example_dags/example_short_circuit_operator.py took 0.074 seconds
[2024-04-14T15:58:48.084-0600] {processor.py:161} INFO - Started process (PID=5465) to work on /Users/felipejimenez/Desktop/AirFlow/.env/lib/python3.9/site-packages/airflow/example_dags/example_short_circuit_operator.py
[2024-04-14T15:58:48.086-0600] {processor.py:830} INFO - Processing file /Users/felipejimenez/Desktop/AirFlow/.env/lib/python3.9/site-packages/airflow/example_dags/example_short_circuit_operator.py for tasks to queue
[2024-04-14T15:58:48.086-0600] {logging_mixin.py:188} INFO - [2024-04-14T15:58:48.086-0600] {dagbag.py:540} INFO - Filling up the DagBag from /Users/felipejimenez/Desktop/AirFlow/.env/lib/python3.9/site-packages/airflow/example_dags/example_short_circuit_operator.py
[2024-04-14T15:58:48.096-0600] {processor.py:840} INFO - DAG(s) 'example_short_circuit_operator' retrieved from /Users/felipejimenez/Desktop/AirFlow/.env/lib/python3.9/site-packages/airflow/example_dags/example_short_circuit_operator.py
[2024-04-14T15:58:48.128-0600] {logging_mixin.py:188} INFO - [2024-04-14T15:58:48.128-0600] {dag.py:3096} INFO - Sync 1 DAGs
[2024-04-14T15:58:48.152-0600] {logging_mixin.py:188} INFO - [2024-04-14T15:58:48.152-0600] {dag.py:3954} INFO - Setting next_dagrun for example_short_circuit_operator to 2024-04-13 00:00:00+00:00, run_after=2024-04-14 00:00:00+00:00
[2024-04-14T15:58:48.158-0600] {processor.py:183} INFO - Processing /Users/felipejimenez/Desktop/AirFlow/.env/lib/python3.9/site-packages/airflow/example_dags/example_short_circuit_operator.py took 0.074 seconds
[2024-04-14T16:00:15.468-0600] {processor.py:161} INFO - Started process (PID=5563) to work on /Users/felipejimenez/Desktop/AirFlow/.env/lib/python3.9/site-packages/airflow/example_dags/example_short_circuit_operator.py
[2024-04-14T16:00:15.470-0600] {processor.py:830} INFO - Processing file /Users/felipejimenez/Desktop/AirFlow/.env/lib/python3.9/site-packages/airflow/example_dags/example_short_circuit_operator.py for tasks to queue
[2024-04-14T16:00:15.470-0600] {logging_mixin.py:188} INFO - [2024-04-14T16:00:15.470-0600] {dagbag.py:540} INFO - Filling up the DagBag from /Users/felipejimenez/Desktop/AirFlow/.env/lib/python3.9/site-packages/airflow/example_dags/example_short_circuit_operator.py
[2024-04-14T16:00:15.478-0600] {processor.py:840} INFO - DAG(s) 'example_short_circuit_operator' retrieved from /Users/felipejimenez/Desktop/AirFlow/.env/lib/python3.9/site-packages/airflow/example_dags/example_short_circuit_operator.py
[2024-04-14T16:00:15.512-0600] {logging_mixin.py:188} INFO - [2024-04-14T16:00:15.512-0600] {dag.py:3096} INFO - Sync 1 DAGs
[2024-04-14T16:00:15.536-0600] {logging_mixin.py:188} INFO - [2024-04-14T16:00:15.536-0600] {dag.py:3954} INFO - Setting next_dagrun for example_short_circuit_operator to 2024-04-13 00:00:00+00:00, run_after=2024-04-14 00:00:00+00:00
[2024-04-14T16:00:15.542-0600] {processor.py:183} INFO - Processing /Users/felipejimenez/Desktop/AirFlow/.env/lib/python3.9/site-packages/airflow/example_dags/example_short_circuit_operator.py took 0.075 seconds
[2024-04-14T16:01:40.862-0600] {processor.py:161} INFO - Started process (PID=5660) to work on /Users/felipejimenez/Desktop/AirFlow/.env/lib/python3.9/site-packages/airflow/example_dags/example_short_circuit_operator.py
[2024-04-14T16:01:40.863-0600] {processor.py:830} INFO - Processing file /Users/felipejimenez/Desktop/AirFlow/.env/lib/python3.9/site-packages/airflow/example_dags/example_short_circuit_operator.py for tasks to queue
[2024-04-14T16:01:40.864-0600] {logging_mixin.py:188} INFO - [2024-04-14T16:01:40.863-0600] {dagbag.py:540} INFO - Filling up the DagBag from /Users/felipejimenez/Desktop/AirFlow/.env/lib/python3.9/site-packages/airflow/example_dags/example_short_circuit_operator.py
[2024-04-14T16:01:40.872-0600] {processor.py:840} INFO - DAG(s) 'example_short_circuit_operator' retrieved from /Users/felipejimenez/Desktop/AirFlow/.env/lib/python3.9/site-packages/airflow/example_dags/example_short_circuit_operator.py
[2024-04-14T16:01:40.904-0600] {logging_mixin.py:188} INFO - [2024-04-14T16:01:40.904-0600] {dag.py:3096} INFO - Sync 1 DAGs
[2024-04-14T16:01:40.928-0600] {logging_mixin.py:188} INFO - [2024-04-14T16:01:40.928-0600] {dag.py:3954} INFO - Setting next_dagrun for example_short_circuit_operator to 2024-04-13 00:00:00+00:00, run_after=2024-04-14 00:00:00+00:00
[2024-04-14T16:01:40.933-0600] {processor.py:183} INFO - Processing /Users/felipejimenez/Desktop/AirFlow/.env/lib/python3.9/site-packages/airflow/example_dags/example_short_circuit_operator.py took 0.073 seconds
[2024-04-14T16:04:05.598-0600] {processor.py:161} INFO - Started process (PID=5884) to work on /Users/felipejimenez/Desktop/AirFlow/.env/lib/python3.9/site-packages/airflow/example_dags/example_short_circuit_operator.py
[2024-04-14T16:04:05.600-0600] {processor.py:830} INFO - Processing file /Users/felipejimenez/Desktop/AirFlow/.env/lib/python3.9/site-packages/airflow/example_dags/example_short_circuit_operator.py for tasks to queue
[2024-04-14T16:04:05.600-0600] {logging_mixin.py:188} INFO - [2024-04-14T16:04:05.600-0600] {dagbag.py:540} INFO - Filling up the DagBag from /Users/felipejimenez/Desktop/AirFlow/.env/lib/python3.9/site-packages/airflow/example_dags/example_short_circuit_operator.py
[2024-04-14T16:04:05.609-0600] {processor.py:840} INFO - DAG(s) 'example_short_circuit_operator' retrieved from /Users/felipejimenez/Desktop/AirFlow/.env/lib/python3.9/site-packages/airflow/example_dags/example_short_circuit_operator.py
[2024-04-14T16:04:05.643-0600] {logging_mixin.py:188} INFO - [2024-04-14T16:04:05.642-0600] {dag.py:3096} INFO - Sync 1 DAGs
[2024-04-14T16:04:05.666-0600] {logging_mixin.py:188} INFO - [2024-04-14T16:04:05.666-0600] {dag.py:3954} INFO - Setting next_dagrun for example_short_circuit_operator to 2024-04-13 00:00:00+00:00, run_after=2024-04-14 00:00:00+00:00
[2024-04-14T16:04:05.672-0600] {processor.py:183} INFO - Processing /Users/felipejimenez/Desktop/AirFlow/.env/lib/python3.9/site-packages/airflow/example_dags/example_short_circuit_operator.py took 0.075 seconds
[2024-04-14T16:05:18.737-0600] {processor.py:161} INFO - Started process (PID=6009) to work on /Users/felipejimenez/Desktop/AirFlow/.env/lib/python3.9/site-packages/airflow/example_dags/example_short_circuit_operator.py
[2024-04-14T16:05:18.738-0600] {processor.py:830} INFO - Processing file /Users/felipejimenez/Desktop/AirFlow/.env/lib/python3.9/site-packages/airflow/example_dags/example_short_circuit_operator.py for tasks to queue
[2024-04-14T16:05:18.738-0600] {logging_mixin.py:188} INFO - [2024-04-14T16:05:18.738-0600] {dagbag.py:540} INFO - Filling up the DagBag from /Users/felipejimenez/Desktop/AirFlow/.env/lib/python3.9/site-packages/airflow/example_dags/example_short_circuit_operator.py
[2024-04-14T16:05:18.747-0600] {processor.py:840} INFO - DAG(s) 'example_short_circuit_operator' retrieved from /Users/felipejimenez/Desktop/AirFlow/.env/lib/python3.9/site-packages/airflow/example_dags/example_short_circuit_operator.py
[2024-04-14T16:05:18.779-0600] {logging_mixin.py:188} INFO - [2024-04-14T16:05:18.779-0600] {dag.py:3096} INFO - Sync 1 DAGs
[2024-04-14T16:05:18.803-0600] {logging_mixin.py:188} INFO - [2024-04-14T16:05:18.802-0600] {dag.py:3954} INFO - Setting next_dagrun for example_short_circuit_operator to 2024-04-13 00:00:00+00:00, run_after=2024-04-14 00:00:00+00:00
[2024-04-14T16:05:18.808-0600] {processor.py:183} INFO - Processing /Users/felipejimenez/Desktop/AirFlow/.env/lib/python3.9/site-packages/airflow/example_dags/example_short_circuit_operator.py took 0.072 seconds
