[2024-04-14T15:42:57.990-0600] {processor.py:161} INFO - Started process (PID=4131) to work on /Users/felipejimenez/Desktop/AirFlow/.env/lib/python3.9/site-packages/airflow/example_dags/example_dag_decorator.py
[2024-04-14T15:42:57.991-0600] {processor.py:830} INFO - Processing file /Users/felipejimenez/Desktop/AirFlow/.env/lib/python3.9/site-packages/airflow/example_dags/example_dag_decorator.py for tasks to queue
[2024-04-14T15:42:57.991-0600] {logging_mixin.py:188} INFO - [2024-04-14T15:42:57.991-0600] {dagbag.py:540} INFO - Filling up the DagBag from /Users/felipejimenez/Desktop/AirFlow/.env/lib/python3.9/site-packages/airflow/example_dags/example_dag_decorator.py
[2024-04-14T15:42:58.075-0600] {processor.py:840} INFO - DAG(s) 'example_dag_decorator' retrieved from /Users/felipejimenez/Desktop/AirFlow/.env/lib/python3.9/site-packages/airflow/example_dags/example_dag_decorator.py
[2024-04-14T15:42:58.134-0600] {logging_mixin.py:188} INFO - [2024-04-14T15:42:58.133-0600] {override.py:1829} INFO - Created Permission View: can edit on DAG:example_dag_decorator
[2024-04-14T15:42:58.136-0600] {logging_mixin.py:188} INFO - [2024-04-14T15:42:58.136-0600] {override.py:1829} INFO - Created Permission View: can delete on DAG:example_dag_decorator
[2024-04-14T15:42:58.137-0600] {logging_mixin.py:188} INFO - [2024-04-14T15:42:58.137-0600] {override.py:1829} INFO - Created Permission View: can read on DAG:example_dag_decorator
[2024-04-14T15:42:58.138-0600] {logging_mixin.py:188} INFO - [2024-04-14T15:42:58.138-0600] {dag.py:3096} INFO - Sync 1 DAGs
[2024-04-14T15:42:58.141-0600] {logging_mixin.py:188} INFO - [2024-04-14T15:42:58.141-0600] {dag.py:3118} INFO - Creating ORM DAG for example_dag_decorator
[2024-04-14T15:42:58.141-0600] {logging_mixin.py:188} INFO - [2024-04-14T15:42:58.141-0600] {dag.py:3954} INFO - Setting next_dagrun for example_dag_decorator to None, run_after=None
[2024-04-14T15:42:58.146-0600] {processor.py:183} INFO - Processing /Users/felipejimenez/Desktop/AirFlow/.env/lib/python3.9/site-packages/airflow/example_dags/example_dag_decorator.py took 0.157 seconds
[2024-04-14T15:44:25.030-0600] {processor.py:161} INFO - Started process (PID=4232) to work on /Users/felipejimenez/Desktop/AirFlow/.env/lib/python3.9/site-packages/airflow/example_dags/example_dag_decorator.py
[2024-04-14T15:44:25.031-0600] {processor.py:830} INFO - Processing file /Users/felipejimenez/Desktop/AirFlow/.env/lib/python3.9/site-packages/airflow/example_dags/example_dag_decorator.py for tasks to queue
[2024-04-14T15:44:25.032-0600] {logging_mixin.py:188} INFO - [2024-04-14T15:44:25.032-0600] {dagbag.py:540} INFO - Filling up the DagBag from /Users/felipejimenez/Desktop/AirFlow/.env/lib/python3.9/site-packages/airflow/example_dags/example_dag_decorator.py
[2024-04-14T15:44:25.114-0600] {processor.py:840} INFO - DAG(s) 'example_dag_decorator' retrieved from /Users/felipejimenez/Desktop/AirFlow/.env/lib/python3.9/site-packages/airflow/example_dags/example_dag_decorator.py
[2024-04-14T15:44:25.180-0600] {logging_mixin.py:188} INFO - [2024-04-14T15:44:25.180-0600] {dag.py:3096} INFO - Sync 1 DAGs
[2024-04-14T15:44:25.183-0600] {logging_mixin.py:188} INFO - [2024-04-14T15:44:25.183-0600] {dag.py:3954} INFO - Setting next_dagrun for example_dag_decorator to None, run_after=None
[2024-04-14T15:44:25.189-0600] {processor.py:183} INFO - Processing /Users/felipejimenez/Desktop/AirFlow/.env/lib/python3.9/site-packages/airflow/example_dags/example_dag_decorator.py took 0.160 seconds
[2024-04-14T15:45:53.494-0600] {processor.py:161} INFO - Started process (PID=4340) to work on /Users/felipejimenez/Desktop/AirFlow/.env/lib/python3.9/site-packages/airflow/example_dags/example_dag_decorator.py
[2024-04-14T15:45:53.496-0600] {processor.py:830} INFO - Processing file /Users/felipejimenez/Desktop/AirFlow/.env/lib/python3.9/site-packages/airflow/example_dags/example_dag_decorator.py for tasks to queue
[2024-04-14T15:45:53.496-0600] {logging_mixin.py:188} INFO - [2024-04-14T15:45:53.496-0600] {dagbag.py:540} INFO - Filling up the DagBag from /Users/felipejimenez/Desktop/AirFlow/.env/lib/python3.9/site-packages/airflow/example_dags/example_dag_decorator.py
[2024-04-14T15:45:53.594-0600] {processor.py:840} INFO - DAG(s) 'example_dag_decorator' retrieved from /Users/felipejimenez/Desktop/AirFlow/.env/lib/python3.9/site-packages/airflow/example_dags/example_dag_decorator.py
[2024-04-14T15:45:53.665-0600] {logging_mixin.py:188} INFO - [2024-04-14T15:45:53.665-0600] {dag.py:3096} INFO - Sync 1 DAGs
[2024-04-14T15:45:53.668-0600] {logging_mixin.py:188} INFO - [2024-04-14T15:45:53.668-0600] {dag.py:3954} INFO - Setting next_dagrun for example_dag_decorator to None, run_after=None
[2024-04-14T15:45:53.673-0600] {processor.py:183} INFO - Processing /Users/felipejimenez/Desktop/AirFlow/.env/lib/python3.9/site-packages/airflow/example_dags/example_dag_decorator.py took 0.180 seconds
[2024-04-14T15:47:20.906-0600] {processor.py:161} INFO - Started process (PID=4440) to work on /Users/felipejimenez/Desktop/AirFlow/.env/lib/python3.9/site-packages/airflow/example_dags/example_dag_decorator.py
[2024-04-14T15:47:20.907-0600] {processor.py:830} INFO - Processing file /Users/felipejimenez/Desktop/AirFlow/.env/lib/python3.9/site-packages/airflow/example_dags/example_dag_decorator.py for tasks to queue
[2024-04-14T15:47:20.908-0600] {logging_mixin.py:188} INFO - [2024-04-14T15:47:20.908-0600] {dagbag.py:540} INFO - Filling up the DagBag from /Users/felipejimenez/Desktop/AirFlow/.env/lib/python3.9/site-packages/airflow/example_dags/example_dag_decorator.py
[2024-04-14T15:47:21.001-0600] {processor.py:840} INFO - DAG(s) 'example_dag_decorator' retrieved from /Users/felipejimenez/Desktop/AirFlow/.env/lib/python3.9/site-packages/airflow/example_dags/example_dag_decorator.py
[2024-04-14T15:47:21.071-0600] {logging_mixin.py:188} INFO - [2024-04-14T15:47:21.071-0600] {dag.py:3096} INFO - Sync 1 DAGs
[2024-04-14T15:47:21.074-0600] {logging_mixin.py:188} INFO - [2024-04-14T15:47:21.074-0600] {dag.py:3954} INFO - Setting next_dagrun for example_dag_decorator to None, run_after=None
[2024-04-14T15:47:21.080-0600] {processor.py:183} INFO - Processing /Users/felipejimenez/Desktop/AirFlow/.env/lib/python3.9/site-packages/airflow/example_dags/example_dag_decorator.py took 0.175 seconds
[2024-04-14T15:48:51.931-0600] {processor.py:161} INFO - Started process (PID=4609) to work on /Users/felipejimenez/Desktop/AirFlow/.env/lib/python3.9/site-packages/airflow/example_dags/example_dag_decorator.py
[2024-04-14T15:48:51.935-0600] {processor.py:830} INFO - Processing file /Users/felipejimenez/Desktop/AirFlow/.env/lib/python3.9/site-packages/airflow/example_dags/example_dag_decorator.py for tasks to queue
[2024-04-14T15:48:51.936-0600] {logging_mixin.py:188} INFO - [2024-04-14T15:48:51.935-0600] {dagbag.py:540} INFO - Filling up the DagBag from /Users/felipejimenez/Desktop/AirFlow/.env/lib/python3.9/site-packages/airflow/example_dags/example_dag_decorator.py
[2024-04-14T15:48:52.021-0600] {processor.py:840} INFO - DAG(s) 'example_dag_decorator' retrieved from /Users/felipejimenez/Desktop/AirFlow/.env/lib/python3.9/site-packages/airflow/example_dags/example_dag_decorator.py
[2024-04-14T15:48:52.089-0600] {logging_mixin.py:188} INFO - [2024-04-14T15:48:52.089-0600] {dag.py:3096} INFO - Sync 1 DAGs
[2024-04-14T15:48:52.092-0600] {logging_mixin.py:188} INFO - [2024-04-14T15:48:52.092-0600] {dag.py:3954} INFO - Setting next_dagrun for example_dag_decorator to None, run_after=None
[2024-04-14T15:48:52.099-0600] {processor.py:183} INFO - Processing /Users/felipejimenez/Desktop/AirFlow/.env/lib/python3.9/site-packages/airflow/example_dags/example_dag_decorator.py took 0.168 seconds
[2024-04-14T15:50:18.501-0600] {processor.py:161} INFO - Started process (PID=4722) to work on /Users/felipejimenez/Desktop/AirFlow/.env/lib/python3.9/site-packages/airflow/example_dags/example_dag_decorator.py
[2024-04-14T15:50:18.503-0600] {processor.py:830} INFO - Processing file /Users/felipejimenez/Desktop/AirFlow/.env/lib/python3.9/site-packages/airflow/example_dags/example_dag_decorator.py for tasks to queue
[2024-04-14T15:50:18.503-0600] {logging_mixin.py:188} INFO - [2024-04-14T15:50:18.503-0600] {dagbag.py:540} INFO - Filling up the DagBag from /Users/felipejimenez/Desktop/AirFlow/.env/lib/python3.9/site-packages/airflow/example_dags/example_dag_decorator.py
[2024-04-14T15:50:18.596-0600] {processor.py:840} INFO - DAG(s) 'example_dag_decorator' retrieved from /Users/felipejimenez/Desktop/AirFlow/.env/lib/python3.9/site-packages/airflow/example_dags/example_dag_decorator.py
[2024-04-14T15:50:18.666-0600] {logging_mixin.py:188} INFO - [2024-04-14T15:50:18.666-0600] {dag.py:3096} INFO - Sync 1 DAGs
[2024-04-14T15:50:18.669-0600] {logging_mixin.py:188} INFO - [2024-04-14T15:50:18.668-0600] {dag.py:3954} INFO - Setting next_dagrun for example_dag_decorator to None, run_after=None
[2024-04-14T15:50:18.674-0600] {processor.py:183} INFO - Processing /Users/felipejimenez/Desktop/AirFlow/.env/lib/python3.9/site-packages/airflow/example_dags/example_dag_decorator.py took 0.174 seconds
[2024-04-14T15:51:50.562-0600] {processor.py:161} INFO - Started process (PID=4832) to work on /Users/felipejimenez/Desktop/AirFlow/.env/lib/python3.9/site-packages/airflow/example_dags/example_dag_decorator.py
[2024-04-14T15:51:50.564-0600] {processor.py:830} INFO - Processing file /Users/felipejimenez/Desktop/AirFlow/.env/lib/python3.9/site-packages/airflow/example_dags/example_dag_decorator.py for tasks to queue
[2024-04-14T15:51:50.565-0600] {logging_mixin.py:188} INFO - [2024-04-14T15:51:50.564-0600] {dagbag.py:540} INFO - Filling up the DagBag from /Users/felipejimenez/Desktop/AirFlow/.env/lib/python3.9/site-packages/airflow/example_dags/example_dag_decorator.py
[2024-04-14T15:51:50.652-0600] {processor.py:840} INFO - DAG(s) 'example_dag_decorator' retrieved from /Users/felipejimenez/Desktop/AirFlow/.env/lib/python3.9/site-packages/airflow/example_dags/example_dag_decorator.py
[2024-04-14T15:51:50.720-0600] {logging_mixin.py:188} INFO - [2024-04-14T15:51:50.719-0600] {dag.py:3096} INFO - Sync 1 DAGs
[2024-04-14T15:51:50.722-0600] {logging_mixin.py:188} INFO - [2024-04-14T15:51:50.722-0600] {dag.py:3954} INFO - Setting next_dagrun for example_dag_decorator to None, run_after=None
[2024-04-14T15:51:50.728-0600] {processor.py:183} INFO - Processing /Users/felipejimenez/Desktop/AirFlow/.env/lib/python3.9/site-packages/airflow/example_dags/example_dag_decorator.py took 0.167 seconds
[2024-04-14T15:53:15.828-0600] {processor.py:161} INFO - Started process (PID=4986) to work on /Users/felipejimenez/Desktop/AirFlow/.env/lib/python3.9/site-packages/airflow/example_dags/example_dag_decorator.py
[2024-04-14T15:53:15.830-0600] {processor.py:830} INFO - Processing file /Users/felipejimenez/Desktop/AirFlow/.env/lib/python3.9/site-packages/airflow/example_dags/example_dag_decorator.py for tasks to queue
[2024-04-14T15:53:15.830-0600] {logging_mixin.py:188} INFO - [2024-04-14T15:53:15.830-0600] {dagbag.py:540} INFO - Filling up the DagBag from /Users/felipejimenez/Desktop/AirFlow/.env/lib/python3.9/site-packages/airflow/example_dags/example_dag_decorator.py
[2024-04-14T15:53:15.971-0600] {processor.py:840} INFO - DAG(s) 'example_dag_decorator' retrieved from /Users/felipejimenez/Desktop/AirFlow/.env/lib/python3.9/site-packages/airflow/example_dags/example_dag_decorator.py
[2024-04-14T15:53:16.050-0600] {logging_mixin.py:188} INFO - [2024-04-14T15:53:16.050-0600] {dag.py:3096} INFO - Sync 1 DAGs
[2024-04-14T15:53:16.054-0600] {logging_mixin.py:188} INFO - [2024-04-14T15:53:16.053-0600] {dag.py:3954} INFO - Setting next_dagrun for example_dag_decorator to None, run_after=None
[2024-04-14T15:53:16.060-0600] {processor.py:183} INFO - Processing /Users/felipejimenez/Desktop/AirFlow/.env/lib/python3.9/site-packages/airflow/example_dags/example_dag_decorator.py took 0.232 seconds
[2024-04-14T15:54:43.681-0600] {processor.py:161} INFO - Started process (PID=5089) to work on /Users/felipejimenez/Desktop/AirFlow/.env/lib/python3.9/site-packages/airflow/example_dags/example_dag_decorator.py
[2024-04-14T15:54:43.683-0600] {processor.py:830} INFO - Processing file /Users/felipejimenez/Desktop/AirFlow/.env/lib/python3.9/site-packages/airflow/example_dags/example_dag_decorator.py for tasks to queue
[2024-04-14T15:54:43.683-0600] {logging_mixin.py:188} INFO - [2024-04-14T15:54:43.683-0600] {dagbag.py:540} INFO - Filling up the DagBag from /Users/felipejimenez/Desktop/AirFlow/.env/lib/python3.9/site-packages/airflow/example_dags/example_dag_decorator.py
[2024-04-14T15:54:43.769-0600] {processor.py:840} INFO - DAG(s) 'example_dag_decorator' retrieved from /Users/felipejimenez/Desktop/AirFlow/.env/lib/python3.9/site-packages/airflow/example_dags/example_dag_decorator.py
[2024-04-14T15:54:43.836-0600] {logging_mixin.py:188} INFO - [2024-04-14T15:54:43.836-0600] {dag.py:3096} INFO - Sync 1 DAGs
[2024-04-14T15:54:43.839-0600] {logging_mixin.py:188} INFO - [2024-04-14T15:54:43.839-0600] {dag.py:3954} INFO - Setting next_dagrun for example_dag_decorator to None, run_after=None
[2024-04-14T15:54:43.845-0600] {processor.py:183} INFO - Processing /Users/felipejimenez/Desktop/AirFlow/.env/lib/python3.9/site-packages/airflow/example_dags/example_dag_decorator.py took 0.164 seconds
[2024-04-14T15:56:36.781-0600] {processor.py:161} INFO - Started process (PID=5256) to work on /Users/felipejimenez/Desktop/AirFlow/.env/lib/python3.9/site-packages/airflow/example_dags/example_dag_decorator.py
[2024-04-14T15:56:36.783-0600] {processor.py:830} INFO - Processing file /Users/felipejimenez/Desktop/AirFlow/.env/lib/python3.9/site-packages/airflow/example_dags/example_dag_decorator.py for tasks to queue
[2024-04-14T15:56:36.783-0600] {logging_mixin.py:188} INFO - [2024-04-14T15:56:36.783-0600] {dagbag.py:540} INFO - Filling up the DagBag from /Users/felipejimenez/Desktop/AirFlow/.env/lib/python3.9/site-packages/airflow/example_dags/example_dag_decorator.py
[2024-04-14T15:56:36.870-0600] {processor.py:840} INFO - DAG(s) 'example_dag_decorator' retrieved from /Users/felipejimenez/Desktop/AirFlow/.env/lib/python3.9/site-packages/airflow/example_dags/example_dag_decorator.py
[2024-04-14T15:56:36.937-0600] {logging_mixin.py:188} INFO - [2024-04-14T15:56:36.937-0600] {dag.py:3096} INFO - Sync 1 DAGs
[2024-04-14T15:56:36.940-0600] {logging_mixin.py:188} INFO - [2024-04-14T15:56:36.940-0600] {dag.py:3954} INFO - Setting next_dagrun for example_dag_decorator to None, run_after=None
[2024-04-14T15:56:36.945-0600] {processor.py:183} INFO - Processing /Users/felipejimenez/Desktop/AirFlow/.env/lib/python3.9/site-packages/airflow/example_dags/example_dag_decorator.py took 0.165 seconds
[2024-04-14T15:58:01.977-0600] {processor.py:161} INFO - Started process (PID=5392) to work on /Users/felipejimenez/Desktop/AirFlow/.env/lib/python3.9/site-packages/airflow/example_dags/example_dag_decorator.py
[2024-04-14T15:58:01.979-0600] {processor.py:830} INFO - Processing file /Users/felipejimenez/Desktop/AirFlow/.env/lib/python3.9/site-packages/airflow/example_dags/example_dag_decorator.py for tasks to queue
[2024-04-14T15:58:01.979-0600] {logging_mixin.py:188} INFO - [2024-04-14T15:58:01.979-0600] {dagbag.py:540} INFO - Filling up the DagBag from /Users/felipejimenez/Desktop/AirFlow/.env/lib/python3.9/site-packages/airflow/example_dags/example_dag_decorator.py
[2024-04-14T15:58:02.066-0600] {processor.py:840} INFO - DAG(s) 'example_dag_decorator' retrieved from /Users/felipejimenez/Desktop/AirFlow/.env/lib/python3.9/site-packages/airflow/example_dags/example_dag_decorator.py
[2024-04-14T15:58:02.131-0600] {logging_mixin.py:188} INFO - [2024-04-14T15:58:02.131-0600] {dag.py:3096} INFO - Sync 1 DAGs
[2024-04-14T15:58:02.134-0600] {logging_mixin.py:188} INFO - [2024-04-14T15:58:02.134-0600] {dag.py:3954} INFO - Setting next_dagrun for example_dag_decorator to None, run_after=None
[2024-04-14T15:58:02.140-0600] {processor.py:183} INFO - Processing /Users/felipejimenez/Desktop/AirFlow/.env/lib/python3.9/site-packages/airflow/example_dags/example_dag_decorator.py took 0.164 seconds
[2024-04-14T15:59:32.903-0600] {processor.py:161} INFO - Started process (PID=5515) to work on /Users/felipejimenez/Desktop/AirFlow/.env/lib/python3.9/site-packages/airflow/example_dags/example_dag_decorator.py
[2024-04-14T15:59:32.905-0600] {processor.py:830} INFO - Processing file /Users/felipejimenez/Desktop/AirFlow/.env/lib/python3.9/site-packages/airflow/example_dags/example_dag_decorator.py for tasks to queue
[2024-04-14T15:59:32.906-0600] {logging_mixin.py:188} INFO - [2024-04-14T15:59:32.906-0600] {dagbag.py:540} INFO - Filling up the DagBag from /Users/felipejimenez/Desktop/AirFlow/.env/lib/python3.9/site-packages/airflow/example_dags/example_dag_decorator.py
[2024-04-14T15:59:32.992-0600] {processor.py:840} INFO - DAG(s) 'example_dag_decorator' retrieved from /Users/felipejimenez/Desktop/AirFlow/.env/lib/python3.9/site-packages/airflow/example_dags/example_dag_decorator.py
[2024-04-14T15:59:33.059-0600] {logging_mixin.py:188} INFO - [2024-04-14T15:59:33.058-0600] {dag.py:3096} INFO - Sync 1 DAGs
[2024-04-14T15:59:33.061-0600] {logging_mixin.py:188} INFO - [2024-04-14T15:59:33.061-0600] {dag.py:3954} INFO - Setting next_dagrun for example_dag_decorator to None, run_after=None
[2024-04-14T15:59:33.067-0600] {processor.py:183} INFO - Processing /Users/felipejimenez/Desktop/AirFlow/.env/lib/python3.9/site-packages/airflow/example_dags/example_dag_decorator.py took 0.165 seconds
[2024-04-14T16:01:00.168-0600] {processor.py:161} INFO - Started process (PID=5614) to work on /Users/felipejimenez/Desktop/AirFlow/.env/lib/python3.9/site-packages/airflow/example_dags/example_dag_decorator.py
[2024-04-14T16:01:00.170-0600] {processor.py:830} INFO - Processing file /Users/felipejimenez/Desktop/AirFlow/.env/lib/python3.9/site-packages/airflow/example_dags/example_dag_decorator.py for tasks to queue
[2024-04-14T16:01:00.170-0600] {logging_mixin.py:188} INFO - [2024-04-14T16:01:00.170-0600] {dagbag.py:540} INFO - Filling up the DagBag from /Users/felipejimenez/Desktop/AirFlow/.env/lib/python3.9/site-packages/airflow/example_dags/example_dag_decorator.py
[2024-04-14T16:01:00.261-0600] {processor.py:840} INFO - DAG(s) 'example_dag_decorator' retrieved from /Users/felipejimenez/Desktop/AirFlow/.env/lib/python3.9/site-packages/airflow/example_dags/example_dag_decorator.py
[2024-04-14T16:01:00.328-0600] {logging_mixin.py:188} INFO - [2024-04-14T16:01:00.328-0600] {dag.py:3096} INFO - Sync 1 DAGs
[2024-04-14T16:01:00.331-0600] {logging_mixin.py:188} INFO - [2024-04-14T16:01:00.331-0600] {dag.py:3954} INFO - Setting next_dagrun for example_dag_decorator to None, run_after=None
[2024-04-14T16:01:00.337-0600] {processor.py:183} INFO - Processing /Users/felipejimenez/Desktop/AirFlow/.env/lib/python3.9/site-packages/airflow/example_dags/example_dag_decorator.py took 0.169 seconds
[2024-04-14T16:04:34.935-0600] {processor.py:161} INFO - Started process (PID=5939) to work on /Users/felipejimenez/Desktop/AirFlow/.env/lib/python3.9/site-packages/airflow/example_dags/example_dag_decorator.py
[2024-04-14T16:04:34.936-0600] {processor.py:830} INFO - Processing file /Users/felipejimenez/Desktop/AirFlow/.env/lib/python3.9/site-packages/airflow/example_dags/example_dag_decorator.py for tasks to queue
[2024-04-14T16:04:34.937-0600] {logging_mixin.py:188} INFO - [2024-04-14T16:04:34.937-0600] {dagbag.py:540} INFO - Filling up the DagBag from /Users/felipejimenez/Desktop/AirFlow/.env/lib/python3.9/site-packages/airflow/example_dags/example_dag_decorator.py
[2024-04-14T16:04:35.018-0600] {processor.py:840} INFO - DAG(s) 'example_dag_decorator' retrieved from /Users/felipejimenez/Desktop/AirFlow/.env/lib/python3.9/site-packages/airflow/example_dags/example_dag_decorator.py
[2024-04-14T16:04:35.081-0600] {logging_mixin.py:188} INFO - [2024-04-14T16:04:35.081-0600] {dag.py:3096} INFO - Sync 1 DAGs
[2024-04-14T16:04:35.084-0600] {logging_mixin.py:188} INFO - [2024-04-14T16:04:35.084-0600] {dag.py:3954} INFO - Setting next_dagrun for example_dag_decorator to None, run_after=None
[2024-04-14T16:04:35.089-0600] {processor.py:183} INFO - Processing /Users/felipejimenez/Desktop/AirFlow/.env/lib/python3.9/site-packages/airflow/example_dags/example_dag_decorator.py took 0.156 seconds
[2024-04-14T16:06:06.798-0600] {processor.py:161} INFO - Started process (PID=6106) to work on /Users/felipejimenez/Desktop/AirFlow/.env/lib/python3.9/site-packages/airflow/example_dags/example_dag_decorator.py
[2024-04-14T16:06:06.800-0600] {processor.py:830} INFO - Processing file /Users/felipejimenez/Desktop/AirFlow/.env/lib/python3.9/site-packages/airflow/example_dags/example_dag_decorator.py for tasks to queue
[2024-04-14T16:06:06.800-0600] {logging_mixin.py:188} INFO - [2024-04-14T16:06:06.800-0600] {dagbag.py:540} INFO - Filling up the DagBag from /Users/felipejimenez/Desktop/AirFlow/.env/lib/python3.9/site-packages/airflow/example_dags/example_dag_decorator.py
[2024-04-14T16:06:06.887-0600] {processor.py:840} INFO - DAG(s) 'example_dag_decorator' retrieved from /Users/felipejimenez/Desktop/AirFlow/.env/lib/python3.9/site-packages/airflow/example_dags/example_dag_decorator.py
[2024-04-14T16:06:06.953-0600] {logging_mixin.py:188} INFO - [2024-04-14T16:06:06.953-0600] {dag.py:3096} INFO - Sync 1 DAGs
[2024-04-14T16:06:06.956-0600] {logging_mixin.py:188} INFO - [2024-04-14T16:06:06.956-0600] {dag.py:3954} INFO - Setting next_dagrun for example_dag_decorator to None, run_after=None
[2024-04-14T16:06:06.961-0600] {processor.py:183} INFO - Processing /Users/felipejimenez/Desktop/AirFlow/.env/lib/python3.9/site-packages/airflow/example_dags/example_dag_decorator.py took 0.164 seconds
