[2024-04-14T15:42:34.976-0600] {processor.py:161} INFO - Started process (PID=4105) to work on /Users/felipejimenez/Desktop/AirFlow/.env/lib/python3.9/site-packages/airflow/example_dags/example_sensor_decorator.py
[2024-04-14T15:42:34.977-0600] {processor.py:830} INFO - Processing file /Users/felipejimenez/Desktop/AirFlow/.env/lib/python3.9/site-packages/airflow/example_dags/example_sensor_decorator.py for tasks to queue
[2024-04-14T15:42:34.977-0600] {logging_mixin.py:188} INFO - [2024-04-14T15:42:34.977-0600] {dagbag.py:540} INFO - Filling up the DagBag from /Users/felipejimenez/Desktop/AirFlow/.env/lib/python3.9/site-packages/airflow/example_dags/example_sensor_decorator.py
[2024-04-14T15:42:34.990-0600] {processor.py:840} INFO - DAG(s) 'example_sensor_decorator' retrieved from /Users/felipejimenez/Desktop/AirFlow/.env/lib/python3.9/site-packages/airflow/example_dags/example_sensor_decorator.py
[2024-04-14T15:42:35.069-0600] {logging_mixin.py:188} INFO - [2024-04-14T15:42:35.069-0600] {override.py:1829} INFO - Created Permission View: can edit on DAG:example_sensor_decorator
[2024-04-14T15:42:35.071-0600] {logging_mixin.py:188} INFO - [2024-04-14T15:42:35.071-0600] {override.py:1829} INFO - Created Permission View: can delete on DAG:example_sensor_decorator
[2024-04-14T15:42:35.073-0600] {logging_mixin.py:188} INFO - [2024-04-14T15:42:35.073-0600] {override.py:1829} INFO - Created Permission View: can read on DAG:example_sensor_decorator
[2024-04-14T15:42:35.073-0600] {logging_mixin.py:188} INFO - [2024-04-14T15:42:35.073-0600] {dag.py:3096} INFO - Sync 1 DAGs
[2024-04-14T15:42:35.077-0600] {logging_mixin.py:188} INFO - [2024-04-14T15:42:35.077-0600] {dag.py:3118} INFO - Creating ORM DAG for example_sensor_decorator
[2024-04-14T15:42:35.077-0600] {logging_mixin.py:188} INFO - [2024-04-14T15:42:35.077-0600] {dag.py:3954} INFO - Setting next_dagrun for example_sensor_decorator to None, run_after=None
[2024-04-14T15:42:35.082-0600] {processor.py:183} INFO - Processing /Users/felipejimenez/Desktop/AirFlow/.env/lib/python3.9/site-packages/airflow/example_dags/example_sensor_decorator.py took 0.107 seconds
[2024-04-14T15:43:49.734-0600] {processor.py:161} INFO - Started process (PID=4191) to work on /Users/felipejimenez/Desktop/AirFlow/.env/lib/python3.9/site-packages/airflow/example_dags/example_sensor_decorator.py
[2024-04-14T15:43:49.735-0600] {processor.py:830} INFO - Processing file /Users/felipejimenez/Desktop/AirFlow/.env/lib/python3.9/site-packages/airflow/example_dags/example_sensor_decorator.py for tasks to queue
[2024-04-14T15:43:49.735-0600] {logging_mixin.py:188} INFO - [2024-04-14T15:43:49.735-0600] {dagbag.py:540} INFO - Filling up the DagBag from /Users/felipejimenez/Desktop/AirFlow/.env/lib/python3.9/site-packages/airflow/example_dags/example_sensor_decorator.py
[2024-04-14T15:43:49.748-0600] {processor.py:840} INFO - DAG(s) 'example_sensor_decorator' retrieved from /Users/felipejimenez/Desktop/AirFlow/.env/lib/python3.9/site-packages/airflow/example_dags/example_sensor_decorator.py
[2024-04-14T15:43:49.801-0600] {logging_mixin.py:188} INFO - [2024-04-14T15:43:49.801-0600] {dag.py:3096} INFO - Sync 1 DAGs
[2024-04-14T15:43:49.804-0600] {logging_mixin.py:188} INFO - [2024-04-14T15:43:49.804-0600] {dag.py:3954} INFO - Setting next_dagrun for example_sensor_decorator to None, run_after=None
[2024-04-14T15:43:49.810-0600] {processor.py:183} INFO - Processing /Users/felipejimenez/Desktop/AirFlow/.env/lib/python3.9/site-packages/airflow/example_dags/example_sensor_decorator.py took 0.077 seconds
[2024-04-14T15:45:16.555-0600] {processor.py:161} INFO - Started process (PID=4297) to work on /Users/felipejimenez/Desktop/AirFlow/.env/lib/python3.9/site-packages/airflow/example_dags/example_sensor_decorator.py
[2024-04-14T15:45:16.556-0600] {processor.py:830} INFO - Processing file /Users/felipejimenez/Desktop/AirFlow/.env/lib/python3.9/site-packages/airflow/example_dags/example_sensor_decorator.py for tasks to queue
[2024-04-14T15:45:16.557-0600] {logging_mixin.py:188} INFO - [2024-04-14T15:45:16.557-0600] {dagbag.py:540} INFO - Filling up the DagBag from /Users/felipejimenez/Desktop/AirFlow/.env/lib/python3.9/site-packages/airflow/example_dags/example_sensor_decorator.py
[2024-04-14T15:45:16.568-0600] {processor.py:840} INFO - DAG(s) 'example_sensor_decorator' retrieved from /Users/felipejimenez/Desktop/AirFlow/.env/lib/python3.9/site-packages/airflow/example_dags/example_sensor_decorator.py
[2024-04-14T15:45:16.618-0600] {logging_mixin.py:188} INFO - [2024-04-14T15:45:16.618-0600] {dag.py:3096} INFO - Sync 1 DAGs
[2024-04-14T15:45:16.621-0600] {logging_mixin.py:188} INFO - [2024-04-14T15:45:16.621-0600] {dag.py:3954} INFO - Setting next_dagrun for example_sensor_decorator to None, run_after=None
[2024-04-14T15:45:16.627-0600] {processor.py:183} INFO - Processing /Users/felipejimenez/Desktop/AirFlow/.env/lib/python3.9/site-packages/airflow/example_dags/example_sensor_decorator.py took 0.073 seconds
[2024-04-14T15:46:40.059-0600] {processor.py:161} INFO - Started process (PID=4393) to work on /Users/felipejimenez/Desktop/AirFlow/.env/lib/python3.9/site-packages/airflow/example_dags/example_sensor_decorator.py
[2024-04-14T15:46:40.060-0600] {processor.py:830} INFO - Processing file /Users/felipejimenez/Desktop/AirFlow/.env/lib/python3.9/site-packages/airflow/example_dags/example_sensor_decorator.py for tasks to queue
[2024-04-14T15:46:40.060-0600] {logging_mixin.py:188} INFO - [2024-04-14T15:46:40.060-0600] {dagbag.py:540} INFO - Filling up the DagBag from /Users/felipejimenez/Desktop/AirFlow/.env/lib/python3.9/site-packages/airflow/example_dags/example_sensor_decorator.py
[2024-04-14T15:46:40.072-0600] {processor.py:840} INFO - DAG(s) 'example_sensor_decorator' retrieved from /Users/felipejimenez/Desktop/AirFlow/.env/lib/python3.9/site-packages/airflow/example_dags/example_sensor_decorator.py
[2024-04-14T15:46:40.123-0600] {logging_mixin.py:188} INFO - [2024-04-14T15:46:40.123-0600] {dag.py:3096} INFO - Sync 1 DAGs
[2024-04-14T15:46:40.126-0600] {logging_mixin.py:188} INFO - [2024-04-14T15:46:40.126-0600] {dag.py:3954} INFO - Setting next_dagrun for example_sensor_decorator to None, run_after=None
[2024-04-14T15:46:40.132-0600] {processor.py:183} INFO - Processing /Users/felipejimenez/Desktop/AirFlow/.env/lib/python3.9/site-packages/airflow/example_dags/example_sensor_decorator.py took 0.074 seconds
[2024-04-14T15:48:12.639-0600] {processor.py:161} INFO - Started process (PID=4509) to work on /Users/felipejimenez/Desktop/AirFlow/.env/lib/python3.9/site-packages/airflow/example_dags/example_sensor_decorator.py
[2024-04-14T15:48:12.640-0600] {processor.py:830} INFO - Processing file /Users/felipejimenez/Desktop/AirFlow/.env/lib/python3.9/site-packages/airflow/example_dags/example_sensor_decorator.py for tasks to queue
[2024-04-14T15:48:12.641-0600] {logging_mixin.py:188} INFO - [2024-04-14T15:48:12.641-0600] {dagbag.py:540} INFO - Filling up the DagBag from /Users/felipejimenez/Desktop/AirFlow/.env/lib/python3.9/site-packages/airflow/example_dags/example_sensor_decorator.py
[2024-04-14T15:48:12.654-0600] {processor.py:840} INFO - DAG(s) 'example_sensor_decorator' retrieved from /Users/felipejimenez/Desktop/AirFlow/.env/lib/python3.9/site-packages/airflow/example_dags/example_sensor_decorator.py
[2024-04-14T15:48:12.707-0600] {logging_mixin.py:188} INFO - [2024-04-14T15:48:12.707-0600] {dag.py:3096} INFO - Sync 1 DAGs
[2024-04-14T15:48:12.710-0600] {logging_mixin.py:188} INFO - [2024-04-14T15:48:12.710-0600] {dag.py:3954} INFO - Setting next_dagrun for example_sensor_decorator to None, run_after=None
[2024-04-14T15:48:12.716-0600] {processor.py:183} INFO - Processing /Users/felipejimenez/Desktop/AirFlow/.env/lib/python3.9/site-packages/airflow/example_dags/example_sensor_decorator.py took 0.078 seconds
[2024-04-14T15:49:42.177-0600] {processor.py:161} INFO - Started process (PID=4675) to work on /Users/felipejimenez/Desktop/AirFlow/.env/lib/python3.9/site-packages/airflow/example_dags/example_sensor_decorator.py
[2024-04-14T15:49:42.178-0600] {processor.py:830} INFO - Processing file /Users/felipejimenez/Desktop/AirFlow/.env/lib/python3.9/site-packages/airflow/example_dags/example_sensor_decorator.py for tasks to queue
[2024-04-14T15:49:42.178-0600] {logging_mixin.py:188} INFO - [2024-04-14T15:49:42.178-0600] {dagbag.py:540} INFO - Filling up the DagBag from /Users/felipejimenez/Desktop/AirFlow/.env/lib/python3.9/site-packages/airflow/example_dags/example_sensor_decorator.py
[2024-04-14T15:49:42.190-0600] {processor.py:840} INFO - DAG(s) 'example_sensor_decorator' retrieved from /Users/felipejimenez/Desktop/AirFlow/.env/lib/python3.9/site-packages/airflow/example_dags/example_sensor_decorator.py
[2024-04-14T15:49:42.246-0600] {logging_mixin.py:188} INFO - [2024-04-14T15:49:42.245-0600] {dag.py:3096} INFO - Sync 1 DAGs
[2024-04-14T15:49:42.249-0600] {logging_mixin.py:188} INFO - [2024-04-14T15:49:42.249-0600] {dag.py:3954} INFO - Setting next_dagrun for example_sensor_decorator to None, run_after=None
[2024-04-14T15:49:42.254-0600] {processor.py:183} INFO - Processing /Users/felipejimenez/Desktop/AirFlow/.env/lib/python3.9/site-packages/airflow/example_dags/example_sensor_decorator.py took 0.078 seconds
[2024-04-14T15:51:09.446-0600] {processor.py:161} INFO - Started process (PID=4777) to work on /Users/felipejimenez/Desktop/AirFlow/.env/lib/python3.9/site-packages/airflow/example_dags/example_sensor_decorator.py
[2024-04-14T15:51:09.448-0600] {processor.py:830} INFO - Processing file /Users/felipejimenez/Desktop/AirFlow/.env/lib/python3.9/site-packages/airflow/example_dags/example_sensor_decorator.py for tasks to queue
[2024-04-14T15:51:09.448-0600] {logging_mixin.py:188} INFO - [2024-04-14T15:51:09.448-0600] {dagbag.py:540} INFO - Filling up the DagBag from /Users/felipejimenez/Desktop/AirFlow/.env/lib/python3.9/site-packages/airflow/example_dags/example_sensor_decorator.py
[2024-04-14T15:51:09.460-0600] {processor.py:840} INFO - DAG(s) 'example_sensor_decorator' retrieved from /Users/felipejimenez/Desktop/AirFlow/.env/lib/python3.9/site-packages/airflow/example_dags/example_sensor_decorator.py
[2024-04-14T15:51:09.513-0600] {logging_mixin.py:188} INFO - [2024-04-14T15:51:09.513-0600] {dag.py:3096} INFO - Sync 1 DAGs
[2024-04-14T15:51:09.516-0600] {logging_mixin.py:188} INFO - [2024-04-14T15:51:09.516-0600] {dag.py:3954} INFO - Setting next_dagrun for example_sensor_decorator to None, run_after=None
[2024-04-14T15:51:09.522-0600] {processor.py:183} INFO - Processing /Users/felipejimenez/Desktop/AirFlow/.env/lib/python3.9/site-packages/airflow/example_dags/example_sensor_decorator.py took 0.077 seconds
[2024-04-14T15:52:38.706-0600] {processor.py:161} INFO - Started process (PID=4918) to work on /Users/felipejimenez/Desktop/AirFlow/.env/lib/python3.9/site-packages/airflow/example_dags/example_sensor_decorator.py
[2024-04-14T15:52:38.708-0600] {processor.py:830} INFO - Processing file /Users/felipejimenez/Desktop/AirFlow/.env/lib/python3.9/site-packages/airflow/example_dags/example_sensor_decorator.py for tasks to queue
[2024-04-14T15:52:38.708-0600] {logging_mixin.py:188} INFO - [2024-04-14T15:52:38.708-0600] {dagbag.py:540} INFO - Filling up the DagBag from /Users/felipejimenez/Desktop/AirFlow/.env/lib/python3.9/site-packages/airflow/example_dags/example_sensor_decorator.py
[2024-04-14T15:52:38.720-0600] {processor.py:840} INFO - DAG(s) 'example_sensor_decorator' retrieved from /Users/felipejimenez/Desktop/AirFlow/.env/lib/python3.9/site-packages/airflow/example_dags/example_sensor_decorator.py
[2024-04-14T15:52:38.771-0600] {logging_mixin.py:188} INFO - [2024-04-14T15:52:38.771-0600] {dag.py:3096} INFO - Sync 1 DAGs
[2024-04-14T15:52:38.774-0600] {logging_mixin.py:188} INFO - [2024-04-14T15:52:38.774-0600] {dag.py:3954} INFO - Setting next_dagrun for example_sensor_decorator to None, run_after=None
[2024-04-14T15:52:38.779-0600] {processor.py:183} INFO - Processing /Users/felipejimenez/Desktop/AirFlow/.env/lib/python3.9/site-packages/airflow/example_dags/example_sensor_decorator.py took 0.074 seconds
[2024-04-14T15:54:04.883-0600] {processor.py:161} INFO - Started process (PID=5044) to work on /Users/felipejimenez/Desktop/AirFlow/.env/lib/python3.9/site-packages/airflow/example_dags/example_sensor_decorator.py
[2024-04-14T15:54:04.884-0600] {processor.py:830} INFO - Processing file /Users/felipejimenez/Desktop/AirFlow/.env/lib/python3.9/site-packages/airflow/example_dags/example_sensor_decorator.py for tasks to queue
[2024-04-14T15:54:04.885-0600] {logging_mixin.py:188} INFO - [2024-04-14T15:54:04.885-0600] {dagbag.py:540} INFO - Filling up the DagBag from /Users/felipejimenez/Desktop/AirFlow/.env/lib/python3.9/site-packages/airflow/example_dags/example_sensor_decorator.py
[2024-04-14T15:54:04.897-0600] {processor.py:840} INFO - DAG(s) 'example_sensor_decorator' retrieved from /Users/felipejimenez/Desktop/AirFlow/.env/lib/python3.9/site-packages/airflow/example_dags/example_sensor_decorator.py
[2024-04-14T15:54:04.950-0600] {logging_mixin.py:188} INFO - [2024-04-14T15:54:04.949-0600] {dag.py:3096} INFO - Sync 1 DAGs
[2024-04-14T15:54:04.953-0600] {logging_mixin.py:188} INFO - [2024-04-14T15:54:04.953-0600] {dag.py:3954} INFO - Setting next_dagrun for example_sensor_decorator to None, run_after=None
[2024-04-14T15:54:04.958-0600] {processor.py:183} INFO - Processing /Users/felipejimenez/Desktop/AirFlow/.env/lib/python3.9/site-packages/airflow/example_dags/example_sensor_decorator.py took 0.076 seconds
[2024-04-14T15:56:14.812-0600] {processor.py:161} INFO - Started process (PID=5218) to work on /Users/felipejimenez/Desktop/AirFlow/.env/lib/python3.9/site-packages/airflow/example_dags/example_sensor_decorator.py
[2024-04-14T15:56:14.813-0600] {processor.py:830} INFO - Processing file /Users/felipejimenez/Desktop/AirFlow/.env/lib/python3.9/site-packages/airflow/example_dags/example_sensor_decorator.py for tasks to queue
[2024-04-14T15:56:14.814-0600] {logging_mixin.py:188} INFO - [2024-04-14T15:56:14.814-0600] {dagbag.py:540} INFO - Filling up the DagBag from /Users/felipejimenez/Desktop/AirFlow/.env/lib/python3.9/site-packages/airflow/example_dags/example_sensor_decorator.py
[2024-04-14T15:56:14.826-0600] {processor.py:840} INFO - DAG(s) 'example_sensor_decorator' retrieved from /Users/felipejimenez/Desktop/AirFlow/.env/lib/python3.9/site-packages/airflow/example_dags/example_sensor_decorator.py
[2024-04-14T15:56:14.877-0600] {logging_mixin.py:188} INFO - [2024-04-14T15:56:14.877-0600] {dag.py:3096} INFO - Sync 1 DAGs
[2024-04-14T15:56:14.880-0600] {logging_mixin.py:188} INFO - [2024-04-14T15:56:14.880-0600] {dag.py:3954} INFO - Setting next_dagrun for example_sensor_decorator to None, run_after=None
[2024-04-14T15:56:14.886-0600] {processor.py:183} INFO - Processing /Users/felipejimenez/Desktop/AirFlow/.env/lib/python3.9/site-packages/airflow/example_dags/example_sensor_decorator.py took 0.075 seconds
[2024-04-14T15:57:27.848-0600] {processor.py:161} INFO - Started process (PID=5332) to work on /Users/felipejimenez/Desktop/AirFlow/.env/lib/python3.9/site-packages/airflow/example_dags/example_sensor_decorator.py
[2024-04-14T15:57:27.849-0600] {processor.py:830} INFO - Processing file /Users/felipejimenez/Desktop/AirFlow/.env/lib/python3.9/site-packages/airflow/example_dags/example_sensor_decorator.py for tasks to queue
[2024-04-14T15:57:27.850-0600] {logging_mixin.py:188} INFO - [2024-04-14T15:57:27.850-0600] {dagbag.py:540} INFO - Filling up the DagBag from /Users/felipejimenez/Desktop/AirFlow/.env/lib/python3.9/site-packages/airflow/example_dags/example_sensor_decorator.py
[2024-04-14T15:57:27.861-0600] {processor.py:840} INFO - DAG(s) 'example_sensor_decorator' retrieved from /Users/felipejimenez/Desktop/AirFlow/.env/lib/python3.9/site-packages/airflow/example_dags/example_sensor_decorator.py
[2024-04-14T15:57:27.912-0600] {logging_mixin.py:188} INFO - [2024-04-14T15:57:27.911-0600] {dag.py:3096} INFO - Sync 1 DAGs
[2024-04-14T15:57:27.915-0600] {logging_mixin.py:188} INFO - [2024-04-14T15:57:27.915-0600] {dag.py:3954} INFO - Setting next_dagrun for example_sensor_decorator to None, run_after=None
[2024-04-14T15:57:27.920-0600] {processor.py:183} INFO - Processing /Users/felipejimenez/Desktop/AirFlow/.env/lib/python3.9/site-packages/airflow/example_dags/example_sensor_decorator.py took 0.073 seconds
[2024-04-14T15:58:55.360-0600] {processor.py:161} INFO - Started process (PID=5472) to work on /Users/felipejimenez/Desktop/AirFlow/.env/lib/python3.9/site-packages/airflow/example_dags/example_sensor_decorator.py
[2024-04-14T15:58:55.362-0600] {processor.py:830} INFO - Processing file /Users/felipejimenez/Desktop/AirFlow/.env/lib/python3.9/site-packages/airflow/example_dags/example_sensor_decorator.py for tasks to queue
[2024-04-14T15:58:55.362-0600] {logging_mixin.py:188} INFO - [2024-04-14T15:58:55.362-0600] {dagbag.py:540} INFO - Filling up the DagBag from /Users/felipejimenez/Desktop/AirFlow/.env/lib/python3.9/site-packages/airflow/example_dags/example_sensor_decorator.py
[2024-04-14T15:58:55.375-0600] {processor.py:840} INFO - DAG(s) 'example_sensor_decorator' retrieved from /Users/felipejimenez/Desktop/AirFlow/.env/lib/python3.9/site-packages/airflow/example_dags/example_sensor_decorator.py
[2024-04-14T15:58:55.426-0600] {logging_mixin.py:188} INFO - [2024-04-14T15:58:55.426-0600] {dag.py:3096} INFO - Sync 1 DAGs
[2024-04-14T15:58:55.429-0600] {logging_mixin.py:188} INFO - [2024-04-14T15:58:55.429-0600] {dag.py:3954} INFO - Setting next_dagrun for example_sensor_decorator to None, run_after=None
[2024-04-14T15:58:55.434-0600] {processor.py:183} INFO - Processing /Users/felipejimenez/Desktop/AirFlow/.env/lib/python3.9/site-packages/airflow/example_dags/example_sensor_decorator.py took 0.075 seconds
[2024-04-14T16:00:22.202-0600] {processor.py:161} INFO - Started process (PID=5572) to work on /Users/felipejimenez/Desktop/AirFlow/.env/lib/python3.9/site-packages/airflow/example_dags/example_sensor_decorator.py
[2024-04-14T16:00:22.204-0600] {processor.py:830} INFO - Processing file /Users/felipejimenez/Desktop/AirFlow/.env/lib/python3.9/site-packages/airflow/example_dags/example_sensor_decorator.py for tasks to queue
[2024-04-14T16:00:22.204-0600] {logging_mixin.py:188} INFO - [2024-04-14T16:00:22.204-0600] {dagbag.py:540} INFO - Filling up the DagBag from /Users/felipejimenez/Desktop/AirFlow/.env/lib/python3.9/site-packages/airflow/example_dags/example_sensor_decorator.py
[2024-04-14T16:00:22.217-0600] {processor.py:840} INFO - DAG(s) 'example_sensor_decorator' retrieved from /Users/felipejimenez/Desktop/AirFlow/.env/lib/python3.9/site-packages/airflow/example_dags/example_sensor_decorator.py
[2024-04-14T16:00:22.270-0600] {logging_mixin.py:188} INFO - [2024-04-14T16:00:22.270-0600] {dag.py:3096} INFO - Sync 1 DAGs
[2024-04-14T16:00:22.273-0600] {logging_mixin.py:188} INFO - [2024-04-14T16:00:22.273-0600] {dag.py:3954} INFO - Setting next_dagrun for example_sensor_decorator to None, run_after=None
[2024-04-14T16:00:22.279-0600] {processor.py:183} INFO - Processing /Users/felipejimenez/Desktop/AirFlow/.env/lib/python3.9/site-packages/airflow/example_dags/example_sensor_decorator.py took 0.078 seconds
[2024-04-14T16:01:47.580-0600] {processor.py:161} INFO - Started process (PID=5669) to work on /Users/felipejimenez/Desktop/AirFlow/.env/lib/python3.9/site-packages/airflow/example_dags/example_sensor_decorator.py
[2024-04-14T16:01:47.581-0600] {processor.py:830} INFO - Processing file /Users/felipejimenez/Desktop/AirFlow/.env/lib/python3.9/site-packages/airflow/example_dags/example_sensor_decorator.py for tasks to queue
[2024-04-14T16:01:47.581-0600] {logging_mixin.py:188} INFO - [2024-04-14T16:01:47.581-0600] {dagbag.py:540} INFO - Filling up the DagBag from /Users/felipejimenez/Desktop/AirFlow/.env/lib/python3.9/site-packages/airflow/example_dags/example_sensor_decorator.py
[2024-04-14T16:01:47.593-0600] {processor.py:840} INFO - DAG(s) 'example_sensor_decorator' retrieved from /Users/felipejimenez/Desktop/AirFlow/.env/lib/python3.9/site-packages/airflow/example_dags/example_sensor_decorator.py
[2024-04-14T16:01:47.644-0600] {logging_mixin.py:188} INFO - [2024-04-14T16:01:47.644-0600] {dag.py:3096} INFO - Sync 1 DAGs
[2024-04-14T16:01:47.647-0600] {logging_mixin.py:188} INFO - [2024-04-14T16:01:47.647-0600] {dag.py:3954} INFO - Setting next_dagrun for example_sensor_decorator to None, run_after=None
[2024-04-14T16:01:47.653-0600] {processor.py:183} INFO - Processing /Users/felipejimenez/Desktop/AirFlow/.env/lib/python3.9/site-packages/airflow/example_dags/example_sensor_decorator.py took 0.074 seconds
[2024-04-14T16:04:12.892-0600] {processor.py:161} INFO - Started process (PID=5896) to work on /Users/felipejimenez/Desktop/AirFlow/.env/lib/python3.9/site-packages/airflow/example_dags/example_sensor_decorator.py
[2024-04-14T16:04:12.894-0600] {processor.py:830} INFO - Processing file /Users/felipejimenez/Desktop/AirFlow/.env/lib/python3.9/site-packages/airflow/example_dags/example_sensor_decorator.py for tasks to queue
[2024-04-14T16:04:12.894-0600] {logging_mixin.py:188} INFO - [2024-04-14T16:04:12.894-0600] {dagbag.py:540} INFO - Filling up the DagBag from /Users/felipejimenez/Desktop/AirFlow/.env/lib/python3.9/site-packages/airflow/example_dags/example_sensor_decorator.py
[2024-04-14T16:04:12.906-0600] {processor.py:840} INFO - DAG(s) 'example_sensor_decorator' retrieved from /Users/felipejimenez/Desktop/AirFlow/.env/lib/python3.9/site-packages/airflow/example_dags/example_sensor_decorator.py
[2024-04-14T16:04:12.957-0600] {logging_mixin.py:188} INFO - [2024-04-14T16:04:12.957-0600] {dag.py:3096} INFO - Sync 1 DAGs
[2024-04-14T16:04:12.961-0600] {logging_mixin.py:188} INFO - [2024-04-14T16:04:12.960-0600] {dag.py:3954} INFO - Setting next_dagrun for example_sensor_decorator to None, run_after=None
[2024-04-14T16:04:12.967-0600] {processor.py:183} INFO - Processing /Users/felipejimenez/Desktop/AirFlow/.env/lib/python3.9/site-packages/airflow/example_dags/example_sensor_decorator.py took 0.075 seconds
[2024-04-14T16:05:26.293-0600] {processor.py:161} INFO - Started process (PID=6023) to work on /Users/felipejimenez/Desktop/AirFlow/.env/lib/python3.9/site-packages/airflow/example_dags/example_sensor_decorator.py
[2024-04-14T16:05:26.295-0600] {processor.py:830} INFO - Processing file /Users/felipejimenez/Desktop/AirFlow/.env/lib/python3.9/site-packages/airflow/example_dags/example_sensor_decorator.py for tasks to queue
[2024-04-14T16:05:26.295-0600] {logging_mixin.py:188} INFO - [2024-04-14T16:05:26.295-0600] {dagbag.py:540} INFO - Filling up the DagBag from /Users/felipejimenez/Desktop/AirFlow/.env/lib/python3.9/site-packages/airflow/example_dags/example_sensor_decorator.py
[2024-04-14T16:05:26.307-0600] {processor.py:840} INFO - DAG(s) 'example_sensor_decorator' retrieved from /Users/felipejimenez/Desktop/AirFlow/.env/lib/python3.9/site-packages/airflow/example_dags/example_sensor_decorator.py
[2024-04-14T16:05:26.357-0600] {logging_mixin.py:188} INFO - [2024-04-14T16:05:26.357-0600] {dag.py:3096} INFO - Sync 1 DAGs
[2024-04-14T16:05:26.360-0600] {logging_mixin.py:188} INFO - [2024-04-14T16:05:26.360-0600] {dag.py:3954} INFO - Setting next_dagrun for example_sensor_decorator to None, run_after=None
[2024-04-14T16:05:26.366-0600] {processor.py:183} INFO - Processing /Users/felipejimenez/Desktop/AirFlow/.env/lib/python3.9/site-packages/airflow/example_dags/example_sensor_decorator.py took 0.074 seconds
