[2024-04-14T15:43:05.352-0600] {processor.py:161} INFO - Started process (PID=4138) to work on /Users/felipejimenez/Desktop/AirFlow/.env/lib/python3.9/site-packages/airflow/example_dags/example_branch_labels.py
[2024-04-14T15:43:05.352-0600] {processor.py:830} INFO - Processing file /Users/felipejimenez/Desktop/AirFlow/.env/lib/python3.9/site-packages/airflow/example_dags/example_branch_labels.py for tasks to queue
[2024-04-14T15:43:05.353-0600] {logging_mixin.py:188} INFO - [2024-04-14T15:43:05.353-0600] {dagbag.py:540} INFO - Filling up the DagBag from /Users/felipejimenez/Desktop/AirFlow/.env/lib/python3.9/site-packages/airflow/example_dags/example_branch_labels.py
[2024-04-14T15:43:05.357-0600] {processor.py:840} INFO - DAG(s) 'example_branch_labels' retrieved from /Users/felipejimenez/Desktop/AirFlow/.env/lib/python3.9/site-packages/airflow/example_dags/example_branch_labels.py
[2024-04-14T15:43:05.434-0600] {logging_mixin.py:188} INFO - [2024-04-14T15:43:05.434-0600] {override.py:1829} INFO - Created Permission View: can delete on DAG:example_branch_labels
[2024-04-14T15:43:05.437-0600] {logging_mixin.py:188} INFO - [2024-04-14T15:43:05.437-0600] {override.py:1829} INFO - Created Permission View: can edit on DAG:example_branch_labels
[2024-04-14T15:43:05.439-0600] {logging_mixin.py:188} INFO - [2024-04-14T15:43:05.439-0600] {override.py:1829} INFO - Created Permission View: can read on DAG:example_branch_labels
[2024-04-14T15:43:05.439-0600] {logging_mixin.py:188} INFO - [2024-04-14T15:43:05.439-0600] {dag.py:3096} INFO - Sync 1 DAGs
[2024-04-14T15:43:05.442-0600] {logging_mixin.py:188} INFO - [2024-04-14T15:43:05.442-0600] {dag.py:3118} INFO - Creating ORM DAG for example_branch_labels
[2024-04-14T15:43:05.445-0600] {logging_mixin.py:188} INFO - [2024-04-14T15:43:05.445-0600] {dag.py:3954} INFO - Setting next_dagrun for example_branch_labels to 2024-04-13 00:00:00+00:00, run_after=2024-04-14 00:00:00+00:00
[2024-04-14T15:43:05.450-0600] {processor.py:183} INFO - Processing /Users/felipejimenez/Desktop/AirFlow/.env/lib/python3.9/site-packages/airflow/example_dags/example_branch_labels.py took 0.099 seconds
[2024-04-14T15:44:32.801-0600] {processor.py:161} INFO - Started process (PID=4241) to work on /Users/felipejimenez/Desktop/AirFlow/.env/lib/python3.9/site-packages/airflow/example_dags/example_branch_labels.py
[2024-04-14T15:44:32.802-0600] {processor.py:830} INFO - Processing file /Users/felipejimenez/Desktop/AirFlow/.env/lib/python3.9/site-packages/airflow/example_dags/example_branch_labels.py for tasks to queue
[2024-04-14T15:44:32.802-0600] {logging_mixin.py:188} INFO - [2024-04-14T15:44:32.802-0600] {dagbag.py:540} INFO - Filling up the DagBag from /Users/felipejimenez/Desktop/AirFlow/.env/lib/python3.9/site-packages/airflow/example_dags/example_branch_labels.py
[2024-04-14T15:44:32.805-0600] {processor.py:840} INFO - DAG(s) 'example_branch_labels' retrieved from /Users/felipejimenez/Desktop/AirFlow/.env/lib/python3.9/site-packages/airflow/example_dags/example_branch_labels.py
[2024-04-14T15:44:32.837-0600] {logging_mixin.py:188} INFO - [2024-04-14T15:44:32.837-0600] {dag.py:3096} INFO - Sync 1 DAGs
[2024-04-14T15:44:32.842-0600] {logging_mixin.py:188} INFO - [2024-04-14T15:44:32.842-0600] {dag.py:3954} INFO - Setting next_dagrun for example_branch_labels to 2024-04-13 00:00:00+00:00, run_after=2024-04-14 00:00:00+00:00
[2024-04-14T15:44:32.848-0600] {processor.py:183} INFO - Processing /Users/felipejimenez/Desktop/AirFlow/.env/lib/python3.9/site-packages/airflow/example_dags/example_branch_labels.py took 0.048 seconds
[2024-04-14T15:45:59.077-0600] {processor.py:161} INFO - Started process (PID=4347) to work on /Users/felipejimenez/Desktop/AirFlow/.env/lib/python3.9/site-packages/airflow/example_dags/example_branch_labels.py
[2024-04-14T15:45:59.079-0600] {processor.py:830} INFO - Processing file /Users/felipejimenez/Desktop/AirFlow/.env/lib/python3.9/site-packages/airflow/example_dags/example_branch_labels.py for tasks to queue
[2024-04-14T15:45:59.079-0600] {logging_mixin.py:188} INFO - [2024-04-14T15:45:59.079-0600] {dagbag.py:540} INFO - Filling up the DagBag from /Users/felipejimenez/Desktop/AirFlow/.env/lib/python3.9/site-packages/airflow/example_dags/example_branch_labels.py
[2024-04-14T15:45:59.082-0600] {processor.py:840} INFO - DAG(s) 'example_branch_labels' retrieved from /Users/felipejimenez/Desktop/AirFlow/.env/lib/python3.9/site-packages/airflow/example_dags/example_branch_labels.py
[2024-04-14T15:45:59.115-0600] {logging_mixin.py:188} INFO - [2024-04-14T15:45:59.115-0600] {dag.py:3096} INFO - Sync 1 DAGs
[2024-04-14T15:45:59.120-0600] {logging_mixin.py:188} INFO - [2024-04-14T15:45:59.120-0600] {dag.py:3954} INFO - Setting next_dagrun for example_branch_labels to 2024-04-13 00:00:00+00:00, run_after=2024-04-14 00:00:00+00:00
[2024-04-14T15:45:59.126-0600] {processor.py:183} INFO - Processing /Users/felipejimenez/Desktop/AirFlow/.env/lib/python3.9/site-packages/airflow/example_dags/example_branch_labels.py took 0.049 seconds
[2024-04-14T15:47:28.769-0600] {processor.py:161} INFO - Started process (PID=4449) to work on /Users/felipejimenez/Desktop/AirFlow/.env/lib/python3.9/site-packages/airflow/example_dags/example_branch_labels.py
[2024-04-14T15:47:28.770-0600] {processor.py:830} INFO - Processing file /Users/felipejimenez/Desktop/AirFlow/.env/lib/python3.9/site-packages/airflow/example_dags/example_branch_labels.py for tasks to queue
[2024-04-14T15:47:28.770-0600] {logging_mixin.py:188} INFO - [2024-04-14T15:47:28.770-0600] {dagbag.py:540} INFO - Filling up the DagBag from /Users/felipejimenez/Desktop/AirFlow/.env/lib/python3.9/site-packages/airflow/example_dags/example_branch_labels.py
[2024-04-14T15:47:28.774-0600] {processor.py:840} INFO - DAG(s) 'example_branch_labels' retrieved from /Users/felipejimenez/Desktop/AirFlow/.env/lib/python3.9/site-packages/airflow/example_dags/example_branch_labels.py
[2024-04-14T15:47:28.814-0600] {logging_mixin.py:188} INFO - [2024-04-14T15:47:28.814-0600] {dag.py:3096} INFO - Sync 1 DAGs
[2024-04-14T15:47:28.819-0600] {logging_mixin.py:188} INFO - [2024-04-14T15:47:28.819-0600] {dag.py:3954} INFO - Setting next_dagrun for example_branch_labels to 2024-04-13 00:00:00+00:00, run_after=2024-04-14 00:00:00+00:00
[2024-04-14T15:47:28.825-0600] {processor.py:183} INFO - Processing /Users/felipejimenez/Desktop/AirFlow/.env/lib/python3.9/site-packages/airflow/example_dags/example_branch_labels.py took 0.057 seconds
[2024-04-14T15:48:59.245-0600] {processor.py:161} INFO - Started process (PID=4616) to work on /Users/felipejimenez/Desktop/AirFlow/.env/lib/python3.9/site-packages/airflow/example_dags/example_branch_labels.py
[2024-04-14T15:48:59.246-0600] {processor.py:830} INFO - Processing file /Users/felipejimenez/Desktop/AirFlow/.env/lib/python3.9/site-packages/airflow/example_dags/example_branch_labels.py for tasks to queue
[2024-04-14T15:48:59.247-0600] {logging_mixin.py:188} INFO - [2024-04-14T15:48:59.247-0600] {dagbag.py:540} INFO - Filling up the DagBag from /Users/felipejimenez/Desktop/AirFlow/.env/lib/python3.9/site-packages/airflow/example_dags/example_branch_labels.py
[2024-04-14T15:48:59.250-0600] {processor.py:840} INFO - DAG(s) 'example_branch_labels' retrieved from /Users/felipejimenez/Desktop/AirFlow/.env/lib/python3.9/site-packages/airflow/example_dags/example_branch_labels.py
[2024-04-14T15:48:59.281-0600] {logging_mixin.py:188} INFO - [2024-04-14T15:48:59.281-0600] {dag.py:3096} INFO - Sync 1 DAGs
[2024-04-14T15:48:59.286-0600] {logging_mixin.py:188} INFO - [2024-04-14T15:48:59.286-0600] {dag.py:3954} INFO - Setting next_dagrun for example_branch_labels to 2024-04-13 00:00:00+00:00, run_after=2024-04-14 00:00:00+00:00
[2024-04-14T15:48:59.292-0600] {processor.py:183} INFO - Processing /Users/felipejimenez/Desktop/AirFlow/.env/lib/python3.9/site-packages/airflow/example_dags/example_branch_labels.py took 0.048 seconds
[2024-04-14T15:50:26.430-0600] {processor.py:161} INFO - Started process (PID=4731) to work on /Users/felipejimenez/Desktop/AirFlow/.env/lib/python3.9/site-packages/airflow/example_dags/example_branch_labels.py
[2024-04-14T15:50:26.432-0600] {processor.py:830} INFO - Processing file /Users/felipejimenez/Desktop/AirFlow/.env/lib/python3.9/site-packages/airflow/example_dags/example_branch_labels.py for tasks to queue
[2024-04-14T15:50:26.432-0600] {logging_mixin.py:188} INFO - [2024-04-14T15:50:26.432-0600] {dagbag.py:540} INFO - Filling up the DagBag from /Users/felipejimenez/Desktop/AirFlow/.env/lib/python3.9/site-packages/airflow/example_dags/example_branch_labels.py
[2024-04-14T15:50:26.436-0600] {processor.py:840} INFO - DAG(s) 'example_branch_labels' retrieved from /Users/felipejimenez/Desktop/AirFlow/.env/lib/python3.9/site-packages/airflow/example_dags/example_branch_labels.py
[2024-04-14T15:50:26.473-0600] {logging_mixin.py:188} INFO - [2024-04-14T15:50:26.472-0600] {dag.py:3096} INFO - Sync 1 DAGs
[2024-04-14T15:50:26.479-0600] {logging_mixin.py:188} INFO - [2024-04-14T15:50:26.479-0600] {dag.py:3954} INFO - Setting next_dagrun for example_branch_labels to 2024-04-13 00:00:00+00:00, run_after=2024-04-14 00:00:00+00:00
[2024-04-14T15:50:26.487-0600] {processor.py:183} INFO - Processing /Users/felipejimenez/Desktop/AirFlow/.env/lib/python3.9/site-packages/airflow/example_dags/example_branch_labels.py took 0.058 seconds
[2024-04-14T15:51:57.628-0600] {processor.py:161} INFO - Started process (PID=4845) to work on /Users/felipejimenez/Desktop/AirFlow/.env/lib/python3.9/site-packages/airflow/example_dags/example_branch_labels.py
[2024-04-14T15:51:57.629-0600] {processor.py:830} INFO - Processing file /Users/felipejimenez/Desktop/AirFlow/.env/lib/python3.9/site-packages/airflow/example_dags/example_branch_labels.py for tasks to queue
[2024-04-14T15:51:57.630-0600] {logging_mixin.py:188} INFO - [2024-04-14T15:51:57.629-0600] {dagbag.py:540} INFO - Filling up the DagBag from /Users/felipejimenez/Desktop/AirFlow/.env/lib/python3.9/site-packages/airflow/example_dags/example_branch_labels.py
[2024-04-14T15:51:57.633-0600] {processor.py:840} INFO - DAG(s) 'example_branch_labels' retrieved from /Users/felipejimenez/Desktop/AirFlow/.env/lib/python3.9/site-packages/airflow/example_dags/example_branch_labels.py
[2024-04-14T15:51:57.665-0600] {logging_mixin.py:188} INFO - [2024-04-14T15:51:57.665-0600] {dag.py:3096} INFO - Sync 1 DAGs
[2024-04-14T15:51:57.670-0600] {logging_mixin.py:188} INFO - [2024-04-14T15:51:57.670-0600] {dag.py:3954} INFO - Setting next_dagrun for example_branch_labels to 2024-04-13 00:00:00+00:00, run_after=2024-04-14 00:00:00+00:00
[2024-04-14T15:51:57.675-0600] {processor.py:183} INFO - Processing /Users/felipejimenez/Desktop/AirFlow/.env/lib/python3.9/site-packages/airflow/example_dags/example_branch_labels.py took 0.048 seconds
[2024-04-14T15:53:23.004-0600] {processor.py:161} INFO - Started process (PID=4997) to work on /Users/felipejimenez/Desktop/AirFlow/.env/lib/python3.9/site-packages/airflow/example_dags/example_branch_labels.py
[2024-04-14T15:53:23.006-0600] {processor.py:830} INFO - Processing file /Users/felipejimenez/Desktop/AirFlow/.env/lib/python3.9/site-packages/airflow/example_dags/example_branch_labels.py for tasks to queue
[2024-04-14T15:53:23.006-0600] {logging_mixin.py:188} INFO - [2024-04-14T15:53:23.006-0600] {dagbag.py:540} INFO - Filling up the DagBag from /Users/felipejimenez/Desktop/AirFlow/.env/lib/python3.9/site-packages/airflow/example_dags/example_branch_labels.py
[2024-04-14T15:53:23.009-0600] {processor.py:840} INFO - DAG(s) 'example_branch_labels' retrieved from /Users/felipejimenez/Desktop/AirFlow/.env/lib/python3.9/site-packages/airflow/example_dags/example_branch_labels.py
[2024-04-14T15:53:23.042-0600] {logging_mixin.py:188} INFO - [2024-04-14T15:53:23.042-0600] {dag.py:3096} INFO - Sync 1 DAGs
[2024-04-14T15:53:23.047-0600] {logging_mixin.py:188} INFO - [2024-04-14T15:53:23.047-0600] {dag.py:3954} INFO - Setting next_dagrun for example_branch_labels to 2024-04-13 00:00:00+00:00, run_after=2024-04-14 00:00:00+00:00
[2024-04-14T15:53:23.053-0600] {processor.py:183} INFO - Processing /Users/felipejimenez/Desktop/AirFlow/.env/lib/python3.9/site-packages/airflow/example_dags/example_branch_labels.py took 0.050 seconds
[2024-04-14T15:54:51.010-0600] {processor.py:161} INFO - Started process (PID=5097) to work on /Users/felipejimenez/Desktop/AirFlow/.env/lib/python3.9/site-packages/airflow/example_dags/example_branch_labels.py
[2024-04-14T15:54:51.012-0600] {processor.py:830} INFO - Processing file /Users/felipejimenez/Desktop/AirFlow/.env/lib/python3.9/site-packages/airflow/example_dags/example_branch_labels.py for tasks to queue
[2024-04-14T15:54:51.012-0600] {logging_mixin.py:188} INFO - [2024-04-14T15:54:51.012-0600] {dagbag.py:540} INFO - Filling up the DagBag from /Users/felipejimenez/Desktop/AirFlow/.env/lib/python3.9/site-packages/airflow/example_dags/example_branch_labels.py
[2024-04-14T15:54:51.016-0600] {processor.py:840} INFO - DAG(s) 'example_branch_labels' retrieved from /Users/felipejimenez/Desktop/AirFlow/.env/lib/python3.9/site-packages/airflow/example_dags/example_branch_labels.py
[2024-04-14T15:54:51.056-0600] {logging_mixin.py:188} INFO - [2024-04-14T15:54:51.056-0600] {dag.py:3096} INFO - Sync 1 DAGs
[2024-04-14T15:54:51.062-0600] {logging_mixin.py:188} INFO - [2024-04-14T15:54:51.062-0600] {dag.py:3954} INFO - Setting next_dagrun for example_branch_labels to 2024-04-13 00:00:00+00:00, run_after=2024-04-14 00:00:00+00:00
[2024-04-14T15:54:51.068-0600] {processor.py:183} INFO - Processing /Users/felipejimenez/Desktop/AirFlow/.env/lib/python3.9/site-packages/airflow/example_dags/example_branch_labels.py took 0.059 seconds
[2024-04-14T15:56:43.647-0600] {processor.py:161} INFO - Started process (PID=5269) to work on /Users/felipejimenez/Desktop/AirFlow/.env/lib/python3.9/site-packages/airflow/example_dags/example_branch_labels.py
[2024-04-14T15:56:43.649-0600] {processor.py:830} INFO - Processing file /Users/felipejimenez/Desktop/AirFlow/.env/lib/python3.9/site-packages/airflow/example_dags/example_branch_labels.py for tasks to queue
[2024-04-14T15:56:43.649-0600] {logging_mixin.py:188} INFO - [2024-04-14T15:56:43.649-0600] {dagbag.py:540} INFO - Filling up the DagBag from /Users/felipejimenez/Desktop/AirFlow/.env/lib/python3.9/site-packages/airflow/example_dags/example_branch_labels.py
[2024-04-14T15:56:43.652-0600] {processor.py:840} INFO - DAG(s) 'example_branch_labels' retrieved from /Users/felipejimenez/Desktop/AirFlow/.env/lib/python3.9/site-packages/airflow/example_dags/example_branch_labels.py
[2024-04-14T15:56:43.687-0600] {logging_mixin.py:188} INFO - [2024-04-14T15:56:43.687-0600] {dag.py:3096} INFO - Sync 1 DAGs
[2024-04-14T15:56:43.693-0600] {logging_mixin.py:188} INFO - [2024-04-14T15:56:43.693-0600] {dag.py:3954} INFO - Setting next_dagrun for example_branch_labels to 2024-04-13 00:00:00+00:00, run_after=2024-04-14 00:00:00+00:00
[2024-04-14T15:56:43.699-0600] {processor.py:183} INFO - Processing /Users/felipejimenez/Desktop/AirFlow/.env/lib/python3.9/site-packages/airflow/example_dags/example_branch_labels.py took 0.053 seconds
[2024-04-14T15:58:09.230-0600] {processor.py:161} INFO - Started process (PID=5401) to work on /Users/felipejimenez/Desktop/AirFlow/.env/lib/python3.9/site-packages/airflow/example_dags/example_branch_labels.py
[2024-04-14T15:58:09.233-0600] {processor.py:830} INFO - Processing file /Users/felipejimenez/Desktop/AirFlow/.env/lib/python3.9/site-packages/airflow/example_dags/example_branch_labels.py for tasks to queue
[2024-04-14T15:58:09.233-0600] {logging_mixin.py:188} INFO - [2024-04-14T15:58:09.233-0600] {dagbag.py:540} INFO - Filling up the DagBag from /Users/felipejimenez/Desktop/AirFlow/.env/lib/python3.9/site-packages/airflow/example_dags/example_branch_labels.py
[2024-04-14T15:58:09.236-0600] {processor.py:840} INFO - DAG(s) 'example_branch_labels' retrieved from /Users/felipejimenez/Desktop/AirFlow/.env/lib/python3.9/site-packages/airflow/example_dags/example_branch_labels.py
[2024-04-14T15:58:09.268-0600] {logging_mixin.py:188} INFO - [2024-04-14T15:58:09.268-0600] {dag.py:3096} INFO - Sync 1 DAGs
[2024-04-14T15:58:09.273-0600] {logging_mixin.py:188} INFO - [2024-04-14T15:58:09.273-0600] {dag.py:3954} INFO - Setting next_dagrun for example_branch_labels to 2024-04-13 00:00:00+00:00, run_after=2024-04-14 00:00:00+00:00
[2024-04-14T15:58:09.279-0600] {processor.py:183} INFO - Processing /Users/felipejimenez/Desktop/AirFlow/.env/lib/python3.9/site-packages/airflow/example_dags/example_branch_labels.py took 0.050 seconds
[2024-04-14T15:59:40.211-0600] {processor.py:161} INFO - Started process (PID=5522) to work on /Users/felipejimenez/Desktop/AirFlow/.env/lib/python3.9/site-packages/airflow/example_dags/example_branch_labels.py
[2024-04-14T15:59:40.212-0600] {processor.py:830} INFO - Processing file /Users/felipejimenez/Desktop/AirFlow/.env/lib/python3.9/site-packages/airflow/example_dags/example_branch_labels.py for tasks to queue
[2024-04-14T15:59:40.213-0600] {logging_mixin.py:188} INFO - [2024-04-14T15:59:40.213-0600] {dagbag.py:540} INFO - Filling up the DagBag from /Users/felipejimenez/Desktop/AirFlow/.env/lib/python3.9/site-packages/airflow/example_dags/example_branch_labels.py
[2024-04-14T15:59:40.216-0600] {processor.py:840} INFO - DAG(s) 'example_branch_labels' retrieved from /Users/felipejimenez/Desktop/AirFlow/.env/lib/python3.9/site-packages/airflow/example_dags/example_branch_labels.py
[2024-04-14T15:59:40.249-0600] {logging_mixin.py:188} INFO - [2024-04-14T15:59:40.248-0600] {dag.py:3096} INFO - Sync 1 DAGs
[2024-04-14T15:59:40.254-0600] {logging_mixin.py:188} INFO - [2024-04-14T15:59:40.254-0600] {dag.py:3954} INFO - Setting next_dagrun for example_branch_labels to 2024-04-13 00:00:00+00:00, run_after=2024-04-14 00:00:00+00:00
[2024-04-14T15:59:40.259-0600] {processor.py:183} INFO - Processing /Users/felipejimenez/Desktop/AirFlow/.env/lib/python3.9/site-packages/airflow/example_dags/example_branch_labels.py took 0.049 seconds
[2024-04-14T16:01:07.356-0600] {processor.py:161} INFO - Started process (PID=5623) to work on /Users/felipejimenez/Desktop/AirFlow/.env/lib/python3.9/site-packages/airflow/example_dags/example_branch_labels.py
[2024-04-14T16:01:07.357-0600] {processor.py:830} INFO - Processing file /Users/felipejimenez/Desktop/AirFlow/.env/lib/python3.9/site-packages/airflow/example_dags/example_branch_labels.py for tasks to queue
[2024-04-14T16:01:07.358-0600] {logging_mixin.py:188} INFO - [2024-04-14T16:01:07.358-0600] {dagbag.py:540} INFO - Filling up the DagBag from /Users/felipejimenez/Desktop/AirFlow/.env/lib/python3.9/site-packages/airflow/example_dags/example_branch_labels.py
[2024-04-14T16:01:07.361-0600] {processor.py:840} INFO - DAG(s) 'example_branch_labels' retrieved from /Users/felipejimenez/Desktop/AirFlow/.env/lib/python3.9/site-packages/airflow/example_dags/example_branch_labels.py
[2024-04-14T16:01:07.393-0600] {logging_mixin.py:188} INFO - [2024-04-14T16:01:07.393-0600] {dag.py:3096} INFO - Sync 1 DAGs
[2024-04-14T16:01:07.398-0600] {logging_mixin.py:188} INFO - [2024-04-14T16:01:07.398-0600] {dag.py:3954} INFO - Setting next_dagrun for example_branch_labels to 2024-04-13 00:00:00+00:00, run_after=2024-04-14 00:00:00+00:00
[2024-04-14T16:01:07.404-0600] {processor.py:183} INFO - Processing /Users/felipejimenez/Desktop/AirFlow/.env/lib/python3.9/site-packages/airflow/example_dags/example_branch_labels.py took 0.049 seconds
[2024-04-14T16:04:41.767-0600] {processor.py:161} INFO - Started process (PID=5951) to work on /Users/felipejimenez/Desktop/AirFlow/.env/lib/python3.9/site-packages/airflow/example_dags/example_branch_labels.py
[2024-04-14T16:04:41.769-0600] {processor.py:830} INFO - Processing file /Users/felipejimenez/Desktop/AirFlow/.env/lib/python3.9/site-packages/airflow/example_dags/example_branch_labels.py for tasks to queue
[2024-04-14T16:04:41.769-0600] {logging_mixin.py:188} INFO - [2024-04-14T16:04:41.769-0600] {dagbag.py:540} INFO - Filling up the DagBag from /Users/felipejimenez/Desktop/AirFlow/.env/lib/python3.9/site-packages/airflow/example_dags/example_branch_labels.py
[2024-04-14T16:04:41.772-0600] {processor.py:840} INFO - DAG(s) 'example_branch_labels' retrieved from /Users/felipejimenez/Desktop/AirFlow/.env/lib/python3.9/site-packages/airflow/example_dags/example_branch_labels.py
[2024-04-14T16:04:41.804-0600] {logging_mixin.py:188} INFO - [2024-04-14T16:04:41.804-0600] {dag.py:3096} INFO - Sync 1 DAGs
[2024-04-14T16:04:41.810-0600] {logging_mixin.py:188} INFO - [2024-04-14T16:04:41.809-0600] {dag.py:3954} INFO - Setting next_dagrun for example_branch_labels to 2024-04-13 00:00:00+00:00, run_after=2024-04-14 00:00:00+00:00
[2024-04-14T16:04:41.815-0600] {processor.py:183} INFO - Processing /Users/felipejimenez/Desktop/AirFlow/.env/lib/python3.9/site-packages/airflow/example_dags/example_branch_labels.py took 0.049 seconds
[2024-04-14T16:06:14.144-0600] {processor.py:161} INFO - Started process (PID=6113) to work on /Users/felipejimenez/Desktop/AirFlow/.env/lib/python3.9/site-packages/airflow/example_dags/example_branch_labels.py
[2024-04-14T16:06:14.145-0600] {processor.py:830} INFO - Processing file /Users/felipejimenez/Desktop/AirFlow/.env/lib/python3.9/site-packages/airflow/example_dags/example_branch_labels.py for tasks to queue
[2024-04-14T16:06:14.146-0600] {logging_mixin.py:188} INFO - [2024-04-14T16:06:14.146-0600] {dagbag.py:540} INFO - Filling up the DagBag from /Users/felipejimenez/Desktop/AirFlow/.env/lib/python3.9/site-packages/airflow/example_dags/example_branch_labels.py
[2024-04-14T16:06:14.149-0600] {processor.py:840} INFO - DAG(s) 'example_branch_labels' retrieved from /Users/felipejimenez/Desktop/AirFlow/.env/lib/python3.9/site-packages/airflow/example_dags/example_branch_labels.py
[2024-04-14T16:06:14.181-0600] {logging_mixin.py:188} INFO - [2024-04-14T16:06:14.181-0600] {dag.py:3096} INFO - Sync 1 DAGs
[2024-04-14T16:06:14.186-0600] {logging_mixin.py:188} INFO - [2024-04-14T16:06:14.186-0600] {dag.py:3954} INFO - Setting next_dagrun for example_branch_labels to 2024-04-13 00:00:00+00:00, run_after=2024-04-14 00:00:00+00:00
[2024-04-14T16:06:14.192-0600] {processor.py:183} INFO - Processing /Users/felipejimenez/Desktop/AirFlow/.env/lib/python3.9/site-packages/airflow/example_dags/example_branch_labels.py took 0.049 seconds
