[2024-04-14T15:42:51.315-0600] {processor.py:161} INFO - Started process (PID=4124) to work on /Users/felipejimenez/Desktop/AirFlow/.env/lib/python3.9/site-packages/airflow/example_dags/example_external_task_marker_dag.py
[2024-04-14T15:42:51.315-0600] {processor.py:830} INFO - Processing file /Users/felipejimenez/Desktop/AirFlow/.env/lib/python3.9/site-packages/airflow/example_dags/example_external_task_marker_dag.py for tasks to queue
[2024-04-14T15:42:51.316-0600] {logging_mixin.py:188} INFO - [2024-04-14T15:42:51.316-0600] {dagbag.py:540} INFO - Filling up the DagBag from /Users/felipejimenez/Desktop/AirFlow/.env/lib/python3.9/site-packages/airflow/example_dags/example_external_task_marker_dag.py
[2024-04-14T15:42:51.320-0600] {processor.py:840} INFO - DAG(s) 'example_external_task_marker_child', 'example_external_task_marker_parent' retrieved from /Users/felipejimenez/Desktop/AirFlow/.env/lib/python3.9/site-packages/airflow/example_dags/example_external_task_marker_dag.py
[2024-04-14T15:42:51.405-0600] {logging_mixin.py:188} INFO - [2024-04-14T15:42:51.405-0600] {override.py:1829} INFO - Created Permission View: can read on DAG:example_external_task_marker_child
[2024-04-14T15:42:51.407-0600] {logging_mixin.py:188} INFO - [2024-04-14T15:42:51.407-0600] {override.py:1829} INFO - Created Permission View: can edit on DAG:example_external_task_marker_child
[2024-04-14T15:42:51.410-0600] {logging_mixin.py:188} INFO - [2024-04-14T15:42:51.410-0600] {override.py:1829} INFO - Created Permission View: can delete on DAG:example_external_task_marker_child
[2024-04-14T15:42:51.414-0600] {logging_mixin.py:188} INFO - [2024-04-14T15:42:51.413-0600] {override.py:1829} INFO - Created Permission View: can read on DAG:example_external_task_marker_parent
[2024-04-14T15:42:51.415-0600] {logging_mixin.py:188} INFO - [2024-04-14T15:42:51.415-0600] {override.py:1829} INFO - Created Permission View: can edit on DAG:example_external_task_marker_parent
[2024-04-14T15:42:51.417-0600] {logging_mixin.py:188} INFO - [2024-04-14T15:42:51.416-0600] {override.py:1829} INFO - Created Permission View: can delete on DAG:example_external_task_marker_parent
[2024-04-14T15:42:51.417-0600] {logging_mixin.py:188} INFO - [2024-04-14T15:42:51.417-0600] {dag.py:3096} INFO - Sync 2 DAGs
[2024-04-14T15:42:51.420-0600] {logging_mixin.py:188} INFO - [2024-04-14T15:42:51.420-0600] {dag.py:3118} INFO - Creating ORM DAG for example_external_task_marker_child
[2024-04-14T15:42:51.420-0600] {logging_mixin.py:188} INFO - [2024-04-14T15:42:51.420-0600] {dag.py:3118} INFO - Creating ORM DAG for example_external_task_marker_parent
[2024-04-14T15:42:51.420-0600] {logging_mixin.py:188} INFO - [2024-04-14T15:42:51.420-0600] {dag.py:3954} INFO - Setting next_dagrun for example_external_task_marker_child to None, run_after=None
[2024-04-14T15:42:51.420-0600] {logging_mixin.py:188} INFO - [2024-04-14T15:42:51.420-0600] {dag.py:3954} INFO - Setting next_dagrun for example_external_task_marker_parent to None, run_after=None
[2024-04-14T15:42:51.426-0600] {processor.py:183} INFO - Processing /Users/felipejimenez/Desktop/AirFlow/.env/lib/python3.9/site-packages/airflow/example_dags/example_external_task_marker_dag.py took 0.112 seconds
[2024-04-14T15:44:17.760-0600] {processor.py:161} INFO - Started process (PID=4225) to work on /Users/felipejimenez/Desktop/AirFlow/.env/lib/python3.9/site-packages/airflow/example_dags/example_external_task_marker_dag.py
[2024-04-14T15:44:17.761-0600] {processor.py:830} INFO - Processing file /Users/felipejimenez/Desktop/AirFlow/.env/lib/python3.9/site-packages/airflow/example_dags/example_external_task_marker_dag.py for tasks to queue
[2024-04-14T15:44:17.762-0600] {logging_mixin.py:188} INFO - [2024-04-14T15:44:17.762-0600] {dagbag.py:540} INFO - Filling up the DagBag from /Users/felipejimenez/Desktop/AirFlow/.env/lib/python3.9/site-packages/airflow/example_dags/example_external_task_marker_dag.py
[2024-04-14T15:44:17.766-0600] {processor.py:840} INFO - DAG(s) 'example_external_task_marker_parent', 'example_external_task_marker_child' retrieved from /Users/felipejimenez/Desktop/AirFlow/.env/lib/python3.9/site-packages/airflow/example_dags/example_external_task_marker_dag.py
[2024-04-14T15:44:17.799-0600] {logging_mixin.py:188} INFO - [2024-04-14T15:44:17.799-0600] {dag.py:3096} INFO - Sync 2 DAGs
[2024-04-14T15:44:17.802-0600] {logging_mixin.py:188} INFO - [2024-04-14T15:44:17.802-0600] {dag.py:3954} INFO - Setting next_dagrun for example_external_task_marker_child to None, run_after=None
[2024-04-14T15:44:17.803-0600] {logging_mixin.py:188} INFO - [2024-04-14T15:44:17.803-0600] {dag.py:3954} INFO - Setting next_dagrun for example_external_task_marker_parent to None, run_after=None
[2024-04-14T15:44:17.808-0600] {processor.py:183} INFO - Processing /Users/felipejimenez/Desktop/AirFlow/.env/lib/python3.9/site-packages/airflow/example_dags/example_external_task_marker_dag.py took 0.049 seconds
[2024-04-14T15:45:46.214-0600] {processor.py:161} INFO - Started process (PID=4333) to work on /Users/felipejimenez/Desktop/AirFlow/.env/lib/python3.9/site-packages/airflow/example_dags/example_external_task_marker_dag.py
[2024-04-14T15:45:46.216-0600] {processor.py:830} INFO - Processing file /Users/felipejimenez/Desktop/AirFlow/.env/lib/python3.9/site-packages/airflow/example_dags/example_external_task_marker_dag.py for tasks to queue
[2024-04-14T15:45:46.216-0600] {logging_mixin.py:188} INFO - [2024-04-14T15:45:46.216-0600] {dagbag.py:540} INFO - Filling up the DagBag from /Users/felipejimenez/Desktop/AirFlow/.env/lib/python3.9/site-packages/airflow/example_dags/example_external_task_marker_dag.py
[2024-04-14T15:45:46.220-0600] {processor.py:840} INFO - DAG(s) 'example_external_task_marker_parent', 'example_external_task_marker_child' retrieved from /Users/felipejimenez/Desktop/AirFlow/.env/lib/python3.9/site-packages/airflow/example_dags/example_external_task_marker_dag.py
[2024-04-14T15:45:46.256-0600] {logging_mixin.py:188} INFO - [2024-04-14T15:45:46.256-0600] {dag.py:3096} INFO - Sync 2 DAGs
[2024-04-14T15:45:46.259-0600] {logging_mixin.py:188} INFO - [2024-04-14T15:45:46.259-0600] {dag.py:3954} INFO - Setting next_dagrun for example_external_task_marker_child to None, run_after=None
[2024-04-14T15:45:46.260-0600] {logging_mixin.py:188} INFO - [2024-04-14T15:45:46.260-0600] {dag.py:3954} INFO - Setting next_dagrun for example_external_task_marker_parent to None, run_after=None
[2024-04-14T15:45:46.265-0600] {processor.py:183} INFO - Processing /Users/felipejimenez/Desktop/AirFlow/.env/lib/python3.9/site-packages/airflow/example_dags/example_external_task_marker_dag.py took 0.052 seconds
[2024-04-14T15:47:14.006-0600] {processor.py:161} INFO - Started process (PID=4431) to work on /Users/felipejimenez/Desktop/AirFlow/.env/lib/python3.9/site-packages/airflow/example_dags/example_external_task_marker_dag.py
[2024-04-14T15:47:14.008-0600] {processor.py:830} INFO - Processing file /Users/felipejimenez/Desktop/AirFlow/.env/lib/python3.9/site-packages/airflow/example_dags/example_external_task_marker_dag.py for tasks to queue
[2024-04-14T15:47:14.008-0600] {logging_mixin.py:188} INFO - [2024-04-14T15:47:14.008-0600] {dagbag.py:540} INFO - Filling up the DagBag from /Users/felipejimenez/Desktop/AirFlow/.env/lib/python3.9/site-packages/airflow/example_dags/example_external_task_marker_dag.py
[2024-04-14T15:47:14.012-0600] {processor.py:840} INFO - DAG(s) 'example_external_task_marker_child', 'example_external_task_marker_parent' retrieved from /Users/felipejimenez/Desktop/AirFlow/.env/lib/python3.9/site-packages/airflow/example_dags/example_external_task_marker_dag.py
[2024-04-14T15:47:14.047-0600] {logging_mixin.py:188} INFO - [2024-04-14T15:47:14.047-0600] {dag.py:3096} INFO - Sync 2 DAGs
[2024-04-14T15:47:14.050-0600] {logging_mixin.py:188} INFO - [2024-04-14T15:47:14.050-0600] {dag.py:3954} INFO - Setting next_dagrun for example_external_task_marker_child to None, run_after=None
[2024-04-14T15:47:14.051-0600] {logging_mixin.py:188} INFO - [2024-04-14T15:47:14.051-0600] {dag.py:3954} INFO - Setting next_dagrun for example_external_task_marker_parent to None, run_after=None
[2024-04-14T15:47:14.056-0600] {processor.py:183} INFO - Processing /Users/felipejimenez/Desktop/AirFlow/.env/lib/python3.9/site-packages/airflow/example_dags/example_external_task_marker_dag.py took 0.051 seconds
[2024-04-14T15:48:44.053-0600] {processor.py:161} INFO - Started process (PID=4600) to work on /Users/felipejimenez/Desktop/AirFlow/.env/lib/python3.9/site-packages/airflow/example_dags/example_external_task_marker_dag.py
[2024-04-14T15:48:44.055-0600] {processor.py:830} INFO - Processing file /Users/felipejimenez/Desktop/AirFlow/.env/lib/python3.9/site-packages/airflow/example_dags/example_external_task_marker_dag.py for tasks to queue
[2024-04-14T15:48:44.055-0600] {logging_mixin.py:188} INFO - [2024-04-14T15:48:44.055-0600] {dagbag.py:540} INFO - Filling up the DagBag from /Users/felipejimenez/Desktop/AirFlow/.env/lib/python3.9/site-packages/airflow/example_dags/example_external_task_marker_dag.py
[2024-04-14T15:48:44.059-0600] {processor.py:840} INFO - DAG(s) 'example_external_task_marker_parent', 'example_external_task_marker_child' retrieved from /Users/felipejimenez/Desktop/AirFlow/.env/lib/python3.9/site-packages/airflow/example_dags/example_external_task_marker_dag.py
[2024-04-14T15:48:44.092-0600] {logging_mixin.py:188} INFO - [2024-04-14T15:48:44.092-0600] {dag.py:3096} INFO - Sync 2 DAGs
[2024-04-14T15:48:44.095-0600] {logging_mixin.py:188} INFO - [2024-04-14T15:48:44.095-0600] {dag.py:3954} INFO - Setting next_dagrun for example_external_task_marker_child to None, run_after=None
[2024-04-14T15:48:44.096-0600] {logging_mixin.py:188} INFO - [2024-04-14T15:48:44.096-0600] {dag.py:3954} INFO - Setting next_dagrun for example_external_task_marker_parent to None, run_after=None
[2024-04-14T15:48:44.101-0600] {processor.py:183} INFO - Processing /Users/felipejimenez/Desktop/AirFlow/.env/lib/python3.9/site-packages/airflow/example_dags/example_external_task_marker_dag.py took 0.049 seconds
[2024-04-14T15:50:11.905-0600] {processor.py:161} INFO - Started process (PID=4715) to work on /Users/felipejimenez/Desktop/AirFlow/.env/lib/python3.9/site-packages/airflow/example_dags/example_external_task_marker_dag.py
[2024-04-14T15:50:11.906-0600] {processor.py:830} INFO - Processing file /Users/felipejimenez/Desktop/AirFlow/.env/lib/python3.9/site-packages/airflow/example_dags/example_external_task_marker_dag.py for tasks to queue
[2024-04-14T15:50:11.906-0600] {logging_mixin.py:188} INFO - [2024-04-14T15:50:11.906-0600] {dagbag.py:540} INFO - Filling up the DagBag from /Users/felipejimenez/Desktop/AirFlow/.env/lib/python3.9/site-packages/airflow/example_dags/example_external_task_marker_dag.py
[2024-04-14T15:50:11.911-0600] {processor.py:840} INFO - DAG(s) 'example_external_task_marker_child', 'example_external_task_marker_parent' retrieved from /Users/felipejimenez/Desktop/AirFlow/.env/lib/python3.9/site-packages/airflow/example_dags/example_external_task_marker_dag.py
[2024-04-14T15:50:11.945-0600] {logging_mixin.py:188} INFO - [2024-04-14T15:50:11.945-0600] {dag.py:3096} INFO - Sync 2 DAGs
[2024-04-14T15:50:11.948-0600] {logging_mixin.py:188} INFO - [2024-04-14T15:50:11.948-0600] {dag.py:3954} INFO - Setting next_dagrun for example_external_task_marker_child to None, run_after=None
[2024-04-14T15:50:11.949-0600] {logging_mixin.py:188} INFO - [2024-04-14T15:50:11.949-0600] {dag.py:3954} INFO - Setting next_dagrun for example_external_task_marker_parent to None, run_after=None
[2024-04-14T15:50:11.954-0600] {processor.py:183} INFO - Processing /Users/felipejimenez/Desktop/AirFlow/.env/lib/python3.9/site-packages/airflow/example_dags/example_external_task_marker_dag.py took 0.050 seconds
[2024-04-14T15:51:42.958-0600] {processor.py:161} INFO - Started process (PID=4819) to work on /Users/felipejimenez/Desktop/AirFlow/.env/lib/python3.9/site-packages/airflow/example_dags/example_external_task_marker_dag.py
[2024-04-14T15:51:42.959-0600] {processor.py:830} INFO - Processing file /Users/felipejimenez/Desktop/AirFlow/.env/lib/python3.9/site-packages/airflow/example_dags/example_external_task_marker_dag.py for tasks to queue
[2024-04-14T15:51:42.960-0600] {logging_mixin.py:188} INFO - [2024-04-14T15:51:42.960-0600] {dagbag.py:540} INFO - Filling up the DagBag from /Users/felipejimenez/Desktop/AirFlow/.env/lib/python3.9/site-packages/airflow/example_dags/example_external_task_marker_dag.py
[2024-04-14T15:51:42.964-0600] {processor.py:840} INFO - DAG(s) 'example_external_task_marker_parent', 'example_external_task_marker_child' retrieved from /Users/felipejimenez/Desktop/AirFlow/.env/lib/python3.9/site-packages/airflow/example_dags/example_external_task_marker_dag.py
[2024-04-14T15:51:42.999-0600] {logging_mixin.py:188} INFO - [2024-04-14T15:51:42.999-0600] {dag.py:3096} INFO - Sync 2 DAGs
[2024-04-14T15:51:43.002-0600] {logging_mixin.py:188} INFO - [2024-04-14T15:51:43.002-0600] {dag.py:3954} INFO - Setting next_dagrun for example_external_task_marker_child to None, run_after=None
[2024-04-14T15:51:43.003-0600] {logging_mixin.py:188} INFO - [2024-04-14T15:51:43.003-0600] {dag.py:3954} INFO - Setting next_dagrun for example_external_task_marker_parent to None, run_after=None
[2024-04-14T15:51:43.008-0600] {processor.py:183} INFO - Processing /Users/felipejimenez/Desktop/AirFlow/.env/lib/python3.9/site-packages/airflow/example_dags/example_external_task_marker_dag.py took 0.052 seconds
[2024-04-14T15:53:08.278-0600] {processor.py:161} INFO - Started process (PID=4977) to work on /Users/felipejimenez/Desktop/AirFlow/.env/lib/python3.9/site-packages/airflow/example_dags/example_external_task_marker_dag.py
[2024-04-14T15:53:08.280-0600] {processor.py:830} INFO - Processing file /Users/felipejimenez/Desktop/AirFlow/.env/lib/python3.9/site-packages/airflow/example_dags/example_external_task_marker_dag.py for tasks to queue
[2024-04-14T15:53:08.280-0600] {logging_mixin.py:188} INFO - [2024-04-14T15:53:08.280-0600] {dagbag.py:540} INFO - Filling up the DagBag from /Users/felipejimenez/Desktop/AirFlow/.env/lib/python3.9/site-packages/airflow/example_dags/example_external_task_marker_dag.py
[2024-04-14T15:53:08.284-0600] {processor.py:840} INFO - DAG(s) 'example_external_task_marker_parent', 'example_external_task_marker_child' retrieved from /Users/felipejimenez/Desktop/AirFlow/.env/lib/python3.9/site-packages/airflow/example_dags/example_external_task_marker_dag.py
[2024-04-14T15:53:08.319-0600] {logging_mixin.py:188} INFO - [2024-04-14T15:53:08.319-0600] {dag.py:3096} INFO - Sync 2 DAGs
[2024-04-14T15:53:08.322-0600] {logging_mixin.py:188} INFO - [2024-04-14T15:53:08.322-0600] {dag.py:3954} INFO - Setting next_dagrun for example_external_task_marker_child to None, run_after=None
[2024-04-14T15:53:08.323-0600] {logging_mixin.py:188} INFO - [2024-04-14T15:53:08.322-0600] {dag.py:3954} INFO - Setting next_dagrun for example_external_task_marker_parent to None, run_after=None
[2024-04-14T15:53:08.328-0600] {processor.py:183} INFO - Processing /Users/felipejimenez/Desktop/AirFlow/.env/lib/python3.9/site-packages/airflow/example_dags/example_external_task_marker_dag.py took 0.051 seconds
[2024-04-14T15:54:36.579-0600] {processor.py:161} INFO - Started process (PID=5082) to work on /Users/felipejimenez/Desktop/AirFlow/.env/lib/python3.9/site-packages/airflow/example_dags/example_external_task_marker_dag.py
[2024-04-14T15:54:36.581-0600] {processor.py:830} INFO - Processing file /Users/felipejimenez/Desktop/AirFlow/.env/lib/python3.9/site-packages/airflow/example_dags/example_external_task_marker_dag.py for tasks to queue
[2024-04-14T15:54:36.581-0600] {logging_mixin.py:188} INFO - [2024-04-14T15:54:36.581-0600] {dagbag.py:540} INFO - Filling up the DagBag from /Users/felipejimenez/Desktop/AirFlow/.env/lib/python3.9/site-packages/airflow/example_dags/example_external_task_marker_dag.py
[2024-04-14T15:54:36.585-0600] {processor.py:840} INFO - DAG(s) 'example_external_task_marker_child', 'example_external_task_marker_parent' retrieved from /Users/felipejimenez/Desktop/AirFlow/.env/lib/python3.9/site-packages/airflow/example_dags/example_external_task_marker_dag.py
[2024-04-14T15:54:36.620-0600] {logging_mixin.py:188} INFO - [2024-04-14T15:54:36.620-0600] {dag.py:3096} INFO - Sync 2 DAGs
[2024-04-14T15:54:36.623-0600] {logging_mixin.py:188} INFO - [2024-04-14T15:54:36.623-0600] {dag.py:3954} INFO - Setting next_dagrun for example_external_task_marker_child to None, run_after=None
[2024-04-14T15:54:36.624-0600] {logging_mixin.py:188} INFO - [2024-04-14T15:54:36.624-0600] {dag.py:3954} INFO - Setting next_dagrun for example_external_task_marker_parent to None, run_after=None
[2024-04-14T15:54:36.629-0600] {processor.py:183} INFO - Processing /Users/felipejimenez/Desktop/AirFlow/.env/lib/python3.9/site-packages/airflow/example_dags/example_external_task_marker_dag.py took 0.051 seconds
[2024-04-14T15:56:30.041-0600] {processor.py:161} INFO - Started process (PID=5245) to work on /Users/felipejimenez/Desktop/AirFlow/.env/lib/python3.9/site-packages/airflow/example_dags/example_external_task_marker_dag.py
[2024-04-14T15:56:30.042-0600] {processor.py:830} INFO - Processing file /Users/felipejimenez/Desktop/AirFlow/.env/lib/python3.9/site-packages/airflow/example_dags/example_external_task_marker_dag.py for tasks to queue
[2024-04-14T15:56:30.043-0600] {logging_mixin.py:188} INFO - [2024-04-14T15:56:30.043-0600] {dagbag.py:540} INFO - Filling up the DagBag from /Users/felipejimenez/Desktop/AirFlow/.env/lib/python3.9/site-packages/airflow/example_dags/example_external_task_marker_dag.py
[2024-04-14T15:56:30.048-0600] {processor.py:840} INFO - DAG(s) 'example_external_task_marker_parent', 'example_external_task_marker_child' retrieved from /Users/felipejimenez/Desktop/AirFlow/.env/lib/python3.9/site-packages/airflow/example_dags/example_external_task_marker_dag.py
[2024-04-14T15:56:30.084-0600] {logging_mixin.py:188} INFO - [2024-04-14T15:56:30.084-0600] {dag.py:3096} INFO - Sync 2 DAGs
[2024-04-14T15:56:30.087-0600] {logging_mixin.py:188} INFO - [2024-04-14T15:56:30.087-0600] {dag.py:3954} INFO - Setting next_dagrun for example_external_task_marker_child to None, run_after=None
[2024-04-14T15:56:30.088-0600] {logging_mixin.py:188} INFO - [2024-04-14T15:56:30.088-0600] {dag.py:3954} INFO - Setting next_dagrun for example_external_task_marker_parent to None, run_after=None
[2024-04-14T15:56:30.094-0600] {processor.py:183} INFO - Processing /Users/felipejimenez/Desktop/AirFlow/.env/lib/python3.9/site-packages/airflow/example_dags/example_external_task_marker_dag.py took 0.054 seconds
[2024-04-14T15:57:53.779-0600] {processor.py:161} INFO - Started process (PID=5381) to work on /Users/felipejimenez/Desktop/AirFlow/.env/lib/python3.9/site-packages/airflow/example_dags/example_external_task_marker_dag.py
[2024-04-14T15:57:53.781-0600] {processor.py:830} INFO - Processing file /Users/felipejimenez/Desktop/AirFlow/.env/lib/python3.9/site-packages/airflow/example_dags/example_external_task_marker_dag.py for tasks to queue
[2024-04-14T15:57:53.781-0600] {logging_mixin.py:188} INFO - [2024-04-14T15:57:53.781-0600] {dagbag.py:540} INFO - Filling up the DagBag from /Users/felipejimenez/Desktop/AirFlow/.env/lib/python3.9/site-packages/airflow/example_dags/example_external_task_marker_dag.py
[2024-04-14T15:57:53.785-0600] {processor.py:840} INFO - DAG(s) 'example_external_task_marker_parent', 'example_external_task_marker_child' retrieved from /Users/felipejimenez/Desktop/AirFlow/.env/lib/python3.9/site-packages/airflow/example_dags/example_external_task_marker_dag.py
[2024-04-14T15:57:53.819-0600] {logging_mixin.py:188} INFO - [2024-04-14T15:57:53.818-0600] {dag.py:3096} INFO - Sync 2 DAGs
[2024-04-14T15:57:53.821-0600] {logging_mixin.py:188} INFO - [2024-04-14T15:57:53.821-0600] {dag.py:3954} INFO - Setting next_dagrun for example_external_task_marker_child to None, run_after=None
[2024-04-14T15:57:53.822-0600] {logging_mixin.py:188} INFO - [2024-04-14T15:57:53.822-0600] {dag.py:3954} INFO - Setting next_dagrun for example_external_task_marker_parent to None, run_after=None
[2024-04-14T15:57:53.827-0600] {processor.py:183} INFO - Processing /Users/felipejimenez/Desktop/AirFlow/.env/lib/python3.9/site-packages/airflow/example_dags/example_external_task_marker_dag.py took 0.049 seconds
[2024-04-14T15:59:26.480-0600] {processor.py:161} INFO - Started process (PID=5508) to work on /Users/felipejimenez/Desktop/AirFlow/.env/lib/python3.9/site-packages/airflow/example_dags/example_external_task_marker_dag.py
[2024-04-14T15:59:26.481-0600] {processor.py:830} INFO - Processing file /Users/felipejimenez/Desktop/AirFlow/.env/lib/python3.9/site-packages/airflow/example_dags/example_external_task_marker_dag.py for tasks to queue
[2024-04-14T15:59:26.482-0600] {logging_mixin.py:188} INFO - [2024-04-14T15:59:26.482-0600] {dagbag.py:540} INFO - Filling up the DagBag from /Users/felipejimenez/Desktop/AirFlow/.env/lib/python3.9/site-packages/airflow/example_dags/example_external_task_marker_dag.py
[2024-04-14T15:59:26.486-0600] {processor.py:840} INFO - DAG(s) 'example_external_task_marker_child', 'example_external_task_marker_parent' retrieved from /Users/felipejimenez/Desktop/AirFlow/.env/lib/python3.9/site-packages/airflow/example_dags/example_external_task_marker_dag.py
[2024-04-14T15:59:26.520-0600] {logging_mixin.py:188} INFO - [2024-04-14T15:59:26.520-0600] {dag.py:3096} INFO - Sync 2 DAGs
[2024-04-14T15:59:26.523-0600] {logging_mixin.py:188} INFO - [2024-04-14T15:59:26.523-0600] {dag.py:3954} INFO - Setting next_dagrun for example_external_task_marker_child to None, run_after=None
[2024-04-14T15:59:26.524-0600] {logging_mixin.py:188} INFO - [2024-04-14T15:59:26.524-0600] {dag.py:3954} INFO - Setting next_dagrun for example_external_task_marker_parent to None, run_after=None
[2024-04-14T15:59:26.529-0600] {processor.py:183} INFO - Processing /Users/felipejimenez/Desktop/AirFlow/.env/lib/python3.9/site-packages/airflow/example_dags/example_external_task_marker_dag.py took 0.050 seconds
[2024-04-14T16:00:52.858-0600] {processor.py:161} INFO - Started process (PID=5606) to work on /Users/felipejimenez/Desktop/AirFlow/.env/lib/python3.9/site-packages/airflow/example_dags/example_external_task_marker_dag.py
[2024-04-14T16:00:52.860-0600] {processor.py:830} INFO - Processing file /Users/felipejimenez/Desktop/AirFlow/.env/lib/python3.9/site-packages/airflow/example_dags/example_external_task_marker_dag.py for tasks to queue
[2024-04-14T16:00:52.860-0600] {logging_mixin.py:188} INFO - [2024-04-14T16:00:52.860-0600] {dagbag.py:540} INFO - Filling up the DagBag from /Users/felipejimenez/Desktop/AirFlow/.env/lib/python3.9/site-packages/airflow/example_dags/example_external_task_marker_dag.py
[2024-04-14T16:00:52.864-0600] {processor.py:840} INFO - DAG(s) 'example_external_task_marker_parent', 'example_external_task_marker_child' retrieved from /Users/felipejimenez/Desktop/AirFlow/.env/lib/python3.9/site-packages/airflow/example_dags/example_external_task_marker_dag.py
[2024-04-14T16:00:52.899-0600] {logging_mixin.py:188} INFO - [2024-04-14T16:00:52.899-0600] {dag.py:3096} INFO - Sync 2 DAGs
[2024-04-14T16:00:52.902-0600] {logging_mixin.py:188} INFO - [2024-04-14T16:00:52.902-0600] {dag.py:3954} INFO - Setting next_dagrun for example_external_task_marker_child to None, run_after=None
[2024-04-14T16:00:52.903-0600] {logging_mixin.py:188} INFO - [2024-04-14T16:00:52.903-0600] {dag.py:3954} INFO - Setting next_dagrun for example_external_task_marker_parent to None, run_after=None
[2024-04-14T16:00:52.909-0600] {processor.py:183} INFO - Processing /Users/felipejimenez/Desktop/AirFlow/.env/lib/python3.9/site-packages/airflow/example_dags/example_external_task_marker_dag.py took 0.052 seconds
[2024-04-14T16:02:19.020-0600] {processor.py:161} INFO - Started process (PID=5704) to work on /Users/felipejimenez/Desktop/AirFlow/.env/lib/python3.9/site-packages/airflow/example_dags/example_external_task_marker_dag.py
[2024-04-14T16:02:19.022-0600] {processor.py:830} INFO - Processing file /Users/felipejimenez/Desktop/AirFlow/.env/lib/python3.9/site-packages/airflow/example_dags/example_external_task_marker_dag.py for tasks to queue
[2024-04-14T16:02:19.022-0600] {logging_mixin.py:188} INFO - [2024-04-14T16:02:19.022-0600] {dagbag.py:540} INFO - Filling up the DagBag from /Users/felipejimenez/Desktop/AirFlow/.env/lib/python3.9/site-packages/airflow/example_dags/example_external_task_marker_dag.py
[2024-04-14T16:02:19.027-0600] {processor.py:840} INFO - DAG(s) 'example_external_task_marker_parent', 'example_external_task_marker_child' retrieved from /Users/felipejimenez/Desktop/AirFlow/.env/lib/python3.9/site-packages/airflow/example_dags/example_external_task_marker_dag.py
[2024-04-14T16:02:19.062-0600] {logging_mixin.py:188} INFO - [2024-04-14T16:02:19.062-0600] {dag.py:3096} INFO - Sync 2 DAGs
[2024-04-14T16:02:19.065-0600] {logging_mixin.py:188} INFO - [2024-04-14T16:02:19.065-0600] {dag.py:3954} INFO - Setting next_dagrun for example_external_task_marker_child to None, run_after=None
[2024-04-14T16:02:19.066-0600] {logging_mixin.py:188} INFO - [2024-04-14T16:02:19.066-0600] {dag.py:3954} INFO - Setting next_dagrun for example_external_task_marker_parent to None, run_after=None
[2024-04-14T16:02:19.072-0600] {processor.py:183} INFO - Processing /Users/felipejimenez/Desktop/AirFlow/.env/lib/python3.9/site-packages/airflow/example_dags/example_external_task_marker_dag.py took 0.053 seconds
[2024-04-14T16:04:28.111-0600] {processor.py:161} INFO - Started process (PID=5931) to work on /Users/felipejimenez/Desktop/AirFlow/.env/lib/python3.9/site-packages/airflow/example_dags/example_external_task_marker_dag.py
[2024-04-14T16:04:28.114-0600] {processor.py:830} INFO - Processing file /Users/felipejimenez/Desktop/AirFlow/.env/lib/python3.9/site-packages/airflow/example_dags/example_external_task_marker_dag.py for tasks to queue
[2024-04-14T16:04:28.114-0600] {logging_mixin.py:188} INFO - [2024-04-14T16:04:28.114-0600] {dagbag.py:540} INFO - Filling up the DagBag from /Users/felipejimenez/Desktop/AirFlow/.env/lib/python3.9/site-packages/airflow/example_dags/example_external_task_marker_dag.py
[2024-04-14T16:04:28.119-0600] {processor.py:840} INFO - DAG(s) 'example_external_task_marker_child', 'example_external_task_marker_parent' retrieved from /Users/felipejimenez/Desktop/AirFlow/.env/lib/python3.9/site-packages/airflow/example_dags/example_external_task_marker_dag.py
[2024-04-14T16:04:28.154-0600] {logging_mixin.py:188} INFO - [2024-04-14T16:04:28.154-0600] {dag.py:3096} INFO - Sync 2 DAGs
[2024-04-14T16:04:28.157-0600] {logging_mixin.py:188} INFO - [2024-04-14T16:04:28.157-0600] {dag.py:3954} INFO - Setting next_dagrun for example_external_task_marker_child to None, run_after=None
[2024-04-14T16:04:28.158-0600] {logging_mixin.py:188} INFO - [2024-04-14T16:04:28.158-0600] {dag.py:3954} INFO - Setting next_dagrun for example_external_task_marker_parent to None, run_after=None
[2024-04-14T16:04:28.164-0600] {processor.py:183} INFO - Processing /Users/felipejimenez/Desktop/AirFlow/.env/lib/python3.9/site-packages/airflow/example_dags/example_external_task_marker_dag.py took 0.054 seconds
[2024-04-14T16:05:59.457-0600] {processor.py:161} INFO - Started process (PID=6095) to work on /Users/felipejimenez/Desktop/AirFlow/.env/lib/python3.9/site-packages/airflow/example_dags/example_external_task_marker_dag.py
[2024-04-14T16:05:59.458-0600] {processor.py:830} INFO - Processing file /Users/felipejimenez/Desktop/AirFlow/.env/lib/python3.9/site-packages/airflow/example_dags/example_external_task_marker_dag.py for tasks to queue
[2024-04-14T16:05:59.458-0600] {logging_mixin.py:188} INFO - [2024-04-14T16:05:59.458-0600] {dagbag.py:540} INFO - Filling up the DagBag from /Users/felipejimenez/Desktop/AirFlow/.env/lib/python3.9/site-packages/airflow/example_dags/example_external_task_marker_dag.py
[2024-04-14T16:05:59.463-0600] {processor.py:840} INFO - DAG(s) 'example_external_task_marker_child', 'example_external_task_marker_parent' retrieved from /Users/felipejimenez/Desktop/AirFlow/.env/lib/python3.9/site-packages/airflow/example_dags/example_external_task_marker_dag.py
[2024-04-14T16:05:59.498-0600] {logging_mixin.py:188} INFO - [2024-04-14T16:05:59.498-0600] {dag.py:3096} INFO - Sync 2 DAGs
[2024-04-14T16:05:59.501-0600] {logging_mixin.py:188} INFO - [2024-04-14T16:05:59.501-0600] {dag.py:3954} INFO - Setting next_dagrun for example_external_task_marker_child to None, run_after=None
[2024-04-14T16:05:59.502-0600] {logging_mixin.py:188} INFO - [2024-04-14T16:05:59.502-0600] {dag.py:3954} INFO - Setting next_dagrun for example_external_task_marker_parent to None, run_after=None
[2024-04-14T16:05:59.507-0600] {processor.py:183} INFO - Processing /Users/felipejimenez/Desktop/AirFlow/.env/lib/python3.9/site-packages/airflow/example_dags/example_external_task_marker_dag.py took 0.052 seconds
