[2024-04-14T15:42:44.066-0600] {processor.py:161} INFO - Started process (PID=4115) to work on /Users/felipejimenez/Desktop/AirFlow/.env/lib/python3.9/site-packages/airflow/example_dags/example_nested_branch_dag.py
[2024-04-14T15:42:44.066-0600] {processor.py:830} INFO - Processing file /Users/felipejimenez/Desktop/AirFlow/.env/lib/python3.9/site-packages/airflow/example_dags/example_nested_branch_dag.py for tasks to queue
[2024-04-14T15:42:44.067-0600] {logging_mixin.py:188} INFO - [2024-04-14T15:42:44.067-0600] {dagbag.py:540} INFO - Filling up the DagBag from /Users/felipejimenez/Desktop/AirFlow/.env/lib/python3.9/site-packages/airflow/example_dags/example_nested_branch_dag.py
[2024-04-14T15:42:44.080-0600] {processor.py:840} INFO - DAG(s) 'example_nested_branch_dag' retrieved from /Users/felipejimenez/Desktop/AirFlow/.env/lib/python3.9/site-packages/airflow/example_dags/example_nested_branch_dag.py
[2024-04-14T15:42:44.154-0600] {logging_mixin.py:188} INFO - [2024-04-14T15:42:44.154-0600] {override.py:1829} INFO - Created Permission View: can edit on DAG:example_nested_branch_dag
[2024-04-14T15:42:44.157-0600] {logging_mixin.py:188} INFO - [2024-04-14T15:42:44.157-0600] {override.py:1829} INFO - Created Permission View: can delete on DAG:example_nested_branch_dag
[2024-04-14T15:42:44.159-0600] {logging_mixin.py:188} INFO - [2024-04-14T15:42:44.159-0600] {override.py:1829} INFO - Created Permission View: can read on DAG:example_nested_branch_dag
[2024-04-14T15:42:44.159-0600] {logging_mixin.py:188} INFO - [2024-04-14T15:42:44.159-0600] {dag.py:3096} INFO - Sync 1 DAGs
[2024-04-14T15:42:44.162-0600] {logging_mixin.py:188} INFO - [2024-04-14T15:42:44.162-0600] {dag.py:3118} INFO - Creating ORM DAG for example_nested_branch_dag
[2024-04-14T15:42:44.165-0600] {logging_mixin.py:188} INFO - [2024-04-14T15:42:44.165-0600] {dag.py:3954} INFO - Setting next_dagrun for example_nested_branch_dag to 2024-04-13 00:00:00+00:00, run_after=2024-04-14 00:00:00+00:00
[2024-04-14T15:42:44.170-0600] {processor.py:183} INFO - Processing /Users/felipejimenez/Desktop/AirFlow/.env/lib/python3.9/site-packages/airflow/example_dags/example_nested_branch_dag.py took 0.105 seconds
[2024-04-14T15:44:11.501-0600] {processor.py:161} INFO - Started process (PID=4218) to work on /Users/felipejimenez/Desktop/AirFlow/.env/lib/python3.9/site-packages/airflow/example_dags/example_nested_branch_dag.py
[2024-04-14T15:44:11.503-0600] {processor.py:830} INFO - Processing file /Users/felipejimenez/Desktop/AirFlow/.env/lib/python3.9/site-packages/airflow/example_dags/example_nested_branch_dag.py for tasks to queue
[2024-04-14T15:44:11.503-0600] {logging_mixin.py:188} INFO - [2024-04-14T15:44:11.503-0600] {dagbag.py:540} INFO - Filling up the DagBag from /Users/felipejimenez/Desktop/AirFlow/.env/lib/python3.9/site-packages/airflow/example_dags/example_nested_branch_dag.py
[2024-04-14T15:44:11.516-0600] {processor.py:840} INFO - DAG(s) 'example_nested_branch_dag' retrieved from /Users/felipejimenez/Desktop/AirFlow/.env/lib/python3.9/site-packages/airflow/example_dags/example_nested_branch_dag.py
[2024-04-14T15:44:11.548-0600] {logging_mixin.py:188} INFO - [2024-04-14T15:44:11.548-0600] {dag.py:3096} INFO - Sync 1 DAGs
[2024-04-14T15:44:11.571-0600] {logging_mixin.py:188} INFO - [2024-04-14T15:44:11.571-0600] {dag.py:3954} INFO - Setting next_dagrun for example_nested_branch_dag to 2024-04-13 00:00:00+00:00, run_after=2024-04-14 00:00:00+00:00
[2024-04-14T15:44:11.576-0600] {processor.py:183} INFO - Processing /Users/felipejimenez/Desktop/AirFlow/.env/lib/python3.9/site-packages/airflow/example_dags/example_nested_branch_dag.py took 0.076 seconds
[2024-04-14T15:45:39.363-0600] {processor.py:161} INFO - Started process (PID=4322) to work on /Users/felipejimenez/Desktop/AirFlow/.env/lib/python3.9/site-packages/airflow/example_dags/example_nested_branch_dag.py
[2024-04-14T15:45:39.364-0600] {processor.py:830} INFO - Processing file /Users/felipejimenez/Desktop/AirFlow/.env/lib/python3.9/site-packages/airflow/example_dags/example_nested_branch_dag.py for tasks to queue
[2024-04-14T15:45:39.365-0600] {logging_mixin.py:188} INFO - [2024-04-14T15:45:39.365-0600] {dagbag.py:540} INFO - Filling up the DagBag from /Users/felipejimenez/Desktop/AirFlow/.env/lib/python3.9/site-packages/airflow/example_dags/example_nested_branch_dag.py
[2024-04-14T15:45:39.378-0600] {processor.py:840} INFO - DAG(s) 'example_nested_branch_dag' retrieved from /Users/felipejimenez/Desktop/AirFlow/.env/lib/python3.9/site-packages/airflow/example_dags/example_nested_branch_dag.py
[2024-04-14T15:45:39.411-0600] {logging_mixin.py:188} INFO - [2024-04-14T15:45:39.411-0600] {dag.py:3096} INFO - Sync 1 DAGs
[2024-04-14T15:45:39.435-0600] {logging_mixin.py:188} INFO - [2024-04-14T15:45:39.434-0600] {dag.py:3954} INFO - Setting next_dagrun for example_nested_branch_dag to 2024-04-13 00:00:00+00:00, run_after=2024-04-14 00:00:00+00:00
[2024-04-14T15:45:39.440-0600] {processor.py:183} INFO - Processing /Users/felipejimenez/Desktop/AirFlow/.env/lib/python3.9/site-packages/airflow/example_dags/example_nested_branch_dag.py took 0.079 seconds
[2024-04-14T15:47:06.886-0600] {processor.py:161} INFO - Started process (PID=4424) to work on /Users/felipejimenez/Desktop/AirFlow/.env/lib/python3.9/site-packages/airflow/example_dags/example_nested_branch_dag.py
[2024-04-14T15:47:06.887-0600] {processor.py:830} INFO - Processing file /Users/felipejimenez/Desktop/AirFlow/.env/lib/python3.9/site-packages/airflow/example_dags/example_nested_branch_dag.py for tasks to queue
[2024-04-14T15:47:06.888-0600] {logging_mixin.py:188} INFO - [2024-04-14T15:47:06.888-0600] {dagbag.py:540} INFO - Filling up the DagBag from /Users/felipejimenez/Desktop/AirFlow/.env/lib/python3.9/site-packages/airflow/example_dags/example_nested_branch_dag.py
[2024-04-14T15:47:06.900-0600] {processor.py:840} INFO - DAG(s) 'example_nested_branch_dag' retrieved from /Users/felipejimenez/Desktop/AirFlow/.env/lib/python3.9/site-packages/airflow/example_dags/example_nested_branch_dag.py
[2024-04-14T15:47:06.931-0600] {logging_mixin.py:188} INFO - [2024-04-14T15:47:06.931-0600] {dag.py:3096} INFO - Sync 1 DAGs
[2024-04-14T15:47:06.953-0600] {logging_mixin.py:188} INFO - [2024-04-14T15:47:06.953-0600] {dag.py:3954} INFO - Setting next_dagrun for example_nested_branch_dag to 2024-04-13 00:00:00+00:00, run_after=2024-04-14 00:00:00+00:00
[2024-04-14T15:47:06.959-0600] {processor.py:183} INFO - Processing /Users/felipejimenez/Desktop/AirFlow/.env/lib/python3.9/site-packages/airflow/example_dags/example_nested_branch_dag.py took 0.074 seconds
[2024-04-14T15:48:37.341-0600] {processor.py:161} INFO - Started process (PID=4593) to work on /Users/felipejimenez/Desktop/AirFlow/.env/lib/python3.9/site-packages/airflow/example_dags/example_nested_branch_dag.py
[2024-04-14T15:48:37.343-0600] {processor.py:830} INFO - Processing file /Users/felipejimenez/Desktop/AirFlow/.env/lib/python3.9/site-packages/airflow/example_dags/example_nested_branch_dag.py for tasks to queue
[2024-04-14T15:48:37.343-0600] {logging_mixin.py:188} INFO - [2024-04-14T15:48:37.343-0600] {dagbag.py:540} INFO - Filling up the DagBag from /Users/felipejimenez/Desktop/AirFlow/.env/lib/python3.9/site-packages/airflow/example_dags/example_nested_branch_dag.py
[2024-04-14T15:48:37.356-0600] {processor.py:840} INFO - DAG(s) 'example_nested_branch_dag' retrieved from /Users/felipejimenez/Desktop/AirFlow/.env/lib/python3.9/site-packages/airflow/example_dags/example_nested_branch_dag.py
[2024-04-14T15:48:37.387-0600] {logging_mixin.py:188} INFO - [2024-04-14T15:48:37.387-0600] {dag.py:3096} INFO - Sync 1 DAGs
[2024-04-14T15:48:37.409-0600] {logging_mixin.py:188} INFO - [2024-04-14T15:48:37.409-0600] {dag.py:3954} INFO - Setting next_dagrun for example_nested_branch_dag to 2024-04-13 00:00:00+00:00, run_after=2024-04-14 00:00:00+00:00
[2024-04-14T15:48:37.415-0600] {processor.py:183} INFO - Processing /Users/felipejimenez/Desktop/AirFlow/.env/lib/python3.9/site-packages/airflow/example_dags/example_nested_branch_dag.py took 0.075 seconds
[2024-04-14T15:50:05.615-0600] {processor.py:161} INFO - Started process (PID=4706) to work on /Users/felipejimenez/Desktop/AirFlow/.env/lib/python3.9/site-packages/airflow/example_dags/example_nested_branch_dag.py
[2024-04-14T15:50:05.617-0600] {processor.py:830} INFO - Processing file /Users/felipejimenez/Desktop/AirFlow/.env/lib/python3.9/site-packages/airflow/example_dags/example_nested_branch_dag.py for tasks to queue
[2024-04-14T15:50:05.617-0600] {logging_mixin.py:188} INFO - [2024-04-14T15:50:05.617-0600] {dagbag.py:540} INFO - Filling up the DagBag from /Users/felipejimenez/Desktop/AirFlow/.env/lib/python3.9/site-packages/airflow/example_dags/example_nested_branch_dag.py
[2024-04-14T15:50:05.630-0600] {processor.py:840} INFO - DAG(s) 'example_nested_branch_dag' retrieved from /Users/felipejimenez/Desktop/AirFlow/.env/lib/python3.9/site-packages/airflow/example_dags/example_nested_branch_dag.py
[2024-04-14T15:50:05.662-0600] {logging_mixin.py:188} INFO - [2024-04-14T15:50:05.662-0600] {dag.py:3096} INFO - Sync 1 DAGs
[2024-04-14T15:50:05.685-0600] {logging_mixin.py:188} INFO - [2024-04-14T15:50:05.685-0600] {dag.py:3954} INFO - Setting next_dagrun for example_nested_branch_dag to 2024-04-13 00:00:00+00:00, run_after=2024-04-14 00:00:00+00:00
[2024-04-14T15:50:05.690-0600] {processor.py:183} INFO - Processing /Users/felipejimenez/Desktop/AirFlow/.env/lib/python3.9/site-packages/airflow/example_dags/example_nested_branch_dag.py took 0.077 seconds
[2024-04-14T15:51:36.283-0600] {processor.py:161} INFO - Started process (PID=4808) to work on /Users/felipejimenez/Desktop/AirFlow/.env/lib/python3.9/site-packages/airflow/example_dags/example_nested_branch_dag.py
[2024-04-14T15:51:36.287-0600] {processor.py:830} INFO - Processing file /Users/felipejimenez/Desktop/AirFlow/.env/lib/python3.9/site-packages/airflow/example_dags/example_nested_branch_dag.py for tasks to queue
[2024-04-14T15:51:36.287-0600] {logging_mixin.py:188} INFO - [2024-04-14T15:51:36.287-0600] {dagbag.py:540} INFO - Filling up the DagBag from /Users/felipejimenez/Desktop/AirFlow/.env/lib/python3.9/site-packages/airflow/example_dags/example_nested_branch_dag.py
[2024-04-14T15:51:36.300-0600] {processor.py:840} INFO - DAG(s) 'example_nested_branch_dag' retrieved from /Users/felipejimenez/Desktop/AirFlow/.env/lib/python3.9/site-packages/airflow/example_dags/example_nested_branch_dag.py
[2024-04-14T15:51:36.333-0600] {logging_mixin.py:188} INFO - [2024-04-14T15:51:36.333-0600] {dag.py:3096} INFO - Sync 1 DAGs
[2024-04-14T15:51:36.355-0600] {logging_mixin.py:188} INFO - [2024-04-14T15:51:36.355-0600] {dag.py:3954} INFO - Setting next_dagrun for example_nested_branch_dag to 2024-04-13 00:00:00+00:00, run_after=2024-04-14 00:00:00+00:00
[2024-04-14T15:51:36.362-0600] {processor.py:183} INFO - Processing /Users/felipejimenez/Desktop/AirFlow/.env/lib/python3.9/site-packages/airflow/example_dags/example_nested_branch_dag.py took 0.079 seconds
[2024-04-14T15:53:00.764-0600] {processor.py:161} INFO - Started process (PID=4964) to work on /Users/felipejimenez/Desktop/AirFlow/.env/lib/python3.9/site-packages/airflow/example_dags/example_nested_branch_dag.py
[2024-04-14T15:53:00.765-0600] {processor.py:830} INFO - Processing file /Users/felipejimenez/Desktop/AirFlow/.env/lib/python3.9/site-packages/airflow/example_dags/example_nested_branch_dag.py for tasks to queue
[2024-04-14T15:53:00.765-0600] {logging_mixin.py:188} INFO - [2024-04-14T15:53:00.765-0600] {dagbag.py:540} INFO - Filling up the DagBag from /Users/felipejimenez/Desktop/AirFlow/.env/lib/python3.9/site-packages/airflow/example_dags/example_nested_branch_dag.py
[2024-04-14T15:53:00.778-0600] {processor.py:840} INFO - DAG(s) 'example_nested_branch_dag' retrieved from /Users/felipejimenez/Desktop/AirFlow/.env/lib/python3.9/site-packages/airflow/example_dags/example_nested_branch_dag.py
[2024-04-14T15:53:00.810-0600] {logging_mixin.py:188} INFO - [2024-04-14T15:53:00.810-0600] {dag.py:3096} INFO - Sync 1 DAGs
[2024-04-14T15:53:00.831-0600] {logging_mixin.py:188} INFO - [2024-04-14T15:53:00.831-0600] {dag.py:3954} INFO - Setting next_dagrun for example_nested_branch_dag to 2024-04-13 00:00:00+00:00, run_after=2024-04-14 00:00:00+00:00
[2024-04-14T15:53:00.837-0600] {processor.py:183} INFO - Processing /Users/felipejimenez/Desktop/AirFlow/.env/lib/python3.9/site-packages/airflow/example_dags/example_nested_branch_dag.py took 0.074 seconds
[2024-04-14T15:54:30.191-0600] {processor.py:161} INFO - Started process (PID=5073) to work on /Users/felipejimenez/Desktop/AirFlow/.env/lib/python3.9/site-packages/airflow/example_dags/example_nested_branch_dag.py
[2024-04-14T15:54:30.192-0600] {processor.py:830} INFO - Processing file /Users/felipejimenez/Desktop/AirFlow/.env/lib/python3.9/site-packages/airflow/example_dags/example_nested_branch_dag.py for tasks to queue
[2024-04-14T15:54:30.192-0600] {logging_mixin.py:188} INFO - [2024-04-14T15:54:30.192-0600] {dagbag.py:540} INFO - Filling up the DagBag from /Users/felipejimenez/Desktop/AirFlow/.env/lib/python3.9/site-packages/airflow/example_dags/example_nested_branch_dag.py
[2024-04-14T15:54:30.205-0600] {processor.py:840} INFO - DAG(s) 'example_nested_branch_dag' retrieved from /Users/felipejimenez/Desktop/AirFlow/.env/lib/python3.9/site-packages/airflow/example_dags/example_nested_branch_dag.py
[2024-04-14T15:54:30.237-0600] {logging_mixin.py:188} INFO - [2024-04-14T15:54:30.237-0600] {dag.py:3096} INFO - Sync 1 DAGs
[2024-04-14T15:54:30.260-0600] {logging_mixin.py:188} INFO - [2024-04-14T15:54:30.259-0600] {dag.py:3954} INFO - Setting next_dagrun for example_nested_branch_dag to 2024-04-13 00:00:00+00:00, run_after=2024-04-14 00:00:00+00:00
[2024-04-14T15:54:30.266-0600] {processor.py:183} INFO - Processing /Users/felipejimenez/Desktop/AirFlow/.env/lib/python3.9/site-packages/airflow/example_dags/example_nested_branch_dag.py took 0.075 seconds
[2024-04-14T15:56:22.770-0600] {processor.py:161} INFO - Started process (PID=5234) to work on /Users/felipejimenez/Desktop/AirFlow/.env/lib/python3.9/site-packages/airflow/example_dags/example_nested_branch_dag.py
[2024-04-14T15:56:22.772-0600] {processor.py:830} INFO - Processing file /Users/felipejimenez/Desktop/AirFlow/.env/lib/python3.9/site-packages/airflow/example_dags/example_nested_branch_dag.py for tasks to queue
[2024-04-14T15:56:22.772-0600] {logging_mixin.py:188} INFO - [2024-04-14T15:56:22.772-0600] {dagbag.py:540} INFO - Filling up the DagBag from /Users/felipejimenez/Desktop/AirFlow/.env/lib/python3.9/site-packages/airflow/example_dags/example_nested_branch_dag.py
[2024-04-14T15:56:22.785-0600] {processor.py:840} INFO - DAG(s) 'example_nested_branch_dag' retrieved from /Users/felipejimenez/Desktop/AirFlow/.env/lib/python3.9/site-packages/airflow/example_dags/example_nested_branch_dag.py
[2024-04-14T15:56:22.817-0600] {logging_mixin.py:188} INFO - [2024-04-14T15:56:22.817-0600] {dag.py:3096} INFO - Sync 1 DAGs
[2024-04-14T15:56:22.840-0600] {logging_mixin.py:188} INFO - [2024-04-14T15:56:22.840-0600] {dag.py:3954} INFO - Setting next_dagrun for example_nested_branch_dag to 2024-04-13 00:00:00+00:00, run_after=2024-04-14 00:00:00+00:00
[2024-04-14T15:56:22.846-0600] {processor.py:183} INFO - Processing /Users/felipejimenez/Desktop/AirFlow/.env/lib/python3.9/site-packages/airflow/example_dags/example_nested_branch_dag.py took 0.076 seconds
[2024-04-14T15:57:47.244-0600] {processor.py:161} INFO - Started process (PID=5374) to work on /Users/felipejimenez/Desktop/AirFlow/.env/lib/python3.9/site-packages/airflow/example_dags/example_nested_branch_dag.py
[2024-04-14T15:57:47.246-0600] {processor.py:830} INFO - Processing file /Users/felipejimenez/Desktop/AirFlow/.env/lib/python3.9/site-packages/airflow/example_dags/example_nested_branch_dag.py for tasks to queue
[2024-04-14T15:57:47.246-0600] {logging_mixin.py:188} INFO - [2024-04-14T15:57:47.246-0600] {dagbag.py:540} INFO - Filling up the DagBag from /Users/felipejimenez/Desktop/AirFlow/.env/lib/python3.9/site-packages/airflow/example_dags/example_nested_branch_dag.py
[2024-04-14T15:57:47.259-0600] {processor.py:840} INFO - DAG(s) 'example_nested_branch_dag' retrieved from /Users/felipejimenez/Desktop/AirFlow/.env/lib/python3.9/site-packages/airflow/example_dags/example_nested_branch_dag.py
[2024-04-14T15:57:47.291-0600] {logging_mixin.py:188} INFO - [2024-04-14T15:57:47.291-0600] {dag.py:3096} INFO - Sync 1 DAGs
[2024-04-14T15:57:47.314-0600] {logging_mixin.py:188} INFO - [2024-04-14T15:57:47.314-0600] {dag.py:3954} INFO - Setting next_dagrun for example_nested_branch_dag to 2024-04-13 00:00:00+00:00, run_after=2024-04-14 00:00:00+00:00
[2024-04-14T15:57:47.319-0600] {processor.py:183} INFO - Processing /Users/felipejimenez/Desktop/AirFlow/.env/lib/python3.9/site-packages/airflow/example_dags/example_nested_branch_dag.py took 0.076 seconds
[2024-04-14T15:59:19.347-0600] {processor.py:161} INFO - Started process (PID=5499) to work on /Users/felipejimenez/Desktop/AirFlow/.env/lib/python3.9/site-packages/airflow/example_dags/example_nested_branch_dag.py
[2024-04-14T15:59:19.349-0600] {processor.py:830} INFO - Processing file /Users/felipejimenez/Desktop/AirFlow/.env/lib/python3.9/site-packages/airflow/example_dags/example_nested_branch_dag.py for tasks to queue
[2024-04-14T15:59:19.349-0600] {logging_mixin.py:188} INFO - [2024-04-14T15:59:19.349-0600] {dagbag.py:540} INFO - Filling up the DagBag from /Users/felipejimenez/Desktop/AirFlow/.env/lib/python3.9/site-packages/airflow/example_dags/example_nested_branch_dag.py
[2024-04-14T15:59:19.363-0600] {processor.py:840} INFO - DAG(s) 'example_nested_branch_dag' retrieved from /Users/felipejimenez/Desktop/AirFlow/.env/lib/python3.9/site-packages/airflow/example_dags/example_nested_branch_dag.py
[2024-04-14T15:59:19.394-0600] {logging_mixin.py:188} INFO - [2024-04-14T15:59:19.394-0600] {dag.py:3096} INFO - Sync 1 DAGs
[2024-04-14T15:59:19.416-0600] {logging_mixin.py:188} INFO - [2024-04-14T15:59:19.416-0600] {dag.py:3954} INFO - Setting next_dagrun for example_nested_branch_dag to 2024-04-13 00:00:00+00:00, run_after=2024-04-14 00:00:00+00:00
[2024-04-14T15:59:19.422-0600] {processor.py:183} INFO - Processing /Users/felipejimenez/Desktop/AirFlow/.env/lib/python3.9/site-packages/airflow/example_dags/example_nested_branch_dag.py took 0.075 seconds
[2024-04-14T16:00:45.590-0600] {processor.py:161} INFO - Started process (PID=5597) to work on /Users/felipejimenez/Desktop/AirFlow/.env/lib/python3.9/site-packages/airflow/example_dags/example_nested_branch_dag.py
[2024-04-14T16:00:45.591-0600] {processor.py:830} INFO - Processing file /Users/felipejimenez/Desktop/AirFlow/.env/lib/python3.9/site-packages/airflow/example_dags/example_nested_branch_dag.py for tasks to queue
[2024-04-14T16:00:45.592-0600] {logging_mixin.py:188} INFO - [2024-04-14T16:00:45.592-0600] {dagbag.py:540} INFO - Filling up the DagBag from /Users/felipejimenez/Desktop/AirFlow/.env/lib/python3.9/site-packages/airflow/example_dags/example_nested_branch_dag.py
[2024-04-14T16:00:45.605-0600] {processor.py:840} INFO - DAG(s) 'example_nested_branch_dag' retrieved from /Users/felipejimenez/Desktop/AirFlow/.env/lib/python3.9/site-packages/airflow/example_dags/example_nested_branch_dag.py
[2024-04-14T16:00:45.638-0600] {logging_mixin.py:188} INFO - [2024-04-14T16:00:45.638-0600] {dag.py:3096} INFO - Sync 1 DAGs
[2024-04-14T16:00:45.660-0600] {logging_mixin.py:188} INFO - [2024-04-14T16:00:45.660-0600] {dag.py:3954} INFO - Setting next_dagrun for example_nested_branch_dag to 2024-04-13 00:00:00+00:00, run_after=2024-04-14 00:00:00+00:00
[2024-04-14T16:00:45.666-0600] {processor.py:183} INFO - Processing /Users/felipejimenez/Desktop/AirFlow/.env/lib/python3.9/site-packages/airflow/example_dags/example_nested_branch_dag.py took 0.077 seconds
[2024-04-14T16:02:12.656-0600] {processor.py:161} INFO - Started process (PID=5696) to work on /Users/felipejimenez/Desktop/AirFlow/.env/lib/python3.9/site-packages/airflow/example_dags/example_nested_branch_dag.py
[2024-04-14T16:02:12.657-0600] {processor.py:830} INFO - Processing file /Users/felipejimenez/Desktop/AirFlow/.env/lib/python3.9/site-packages/airflow/example_dags/example_nested_branch_dag.py for tasks to queue
[2024-04-14T16:02:12.658-0600] {logging_mixin.py:188} INFO - [2024-04-14T16:02:12.658-0600] {dagbag.py:540} INFO - Filling up the DagBag from /Users/felipejimenez/Desktop/AirFlow/.env/lib/python3.9/site-packages/airflow/example_dags/example_nested_branch_dag.py
[2024-04-14T16:02:12.672-0600] {processor.py:840} INFO - DAG(s) 'example_nested_branch_dag' retrieved from /Users/felipejimenez/Desktop/AirFlow/.env/lib/python3.9/site-packages/airflow/example_dags/example_nested_branch_dag.py
[2024-04-14T16:02:12.703-0600] {logging_mixin.py:188} INFO - [2024-04-14T16:02:12.703-0600] {dag.py:3096} INFO - Sync 1 DAGs
[2024-04-14T16:02:12.726-0600] {logging_mixin.py:188} INFO - [2024-04-14T16:02:12.725-0600] {dag.py:3954} INFO - Setting next_dagrun for example_nested_branch_dag to 2024-04-13 00:00:00+00:00, run_after=2024-04-14 00:00:00+00:00
[2024-04-14T16:02:12.731-0600] {processor.py:183} INFO - Processing /Users/felipejimenez/Desktop/AirFlow/.env/lib/python3.9/site-packages/airflow/example_dags/example_nested_branch_dag.py took 0.076 seconds
[2024-04-14T16:04:20.923-0600] {processor.py:161} INFO - Started process (PID=5920) to work on /Users/felipejimenez/Desktop/AirFlow/.env/lib/python3.9/site-packages/airflow/example_dags/example_nested_branch_dag.py
[2024-04-14T16:04:20.924-0600] {processor.py:830} INFO - Processing file /Users/felipejimenez/Desktop/AirFlow/.env/lib/python3.9/site-packages/airflow/example_dags/example_nested_branch_dag.py for tasks to queue
[2024-04-14T16:04:20.925-0600] {logging_mixin.py:188} INFO - [2024-04-14T16:04:20.925-0600] {dagbag.py:540} INFO - Filling up the DagBag from /Users/felipejimenez/Desktop/AirFlow/.env/lib/python3.9/site-packages/airflow/example_dags/example_nested_branch_dag.py
[2024-04-14T16:04:20.938-0600] {processor.py:840} INFO - DAG(s) 'example_nested_branch_dag' retrieved from /Users/felipejimenez/Desktop/AirFlow/.env/lib/python3.9/site-packages/airflow/example_dags/example_nested_branch_dag.py
[2024-04-14T16:04:20.972-0600] {logging_mixin.py:188} INFO - [2024-04-14T16:04:20.972-0600] {dag.py:3096} INFO - Sync 1 DAGs
[2024-04-14T16:04:20.997-0600] {logging_mixin.py:188} INFO - [2024-04-14T16:04:20.997-0600] {dag.py:3954} INFO - Setting next_dagrun for example_nested_branch_dag to 2024-04-13 00:00:00+00:00, run_after=2024-04-14 00:00:00+00:00
[2024-04-14T16:04:21.003-0600] {processor.py:183} INFO - Processing /Users/felipejimenez/Desktop/AirFlow/.env/lib/python3.9/site-packages/airflow/example_dags/example_nested_branch_dag.py took 0.081 seconds
[2024-04-14T16:05:51.217-0600] {processor.py:161} INFO - Started process (PID=6086) to work on /Users/felipejimenez/Desktop/AirFlow/.env/lib/python3.9/site-packages/airflow/example_dags/example_nested_branch_dag.py
[2024-04-14T16:05:51.219-0600] {processor.py:830} INFO - Processing file /Users/felipejimenez/Desktop/AirFlow/.env/lib/python3.9/site-packages/airflow/example_dags/example_nested_branch_dag.py for tasks to queue
[2024-04-14T16:05:51.219-0600] {logging_mixin.py:188} INFO - [2024-04-14T16:05:51.219-0600] {dagbag.py:540} INFO - Filling up the DagBag from /Users/felipejimenez/Desktop/AirFlow/.env/lib/python3.9/site-packages/airflow/example_dags/example_nested_branch_dag.py
[2024-04-14T16:05:51.232-0600] {processor.py:840} INFO - DAG(s) 'example_nested_branch_dag' retrieved from /Users/felipejimenez/Desktop/AirFlow/.env/lib/python3.9/site-packages/airflow/example_dags/example_nested_branch_dag.py
[2024-04-14T16:05:51.265-0600] {logging_mixin.py:188} INFO - [2024-04-14T16:05:51.265-0600] {dag.py:3096} INFO - Sync 1 DAGs
[2024-04-14T16:05:51.287-0600] {logging_mixin.py:188} INFO - [2024-04-14T16:05:51.287-0600] {dag.py:3954} INFO - Setting next_dagrun for example_nested_branch_dag to 2024-04-13 00:00:00+00:00, run_after=2024-04-14 00:00:00+00:00
[2024-04-14T16:05:51.294-0600] {processor.py:183} INFO - Processing /Users/felipejimenez/Desktop/AirFlow/.env/lib/python3.9/site-packages/airflow/example_dags/example_nested_branch_dag.py took 0.078 seconds
