[2024-04-14T15:42:47.338-0600] {processor.py:161} INFO - Started process (PID=4119) to work on /Users/felipejimenez/Desktop/AirFlow/.env/lib/python3.9/site-packages/airflow/example_dags/example_latest_only_with_trigger.py
[2024-04-14T15:42:47.339-0600] {processor.py:830} INFO - Processing file /Users/felipejimenez/Desktop/AirFlow/.env/lib/python3.9/site-packages/airflow/example_dags/example_latest_only_with_trigger.py for tasks to queue
[2024-04-14T15:42:47.339-0600] {logging_mixin.py:188} INFO - [2024-04-14T15:42:47.339-0600] {dagbag.py:540} INFO - Filling up the DagBag from /Users/felipejimenez/Desktop/AirFlow/.env/lib/python3.9/site-packages/airflow/example_dags/example_latest_only_with_trigger.py
[2024-04-14T15:42:47.343-0600] {processor.py:840} INFO - DAG(s) 'latest_only_with_trigger' retrieved from /Users/felipejimenez/Desktop/AirFlow/.env/lib/python3.9/site-packages/airflow/example_dags/example_latest_only_with_trigger.py
[2024-04-14T15:42:47.419-0600] {logging_mixin.py:188} INFO - [2024-04-14T15:42:47.419-0600] {override.py:1829} INFO - Created Permission View: can delete on DAG:latest_only_with_trigger
[2024-04-14T15:42:47.421-0600] {logging_mixin.py:188} INFO - [2024-04-14T15:42:47.421-0600] {override.py:1829} INFO - Created Permission View: can edit on DAG:latest_only_with_trigger
[2024-04-14T15:42:47.423-0600] {logging_mixin.py:188} INFO - [2024-04-14T15:42:47.423-0600] {override.py:1829} INFO - Created Permission View: can read on DAG:latest_only_with_trigger
[2024-04-14T15:42:47.423-0600] {logging_mixin.py:188} INFO - [2024-04-14T15:42:47.423-0600] {dag.py:3096} INFO - Sync 1 DAGs
[2024-04-14T15:42:47.426-0600] {logging_mixin.py:188} INFO - [2024-04-14T15:42:47.426-0600] {dag.py:3118} INFO - Creating ORM DAG for latest_only_with_trigger
[2024-04-14T15:42:47.431-0600] {logging_mixin.py:188} INFO - [2024-04-14T15:42:47.431-0600] {dag.py:3954} INFO - Setting next_dagrun for latest_only_with_trigger to 2024-04-14 16:00:00+00:00, run_after=2024-04-14 20:00:00+00:00
[2024-04-14T15:42:47.438-0600] {processor.py:183} INFO - Processing /Users/felipejimenez/Desktop/AirFlow/.env/lib/python3.9/site-packages/airflow/example_dags/example_latest_only_with_trigger.py took 0.100 seconds
[2024-04-14T15:44:13.753-0600] {processor.py:161} INFO - Started process (PID=4220) to work on /Users/felipejimenez/Desktop/AirFlow/.env/lib/python3.9/site-packages/airflow/example_dags/example_latest_only_with_trigger.py
[2024-04-14T15:44:13.755-0600] {processor.py:830} INFO - Processing file /Users/felipejimenez/Desktop/AirFlow/.env/lib/python3.9/site-packages/airflow/example_dags/example_latest_only_with_trigger.py for tasks to queue
[2024-04-14T15:44:13.755-0600] {logging_mixin.py:188} INFO - [2024-04-14T15:44:13.755-0600] {dagbag.py:540} INFO - Filling up the DagBag from /Users/felipejimenez/Desktop/AirFlow/.env/lib/python3.9/site-packages/airflow/example_dags/example_latest_only_with_trigger.py
[2024-04-14T15:44:13.758-0600] {processor.py:840} INFO - DAG(s) 'latest_only_with_trigger' retrieved from /Users/felipejimenez/Desktop/AirFlow/.env/lib/python3.9/site-packages/airflow/example_dags/example_latest_only_with_trigger.py
[2024-04-14T15:44:13.790-0600] {logging_mixin.py:188} INFO - [2024-04-14T15:44:13.790-0600] {dag.py:3096} INFO - Sync 1 DAGs
[2024-04-14T15:44:13.796-0600] {logging_mixin.py:188} INFO - [2024-04-14T15:44:13.796-0600] {dag.py:3954} INFO - Setting next_dagrun for latest_only_with_trigger to 2024-04-14 16:00:00+00:00, run_after=2024-04-14 20:00:00+00:00
[2024-04-14T15:44:13.801-0600] {processor.py:183} INFO - Processing /Users/felipejimenez/Desktop/AirFlow/.env/lib/python3.9/site-packages/airflow/example_dags/example_latest_only_with_trigger.py took 0.049 seconds
[2024-04-14T15:45:42.237-0600] {processor.py:161} INFO - Started process (PID=4326) to work on /Users/felipejimenez/Desktop/AirFlow/.env/lib/python3.9/site-packages/airflow/example_dags/example_latest_only_with_trigger.py
[2024-04-14T15:45:42.239-0600] {processor.py:830} INFO - Processing file /Users/felipejimenez/Desktop/AirFlow/.env/lib/python3.9/site-packages/airflow/example_dags/example_latest_only_with_trigger.py for tasks to queue
[2024-04-14T15:45:42.239-0600] {logging_mixin.py:188} INFO - [2024-04-14T15:45:42.239-0600] {dagbag.py:540} INFO - Filling up the DagBag from /Users/felipejimenez/Desktop/AirFlow/.env/lib/python3.9/site-packages/airflow/example_dags/example_latest_only_with_trigger.py
[2024-04-14T15:45:42.242-0600] {processor.py:840} INFO - DAG(s) 'latest_only_with_trigger' retrieved from /Users/felipejimenez/Desktop/AirFlow/.env/lib/python3.9/site-packages/airflow/example_dags/example_latest_only_with_trigger.py
[2024-04-14T15:45:42.274-0600] {logging_mixin.py:188} INFO - [2024-04-14T15:45:42.274-0600] {dag.py:3096} INFO - Sync 1 DAGs
[2024-04-14T15:45:42.280-0600] {logging_mixin.py:188} INFO - [2024-04-14T15:45:42.280-0600] {dag.py:3954} INFO - Setting next_dagrun for latest_only_with_trigger to 2024-04-14 16:00:00+00:00, run_after=2024-04-14 20:00:00+00:00
[2024-04-14T15:45:42.286-0600] {processor.py:183} INFO - Processing /Users/felipejimenez/Desktop/AirFlow/.env/lib/python3.9/site-packages/airflow/example_dags/example_latest_only_with_trigger.py took 0.050 seconds
[2024-04-14T15:47:09.225-0600] {processor.py:161} INFO - Started process (PID=4426) to work on /Users/felipejimenez/Desktop/AirFlow/.env/lib/python3.9/site-packages/airflow/example_dags/example_latest_only_with_trigger.py
[2024-04-14T15:47:09.227-0600] {processor.py:830} INFO - Processing file /Users/felipejimenez/Desktop/AirFlow/.env/lib/python3.9/site-packages/airflow/example_dags/example_latest_only_with_trigger.py for tasks to queue
[2024-04-14T15:47:09.227-0600] {logging_mixin.py:188} INFO - [2024-04-14T15:47:09.227-0600] {dagbag.py:540} INFO - Filling up the DagBag from /Users/felipejimenez/Desktop/AirFlow/.env/lib/python3.9/site-packages/airflow/example_dags/example_latest_only_with_trigger.py
[2024-04-14T15:47:09.230-0600] {processor.py:840} INFO - DAG(s) 'latest_only_with_trigger' retrieved from /Users/felipejimenez/Desktop/AirFlow/.env/lib/python3.9/site-packages/airflow/example_dags/example_latest_only_with_trigger.py
[2024-04-14T15:47:09.264-0600] {logging_mixin.py:188} INFO - [2024-04-14T15:47:09.264-0600] {dag.py:3096} INFO - Sync 1 DAGs
[2024-04-14T15:47:09.270-0600] {logging_mixin.py:188} INFO - [2024-04-14T15:47:09.270-0600] {dag.py:3954} INFO - Setting next_dagrun for latest_only_with_trigger to 2024-04-14 16:00:00+00:00, run_after=2024-04-14 20:00:00+00:00
[2024-04-14T15:47:09.276-0600] {processor.py:183} INFO - Processing /Users/felipejimenez/Desktop/AirFlow/.env/lib/python3.9/site-packages/airflow/example_dags/example_latest_only_with_trigger.py took 0.051 seconds
[2024-04-14T15:48:40.170-0600] {processor.py:161} INFO - Started process (PID=4595) to work on /Users/felipejimenez/Desktop/AirFlow/.env/lib/python3.9/site-packages/airflow/example_dags/example_latest_only_with_trigger.py
[2024-04-14T15:48:40.171-0600] {processor.py:830} INFO - Processing file /Users/felipejimenez/Desktop/AirFlow/.env/lib/python3.9/site-packages/airflow/example_dags/example_latest_only_with_trigger.py for tasks to queue
[2024-04-14T15:48:40.172-0600] {logging_mixin.py:188} INFO - [2024-04-14T15:48:40.172-0600] {dagbag.py:540} INFO - Filling up the DagBag from /Users/felipejimenez/Desktop/AirFlow/.env/lib/python3.9/site-packages/airflow/example_dags/example_latest_only_with_trigger.py
[2024-04-14T15:48:40.175-0600] {processor.py:840} INFO - DAG(s) 'latest_only_with_trigger' retrieved from /Users/felipejimenez/Desktop/AirFlow/.env/lib/python3.9/site-packages/airflow/example_dags/example_latest_only_with_trigger.py
[2024-04-14T15:48:40.208-0600] {logging_mixin.py:188} INFO - [2024-04-14T15:48:40.207-0600] {dag.py:3096} INFO - Sync 1 DAGs
[2024-04-14T15:48:40.214-0600] {logging_mixin.py:188} INFO - [2024-04-14T15:48:40.214-0600] {dag.py:3954} INFO - Setting next_dagrun for latest_only_with_trigger to 2024-04-14 16:00:00+00:00, run_after=2024-04-14 20:00:00+00:00
[2024-04-14T15:48:40.220-0600] {processor.py:183} INFO - Processing /Users/felipejimenez/Desktop/AirFlow/.env/lib/python3.9/site-packages/airflow/example_dags/example_latest_only_with_trigger.py took 0.051 seconds
[2024-04-14T15:50:07.913-0600] {processor.py:161} INFO - Started process (PID=4710) to work on /Users/felipejimenez/Desktop/AirFlow/.env/lib/python3.9/site-packages/airflow/example_dags/example_latest_only_with_trigger.py
[2024-04-14T15:50:07.914-0600] {processor.py:830} INFO - Processing file /Users/felipejimenez/Desktop/AirFlow/.env/lib/python3.9/site-packages/airflow/example_dags/example_latest_only_with_trigger.py for tasks to queue
[2024-04-14T15:50:07.914-0600] {logging_mixin.py:188} INFO - [2024-04-14T15:50:07.914-0600] {dagbag.py:540} INFO - Filling up the DagBag from /Users/felipejimenez/Desktop/AirFlow/.env/lib/python3.9/site-packages/airflow/example_dags/example_latest_only_with_trigger.py
[2024-04-14T15:50:07.917-0600] {processor.py:840} INFO - DAG(s) 'latest_only_with_trigger' retrieved from /Users/felipejimenez/Desktop/AirFlow/.env/lib/python3.9/site-packages/airflow/example_dags/example_latest_only_with_trigger.py
[2024-04-14T15:50:07.949-0600] {logging_mixin.py:188} INFO - [2024-04-14T15:50:07.949-0600] {dag.py:3096} INFO - Sync 1 DAGs
[2024-04-14T15:50:07.955-0600] {logging_mixin.py:188} INFO - [2024-04-14T15:50:07.955-0600] {dag.py:3954} INFO - Setting next_dagrun for latest_only_with_trigger to 2024-04-14 16:00:00+00:00, run_after=2024-04-14 20:00:00+00:00
[2024-04-14T15:50:07.961-0600] {processor.py:183} INFO - Processing /Users/felipejimenez/Desktop/AirFlow/.env/lib/python3.9/site-packages/airflow/example_dags/example_latest_only_with_trigger.py took 0.049 seconds
[2024-04-14T15:51:39.549-0600] {processor.py:161} INFO - Started process (PID=4812) to work on /Users/felipejimenez/Desktop/AirFlow/.env/lib/python3.9/site-packages/airflow/example_dags/example_latest_only_with_trigger.py
[2024-04-14T15:51:39.551-0600] {processor.py:830} INFO - Processing file /Users/felipejimenez/Desktop/AirFlow/.env/lib/python3.9/site-packages/airflow/example_dags/example_latest_only_with_trigger.py for tasks to queue
[2024-04-14T15:51:39.551-0600] {logging_mixin.py:188} INFO - [2024-04-14T15:51:39.551-0600] {dagbag.py:540} INFO - Filling up the DagBag from /Users/felipejimenez/Desktop/AirFlow/.env/lib/python3.9/site-packages/airflow/example_dags/example_latest_only_with_trigger.py
[2024-04-14T15:51:39.554-0600] {processor.py:840} INFO - DAG(s) 'latest_only_with_trigger' retrieved from /Users/felipejimenez/Desktop/AirFlow/.env/lib/python3.9/site-packages/airflow/example_dags/example_latest_only_with_trigger.py
[2024-04-14T15:51:39.587-0600] {logging_mixin.py:188} INFO - [2024-04-14T15:51:39.587-0600] {dag.py:3096} INFO - Sync 1 DAGs
[2024-04-14T15:51:39.593-0600] {logging_mixin.py:188} INFO - [2024-04-14T15:51:39.593-0600] {dag.py:3954} INFO - Setting next_dagrun for latest_only_with_trigger to 2024-04-14 16:00:00+00:00, run_after=2024-04-14 20:00:00+00:00
[2024-04-14T15:51:39.598-0600] {processor.py:183} INFO - Processing /Users/felipejimenez/Desktop/AirFlow/.env/lib/python3.9/site-packages/airflow/example_dags/example_latest_only_with_trigger.py took 0.050 seconds
[2024-04-14T15:53:03.464-0600] {processor.py:161} INFO - Started process (PID=4970) to work on /Users/felipejimenez/Desktop/AirFlow/.env/lib/python3.9/site-packages/airflow/example_dags/example_latest_only_with_trigger.py
[2024-04-14T15:53:03.466-0600] {processor.py:830} INFO - Processing file /Users/felipejimenez/Desktop/AirFlow/.env/lib/python3.9/site-packages/airflow/example_dags/example_latest_only_with_trigger.py for tasks to queue
[2024-04-14T15:53:03.466-0600] {logging_mixin.py:188} INFO - [2024-04-14T15:53:03.466-0600] {dagbag.py:540} INFO - Filling up the DagBag from /Users/felipejimenez/Desktop/AirFlow/.env/lib/python3.9/site-packages/airflow/example_dags/example_latest_only_with_trigger.py
[2024-04-14T15:53:03.469-0600] {processor.py:840} INFO - DAG(s) 'latest_only_with_trigger' retrieved from /Users/felipejimenez/Desktop/AirFlow/.env/lib/python3.9/site-packages/airflow/example_dags/example_latest_only_with_trigger.py
[2024-04-14T15:53:03.502-0600] {logging_mixin.py:188} INFO - [2024-04-14T15:53:03.502-0600] {dag.py:3096} INFO - Sync 1 DAGs
[2024-04-14T15:53:03.508-0600] {logging_mixin.py:188} INFO - [2024-04-14T15:53:03.508-0600] {dag.py:3954} INFO - Setting next_dagrun for latest_only_with_trigger to 2024-04-14 16:00:00+00:00, run_after=2024-04-14 20:00:00+00:00
[2024-04-14T15:53:03.514-0600] {processor.py:183} INFO - Processing /Users/felipejimenez/Desktop/AirFlow/.env/lib/python3.9/site-packages/airflow/example_dags/example_latest_only_with_trigger.py took 0.051 seconds
[2024-04-14T15:54:32.497-0600] {processor.py:161} INFO - Started process (PID=5077) to work on /Users/felipejimenez/Desktop/AirFlow/.env/lib/python3.9/site-packages/airflow/example_dags/example_latest_only_with_trigger.py
[2024-04-14T15:54:32.498-0600] {processor.py:830} INFO - Processing file /Users/felipejimenez/Desktop/AirFlow/.env/lib/python3.9/site-packages/airflow/example_dags/example_latest_only_with_trigger.py for tasks to queue
[2024-04-14T15:54:32.499-0600] {logging_mixin.py:188} INFO - [2024-04-14T15:54:32.498-0600] {dagbag.py:540} INFO - Filling up the DagBag from /Users/felipejimenez/Desktop/AirFlow/.env/lib/python3.9/site-packages/airflow/example_dags/example_latest_only_with_trigger.py
[2024-04-14T15:54:32.501-0600] {processor.py:840} INFO - DAG(s) 'latest_only_with_trigger' retrieved from /Users/felipejimenez/Desktop/AirFlow/.env/lib/python3.9/site-packages/airflow/example_dags/example_latest_only_with_trigger.py
[2024-04-14T15:54:32.534-0600] {logging_mixin.py:188} INFO - [2024-04-14T15:54:32.534-0600] {dag.py:3096} INFO - Sync 1 DAGs
[2024-04-14T15:54:32.540-0600] {logging_mixin.py:188} INFO - [2024-04-14T15:54:32.540-0600] {dag.py:3954} INFO - Setting next_dagrun for latest_only_with_trigger to 2024-04-14 16:00:00+00:00, run_after=2024-04-14 20:00:00+00:00
[2024-04-14T15:54:32.545-0600] {processor.py:183} INFO - Processing /Users/felipejimenez/Desktop/AirFlow/.env/lib/python3.9/site-packages/airflow/example_dags/example_latest_only_with_trigger.py took 0.050 seconds
[2024-04-14T15:56:26.106-0600] {processor.py:161} INFO - Started process (PID=5240) to work on /Users/felipejimenez/Desktop/AirFlow/.env/lib/python3.9/site-packages/airflow/example_dags/example_latest_only_with_trigger.py
[2024-04-14T15:56:26.107-0600] {processor.py:830} INFO - Processing file /Users/felipejimenez/Desktop/AirFlow/.env/lib/python3.9/site-packages/airflow/example_dags/example_latest_only_with_trigger.py for tasks to queue
[2024-04-14T15:56:26.107-0600] {logging_mixin.py:188} INFO - [2024-04-14T15:56:26.107-0600] {dagbag.py:540} INFO - Filling up the DagBag from /Users/felipejimenez/Desktop/AirFlow/.env/lib/python3.9/site-packages/airflow/example_dags/example_latest_only_with_trigger.py
[2024-04-14T15:56:26.111-0600] {processor.py:840} INFO - DAG(s) 'latest_only_with_trigger' retrieved from /Users/felipejimenez/Desktop/AirFlow/.env/lib/python3.9/site-packages/airflow/example_dags/example_latest_only_with_trigger.py
[2024-04-14T15:56:26.143-0600] {logging_mixin.py:188} INFO - [2024-04-14T15:56:26.143-0600] {dag.py:3096} INFO - Sync 1 DAGs
[2024-04-14T15:56:26.150-0600] {logging_mixin.py:188} INFO - [2024-04-14T15:56:26.149-0600] {dag.py:3954} INFO - Setting next_dagrun for latest_only_with_trigger to 2024-04-14 16:00:00+00:00, run_after=2024-04-14 20:00:00+00:00
[2024-04-14T15:56:26.155-0600] {processor.py:183} INFO - Processing /Users/felipejimenez/Desktop/AirFlow/.env/lib/python3.9/site-packages/airflow/example_dags/example_latest_only_with_trigger.py took 0.051 seconds
[2024-04-14T15:57:50.479-0600] {processor.py:161} INFO - Started process (PID=5376) to work on /Users/felipejimenez/Desktop/AirFlow/.env/lib/python3.9/site-packages/airflow/example_dags/example_latest_only_with_trigger.py
[2024-04-14T15:57:50.481-0600] {processor.py:830} INFO - Processing file /Users/felipejimenez/Desktop/AirFlow/.env/lib/python3.9/site-packages/airflow/example_dags/example_latest_only_with_trigger.py for tasks to queue
[2024-04-14T15:57:50.481-0600] {logging_mixin.py:188} INFO - [2024-04-14T15:57:50.481-0600] {dagbag.py:540} INFO - Filling up the DagBag from /Users/felipejimenez/Desktop/AirFlow/.env/lib/python3.9/site-packages/airflow/example_dags/example_latest_only_with_trigger.py
[2024-04-14T15:57:50.485-0600] {processor.py:840} INFO - DAG(s) 'latest_only_with_trigger' retrieved from /Users/felipejimenez/Desktop/AirFlow/.env/lib/python3.9/site-packages/airflow/example_dags/example_latest_only_with_trigger.py
[2024-04-14T15:57:50.518-0600] {logging_mixin.py:188} INFO - [2024-04-14T15:57:50.518-0600] {dag.py:3096} INFO - Sync 1 DAGs
[2024-04-14T15:57:50.524-0600] {logging_mixin.py:188} INFO - [2024-04-14T15:57:50.524-0600] {dag.py:3954} INFO - Setting next_dagrun for latest_only_with_trigger to 2024-04-14 16:00:00+00:00, run_after=2024-04-14 20:00:00+00:00
[2024-04-14T15:57:50.530-0600] {processor.py:183} INFO - Processing /Users/felipejimenez/Desktop/AirFlow/.env/lib/python3.9/site-packages/airflow/example_dags/example_latest_only_with_trigger.py took 0.051 seconds
[2024-04-14T15:59:21.728-0600] {processor.py:161} INFO - Started process (PID=5503) to work on /Users/felipejimenez/Desktop/AirFlow/.env/lib/python3.9/site-packages/airflow/example_dags/example_latest_only_with_trigger.py
[2024-04-14T15:59:21.730-0600] {processor.py:830} INFO - Processing file /Users/felipejimenez/Desktop/AirFlow/.env/lib/python3.9/site-packages/airflow/example_dags/example_latest_only_with_trigger.py for tasks to queue
[2024-04-14T15:59:21.730-0600] {logging_mixin.py:188} INFO - [2024-04-14T15:59:21.730-0600] {dagbag.py:540} INFO - Filling up the DagBag from /Users/felipejimenez/Desktop/AirFlow/.env/lib/python3.9/site-packages/airflow/example_dags/example_latest_only_with_trigger.py
[2024-04-14T15:59:21.733-0600] {processor.py:840} INFO - DAG(s) 'latest_only_with_trigger' retrieved from /Users/felipejimenez/Desktop/AirFlow/.env/lib/python3.9/site-packages/airflow/example_dags/example_latest_only_with_trigger.py
[2024-04-14T15:59:21.765-0600] {logging_mixin.py:188} INFO - [2024-04-14T15:59:21.765-0600] {dag.py:3096} INFO - Sync 1 DAGs
[2024-04-14T15:59:21.771-0600] {logging_mixin.py:188} INFO - [2024-04-14T15:59:21.771-0600] {dag.py:3954} INFO - Setting next_dagrun for latest_only_with_trigger to 2024-04-14 16:00:00+00:00, run_after=2024-04-14 20:00:00+00:00
[2024-04-14T15:59:21.777-0600] {processor.py:183} INFO - Processing /Users/felipejimenez/Desktop/AirFlow/.env/lib/python3.9/site-packages/airflow/example_dags/example_latest_only_with_trigger.py took 0.049 seconds
[2024-04-14T16:00:48.880-0600] {processor.py:161} INFO - Started process (PID=5601) to work on /Users/felipejimenez/Desktop/AirFlow/.env/lib/python3.9/site-packages/airflow/example_dags/example_latest_only_with_trigger.py
[2024-04-14T16:00:48.882-0600] {processor.py:830} INFO - Processing file /Users/felipejimenez/Desktop/AirFlow/.env/lib/python3.9/site-packages/airflow/example_dags/example_latest_only_with_trigger.py for tasks to queue
[2024-04-14T16:00:48.882-0600] {logging_mixin.py:188} INFO - [2024-04-14T16:00:48.882-0600] {dagbag.py:540} INFO - Filling up the DagBag from /Users/felipejimenez/Desktop/AirFlow/.env/lib/python3.9/site-packages/airflow/example_dags/example_latest_only_with_trigger.py
[2024-04-14T16:00:48.885-0600] {processor.py:840} INFO - DAG(s) 'latest_only_with_trigger' retrieved from /Users/felipejimenez/Desktop/AirFlow/.env/lib/python3.9/site-packages/airflow/example_dags/example_latest_only_with_trigger.py
[2024-04-14T16:00:48.918-0600] {logging_mixin.py:188} INFO - [2024-04-14T16:00:48.918-0600] {dag.py:3096} INFO - Sync 1 DAGs
[2024-04-14T16:00:48.924-0600] {logging_mixin.py:188} INFO - [2024-04-14T16:00:48.924-0600] {dag.py:3954} INFO - Setting next_dagrun for latest_only_with_trigger to 2024-04-14 16:00:00+00:00, run_after=2024-04-14 20:00:00+00:00
[2024-04-14T16:00:48.930-0600] {processor.py:183} INFO - Processing /Users/felipejimenez/Desktop/AirFlow/.env/lib/python3.9/site-packages/airflow/example_dags/example_latest_only_with_trigger.py took 0.050 seconds
[2024-04-14T16:02:15.081-0600] {processor.py:161} INFO - Started process (PID=5699) to work on /Users/felipejimenez/Desktop/AirFlow/.env/lib/python3.9/site-packages/airflow/example_dags/example_latest_only_with_trigger.py
[2024-04-14T16:02:15.082-0600] {processor.py:830} INFO - Processing file /Users/felipejimenez/Desktop/AirFlow/.env/lib/python3.9/site-packages/airflow/example_dags/example_latest_only_with_trigger.py for tasks to queue
[2024-04-14T16:02:15.082-0600] {logging_mixin.py:188} INFO - [2024-04-14T16:02:15.082-0600] {dagbag.py:540} INFO - Filling up the DagBag from /Users/felipejimenez/Desktop/AirFlow/.env/lib/python3.9/site-packages/airflow/example_dags/example_latest_only_with_trigger.py
[2024-04-14T16:02:15.086-0600] {processor.py:840} INFO - DAG(s) 'latest_only_with_trigger' retrieved from /Users/felipejimenez/Desktop/AirFlow/.env/lib/python3.9/site-packages/airflow/example_dags/example_latest_only_with_trigger.py
[2024-04-14T16:02:15.121-0600] {logging_mixin.py:188} INFO - [2024-04-14T16:02:15.121-0600] {dag.py:3096} INFO - Sync 1 DAGs
[2024-04-14T16:02:15.127-0600] {logging_mixin.py:188} INFO - [2024-04-14T16:02:15.127-0600] {dag.py:3954} INFO - Setting next_dagrun for latest_only_with_trigger to 2024-04-14 16:00:00+00:00, run_after=2024-04-14 20:00:00+00:00
[2024-04-14T16:02:15.133-0600] {processor.py:183} INFO - Processing /Users/felipejimenez/Desktop/AirFlow/.env/lib/python3.9/site-packages/airflow/example_dags/example_latest_only_with_trigger.py took 0.053 seconds
[2024-04-14T16:04:24.151-0600] {processor.py:161} INFO - Started process (PID=5926) to work on /Users/felipejimenez/Desktop/AirFlow/.env/lib/python3.9/site-packages/airflow/example_dags/example_latest_only_with_trigger.py
[2024-04-14T16:04:24.153-0600] {processor.py:830} INFO - Processing file /Users/felipejimenez/Desktop/AirFlow/.env/lib/python3.9/site-packages/airflow/example_dags/example_latest_only_with_trigger.py for tasks to queue
[2024-04-14T16:04:24.154-0600] {logging_mixin.py:188} INFO - [2024-04-14T16:04:24.154-0600] {dagbag.py:540} INFO - Filling up the DagBag from /Users/felipejimenez/Desktop/AirFlow/.env/lib/python3.9/site-packages/airflow/example_dags/example_latest_only_with_trigger.py
[2024-04-14T16:04:24.156-0600] {processor.py:840} INFO - DAG(s) 'latest_only_with_trigger' retrieved from /Users/felipejimenez/Desktop/AirFlow/.env/lib/python3.9/site-packages/airflow/example_dags/example_latest_only_with_trigger.py
[2024-04-14T16:04:24.188-0600] {logging_mixin.py:188} INFO - [2024-04-14T16:04:24.188-0600] {dag.py:3096} INFO - Sync 1 DAGs
[2024-04-14T16:04:24.194-0600] {logging_mixin.py:188} INFO - [2024-04-14T16:04:24.194-0600] {dag.py:3954} INFO - Setting next_dagrun for latest_only_with_trigger to 2024-04-14 16:00:00+00:00, run_after=2024-04-14 20:00:00+00:00
[2024-04-14T16:04:24.200-0600] {processor.py:183} INFO - Processing /Users/felipejimenez/Desktop/AirFlow/.env/lib/python3.9/site-packages/airflow/example_dags/example_latest_only_with_trigger.py took 0.050 seconds
[2024-04-14T16:05:54.564-0600] {processor.py:161} INFO - Started process (PID=6088) to work on /Users/felipejimenez/Desktop/AirFlow/.env/lib/python3.9/site-packages/airflow/example_dags/example_latest_only_with_trigger.py
[2024-04-14T16:05:54.565-0600] {processor.py:830} INFO - Processing file /Users/felipejimenez/Desktop/AirFlow/.env/lib/python3.9/site-packages/airflow/example_dags/example_latest_only_with_trigger.py for tasks to queue
[2024-04-14T16:05:54.565-0600] {logging_mixin.py:188} INFO - [2024-04-14T16:05:54.565-0600] {dagbag.py:540} INFO - Filling up the DagBag from /Users/felipejimenez/Desktop/AirFlow/.env/lib/python3.9/site-packages/airflow/example_dags/example_latest_only_with_trigger.py
[2024-04-14T16:05:54.568-0600] {processor.py:840} INFO - DAG(s) 'latest_only_with_trigger' retrieved from /Users/felipejimenez/Desktop/AirFlow/.env/lib/python3.9/site-packages/airflow/example_dags/example_latest_only_with_trigger.py
[2024-04-14T16:05:54.600-0600] {logging_mixin.py:188} INFO - [2024-04-14T16:05:54.600-0600] {dag.py:3096} INFO - Sync 1 DAGs
[2024-04-14T16:05:54.606-0600] {logging_mixin.py:188} INFO - [2024-04-14T16:05:54.606-0600] {dag.py:3954} INFO - Setting next_dagrun for latest_only_with_trigger to 2024-04-14 16:00:00+00:00, run_after=2024-04-14 20:00:00+00:00
[2024-04-14T16:05:54.612-0600] {processor.py:183} INFO - Processing /Users/felipejimenez/Desktop/AirFlow/.env/lib/python3.9/site-packages/airflow/example_dags/example_latest_only_with_trigger.py took 0.049 seconds
