[2024-04-14T15:42:38.378-0600] {processor.py:161} INFO - Started process (PID=4109) to work on /Users/felipejimenez/Desktop/AirFlow/.env/lib/python3.9/site-packages/airflow/example_dags/example_python_decorator.py
[2024-04-14T15:42:38.379-0600] {processor.py:830} INFO - Processing file /Users/felipejimenez/Desktop/AirFlow/.env/lib/python3.9/site-packages/airflow/example_dags/example_python_decorator.py for tasks to queue
[2024-04-14T15:42:38.379-0600] {logging_mixin.py:188} INFO - [2024-04-14T15:42:38.379-0600] {dagbag.py:540} INFO - Filling up the DagBag from /Users/felipejimenez/Desktop/AirFlow/.env/lib/python3.9/site-packages/airflow/example_dags/example_python_decorator.py
[2024-04-14T15:42:38.392-0600] {logging_mixin.py:188} INFO - [2024-04-14T15:42:38.392-0600] {example_python_decorator.py:80} WARNING - The virtalenv_python example task requires virtualenv, please install it.
[2024-04-14T15:42:38.393-0600] {processor.py:840} INFO - DAG(s) 'example_python_decorator' retrieved from /Users/felipejimenez/Desktop/AirFlow/.env/lib/python3.9/site-packages/airflow/example_dags/example_python_decorator.py
[2024-04-14T15:42:38.475-0600] {logging_mixin.py:188} INFO - [2024-04-14T15:42:38.475-0600] {override.py:1829} INFO - Created Permission View: can edit on DAG:example_python_decorator
[2024-04-14T15:42:38.478-0600] {logging_mixin.py:188} INFO - [2024-04-14T15:42:38.478-0600] {override.py:1829} INFO - Created Permission View: can delete on DAG:example_python_decorator
[2024-04-14T15:42:38.480-0600] {logging_mixin.py:188} INFO - [2024-04-14T15:42:38.479-0600] {override.py:1829} INFO - Created Permission View: can read on DAG:example_python_decorator
[2024-04-14T15:42:38.480-0600] {logging_mixin.py:188} INFO - [2024-04-14T15:42:38.480-0600] {dag.py:3096} INFO - Sync 1 DAGs
[2024-04-14T15:42:38.483-0600] {logging_mixin.py:188} INFO - [2024-04-14T15:42:38.483-0600] {dag.py:3118} INFO - Creating ORM DAG for example_python_decorator
[2024-04-14T15:42:38.483-0600] {logging_mixin.py:188} INFO - [2024-04-14T15:42:38.483-0600] {dag.py:3954} INFO - Setting next_dagrun for example_python_decorator to None, run_after=None
[2024-04-14T15:42:38.488-0600] {processor.py:183} INFO - Processing /Users/felipejimenez/Desktop/AirFlow/.env/lib/python3.9/site-packages/airflow/example_dags/example_python_decorator.py took 0.111 seconds
[2024-04-14T15:43:52.471-0600] {processor.py:161} INFO - Started process (PID=4195) to work on /Users/felipejimenez/Desktop/AirFlow/.env/lib/python3.9/site-packages/airflow/example_dags/example_python_decorator.py
[2024-04-14T15:43:52.472-0600] {processor.py:830} INFO - Processing file /Users/felipejimenez/Desktop/AirFlow/.env/lib/python3.9/site-packages/airflow/example_dags/example_python_decorator.py for tasks to queue
[2024-04-14T15:43:52.473-0600] {logging_mixin.py:188} INFO - [2024-04-14T15:43:52.473-0600] {dagbag.py:540} INFO - Filling up the DagBag from /Users/felipejimenez/Desktop/AirFlow/.env/lib/python3.9/site-packages/airflow/example_dags/example_python_decorator.py
[2024-04-14T15:43:52.485-0600] {logging_mixin.py:188} INFO - [2024-04-14T15:43:52.484-0600] {example_python_decorator.py:80} WARNING - The virtalenv_python example task requires virtualenv, please install it.
[2024-04-14T15:43:52.485-0600] {processor.py:840} INFO - DAG(s) 'example_python_decorator' retrieved from /Users/felipejimenez/Desktop/AirFlow/.env/lib/python3.9/site-packages/airflow/example_dags/example_python_decorator.py
[2024-04-14T15:43:52.517-0600] {logging_mixin.py:188} INFO - [2024-04-14T15:43:52.517-0600] {dag.py:3096} INFO - Sync 1 DAGs
[2024-04-14T15:43:52.537-0600] {logging_mixin.py:188} INFO - [2024-04-14T15:43:52.537-0600] {dag.py:3954} INFO - Setting next_dagrun for example_python_decorator to None, run_after=None
[2024-04-14T15:43:52.543-0600] {processor.py:183} INFO - Processing /Users/felipejimenez/Desktop/AirFlow/.env/lib/python3.9/site-packages/airflow/example_dags/example_python_decorator.py took 0.072 seconds
[2024-04-14T15:45:19.748-0600] {processor.py:161} INFO - Started process (PID=4299) to work on /Users/felipejimenez/Desktop/AirFlow/.env/lib/python3.9/site-packages/airflow/example_dags/example_python_decorator.py
[2024-04-14T15:45:19.749-0600] {processor.py:830} INFO - Processing file /Users/felipejimenez/Desktop/AirFlow/.env/lib/python3.9/site-packages/airflow/example_dags/example_python_decorator.py for tasks to queue
[2024-04-14T15:45:19.750-0600] {logging_mixin.py:188} INFO - [2024-04-14T15:45:19.749-0600] {dagbag.py:540} INFO - Filling up the DagBag from /Users/felipejimenez/Desktop/AirFlow/.env/lib/python3.9/site-packages/airflow/example_dags/example_python_decorator.py
[2024-04-14T15:45:19.762-0600] {logging_mixin.py:188} INFO - [2024-04-14T15:45:19.762-0600] {example_python_decorator.py:80} WARNING - The virtalenv_python example task requires virtualenv, please install it.
[2024-04-14T15:45:19.762-0600] {processor.py:840} INFO - DAG(s) 'example_python_decorator' retrieved from /Users/felipejimenez/Desktop/AirFlow/.env/lib/python3.9/site-packages/airflow/example_dags/example_python_decorator.py
[2024-04-14T15:45:19.793-0600] {logging_mixin.py:188} INFO - [2024-04-14T15:45:19.793-0600] {dag.py:3096} INFO - Sync 1 DAGs
[2024-04-14T15:45:19.813-0600] {logging_mixin.py:188} INFO - [2024-04-14T15:45:19.813-0600] {dag.py:3954} INFO - Setting next_dagrun for example_python_decorator to None, run_after=None
[2024-04-14T15:45:19.818-0600] {processor.py:183} INFO - Processing /Users/felipejimenez/Desktop/AirFlow/.env/lib/python3.9/site-packages/airflow/example_dags/example_python_decorator.py took 0.072 seconds
[2024-04-14T15:46:43.393-0600] {processor.py:161} INFO - Started process (PID=4397) to work on /Users/felipejimenez/Desktop/AirFlow/.env/lib/python3.9/site-packages/airflow/example_dags/example_python_decorator.py
[2024-04-14T15:46:43.395-0600] {processor.py:830} INFO - Processing file /Users/felipejimenez/Desktop/AirFlow/.env/lib/python3.9/site-packages/airflow/example_dags/example_python_decorator.py for tasks to queue
[2024-04-14T15:46:43.395-0600] {logging_mixin.py:188} INFO - [2024-04-14T15:46:43.395-0600] {dagbag.py:540} INFO - Filling up the DagBag from /Users/felipejimenez/Desktop/AirFlow/.env/lib/python3.9/site-packages/airflow/example_dags/example_python_decorator.py
[2024-04-14T15:46:43.407-0600] {logging_mixin.py:188} INFO - [2024-04-14T15:46:43.407-0600] {example_python_decorator.py:80} WARNING - The virtalenv_python example task requires virtualenv, please install it.
[2024-04-14T15:46:43.408-0600] {processor.py:840} INFO - DAG(s) 'example_python_decorator' retrieved from /Users/felipejimenez/Desktop/AirFlow/.env/lib/python3.9/site-packages/airflow/example_dags/example_python_decorator.py
[2024-04-14T15:46:43.440-0600] {logging_mixin.py:188} INFO - [2024-04-14T15:46:43.439-0600] {dag.py:3096} INFO - Sync 1 DAGs
[2024-04-14T15:46:43.461-0600] {logging_mixin.py:188} INFO - [2024-04-14T15:46:43.461-0600] {dag.py:3954} INFO - Setting next_dagrun for example_python_decorator to None, run_after=None
[2024-04-14T15:46:43.466-0600] {processor.py:183} INFO - Processing /Users/felipejimenez/Desktop/AirFlow/.env/lib/python3.9/site-packages/airflow/example_dags/example_python_decorator.py took 0.074 seconds
[2024-04-14T15:48:15.450-0600] {processor.py:161} INFO - Started process (PID=4511) to work on /Users/felipejimenez/Desktop/AirFlow/.env/lib/python3.9/site-packages/airflow/example_dags/example_python_decorator.py
[2024-04-14T15:48:15.452-0600] {processor.py:830} INFO - Processing file /Users/felipejimenez/Desktop/AirFlow/.env/lib/python3.9/site-packages/airflow/example_dags/example_python_decorator.py for tasks to queue
[2024-04-14T15:48:15.452-0600] {logging_mixin.py:188} INFO - [2024-04-14T15:48:15.452-0600] {dagbag.py:540} INFO - Filling up the DagBag from /Users/felipejimenez/Desktop/AirFlow/.env/lib/python3.9/site-packages/airflow/example_dags/example_python_decorator.py
[2024-04-14T15:48:15.465-0600] {logging_mixin.py:188} INFO - [2024-04-14T15:48:15.465-0600] {example_python_decorator.py:80} WARNING - The virtalenv_python example task requires virtualenv, please install it.
[2024-04-14T15:48:15.465-0600] {processor.py:840} INFO - DAG(s) 'example_python_decorator' retrieved from /Users/felipejimenez/Desktop/AirFlow/.env/lib/python3.9/site-packages/airflow/example_dags/example_python_decorator.py
[2024-04-14T15:48:15.498-0600] {logging_mixin.py:188} INFO - [2024-04-14T15:48:15.498-0600] {dag.py:3096} INFO - Sync 1 DAGs
[2024-04-14T15:48:15.518-0600] {logging_mixin.py:188} INFO - [2024-04-14T15:48:15.518-0600] {dag.py:3954} INFO - Setting next_dagrun for example_python_decorator to None, run_after=None
[2024-04-14T15:48:15.524-0600] {processor.py:183} INFO - Processing /Users/felipejimenez/Desktop/AirFlow/.env/lib/python3.9/site-packages/airflow/example_dags/example_python_decorator.py took 0.074 seconds
[2024-04-14T15:49:45.457-0600] {processor.py:161} INFO - Started process (PID=4679) to work on /Users/felipejimenez/Desktop/AirFlow/.env/lib/python3.9/site-packages/airflow/example_dags/example_python_decorator.py
[2024-04-14T15:49:45.459-0600] {processor.py:830} INFO - Processing file /Users/felipejimenez/Desktop/AirFlow/.env/lib/python3.9/site-packages/airflow/example_dags/example_python_decorator.py for tasks to queue
[2024-04-14T15:49:45.459-0600] {logging_mixin.py:188} INFO - [2024-04-14T15:49:45.459-0600] {dagbag.py:540} INFO - Filling up the DagBag from /Users/felipejimenez/Desktop/AirFlow/.env/lib/python3.9/site-packages/airflow/example_dags/example_python_decorator.py
[2024-04-14T15:49:45.472-0600] {logging_mixin.py:188} INFO - [2024-04-14T15:49:45.472-0600] {example_python_decorator.py:80} WARNING - The virtalenv_python example task requires virtualenv, please install it.
[2024-04-14T15:49:45.472-0600] {processor.py:840} INFO - DAG(s) 'example_python_decorator' retrieved from /Users/felipejimenez/Desktop/AirFlow/.env/lib/python3.9/site-packages/airflow/example_dags/example_python_decorator.py
[2024-04-14T15:49:45.506-0600] {logging_mixin.py:188} INFO - [2024-04-14T15:49:45.506-0600] {dag.py:3096} INFO - Sync 1 DAGs
[2024-04-14T15:49:45.526-0600] {logging_mixin.py:188} INFO - [2024-04-14T15:49:45.526-0600] {dag.py:3954} INFO - Setting next_dagrun for example_python_decorator to None, run_after=None
[2024-04-14T15:49:45.532-0600] {processor.py:183} INFO - Processing /Users/felipejimenez/Desktop/AirFlow/.env/lib/python3.9/site-packages/airflow/example_dags/example_python_decorator.py took 0.076 seconds
[2024-04-14T15:51:12.839-0600] {processor.py:161} INFO - Started process (PID=4781) to work on /Users/felipejimenez/Desktop/AirFlow/.env/lib/python3.9/site-packages/airflow/example_dags/example_python_decorator.py
[2024-04-14T15:51:12.841-0600] {processor.py:830} INFO - Processing file /Users/felipejimenez/Desktop/AirFlow/.env/lib/python3.9/site-packages/airflow/example_dags/example_python_decorator.py for tasks to queue
[2024-04-14T15:51:12.841-0600] {logging_mixin.py:188} INFO - [2024-04-14T15:51:12.841-0600] {dagbag.py:540} INFO - Filling up the DagBag from /Users/felipejimenez/Desktop/AirFlow/.env/lib/python3.9/site-packages/airflow/example_dags/example_python_decorator.py
[2024-04-14T15:51:12.853-0600] {logging_mixin.py:188} INFO - [2024-04-14T15:51:12.853-0600] {example_python_decorator.py:80} WARNING - The virtalenv_python example task requires virtualenv, please install it.
[2024-04-14T15:51:12.854-0600] {processor.py:840} INFO - DAG(s) 'example_python_decorator' retrieved from /Users/felipejimenez/Desktop/AirFlow/.env/lib/python3.9/site-packages/airflow/example_dags/example_python_decorator.py
[2024-04-14T15:51:12.886-0600] {logging_mixin.py:188} INFO - [2024-04-14T15:51:12.886-0600] {dag.py:3096} INFO - Sync 1 DAGs
[2024-04-14T15:51:12.905-0600] {logging_mixin.py:188} INFO - [2024-04-14T15:51:12.905-0600] {dag.py:3954} INFO - Setting next_dagrun for example_python_decorator to None, run_after=None
[2024-04-14T15:51:12.913-0600] {processor.py:183} INFO - Processing /Users/felipejimenez/Desktop/AirFlow/.env/lib/python3.9/site-packages/airflow/example_dags/example_python_decorator.py took 0.075 seconds
[2024-04-14T15:52:41.080-0600] {processor.py:161} INFO - Started process (PID=4924) to work on /Users/felipejimenez/Desktop/AirFlow/.env/lib/python3.9/site-packages/airflow/example_dags/example_python_decorator.py
[2024-04-14T15:52:41.082-0600] {processor.py:830} INFO - Processing file /Users/felipejimenez/Desktop/AirFlow/.env/lib/python3.9/site-packages/airflow/example_dags/example_python_decorator.py for tasks to queue
[2024-04-14T15:52:41.082-0600] {logging_mixin.py:188} INFO - [2024-04-14T15:52:41.082-0600] {dagbag.py:540} INFO - Filling up the DagBag from /Users/felipejimenez/Desktop/AirFlow/.env/lib/python3.9/site-packages/airflow/example_dags/example_python_decorator.py
[2024-04-14T15:52:41.093-0600] {logging_mixin.py:188} INFO - [2024-04-14T15:52:41.093-0600] {example_python_decorator.py:80} WARNING - The virtalenv_python example task requires virtualenv, please install it.
[2024-04-14T15:52:41.094-0600] {processor.py:840} INFO - DAG(s) 'example_python_decorator' retrieved from /Users/felipejimenez/Desktop/AirFlow/.env/lib/python3.9/site-packages/airflow/example_dags/example_python_decorator.py
[2024-04-14T15:52:41.127-0600] {logging_mixin.py:188} INFO - [2024-04-14T15:52:41.127-0600] {dag.py:3096} INFO - Sync 1 DAGs
[2024-04-14T15:52:41.148-0600] {logging_mixin.py:188} INFO - [2024-04-14T15:52:41.148-0600] {dag.py:3954} INFO - Setting next_dagrun for example_python_decorator to None, run_after=None
[2024-04-14T15:52:41.154-0600] {processor.py:183} INFO - Processing /Users/felipejimenez/Desktop/AirFlow/.env/lib/python3.9/site-packages/airflow/example_dags/example_python_decorator.py took 0.075 seconds
[2024-04-14T15:54:08.237-0600] {processor.py:161} INFO - Started process (PID=5049) to work on /Users/felipejimenez/Desktop/AirFlow/.env/lib/python3.9/site-packages/airflow/example_dags/example_python_decorator.py
[2024-04-14T15:54:08.239-0600] {processor.py:830} INFO - Processing file /Users/felipejimenez/Desktop/AirFlow/.env/lib/python3.9/site-packages/airflow/example_dags/example_python_decorator.py for tasks to queue
[2024-04-14T15:54:08.239-0600] {logging_mixin.py:188} INFO - [2024-04-14T15:54:08.239-0600] {dagbag.py:540} INFO - Filling up the DagBag from /Users/felipejimenez/Desktop/AirFlow/.env/lib/python3.9/site-packages/airflow/example_dags/example_python_decorator.py
[2024-04-14T15:54:08.251-0600] {logging_mixin.py:188} INFO - [2024-04-14T15:54:08.251-0600] {example_python_decorator.py:80} WARNING - The virtalenv_python example task requires virtualenv, please install it.
[2024-04-14T15:54:08.252-0600] {processor.py:840} INFO - DAG(s) 'example_python_decorator' retrieved from /Users/felipejimenez/Desktop/AirFlow/.env/lib/python3.9/site-packages/airflow/example_dags/example_python_decorator.py
[2024-04-14T15:54:08.285-0600] {logging_mixin.py:188} INFO - [2024-04-14T15:54:08.285-0600] {dag.py:3096} INFO - Sync 1 DAGs
[2024-04-14T15:54:08.308-0600] {logging_mixin.py:188} INFO - [2024-04-14T15:54:08.307-0600] {dag.py:3954} INFO - Setting next_dagrun for example_python_decorator to None, run_after=None
[2024-04-14T15:54:08.313-0600] {processor.py:183} INFO - Processing /Users/felipejimenez/Desktop/AirFlow/.env/lib/python3.9/site-packages/airflow/example_dags/example_python_decorator.py took 0.076 seconds
[2024-04-14T15:56:17.101-0600] {processor.py:161} INFO - Started process (PID=5224) to work on /Users/felipejimenez/Desktop/AirFlow/.env/lib/python3.9/site-packages/airflow/example_dags/example_python_decorator.py
[2024-04-14T15:56:17.103-0600] {processor.py:830} INFO - Processing file /Users/felipejimenez/Desktop/AirFlow/.env/lib/python3.9/site-packages/airflow/example_dags/example_python_decorator.py for tasks to queue
[2024-04-14T15:56:17.103-0600] {logging_mixin.py:188} INFO - [2024-04-14T15:56:17.103-0600] {dagbag.py:540} INFO - Filling up the DagBag from /Users/felipejimenez/Desktop/AirFlow/.env/lib/python3.9/site-packages/airflow/example_dags/example_python_decorator.py
[2024-04-14T15:56:17.115-0600] {logging_mixin.py:188} INFO - [2024-04-14T15:56:17.115-0600] {example_python_decorator.py:80} WARNING - The virtalenv_python example task requires virtualenv, please install it.
[2024-04-14T15:56:17.116-0600] {processor.py:840} INFO - DAG(s) 'example_python_decorator' retrieved from /Users/felipejimenez/Desktop/AirFlow/.env/lib/python3.9/site-packages/airflow/example_dags/example_python_decorator.py
[2024-04-14T15:56:17.147-0600] {logging_mixin.py:188} INFO - [2024-04-14T15:56:17.147-0600] {dag.py:3096} INFO - Sync 1 DAGs
[2024-04-14T15:56:17.167-0600] {logging_mixin.py:188} INFO - [2024-04-14T15:56:17.167-0600] {dag.py:3954} INFO - Setting next_dagrun for example_python_decorator to None, run_after=None
[2024-04-14T15:56:17.173-0600] {processor.py:183} INFO - Processing /Users/felipejimenez/Desktop/AirFlow/.env/lib/python3.9/site-packages/airflow/example_dags/example_python_decorator.py took 0.073 seconds
[2024-04-14T15:57:30.339-0600] {processor.py:161} INFO - Started process (PID=5334) to work on /Users/felipejimenez/Desktop/AirFlow/.env/lib/python3.9/site-packages/airflow/example_dags/example_python_decorator.py
[2024-04-14T15:57:30.341-0600] {processor.py:830} INFO - Processing file /Users/felipejimenez/Desktop/AirFlow/.env/lib/python3.9/site-packages/airflow/example_dags/example_python_decorator.py for tasks to queue
[2024-04-14T15:57:30.341-0600] {logging_mixin.py:188} INFO - [2024-04-14T15:57:30.341-0600] {dagbag.py:540} INFO - Filling up the DagBag from /Users/felipejimenez/Desktop/AirFlow/.env/lib/python3.9/site-packages/airflow/example_dags/example_python_decorator.py
[2024-04-14T15:57:30.353-0600] {logging_mixin.py:188} INFO - [2024-04-14T15:57:30.353-0600] {example_python_decorator.py:80} WARNING - The virtalenv_python example task requires virtualenv, please install it.
[2024-04-14T15:57:30.354-0600] {processor.py:840} INFO - DAG(s) 'example_python_decorator' retrieved from /Users/felipejimenez/Desktop/AirFlow/.env/lib/python3.9/site-packages/airflow/example_dags/example_python_decorator.py
[2024-04-14T15:57:30.386-0600] {logging_mixin.py:188} INFO - [2024-04-14T15:57:30.386-0600] {dag.py:3096} INFO - Sync 1 DAGs
[2024-04-14T15:57:30.408-0600] {logging_mixin.py:188} INFO - [2024-04-14T15:57:30.408-0600] {dag.py:3954} INFO - Setting next_dagrun for example_python_decorator to None, run_after=None
[2024-04-14T15:57:30.414-0600] {processor.py:183} INFO - Processing /Users/felipejimenez/Desktop/AirFlow/.env/lib/python3.9/site-packages/airflow/example_dags/example_python_decorator.py took 0.075 seconds
[2024-04-14T15:58:58.640-0600] {processor.py:161} INFO - Started process (PID=5476) to work on /Users/felipejimenez/Desktop/AirFlow/.env/lib/python3.9/site-packages/airflow/example_dags/example_python_decorator.py
[2024-04-14T15:58:58.641-0600] {processor.py:830} INFO - Processing file /Users/felipejimenez/Desktop/AirFlow/.env/lib/python3.9/site-packages/airflow/example_dags/example_python_decorator.py for tasks to queue
[2024-04-14T15:58:58.642-0600] {logging_mixin.py:188} INFO - [2024-04-14T15:58:58.642-0600] {dagbag.py:540} INFO - Filling up the DagBag from /Users/felipejimenez/Desktop/AirFlow/.env/lib/python3.9/site-packages/airflow/example_dags/example_python_decorator.py
[2024-04-14T15:58:58.654-0600] {logging_mixin.py:188} INFO - [2024-04-14T15:58:58.654-0600] {example_python_decorator.py:80} WARNING - The virtalenv_python example task requires virtualenv, please install it.
[2024-04-14T15:58:58.655-0600] {processor.py:840} INFO - DAG(s) 'example_python_decorator' retrieved from /Users/felipejimenez/Desktop/AirFlow/.env/lib/python3.9/site-packages/airflow/example_dags/example_python_decorator.py
[2024-04-14T15:58:58.687-0600] {logging_mixin.py:188} INFO - [2024-04-14T15:58:58.687-0600] {dag.py:3096} INFO - Sync 1 DAGs
[2024-04-14T15:58:58.708-0600] {logging_mixin.py:188} INFO - [2024-04-14T15:58:58.708-0600] {dag.py:3954} INFO - Setting next_dagrun for example_python_decorator to None, run_after=None
[2024-04-14T15:58:58.714-0600] {processor.py:183} INFO - Processing /Users/felipejimenez/Desktop/AirFlow/.env/lib/python3.9/site-packages/airflow/example_dags/example_python_decorator.py took 0.075 seconds
[2024-04-14T16:00:25.280-0600] {processor.py:161} INFO - Started process (PID=5574) to work on /Users/felipejimenez/Desktop/AirFlow/.env/lib/python3.9/site-packages/airflow/example_dags/example_python_decorator.py
[2024-04-14T16:00:25.281-0600] {processor.py:830} INFO - Processing file /Users/felipejimenez/Desktop/AirFlow/.env/lib/python3.9/site-packages/airflow/example_dags/example_python_decorator.py for tasks to queue
[2024-04-14T16:00:25.282-0600] {logging_mixin.py:188} INFO - [2024-04-14T16:00:25.282-0600] {dagbag.py:540} INFO - Filling up the DagBag from /Users/felipejimenez/Desktop/AirFlow/.env/lib/python3.9/site-packages/airflow/example_dags/example_python_decorator.py
[2024-04-14T16:00:25.294-0600] {logging_mixin.py:188} INFO - [2024-04-14T16:00:25.294-0600] {example_python_decorator.py:80} WARNING - The virtalenv_python example task requires virtualenv, please install it.
[2024-04-14T16:00:25.294-0600] {processor.py:840} INFO - DAG(s) 'example_python_decorator' retrieved from /Users/felipejimenez/Desktop/AirFlow/.env/lib/python3.9/site-packages/airflow/example_dags/example_python_decorator.py
[2024-04-14T16:00:25.326-0600] {logging_mixin.py:188} INFO - [2024-04-14T16:00:25.326-0600] {dag.py:3096} INFO - Sync 1 DAGs
[2024-04-14T16:00:25.350-0600] {logging_mixin.py:188} INFO - [2024-04-14T16:00:25.350-0600] {dag.py:3954} INFO - Setting next_dagrun for example_python_decorator to None, run_after=None
[2024-04-14T16:00:25.356-0600] {processor.py:183} INFO - Processing /Users/felipejimenez/Desktop/AirFlow/.env/lib/python3.9/site-packages/airflow/example_dags/example_python_decorator.py took 0.077 seconds
[2024-04-14T16:01:50.825-0600] {processor.py:161} INFO - Started process (PID=5671) to work on /Users/felipejimenez/Desktop/AirFlow/.env/lib/python3.9/site-packages/airflow/example_dags/example_python_decorator.py
[2024-04-14T16:01:50.828-0600] {processor.py:830} INFO - Processing file /Users/felipejimenez/Desktop/AirFlow/.env/lib/python3.9/site-packages/airflow/example_dags/example_python_decorator.py for tasks to queue
[2024-04-14T16:01:50.828-0600] {logging_mixin.py:188} INFO - [2024-04-14T16:01:50.828-0600] {dagbag.py:540} INFO - Filling up the DagBag from /Users/felipejimenez/Desktop/AirFlow/.env/lib/python3.9/site-packages/airflow/example_dags/example_python_decorator.py
[2024-04-14T16:01:50.840-0600] {logging_mixin.py:188} INFO - [2024-04-14T16:01:50.840-0600] {example_python_decorator.py:80} WARNING - The virtalenv_python example task requires virtualenv, please install it.
[2024-04-14T16:01:50.841-0600] {processor.py:840} INFO - DAG(s) 'example_python_decorator' retrieved from /Users/felipejimenez/Desktop/AirFlow/.env/lib/python3.9/site-packages/airflow/example_dags/example_python_decorator.py
[2024-04-14T16:01:50.874-0600] {logging_mixin.py:188} INFO - [2024-04-14T16:01:50.873-0600] {dag.py:3096} INFO - Sync 1 DAGs
[2024-04-14T16:01:50.895-0600] {logging_mixin.py:188} INFO - [2024-04-14T16:01:50.895-0600] {dag.py:3954} INFO - Setting next_dagrun for example_python_decorator to None, run_after=None
[2024-04-14T16:01:50.901-0600] {processor.py:183} INFO - Processing /Users/felipejimenez/Desktop/AirFlow/.env/lib/python3.9/site-packages/airflow/example_dags/example_python_decorator.py took 0.077 seconds
[2024-04-14T16:04:15.272-0600] {processor.py:161} INFO - Started process (PID=5898) to work on /Users/felipejimenez/Desktop/AirFlow/.env/lib/python3.9/site-packages/airflow/example_dags/example_python_decorator.py
[2024-04-14T16:04:15.273-0600] {processor.py:830} INFO - Processing file /Users/felipejimenez/Desktop/AirFlow/.env/lib/python3.9/site-packages/airflow/example_dags/example_python_decorator.py for tasks to queue
[2024-04-14T16:04:15.273-0600] {logging_mixin.py:188} INFO - [2024-04-14T16:04:15.273-0600] {dagbag.py:540} INFO - Filling up the DagBag from /Users/felipejimenez/Desktop/AirFlow/.env/lib/python3.9/site-packages/airflow/example_dags/example_python_decorator.py
[2024-04-14T16:04:15.285-0600] {logging_mixin.py:188} INFO - [2024-04-14T16:04:15.285-0600] {example_python_decorator.py:80} WARNING - The virtalenv_python example task requires virtualenv, please install it.
[2024-04-14T16:04:15.286-0600] {processor.py:840} INFO - DAG(s) 'example_python_decorator' retrieved from /Users/felipejimenez/Desktop/AirFlow/.env/lib/python3.9/site-packages/airflow/example_dags/example_python_decorator.py
[2024-04-14T16:04:15.318-0600] {logging_mixin.py:188} INFO - [2024-04-14T16:04:15.318-0600] {dag.py:3096} INFO - Sync 1 DAGs
[2024-04-14T16:04:15.338-0600] {logging_mixin.py:188} INFO - [2024-04-14T16:04:15.338-0600] {dag.py:3954} INFO - Setting next_dagrun for example_python_decorator to None, run_after=None
[2024-04-14T16:04:15.344-0600] {processor.py:183} INFO - Processing /Users/felipejimenez/Desktop/AirFlow/.env/lib/python3.9/site-packages/airflow/example_dags/example_python_decorator.py took 0.073 seconds
[2024-04-14T16:05:28.548-0600] {processor.py:161} INFO - Started process (PID=6025) to work on /Users/felipejimenez/Desktop/AirFlow/.env/lib/python3.9/site-packages/airflow/example_dags/example_python_decorator.py
[2024-04-14T16:05:28.550-0600] {processor.py:830} INFO - Processing file /Users/felipejimenez/Desktop/AirFlow/.env/lib/python3.9/site-packages/airflow/example_dags/example_python_decorator.py for tasks to queue
[2024-04-14T16:05:28.550-0600] {logging_mixin.py:188} INFO - [2024-04-14T16:05:28.550-0600] {dagbag.py:540} INFO - Filling up the DagBag from /Users/felipejimenez/Desktop/AirFlow/.env/lib/python3.9/site-packages/airflow/example_dags/example_python_decorator.py
[2024-04-14T16:05:28.562-0600] {logging_mixin.py:188} INFO - [2024-04-14T16:05:28.562-0600] {example_python_decorator.py:80} WARNING - The virtalenv_python example task requires virtualenv, please install it.
[2024-04-14T16:05:28.563-0600] {processor.py:840} INFO - DAG(s) 'example_python_decorator' retrieved from /Users/felipejimenez/Desktop/AirFlow/.env/lib/python3.9/site-packages/airflow/example_dags/example_python_decorator.py
[2024-04-14T16:05:28.596-0600] {logging_mixin.py:188} INFO - [2024-04-14T16:05:28.596-0600] {dag.py:3096} INFO - Sync 1 DAGs
[2024-04-14T16:05:28.617-0600] {logging_mixin.py:188} INFO - [2024-04-14T16:05:28.616-0600] {dag.py:3954} INFO - Setting next_dagrun for example_python_decorator to None, run_after=None
[2024-04-14T16:05:28.622-0600] {processor.py:183} INFO - Processing /Users/felipejimenez/Desktop/AirFlow/.env/lib/python3.9/site-packages/airflow/example_dags/example_python_decorator.py took 0.075 seconds
