[2024-04-14T15:42:19.108-0600] {processor.py:161} INFO - Started process (PID=4078) to work on /Users/felipejimenez/Desktop/AirFlow/.env/lib/python3.9/site-packages/airflow/example_dags/example_task_group_decorator.py
[2024-04-14T15:42:19.108-0600] {processor.py:830} INFO - Processing file /Users/felipejimenez/Desktop/AirFlow/.env/lib/python3.9/site-packages/airflow/example_dags/example_task_group_decorator.py for tasks to queue
[2024-04-14T15:42:19.109-0600] {logging_mixin.py:188} INFO - [2024-04-14T15:42:19.109-0600] {dagbag.py:540} INFO - Filling up the DagBag from /Users/felipejimenez/Desktop/AirFlow/.env/lib/python3.9/site-packages/airflow/example_dags/example_task_group_decorator.py
[2024-04-14T15:42:19.124-0600] {processor.py:840} INFO - DAG(s) 'example_task_group_decorator' retrieved from /Users/felipejimenez/Desktop/AirFlow/.env/lib/python3.9/site-packages/airflow/example_dags/example_task_group_decorator.py
[2024-04-14T15:42:19.205-0600] {logging_mixin.py:188} INFO - [2024-04-14T15:42:19.205-0600] {override.py:1829} INFO - Created Permission View: can read on DAG:example_task_group_decorator
[2024-04-14T15:42:19.207-0600] {logging_mixin.py:188} INFO - [2024-04-14T15:42:19.207-0600] {override.py:1829} INFO - Created Permission View: can edit on DAG:example_task_group_decorator
[2024-04-14T15:42:19.209-0600] {logging_mixin.py:188} INFO - [2024-04-14T15:42:19.209-0600] {override.py:1829} INFO - Created Permission View: can delete on DAG:example_task_group_decorator
[2024-04-14T15:42:19.209-0600] {logging_mixin.py:188} INFO - [2024-04-14T15:42:19.209-0600] {dag.py:3096} INFO - Sync 1 DAGs
[2024-04-14T15:42:19.214-0600] {logging_mixin.py:188} INFO - [2024-04-14T15:42:19.213-0600] {dag.py:3118} INFO - Creating ORM DAG for example_task_group_decorator
[2024-04-14T15:42:19.218-0600] {logging_mixin.py:188} INFO - [2024-04-14T15:42:19.218-0600] {dag.py:3954} INFO - Setting next_dagrun for example_task_group_decorator to 2024-04-13 00:00:00+00:00, run_after=2024-04-14 00:00:00+00:00
[2024-04-14T15:42:19.227-0600] {processor.py:183} INFO - Processing /Users/felipejimenez/Desktop/AirFlow/.env/lib/python3.9/site-packages/airflow/example_dags/example_task_group_decorator.py took 0.121 seconds
[2024-04-14T15:43:36.125-0600] {processor.py:161} INFO - Started process (PID=4177) to work on /Users/felipejimenez/Desktop/AirFlow/.env/lib/python3.9/site-packages/airflow/example_dags/example_task_group_decorator.py
[2024-04-14T15:43:36.127-0600] {processor.py:830} INFO - Processing file /Users/felipejimenez/Desktop/AirFlow/.env/lib/python3.9/site-packages/airflow/example_dags/example_task_group_decorator.py for tasks to queue
[2024-04-14T15:43:36.127-0600] {logging_mixin.py:188} INFO - [2024-04-14T15:43:36.127-0600] {dagbag.py:540} INFO - Filling up the DagBag from /Users/felipejimenez/Desktop/AirFlow/.env/lib/python3.9/site-packages/airflow/example_dags/example_task_group_decorator.py
[2024-04-14T15:43:36.142-0600] {processor.py:840} INFO - DAG(s) 'example_task_group_decorator' retrieved from /Users/felipejimenez/Desktop/AirFlow/.env/lib/python3.9/site-packages/airflow/example_dags/example_task_group_decorator.py
[2024-04-14T15:43:36.199-0600] {logging_mixin.py:188} INFO - [2024-04-14T15:43:36.198-0600] {dag.py:3096} INFO - Sync 1 DAGs
[2024-04-14T15:43:36.205-0600] {logging_mixin.py:188} INFO - [2024-04-14T15:43:36.205-0600] {dag.py:3954} INFO - Setting next_dagrun for example_task_group_decorator to 2024-04-13 00:00:00+00:00, run_after=2024-04-14 00:00:00+00:00
[2024-04-14T15:43:36.211-0600] {processor.py:183} INFO - Processing /Users/felipejimenez/Desktop/AirFlow/.env/lib/python3.9/site-packages/airflow/example_dags/example_task_group_decorator.py took 0.087 seconds
[2024-04-14T15:45:02.917-0600] {processor.py:161} INFO - Started process (PID=4280) to work on /Users/felipejimenez/Desktop/AirFlow/.env/lib/python3.9/site-packages/airflow/example_dags/example_task_group_decorator.py
[2024-04-14T15:45:02.919-0600] {processor.py:830} INFO - Processing file /Users/felipejimenez/Desktop/AirFlow/.env/lib/python3.9/site-packages/airflow/example_dags/example_task_group_decorator.py for tasks to queue
[2024-04-14T15:45:02.919-0600] {logging_mixin.py:188} INFO - [2024-04-14T15:45:02.919-0600] {dagbag.py:540} INFO - Filling up the DagBag from /Users/felipejimenez/Desktop/AirFlow/.env/lib/python3.9/site-packages/airflow/example_dags/example_task_group_decorator.py
[2024-04-14T15:45:02.934-0600] {processor.py:840} INFO - DAG(s) 'example_task_group_decorator' retrieved from /Users/felipejimenez/Desktop/AirFlow/.env/lib/python3.9/site-packages/airflow/example_dags/example_task_group_decorator.py
[2024-04-14T15:45:02.984-0600] {logging_mixin.py:188} INFO - [2024-04-14T15:45:02.984-0600] {dag.py:3096} INFO - Sync 1 DAGs
[2024-04-14T15:45:02.991-0600] {logging_mixin.py:188} INFO - [2024-04-14T15:45:02.991-0600] {dag.py:3954} INFO - Setting next_dagrun for example_task_group_decorator to 2024-04-13 00:00:00+00:00, run_after=2024-04-14 00:00:00+00:00
[2024-04-14T15:45:02.996-0600] {processor.py:183} INFO - Processing /Users/felipejimenez/Desktop/AirFlow/.env/lib/python3.9/site-packages/airflow/example_dags/example_task_group_decorator.py took 0.080 seconds
[2024-04-14T15:46:25.502-0600] {processor.py:161} INFO - Started process (PID=4376) to work on /Users/felipejimenez/Desktop/AirFlow/.env/lib/python3.9/site-packages/airflow/example_dags/example_task_group_decorator.py
[2024-04-14T15:46:25.504-0600] {processor.py:830} INFO - Processing file /Users/felipejimenez/Desktop/AirFlow/.env/lib/python3.9/site-packages/airflow/example_dags/example_task_group_decorator.py for tasks to queue
[2024-04-14T15:46:25.504-0600] {logging_mixin.py:188} INFO - [2024-04-14T15:46:25.504-0600] {dagbag.py:540} INFO - Filling up the DagBag from /Users/felipejimenez/Desktop/AirFlow/.env/lib/python3.9/site-packages/airflow/example_dags/example_task_group_decorator.py
[2024-04-14T15:46:25.518-0600] {processor.py:840} INFO - DAG(s) 'example_task_group_decorator' retrieved from /Users/felipejimenez/Desktop/AirFlow/.env/lib/python3.9/site-packages/airflow/example_dags/example_task_group_decorator.py
[2024-04-14T15:46:25.568-0600] {logging_mixin.py:188} INFO - [2024-04-14T15:46:25.568-0600] {dag.py:3096} INFO - Sync 1 DAGs
[2024-04-14T15:46:25.574-0600] {logging_mixin.py:188} INFO - [2024-04-14T15:46:25.574-0600] {dag.py:3954} INFO - Setting next_dagrun for example_task_group_decorator to 2024-04-13 00:00:00+00:00, run_after=2024-04-14 00:00:00+00:00
[2024-04-14T15:46:25.580-0600] {processor.py:183} INFO - Processing /Users/felipejimenez/Desktop/AirFlow/.env/lib/python3.9/site-packages/airflow/example_dags/example_task_group_decorator.py took 0.079 seconds
[2024-04-14T15:47:58.598-0600] {processor.py:161} INFO - Started process (PID=4489) to work on /Users/felipejimenez/Desktop/AirFlow/.env/lib/python3.9/site-packages/airflow/example_dags/example_task_group_decorator.py
[2024-04-14T15:47:58.600-0600] {processor.py:830} INFO - Processing file /Users/felipejimenez/Desktop/AirFlow/.env/lib/python3.9/site-packages/airflow/example_dags/example_task_group_decorator.py for tasks to queue
[2024-04-14T15:47:58.600-0600] {logging_mixin.py:188} INFO - [2024-04-14T15:47:58.600-0600] {dagbag.py:540} INFO - Filling up the DagBag from /Users/felipejimenez/Desktop/AirFlow/.env/lib/python3.9/site-packages/airflow/example_dags/example_task_group_decorator.py
[2024-04-14T15:47:58.614-0600] {processor.py:840} INFO - DAG(s) 'example_task_group_decorator' retrieved from /Users/felipejimenez/Desktop/AirFlow/.env/lib/python3.9/site-packages/airflow/example_dags/example_task_group_decorator.py
[2024-04-14T15:47:58.666-0600] {logging_mixin.py:188} INFO - [2024-04-14T15:47:58.666-0600] {dag.py:3096} INFO - Sync 1 DAGs
[2024-04-14T15:47:58.673-0600] {logging_mixin.py:188} INFO - [2024-04-14T15:47:58.673-0600] {dag.py:3954} INFO - Setting next_dagrun for example_task_group_decorator to 2024-04-13 00:00:00+00:00, run_after=2024-04-14 00:00:00+00:00
[2024-04-14T15:47:58.679-0600] {processor.py:183} INFO - Processing /Users/felipejimenez/Desktop/AirFlow/.env/lib/python3.9/site-packages/airflow/example_dags/example_task_group_decorator.py took 0.081 seconds
[2024-04-14T15:49:27.389-0600] {processor.py:161} INFO - Started process (PID=4659) to work on /Users/felipejimenez/Desktop/AirFlow/.env/lib/python3.9/site-packages/airflow/example_dags/example_task_group_decorator.py
[2024-04-14T15:49:27.391-0600] {processor.py:830} INFO - Processing file /Users/felipejimenez/Desktop/AirFlow/.env/lib/python3.9/site-packages/airflow/example_dags/example_task_group_decorator.py for tasks to queue
[2024-04-14T15:49:27.391-0600] {logging_mixin.py:188} INFO - [2024-04-14T15:49:27.391-0600] {dagbag.py:540} INFO - Filling up the DagBag from /Users/felipejimenez/Desktop/AirFlow/.env/lib/python3.9/site-packages/airflow/example_dags/example_task_group_decorator.py
[2024-04-14T15:49:27.406-0600] {processor.py:840} INFO - DAG(s) 'example_task_group_decorator' retrieved from /Users/felipejimenez/Desktop/AirFlow/.env/lib/python3.9/site-packages/airflow/example_dags/example_task_group_decorator.py
[2024-04-14T15:49:27.456-0600] {logging_mixin.py:188} INFO - [2024-04-14T15:49:27.455-0600] {dag.py:3096} INFO - Sync 1 DAGs
[2024-04-14T15:49:27.463-0600] {logging_mixin.py:188} INFO - [2024-04-14T15:49:27.463-0600] {dag.py:3954} INFO - Setting next_dagrun for example_task_group_decorator to 2024-04-13 00:00:00+00:00, run_after=2024-04-14 00:00:00+00:00
[2024-04-14T15:49:27.469-0600] {processor.py:183} INFO - Processing /Users/felipejimenez/Desktop/AirFlow/.env/lib/python3.9/site-packages/airflow/example_dags/example_task_group_decorator.py took 0.081 seconds
[2024-04-14T15:50:55.833-0600] {processor.py:161} INFO - Started process (PID=4763) to work on /Users/felipejimenez/Desktop/AirFlow/.env/lib/python3.9/site-packages/airflow/example_dags/example_task_group_decorator.py
[2024-04-14T15:50:55.834-0600] {processor.py:830} INFO - Processing file /Users/felipejimenez/Desktop/AirFlow/.env/lib/python3.9/site-packages/airflow/example_dags/example_task_group_decorator.py for tasks to queue
[2024-04-14T15:50:55.834-0600] {logging_mixin.py:188} INFO - [2024-04-14T15:50:55.834-0600] {dagbag.py:540} INFO - Filling up the DagBag from /Users/felipejimenez/Desktop/AirFlow/.env/lib/python3.9/site-packages/airflow/example_dags/example_task_group_decorator.py
[2024-04-14T15:50:55.849-0600] {processor.py:840} INFO - DAG(s) 'example_task_group_decorator' retrieved from /Users/felipejimenez/Desktop/AirFlow/.env/lib/python3.9/site-packages/airflow/example_dags/example_task_group_decorator.py
[2024-04-14T15:50:55.901-0600] {logging_mixin.py:188} INFO - [2024-04-14T15:50:55.901-0600] {dag.py:3096} INFO - Sync 1 DAGs
[2024-04-14T15:50:55.907-0600] {logging_mixin.py:188} INFO - [2024-04-14T15:50:55.907-0600] {dag.py:3954} INFO - Setting next_dagrun for example_task_group_decorator to 2024-04-13 00:00:00+00:00, run_after=2024-04-14 00:00:00+00:00
[2024-04-14T15:50:55.913-0600] {processor.py:183} INFO - Processing /Users/felipejimenez/Desktop/AirFlow/.env/lib/python3.9/site-packages/airflow/example_dags/example_task_group_decorator.py took 0.081 seconds
[2024-04-14T15:52:24.232-0600] {processor.py:161} INFO - Started process (PID=4895) to work on /Users/felipejimenez/Desktop/AirFlow/.env/lib/python3.9/site-packages/airflow/example_dags/example_task_group_decorator.py
[2024-04-14T15:52:24.234-0600] {processor.py:830} INFO - Processing file /Users/felipejimenez/Desktop/AirFlow/.env/lib/python3.9/site-packages/airflow/example_dags/example_task_group_decorator.py for tasks to queue
[2024-04-14T15:52:24.234-0600] {logging_mixin.py:188} INFO - [2024-04-14T15:52:24.234-0600] {dagbag.py:540} INFO - Filling up the DagBag from /Users/felipejimenez/Desktop/AirFlow/.env/lib/python3.9/site-packages/airflow/example_dags/example_task_group_decorator.py
[2024-04-14T15:52:24.249-0600] {processor.py:840} INFO - DAG(s) 'example_task_group_decorator' retrieved from /Users/felipejimenez/Desktop/AirFlow/.env/lib/python3.9/site-packages/airflow/example_dags/example_task_group_decorator.py
[2024-04-14T15:52:24.299-0600] {logging_mixin.py:188} INFO - [2024-04-14T15:52:24.299-0600] {dag.py:3096} INFO - Sync 1 DAGs
[2024-04-14T15:52:24.306-0600] {logging_mixin.py:188} INFO - [2024-04-14T15:52:24.306-0600] {dag.py:3954} INFO - Setting next_dagrun for example_task_group_decorator to 2024-04-13 00:00:00+00:00, run_after=2024-04-14 00:00:00+00:00
[2024-04-14T15:52:24.311-0600] {processor.py:183} INFO - Processing /Users/felipejimenez/Desktop/AirFlow/.env/lib/python3.9/site-packages/airflow/example_dags/example_task_group_decorator.py took 0.080 seconds
[2024-04-14T15:53:50.453-0600] {processor.py:161} INFO - Started process (PID=5028) to work on /Users/felipejimenez/Desktop/AirFlow/.env/lib/python3.9/site-packages/airflow/example_dags/example_task_group_decorator.py
[2024-04-14T15:53:50.455-0600] {processor.py:830} INFO - Processing file /Users/felipejimenez/Desktop/AirFlow/.env/lib/python3.9/site-packages/airflow/example_dags/example_task_group_decorator.py for tasks to queue
[2024-04-14T15:53:50.455-0600] {logging_mixin.py:188} INFO - [2024-04-14T15:53:50.455-0600] {dagbag.py:540} INFO - Filling up the DagBag from /Users/felipejimenez/Desktop/AirFlow/.env/lib/python3.9/site-packages/airflow/example_dags/example_task_group_decorator.py
[2024-04-14T15:53:50.470-0600] {processor.py:840} INFO - DAG(s) 'example_task_group_decorator' retrieved from /Users/felipejimenez/Desktop/AirFlow/.env/lib/python3.9/site-packages/airflow/example_dags/example_task_group_decorator.py
[2024-04-14T15:53:50.523-0600] {logging_mixin.py:188} INFO - [2024-04-14T15:53:50.522-0600] {dag.py:3096} INFO - Sync 1 DAGs
[2024-04-14T15:53:50.529-0600] {logging_mixin.py:188} INFO - [2024-04-14T15:53:50.529-0600] {dag.py:3954} INFO - Setting next_dagrun for example_task_group_decorator to 2024-04-13 00:00:00+00:00, run_after=2024-04-14 00:00:00+00:00
[2024-04-14T15:53:50.534-0600] {processor.py:183} INFO - Processing /Users/felipejimenez/Desktop/AirFlow/.env/lib/python3.9/site-packages/airflow/example_dags/example_task_group_decorator.py took 0.082 seconds
[2024-04-14T15:56:00.220-0600] {processor.py:161} INFO - Started process (PID=5194) to work on /Users/felipejimenez/Desktop/AirFlow/.env/lib/python3.9/site-packages/airflow/example_dags/example_task_group_decorator.py
[2024-04-14T15:56:00.221-0600] {processor.py:830} INFO - Processing file /Users/felipejimenez/Desktop/AirFlow/.env/lib/python3.9/site-packages/airflow/example_dags/example_task_group_decorator.py for tasks to queue
[2024-04-14T15:56:00.221-0600] {logging_mixin.py:188} INFO - [2024-04-14T15:56:00.221-0600] {dagbag.py:540} INFO - Filling up the DagBag from /Users/felipejimenez/Desktop/AirFlow/.env/lib/python3.9/site-packages/airflow/example_dags/example_task_group_decorator.py
[2024-04-14T15:56:00.235-0600] {processor.py:840} INFO - DAG(s) 'example_task_group_decorator' retrieved from /Users/felipejimenez/Desktop/AirFlow/.env/lib/python3.9/site-packages/airflow/example_dags/example_task_group_decorator.py
[2024-04-14T15:56:00.286-0600] {logging_mixin.py:188} INFO - [2024-04-14T15:56:00.286-0600] {dag.py:3096} INFO - Sync 1 DAGs
[2024-04-14T15:56:00.292-0600] {logging_mixin.py:188} INFO - [2024-04-14T15:56:00.292-0600] {dag.py:3954} INFO - Setting next_dagrun for example_task_group_decorator to 2024-04-13 00:00:00+00:00, run_after=2024-04-14 00:00:00+00:00
[2024-04-14T15:56:00.298-0600] {processor.py:183} INFO - Processing /Users/felipejimenez/Desktop/AirFlow/.env/lib/python3.9/site-packages/airflow/example_dags/example_task_group_decorator.py took 0.079 seconds
[2024-04-14T15:57:13.420-0600] {processor.py:161} INFO - Started process (PID=5302) to work on /Users/felipejimenez/Desktop/AirFlow/.env/lib/python3.9/site-packages/airflow/example_dags/example_task_group_decorator.py
[2024-04-14T15:57:13.422-0600] {processor.py:830} INFO - Processing file /Users/felipejimenez/Desktop/AirFlow/.env/lib/python3.9/site-packages/airflow/example_dags/example_task_group_decorator.py for tasks to queue
[2024-04-14T15:57:13.422-0600] {logging_mixin.py:188} INFO - [2024-04-14T15:57:13.422-0600] {dagbag.py:540} INFO - Filling up the DagBag from /Users/felipejimenez/Desktop/AirFlow/.env/lib/python3.9/site-packages/airflow/example_dags/example_task_group_decorator.py
[2024-04-14T15:57:13.438-0600] {processor.py:840} INFO - DAG(s) 'example_task_group_decorator' retrieved from /Users/felipejimenez/Desktop/AirFlow/.env/lib/python3.9/site-packages/airflow/example_dags/example_task_group_decorator.py
[2024-04-14T15:57:13.497-0600] {logging_mixin.py:188} INFO - [2024-04-14T15:57:13.497-0600] {dag.py:3096} INFO - Sync 1 DAGs
[2024-04-14T15:57:13.503-0600] {logging_mixin.py:188} INFO - [2024-04-14T15:57:13.503-0600] {dag.py:3954} INFO - Setting next_dagrun for example_task_group_decorator to 2024-04-13 00:00:00+00:00, run_after=2024-04-14 00:00:00+00:00
[2024-04-14T15:57:13.510-0600] {processor.py:183} INFO - Processing /Users/felipejimenez/Desktop/AirFlow/.env/lib/python3.9/site-packages/airflow/example_dags/example_task_group_decorator.py took 0.091 seconds
[2024-04-14T15:58:41.331-0600] {processor.py:161} INFO - Started process (PID=5458) to work on /Users/felipejimenez/Desktop/AirFlow/.env/lib/python3.9/site-packages/airflow/example_dags/example_task_group_decorator.py
[2024-04-14T15:58:41.332-0600] {processor.py:830} INFO - Processing file /Users/felipejimenez/Desktop/AirFlow/.env/lib/python3.9/site-packages/airflow/example_dags/example_task_group_decorator.py for tasks to queue
[2024-04-14T15:58:41.332-0600] {logging_mixin.py:188} INFO - [2024-04-14T15:58:41.332-0600] {dagbag.py:540} INFO - Filling up the DagBag from /Users/felipejimenez/Desktop/AirFlow/.env/lib/python3.9/site-packages/airflow/example_dags/example_task_group_decorator.py
[2024-04-14T15:58:41.347-0600] {processor.py:840} INFO - DAG(s) 'example_task_group_decorator' retrieved from /Users/felipejimenez/Desktop/AirFlow/.env/lib/python3.9/site-packages/airflow/example_dags/example_task_group_decorator.py
[2024-04-14T15:58:41.396-0600] {logging_mixin.py:188} INFO - [2024-04-14T15:58:41.396-0600] {dag.py:3096} INFO - Sync 1 DAGs
[2024-04-14T15:58:41.402-0600] {logging_mixin.py:188} INFO - [2024-04-14T15:58:41.402-0600] {dag.py:3954} INFO - Setting next_dagrun for example_task_group_decorator to 2024-04-13 00:00:00+00:00, run_after=2024-04-14 00:00:00+00:00
[2024-04-14T15:58:41.408-0600] {processor.py:183} INFO - Processing /Users/felipejimenez/Desktop/AirFlow/.env/lib/python3.9/site-packages/airflow/example_dags/example_task_group_decorator.py took 0.078 seconds
[2024-04-14T16:00:08.305-0600] {processor.py:161} INFO - Started process (PID=5556) to work on /Users/felipejimenez/Desktop/AirFlow/.env/lib/python3.9/site-packages/airflow/example_dags/example_task_group_decorator.py
[2024-04-14T16:00:08.307-0600] {processor.py:830} INFO - Processing file /Users/felipejimenez/Desktop/AirFlow/.env/lib/python3.9/site-packages/airflow/example_dags/example_task_group_decorator.py for tasks to queue
[2024-04-14T16:00:08.307-0600] {logging_mixin.py:188} INFO - [2024-04-14T16:00:08.307-0600] {dagbag.py:540} INFO - Filling up the DagBag from /Users/felipejimenez/Desktop/AirFlow/.env/lib/python3.9/site-packages/airflow/example_dags/example_task_group_decorator.py
[2024-04-14T16:00:08.321-0600] {processor.py:840} INFO - DAG(s) 'example_task_group_decorator' retrieved from /Users/felipejimenez/Desktop/AirFlow/.env/lib/python3.9/site-packages/airflow/example_dags/example_task_group_decorator.py
[2024-04-14T16:00:08.371-0600] {logging_mixin.py:188} INFO - [2024-04-14T16:00:08.371-0600] {dag.py:3096} INFO - Sync 1 DAGs
[2024-04-14T16:00:08.377-0600] {logging_mixin.py:188} INFO - [2024-04-14T16:00:08.377-0600] {dag.py:3954} INFO - Setting next_dagrun for example_task_group_decorator to 2024-04-13 00:00:00+00:00, run_after=2024-04-14 00:00:00+00:00
[2024-04-14T16:00:08.382-0600] {processor.py:183} INFO - Processing /Users/felipejimenez/Desktop/AirFlow/.env/lib/python3.9/site-packages/airflow/example_dags/example_task_group_decorator.py took 0.078 seconds
[2024-04-14T16:01:33.846-0600] {processor.py:161} INFO - Started process (PID=5653) to work on /Users/felipejimenez/Desktop/AirFlow/.env/lib/python3.9/site-packages/airflow/example_dags/example_task_group_decorator.py
[2024-04-14T16:01:33.848-0600] {processor.py:830} INFO - Processing file /Users/felipejimenez/Desktop/AirFlow/.env/lib/python3.9/site-packages/airflow/example_dags/example_task_group_decorator.py for tasks to queue
[2024-04-14T16:01:33.848-0600] {logging_mixin.py:188} INFO - [2024-04-14T16:01:33.848-0600] {dagbag.py:540} INFO - Filling up the DagBag from /Users/felipejimenez/Desktop/AirFlow/.env/lib/python3.9/site-packages/airflow/example_dags/example_task_group_decorator.py
[2024-04-14T16:01:33.862-0600] {processor.py:840} INFO - DAG(s) 'example_task_group_decorator' retrieved from /Users/felipejimenez/Desktop/AirFlow/.env/lib/python3.9/site-packages/airflow/example_dags/example_task_group_decorator.py
[2024-04-14T16:01:33.914-0600] {logging_mixin.py:188} INFO - [2024-04-14T16:01:33.914-0600] {dag.py:3096} INFO - Sync 1 DAGs
[2024-04-14T16:01:33.920-0600] {logging_mixin.py:188} INFO - [2024-04-14T16:01:33.920-0600] {dag.py:3954} INFO - Setting next_dagrun for example_task_group_decorator to 2024-04-13 00:00:00+00:00, run_after=2024-04-14 00:00:00+00:00
[2024-04-14T16:01:33.926-0600] {processor.py:183} INFO - Processing /Users/felipejimenez/Desktop/AirFlow/.env/lib/python3.9/site-packages/airflow/example_dags/example_task_group_decorator.py took 0.081 seconds
[2024-04-14T16:03:58.376-0600] {processor.py:161} INFO - Started process (PID=5860) to work on /Users/felipejimenez/Desktop/AirFlow/.env/lib/python3.9/site-packages/airflow/example_dags/example_task_group_decorator.py
[2024-04-14T16:03:58.378-0600] {processor.py:830} INFO - Processing file /Users/felipejimenez/Desktop/AirFlow/.env/lib/python3.9/site-packages/airflow/example_dags/example_task_group_decorator.py for tasks to queue
[2024-04-14T16:03:58.378-0600] {logging_mixin.py:188} INFO - [2024-04-14T16:03:58.378-0600] {dagbag.py:540} INFO - Filling up the DagBag from /Users/felipejimenez/Desktop/AirFlow/.env/lib/python3.9/site-packages/airflow/example_dags/example_task_group_decorator.py
[2024-04-14T16:03:58.394-0600] {processor.py:840} INFO - DAG(s) 'example_task_group_decorator' retrieved from /Users/felipejimenez/Desktop/AirFlow/.env/lib/python3.9/site-packages/airflow/example_dags/example_task_group_decorator.py
[2024-04-14T16:03:58.443-0600] {logging_mixin.py:188} INFO - [2024-04-14T16:03:58.443-0600] {dag.py:3096} INFO - Sync 1 DAGs
[2024-04-14T16:03:58.450-0600] {logging_mixin.py:188} INFO - [2024-04-14T16:03:58.450-0600] {dag.py:3954} INFO - Setting next_dagrun for example_task_group_decorator to 2024-04-13 00:00:00+00:00, run_after=2024-04-14 00:00:00+00:00
[2024-04-14T16:03:58.455-0600] {processor.py:183} INFO - Processing /Users/felipejimenez/Desktop/AirFlow/.env/lib/python3.9/site-packages/airflow/example_dags/example_task_group_decorator.py took 0.080 seconds
[2024-04-14T16:05:11.511-0600] {processor.py:161} INFO - Started process (PID=5999) to work on /Users/felipejimenez/Desktop/AirFlow/.env/lib/python3.9/site-packages/airflow/example_dags/example_task_group_decorator.py
[2024-04-14T16:05:11.513-0600] {processor.py:830} INFO - Processing file /Users/felipejimenez/Desktop/AirFlow/.env/lib/python3.9/site-packages/airflow/example_dags/example_task_group_decorator.py for tasks to queue
[2024-04-14T16:05:11.513-0600] {logging_mixin.py:188} INFO - [2024-04-14T16:05:11.513-0600] {dagbag.py:540} INFO - Filling up the DagBag from /Users/felipejimenez/Desktop/AirFlow/.env/lib/python3.9/site-packages/airflow/example_dags/example_task_group_decorator.py
[2024-04-14T16:05:11.527-0600] {processor.py:840} INFO - DAG(s) 'example_task_group_decorator' retrieved from /Users/felipejimenez/Desktop/AirFlow/.env/lib/python3.9/site-packages/airflow/example_dags/example_task_group_decorator.py
[2024-04-14T16:05:11.576-0600] {logging_mixin.py:188} INFO - [2024-04-14T16:05:11.576-0600] {dag.py:3096} INFO - Sync 1 DAGs
[2024-04-14T16:05:11.583-0600] {logging_mixin.py:188} INFO - [2024-04-14T16:05:11.582-0600] {dag.py:3954} INFO - Setting next_dagrun for example_task_group_decorator to 2024-04-13 00:00:00+00:00, run_after=2024-04-14 00:00:00+00:00
[2024-04-14T16:05:11.588-0600] {processor.py:183} INFO - Processing /Users/felipejimenez/Desktop/AirFlow/.env/lib/python3.9/site-packages/airflow/example_dags/example_task_group_decorator.py took 0.078 seconds
