[2024-04-14T15:43:12.049-0600] {processor.py:161} INFO - Started process (PID=4146) to work on /Users/felipejimenez/Desktop/AirFlow/.env/lib/python3.9/site-packages/airflow/example_dags/example_bash_decorator.py
[2024-04-14T15:43:12.050-0600] {processor.py:830} INFO - Processing file /Users/felipejimenez/Desktop/AirFlow/.env/lib/python3.9/site-packages/airflow/example_dags/example_bash_decorator.py for tasks to queue
[2024-04-14T15:43:12.050-0600] {logging_mixin.py:188} INFO - [2024-04-14T15:43:12.050-0600] {dagbag.py:540} INFO - Filling up the DagBag from /Users/felipejimenez/Desktop/AirFlow/.env/lib/python3.9/site-packages/airflow/example_dags/example_bash_decorator.py
[2024-04-14T15:43:12.066-0600] {processor.py:840} INFO - DAG(s) 'example_bash_decorator' retrieved from /Users/felipejimenez/Desktop/AirFlow/.env/lib/python3.9/site-packages/airflow/example_dags/example_bash_decorator.py
[2024-04-14T15:43:12.144-0600] {logging_mixin.py:188} INFO - [2024-04-14T15:43:12.143-0600] {override.py:1829} INFO - Created Permission View: can delete on DAG:example_bash_decorator
[2024-04-14T15:43:12.146-0600] {logging_mixin.py:188} INFO - [2024-04-14T15:43:12.146-0600] {override.py:1829} INFO - Created Permission View: can read on DAG:example_bash_decorator
[2024-04-14T15:43:12.147-0600] {logging_mixin.py:188} INFO - [2024-04-14T15:43:12.147-0600] {override.py:1829} INFO - Created Permission View: can edit on DAG:example_bash_decorator
[2024-04-14T15:43:12.147-0600] {logging_mixin.py:188} INFO - [2024-04-14T15:43:12.147-0600] {dag.py:3096} INFO - Sync 1 DAGs
[2024-04-14T15:43:12.151-0600] {logging_mixin.py:188} INFO - [2024-04-14T15:43:12.151-0600] {dag.py:3118} INFO - Creating ORM DAG for example_bash_decorator
[2024-04-14T15:43:12.151-0600] {logging_mixin.py:188} INFO - [2024-04-14T15:43:12.151-0600] {dag.py:3954} INFO - Setting next_dagrun for example_bash_decorator to None, run_after=None
[2024-04-14T15:43:12.155-0600] {processor.py:183} INFO - Processing /Users/felipejimenez/Desktop/AirFlow/.env/lib/python3.9/site-packages/airflow/example_dags/example_bash_decorator.py took 0.108 seconds
[2024-04-14T15:44:39.062-0600] {processor.py:161} INFO - Started process (PID=4247) to work on /Users/felipejimenez/Desktop/AirFlow/.env/lib/python3.9/site-packages/airflow/example_dags/example_bash_decorator.py
[2024-04-14T15:44:39.063-0600] {processor.py:830} INFO - Processing file /Users/felipejimenez/Desktop/AirFlow/.env/lib/python3.9/site-packages/airflow/example_dags/example_bash_decorator.py for tasks to queue
[2024-04-14T15:44:39.064-0600] {logging_mixin.py:188} INFO - [2024-04-14T15:44:39.064-0600] {dagbag.py:540} INFO - Filling up the DagBag from /Users/felipejimenez/Desktop/AirFlow/.env/lib/python3.9/site-packages/airflow/example_dags/example_bash_decorator.py
[2024-04-14T15:44:39.078-0600] {processor.py:840} INFO - DAG(s) 'example_bash_decorator' retrieved from /Users/felipejimenez/Desktop/AirFlow/.env/lib/python3.9/site-packages/airflow/example_dags/example_bash_decorator.py
[2024-04-14T15:44:39.163-0600] {logging_mixin.py:188} INFO - [2024-04-14T15:44:39.163-0600] {dag.py:3096} INFO - Sync 1 DAGs
[2024-04-14T15:44:39.166-0600] {logging_mixin.py:188} INFO - [2024-04-14T15:44:39.166-0600] {dag.py:3954} INFO - Setting next_dagrun for example_bash_decorator to None, run_after=None
[2024-04-14T15:44:39.172-0600] {processor.py:183} INFO - Processing /Users/felipejimenez/Desktop/AirFlow/.env/lib/python3.9/site-packages/airflow/example_dags/example_bash_decorator.py took 0.111 seconds
[2024-04-14T15:46:04.677-0600] {processor.py:161} INFO - Started process (PID=4353) to work on /Users/felipejimenez/Desktop/AirFlow/.env/lib/python3.9/site-packages/airflow/example_dags/example_bash_decorator.py
[2024-04-14T15:46:04.679-0600] {processor.py:830} INFO - Processing file /Users/felipejimenez/Desktop/AirFlow/.env/lib/python3.9/site-packages/airflow/example_dags/example_bash_decorator.py for tasks to queue
[2024-04-14T15:46:04.679-0600] {logging_mixin.py:188} INFO - [2024-04-14T15:46:04.679-0600] {dagbag.py:540} INFO - Filling up the DagBag from /Users/felipejimenez/Desktop/AirFlow/.env/lib/python3.9/site-packages/airflow/example_dags/example_bash_decorator.py
[2024-04-14T15:46:04.693-0600] {processor.py:840} INFO - DAG(s) 'example_bash_decorator' retrieved from /Users/felipejimenez/Desktop/AirFlow/.env/lib/python3.9/site-packages/airflow/example_dags/example_bash_decorator.py
[2024-04-14T15:46:04.768-0600] {logging_mixin.py:188} INFO - [2024-04-14T15:46:04.768-0600] {dag.py:3096} INFO - Sync 1 DAGs
[2024-04-14T15:46:04.771-0600] {logging_mixin.py:188} INFO - [2024-04-14T15:46:04.771-0600] {dag.py:3954} INFO - Setting next_dagrun for example_bash_decorator to None, run_after=None
[2024-04-14T15:46:04.777-0600] {processor.py:183} INFO - Processing /Users/felipejimenez/Desktop/AirFlow/.env/lib/python3.9/site-packages/airflow/example_dags/example_bash_decorator.py took 0.100 seconds
[2024-04-14T15:47:34.425-0600] {processor.py:161} INFO - Started process (PID=4457) to work on /Users/felipejimenez/Desktop/AirFlow/.env/lib/python3.9/site-packages/airflow/example_dags/example_bash_decorator.py
[2024-04-14T15:47:34.426-0600] {processor.py:830} INFO - Processing file /Users/felipejimenez/Desktop/AirFlow/.env/lib/python3.9/site-packages/airflow/example_dags/example_bash_decorator.py for tasks to queue
[2024-04-14T15:47:34.427-0600] {logging_mixin.py:188} INFO - [2024-04-14T15:47:34.427-0600] {dagbag.py:540} INFO - Filling up the DagBag from /Users/felipejimenez/Desktop/AirFlow/.env/lib/python3.9/site-packages/airflow/example_dags/example_bash_decorator.py
[2024-04-14T15:47:34.441-0600] {processor.py:840} INFO - DAG(s) 'example_bash_decorator' retrieved from /Users/felipejimenez/Desktop/AirFlow/.env/lib/python3.9/site-packages/airflow/example_dags/example_bash_decorator.py
[2024-04-14T15:47:34.525-0600] {logging_mixin.py:188} INFO - [2024-04-14T15:47:34.525-0600] {dag.py:3096} INFO - Sync 1 DAGs
[2024-04-14T15:47:34.528-0600] {logging_mixin.py:188} INFO - [2024-04-14T15:47:34.528-0600] {dag.py:3954} INFO - Setting next_dagrun for example_bash_decorator to None, run_after=None
[2024-04-14T15:47:34.534-0600] {processor.py:183} INFO - Processing /Users/felipejimenez/Desktop/AirFlow/.env/lib/python3.9/site-packages/airflow/example_dags/example_bash_decorator.py took 0.110 seconds
[2024-04-14T15:49:04.825-0600] {processor.py:161} INFO - Started process (PID=4622) to work on /Users/felipejimenez/Desktop/AirFlow/.env/lib/python3.9/site-packages/airflow/example_dags/example_bash_decorator.py
[2024-04-14T15:49:04.826-0600] {processor.py:830} INFO - Processing file /Users/felipejimenez/Desktop/AirFlow/.env/lib/python3.9/site-packages/airflow/example_dags/example_bash_decorator.py for tasks to queue
[2024-04-14T15:49:04.827-0600] {logging_mixin.py:188} INFO - [2024-04-14T15:49:04.826-0600] {dagbag.py:540} INFO - Filling up the DagBag from /Users/felipejimenez/Desktop/AirFlow/.env/lib/python3.9/site-packages/airflow/example_dags/example_bash_decorator.py
[2024-04-14T15:49:04.841-0600] {processor.py:840} INFO - DAG(s) 'example_bash_decorator' retrieved from /Users/felipejimenez/Desktop/AirFlow/.env/lib/python3.9/site-packages/airflow/example_dags/example_bash_decorator.py
[2024-04-14T15:49:04.926-0600] {logging_mixin.py:188} INFO - [2024-04-14T15:49:04.926-0600] {dag.py:3096} INFO - Sync 1 DAGs
[2024-04-14T15:49:04.930-0600] {logging_mixin.py:188} INFO - [2024-04-14T15:49:04.929-0600] {dag.py:3954} INFO - Setting next_dagrun for example_bash_decorator to None, run_after=None
[2024-04-14T15:49:04.935-0600] {processor.py:183} INFO - Processing /Users/felipejimenez/Desktop/AirFlow/.env/lib/python3.9/site-packages/airflow/example_dags/example_bash_decorator.py took 0.111 seconds
[2024-04-14T15:50:32.605-0600] {processor.py:161} INFO - Started process (PID=4737) to work on /Users/felipejimenez/Desktop/AirFlow/.env/lib/python3.9/site-packages/airflow/example_dags/example_bash_decorator.py
[2024-04-14T15:50:32.607-0600] {processor.py:830} INFO - Processing file /Users/felipejimenez/Desktop/AirFlow/.env/lib/python3.9/site-packages/airflow/example_dags/example_bash_decorator.py for tasks to queue
[2024-04-14T15:50:32.607-0600] {logging_mixin.py:188} INFO - [2024-04-14T15:50:32.607-0600] {dagbag.py:540} INFO - Filling up the DagBag from /Users/felipejimenez/Desktop/AirFlow/.env/lib/python3.9/site-packages/airflow/example_dags/example_bash_decorator.py
[2024-04-14T15:50:32.624-0600] {processor.py:840} INFO - DAG(s) 'example_bash_decorator' retrieved from /Users/felipejimenez/Desktop/AirFlow/.env/lib/python3.9/site-packages/airflow/example_dags/example_bash_decorator.py
[2024-04-14T15:50:32.712-0600] {logging_mixin.py:188} INFO - [2024-04-14T15:50:32.712-0600] {dag.py:3096} INFO - Sync 1 DAGs
[2024-04-14T15:50:32.716-0600] {logging_mixin.py:188} INFO - [2024-04-14T15:50:32.716-0600] {dag.py:3954} INFO - Setting next_dagrun for example_bash_decorator to None, run_after=None
[2024-04-14T15:50:32.721-0600] {processor.py:183} INFO - Processing /Users/felipejimenez/Desktop/AirFlow/.env/lib/python3.9/site-packages/airflow/example_dags/example_bash_decorator.py took 0.117 seconds
[2024-04-14T15:52:03.404-0600] {processor.py:161} INFO - Started process (PID=4852) to work on /Users/felipejimenez/Desktop/AirFlow/.env/lib/python3.9/site-packages/airflow/example_dags/example_bash_decorator.py
[2024-04-14T15:52:03.406-0600] {processor.py:830} INFO - Processing file /Users/felipejimenez/Desktop/AirFlow/.env/lib/python3.9/site-packages/airflow/example_dags/example_bash_decorator.py for tasks to queue
[2024-04-14T15:52:03.406-0600] {logging_mixin.py:188} INFO - [2024-04-14T15:52:03.406-0600] {dagbag.py:540} INFO - Filling up the DagBag from /Users/felipejimenez/Desktop/AirFlow/.env/lib/python3.9/site-packages/airflow/example_dags/example_bash_decorator.py
[2024-04-14T15:52:03.422-0600] {processor.py:840} INFO - DAG(s) 'example_bash_decorator' retrieved from /Users/felipejimenez/Desktop/AirFlow/.env/lib/python3.9/site-packages/airflow/example_dags/example_bash_decorator.py
[2024-04-14T15:52:03.508-0600] {logging_mixin.py:188} INFO - [2024-04-14T15:52:03.508-0600] {dag.py:3096} INFO - Sync 1 DAGs
[2024-04-14T15:52:03.511-0600] {logging_mixin.py:188} INFO - [2024-04-14T15:52:03.511-0600] {dag.py:3954} INFO - Setting next_dagrun for example_bash_decorator to None, run_after=None
[2024-04-14T15:52:03.517-0600] {processor.py:183} INFO - Processing /Users/felipejimenez/Desktop/AirFlow/.env/lib/python3.9/site-packages/airflow/example_dags/example_bash_decorator.py took 0.113 seconds
[2024-04-14T15:53:27.982-0600] {processor.py:161} INFO - Started process (PID=5003) to work on /Users/felipejimenez/Desktop/AirFlow/.env/lib/python3.9/site-packages/airflow/example_dags/example_bash_decorator.py
[2024-04-14T15:53:27.984-0600] {processor.py:830} INFO - Processing file /Users/felipejimenez/Desktop/AirFlow/.env/lib/python3.9/site-packages/airflow/example_dags/example_bash_decorator.py for tasks to queue
[2024-04-14T15:53:27.984-0600] {logging_mixin.py:188} INFO - [2024-04-14T15:53:27.984-0600] {dagbag.py:540} INFO - Filling up the DagBag from /Users/felipejimenez/Desktop/AirFlow/.env/lib/python3.9/site-packages/airflow/example_dags/example_bash_decorator.py
[2024-04-14T15:53:27.998-0600] {processor.py:840} INFO - DAG(s) 'example_bash_decorator' retrieved from /Users/felipejimenez/Desktop/AirFlow/.env/lib/python3.9/site-packages/airflow/example_dags/example_bash_decorator.py
[2024-04-14T15:53:28.076-0600] {logging_mixin.py:188} INFO - [2024-04-14T15:53:28.076-0600] {dag.py:3096} INFO - Sync 1 DAGs
[2024-04-14T15:53:28.080-0600] {logging_mixin.py:188} INFO - [2024-04-14T15:53:28.080-0600] {dag.py:3954} INFO - Setting next_dagrun for example_bash_decorator to None, run_after=None
[2024-04-14T15:53:28.085-0600] {processor.py:183} INFO - Processing /Users/felipejimenez/Desktop/AirFlow/.env/lib/python3.9/site-packages/airflow/example_dags/example_bash_decorator.py took 0.104 seconds
[2024-04-14T15:56:49.281-0600] {processor.py:161} INFO - Started process (PID=5275) to work on /Users/felipejimenez/Desktop/AirFlow/.env/lib/python3.9/site-packages/airflow/example_dags/example_bash_decorator.py
[2024-04-14T15:56:49.283-0600] {processor.py:830} INFO - Processing file /Users/felipejimenez/Desktop/AirFlow/.env/lib/python3.9/site-packages/airflow/example_dags/example_bash_decorator.py for tasks to queue
[2024-04-14T15:56:49.283-0600] {logging_mixin.py:188} INFO - [2024-04-14T15:56:49.283-0600] {dagbag.py:540} INFO - Filling up the DagBag from /Users/felipejimenez/Desktop/AirFlow/.env/lib/python3.9/site-packages/airflow/example_dags/example_bash_decorator.py
[2024-04-14T15:56:49.297-0600] {processor.py:840} INFO - DAG(s) 'example_bash_decorator' retrieved from /Users/felipejimenez/Desktop/AirFlow/.env/lib/python3.9/site-packages/airflow/example_dags/example_bash_decorator.py
[2024-04-14T15:56:49.374-0600] {logging_mixin.py:188} INFO - [2024-04-14T15:56:49.374-0600] {dag.py:3096} INFO - Sync 1 DAGs
[2024-04-14T15:56:49.378-0600] {logging_mixin.py:188} INFO - [2024-04-14T15:56:49.378-0600] {dag.py:3954} INFO - Setting next_dagrun for example_bash_decorator to None, run_after=None
[2024-04-14T15:56:49.384-0600] {processor.py:183} INFO - Processing /Users/felipejimenez/Desktop/AirFlow/.env/lib/python3.9/site-packages/airflow/example_dags/example_bash_decorator.py took 0.104 seconds
[2024-04-14T15:58:14.842-0600] {processor.py:161} INFO - Started process (PID=5409) to work on /Users/felipejimenez/Desktop/AirFlow/.env/lib/python3.9/site-packages/airflow/example_dags/example_bash_decorator.py
[2024-04-14T15:58:14.844-0600] {processor.py:830} INFO - Processing file /Users/felipejimenez/Desktop/AirFlow/.env/lib/python3.9/site-packages/airflow/example_dags/example_bash_decorator.py for tasks to queue
[2024-04-14T15:58:14.844-0600] {logging_mixin.py:188} INFO - [2024-04-14T15:58:14.844-0600] {dagbag.py:540} INFO - Filling up the DagBag from /Users/felipejimenez/Desktop/AirFlow/.env/lib/python3.9/site-packages/airflow/example_dags/example_bash_decorator.py
[2024-04-14T15:58:14.859-0600] {processor.py:840} INFO - DAG(s) 'example_bash_decorator' retrieved from /Users/felipejimenez/Desktop/AirFlow/.env/lib/python3.9/site-packages/airflow/example_dags/example_bash_decorator.py
[2024-04-14T15:58:14.950-0600] {logging_mixin.py:188} INFO - [2024-04-14T15:58:14.950-0600] {dag.py:3096} INFO - Sync 1 DAGs
[2024-04-14T15:58:14.954-0600] {logging_mixin.py:188} INFO - [2024-04-14T15:58:14.954-0600] {dag.py:3954} INFO - Setting next_dagrun for example_bash_decorator to None, run_after=None
[2024-04-14T15:58:14.959-0600] {processor.py:183} INFO - Processing /Users/felipejimenez/Desktop/AirFlow/.env/lib/python3.9/site-packages/airflow/example_dags/example_bash_decorator.py took 0.118 seconds
[2024-04-14T15:59:45.873-0600] {processor.py:161} INFO - Started process (PID=5529) to work on /Users/felipejimenez/Desktop/AirFlow/.env/lib/python3.9/site-packages/airflow/example_dags/example_bash_decorator.py
[2024-04-14T15:59:45.875-0600] {processor.py:830} INFO - Processing file /Users/felipejimenez/Desktop/AirFlow/.env/lib/python3.9/site-packages/airflow/example_dags/example_bash_decorator.py for tasks to queue
[2024-04-14T15:59:45.875-0600] {logging_mixin.py:188} INFO - [2024-04-14T15:59:45.875-0600] {dagbag.py:540} INFO - Filling up the DagBag from /Users/felipejimenez/Desktop/AirFlow/.env/lib/python3.9/site-packages/airflow/example_dags/example_bash_decorator.py
[2024-04-14T15:59:45.892-0600] {processor.py:840} INFO - DAG(s) 'example_bash_decorator' retrieved from /Users/felipejimenez/Desktop/AirFlow/.env/lib/python3.9/site-packages/airflow/example_dags/example_bash_decorator.py
[2024-04-14T15:59:45.984-0600] {logging_mixin.py:188} INFO - [2024-04-14T15:59:45.984-0600] {dag.py:3096} INFO - Sync 1 DAGs
[2024-04-14T15:59:45.987-0600] {logging_mixin.py:188} INFO - [2024-04-14T15:59:45.987-0600] {dag.py:3954} INFO - Setting next_dagrun for example_bash_decorator to None, run_after=None
[2024-04-14T15:59:45.993-0600] {processor.py:183} INFO - Processing /Users/felipejimenez/Desktop/AirFlow/.env/lib/python3.9/site-packages/airflow/example_dags/example_bash_decorator.py took 0.121 seconds
[2024-04-14T16:01:13.113-0600] {processor.py:161} INFO - Started process (PID=5629) to work on /Users/felipejimenez/Desktop/AirFlow/.env/lib/python3.9/site-packages/airflow/example_dags/example_bash_decorator.py
[2024-04-14T16:01:13.115-0600] {processor.py:830} INFO - Processing file /Users/felipejimenez/Desktop/AirFlow/.env/lib/python3.9/site-packages/airflow/example_dags/example_bash_decorator.py for tasks to queue
[2024-04-14T16:01:13.115-0600] {logging_mixin.py:188} INFO - [2024-04-14T16:01:13.115-0600] {dagbag.py:540} INFO - Filling up the DagBag from /Users/felipejimenez/Desktop/AirFlow/.env/lib/python3.9/site-packages/airflow/example_dags/example_bash_decorator.py
[2024-04-14T16:01:13.129-0600] {processor.py:840} INFO - DAG(s) 'example_bash_decorator' retrieved from /Users/felipejimenez/Desktop/AirFlow/.env/lib/python3.9/site-packages/airflow/example_dags/example_bash_decorator.py
[2024-04-14T16:01:13.204-0600] {logging_mixin.py:188} INFO - [2024-04-14T16:01:13.204-0600] {dag.py:3096} INFO - Sync 1 DAGs
[2024-04-14T16:01:13.208-0600] {logging_mixin.py:188} INFO - [2024-04-14T16:01:13.208-0600] {dag.py:3954} INFO - Setting next_dagrun for example_bash_decorator to None, run_after=None
[2024-04-14T16:01:13.214-0600] {processor.py:183} INFO - Processing /Users/felipejimenez/Desktop/AirFlow/.env/lib/python3.9/site-packages/airflow/example_dags/example_bash_decorator.py took 0.102 seconds
[2024-04-14T16:04:47.371-0600] {processor.py:161} INFO - Started process (PID=5960) to work on /Users/felipejimenez/Desktop/AirFlow/.env/lib/python3.9/site-packages/airflow/example_dags/example_bash_decorator.py
[2024-04-14T16:04:47.373-0600] {processor.py:830} INFO - Processing file /Users/felipejimenez/Desktop/AirFlow/.env/lib/python3.9/site-packages/airflow/example_dags/example_bash_decorator.py for tasks to queue
[2024-04-14T16:04:47.373-0600] {logging_mixin.py:188} INFO - [2024-04-14T16:04:47.373-0600] {dagbag.py:540} INFO - Filling up the DagBag from /Users/felipejimenez/Desktop/AirFlow/.env/lib/python3.9/site-packages/airflow/example_dags/example_bash_decorator.py
[2024-04-14T16:04:47.390-0600] {processor.py:840} INFO - DAG(s) 'example_bash_decorator' retrieved from /Users/felipejimenez/Desktop/AirFlow/.env/lib/python3.9/site-packages/airflow/example_dags/example_bash_decorator.py
[2024-04-14T16:04:47.477-0600] {logging_mixin.py:188} INFO - [2024-04-14T16:04:47.477-0600] {dag.py:3096} INFO - Sync 1 DAGs
[2024-04-14T16:04:47.480-0600] {logging_mixin.py:188} INFO - [2024-04-14T16:04:47.480-0600] {dag.py:3954} INFO - Setting next_dagrun for example_bash_decorator to None, run_after=None
[2024-04-14T16:04:47.486-0600] {processor.py:183} INFO - Processing /Users/felipejimenez/Desktop/AirFlow/.env/lib/python3.9/site-packages/airflow/example_dags/example_bash_decorator.py took 0.115 seconds
[2024-04-14T16:06:19.737-0600] {processor.py:161} INFO - Started process (PID=6119) to work on /Users/felipejimenez/Desktop/AirFlow/.env/lib/python3.9/site-packages/airflow/example_dags/example_bash_decorator.py
[2024-04-14T16:06:19.738-0600] {processor.py:830} INFO - Processing file /Users/felipejimenez/Desktop/AirFlow/.env/lib/python3.9/site-packages/airflow/example_dags/example_bash_decorator.py for tasks to queue
[2024-04-14T16:06:19.739-0600] {logging_mixin.py:188} INFO - [2024-04-14T16:06:19.739-0600] {dagbag.py:540} INFO - Filling up the DagBag from /Users/felipejimenez/Desktop/AirFlow/.env/lib/python3.9/site-packages/airflow/example_dags/example_bash_decorator.py
[2024-04-14T16:06:19.753-0600] {processor.py:840} INFO - DAG(s) 'example_bash_decorator' retrieved from /Users/felipejimenez/Desktop/AirFlow/.env/lib/python3.9/site-packages/airflow/example_dags/example_bash_decorator.py
[2024-04-14T16:06:19.843-0600] {logging_mixin.py:188} INFO - [2024-04-14T16:06:19.843-0600] {dag.py:3096} INFO - Sync 1 DAGs
[2024-04-14T16:06:19.847-0600] {logging_mixin.py:188} INFO - [2024-04-14T16:06:19.846-0600] {dag.py:3954} INFO - Setting next_dagrun for example_bash_decorator to None, run_after=None
[2024-04-14T16:06:19.852-0600] {processor.py:183} INFO - Processing /Users/felipejimenez/Desktop/AirFlow/.env/lib/python3.9/site-packages/airflow/example_dags/example_bash_decorator.py took 0.116 seconds
