[2024-04-14T15:42:11.767-0600] {processor.py:161} INFO - Started process (PID=4070) to work on /Users/felipejimenez/Desktop/AirFlow/.env/lib/python3.9/site-packages/airflow/example_dags/example_xcomargs.py
[2024-04-14T15:42:11.768-0600] {processor.py:830} INFO - Processing file /Users/felipejimenez/Desktop/AirFlow/.env/lib/python3.9/site-packages/airflow/example_dags/example_xcomargs.py for tasks to queue
[2024-04-14T15:42:11.768-0600] {logging_mixin.py:188} INFO - [2024-04-14T15:42:11.768-0600] {dagbag.py:540} INFO - Filling up the DagBag from /Users/felipejimenez/Desktop/AirFlow/.env/lib/python3.9/site-packages/airflow/example_dags/example_xcomargs.py
[2024-04-14T15:42:11.781-0600] {processor.py:840} INFO - DAG(s) 'example_xcom_args', 'example_xcom_args_with_operators' retrieved from /Users/felipejimenez/Desktop/AirFlow/.env/lib/python3.9/site-packages/airflow/example_dags/example_xcomargs.py
[2024-04-14T15:42:11.855-0600] {logging_mixin.py:188} INFO - [2024-04-14T15:42:11.854-0600] {override.py:1829} INFO - Created Permission View: can edit on DAG:example_xcom_args
[2024-04-14T15:42:11.857-0600] {logging_mixin.py:188} INFO - [2024-04-14T15:42:11.857-0600] {override.py:1829} INFO - Created Permission View: can delete on DAG:example_xcom_args
[2024-04-14T15:42:11.858-0600] {logging_mixin.py:188} INFO - [2024-04-14T15:42:11.858-0600] {override.py:1829} INFO - Created Permission View: can read on DAG:example_xcom_args
[2024-04-14T15:42:11.863-0600] {logging_mixin.py:188} INFO - [2024-04-14T15:42:11.863-0600] {override.py:1829} INFO - Created Permission View: can edit on DAG:example_xcom_args_with_operators
[2024-04-14T15:42:11.865-0600] {logging_mixin.py:188} INFO - [2024-04-14T15:42:11.865-0600] {override.py:1829} INFO - Created Permission View: can delete on DAG:example_xcom_args_with_operators
[2024-04-14T15:42:11.866-0600] {logging_mixin.py:188} INFO - [2024-04-14T15:42:11.866-0600] {override.py:1829} INFO - Created Permission View: can read on DAG:example_xcom_args_with_operators
[2024-04-14T15:42:11.866-0600] {logging_mixin.py:188} INFO - [2024-04-14T15:42:11.866-0600] {dag.py:3096} INFO - Sync 2 DAGs
[2024-04-14T15:42:11.870-0600] {logging_mixin.py:188} INFO - [2024-04-14T15:42:11.870-0600] {dag.py:3118} INFO - Creating ORM DAG for example_xcom_args
[2024-04-14T15:42:11.870-0600] {logging_mixin.py:188} INFO - [2024-04-14T15:42:11.870-0600] {dag.py:3118} INFO - Creating ORM DAG for example_xcom_args_with_operators
[2024-04-14T15:42:11.870-0600] {logging_mixin.py:188} INFO - [2024-04-14T15:42:11.870-0600] {dag.py:3954} INFO - Setting next_dagrun for example_xcom_args to None, run_after=None
[2024-04-14T15:42:11.870-0600] {logging_mixin.py:188} INFO - [2024-04-14T15:42:11.870-0600] {dag.py:3954} INFO - Setting next_dagrun for example_xcom_args_with_operators to None, run_after=None
[2024-04-14T15:42:11.875-0600] {processor.py:183} INFO - Processing /Users/felipejimenez/Desktop/AirFlow/.env/lib/python3.9/site-packages/airflow/example_dags/example_xcomargs.py took 0.109 seconds
[2024-04-14T15:43:28.542-0600] {processor.py:161} INFO - Started process (PID=4168) to work on /Users/felipejimenez/Desktop/AirFlow/.env/lib/python3.9/site-packages/airflow/example_dags/example_xcomargs.py
[2024-04-14T15:43:28.544-0600] {processor.py:830} INFO - Processing file /Users/felipejimenez/Desktop/AirFlow/.env/lib/python3.9/site-packages/airflow/example_dags/example_xcomargs.py for tasks to queue
[2024-04-14T15:43:28.545-0600] {logging_mixin.py:188} INFO - [2024-04-14T15:43:28.544-0600] {dagbag.py:540} INFO - Filling up the DagBag from /Users/felipejimenez/Desktop/AirFlow/.env/lib/python3.9/site-packages/airflow/example_dags/example_xcomargs.py
[2024-04-14T15:43:28.557-0600] {processor.py:840} INFO - DAG(s) 'example_xcom_args', 'example_xcom_args_with_operators' retrieved from /Users/felipejimenez/Desktop/AirFlow/.env/lib/python3.9/site-packages/airflow/example_dags/example_xcomargs.py
[2024-04-14T15:43:28.592-0600] {logging_mixin.py:188} INFO - [2024-04-14T15:43:28.592-0600] {dag.py:3096} INFO - Sync 2 DAGs
[2024-04-14T15:43:28.616-0600] {logging_mixin.py:188} INFO - [2024-04-14T15:43:28.616-0600] {dag.py:3954} INFO - Setting next_dagrun for example_xcom_args to None, run_after=None
[2024-04-14T15:43:28.617-0600] {logging_mixin.py:188} INFO - [2024-04-14T15:43:28.617-0600] {dag.py:3954} INFO - Setting next_dagrun for example_xcom_args_with_operators to None, run_after=None
[2024-04-14T15:43:28.622-0600] {processor.py:183} INFO - Processing /Users/felipejimenez/Desktop/AirFlow/.env/lib/python3.9/site-packages/airflow/example_dags/example_xcomargs.py took 0.081 seconds
[2024-04-14T15:44:56.013-0600] {processor.py:161} INFO - Started process (PID=4269) to work on /Users/felipejimenez/Desktop/AirFlow/.env/lib/python3.9/site-packages/airflow/example_dags/example_xcomargs.py
[2024-04-14T15:44:56.015-0600] {processor.py:830} INFO - Processing file /Users/felipejimenez/Desktop/AirFlow/.env/lib/python3.9/site-packages/airflow/example_dags/example_xcomargs.py for tasks to queue
[2024-04-14T15:44:56.015-0600] {logging_mixin.py:188} INFO - [2024-04-14T15:44:56.015-0600] {dagbag.py:540} INFO - Filling up the DagBag from /Users/felipejimenez/Desktop/AirFlow/.env/lib/python3.9/site-packages/airflow/example_dags/example_xcomargs.py
[2024-04-14T15:44:56.027-0600] {processor.py:840} INFO - DAG(s) 'example_xcom_args', 'example_xcom_args_with_operators' retrieved from /Users/felipejimenez/Desktop/AirFlow/.env/lib/python3.9/site-packages/airflow/example_dags/example_xcomargs.py
[2024-04-14T15:44:56.059-0600] {logging_mixin.py:188} INFO - [2024-04-14T15:44:56.059-0600] {dag.py:3096} INFO - Sync 2 DAGs
[2024-04-14T15:44:56.079-0600] {logging_mixin.py:188} INFO - [2024-04-14T15:44:56.079-0600] {dag.py:3954} INFO - Setting next_dagrun for example_xcom_args to None, run_after=None
[2024-04-14T15:44:56.080-0600] {logging_mixin.py:188} INFO - [2024-04-14T15:44:56.080-0600] {dag.py:3954} INFO - Setting next_dagrun for example_xcom_args_with_operators to None, run_after=None
[2024-04-14T15:44:56.085-0600] {processor.py:183} INFO - Processing /Users/felipejimenez/Desktop/AirFlow/.env/lib/python3.9/site-packages/airflow/example_dags/example_xcomargs.py took 0.073 seconds
[2024-04-14T15:46:18.682-0600] {processor.py:161} INFO - Started process (PID=4369) to work on /Users/felipejimenez/Desktop/AirFlow/.env/lib/python3.9/site-packages/airflow/example_dags/example_xcomargs.py
[2024-04-14T15:46:18.684-0600] {processor.py:830} INFO - Processing file /Users/felipejimenez/Desktop/AirFlow/.env/lib/python3.9/site-packages/airflow/example_dags/example_xcomargs.py for tasks to queue
[2024-04-14T15:46:18.684-0600] {logging_mixin.py:188} INFO - [2024-04-14T15:46:18.684-0600] {dagbag.py:540} INFO - Filling up the DagBag from /Users/felipejimenez/Desktop/AirFlow/.env/lib/python3.9/site-packages/airflow/example_dags/example_xcomargs.py
[2024-04-14T15:46:18.697-0600] {processor.py:840} INFO - DAG(s) 'example_xcom_args', 'example_xcom_args_with_operators' retrieved from /Users/felipejimenez/Desktop/AirFlow/.env/lib/python3.9/site-packages/airflow/example_dags/example_xcomargs.py
[2024-04-14T15:46:18.729-0600] {logging_mixin.py:188} INFO - [2024-04-14T15:46:18.729-0600] {dag.py:3096} INFO - Sync 2 DAGs
[2024-04-14T15:46:18.749-0600] {logging_mixin.py:188} INFO - [2024-04-14T15:46:18.748-0600] {dag.py:3954} INFO - Setting next_dagrun for example_xcom_args to None, run_after=None
[2024-04-14T15:46:18.750-0600] {logging_mixin.py:188} INFO - [2024-04-14T15:46:18.749-0600] {dag.py:3954} INFO - Setting next_dagrun for example_xcom_args_with_operators to None, run_after=None
[2024-04-14T15:46:18.754-0600] {processor.py:183} INFO - Processing /Users/felipejimenez/Desktop/AirFlow/.env/lib/python3.9/site-packages/airflow/example_dags/example_xcomargs.py took 0.073 seconds
[2024-04-14T15:47:05.248-0600] {processor.py:161} INFO - Started process (PID=4421) to work on /Users/felipejimenez/Desktop/AirFlow/.env/lib/python3.9/site-packages/airflow/example_dags/example_xcomargs.py
[2024-04-14T15:47:05.250-0600] {processor.py:830} INFO - Processing file /Users/felipejimenez/Desktop/AirFlow/.env/lib/python3.9/site-packages/airflow/example_dags/example_xcomargs.py for tasks to queue
[2024-04-14T15:47:05.250-0600] {logging_mixin.py:188} INFO - [2024-04-14T15:47:05.250-0600] {dagbag.py:540} INFO - Filling up the DagBag from /Users/felipejimenez/Desktop/AirFlow/.env/lib/python3.9/site-packages/airflow/example_dags/example_xcomargs.py
[2024-04-14T15:47:05.263-0600] {processor.py:840} INFO - DAG(s) 'example_xcom_args_with_operators', 'example_xcom_args' retrieved from /Users/felipejimenez/Desktop/AirFlow/.env/lib/python3.9/site-packages/airflow/example_dags/example_xcomargs.py
[2024-04-14T15:47:05.295-0600] {logging_mixin.py:188} INFO - [2024-04-14T15:47:05.295-0600] {dag.py:3096} INFO - Sync 2 DAGs
[2024-04-14T15:47:05.314-0600] {logging_mixin.py:188} INFO - [2024-04-14T15:47:05.314-0600] {dag.py:3954} INFO - Setting next_dagrun for example_xcom_args to None, run_after=None
[2024-04-14T15:47:05.315-0600] {logging_mixin.py:188} INFO - [2024-04-14T15:47:05.315-0600] {dag.py:3954} INFO - Setting next_dagrun for example_xcom_args_with_operators to None, run_after=None
[2024-04-14T15:47:05.321-0600] {processor.py:183} INFO - Processing /Users/felipejimenez/Desktop/AirFlow/.env/lib/python3.9/site-packages/airflow/example_dags/example_xcomargs.py took 0.073 seconds
[2024-04-14T15:47:51.642-0600] {processor.py:161} INFO - Started process (PID=4479) to work on /Users/felipejimenez/Desktop/AirFlow/.env/lib/python3.9/site-packages/airflow/example_dags/example_xcomargs.py
[2024-04-14T15:47:51.644-0600] {processor.py:830} INFO - Processing file /Users/felipejimenez/Desktop/AirFlow/.env/lib/python3.9/site-packages/airflow/example_dags/example_xcomargs.py for tasks to queue
[2024-04-14T15:47:51.644-0600] {logging_mixin.py:188} INFO - [2024-04-14T15:47:51.644-0600] {dagbag.py:540} INFO - Filling up the DagBag from /Users/felipejimenez/Desktop/AirFlow/.env/lib/python3.9/site-packages/airflow/example_dags/example_xcomargs.py
[2024-04-14T15:47:51.656-0600] {processor.py:840} INFO - DAG(s) 'example_xcom_args_with_operators', 'example_xcom_args' retrieved from /Users/felipejimenez/Desktop/AirFlow/.env/lib/python3.9/site-packages/airflow/example_dags/example_xcomargs.py
[2024-04-14T15:47:51.688-0600] {logging_mixin.py:188} INFO - [2024-04-14T15:47:51.688-0600] {dag.py:3096} INFO - Sync 2 DAGs
[2024-04-14T15:47:51.708-0600] {logging_mixin.py:188} INFO - [2024-04-14T15:47:51.708-0600] {dag.py:3954} INFO - Setting next_dagrun for example_xcom_args to None, run_after=None
[2024-04-14T15:47:51.709-0600] {logging_mixin.py:188} INFO - [2024-04-14T15:47:51.709-0600] {dag.py:3954} INFO - Setting next_dagrun for example_xcom_args_with_operators to None, run_after=None
[2024-04-14T15:47:51.714-0600] {processor.py:183} INFO - Processing /Users/felipejimenez/Desktop/AirFlow/.env/lib/python3.9/site-packages/airflow/example_dags/example_xcomargs.py took 0.073 seconds
[2024-04-14T15:49:21.082-0600] {processor.py:161} INFO - Started process (PID=4652) to work on /Users/felipejimenez/Desktop/AirFlow/.env/lib/python3.9/site-packages/airflow/example_dags/example_xcomargs.py
[2024-04-14T15:49:21.083-0600] {processor.py:830} INFO - Processing file /Users/felipejimenez/Desktop/AirFlow/.env/lib/python3.9/site-packages/airflow/example_dags/example_xcomargs.py for tasks to queue
[2024-04-14T15:49:21.084-0600] {logging_mixin.py:188} INFO - [2024-04-14T15:49:21.084-0600] {dagbag.py:540} INFO - Filling up the DagBag from /Users/felipejimenez/Desktop/AirFlow/.env/lib/python3.9/site-packages/airflow/example_dags/example_xcomargs.py
[2024-04-14T15:49:21.098-0600] {processor.py:840} INFO - DAG(s) 'example_xcom_args_with_operators', 'example_xcom_args' retrieved from /Users/felipejimenez/Desktop/AirFlow/.env/lib/python3.9/site-packages/airflow/example_dags/example_xcomargs.py
[2024-04-14T15:49:21.134-0600] {logging_mixin.py:188} INFO - [2024-04-14T15:49:21.134-0600] {dag.py:3096} INFO - Sync 2 DAGs
[2024-04-14T15:49:21.156-0600] {logging_mixin.py:188} INFO - [2024-04-14T15:49:21.156-0600] {dag.py:3954} INFO - Setting next_dagrun for example_xcom_args to None, run_after=None
[2024-04-14T15:49:21.157-0600] {logging_mixin.py:188} INFO - [2024-04-14T15:49:21.157-0600] {dag.py:3954} INFO - Setting next_dagrun for example_xcom_args_with_operators to None, run_after=None
[2024-04-14T15:49:21.162-0600] {processor.py:183} INFO - Processing /Users/felipejimenez/Desktop/AirFlow/.env/lib/python3.9/site-packages/airflow/example_dags/example_xcomargs.py took 0.081 seconds
[2024-04-14T15:50:48.544-0600] {processor.py:161} INFO - Started process (PID=4754) to work on /Users/felipejimenez/Desktop/AirFlow/.env/lib/python3.9/site-packages/airflow/example_dags/example_xcomargs.py
[2024-04-14T15:50:48.546-0600] {processor.py:830} INFO - Processing file /Users/felipejimenez/Desktop/AirFlow/.env/lib/python3.9/site-packages/airflow/example_dags/example_xcomargs.py for tasks to queue
[2024-04-14T15:50:48.546-0600] {logging_mixin.py:188} INFO - [2024-04-14T15:50:48.546-0600] {dagbag.py:540} INFO - Filling up the DagBag from /Users/felipejimenez/Desktop/AirFlow/.env/lib/python3.9/site-packages/airflow/example_dags/example_xcomargs.py
[2024-04-14T15:50:48.559-0600] {processor.py:840} INFO - DAG(s) 'example_xcom_args', 'example_xcom_args_with_operators' retrieved from /Users/felipejimenez/Desktop/AirFlow/.env/lib/python3.9/site-packages/airflow/example_dags/example_xcomargs.py
[2024-04-14T15:50:48.592-0600] {logging_mixin.py:188} INFO - [2024-04-14T15:50:48.592-0600] {dag.py:3096} INFO - Sync 2 DAGs
[2024-04-14T15:50:48.614-0600] {logging_mixin.py:188} INFO - [2024-04-14T15:50:48.614-0600] {dag.py:3954} INFO - Setting next_dagrun for example_xcom_args to None, run_after=None
[2024-04-14T15:50:48.615-0600] {logging_mixin.py:188} INFO - [2024-04-14T15:50:48.615-0600] {dag.py:3954} INFO - Setting next_dagrun for example_xcom_args_with_operators to None, run_after=None
[2024-04-14T15:50:48.620-0600] {processor.py:183} INFO - Processing /Users/felipejimenez/Desktop/AirFlow/.env/lib/python3.9/site-packages/airflow/example_dags/example_xcomargs.py took 0.077 seconds
[2024-04-14T15:51:34.592-0600] {processor.py:161} INFO - Started process (PID=4805) to work on /Users/felipejimenez/Desktop/AirFlow/.env/lib/python3.9/site-packages/airflow/example_dags/example_xcomargs.py
[2024-04-14T15:51:34.594-0600] {processor.py:830} INFO - Processing file /Users/felipejimenez/Desktop/AirFlow/.env/lib/python3.9/site-packages/airflow/example_dags/example_xcomargs.py for tasks to queue
[2024-04-14T15:51:34.594-0600] {logging_mixin.py:188} INFO - [2024-04-14T15:51:34.594-0600] {dagbag.py:540} INFO - Filling up the DagBag from /Users/felipejimenez/Desktop/AirFlow/.env/lib/python3.9/site-packages/airflow/example_dags/example_xcomargs.py
[2024-04-14T15:51:34.606-0600] {processor.py:840} INFO - DAG(s) 'example_xcom_args_with_operators', 'example_xcom_args' retrieved from /Users/felipejimenez/Desktop/AirFlow/.env/lib/python3.9/site-packages/airflow/example_dags/example_xcomargs.py
[2024-04-14T15:51:34.639-0600] {logging_mixin.py:188} INFO - [2024-04-14T15:51:34.639-0600] {dag.py:3096} INFO - Sync 2 DAGs
[2024-04-14T15:51:34.659-0600] {logging_mixin.py:188} INFO - [2024-04-14T15:51:34.659-0600] {dag.py:3954} INFO - Setting next_dagrun for example_xcom_args to None, run_after=None
[2024-04-14T15:51:34.660-0600] {logging_mixin.py:188} INFO - [2024-04-14T15:51:34.660-0600] {dag.py:3954} INFO - Setting next_dagrun for example_xcom_args_with_operators to None, run_after=None
[2024-04-14T15:51:34.665-0600] {processor.py:183} INFO - Processing /Users/felipejimenez/Desktop/AirFlow/.env/lib/python3.9/site-packages/airflow/example_dags/example_xcomargs.py took 0.074 seconds
[2024-04-14T15:52:59.478-0600] {processor.py:161} INFO - Started process (PID=4963) to work on /Users/felipejimenez/Desktop/AirFlow/.env/lib/python3.9/site-packages/airflow/example_dags/example_xcomargs.py
[2024-04-14T15:52:59.479-0600] {processor.py:830} INFO - Processing file /Users/felipejimenez/Desktop/AirFlow/.env/lib/python3.9/site-packages/airflow/example_dags/example_xcomargs.py for tasks to queue
[2024-04-14T15:52:59.479-0600] {logging_mixin.py:188} INFO - [2024-04-14T15:52:59.479-0600] {dagbag.py:540} INFO - Filling up the DagBag from /Users/felipejimenez/Desktop/AirFlow/.env/lib/python3.9/site-packages/airflow/example_dags/example_xcomargs.py
[2024-04-14T15:52:59.492-0600] {processor.py:840} INFO - DAG(s) 'example_xcom_args', 'example_xcom_args_with_operators' retrieved from /Users/felipejimenez/Desktop/AirFlow/.env/lib/python3.9/site-packages/airflow/example_dags/example_xcomargs.py
[2024-04-14T15:52:59.524-0600] {logging_mixin.py:188} INFO - [2024-04-14T15:52:59.524-0600] {dag.py:3096} INFO - Sync 2 DAGs
[2024-04-14T15:52:59.544-0600] {logging_mixin.py:188} INFO - [2024-04-14T15:52:59.544-0600] {dag.py:3954} INFO - Setting next_dagrun for example_xcom_args to None, run_after=None
[2024-04-14T15:52:59.545-0600] {logging_mixin.py:188} INFO - [2024-04-14T15:52:59.545-0600] {dag.py:3954} INFO - Setting next_dagrun for example_xcom_args_with_operators to None, run_after=None
[2024-04-14T15:52:59.550-0600] {processor.py:183} INFO - Processing /Users/felipejimenez/Desktop/AirFlow/.env/lib/python3.9/site-packages/airflow/example_dags/example_xcomargs.py took 0.073 seconds
[2024-04-14T15:54:28.517-0600] {processor.py:161} INFO - Started process (PID=5072) to work on /Users/felipejimenez/Desktop/AirFlow/.env/lib/python3.9/site-packages/airflow/example_dags/example_xcomargs.py
[2024-04-14T15:54:28.519-0600] {processor.py:830} INFO - Processing file /Users/felipejimenez/Desktop/AirFlow/.env/lib/python3.9/site-packages/airflow/example_dags/example_xcomargs.py for tasks to queue
[2024-04-14T15:54:28.519-0600] {logging_mixin.py:188} INFO - [2024-04-14T15:54:28.519-0600] {dagbag.py:540} INFO - Filling up the DagBag from /Users/felipejimenez/Desktop/AirFlow/.env/lib/python3.9/site-packages/airflow/example_dags/example_xcomargs.py
[2024-04-14T15:54:28.532-0600] {processor.py:840} INFO - DAG(s) 'example_xcom_args_with_operators', 'example_xcom_args' retrieved from /Users/felipejimenez/Desktop/AirFlow/.env/lib/python3.9/site-packages/airflow/example_dags/example_xcomargs.py
[2024-04-14T15:54:28.567-0600] {logging_mixin.py:188} INFO - [2024-04-14T15:54:28.567-0600] {dag.py:3096} INFO - Sync 2 DAGs
[2024-04-14T15:54:28.588-0600] {logging_mixin.py:188} INFO - [2024-04-14T15:54:28.588-0600] {dag.py:3954} INFO - Setting next_dagrun for example_xcom_args to None, run_after=None
[2024-04-14T15:54:28.589-0600] {logging_mixin.py:188} INFO - [2024-04-14T15:54:28.589-0600] {dag.py:3954} INFO - Setting next_dagrun for example_xcom_args_with_operators to None, run_after=None
[2024-04-14T15:54:28.594-0600] {processor.py:183} INFO - Processing /Users/felipejimenez/Desktop/AirFlow/.env/lib/python3.9/site-packages/airflow/example_dags/example_xcomargs.py took 0.078 seconds
[2024-04-14T15:55:53.010-0600] {processor.py:161} INFO - Started process (PID=5187) to work on /Users/felipejimenez/Desktop/AirFlow/.env/lib/python3.9/site-packages/airflow/example_dags/example_xcomargs.py
[2024-04-14T15:55:53.011-0600] {processor.py:830} INFO - Processing file /Users/felipejimenez/Desktop/AirFlow/.env/lib/python3.9/site-packages/airflow/example_dags/example_xcomargs.py for tasks to queue
[2024-04-14T15:55:53.012-0600] {logging_mixin.py:188} INFO - [2024-04-14T15:55:53.012-0600] {dagbag.py:540} INFO - Filling up the DagBag from /Users/felipejimenez/Desktop/AirFlow/.env/lib/python3.9/site-packages/airflow/example_dags/example_xcomargs.py
[2024-04-14T15:55:53.025-0600] {processor.py:840} INFO - DAG(s) 'example_xcom_args_with_operators', 'example_xcom_args' retrieved from /Users/felipejimenez/Desktop/AirFlow/.env/lib/python3.9/site-packages/airflow/example_dags/example_xcomargs.py
[2024-04-14T15:55:53.057-0600] {logging_mixin.py:188} INFO - [2024-04-14T15:55:53.057-0600] {dag.py:3096} INFO - Sync 2 DAGs
[2024-04-14T15:55:53.077-0600] {logging_mixin.py:188} INFO - [2024-04-14T15:55:53.077-0600] {dag.py:3954} INFO - Setting next_dagrun for example_xcom_args to None, run_after=None
[2024-04-14T15:55:53.078-0600] {logging_mixin.py:188} INFO - [2024-04-14T15:55:53.078-0600] {dag.py:3954} INFO - Setting next_dagrun for example_xcom_args_with_operators to None, run_after=None
[2024-04-14T15:55:53.083-0600] {processor.py:183} INFO - Processing /Users/felipejimenez/Desktop/AirFlow/.env/lib/python3.9/site-packages/airflow/example_dags/example_xcomargs.py took 0.074 seconds
[2024-04-14T15:57:06.180-0600] {processor.py:161} INFO - Started process (PID=5295) to work on /Users/felipejimenez/Desktop/AirFlow/.env/lib/python3.9/site-packages/airflow/example_dags/example_xcomargs.py
[2024-04-14T15:57:06.183-0600] {processor.py:830} INFO - Processing file /Users/felipejimenez/Desktop/AirFlow/.env/lib/python3.9/site-packages/airflow/example_dags/example_xcomargs.py for tasks to queue
[2024-04-14T15:57:06.184-0600] {logging_mixin.py:188} INFO - [2024-04-14T15:57:06.184-0600] {dagbag.py:540} INFO - Filling up the DagBag from /Users/felipejimenez/Desktop/AirFlow/.env/lib/python3.9/site-packages/airflow/example_dags/example_xcomargs.py
[2024-04-14T15:57:06.196-0600] {processor.py:840} INFO - DAG(s) 'example_xcom_args_with_operators', 'example_xcom_args' retrieved from /Users/felipejimenez/Desktop/AirFlow/.env/lib/python3.9/site-packages/airflow/example_dags/example_xcomargs.py
[2024-04-14T15:57:06.228-0600] {logging_mixin.py:188} INFO - [2024-04-14T15:57:06.228-0600] {dag.py:3096} INFO - Sync 2 DAGs
[2024-04-14T15:57:06.248-0600] {logging_mixin.py:188} INFO - [2024-04-14T15:57:06.248-0600] {dag.py:3954} INFO - Setting next_dagrun for example_xcom_args to None, run_after=None
[2024-04-14T15:57:06.249-0600] {logging_mixin.py:188} INFO - [2024-04-14T15:57:06.249-0600] {dag.py:3954} INFO - Setting next_dagrun for example_xcom_args_with_operators to None, run_after=None
[2024-04-14T15:57:06.254-0600] {processor.py:183} INFO - Processing /Users/felipejimenez/Desktop/AirFlow/.env/lib/python3.9/site-packages/airflow/example_dags/example_xcomargs.py took 0.075 seconds
[2024-04-14T15:58:34.403-0600] {processor.py:161} INFO - Started process (PID=5449) to work on /Users/felipejimenez/Desktop/AirFlow/.env/lib/python3.9/site-packages/airflow/example_dags/example_xcomargs.py
[2024-04-14T15:58:34.406-0600] {processor.py:830} INFO - Processing file /Users/felipejimenez/Desktop/AirFlow/.env/lib/python3.9/site-packages/airflow/example_dags/example_xcomargs.py for tasks to queue
[2024-04-14T15:58:34.406-0600] {logging_mixin.py:188} INFO - [2024-04-14T15:58:34.406-0600] {dagbag.py:540} INFO - Filling up the DagBag from /Users/felipejimenez/Desktop/AirFlow/.env/lib/python3.9/site-packages/airflow/example_dags/example_xcomargs.py
[2024-04-14T15:58:34.418-0600] {processor.py:840} INFO - DAG(s) 'example_xcom_args_with_operators', 'example_xcom_args' retrieved from /Users/felipejimenez/Desktop/AirFlow/.env/lib/python3.9/site-packages/airflow/example_dags/example_xcomargs.py
[2024-04-14T15:58:34.450-0600] {logging_mixin.py:188} INFO - [2024-04-14T15:58:34.450-0600] {dag.py:3096} INFO - Sync 2 DAGs
[2024-04-14T15:58:34.469-0600] {logging_mixin.py:188} INFO - [2024-04-14T15:58:34.469-0600] {dag.py:3954} INFO - Setting next_dagrun for example_xcom_args to None, run_after=None
[2024-04-14T15:58:34.470-0600] {logging_mixin.py:188} INFO - [2024-04-14T15:58:34.470-0600] {dag.py:3954} INFO - Setting next_dagrun for example_xcom_args_with_operators to None, run_after=None
[2024-04-14T15:58:34.476-0600] {processor.py:183} INFO - Processing /Users/felipejimenez/Desktop/AirFlow/.env/lib/python3.9/site-packages/airflow/example_dags/example_xcomargs.py took 0.073 seconds
[2024-04-14T16:00:01.056-0600] {processor.py:161} INFO - Started process (PID=5549) to work on /Users/felipejimenez/Desktop/AirFlow/.env/lib/python3.9/site-packages/airflow/example_dags/example_xcomargs.py
[2024-04-14T16:00:01.060-0600] {processor.py:830} INFO - Processing file /Users/felipejimenez/Desktop/AirFlow/.env/lib/python3.9/site-packages/airflow/example_dags/example_xcomargs.py for tasks to queue
[2024-04-14T16:00:01.060-0600] {logging_mixin.py:188} INFO - [2024-04-14T16:00:01.060-0600] {dagbag.py:540} INFO - Filling up the DagBag from /Users/felipejimenez/Desktop/AirFlow/.env/lib/python3.9/site-packages/airflow/example_dags/example_xcomargs.py
[2024-04-14T16:00:01.072-0600] {processor.py:840} INFO - DAG(s) 'example_xcom_args', 'example_xcom_args_with_operators' retrieved from /Users/felipejimenez/Desktop/AirFlow/.env/lib/python3.9/site-packages/airflow/example_dags/example_xcomargs.py
[2024-04-14T16:00:01.105-0600] {logging_mixin.py:188} INFO - [2024-04-14T16:00:01.105-0600] {dag.py:3096} INFO - Sync 2 DAGs
[2024-04-14T16:00:01.125-0600] {logging_mixin.py:188} INFO - [2024-04-14T16:00:01.125-0600] {dag.py:3954} INFO - Setting next_dagrun for example_xcom_args to None, run_after=None
[2024-04-14T16:00:01.126-0600] {logging_mixin.py:188} INFO - [2024-04-14T16:00:01.126-0600] {dag.py:3954} INFO - Setting next_dagrun for example_xcom_args_with_operators to None, run_after=None
[2024-04-14T16:00:01.131-0600] {processor.py:183} INFO - Processing /Users/felipejimenez/Desktop/AirFlow/.env/lib/python3.9/site-packages/airflow/example_dags/example_xcomargs.py took 0.076 seconds
[2024-04-14T16:01:26.620-0600] {processor.py:161} INFO - Started process (PID=5646) to work on /Users/felipejimenez/Desktop/AirFlow/.env/lib/python3.9/site-packages/airflow/example_dags/example_xcomargs.py
[2024-04-14T16:01:26.621-0600] {processor.py:830} INFO - Processing file /Users/felipejimenez/Desktop/AirFlow/.env/lib/python3.9/site-packages/airflow/example_dags/example_xcomargs.py for tasks to queue
[2024-04-14T16:01:26.622-0600] {logging_mixin.py:188} INFO - [2024-04-14T16:01:26.622-0600] {dagbag.py:540} INFO - Filling up the DagBag from /Users/felipejimenez/Desktop/AirFlow/.env/lib/python3.9/site-packages/airflow/example_dags/example_xcomargs.py
[2024-04-14T16:01:26.634-0600] {processor.py:840} INFO - DAG(s) 'example_xcom_args', 'example_xcom_args_with_operators' retrieved from /Users/felipejimenez/Desktop/AirFlow/.env/lib/python3.9/site-packages/airflow/example_dags/example_xcomargs.py
[2024-04-14T16:01:26.666-0600] {logging_mixin.py:188} INFO - [2024-04-14T16:01:26.666-0600] {dag.py:3096} INFO - Sync 2 DAGs
[2024-04-14T16:01:26.692-0600] {logging_mixin.py:188} INFO - [2024-04-14T16:01:26.692-0600] {dag.py:3954} INFO - Setting next_dagrun for example_xcom_args to None, run_after=None
[2024-04-14T16:01:26.693-0600] {logging_mixin.py:188} INFO - [2024-04-14T16:01:26.693-0600] {dag.py:3954} INFO - Setting next_dagrun for example_xcom_args_with_operators to None, run_after=None
[2024-04-14T16:01:26.698-0600] {processor.py:183} INFO - Processing /Users/felipejimenez/Desktop/AirFlow/.env/lib/python3.9/site-packages/airflow/example_dags/example_xcomargs.py took 0.079 seconds
[2024-04-14T16:03:51.115-0600] {processor.py:161} INFO - Started process (PID=5849) to work on /Users/felipejimenez/Desktop/AirFlow/.env/lib/python3.9/site-packages/airflow/example_dags/example_xcomargs.py
[2024-04-14T16:03:51.116-0600] {processor.py:830} INFO - Processing file /Users/felipejimenez/Desktop/AirFlow/.env/lib/python3.9/site-packages/airflow/example_dags/example_xcomargs.py for tasks to queue
[2024-04-14T16:03:51.117-0600] {logging_mixin.py:188} INFO - [2024-04-14T16:03:51.117-0600] {dagbag.py:540} INFO - Filling up the DagBag from /Users/felipejimenez/Desktop/AirFlow/.env/lib/python3.9/site-packages/airflow/example_dags/example_xcomargs.py
[2024-04-14T16:03:51.130-0600] {processor.py:840} INFO - DAG(s) 'example_xcom_args', 'example_xcom_args_with_operators' retrieved from /Users/felipejimenez/Desktop/AirFlow/.env/lib/python3.9/site-packages/airflow/example_dags/example_xcomargs.py
[2024-04-14T16:03:51.161-0600] {logging_mixin.py:188} INFO - [2024-04-14T16:03:51.161-0600] {dag.py:3096} INFO - Sync 2 DAGs
[2024-04-14T16:03:51.186-0600] {logging_mixin.py:188} INFO - [2024-04-14T16:03:51.185-0600] {dag.py:3954} INFO - Setting next_dagrun for example_xcom_args to None, run_after=None
[2024-04-14T16:03:51.187-0600] {logging_mixin.py:188} INFO - [2024-04-14T16:03:51.187-0600] {dag.py:3954} INFO - Setting next_dagrun for example_xcom_args_with_operators to None, run_after=None
[2024-04-14T16:03:51.192-0600] {processor.py:183} INFO - Processing /Users/felipejimenez/Desktop/AirFlow/.env/lib/python3.9/site-packages/airflow/example_dags/example_xcomargs.py took 0.078 seconds
[2024-04-14T16:05:04.233-0600] {processor.py:161} INFO - Started process (PID=5984) to work on /Users/felipejimenez/Desktop/AirFlow/.env/lib/python3.9/site-packages/airflow/example_dags/example_xcomargs.py
[2024-04-14T16:05:04.234-0600] {processor.py:830} INFO - Processing file /Users/felipejimenez/Desktop/AirFlow/.env/lib/python3.9/site-packages/airflow/example_dags/example_xcomargs.py for tasks to queue
[2024-04-14T16:05:04.235-0600] {logging_mixin.py:188} INFO - [2024-04-14T16:05:04.235-0600] {dagbag.py:540} INFO - Filling up the DagBag from /Users/felipejimenez/Desktop/AirFlow/.env/lib/python3.9/site-packages/airflow/example_dags/example_xcomargs.py
[2024-04-14T16:05:04.247-0600] {processor.py:840} INFO - DAG(s) 'example_xcom_args_with_operators', 'example_xcom_args' retrieved from /Users/felipejimenez/Desktop/AirFlow/.env/lib/python3.9/site-packages/airflow/example_dags/example_xcomargs.py
[2024-04-14T16:05:04.281-0600] {logging_mixin.py:188} INFO - [2024-04-14T16:05:04.281-0600] {dag.py:3096} INFO - Sync 2 DAGs
[2024-04-14T16:05:04.303-0600] {logging_mixin.py:188} INFO - [2024-04-14T16:05:04.303-0600] {dag.py:3954} INFO - Setting next_dagrun for example_xcom_args to None, run_after=None
[2024-04-14T16:05:04.304-0600] {logging_mixin.py:188} INFO - [2024-04-14T16:05:04.304-0600] {dag.py:3954} INFO - Setting next_dagrun for example_xcom_args_with_operators to None, run_after=None
[2024-04-14T16:05:04.310-0600] {processor.py:183} INFO - Processing /Users/felipejimenez/Desktop/AirFlow/.env/lib/python3.9/site-packages/airflow/example_dags/example_xcomargs.py took 0.077 seconds
