[2024-04-14T15:42:49.719-0600] {processor.py:161} INFO - Started process (PID=4121) to work on /Users/felipejimenez/Desktop/AirFlow/.env/lib/python3.9/site-packages/airflow/example_dags/example_kubernetes_executor.py
[2024-04-14T15:42:49.720-0600] {processor.py:830} INFO - Processing file /Users/felipejimenez/Desktop/AirFlow/.env/lib/python3.9/site-packages/airflow/example_dags/example_kubernetes_executor.py for tasks to queue
[2024-04-14T15:42:49.721-0600] {logging_mixin.py:188} INFO - [2024-04-14T15:42:49.721-0600] {dagbag.py:540} INFO - Filling up the DagBag from /Users/felipejimenez/Desktop/AirFlow/.env/lib/python3.9/site-packages/airflow/example_dags/example_kubernetes_executor.py
[2024-04-14T15:42:49.734-0600] {logging_mixin.py:188} INFO - [2024-04-14T15:42:49.734-0600] {example_kubernetes_executor.py:39} WARNING - The example_kubernetes_executor example DAG requires the kubernetes provider. Please install it with: pip install apache-airflow[cncf.kubernetes]
[2024-04-14T15:42:49.735-0600] {processor.py:842} WARNING - No viable dags retrieved from /Users/felipejimenez/Desktop/AirFlow/.env/lib/python3.9/site-packages/airflow/example_dags/example_kubernetes_executor.py
[2024-04-14T15:42:49.761-0600] {processor.py:183} INFO - Processing /Users/felipejimenez/Desktop/AirFlow/.env/lib/python3.9/site-packages/airflow/example_dags/example_kubernetes_executor.py took 0.042 seconds
[2024-04-14T15:44:16.558-0600] {processor.py:161} INFO - Started process (PID=4224) to work on /Users/felipejimenez/Desktop/AirFlow/.env/lib/python3.9/site-packages/airflow/example_dags/example_kubernetes_executor.py
[2024-04-14T15:44:16.559-0600] {processor.py:830} INFO - Processing file /Users/felipejimenez/Desktop/AirFlow/.env/lib/python3.9/site-packages/airflow/example_dags/example_kubernetes_executor.py for tasks to queue
[2024-04-14T15:44:16.560-0600] {logging_mixin.py:188} INFO - [2024-04-14T15:44:16.559-0600] {dagbag.py:540} INFO - Filling up the DagBag from /Users/felipejimenez/Desktop/AirFlow/.env/lib/python3.9/site-packages/airflow/example_dags/example_kubernetes_executor.py
[2024-04-14T15:44:16.570-0600] {logging_mixin.py:188} INFO - [2024-04-14T15:44:16.570-0600] {example_kubernetes_executor.py:39} WARNING - The example_kubernetes_executor example DAG requires the kubernetes provider. Please install it with: pip install apache-airflow[cncf.kubernetes]
[2024-04-14T15:44:16.570-0600] {processor.py:842} WARNING - No viable dags retrieved from /Users/felipejimenez/Desktop/AirFlow/.env/lib/python3.9/site-packages/airflow/example_dags/example_kubernetes_executor.py
[2024-04-14T15:44:16.596-0600] {processor.py:183} INFO - Processing /Users/felipejimenez/Desktop/AirFlow/.env/lib/python3.9/site-packages/airflow/example_dags/example_kubernetes_executor.py took 0.040 seconds
[2024-04-14T15:45:45.469-0600] {processor.py:161} INFO - Started process (PID=4330) to work on /Users/felipejimenez/Desktop/AirFlow/.env/lib/python3.9/site-packages/airflow/example_dags/example_kubernetes_executor.py
[2024-04-14T15:45:45.471-0600] {processor.py:830} INFO - Processing file /Users/felipejimenez/Desktop/AirFlow/.env/lib/python3.9/site-packages/airflow/example_dags/example_kubernetes_executor.py for tasks to queue
[2024-04-14T15:45:45.471-0600] {logging_mixin.py:188} INFO - [2024-04-14T15:45:45.471-0600] {dagbag.py:540} INFO - Filling up the DagBag from /Users/felipejimenez/Desktop/AirFlow/.env/lib/python3.9/site-packages/airflow/example_dags/example_kubernetes_executor.py
[2024-04-14T15:45:45.482-0600] {logging_mixin.py:188} INFO - [2024-04-14T15:45:45.482-0600] {example_kubernetes_executor.py:39} WARNING - The example_kubernetes_executor example DAG requires the kubernetes provider. Please install it with: pip install apache-airflow[cncf.kubernetes]
[2024-04-14T15:45:45.482-0600] {processor.py:842} WARNING - No viable dags retrieved from /Users/felipejimenez/Desktop/AirFlow/.env/lib/python3.9/site-packages/airflow/example_dags/example_kubernetes_executor.py
[2024-04-14T15:45:45.509-0600] {processor.py:183} INFO - Processing /Users/felipejimenez/Desktop/AirFlow/.env/lib/python3.9/site-packages/airflow/example_dags/example_kubernetes_executor.py took 0.041 seconds
[2024-04-14T15:47:12.415-0600] {processor.py:161} INFO - Started process (PID=4430) to work on /Users/felipejimenez/Desktop/AirFlow/.env/lib/python3.9/site-packages/airflow/example_dags/example_kubernetes_executor.py
[2024-04-14T15:47:12.418-0600] {processor.py:830} INFO - Processing file /Users/felipejimenez/Desktop/AirFlow/.env/lib/python3.9/site-packages/airflow/example_dags/example_kubernetes_executor.py for tasks to queue
[2024-04-14T15:47:12.418-0600] {logging_mixin.py:188} INFO - [2024-04-14T15:47:12.418-0600] {dagbag.py:540} INFO - Filling up the DagBag from /Users/felipejimenez/Desktop/AirFlow/.env/lib/python3.9/site-packages/airflow/example_dags/example_kubernetes_executor.py
[2024-04-14T15:47:12.429-0600] {logging_mixin.py:188} INFO - [2024-04-14T15:47:12.429-0600] {example_kubernetes_executor.py:39} WARNING - The example_kubernetes_executor example DAG requires the kubernetes provider. Please install it with: pip install apache-airflow[cncf.kubernetes]
[2024-04-14T15:47:12.429-0600] {processor.py:842} WARNING - No viable dags retrieved from /Users/felipejimenez/Desktop/AirFlow/.env/lib/python3.9/site-packages/airflow/example_dags/example_kubernetes_executor.py
[2024-04-14T15:47:12.455-0600] {processor.py:183} INFO - Processing /Users/felipejimenez/Desktop/AirFlow/.env/lib/python3.9/site-packages/airflow/example_dags/example_kubernetes_executor.py took 0.041 seconds
[2024-04-14T15:48:42.977-0600] {processor.py:161} INFO - Started process (PID=4599) to work on /Users/felipejimenez/Desktop/AirFlow/.env/lib/python3.9/site-packages/airflow/example_dags/example_kubernetes_executor.py
[2024-04-14T15:48:42.978-0600] {processor.py:830} INFO - Processing file /Users/felipejimenez/Desktop/AirFlow/.env/lib/python3.9/site-packages/airflow/example_dags/example_kubernetes_executor.py for tasks to queue
[2024-04-14T15:48:42.979-0600] {logging_mixin.py:188} INFO - [2024-04-14T15:48:42.978-0600] {dagbag.py:540} INFO - Filling up the DagBag from /Users/felipejimenez/Desktop/AirFlow/.env/lib/python3.9/site-packages/airflow/example_dags/example_kubernetes_executor.py
[2024-04-14T15:48:42.989-0600] {logging_mixin.py:188} INFO - [2024-04-14T15:48:42.989-0600] {example_kubernetes_executor.py:39} WARNING - The example_kubernetes_executor example DAG requires the kubernetes provider. Please install it with: pip install apache-airflow[cncf.kubernetes]
[2024-04-14T15:48:42.989-0600] {processor.py:842} WARNING - No viable dags retrieved from /Users/felipejimenez/Desktop/AirFlow/.env/lib/python3.9/site-packages/airflow/example_dags/example_kubernetes_executor.py
[2024-04-14T15:48:43.015-0600] {processor.py:183} INFO - Processing /Users/felipejimenez/Desktop/AirFlow/.env/lib/python3.9/site-packages/airflow/example_dags/example_kubernetes_executor.py took 0.040 seconds
[2024-04-14T15:50:11.110-0600] {processor.py:161} INFO - Started process (PID=4714) to work on /Users/felipejimenez/Desktop/AirFlow/.env/lib/python3.9/site-packages/airflow/example_dags/example_kubernetes_executor.py
[2024-04-14T15:50:11.112-0600] {processor.py:830} INFO - Processing file /Users/felipejimenez/Desktop/AirFlow/.env/lib/python3.9/site-packages/airflow/example_dags/example_kubernetes_executor.py for tasks to queue
[2024-04-14T15:50:11.112-0600] {logging_mixin.py:188} INFO - [2024-04-14T15:50:11.112-0600] {dagbag.py:540} INFO - Filling up the DagBag from /Users/felipejimenez/Desktop/AirFlow/.env/lib/python3.9/site-packages/airflow/example_dags/example_kubernetes_executor.py
[2024-04-14T15:50:11.123-0600] {logging_mixin.py:188} INFO - [2024-04-14T15:50:11.123-0600] {example_kubernetes_executor.py:39} WARNING - The example_kubernetes_executor example DAG requires the kubernetes provider. Please install it with: pip install apache-airflow[cncf.kubernetes]
[2024-04-14T15:50:11.123-0600] {processor.py:842} WARNING - No viable dags retrieved from /Users/felipejimenez/Desktop/AirFlow/.env/lib/python3.9/site-packages/airflow/example_dags/example_kubernetes_executor.py
[2024-04-14T15:50:11.150-0600] {processor.py:183} INFO - Processing /Users/felipejimenez/Desktop/AirFlow/.env/lib/python3.9/site-packages/airflow/example_dags/example_kubernetes_executor.py took 0.040 seconds
[2024-04-14T15:51:41.875-0600] {processor.py:161} INFO - Started process (PID=4818) to work on /Users/felipejimenez/Desktop/AirFlow/.env/lib/python3.9/site-packages/airflow/example_dags/example_kubernetes_executor.py
[2024-04-14T15:51:41.878-0600] {processor.py:830} INFO - Processing file /Users/felipejimenez/Desktop/AirFlow/.env/lib/python3.9/site-packages/airflow/example_dags/example_kubernetes_executor.py for tasks to queue
[2024-04-14T15:51:41.878-0600] {logging_mixin.py:188} INFO - [2024-04-14T15:51:41.878-0600] {dagbag.py:540} INFO - Filling up the DagBag from /Users/felipejimenez/Desktop/AirFlow/.env/lib/python3.9/site-packages/airflow/example_dags/example_kubernetes_executor.py
[2024-04-14T15:51:41.889-0600] {logging_mixin.py:188} INFO - [2024-04-14T15:51:41.889-0600] {example_kubernetes_executor.py:39} WARNING - The example_kubernetes_executor example DAG requires the kubernetes provider. Please install it with: pip install apache-airflow[cncf.kubernetes]
[2024-04-14T15:51:41.889-0600] {processor.py:842} WARNING - No viable dags retrieved from /Users/felipejimenez/Desktop/AirFlow/.env/lib/python3.9/site-packages/airflow/example_dags/example_kubernetes_executor.py
[2024-04-14T15:51:41.915-0600] {processor.py:183} INFO - Processing /Users/felipejimenez/Desktop/AirFlow/.env/lib/python3.9/site-packages/airflow/example_dags/example_kubernetes_executor.py took 0.041 seconds
[2024-04-14T15:53:06.696-0600] {processor.py:161} INFO - Started process (PID=4974) to work on /Users/felipejimenez/Desktop/AirFlow/.env/lib/python3.9/site-packages/airflow/example_dags/example_kubernetes_executor.py
[2024-04-14T15:53:06.699-0600] {processor.py:830} INFO - Processing file /Users/felipejimenez/Desktop/AirFlow/.env/lib/python3.9/site-packages/airflow/example_dags/example_kubernetes_executor.py for tasks to queue
[2024-04-14T15:53:06.699-0600] {logging_mixin.py:188} INFO - [2024-04-14T15:53:06.699-0600] {dagbag.py:540} INFO - Filling up the DagBag from /Users/felipejimenez/Desktop/AirFlow/.env/lib/python3.9/site-packages/airflow/example_dags/example_kubernetes_executor.py
[2024-04-14T15:53:06.710-0600] {logging_mixin.py:188} INFO - [2024-04-14T15:53:06.709-0600] {example_kubernetes_executor.py:39} WARNING - The example_kubernetes_executor example DAG requires the kubernetes provider. Please install it with: pip install apache-airflow[cncf.kubernetes]
[2024-04-14T15:53:06.710-0600] {processor.py:842} WARNING - No viable dags retrieved from /Users/felipejimenez/Desktop/AirFlow/.env/lib/python3.9/site-packages/airflow/example_dags/example_kubernetes_executor.py
[2024-04-14T15:53:06.736-0600] {processor.py:183} INFO - Processing /Users/felipejimenez/Desktop/AirFlow/.env/lib/python3.9/site-packages/airflow/example_dags/example_kubernetes_executor.py took 0.041 seconds
[2024-04-14T15:54:34.971-0600] {processor.py:161} INFO - Started process (PID=5079) to work on /Users/felipejimenez/Desktop/AirFlow/.env/lib/python3.9/site-packages/airflow/example_dags/example_kubernetes_executor.py
[2024-04-14T15:54:34.973-0600] {processor.py:830} INFO - Processing file /Users/felipejimenez/Desktop/AirFlow/.env/lib/python3.9/site-packages/airflow/example_dags/example_kubernetes_executor.py for tasks to queue
[2024-04-14T15:54:34.973-0600] {logging_mixin.py:188} INFO - [2024-04-14T15:54:34.973-0600] {dagbag.py:540} INFO - Filling up the DagBag from /Users/felipejimenez/Desktop/AirFlow/.env/lib/python3.9/site-packages/airflow/example_dags/example_kubernetes_executor.py
[2024-04-14T15:54:34.983-0600] {logging_mixin.py:188} INFO - [2024-04-14T15:54:34.983-0600] {example_kubernetes_executor.py:39} WARNING - The example_kubernetes_executor example DAG requires the kubernetes provider. Please install it with: pip install apache-airflow[cncf.kubernetes]
[2024-04-14T15:54:34.983-0600] {processor.py:842} WARNING - No viable dags retrieved from /Users/felipejimenez/Desktop/AirFlow/.env/lib/python3.9/site-packages/airflow/example_dags/example_kubernetes_executor.py
[2024-04-14T15:54:35.011-0600] {processor.py:183} INFO - Processing /Users/felipejimenez/Desktop/AirFlow/.env/lib/python3.9/site-packages/airflow/example_dags/example_kubernetes_executor.py took 0.041 seconds
[2024-04-14T15:56:28.410-0600] {processor.py:161} INFO - Started process (PID=5244) to work on /Users/felipejimenez/Desktop/AirFlow/.env/lib/python3.9/site-packages/airflow/example_dags/example_kubernetes_executor.py
[2024-04-14T15:56:28.412-0600] {processor.py:830} INFO - Processing file /Users/felipejimenez/Desktop/AirFlow/.env/lib/python3.9/site-packages/airflow/example_dags/example_kubernetes_executor.py for tasks to queue
[2024-04-14T15:56:28.413-0600] {logging_mixin.py:188} INFO - [2024-04-14T15:56:28.413-0600] {dagbag.py:540} INFO - Filling up the DagBag from /Users/felipejimenez/Desktop/AirFlow/.env/lib/python3.9/site-packages/airflow/example_dags/example_kubernetes_executor.py
[2024-04-14T15:56:28.424-0600] {logging_mixin.py:188} INFO - [2024-04-14T15:56:28.424-0600] {example_kubernetes_executor.py:39} WARNING - The example_kubernetes_executor example DAG requires the kubernetes provider. Please install it with: pip install apache-airflow[cncf.kubernetes]
[2024-04-14T15:56:28.424-0600] {processor.py:842} WARNING - No viable dags retrieved from /Users/felipejimenez/Desktop/AirFlow/.env/lib/python3.9/site-packages/airflow/example_dags/example_kubernetes_executor.py
[2024-04-14T15:56:28.453-0600] {processor.py:183} INFO - Processing /Users/felipejimenez/Desktop/AirFlow/.env/lib/python3.9/site-packages/airflow/example_dags/example_kubernetes_executor.py took 0.044 seconds
[2024-04-14T15:57:52.185-0600] {processor.py:161} INFO - Started process (PID=5380) to work on /Users/felipejimenez/Desktop/AirFlow/.env/lib/python3.9/site-packages/airflow/example_dags/example_kubernetes_executor.py
[2024-04-14T15:57:52.187-0600] {processor.py:830} INFO - Processing file /Users/felipejimenez/Desktop/AirFlow/.env/lib/python3.9/site-packages/airflow/example_dags/example_kubernetes_executor.py for tasks to queue
[2024-04-14T15:57:52.187-0600] {logging_mixin.py:188} INFO - [2024-04-14T15:57:52.187-0600] {dagbag.py:540} INFO - Filling up the DagBag from /Users/felipejimenez/Desktop/AirFlow/.env/lib/python3.9/site-packages/airflow/example_dags/example_kubernetes_executor.py
[2024-04-14T15:57:52.198-0600] {logging_mixin.py:188} INFO - [2024-04-14T15:57:52.198-0600] {example_kubernetes_executor.py:39} WARNING - The example_kubernetes_executor example DAG requires the kubernetes provider. Please install it with: pip install apache-airflow[cncf.kubernetes]
[2024-04-14T15:57:52.198-0600] {processor.py:842} WARNING - No viable dags retrieved from /Users/felipejimenez/Desktop/AirFlow/.env/lib/python3.9/site-packages/airflow/example_dags/example_kubernetes_executor.py
[2024-04-14T15:57:52.225-0600] {processor.py:183} INFO - Processing /Users/felipejimenez/Desktop/AirFlow/.env/lib/python3.9/site-packages/airflow/example_dags/example_kubernetes_executor.py took 0.040 seconds
[2024-04-14T15:59:24.895-0600] {processor.py:161} INFO - Started process (PID=5505) to work on /Users/felipejimenez/Desktop/AirFlow/.env/lib/python3.9/site-packages/airflow/example_dags/example_kubernetes_executor.py
[2024-04-14T15:59:24.896-0600] {processor.py:830} INFO - Processing file /Users/felipejimenez/Desktop/AirFlow/.env/lib/python3.9/site-packages/airflow/example_dags/example_kubernetes_executor.py for tasks to queue
[2024-04-14T15:59:24.897-0600] {logging_mixin.py:188} INFO - [2024-04-14T15:59:24.897-0600] {dagbag.py:540} INFO - Filling up the DagBag from /Users/felipejimenez/Desktop/AirFlow/.env/lib/python3.9/site-packages/airflow/example_dags/example_kubernetes_executor.py
[2024-04-14T15:59:24.908-0600] {logging_mixin.py:188} INFO - [2024-04-14T15:59:24.907-0600] {example_kubernetes_executor.py:39} WARNING - The example_kubernetes_executor example DAG requires the kubernetes provider. Please install it with: pip install apache-airflow[cncf.kubernetes]
[2024-04-14T15:59:24.908-0600] {processor.py:842} WARNING - No viable dags retrieved from /Users/felipejimenez/Desktop/AirFlow/.env/lib/python3.9/site-packages/airflow/example_dags/example_kubernetes_executor.py
[2024-04-14T15:59:24.934-0600] {processor.py:183} INFO - Processing /Users/felipejimenez/Desktop/AirFlow/.env/lib/python3.9/site-packages/airflow/example_dags/example_kubernetes_executor.py took 0.040 seconds
[2024-04-14T16:00:51.237-0600] {processor.py:161} INFO - Started process (PID=5605) to work on /Users/felipejimenez/Desktop/AirFlow/.env/lib/python3.9/site-packages/airflow/example_dags/example_kubernetes_executor.py
[2024-04-14T16:00:51.238-0600] {processor.py:830} INFO - Processing file /Users/felipejimenez/Desktop/AirFlow/.env/lib/python3.9/site-packages/airflow/example_dags/example_kubernetes_executor.py for tasks to queue
[2024-04-14T16:00:51.239-0600] {logging_mixin.py:188} INFO - [2024-04-14T16:00:51.238-0600] {dagbag.py:540} INFO - Filling up the DagBag from /Users/felipejimenez/Desktop/AirFlow/.env/lib/python3.9/site-packages/airflow/example_dags/example_kubernetes_executor.py
[2024-04-14T16:00:51.250-0600] {logging_mixin.py:188} INFO - [2024-04-14T16:00:51.250-0600] {example_kubernetes_executor.py:39} WARNING - The example_kubernetes_executor example DAG requires the kubernetes provider. Please install it with: pip install apache-airflow[cncf.kubernetes]
[2024-04-14T16:00:51.250-0600] {processor.py:842} WARNING - No viable dags retrieved from /Users/felipejimenez/Desktop/AirFlow/.env/lib/python3.9/site-packages/airflow/example_dags/example_kubernetes_executor.py
[2024-04-14T16:00:51.278-0600] {processor.py:183} INFO - Processing /Users/felipejimenez/Desktop/AirFlow/.env/lib/python3.9/site-packages/airflow/example_dags/example_kubernetes_executor.py took 0.043 seconds
[2024-04-14T16:02:17.420-0600] {processor.py:161} INFO - Started process (PID=5703) to work on /Users/felipejimenez/Desktop/AirFlow/.env/lib/python3.9/site-packages/airflow/example_dags/example_kubernetes_executor.py
[2024-04-14T16:02:17.422-0600] {processor.py:830} INFO - Processing file /Users/felipejimenez/Desktop/AirFlow/.env/lib/python3.9/site-packages/airflow/example_dags/example_kubernetes_executor.py for tasks to queue
[2024-04-14T16:02:17.422-0600] {logging_mixin.py:188} INFO - [2024-04-14T16:02:17.422-0600] {dagbag.py:540} INFO - Filling up the DagBag from /Users/felipejimenez/Desktop/AirFlow/.env/lib/python3.9/site-packages/airflow/example_dags/example_kubernetes_executor.py
[2024-04-14T16:02:17.433-0600] {logging_mixin.py:188} INFO - [2024-04-14T16:02:17.433-0600] {example_kubernetes_executor.py:39} WARNING - The example_kubernetes_executor example DAG requires the kubernetes provider. Please install it with: pip install apache-airflow[cncf.kubernetes]
[2024-04-14T16:02:17.433-0600] {processor.py:842} WARNING - No viable dags retrieved from /Users/felipejimenez/Desktop/AirFlow/.env/lib/python3.9/site-packages/airflow/example_dags/example_kubernetes_executor.py
[2024-04-14T16:02:17.461-0600] {processor.py:183} INFO - Processing /Users/felipejimenez/Desktop/AirFlow/.env/lib/python3.9/site-packages/airflow/example_dags/example_kubernetes_executor.py took 0.042 seconds
[2024-04-14T16:04:26.527-0600] {processor.py:161} INFO - Started process (PID=5930) to work on /Users/felipejimenez/Desktop/AirFlow/.env/lib/python3.9/site-packages/airflow/example_dags/example_kubernetes_executor.py
[2024-04-14T16:04:26.528-0600] {processor.py:830} INFO - Processing file /Users/felipejimenez/Desktop/AirFlow/.env/lib/python3.9/site-packages/airflow/example_dags/example_kubernetes_executor.py for tasks to queue
[2024-04-14T16:04:26.528-0600] {logging_mixin.py:188} INFO - [2024-04-14T16:04:26.528-0600] {dagbag.py:540} INFO - Filling up the DagBag from /Users/felipejimenez/Desktop/AirFlow/.env/lib/python3.9/site-packages/airflow/example_dags/example_kubernetes_executor.py
[2024-04-14T16:04:26.539-0600] {logging_mixin.py:188} INFO - [2024-04-14T16:04:26.539-0600] {example_kubernetes_executor.py:39} WARNING - The example_kubernetes_executor example DAG requires the kubernetes provider. Please install it with: pip install apache-airflow[cncf.kubernetes]
[2024-04-14T16:04:26.539-0600] {processor.py:842} WARNING - No viable dags retrieved from /Users/felipejimenez/Desktop/AirFlow/.env/lib/python3.9/site-packages/airflow/example_dags/example_kubernetes_executor.py
[2024-04-14T16:04:26.565-0600] {processor.py:183} INFO - Processing /Users/felipejimenez/Desktop/AirFlow/.env/lib/python3.9/site-packages/airflow/example_dags/example_kubernetes_executor.py took 0.040 seconds
[2024-04-14T16:05:57.841-0600] {processor.py:161} INFO - Started process (PID=6094) to work on /Users/felipejimenez/Desktop/AirFlow/.env/lib/python3.9/site-packages/airflow/example_dags/example_kubernetes_executor.py
[2024-04-14T16:05:57.842-0600] {processor.py:830} INFO - Processing file /Users/felipejimenez/Desktop/AirFlow/.env/lib/python3.9/site-packages/airflow/example_dags/example_kubernetes_executor.py for tasks to queue
[2024-04-14T16:05:57.843-0600] {logging_mixin.py:188} INFO - [2024-04-14T16:05:57.842-0600] {dagbag.py:540} INFO - Filling up the DagBag from /Users/felipejimenez/Desktop/AirFlow/.env/lib/python3.9/site-packages/airflow/example_dags/example_kubernetes_executor.py
[2024-04-14T16:05:57.854-0600] {logging_mixin.py:188} INFO - [2024-04-14T16:05:57.853-0600] {example_kubernetes_executor.py:39} WARNING - The example_kubernetes_executor example DAG requires the kubernetes provider. Please install it with: pip install apache-airflow[cncf.kubernetes]
[2024-04-14T16:05:57.854-0600] {processor.py:842} WARNING - No viable dags retrieved from /Users/felipejimenez/Desktop/AirFlow/.env/lib/python3.9/site-packages/airflow/example_dags/example_kubernetes_executor.py
[2024-04-14T16:05:57.880-0600] {processor.py:183} INFO - Processing /Users/felipejimenez/Desktop/AirFlow/.env/lib/python3.9/site-packages/airflow/example_dags/example_kubernetes_executor.py took 0.040 seconds
