[2024-04-14T15:42:15.157-0600] {processor.py:161} INFO - Started process (PID=4072) to work on /Users/felipejimenez/Desktop/AirFlow/.env/lib/python3.9/site-packages/airflow/example_dags/example_trigger_target_dag.py
[2024-04-14T15:42:15.158-0600] {processor.py:830} INFO - Processing file /Users/felipejimenez/Desktop/AirFlow/.env/lib/python3.9/site-packages/airflow/example_dags/example_trigger_target_dag.py for tasks to queue
[2024-04-14T15:42:15.159-0600] {logging_mixin.py:188} INFO - [2024-04-14T15:42:15.159-0600] {dagbag.py:540} INFO - Filling up the DagBag from /Users/felipejimenez/Desktop/AirFlow/.env/lib/python3.9/site-packages/airflow/example_dags/example_trigger_target_dag.py
[2024-04-14T15:42:15.171-0600] {processor.py:840} INFO - DAG(s) 'example_trigger_target_dag' retrieved from /Users/felipejimenez/Desktop/AirFlow/.env/lib/python3.9/site-packages/airflow/example_dags/example_trigger_target_dag.py
[2024-04-14T15:42:15.245-0600] {logging_mixin.py:188} INFO - [2024-04-14T15:42:15.245-0600] {override.py:1829} INFO - Created Permission View: can delete on DAG:example_trigger_target_dag
[2024-04-14T15:42:15.247-0600] {logging_mixin.py:188} INFO - [2024-04-14T15:42:15.247-0600] {override.py:1829} INFO - Created Permission View: can read on DAG:example_trigger_target_dag
[2024-04-14T15:42:15.249-0600] {logging_mixin.py:188} INFO - [2024-04-14T15:42:15.249-0600] {override.py:1829} INFO - Created Permission View: can edit on DAG:example_trigger_target_dag
[2024-04-14T15:42:15.249-0600] {logging_mixin.py:188} INFO - [2024-04-14T15:42:15.249-0600] {dag.py:3096} INFO - Sync 1 DAGs
[2024-04-14T15:42:15.252-0600] {logging_mixin.py:188} INFO - [2024-04-14T15:42:15.252-0600] {dag.py:3118} INFO - Creating ORM DAG for example_trigger_target_dag
[2024-04-14T15:42:15.252-0600] {logging_mixin.py:188} INFO - [2024-04-14T15:42:15.252-0600] {dag.py:3954} INFO - Setting next_dagrun for example_trigger_target_dag to None, run_after=None
[2024-04-14T15:42:15.258-0600] {processor.py:183} INFO - Processing /Users/felipejimenez/Desktop/AirFlow/.env/lib/python3.9/site-packages/airflow/example_dags/example_trigger_target_dag.py took 0.102 seconds
[2024-04-14T15:43:31.634-0600] {processor.py:161} INFO - Started process (PID=4172) to work on /Users/felipejimenez/Desktop/AirFlow/.env/lib/python3.9/site-packages/airflow/example_dags/example_trigger_target_dag.py
[2024-04-14T15:43:31.635-0600] {processor.py:830} INFO - Processing file /Users/felipejimenez/Desktop/AirFlow/.env/lib/python3.9/site-packages/airflow/example_dags/example_trigger_target_dag.py for tasks to queue
[2024-04-14T15:43:31.635-0600] {logging_mixin.py:188} INFO - [2024-04-14T15:43:31.635-0600] {dagbag.py:540} INFO - Filling up the DagBag from /Users/felipejimenez/Desktop/AirFlow/.env/lib/python3.9/site-packages/airflow/example_dags/example_trigger_target_dag.py
[2024-04-14T15:43:31.648-0600] {processor.py:840} INFO - DAG(s) 'example_trigger_target_dag' retrieved from /Users/felipejimenez/Desktop/AirFlow/.env/lib/python3.9/site-packages/airflow/example_dags/example_trigger_target_dag.py
[2024-04-14T15:43:31.681-0600] {logging_mixin.py:188} INFO - [2024-04-14T15:43:31.681-0600] {dag.py:3096} INFO - Sync 1 DAGs
[2024-04-14T15:43:31.704-0600] {logging_mixin.py:188} INFO - [2024-04-14T15:43:31.704-0600] {dag.py:3954} INFO - Setting next_dagrun for example_trigger_target_dag to None, run_after=None
[2024-04-14T15:43:31.710-0600] {processor.py:183} INFO - Processing /Users/felipejimenez/Desktop/AirFlow/.env/lib/python3.9/site-packages/airflow/example_dags/example_trigger_target_dag.py took 0.078 seconds
[2024-04-14T15:44:58.507-0600] {processor.py:161} INFO - Started process (PID=4273) to work on /Users/felipejimenez/Desktop/AirFlow/.env/lib/python3.9/site-packages/airflow/example_dags/example_trigger_target_dag.py
[2024-04-14T15:44:58.508-0600] {processor.py:830} INFO - Processing file /Users/felipejimenez/Desktop/AirFlow/.env/lib/python3.9/site-packages/airflow/example_dags/example_trigger_target_dag.py for tasks to queue
[2024-04-14T15:44:58.509-0600] {logging_mixin.py:188} INFO - [2024-04-14T15:44:58.509-0600] {dagbag.py:540} INFO - Filling up the DagBag from /Users/felipejimenez/Desktop/AirFlow/.env/lib/python3.9/site-packages/airflow/example_dags/example_trigger_target_dag.py
[2024-04-14T15:44:58.520-0600] {processor.py:840} INFO - DAG(s) 'example_trigger_target_dag' retrieved from /Users/felipejimenez/Desktop/AirFlow/.env/lib/python3.9/site-packages/airflow/example_dags/example_trigger_target_dag.py
[2024-04-14T15:44:58.551-0600] {logging_mixin.py:188} INFO - [2024-04-14T15:44:58.551-0600] {dag.py:3096} INFO - Sync 1 DAGs
[2024-04-14T15:44:58.571-0600] {logging_mixin.py:188} INFO - [2024-04-14T15:44:58.570-0600] {dag.py:3954} INFO - Setting next_dagrun for example_trigger_target_dag to None, run_after=None
[2024-04-14T15:44:58.576-0600] {processor.py:183} INFO - Processing /Users/felipejimenez/Desktop/AirFlow/.env/lib/python3.9/site-packages/airflow/example_dags/example_trigger_target_dag.py took 0.070 seconds
[2024-04-14T15:46:21.530-0600] {processor.py:161} INFO - Started process (PID=4373) to work on /Users/felipejimenez/Desktop/AirFlow/.env/lib/python3.9/site-packages/airflow/example_dags/example_trigger_target_dag.py
[2024-04-14T15:46:21.532-0600] {processor.py:830} INFO - Processing file /Users/felipejimenez/Desktop/AirFlow/.env/lib/python3.9/site-packages/airflow/example_dags/example_trigger_target_dag.py for tasks to queue
[2024-04-14T15:46:21.532-0600] {logging_mixin.py:188} INFO - [2024-04-14T15:46:21.532-0600] {dagbag.py:540} INFO - Filling up the DagBag from /Users/felipejimenez/Desktop/AirFlow/.env/lib/python3.9/site-packages/airflow/example_dags/example_trigger_target_dag.py
[2024-04-14T15:46:21.543-0600] {processor.py:840} INFO - DAG(s) 'example_trigger_target_dag' retrieved from /Users/felipejimenez/Desktop/AirFlow/.env/lib/python3.9/site-packages/airflow/example_dags/example_trigger_target_dag.py
[2024-04-14T15:46:21.574-0600] {logging_mixin.py:188} INFO - [2024-04-14T15:46:21.574-0600] {dag.py:3096} INFO - Sync 1 DAGs
[2024-04-14T15:46:21.594-0600] {logging_mixin.py:188} INFO - [2024-04-14T15:46:21.593-0600] {dag.py:3954} INFO - Setting next_dagrun for example_trigger_target_dag to None, run_after=None
[2024-04-14T15:46:21.599-0600] {processor.py:183} INFO - Processing /Users/felipejimenez/Desktop/AirFlow/.env/lib/python3.9/site-packages/airflow/example_dags/example_trigger_target_dag.py took 0.070 seconds
[2024-04-14T15:47:54.703-0600] {processor.py:161} INFO - Started process (PID=4483) to work on /Users/felipejimenez/Desktop/AirFlow/.env/lib/python3.9/site-packages/airflow/example_dags/example_trigger_target_dag.py
[2024-04-14T15:47:54.704-0600] {processor.py:830} INFO - Processing file /Users/felipejimenez/Desktop/AirFlow/.env/lib/python3.9/site-packages/airflow/example_dags/example_trigger_target_dag.py for tasks to queue
[2024-04-14T15:47:54.704-0600] {logging_mixin.py:188} INFO - [2024-04-14T15:47:54.704-0600] {dagbag.py:540} INFO - Filling up the DagBag from /Users/felipejimenez/Desktop/AirFlow/.env/lib/python3.9/site-packages/airflow/example_dags/example_trigger_target_dag.py
[2024-04-14T15:47:54.715-0600] {processor.py:840} INFO - DAG(s) 'example_trigger_target_dag' retrieved from /Users/felipejimenez/Desktop/AirFlow/.env/lib/python3.9/site-packages/airflow/example_dags/example_trigger_target_dag.py
[2024-04-14T15:47:54.753-0600] {logging_mixin.py:188} INFO - [2024-04-14T15:47:54.753-0600] {dag.py:3096} INFO - Sync 1 DAGs
[2024-04-14T15:47:54.778-0600] {logging_mixin.py:188} INFO - [2024-04-14T15:47:54.778-0600] {dag.py:3954} INFO - Setting next_dagrun for example_trigger_target_dag to None, run_after=None
[2024-04-14T15:47:54.784-0600] {processor.py:183} INFO - Processing /Users/felipejimenez/Desktop/AirFlow/.env/lib/python3.9/site-packages/airflow/example_dags/example_trigger_target_dag.py took 0.083 seconds
[2024-04-14T15:49:23.384-0600] {processor.py:161} INFO - Started process (PID=4654) to work on /Users/felipejimenez/Desktop/AirFlow/.env/lib/python3.9/site-packages/airflow/example_dags/example_trigger_target_dag.py
[2024-04-14T15:49:23.386-0600] {processor.py:830} INFO - Processing file /Users/felipejimenez/Desktop/AirFlow/.env/lib/python3.9/site-packages/airflow/example_dags/example_trigger_target_dag.py for tasks to queue
[2024-04-14T15:49:23.387-0600] {logging_mixin.py:188} INFO - [2024-04-14T15:49:23.386-0600] {dagbag.py:540} INFO - Filling up the DagBag from /Users/felipejimenez/Desktop/AirFlow/.env/lib/python3.9/site-packages/airflow/example_dags/example_trigger_target_dag.py
[2024-04-14T15:49:23.398-0600] {processor.py:840} INFO - DAG(s) 'example_trigger_target_dag' retrieved from /Users/felipejimenez/Desktop/AirFlow/.env/lib/python3.9/site-packages/airflow/example_dags/example_trigger_target_dag.py
[2024-04-14T15:49:23.429-0600] {logging_mixin.py:188} INFO - [2024-04-14T15:49:23.428-0600] {dag.py:3096} INFO - Sync 1 DAGs
[2024-04-14T15:49:23.449-0600] {logging_mixin.py:188} INFO - [2024-04-14T15:49:23.449-0600] {dag.py:3954} INFO - Setting next_dagrun for example_trigger_target_dag to None, run_after=None
[2024-04-14T15:49:23.455-0600] {processor.py:183} INFO - Processing /Users/felipejimenez/Desktop/AirFlow/.env/lib/python3.9/site-packages/airflow/example_dags/example_trigger_target_dag.py took 0.071 seconds
[2024-04-14T15:50:50.848-0600] {processor.py:161} INFO - Started process (PID=4758) to work on /Users/felipejimenez/Desktop/AirFlow/.env/lib/python3.9/site-packages/airflow/example_dags/example_trigger_target_dag.py
[2024-04-14T15:50:50.851-0600] {processor.py:830} INFO - Processing file /Users/felipejimenez/Desktop/AirFlow/.env/lib/python3.9/site-packages/airflow/example_dags/example_trigger_target_dag.py for tasks to queue
[2024-04-14T15:50:50.851-0600] {logging_mixin.py:188} INFO - [2024-04-14T15:50:50.851-0600] {dagbag.py:540} INFO - Filling up the DagBag from /Users/felipejimenez/Desktop/AirFlow/.env/lib/python3.9/site-packages/airflow/example_dags/example_trigger_target_dag.py
[2024-04-14T15:50:50.863-0600] {processor.py:840} INFO - DAG(s) 'example_trigger_target_dag' retrieved from /Users/felipejimenez/Desktop/AirFlow/.env/lib/python3.9/site-packages/airflow/example_dags/example_trigger_target_dag.py
[2024-04-14T15:50:50.895-0600] {logging_mixin.py:188} INFO - [2024-04-14T15:50:50.895-0600] {dag.py:3096} INFO - Sync 1 DAGs
[2024-04-14T15:50:50.915-0600] {logging_mixin.py:188} INFO - [2024-04-14T15:50:50.915-0600] {dag.py:3954} INFO - Setting next_dagrun for example_trigger_target_dag to None, run_after=None
[2024-04-14T15:50:50.921-0600] {processor.py:183} INFO - Processing /Users/felipejimenez/Desktop/AirFlow/.env/lib/python3.9/site-packages/airflow/example_dags/example_trigger_target_dag.py took 0.073 seconds
[2024-04-14T15:52:20.262-0600] {processor.py:161} INFO - Started process (PID=4875) to work on /Users/felipejimenez/Desktop/AirFlow/.env/lib/python3.9/site-packages/airflow/example_dags/example_trigger_target_dag.py
[2024-04-14T15:52:20.263-0600] {processor.py:830} INFO - Processing file /Users/felipejimenez/Desktop/AirFlow/.env/lib/python3.9/site-packages/airflow/example_dags/example_trigger_target_dag.py for tasks to queue
[2024-04-14T15:52:20.264-0600] {logging_mixin.py:188} INFO - [2024-04-14T15:52:20.264-0600] {dagbag.py:540} INFO - Filling up the DagBag from /Users/felipejimenez/Desktop/AirFlow/.env/lib/python3.9/site-packages/airflow/example_dags/example_trigger_target_dag.py
[2024-04-14T15:52:20.276-0600] {processor.py:840} INFO - DAG(s) 'example_trigger_target_dag' retrieved from /Users/felipejimenez/Desktop/AirFlow/.env/lib/python3.9/site-packages/airflow/example_dags/example_trigger_target_dag.py
[2024-04-14T15:52:20.310-0600] {logging_mixin.py:188} INFO - [2024-04-14T15:52:20.310-0600] {dag.py:3096} INFO - Sync 1 DAGs
[2024-04-14T15:52:20.336-0600] {logging_mixin.py:188} INFO - [2024-04-14T15:52:20.336-0600] {dag.py:3954} INFO - Setting next_dagrun for example_trigger_target_dag to None, run_after=None
[2024-04-14T15:52:20.342-0600] {processor.py:183} INFO - Processing /Users/felipejimenez/Desktop/AirFlow/.env/lib/python3.9/site-packages/airflow/example_dags/example_trigger_target_dag.py took 0.081 seconds
[2024-04-14T15:53:46.674-0600] {processor.py:161} INFO - Started process (PID=5025) to work on /Users/felipejimenez/Desktop/AirFlow/.env/lib/python3.9/site-packages/airflow/example_dags/example_trigger_target_dag.py
[2024-04-14T15:53:46.676-0600] {processor.py:830} INFO - Processing file /Users/felipejimenez/Desktop/AirFlow/.env/lib/python3.9/site-packages/airflow/example_dags/example_trigger_target_dag.py for tasks to queue
[2024-04-14T15:53:46.677-0600] {logging_mixin.py:188} INFO - [2024-04-14T15:53:46.677-0600] {dagbag.py:540} INFO - Filling up the DagBag from /Users/felipejimenez/Desktop/AirFlow/.env/lib/python3.9/site-packages/airflow/example_dags/example_trigger_target_dag.py
[2024-04-14T15:53:46.689-0600] {processor.py:840} INFO - DAG(s) 'example_trigger_target_dag' retrieved from /Users/felipejimenez/Desktop/AirFlow/.env/lib/python3.9/site-packages/airflow/example_dags/example_trigger_target_dag.py
[2024-04-14T15:53:46.721-0600] {logging_mixin.py:188} INFO - [2024-04-14T15:53:46.721-0600] {dag.py:3096} INFO - Sync 1 DAGs
[2024-04-14T15:53:46.741-0600] {logging_mixin.py:188} INFO - [2024-04-14T15:53:46.741-0600] {dag.py:3954} INFO - Setting next_dagrun for example_trigger_target_dag to None, run_after=None
[2024-04-14T15:53:46.747-0600] {processor.py:183} INFO - Processing /Users/felipejimenez/Desktop/AirFlow/.env/lib/python3.9/site-packages/airflow/example_dags/example_trigger_target_dag.py took 0.074 seconds
[2024-04-14T15:55:56.292-0600] {processor.py:161} INFO - Started process (PID=5191) to work on /Users/felipejimenez/Desktop/AirFlow/.env/lib/python3.9/site-packages/airflow/example_dags/example_trigger_target_dag.py
[2024-04-14T15:55:56.293-0600] {processor.py:830} INFO - Processing file /Users/felipejimenez/Desktop/AirFlow/.env/lib/python3.9/site-packages/airflow/example_dags/example_trigger_target_dag.py for tasks to queue
[2024-04-14T15:55:56.294-0600] {logging_mixin.py:188} INFO - [2024-04-14T15:55:56.294-0600] {dagbag.py:540} INFO - Filling up the DagBag from /Users/felipejimenez/Desktop/AirFlow/.env/lib/python3.9/site-packages/airflow/example_dags/example_trigger_target_dag.py
[2024-04-14T15:55:56.305-0600] {processor.py:840} INFO - DAG(s) 'example_trigger_target_dag' retrieved from /Users/felipejimenez/Desktop/AirFlow/.env/lib/python3.9/site-packages/airflow/example_dags/example_trigger_target_dag.py
[2024-04-14T15:55:56.338-0600] {logging_mixin.py:188} INFO - [2024-04-14T15:55:56.338-0600] {dag.py:3096} INFO - Sync 1 DAGs
[2024-04-14T15:55:56.365-0600] {logging_mixin.py:188} INFO - [2024-04-14T15:55:56.364-0600] {dag.py:3954} INFO - Setting next_dagrun for example_trigger_target_dag to None, run_after=None
[2024-04-14T15:55:56.370-0600] {processor.py:183} INFO - Processing /Users/felipejimenez/Desktop/AirFlow/.env/lib/python3.9/site-packages/airflow/example_dags/example_trigger_target_dag.py took 0.080 seconds
[2024-04-14T15:57:09.238-0600] {processor.py:161} INFO - Started process (PID=5297) to work on /Users/felipejimenez/Desktop/AirFlow/.env/lib/python3.9/site-packages/airflow/example_dags/example_trigger_target_dag.py
[2024-04-14T15:57:09.240-0600] {processor.py:830} INFO - Processing file /Users/felipejimenez/Desktop/AirFlow/.env/lib/python3.9/site-packages/airflow/example_dags/example_trigger_target_dag.py for tasks to queue
[2024-04-14T15:57:09.240-0600] {logging_mixin.py:188} INFO - [2024-04-14T15:57:09.240-0600] {dagbag.py:540} INFO - Filling up the DagBag from /Users/felipejimenez/Desktop/AirFlow/.env/lib/python3.9/site-packages/airflow/example_dags/example_trigger_target_dag.py
[2024-04-14T15:57:09.252-0600] {processor.py:840} INFO - DAG(s) 'example_trigger_target_dag' retrieved from /Users/felipejimenez/Desktop/AirFlow/.env/lib/python3.9/site-packages/airflow/example_dags/example_trigger_target_dag.py
[2024-04-14T15:57:09.283-0600] {logging_mixin.py:188} INFO - [2024-04-14T15:57:09.283-0600] {dag.py:3096} INFO - Sync 1 DAGs
[2024-04-14T15:57:09.302-0600] {logging_mixin.py:188} INFO - [2024-04-14T15:57:09.302-0600] {dag.py:3954} INFO - Setting next_dagrun for example_trigger_target_dag to None, run_after=None
[2024-04-14T15:57:09.308-0600] {processor.py:183} INFO - Processing /Users/felipejimenez/Desktop/AirFlow/.env/lib/python3.9/site-packages/airflow/example_dags/example_trigger_target_dag.py took 0.071 seconds
[2024-04-14T15:58:36.799-0600] {processor.py:161} INFO - Started process (PID=5453) to work on /Users/felipejimenez/Desktop/AirFlow/.env/lib/python3.9/site-packages/airflow/example_dags/example_trigger_target_dag.py
[2024-04-14T15:58:36.801-0600] {processor.py:830} INFO - Processing file /Users/felipejimenez/Desktop/AirFlow/.env/lib/python3.9/site-packages/airflow/example_dags/example_trigger_target_dag.py for tasks to queue
[2024-04-14T15:58:36.801-0600] {logging_mixin.py:188} INFO - [2024-04-14T15:58:36.801-0600] {dagbag.py:540} INFO - Filling up the DagBag from /Users/felipejimenez/Desktop/AirFlow/.env/lib/python3.9/site-packages/airflow/example_dags/example_trigger_target_dag.py
[2024-04-14T15:58:36.812-0600] {processor.py:840} INFO - DAG(s) 'example_trigger_target_dag' retrieved from /Users/felipejimenez/Desktop/AirFlow/.env/lib/python3.9/site-packages/airflow/example_dags/example_trigger_target_dag.py
[2024-04-14T15:58:36.844-0600] {logging_mixin.py:188} INFO - [2024-04-14T15:58:36.844-0600] {dag.py:3096} INFO - Sync 1 DAGs
[2024-04-14T15:58:36.863-0600] {logging_mixin.py:188} INFO - [2024-04-14T15:58:36.863-0600] {dag.py:3954} INFO - Setting next_dagrun for example_trigger_target_dag to None, run_after=None
[2024-04-14T15:58:36.868-0600] {processor.py:183} INFO - Processing /Users/felipejimenez/Desktop/AirFlow/.env/lib/python3.9/site-packages/airflow/example_dags/example_trigger_target_dag.py took 0.070 seconds
[2024-04-14T16:00:04.346-0600] {processor.py:161} INFO - Started process (PID=5551) to work on /Users/felipejimenez/Desktop/AirFlow/.env/lib/python3.9/site-packages/airflow/example_dags/example_trigger_target_dag.py
[2024-04-14T16:00:04.347-0600] {processor.py:830} INFO - Processing file /Users/felipejimenez/Desktop/AirFlow/.env/lib/python3.9/site-packages/airflow/example_dags/example_trigger_target_dag.py for tasks to queue
[2024-04-14T16:00:04.348-0600] {logging_mixin.py:188} INFO - [2024-04-14T16:00:04.348-0600] {dagbag.py:540} INFO - Filling up the DagBag from /Users/felipejimenez/Desktop/AirFlow/.env/lib/python3.9/site-packages/airflow/example_dags/example_trigger_target_dag.py
[2024-04-14T16:00:04.359-0600] {processor.py:840} INFO - DAG(s) 'example_trigger_target_dag' retrieved from /Users/felipejimenez/Desktop/AirFlow/.env/lib/python3.9/site-packages/airflow/example_dags/example_trigger_target_dag.py
[2024-04-14T16:00:04.391-0600] {logging_mixin.py:188} INFO - [2024-04-14T16:00:04.391-0600] {dag.py:3096} INFO - Sync 1 DAGs
[2024-04-14T16:00:04.410-0600] {logging_mixin.py:188} INFO - [2024-04-14T16:00:04.410-0600] {dag.py:3954} INFO - Setting next_dagrun for example_trigger_target_dag to None, run_after=None
[2024-04-14T16:00:04.416-0600] {processor.py:183} INFO - Processing /Users/felipejimenez/Desktop/AirFlow/.env/lib/python3.9/site-packages/airflow/example_dags/example_trigger_target_dag.py took 0.071 seconds
[2024-04-14T16:01:29.917-0600] {processor.py:161} INFO - Started process (PID=5648) to work on /Users/felipejimenez/Desktop/AirFlow/.env/lib/python3.9/site-packages/airflow/example_dags/example_trigger_target_dag.py
[2024-04-14T16:01:29.918-0600] {processor.py:830} INFO - Processing file /Users/felipejimenez/Desktop/AirFlow/.env/lib/python3.9/site-packages/airflow/example_dags/example_trigger_target_dag.py for tasks to queue
[2024-04-14T16:01:29.919-0600] {logging_mixin.py:188} INFO - [2024-04-14T16:01:29.919-0600] {dagbag.py:540} INFO - Filling up the DagBag from /Users/felipejimenez/Desktop/AirFlow/.env/lib/python3.9/site-packages/airflow/example_dags/example_trigger_target_dag.py
[2024-04-14T16:01:29.930-0600] {processor.py:840} INFO - DAG(s) 'example_trigger_target_dag' retrieved from /Users/felipejimenez/Desktop/AirFlow/.env/lib/python3.9/site-packages/airflow/example_dags/example_trigger_target_dag.py
[2024-04-14T16:01:29.961-0600] {logging_mixin.py:188} INFO - [2024-04-14T16:01:29.961-0600] {dag.py:3096} INFO - Sync 1 DAGs
[2024-04-14T16:01:29.983-0600] {logging_mixin.py:188} INFO - [2024-04-14T16:01:29.983-0600] {dag.py:3954} INFO - Setting next_dagrun for example_trigger_target_dag to None, run_after=None
[2024-04-14T16:01:29.988-0600] {processor.py:183} INFO - Processing /Users/felipejimenez/Desktop/AirFlow/.env/lib/python3.9/site-packages/airflow/example_dags/example_trigger_target_dag.py took 0.073 seconds
[2024-04-14T16:03:54.445-0600] {processor.py:161} INFO - Started process (PID=5851) to work on /Users/felipejimenez/Desktop/AirFlow/.env/lib/python3.9/site-packages/airflow/example_dags/example_trigger_target_dag.py
[2024-04-14T16:03:54.447-0600] {processor.py:830} INFO - Processing file /Users/felipejimenez/Desktop/AirFlow/.env/lib/python3.9/site-packages/airflow/example_dags/example_trigger_target_dag.py for tasks to queue
[2024-04-14T16:03:54.447-0600] {logging_mixin.py:188} INFO - [2024-04-14T16:03:54.447-0600] {dagbag.py:540} INFO - Filling up the DagBag from /Users/felipejimenez/Desktop/AirFlow/.env/lib/python3.9/site-packages/airflow/example_dags/example_trigger_target_dag.py
[2024-04-14T16:03:54.459-0600] {processor.py:840} INFO - DAG(s) 'example_trigger_target_dag' retrieved from /Users/felipejimenez/Desktop/AirFlow/.env/lib/python3.9/site-packages/airflow/example_dags/example_trigger_target_dag.py
[2024-04-14T16:03:54.490-0600] {logging_mixin.py:188} INFO - [2024-04-14T16:03:54.490-0600] {dag.py:3096} INFO - Sync 1 DAGs
[2024-04-14T16:03:54.511-0600] {logging_mixin.py:188} INFO - [2024-04-14T16:03:54.511-0600] {dag.py:3954} INFO - Setting next_dagrun for example_trigger_target_dag to None, run_after=None
[2024-04-14T16:03:54.517-0600] {processor.py:183} INFO - Processing /Users/felipejimenez/Desktop/AirFlow/.env/lib/python3.9/site-packages/airflow/example_dags/example_trigger_target_dag.py took 0.073 seconds
[2024-04-14T16:05:07.370-0600] {processor.py:161} INFO - Started process (PID=5991) to work on /Users/felipejimenez/Desktop/AirFlow/.env/lib/python3.9/site-packages/airflow/example_dags/example_trigger_target_dag.py
[2024-04-14T16:05:07.371-0600] {processor.py:830} INFO - Processing file /Users/felipejimenez/Desktop/AirFlow/.env/lib/python3.9/site-packages/airflow/example_dags/example_trigger_target_dag.py for tasks to queue
[2024-04-14T16:05:07.372-0600] {logging_mixin.py:188} INFO - [2024-04-14T16:05:07.371-0600] {dagbag.py:540} INFO - Filling up the DagBag from /Users/felipejimenez/Desktop/AirFlow/.env/lib/python3.9/site-packages/airflow/example_dags/example_trigger_target_dag.py
[2024-04-14T16:05:07.384-0600] {processor.py:840} INFO - DAG(s) 'example_trigger_target_dag' retrieved from /Users/felipejimenez/Desktop/AirFlow/.env/lib/python3.9/site-packages/airflow/example_dags/example_trigger_target_dag.py
[2024-04-14T16:05:07.419-0600] {logging_mixin.py:188} INFO - [2024-04-14T16:05:07.418-0600] {dag.py:3096} INFO - Sync 1 DAGs
[2024-04-14T16:05:07.440-0600] {logging_mixin.py:188} INFO - [2024-04-14T16:05:07.440-0600] {dag.py:3954} INFO - Setting next_dagrun for example_trigger_target_dag to None, run_after=None
[2024-04-14T16:05:07.445-0600] {processor.py:183} INFO - Processing /Users/felipejimenez/Desktop/AirFlow/.env/lib/python3.9/site-packages/airflow/example_dags/example_trigger_target_dag.py took 0.077 seconds
