[2024-04-14T15:42:20.799-0600] {processor.py:161} INFO - Started process (PID=4081) to work on /Users/felipejimenez/Desktop/AirFlow/.env/lib/python3.9/site-packages/airflow/example_dags/example_task_group.py
[2024-04-14T15:42:20.800-0600] {processor.py:830} INFO - Processing file /Users/felipejimenez/Desktop/AirFlow/.env/lib/python3.9/site-packages/airflow/example_dags/example_task_group.py for tasks to queue
[2024-04-14T15:42:20.801-0600] {logging_mixin.py:188} INFO - [2024-04-14T15:42:20.801-0600] {dagbag.py:540} INFO - Filling up the DagBag from /Users/felipejimenez/Desktop/AirFlow/.env/lib/python3.9/site-packages/airflow/example_dags/example_task_group.py
[2024-04-14T15:42:20.804-0600] {processor.py:840} INFO - DAG(s) 'example_task_group' retrieved from /Users/felipejimenez/Desktop/AirFlow/.env/lib/python3.9/site-packages/airflow/example_dags/example_task_group.py
[2024-04-14T15:42:20.885-0600] {logging_mixin.py:188} INFO - [2024-04-14T15:42:20.885-0600] {override.py:1829} INFO - Created Permission View: can edit on DAG:example_task_group
[2024-04-14T15:42:20.888-0600] {logging_mixin.py:188} INFO - [2024-04-14T15:42:20.887-0600] {override.py:1829} INFO - Created Permission View: can delete on DAG:example_task_group
[2024-04-14T15:42:20.889-0600] {logging_mixin.py:188} INFO - [2024-04-14T15:42:20.889-0600] {override.py:1829} INFO - Created Permission View: can read on DAG:example_task_group
[2024-04-14T15:42:20.889-0600] {logging_mixin.py:188} INFO - [2024-04-14T15:42:20.889-0600] {dag.py:3096} INFO - Sync 1 DAGs
[2024-04-14T15:42:20.893-0600] {logging_mixin.py:188} INFO - [2024-04-14T15:42:20.893-0600] {dag.py:3118} INFO - Creating ORM DAG for example_task_group
[2024-04-14T15:42:20.896-0600] {logging_mixin.py:188} INFO - [2024-04-14T15:42:20.896-0600] {dag.py:3954} INFO - Setting next_dagrun for example_task_group to 2024-04-13 00:00:00+00:00, run_after=2024-04-14 00:00:00+00:00
[2024-04-14T15:42:20.901-0600] {processor.py:183} INFO - Processing /Users/felipejimenez/Desktop/AirFlow/.env/lib/python3.9/site-packages/airflow/example_dags/example_task_group.py took 0.103 seconds
[2024-04-14T15:43:37.812-0600] {processor.py:161} INFO - Started process (PID=4178) to work on /Users/felipejimenez/Desktop/AirFlow/.env/lib/python3.9/site-packages/airflow/example_dags/example_task_group.py
[2024-04-14T15:43:37.814-0600] {processor.py:830} INFO - Processing file /Users/felipejimenez/Desktop/AirFlow/.env/lib/python3.9/site-packages/airflow/example_dags/example_task_group.py for tasks to queue
[2024-04-14T15:43:37.814-0600] {logging_mixin.py:188} INFO - [2024-04-14T15:43:37.814-0600] {dagbag.py:540} INFO - Filling up the DagBag from /Users/felipejimenez/Desktop/AirFlow/.env/lib/python3.9/site-packages/airflow/example_dags/example_task_group.py
[2024-04-14T15:43:37.818-0600] {processor.py:840} INFO - DAG(s) 'example_task_group' retrieved from /Users/felipejimenez/Desktop/AirFlow/.env/lib/python3.9/site-packages/airflow/example_dags/example_task_group.py
[2024-04-14T15:43:37.852-0600] {logging_mixin.py:188} INFO - [2024-04-14T15:43:37.852-0600] {dag.py:3096} INFO - Sync 1 DAGs
[2024-04-14T15:43:37.858-0600] {logging_mixin.py:188} INFO - [2024-04-14T15:43:37.858-0600] {dag.py:3954} INFO - Setting next_dagrun for example_task_group to 2024-04-13 00:00:00+00:00, run_after=2024-04-14 00:00:00+00:00
[2024-04-14T15:43:37.865-0600] {processor.py:183} INFO - Processing /Users/felipejimenez/Desktop/AirFlow/.env/lib/python3.9/site-packages/airflow/example_dags/example_task_group.py took 0.053 seconds
[2024-04-14T15:45:04.304-0600] {processor.py:161} INFO - Started process (PID=4281) to work on /Users/felipejimenez/Desktop/AirFlow/.env/lib/python3.9/site-packages/airflow/example_dags/example_task_group.py
[2024-04-14T15:45:04.306-0600] {processor.py:830} INFO - Processing file /Users/felipejimenez/Desktop/AirFlow/.env/lib/python3.9/site-packages/airflow/example_dags/example_task_group.py for tasks to queue
[2024-04-14T15:45:04.306-0600] {logging_mixin.py:188} INFO - [2024-04-14T15:45:04.306-0600] {dagbag.py:540} INFO - Filling up the DagBag from /Users/felipejimenez/Desktop/AirFlow/.env/lib/python3.9/site-packages/airflow/example_dags/example_task_group.py
[2024-04-14T15:45:04.309-0600] {processor.py:840} INFO - DAG(s) 'example_task_group' retrieved from /Users/felipejimenez/Desktop/AirFlow/.env/lib/python3.9/site-packages/airflow/example_dags/example_task_group.py
[2024-04-14T15:45:04.341-0600] {logging_mixin.py:188} INFO - [2024-04-14T15:45:04.341-0600] {dag.py:3096} INFO - Sync 1 DAGs
[2024-04-14T15:45:04.347-0600] {logging_mixin.py:188} INFO - [2024-04-14T15:45:04.347-0600] {dag.py:3954} INFO - Setting next_dagrun for example_task_group to 2024-04-13 00:00:00+00:00, run_after=2024-04-14 00:00:00+00:00
[2024-04-14T15:45:04.353-0600] {processor.py:183} INFO - Processing /Users/felipejimenez/Desktop/AirFlow/.env/lib/python3.9/site-packages/airflow/example_dags/example_task_group.py took 0.049 seconds
[2024-04-14T15:46:27.181-0600] {processor.py:161} INFO - Started process (PID=4379) to work on /Users/felipejimenez/Desktop/AirFlow/.env/lib/python3.9/site-packages/airflow/example_dags/example_task_group.py
[2024-04-14T15:46:27.182-0600] {processor.py:830} INFO - Processing file /Users/felipejimenez/Desktop/AirFlow/.env/lib/python3.9/site-packages/airflow/example_dags/example_task_group.py for tasks to queue
[2024-04-14T15:46:27.182-0600] {logging_mixin.py:188} INFO - [2024-04-14T15:46:27.182-0600] {dagbag.py:540} INFO - Filling up the DagBag from /Users/felipejimenez/Desktop/AirFlow/.env/lib/python3.9/site-packages/airflow/example_dags/example_task_group.py
[2024-04-14T15:46:27.185-0600] {processor.py:840} INFO - DAG(s) 'example_task_group' retrieved from /Users/felipejimenez/Desktop/AirFlow/.env/lib/python3.9/site-packages/airflow/example_dags/example_task_group.py
[2024-04-14T15:46:27.217-0600] {logging_mixin.py:188} INFO - [2024-04-14T15:46:27.217-0600] {dag.py:3096} INFO - Sync 1 DAGs
[2024-04-14T15:46:27.223-0600] {logging_mixin.py:188} INFO - [2024-04-14T15:46:27.223-0600] {dag.py:3954} INFO - Setting next_dagrun for example_task_group to 2024-04-13 00:00:00+00:00, run_after=2024-04-14 00:00:00+00:00
[2024-04-14T15:46:27.228-0600] {processor.py:183} INFO - Processing /Users/felipejimenez/Desktop/AirFlow/.env/lib/python3.9/site-packages/airflow/example_dags/example_task_group.py took 0.049 seconds
[2024-04-14T15:48:00.276-0600] {processor.py:161} INFO - Started process (PID=4490) to work on /Users/felipejimenez/Desktop/AirFlow/.env/lib/python3.9/site-packages/airflow/example_dags/example_task_group.py
[2024-04-14T15:48:00.278-0600] {processor.py:830} INFO - Processing file /Users/felipejimenez/Desktop/AirFlow/.env/lib/python3.9/site-packages/airflow/example_dags/example_task_group.py for tasks to queue
[2024-04-14T15:48:00.278-0600] {logging_mixin.py:188} INFO - [2024-04-14T15:48:00.278-0600] {dagbag.py:540} INFO - Filling up the DagBag from /Users/felipejimenez/Desktop/AirFlow/.env/lib/python3.9/site-packages/airflow/example_dags/example_task_group.py
[2024-04-14T15:48:00.281-0600] {processor.py:840} INFO - DAG(s) 'example_task_group' retrieved from /Users/felipejimenez/Desktop/AirFlow/.env/lib/python3.9/site-packages/airflow/example_dags/example_task_group.py
[2024-04-14T15:48:00.313-0600] {logging_mixin.py:188} INFO - [2024-04-14T15:48:00.313-0600] {dag.py:3096} INFO - Sync 1 DAGs
[2024-04-14T15:48:00.319-0600] {logging_mixin.py:188} INFO - [2024-04-14T15:48:00.319-0600] {dag.py:3954} INFO - Setting next_dagrun for example_task_group to 2024-04-13 00:00:00+00:00, run_after=2024-04-14 00:00:00+00:00
[2024-04-14T15:48:00.325-0600] {processor.py:183} INFO - Processing /Users/felipejimenez/Desktop/AirFlow/.env/lib/python3.9/site-packages/airflow/example_dags/example_task_group.py took 0.050 seconds
[2024-04-14T15:49:29.061-0600] {processor.py:161} INFO - Started process (PID=4660) to work on /Users/felipejimenez/Desktop/AirFlow/.env/lib/python3.9/site-packages/airflow/example_dags/example_task_group.py
[2024-04-14T15:49:29.063-0600] {processor.py:830} INFO - Processing file /Users/felipejimenez/Desktop/AirFlow/.env/lib/python3.9/site-packages/airflow/example_dags/example_task_group.py for tasks to queue
[2024-04-14T15:49:29.063-0600] {logging_mixin.py:188} INFO - [2024-04-14T15:49:29.063-0600] {dagbag.py:540} INFO - Filling up the DagBag from /Users/felipejimenez/Desktop/AirFlow/.env/lib/python3.9/site-packages/airflow/example_dags/example_task_group.py
[2024-04-14T15:49:29.066-0600] {processor.py:840} INFO - DAG(s) 'example_task_group' retrieved from /Users/felipejimenez/Desktop/AirFlow/.env/lib/python3.9/site-packages/airflow/example_dags/example_task_group.py
[2024-04-14T15:49:29.098-0600] {logging_mixin.py:188} INFO - [2024-04-14T15:49:29.098-0600] {dag.py:3096} INFO - Sync 1 DAGs
[2024-04-14T15:49:29.104-0600] {logging_mixin.py:188} INFO - [2024-04-14T15:49:29.104-0600] {dag.py:3954} INFO - Setting next_dagrun for example_task_group to 2024-04-13 00:00:00+00:00, run_after=2024-04-14 00:00:00+00:00
[2024-04-14T15:49:29.111-0600] {processor.py:183} INFO - Processing /Users/felipejimenez/Desktop/AirFlow/.env/lib/python3.9/site-packages/airflow/example_dags/example_task_group.py took 0.051 seconds
[2024-04-14T15:50:56.494-0600] {processor.py:161} INFO - Started process (PID=4764) to work on /Users/felipejimenez/Desktop/AirFlow/.env/lib/python3.9/site-packages/airflow/example_dags/example_task_group.py
[2024-04-14T15:50:56.496-0600] {processor.py:830} INFO - Processing file /Users/felipejimenez/Desktop/AirFlow/.env/lib/python3.9/site-packages/airflow/example_dags/example_task_group.py for tasks to queue
[2024-04-14T15:50:56.496-0600] {logging_mixin.py:188} INFO - [2024-04-14T15:50:56.496-0600] {dagbag.py:540} INFO - Filling up the DagBag from /Users/felipejimenez/Desktop/AirFlow/.env/lib/python3.9/site-packages/airflow/example_dags/example_task_group.py
[2024-04-14T15:50:56.499-0600] {processor.py:840} INFO - DAG(s) 'example_task_group' retrieved from /Users/felipejimenez/Desktop/AirFlow/.env/lib/python3.9/site-packages/airflow/example_dags/example_task_group.py
[2024-04-14T15:50:56.533-0600] {logging_mixin.py:188} INFO - [2024-04-14T15:50:56.532-0600] {dag.py:3096} INFO - Sync 1 DAGs
[2024-04-14T15:50:56.539-0600] {logging_mixin.py:188} INFO - [2024-04-14T15:50:56.539-0600] {dag.py:3954} INFO - Setting next_dagrun for example_task_group to 2024-04-13 00:00:00+00:00, run_after=2024-04-14 00:00:00+00:00
[2024-04-14T15:50:56.544-0600] {processor.py:183} INFO - Processing /Users/felipejimenez/Desktop/AirFlow/.env/lib/python3.9/site-packages/airflow/example_dags/example_task_group.py took 0.051 seconds
[2024-04-14T15:52:25.289-0600] {processor.py:161} INFO - Started process (PID=4898) to work on /Users/felipejimenez/Desktop/AirFlow/.env/lib/python3.9/site-packages/airflow/example_dags/example_task_group.py
[2024-04-14T15:52:25.290-0600] {processor.py:830} INFO - Processing file /Users/felipejimenez/Desktop/AirFlow/.env/lib/python3.9/site-packages/airflow/example_dags/example_task_group.py for tasks to queue
[2024-04-14T15:52:25.290-0600] {logging_mixin.py:188} INFO - [2024-04-14T15:52:25.290-0600] {dagbag.py:540} INFO - Filling up the DagBag from /Users/felipejimenez/Desktop/AirFlow/.env/lib/python3.9/site-packages/airflow/example_dags/example_task_group.py
[2024-04-14T15:52:25.293-0600] {processor.py:840} INFO - DAG(s) 'example_task_group' retrieved from /Users/felipejimenez/Desktop/AirFlow/.env/lib/python3.9/site-packages/airflow/example_dags/example_task_group.py
[2024-04-14T15:52:25.326-0600] {logging_mixin.py:188} INFO - [2024-04-14T15:52:25.326-0600] {dag.py:3096} INFO - Sync 1 DAGs
[2024-04-14T15:52:25.332-0600] {logging_mixin.py:188} INFO - [2024-04-14T15:52:25.332-0600] {dag.py:3954} INFO - Setting next_dagrun for example_task_group to 2024-04-13 00:00:00+00:00, run_after=2024-04-14 00:00:00+00:00
[2024-04-14T15:52:25.337-0600] {processor.py:183} INFO - Processing /Users/felipejimenez/Desktop/AirFlow/.env/lib/python3.9/site-packages/airflow/example_dags/example_task_group.py took 0.050 seconds
[2024-04-14T15:53:52.114-0600] {processor.py:161} INFO - Started process (PID=5031) to work on /Users/felipejimenez/Desktop/AirFlow/.env/lib/python3.9/site-packages/airflow/example_dags/example_task_group.py
[2024-04-14T15:53:52.115-0600] {processor.py:830} INFO - Processing file /Users/felipejimenez/Desktop/AirFlow/.env/lib/python3.9/site-packages/airflow/example_dags/example_task_group.py for tasks to queue
[2024-04-14T15:53:52.116-0600] {logging_mixin.py:188} INFO - [2024-04-14T15:53:52.116-0600] {dagbag.py:540} INFO - Filling up the DagBag from /Users/felipejimenez/Desktop/AirFlow/.env/lib/python3.9/site-packages/airflow/example_dags/example_task_group.py
[2024-04-14T15:53:52.119-0600] {processor.py:840} INFO - DAG(s) 'example_task_group' retrieved from /Users/felipejimenez/Desktop/AirFlow/.env/lib/python3.9/site-packages/airflow/example_dags/example_task_group.py
[2024-04-14T15:53:52.152-0600] {logging_mixin.py:188} INFO - [2024-04-14T15:53:52.152-0600] {dag.py:3096} INFO - Sync 1 DAGs
[2024-04-14T15:53:52.158-0600] {logging_mixin.py:188} INFO - [2024-04-14T15:53:52.158-0600] {dag.py:3954} INFO - Setting next_dagrun for example_task_group to 2024-04-13 00:00:00+00:00, run_after=2024-04-14 00:00:00+00:00
[2024-04-14T15:53:52.164-0600] {processor.py:183} INFO - Processing /Users/felipejimenez/Desktop/AirFlow/.env/lib/python3.9/site-packages/airflow/example_dags/example_task_group.py took 0.051 seconds
[2024-04-14T15:56:01.895-0600] {processor.py:161} INFO - Started process (PID=5197) to work on /Users/felipejimenez/Desktop/AirFlow/.env/lib/python3.9/site-packages/airflow/example_dags/example_task_group.py
[2024-04-14T15:56:01.897-0600] {processor.py:830} INFO - Processing file /Users/felipejimenez/Desktop/AirFlow/.env/lib/python3.9/site-packages/airflow/example_dags/example_task_group.py for tasks to queue
[2024-04-14T15:56:01.897-0600] {logging_mixin.py:188} INFO - [2024-04-14T15:56:01.897-0600] {dagbag.py:540} INFO - Filling up the DagBag from /Users/felipejimenez/Desktop/AirFlow/.env/lib/python3.9/site-packages/airflow/example_dags/example_task_group.py
[2024-04-14T15:56:01.900-0600] {processor.py:840} INFO - DAG(s) 'example_task_group' retrieved from /Users/felipejimenez/Desktop/AirFlow/.env/lib/python3.9/site-packages/airflow/example_dags/example_task_group.py
[2024-04-14T15:56:01.933-0600] {logging_mixin.py:188} INFO - [2024-04-14T15:56:01.933-0600] {dag.py:3096} INFO - Sync 1 DAGs
[2024-04-14T15:56:01.939-0600] {logging_mixin.py:188} INFO - [2024-04-14T15:56:01.939-0600] {dag.py:3954} INFO - Setting next_dagrun for example_task_group to 2024-04-13 00:00:00+00:00, run_after=2024-04-14 00:00:00+00:00
[2024-04-14T15:56:01.945-0600] {processor.py:183} INFO - Processing /Users/felipejimenez/Desktop/AirFlow/.env/lib/python3.9/site-packages/airflow/example_dags/example_task_group.py took 0.051 seconds
[2024-04-14T15:57:15.093-0600] {processor.py:161} INFO - Started process (PID=5303) to work on /Users/felipejimenez/Desktop/AirFlow/.env/lib/python3.9/site-packages/airflow/example_dags/example_task_group.py
[2024-04-14T15:57:15.095-0600] {processor.py:830} INFO - Processing file /Users/felipejimenez/Desktop/AirFlow/.env/lib/python3.9/site-packages/airflow/example_dags/example_task_group.py for tasks to queue
[2024-04-14T15:57:15.095-0600] {logging_mixin.py:188} INFO - [2024-04-14T15:57:15.095-0600] {dagbag.py:540} INFO - Filling up the DagBag from /Users/felipejimenez/Desktop/AirFlow/.env/lib/python3.9/site-packages/airflow/example_dags/example_task_group.py
[2024-04-14T15:57:15.098-0600] {processor.py:840} INFO - DAG(s) 'example_task_group' retrieved from /Users/felipejimenez/Desktop/AirFlow/.env/lib/python3.9/site-packages/airflow/example_dags/example_task_group.py
[2024-04-14T15:57:15.131-0600] {logging_mixin.py:188} INFO - [2024-04-14T15:57:15.131-0600] {dag.py:3096} INFO - Sync 1 DAGs
[2024-04-14T15:57:15.137-0600] {logging_mixin.py:188} INFO - [2024-04-14T15:57:15.136-0600] {dag.py:3954} INFO - Setting next_dagrun for example_task_group to 2024-04-13 00:00:00+00:00, run_after=2024-04-14 00:00:00+00:00
[2024-04-14T15:57:15.142-0600] {processor.py:183} INFO - Processing /Users/felipejimenez/Desktop/AirFlow/.env/lib/python3.9/site-packages/airflow/example_dags/example_task_group.py took 0.050 seconds
[2024-04-14T15:58:42.481-0600] {processor.py:161} INFO - Started process (PID=5459) to work on /Users/felipejimenez/Desktop/AirFlow/.env/lib/python3.9/site-packages/airflow/example_dags/example_task_group.py
[2024-04-14T15:58:42.482-0600] {processor.py:830} INFO - Processing file /Users/felipejimenez/Desktop/AirFlow/.env/lib/python3.9/site-packages/airflow/example_dags/example_task_group.py for tasks to queue
[2024-04-14T15:58:42.482-0600] {logging_mixin.py:188} INFO - [2024-04-14T15:58:42.482-0600] {dagbag.py:540} INFO - Filling up the DagBag from /Users/felipejimenez/Desktop/AirFlow/.env/lib/python3.9/site-packages/airflow/example_dags/example_task_group.py
[2024-04-14T15:58:42.486-0600] {processor.py:840} INFO - DAG(s) 'example_task_group' retrieved from /Users/felipejimenez/Desktop/AirFlow/.env/lib/python3.9/site-packages/airflow/example_dags/example_task_group.py
[2024-04-14T15:58:42.521-0600] {logging_mixin.py:188} INFO - [2024-04-14T15:58:42.521-0600] {dag.py:3096} INFO - Sync 1 DAGs
[2024-04-14T15:58:42.528-0600] {logging_mixin.py:188} INFO - [2024-04-14T15:58:42.528-0600] {dag.py:3954} INFO - Setting next_dagrun for example_task_group to 2024-04-13 00:00:00+00:00, run_after=2024-04-14 00:00:00+00:00
[2024-04-14T15:58:42.534-0600] {processor.py:183} INFO - Processing /Users/felipejimenez/Desktop/AirFlow/.env/lib/python3.9/site-packages/airflow/example_dags/example_task_group.py took 0.054 seconds
[2024-04-14T16:00:09.921-0600] {processor.py:161} INFO - Started process (PID=5557) to work on /Users/felipejimenez/Desktop/AirFlow/.env/lib/python3.9/site-packages/airflow/example_dags/example_task_group.py
[2024-04-14T16:00:09.922-0600] {processor.py:830} INFO - Processing file /Users/felipejimenez/Desktop/AirFlow/.env/lib/python3.9/site-packages/airflow/example_dags/example_task_group.py for tasks to queue
[2024-04-14T16:00:09.922-0600] {logging_mixin.py:188} INFO - [2024-04-14T16:00:09.922-0600] {dagbag.py:540} INFO - Filling up the DagBag from /Users/felipejimenez/Desktop/AirFlow/.env/lib/python3.9/site-packages/airflow/example_dags/example_task_group.py
[2024-04-14T16:00:09.926-0600] {processor.py:840} INFO - DAG(s) 'example_task_group' retrieved from /Users/felipejimenez/Desktop/AirFlow/.env/lib/python3.9/site-packages/airflow/example_dags/example_task_group.py
[2024-04-14T16:00:09.959-0600] {logging_mixin.py:188} INFO - [2024-04-14T16:00:09.958-0600] {dag.py:3096} INFO - Sync 1 DAGs
[2024-04-14T16:00:09.965-0600] {logging_mixin.py:188} INFO - [2024-04-14T16:00:09.964-0600] {dag.py:3954} INFO - Setting next_dagrun for example_task_group to 2024-04-13 00:00:00+00:00, run_after=2024-04-14 00:00:00+00:00
[2024-04-14T16:00:09.970-0600] {processor.py:183} INFO - Processing /Users/felipejimenez/Desktop/AirFlow/.env/lib/python3.9/site-packages/airflow/example_dags/example_task_group.py took 0.051 seconds
[2024-04-14T16:01:35.489-0600] {processor.py:161} INFO - Started process (PID=5654) to work on /Users/felipejimenez/Desktop/AirFlow/.env/lib/python3.9/site-packages/airflow/example_dags/example_task_group.py
[2024-04-14T16:01:35.490-0600] {processor.py:830} INFO - Processing file /Users/felipejimenez/Desktop/AirFlow/.env/lib/python3.9/site-packages/airflow/example_dags/example_task_group.py for tasks to queue
[2024-04-14T16:01:35.491-0600] {logging_mixin.py:188} INFO - [2024-04-14T16:01:35.491-0600] {dagbag.py:540} INFO - Filling up the DagBag from /Users/felipejimenez/Desktop/AirFlow/.env/lib/python3.9/site-packages/airflow/example_dags/example_task_group.py
[2024-04-14T16:01:35.494-0600] {processor.py:840} INFO - DAG(s) 'example_task_group' retrieved from /Users/felipejimenez/Desktop/AirFlow/.env/lib/python3.9/site-packages/airflow/example_dags/example_task_group.py
[2024-04-14T16:01:35.527-0600] {logging_mixin.py:188} INFO - [2024-04-14T16:01:35.527-0600] {dag.py:3096} INFO - Sync 1 DAGs
[2024-04-14T16:01:35.532-0600] {logging_mixin.py:188} INFO - [2024-04-14T16:01:35.532-0600] {dag.py:3954} INFO - Setting next_dagrun for example_task_group to 2024-04-13 00:00:00+00:00, run_after=2024-04-14 00:00:00+00:00
[2024-04-14T16:01:35.538-0600] {processor.py:183} INFO - Processing /Users/felipejimenez/Desktop/AirFlow/.env/lib/python3.9/site-packages/airflow/example_dags/example_task_group.py took 0.050 seconds
[2024-04-14T16:04:00.074-0600] {processor.py:161} INFO - Started process (PID=5862) to work on /Users/felipejimenez/Desktop/AirFlow/.env/lib/python3.9/site-packages/airflow/example_dags/example_task_group.py
[2024-04-14T16:04:00.075-0600] {processor.py:830} INFO - Processing file /Users/felipejimenez/Desktop/AirFlow/.env/lib/python3.9/site-packages/airflow/example_dags/example_task_group.py for tasks to queue
[2024-04-14T16:04:00.075-0600] {logging_mixin.py:188} INFO - [2024-04-14T16:04:00.075-0600] {dagbag.py:540} INFO - Filling up the DagBag from /Users/felipejimenez/Desktop/AirFlow/.env/lib/python3.9/site-packages/airflow/example_dags/example_task_group.py
[2024-04-14T16:04:00.079-0600] {processor.py:840} INFO - DAG(s) 'example_task_group' retrieved from /Users/felipejimenez/Desktop/AirFlow/.env/lib/python3.9/site-packages/airflow/example_dags/example_task_group.py
[2024-04-14T16:04:00.112-0600] {logging_mixin.py:188} INFO - [2024-04-14T16:04:00.112-0600] {dag.py:3096} INFO - Sync 1 DAGs
[2024-04-14T16:04:00.118-0600] {logging_mixin.py:188} INFO - [2024-04-14T16:04:00.118-0600] {dag.py:3954} INFO - Setting next_dagrun for example_task_group to 2024-04-13 00:00:00+00:00, run_after=2024-04-14 00:00:00+00:00
[2024-04-14T16:04:00.124-0600] {processor.py:183} INFO - Processing /Users/felipejimenez/Desktop/AirFlow/.env/lib/python3.9/site-packages/airflow/example_dags/example_task_group.py took 0.052 seconds
[2024-04-14T16:05:13.164-0600] {processor.py:161} INFO - Started process (PID=6000) to work on /Users/felipejimenez/Desktop/AirFlow/.env/lib/python3.9/site-packages/airflow/example_dags/example_task_group.py
[2024-04-14T16:05:13.165-0600] {processor.py:830} INFO - Processing file /Users/felipejimenez/Desktop/AirFlow/.env/lib/python3.9/site-packages/airflow/example_dags/example_task_group.py for tasks to queue
[2024-04-14T16:05:13.166-0600] {logging_mixin.py:188} INFO - [2024-04-14T16:05:13.166-0600] {dagbag.py:540} INFO - Filling up the DagBag from /Users/felipejimenez/Desktop/AirFlow/.env/lib/python3.9/site-packages/airflow/example_dags/example_task_group.py
[2024-04-14T16:05:13.168-0600] {processor.py:840} INFO - DAG(s) 'example_task_group' retrieved from /Users/felipejimenez/Desktop/AirFlow/.env/lib/python3.9/site-packages/airflow/example_dags/example_task_group.py
[2024-04-14T16:05:13.201-0600] {logging_mixin.py:188} INFO - [2024-04-14T16:05:13.201-0600] {dag.py:3096} INFO - Sync 1 DAGs
[2024-04-14T16:05:13.207-0600] {logging_mixin.py:188} INFO - [2024-04-14T16:05:13.207-0600] {dag.py:3954} INFO - Setting next_dagrun for example_task_group to 2024-04-13 00:00:00+00:00, run_after=2024-04-14 00:00:00+00:00
[2024-04-14T16:05:13.213-0600] {processor.py:183} INFO - Processing /Users/felipejimenez/Desktop/AirFlow/.env/lib/python3.9/site-packages/airflow/example_dags/example_task_group.py took 0.050 seconds
