[2024-04-14T15:42:25.792-0600] {processor.py:161} INFO - Started process (PID=4086) to work on /Users/felipejimenez/Desktop/AirFlow/.env/lib/python3.9/site-packages/airflow/example_dags/example_skip_dag.py
[2024-04-14T15:42:25.793-0600] {processor.py:830} INFO - Processing file /Users/felipejimenez/Desktop/AirFlow/.env/lib/python3.9/site-packages/airflow/example_dags/example_skip_dag.py for tasks to queue
[2024-04-14T15:42:25.793-0600] {logging_mixin.py:188} INFO - [2024-04-14T15:42:25.793-0600] {dagbag.py:540} INFO - Filling up the DagBag from /Users/felipejimenez/Desktop/AirFlow/.env/lib/python3.9/site-packages/airflow/example_dags/example_skip_dag.py
[2024-04-14T15:42:25.796-0600] {processor.py:840} INFO - DAG(s) 'example_skip_dag' retrieved from /Users/felipejimenez/Desktop/AirFlow/.env/lib/python3.9/site-packages/airflow/example_dags/example_skip_dag.py
[2024-04-14T15:42:25.871-0600] {logging_mixin.py:188} INFO - [2024-04-14T15:42:25.871-0600] {override.py:1829} INFO - Created Permission View: can edit on DAG:example_skip_dag
[2024-04-14T15:42:25.874-0600] {logging_mixin.py:188} INFO - [2024-04-14T15:42:25.874-0600] {override.py:1829} INFO - Created Permission View: can delete on DAG:example_skip_dag
[2024-04-14T15:42:25.876-0600] {logging_mixin.py:188} INFO - [2024-04-14T15:42:25.876-0600] {override.py:1829} INFO - Created Permission View: can read on DAG:example_skip_dag
[2024-04-14T15:42:25.876-0600] {logging_mixin.py:188} INFO - [2024-04-14T15:42:25.876-0600] {dag.py:3096} INFO - Sync 1 DAGs
[2024-04-14T15:42:25.879-0600] {logging_mixin.py:188} INFO - [2024-04-14T15:42:25.879-0600] {dag.py:3118} INFO - Creating ORM DAG for example_skip_dag
[2024-04-14T15:42:25.882-0600] {logging_mixin.py:188} INFO - [2024-04-14T15:42:25.882-0600] {dag.py:3954} INFO - Setting next_dagrun for example_skip_dag to 2024-04-13 00:00:00+00:00, run_after=2024-04-14 00:00:00+00:00
[2024-04-14T15:42:25.887-0600] {processor.py:183} INFO - Processing /Users/felipejimenez/Desktop/AirFlow/.env/lib/python3.9/site-packages/airflow/example_dags/example_skip_dag.py took 0.096 seconds
[2024-04-14T15:43:41.841-0600] {processor.py:161} INFO - Started process (PID=4183) to work on /Users/felipejimenez/Desktop/AirFlow/.env/lib/python3.9/site-packages/airflow/example_dags/example_skip_dag.py
[2024-04-14T15:43:41.842-0600] {processor.py:830} INFO - Processing file /Users/felipejimenez/Desktop/AirFlow/.env/lib/python3.9/site-packages/airflow/example_dags/example_skip_dag.py for tasks to queue
[2024-04-14T15:43:41.842-0600] {logging_mixin.py:188} INFO - [2024-04-14T15:43:41.842-0600] {dagbag.py:540} INFO - Filling up the DagBag from /Users/felipejimenez/Desktop/AirFlow/.env/lib/python3.9/site-packages/airflow/example_dags/example_skip_dag.py
[2024-04-14T15:43:41.845-0600] {processor.py:840} INFO - DAG(s) 'example_skip_dag' retrieved from /Users/felipejimenez/Desktop/AirFlow/.env/lib/python3.9/site-packages/airflow/example_dags/example_skip_dag.py
[2024-04-14T15:43:41.880-0600] {logging_mixin.py:188} INFO - [2024-04-14T15:43:41.880-0600] {dag.py:3096} INFO - Sync 1 DAGs
[2024-04-14T15:43:41.886-0600] {logging_mixin.py:188} INFO - [2024-04-14T15:43:41.886-0600] {dag.py:3954} INFO - Setting next_dagrun for example_skip_dag to 2024-04-13 00:00:00+00:00, run_after=2024-04-14 00:00:00+00:00
[2024-04-14T15:43:41.892-0600] {processor.py:183} INFO - Processing /Users/felipejimenez/Desktop/AirFlow/.env/lib/python3.9/site-packages/airflow/example_dags/example_skip_dag.py took 0.052 seconds
[2024-04-14T15:45:08.543-0600] {processor.py:161} INFO - Started process (PID=4286) to work on /Users/felipejimenez/Desktop/AirFlow/.env/lib/python3.9/site-packages/airflow/example_dags/example_skip_dag.py
[2024-04-14T15:45:08.545-0600] {processor.py:830} INFO - Processing file /Users/felipejimenez/Desktop/AirFlow/.env/lib/python3.9/site-packages/airflow/example_dags/example_skip_dag.py for tasks to queue
[2024-04-14T15:45:08.545-0600] {logging_mixin.py:188} INFO - [2024-04-14T15:45:08.545-0600] {dagbag.py:540} INFO - Filling up the DagBag from /Users/felipejimenez/Desktop/AirFlow/.env/lib/python3.9/site-packages/airflow/example_dags/example_skip_dag.py
[2024-04-14T15:45:08.548-0600] {processor.py:840} INFO - DAG(s) 'example_skip_dag' retrieved from /Users/felipejimenez/Desktop/AirFlow/.env/lib/python3.9/site-packages/airflow/example_dags/example_skip_dag.py
[2024-04-14T15:45:08.580-0600] {logging_mixin.py:188} INFO - [2024-04-14T15:45:08.580-0600] {dag.py:3096} INFO - Sync 1 DAGs
[2024-04-14T15:45:08.586-0600] {logging_mixin.py:188} INFO - [2024-04-14T15:45:08.586-0600] {dag.py:3954} INFO - Setting next_dagrun for example_skip_dag to 2024-04-13 00:00:00+00:00, run_after=2024-04-14 00:00:00+00:00
[2024-04-14T15:45:08.591-0600] {processor.py:183} INFO - Processing /Users/felipejimenez/Desktop/AirFlow/.env/lib/python3.9/site-packages/airflow/example_dags/example_skip_dag.py took 0.049 seconds
[2024-04-14T15:46:31.178-0600] {processor.py:161} INFO - Started process (PID=4384) to work on /Users/felipejimenez/Desktop/AirFlow/.env/lib/python3.9/site-packages/airflow/example_dags/example_skip_dag.py
[2024-04-14T15:46:31.179-0600] {processor.py:830} INFO - Processing file /Users/felipejimenez/Desktop/AirFlow/.env/lib/python3.9/site-packages/airflow/example_dags/example_skip_dag.py for tasks to queue
[2024-04-14T15:46:31.180-0600] {logging_mixin.py:188} INFO - [2024-04-14T15:46:31.180-0600] {dagbag.py:540} INFO - Filling up the DagBag from /Users/felipejimenez/Desktop/AirFlow/.env/lib/python3.9/site-packages/airflow/example_dags/example_skip_dag.py
[2024-04-14T15:46:31.182-0600] {processor.py:840} INFO - DAG(s) 'example_skip_dag' retrieved from /Users/felipejimenez/Desktop/AirFlow/.env/lib/python3.9/site-packages/airflow/example_dags/example_skip_dag.py
[2024-04-14T15:46:31.214-0600] {logging_mixin.py:188} INFO - [2024-04-14T15:46:31.214-0600] {dag.py:3096} INFO - Sync 1 DAGs
[2024-04-14T15:46:31.220-0600] {logging_mixin.py:188} INFO - [2024-04-14T15:46:31.220-0600] {dag.py:3954} INFO - Setting next_dagrun for example_skip_dag to 2024-04-13 00:00:00+00:00, run_after=2024-04-14 00:00:00+00:00
[2024-04-14T15:46:31.225-0600] {processor.py:183} INFO - Processing /Users/felipejimenez/Desktop/AirFlow/.env/lib/python3.9/site-packages/airflow/example_dags/example_skip_dag.py took 0.049 seconds
[2024-04-14T15:48:04.215-0600] {processor.py:161} INFO - Started process (PID=4495) to work on /Users/felipejimenez/Desktop/AirFlow/.env/lib/python3.9/site-packages/airflow/example_dags/example_skip_dag.py
[2024-04-14T15:48:04.217-0600] {processor.py:830} INFO - Processing file /Users/felipejimenez/Desktop/AirFlow/.env/lib/python3.9/site-packages/airflow/example_dags/example_skip_dag.py for tasks to queue
[2024-04-14T15:48:04.217-0600] {logging_mixin.py:188} INFO - [2024-04-14T15:48:04.217-0600] {dagbag.py:540} INFO - Filling up the DagBag from /Users/felipejimenez/Desktop/AirFlow/.env/lib/python3.9/site-packages/airflow/example_dags/example_skip_dag.py
[2024-04-14T15:48:04.220-0600] {processor.py:840} INFO - DAG(s) 'example_skip_dag' retrieved from /Users/felipejimenez/Desktop/AirFlow/.env/lib/python3.9/site-packages/airflow/example_dags/example_skip_dag.py
[2024-04-14T15:48:04.252-0600] {logging_mixin.py:188} INFO - [2024-04-14T15:48:04.252-0600] {dag.py:3096} INFO - Sync 1 DAGs
[2024-04-14T15:48:04.258-0600] {logging_mixin.py:188} INFO - [2024-04-14T15:48:04.258-0600] {dag.py:3954} INFO - Setting next_dagrun for example_skip_dag to 2024-04-13 00:00:00+00:00, run_after=2024-04-14 00:00:00+00:00
[2024-04-14T15:48:04.264-0600] {processor.py:183} INFO - Processing /Users/felipejimenez/Desktop/AirFlow/.env/lib/python3.9/site-packages/airflow/example_dags/example_skip_dag.py took 0.049 seconds
[2024-04-14T15:49:34.125-0600] {processor.py:161} INFO - Started process (PID=4665) to work on /Users/felipejimenez/Desktop/AirFlow/.env/lib/python3.9/site-packages/airflow/example_dags/example_skip_dag.py
[2024-04-14T15:49:34.126-0600] {processor.py:830} INFO - Processing file /Users/felipejimenez/Desktop/AirFlow/.env/lib/python3.9/site-packages/airflow/example_dags/example_skip_dag.py for tasks to queue
[2024-04-14T15:49:34.127-0600] {logging_mixin.py:188} INFO - [2024-04-14T15:49:34.126-0600] {dagbag.py:540} INFO - Filling up the DagBag from /Users/felipejimenez/Desktop/AirFlow/.env/lib/python3.9/site-packages/airflow/example_dags/example_skip_dag.py
[2024-04-14T15:49:34.130-0600] {processor.py:840} INFO - DAG(s) 'example_skip_dag' retrieved from /Users/felipejimenez/Desktop/AirFlow/.env/lib/python3.9/site-packages/airflow/example_dags/example_skip_dag.py
[2024-04-14T15:49:34.163-0600] {logging_mixin.py:188} INFO - [2024-04-14T15:49:34.163-0600] {dag.py:3096} INFO - Sync 1 DAGs
[2024-04-14T15:49:34.169-0600] {logging_mixin.py:188} INFO - [2024-04-14T15:49:34.169-0600] {dag.py:3954} INFO - Setting next_dagrun for example_skip_dag to 2024-04-13 00:00:00+00:00, run_after=2024-04-14 00:00:00+00:00
[2024-04-14T15:49:34.175-0600] {processor.py:183} INFO - Processing /Users/felipejimenez/Desktop/AirFlow/.env/lib/python3.9/site-packages/airflow/example_dags/example_skip_dag.py took 0.051 seconds
[2024-04-14T15:51:00.791-0600] {processor.py:161} INFO - Started process (PID=4769) to work on /Users/felipejimenez/Desktop/AirFlow/.env/lib/python3.9/site-packages/airflow/example_dags/example_skip_dag.py
[2024-04-14T15:51:00.792-0600] {processor.py:830} INFO - Processing file /Users/felipejimenez/Desktop/AirFlow/.env/lib/python3.9/site-packages/airflow/example_dags/example_skip_dag.py for tasks to queue
[2024-04-14T15:51:00.793-0600] {logging_mixin.py:188} INFO - [2024-04-14T15:51:00.793-0600] {dagbag.py:540} INFO - Filling up the DagBag from /Users/felipejimenez/Desktop/AirFlow/.env/lib/python3.9/site-packages/airflow/example_dags/example_skip_dag.py
[2024-04-14T15:51:00.795-0600] {processor.py:840} INFO - DAG(s) 'example_skip_dag' retrieved from /Users/felipejimenez/Desktop/AirFlow/.env/lib/python3.9/site-packages/airflow/example_dags/example_skip_dag.py
[2024-04-14T15:51:00.828-0600] {logging_mixin.py:188} INFO - [2024-04-14T15:51:00.828-0600] {dag.py:3096} INFO - Sync 1 DAGs
[2024-04-14T15:51:00.834-0600] {logging_mixin.py:188} INFO - [2024-04-14T15:51:00.834-0600] {dag.py:3954} INFO - Setting next_dagrun for example_skip_dag to 2024-04-13 00:00:00+00:00, run_after=2024-04-14 00:00:00+00:00
[2024-04-14T15:51:00.840-0600] {processor.py:183} INFO - Processing /Users/felipejimenez/Desktop/AirFlow/.env/lib/python3.9/site-packages/airflow/example_dags/example_skip_dag.py took 0.051 seconds
[2024-04-14T15:52:29.915-0600] {processor.py:161} INFO - Started process (PID=4906) to work on /Users/felipejimenez/Desktop/AirFlow/.env/lib/python3.9/site-packages/airflow/example_dags/example_skip_dag.py
[2024-04-14T15:52:29.917-0600] {processor.py:830} INFO - Processing file /Users/felipejimenez/Desktop/AirFlow/.env/lib/python3.9/site-packages/airflow/example_dags/example_skip_dag.py for tasks to queue
[2024-04-14T15:52:29.917-0600] {logging_mixin.py:188} INFO - [2024-04-14T15:52:29.917-0600] {dagbag.py:540} INFO - Filling up the DagBag from /Users/felipejimenez/Desktop/AirFlow/.env/lib/python3.9/site-packages/airflow/example_dags/example_skip_dag.py
[2024-04-14T15:52:29.920-0600] {processor.py:840} INFO - DAG(s) 'example_skip_dag' retrieved from /Users/felipejimenez/Desktop/AirFlow/.env/lib/python3.9/site-packages/airflow/example_dags/example_skip_dag.py
[2024-04-14T15:52:29.953-0600] {logging_mixin.py:188} INFO - [2024-04-14T15:52:29.952-0600] {dag.py:3096} INFO - Sync 1 DAGs
[2024-04-14T15:52:29.959-0600] {logging_mixin.py:188} INFO - [2024-04-14T15:52:29.958-0600] {dag.py:3954} INFO - Setting next_dagrun for example_skip_dag to 2024-04-13 00:00:00+00:00, run_after=2024-04-14 00:00:00+00:00
[2024-04-14T15:52:29.964-0600] {processor.py:183} INFO - Processing /Users/felipejimenez/Desktop/AirFlow/.env/lib/python3.9/site-packages/airflow/example_dags/example_skip_dag.py took 0.050 seconds
[2024-04-14T15:53:56.917-0600] {processor.py:161} INFO - Started process (PID=5036) to work on /Users/felipejimenez/Desktop/AirFlow/.env/lib/python3.9/site-packages/airflow/example_dags/example_skip_dag.py
[2024-04-14T15:53:56.918-0600] {processor.py:830} INFO - Processing file /Users/felipejimenez/Desktop/AirFlow/.env/lib/python3.9/site-packages/airflow/example_dags/example_skip_dag.py for tasks to queue
[2024-04-14T15:53:56.919-0600] {logging_mixin.py:188} INFO - [2024-04-14T15:53:56.919-0600] {dagbag.py:540} INFO - Filling up the DagBag from /Users/felipejimenez/Desktop/AirFlow/.env/lib/python3.9/site-packages/airflow/example_dags/example_skip_dag.py
[2024-04-14T15:53:56.921-0600] {processor.py:840} INFO - DAG(s) 'example_skip_dag' retrieved from /Users/felipejimenez/Desktop/AirFlow/.env/lib/python3.9/site-packages/airflow/example_dags/example_skip_dag.py
[2024-04-14T15:53:56.954-0600] {logging_mixin.py:188} INFO - [2024-04-14T15:53:56.954-0600] {dag.py:3096} INFO - Sync 1 DAGs
[2024-04-14T15:53:56.961-0600] {logging_mixin.py:188} INFO - [2024-04-14T15:53:56.961-0600] {dag.py:3954} INFO - Setting next_dagrun for example_skip_dag to 2024-04-13 00:00:00+00:00, run_after=2024-04-14 00:00:00+00:00
[2024-04-14T15:53:56.966-0600] {processor.py:183} INFO - Processing /Users/felipejimenez/Desktop/AirFlow/.env/lib/python3.9/site-packages/airflow/example_dags/example_skip_dag.py took 0.050 seconds
[2024-04-14T15:56:05.887-0600] {processor.py:161} INFO - Started process (PID=5202) to work on /Users/felipejimenez/Desktop/AirFlow/.env/lib/python3.9/site-packages/airflow/example_dags/example_skip_dag.py
[2024-04-14T15:56:05.888-0600] {processor.py:830} INFO - Processing file /Users/felipejimenez/Desktop/AirFlow/.env/lib/python3.9/site-packages/airflow/example_dags/example_skip_dag.py for tasks to queue
[2024-04-14T15:56:05.888-0600] {logging_mixin.py:188} INFO - [2024-04-14T15:56:05.888-0600] {dagbag.py:540} INFO - Filling up the DagBag from /Users/felipejimenez/Desktop/AirFlow/.env/lib/python3.9/site-packages/airflow/example_dags/example_skip_dag.py
[2024-04-14T15:56:05.891-0600] {processor.py:840} INFO - DAG(s) 'example_skip_dag' retrieved from /Users/felipejimenez/Desktop/AirFlow/.env/lib/python3.9/site-packages/airflow/example_dags/example_skip_dag.py
[2024-04-14T15:56:05.924-0600] {logging_mixin.py:188} INFO - [2024-04-14T15:56:05.924-0600] {dag.py:3096} INFO - Sync 1 DAGs
[2024-04-14T15:56:05.930-0600] {logging_mixin.py:188} INFO - [2024-04-14T15:56:05.930-0600] {dag.py:3954} INFO - Setting next_dagrun for example_skip_dag to 2024-04-13 00:00:00+00:00, run_after=2024-04-14 00:00:00+00:00
[2024-04-14T15:56:05.936-0600] {processor.py:183} INFO - Processing /Users/felipejimenez/Desktop/AirFlow/.env/lib/python3.9/site-packages/airflow/example_dags/example_skip_dag.py took 0.050 seconds
[2024-04-14T15:57:19.090-0600] {processor.py:161} INFO - Started process (PID=5308) to work on /Users/felipejimenez/Desktop/AirFlow/.env/lib/python3.9/site-packages/airflow/example_dags/example_skip_dag.py
[2024-04-14T15:57:19.092-0600] {processor.py:830} INFO - Processing file /Users/felipejimenez/Desktop/AirFlow/.env/lib/python3.9/site-packages/airflow/example_dags/example_skip_dag.py for tasks to queue
[2024-04-14T15:57:19.092-0600] {logging_mixin.py:188} INFO - [2024-04-14T15:57:19.092-0600] {dagbag.py:540} INFO - Filling up the DagBag from /Users/felipejimenez/Desktop/AirFlow/.env/lib/python3.9/site-packages/airflow/example_dags/example_skip_dag.py
[2024-04-14T15:57:19.095-0600] {processor.py:840} INFO - DAG(s) 'example_skip_dag' retrieved from /Users/felipejimenez/Desktop/AirFlow/.env/lib/python3.9/site-packages/airflow/example_dags/example_skip_dag.py
[2024-04-14T15:57:19.127-0600] {logging_mixin.py:188} INFO - [2024-04-14T15:57:19.127-0600] {dag.py:3096} INFO - Sync 1 DAGs
[2024-04-14T15:57:19.133-0600] {logging_mixin.py:188} INFO - [2024-04-14T15:57:19.133-0600] {dag.py:3954} INFO - Setting next_dagrun for example_skip_dag to 2024-04-13 00:00:00+00:00, run_after=2024-04-14 00:00:00+00:00
[2024-04-14T15:57:19.139-0600] {processor.py:183} INFO - Processing /Users/felipejimenez/Desktop/AirFlow/.env/lib/python3.9/site-packages/airflow/example_dags/example_skip_dag.py took 0.050 seconds
[2024-04-14T15:58:46.718-0600] {processor.py:161} INFO - Started process (PID=5464) to work on /Users/felipejimenez/Desktop/AirFlow/.env/lib/python3.9/site-packages/airflow/example_dags/example_skip_dag.py
[2024-04-14T15:58:46.720-0600] {processor.py:830} INFO - Processing file /Users/felipejimenez/Desktop/AirFlow/.env/lib/python3.9/site-packages/airflow/example_dags/example_skip_dag.py for tasks to queue
[2024-04-14T15:58:46.720-0600] {logging_mixin.py:188} INFO - [2024-04-14T15:58:46.720-0600] {dagbag.py:540} INFO - Filling up the DagBag from /Users/felipejimenez/Desktop/AirFlow/.env/lib/python3.9/site-packages/airflow/example_dags/example_skip_dag.py
[2024-04-14T15:58:46.723-0600] {processor.py:840} INFO - DAG(s) 'example_skip_dag' retrieved from /Users/felipejimenez/Desktop/AirFlow/.env/lib/python3.9/site-packages/airflow/example_dags/example_skip_dag.py
[2024-04-14T15:58:46.756-0600] {logging_mixin.py:188} INFO - [2024-04-14T15:58:46.756-0600] {dag.py:3096} INFO - Sync 1 DAGs
[2024-04-14T15:58:46.762-0600] {logging_mixin.py:188} INFO - [2024-04-14T15:58:46.762-0600] {dag.py:3954} INFO - Setting next_dagrun for example_skip_dag to 2024-04-13 00:00:00+00:00, run_after=2024-04-14 00:00:00+00:00
[2024-04-14T15:58:46.768-0600] {processor.py:183} INFO - Processing /Users/felipejimenez/Desktop/AirFlow/.env/lib/python3.9/site-packages/airflow/example_dags/example_skip_dag.py took 0.051 seconds
[2024-04-14T16:00:13.868-0600] {processor.py:161} INFO - Started process (PID=5562) to work on /Users/felipejimenez/Desktop/AirFlow/.env/lib/python3.9/site-packages/airflow/example_dags/example_skip_dag.py
[2024-04-14T16:00:13.870-0600] {processor.py:830} INFO - Processing file /Users/felipejimenez/Desktop/AirFlow/.env/lib/python3.9/site-packages/airflow/example_dags/example_skip_dag.py for tasks to queue
[2024-04-14T16:00:13.870-0600] {logging_mixin.py:188} INFO - [2024-04-14T16:00:13.870-0600] {dagbag.py:540} INFO - Filling up the DagBag from /Users/felipejimenez/Desktop/AirFlow/.env/lib/python3.9/site-packages/airflow/example_dags/example_skip_dag.py
[2024-04-14T16:00:13.873-0600] {processor.py:840} INFO - DAG(s) 'example_skip_dag' retrieved from /Users/felipejimenez/Desktop/AirFlow/.env/lib/python3.9/site-packages/airflow/example_dags/example_skip_dag.py
[2024-04-14T16:00:13.906-0600] {logging_mixin.py:188} INFO - [2024-04-14T16:00:13.906-0600] {dag.py:3096} INFO - Sync 1 DAGs
[2024-04-14T16:00:13.912-0600] {logging_mixin.py:188} INFO - [2024-04-14T16:00:13.912-0600] {dag.py:3954} INFO - Setting next_dagrun for example_skip_dag to 2024-04-13 00:00:00+00:00, run_after=2024-04-14 00:00:00+00:00
[2024-04-14T16:00:13.918-0600] {processor.py:183} INFO - Processing /Users/felipejimenez/Desktop/AirFlow/.env/lib/python3.9/site-packages/airflow/example_dags/example_skip_dag.py took 0.051 seconds
[2024-04-14T16:01:39.285-0600] {processor.py:161} INFO - Started process (PID=5659) to work on /Users/felipejimenez/Desktop/AirFlow/.env/lib/python3.9/site-packages/airflow/example_dags/example_skip_dag.py
[2024-04-14T16:01:39.286-0600] {processor.py:830} INFO - Processing file /Users/felipejimenez/Desktop/AirFlow/.env/lib/python3.9/site-packages/airflow/example_dags/example_skip_dag.py for tasks to queue
[2024-04-14T16:01:39.287-0600] {logging_mixin.py:188} INFO - [2024-04-14T16:01:39.287-0600] {dagbag.py:540} INFO - Filling up the DagBag from /Users/felipejimenez/Desktop/AirFlow/.env/lib/python3.9/site-packages/airflow/example_dags/example_skip_dag.py
[2024-04-14T16:01:39.289-0600] {processor.py:840} INFO - DAG(s) 'example_skip_dag' retrieved from /Users/felipejimenez/Desktop/AirFlow/.env/lib/python3.9/site-packages/airflow/example_dags/example_skip_dag.py
[2024-04-14T16:01:39.322-0600] {logging_mixin.py:188} INFO - [2024-04-14T16:01:39.322-0600] {dag.py:3096} INFO - Sync 1 DAGs
[2024-04-14T16:01:39.329-0600] {logging_mixin.py:188} INFO - [2024-04-14T16:01:39.329-0600] {dag.py:3954} INFO - Setting next_dagrun for example_skip_dag to 2024-04-13 00:00:00+00:00, run_after=2024-04-14 00:00:00+00:00
[2024-04-14T16:01:39.335-0600] {processor.py:183} INFO - Processing /Users/felipejimenez/Desktop/AirFlow/.env/lib/python3.9/site-packages/airflow/example_dags/example_skip_dag.py took 0.051 seconds
[2024-04-14T16:04:04.058-0600] {processor.py:161} INFO - Started process (PID=5874) to work on /Users/felipejimenez/Desktop/AirFlow/.env/lib/python3.9/site-packages/airflow/example_dags/example_skip_dag.py
[2024-04-14T16:04:04.060-0600] {processor.py:830} INFO - Processing file /Users/felipejimenez/Desktop/AirFlow/.env/lib/python3.9/site-packages/airflow/example_dags/example_skip_dag.py for tasks to queue
[2024-04-14T16:04:04.060-0600] {logging_mixin.py:188} INFO - [2024-04-14T16:04:04.060-0600] {dagbag.py:540} INFO - Filling up the DagBag from /Users/felipejimenez/Desktop/AirFlow/.env/lib/python3.9/site-packages/airflow/example_dags/example_skip_dag.py
[2024-04-14T16:04:04.063-0600] {processor.py:840} INFO - DAG(s) 'example_skip_dag' retrieved from /Users/felipejimenez/Desktop/AirFlow/.env/lib/python3.9/site-packages/airflow/example_dags/example_skip_dag.py
[2024-04-14T16:04:04.098-0600] {logging_mixin.py:188} INFO - [2024-04-14T16:04:04.097-0600] {dag.py:3096} INFO - Sync 1 DAGs
[2024-04-14T16:04:04.104-0600] {logging_mixin.py:188} INFO - [2024-04-14T16:04:04.104-0600] {dag.py:3954} INFO - Setting next_dagrun for example_skip_dag to 2024-04-13 00:00:00+00:00, run_after=2024-04-14 00:00:00+00:00
[2024-04-14T16:04:04.110-0600] {processor.py:183} INFO - Processing /Users/felipejimenez/Desktop/AirFlow/.env/lib/python3.9/site-packages/airflow/example_dags/example_skip_dag.py took 0.053 seconds
[2024-04-14T16:05:17.107-0600] {processor.py:161} INFO - Started process (PID=6006) to work on /Users/felipejimenez/Desktop/AirFlow/.env/lib/python3.9/site-packages/airflow/example_dags/example_skip_dag.py
[2024-04-14T16:05:17.109-0600] {processor.py:830} INFO - Processing file /Users/felipejimenez/Desktop/AirFlow/.env/lib/python3.9/site-packages/airflow/example_dags/example_skip_dag.py for tasks to queue
[2024-04-14T16:05:17.109-0600] {logging_mixin.py:188} INFO - [2024-04-14T16:05:17.109-0600] {dagbag.py:540} INFO - Filling up the DagBag from /Users/felipejimenez/Desktop/AirFlow/.env/lib/python3.9/site-packages/airflow/example_dags/example_skip_dag.py
[2024-04-14T16:05:17.111-0600] {processor.py:840} INFO - DAG(s) 'example_skip_dag' retrieved from /Users/felipejimenez/Desktop/AirFlow/.env/lib/python3.9/site-packages/airflow/example_dags/example_skip_dag.py
[2024-04-14T16:05:17.145-0600] {logging_mixin.py:188} INFO - [2024-04-14T16:05:17.145-0600] {dag.py:3096} INFO - Sync 1 DAGs
[2024-04-14T16:05:17.151-0600] {logging_mixin.py:188} INFO - [2024-04-14T16:05:17.151-0600] {dag.py:3954} INFO - Setting next_dagrun for example_skip_dag to 2024-04-13 00:00:00+00:00, run_after=2024-04-14 00:00:00+00:00
[2024-04-14T16:05:17.156-0600] {processor.py:183} INFO - Processing /Users/felipejimenez/Desktop/AirFlow/.env/lib/python3.9/site-packages/airflow/example_dags/example_skip_dag.py took 0.050 seconds
