[2024-04-14T15:42:57.148-0600] {processor.py:161} INFO - Started process (PID=4130) to work on /Users/felipejimenez/Desktop/AirFlow/.env/lib/python3.9/site-packages/airflow/example_dags/example_datasets.py
[2024-04-14T15:42:57.150-0600] {processor.py:830} INFO - Processing file /Users/felipejimenez/Desktop/AirFlow/.env/lib/python3.9/site-packages/airflow/example_dags/example_datasets.py for tasks to queue
[2024-04-14T15:42:57.150-0600] {logging_mixin.py:188} INFO - [2024-04-14T15:42:57.150-0600] {dagbag.py:540} INFO - Filling up the DagBag from /Users/felipejimenez/Desktop/AirFlow/.env/lib/python3.9/site-packages/airflow/example_dags/example_datasets.py
[2024-04-14T15:42:57.182-0600] {processor.py:840} INFO - DAG(s) 'consume_1_or_both_2_and_3_with_dataset_expressions', 'dataset_consumes_1_never_scheduled', 'dataset_consumes_1', 'dataset_produces_2', 'conditional_dataset_and_time_based_timetable', 'consume_1_and_2_with_dataset_expressions', 'dataset_consumes_unknown_never_scheduled', 'consume_1_or_2_with_dataset_expressions', 'dataset_produces_1', 'dataset_consumes_1_and_2' retrieved from /Users/felipejimenez/Desktop/AirFlow/.env/lib/python3.9/site-packages/airflow/example_dags/example_datasets.py
[2024-04-14T15:42:57.257-0600] {logging_mixin.py:188} INFO - [2024-04-14T15:42:57.257-0600] {override.py:1829} INFO - Created Permission View: can delete on DAG:consume_1_or_both_2_and_3_with_dataset_expressions
[2024-04-14T15:42:57.259-0600] {logging_mixin.py:188} INFO - [2024-04-14T15:42:57.259-0600] {override.py:1829} INFO - Created Permission View: can read on DAG:consume_1_or_both_2_and_3_with_dataset_expressions
[2024-04-14T15:42:57.261-0600] {logging_mixin.py:188} INFO - [2024-04-14T15:42:57.261-0600] {override.py:1829} INFO - Created Permission View: can edit on DAG:consume_1_or_both_2_and_3_with_dataset_expressions
[2024-04-14T15:42:57.264-0600] {logging_mixin.py:188} INFO - [2024-04-14T15:42:57.264-0600] {override.py:1829} INFO - Created Permission View: can delete on DAG:dataset_consumes_1_never_scheduled
[2024-04-14T15:42:57.266-0600] {logging_mixin.py:188} INFO - [2024-04-14T15:42:57.265-0600] {override.py:1829} INFO - Created Permission View: can read on DAG:dataset_consumes_1_never_scheduled
[2024-04-14T15:42:57.267-0600] {logging_mixin.py:188} INFO - [2024-04-14T15:42:57.267-0600] {override.py:1829} INFO - Created Permission View: can edit on DAG:dataset_consumes_1_never_scheduled
[2024-04-14T15:42:57.270-0600] {logging_mixin.py:188} INFO - [2024-04-14T15:42:57.270-0600] {override.py:1829} INFO - Created Permission View: can delete on DAG:dataset_consumes_1
[2024-04-14T15:42:57.271-0600] {logging_mixin.py:188} INFO - [2024-04-14T15:42:57.271-0600] {override.py:1829} INFO - Created Permission View: can read on DAG:dataset_consumes_1
[2024-04-14T15:42:57.273-0600] {logging_mixin.py:188} INFO - [2024-04-14T15:42:57.272-0600] {override.py:1829} INFO - Created Permission View: can edit on DAG:dataset_consumes_1
[2024-04-14T15:42:57.275-0600] {logging_mixin.py:188} INFO - [2024-04-14T15:42:57.275-0600] {override.py:1829} INFO - Created Permission View: can delete on DAG:dataset_produces_2
[2024-04-14T15:42:57.277-0600] {logging_mixin.py:188} INFO - [2024-04-14T15:42:57.277-0600] {override.py:1829} INFO - Created Permission View: can read on DAG:dataset_produces_2
[2024-04-14T15:42:57.278-0600] {logging_mixin.py:188} INFO - [2024-04-14T15:42:57.278-0600] {override.py:1829} INFO - Created Permission View: can edit on DAG:dataset_produces_2
[2024-04-14T15:42:57.281-0600] {logging_mixin.py:188} INFO - [2024-04-14T15:42:57.281-0600] {override.py:1829} INFO - Created Permission View: can delete on DAG:conditional_dataset_and_time_based_timetable
[2024-04-14T15:42:57.282-0600] {logging_mixin.py:188} INFO - [2024-04-14T15:42:57.282-0600] {override.py:1829} INFO - Created Permission View: can read on DAG:conditional_dataset_and_time_based_timetable
[2024-04-14T15:42:57.283-0600] {logging_mixin.py:188} INFO - [2024-04-14T15:42:57.283-0600] {override.py:1829} INFO - Created Permission View: can edit on DAG:conditional_dataset_and_time_based_timetable
[2024-04-14T15:42:57.286-0600] {logging_mixin.py:188} INFO - [2024-04-14T15:42:57.286-0600] {override.py:1829} INFO - Created Permission View: can delete on DAG:consume_1_and_2_with_dataset_expressions
[2024-04-14T15:42:57.288-0600] {logging_mixin.py:188} INFO - [2024-04-14T15:42:57.288-0600] {override.py:1829} INFO - Created Permission View: can read on DAG:consume_1_and_2_with_dataset_expressions
[2024-04-14T15:42:57.289-0600] {logging_mixin.py:188} INFO - [2024-04-14T15:42:57.289-0600] {override.py:1829} INFO - Created Permission View: can edit on DAG:consume_1_and_2_with_dataset_expressions
[2024-04-14T15:42:57.292-0600] {logging_mixin.py:188} INFO - [2024-04-14T15:42:57.292-0600] {override.py:1829} INFO - Created Permission View: can delete on DAG:dataset_consumes_unknown_never_scheduled
[2024-04-14T15:42:57.293-0600] {logging_mixin.py:188} INFO - [2024-04-14T15:42:57.293-0600] {override.py:1829} INFO - Created Permission View: can read on DAG:dataset_consumes_unknown_never_scheduled
[2024-04-14T15:42:57.295-0600] {logging_mixin.py:188} INFO - [2024-04-14T15:42:57.294-0600] {override.py:1829} INFO - Created Permission View: can edit on DAG:dataset_consumes_unknown_never_scheduled
[2024-04-14T15:42:57.297-0600] {logging_mixin.py:188} INFO - [2024-04-14T15:42:57.297-0600] {override.py:1829} INFO - Created Permission View: can delete on DAG:consume_1_or_2_with_dataset_expressions
[2024-04-14T15:42:57.299-0600] {logging_mixin.py:188} INFO - [2024-04-14T15:42:57.299-0600] {override.py:1829} INFO - Created Permission View: can read on DAG:consume_1_or_2_with_dataset_expressions
[2024-04-14T15:42:57.300-0600] {logging_mixin.py:188} INFO - [2024-04-14T15:42:57.300-0600] {override.py:1829} INFO - Created Permission View: can edit on DAG:consume_1_or_2_with_dataset_expressions
[2024-04-14T15:42:57.303-0600] {logging_mixin.py:188} INFO - [2024-04-14T15:42:57.303-0600] {override.py:1829} INFO - Created Permission View: can delete on DAG:dataset_produces_1
[2024-04-14T15:42:57.304-0600] {logging_mixin.py:188} INFO - [2024-04-14T15:42:57.304-0600] {override.py:1829} INFO - Created Permission View: can read on DAG:dataset_produces_1
[2024-04-14T15:42:57.306-0600] {logging_mixin.py:188} INFO - [2024-04-14T15:42:57.306-0600] {override.py:1829} INFO - Created Permission View: can edit on DAG:dataset_produces_1
[2024-04-14T15:42:57.308-0600] {logging_mixin.py:188} INFO - [2024-04-14T15:42:57.308-0600] {override.py:1829} INFO - Created Permission View: can delete on DAG:dataset_consumes_1_and_2
[2024-04-14T15:42:57.310-0600] {logging_mixin.py:188} INFO - [2024-04-14T15:42:57.310-0600] {override.py:1829} INFO - Created Permission View: can read on DAG:dataset_consumes_1_and_2
[2024-04-14T15:42:57.311-0600] {logging_mixin.py:188} INFO - [2024-04-14T15:42:57.311-0600] {override.py:1829} INFO - Created Permission View: can edit on DAG:dataset_consumes_1_and_2
[2024-04-14T15:42:57.311-0600] {logging_mixin.py:188} INFO - [2024-04-14T15:42:57.311-0600] {dag.py:3096} INFO - Sync 10 DAGs
[2024-04-14T15:42:57.314-0600] {logging_mixin.py:188} INFO - [2024-04-14T15:42:57.314-0600] {dag.py:3118} INFO - Creating ORM DAG for dataset_consumes_unknown_never_scheduled
[2024-04-14T15:42:57.315-0600] {logging_mixin.py:188} INFO - [2024-04-14T15:42:57.315-0600] {dag.py:3118} INFO - Creating ORM DAG for consume_1_and_2_with_dataset_expressions
[2024-04-14T15:42:57.315-0600] {logging_mixin.py:188} INFO - [2024-04-14T15:42:57.315-0600] {dag.py:3118} INFO - Creating ORM DAG for dataset_consumes_1
[2024-04-14T15:42:57.315-0600] {logging_mixin.py:188} INFO - [2024-04-14T15:42:57.315-0600] {dag.py:3118} INFO - Creating ORM DAG for dataset_consumes_1_never_scheduled
[2024-04-14T15:42:57.315-0600] {logging_mixin.py:188} INFO - [2024-04-14T15:42:57.315-0600] {dag.py:3118} INFO - Creating ORM DAG for dataset_produces_1
[2024-04-14T15:42:57.315-0600] {logging_mixin.py:188} INFO - [2024-04-14T15:42:57.315-0600] {dag.py:3118} INFO - Creating ORM DAG for conditional_dataset_and_time_based_timetable
[2024-04-14T15:42:57.315-0600] {logging_mixin.py:188} INFO - [2024-04-14T15:42:57.315-0600] {dag.py:3118} INFO - Creating ORM DAG for dataset_produces_2
[2024-04-14T15:42:57.316-0600] {logging_mixin.py:188} INFO - [2024-04-14T15:42:57.315-0600] {dag.py:3118} INFO - Creating ORM DAG for dataset_consumes_1_and_2
[2024-04-14T15:42:57.316-0600] {logging_mixin.py:188} INFO - [2024-04-14T15:42:57.316-0600] {dag.py:3118} INFO - Creating ORM DAG for consume_1_or_both_2_and_3_with_dataset_expressions
[2024-04-14T15:42:57.316-0600] {logging_mixin.py:188} INFO - [2024-04-14T15:42:57.316-0600] {dag.py:3118} INFO - Creating ORM DAG for consume_1_or_2_with_dataset_expressions
[2024-04-14T15:42:57.318-0600] {logging_mixin.py:188} INFO - [2024-04-14T15:42:57.318-0600] {dag.py:3954} INFO - Setting next_dagrun for conditional_dataset_and_time_based_timetable to 2024-04-10 01:00:00+00:00, run_after=2024-04-10 01:00:00+00:00
[2024-04-14T15:42:57.319-0600] {logging_mixin.py:188} INFO - [2024-04-14T15:42:57.318-0600] {dag.py:3954} INFO - Setting next_dagrun for consume_1_and_2_with_dataset_expressions to None, run_after=None
[2024-04-14T15:42:57.319-0600] {logging_mixin.py:188} INFO - [2024-04-14T15:42:57.319-0600] {dag.py:3954} INFO - Setting next_dagrun for consume_1_or_2_with_dataset_expressions to None, run_after=None
[2024-04-14T15:42:57.319-0600] {logging_mixin.py:188} INFO - [2024-04-14T15:42:57.319-0600] {dag.py:3954} INFO - Setting next_dagrun for consume_1_or_both_2_and_3_with_dataset_expressions to None, run_after=None
[2024-04-14T15:42:57.319-0600] {logging_mixin.py:188} INFO - [2024-04-14T15:42:57.319-0600] {dag.py:3954} INFO - Setting next_dagrun for dataset_consumes_1 to None, run_after=None
[2024-04-14T15:42:57.319-0600] {logging_mixin.py:188} INFO - [2024-04-14T15:42:57.319-0600] {dag.py:3954} INFO - Setting next_dagrun for dataset_consumes_1_and_2 to None, run_after=None
[2024-04-14T15:42:57.319-0600] {logging_mixin.py:188} INFO - [2024-04-14T15:42:57.319-0600] {dag.py:3954} INFO - Setting next_dagrun for dataset_consumes_1_never_scheduled to None, run_after=None
[2024-04-14T15:42:57.319-0600] {logging_mixin.py:188} INFO - [2024-04-14T15:42:57.319-0600] {dag.py:3954} INFO - Setting next_dagrun for dataset_consumes_unknown_never_scheduled to None, run_after=None
[2024-04-14T15:42:57.320-0600] {logging_mixin.py:188} INFO - [2024-04-14T15:42:57.320-0600] {dag.py:3954} INFO - Setting next_dagrun for dataset_produces_1 to 2024-04-13 00:00:00+00:00, run_after=2024-04-14 00:00:00+00:00
[2024-04-14T15:42:57.320-0600] {logging_mixin.py:188} INFO - [2024-04-14T15:42:57.320-0600] {dag.py:3954} INFO - Setting next_dagrun for dataset_produces_2 to None, run_after=None
[2024-04-14T15:42:57.331-0600] {processor.py:183} INFO - Processing /Users/felipejimenez/Desktop/AirFlow/.env/lib/python3.9/site-packages/airflow/example_dags/example_datasets.py took 0.184 seconds
[2024-04-14T15:44:23.369-0600] {processor.py:161} INFO - Started process (PID=4231) to work on /Users/felipejimenez/Desktop/AirFlow/.env/lib/python3.9/site-packages/airflow/example_dags/example_datasets.py
[2024-04-14T15:44:23.371-0600] {processor.py:830} INFO - Processing file /Users/felipejimenez/Desktop/AirFlow/.env/lib/python3.9/site-packages/airflow/example_dags/example_datasets.py for tasks to queue
[2024-04-14T15:44:23.371-0600] {logging_mixin.py:188} INFO - [2024-04-14T15:44:23.371-0600] {dagbag.py:540} INFO - Filling up the DagBag from /Users/felipejimenez/Desktop/AirFlow/.env/lib/python3.9/site-packages/airflow/example_dags/example_datasets.py
[2024-04-14T15:44:23.400-0600] {processor.py:840} INFO - DAG(s) 'dataset_produces_1', 'dataset_consumes_1_never_scheduled', 'dataset_consumes_1', 'dataset_consumes_unknown_never_scheduled', 'dataset_consumes_1_and_2', 'consume_1_or_2_with_dataset_expressions', 'conditional_dataset_and_time_based_timetable', 'dataset_produces_2', 'consume_1_and_2_with_dataset_expressions', 'consume_1_or_both_2_and_3_with_dataset_expressions' retrieved from /Users/felipejimenez/Desktop/AirFlow/.env/lib/python3.9/site-packages/airflow/example_dags/example_datasets.py
[2024-04-14T15:44:23.438-0600] {logging_mixin.py:188} INFO - [2024-04-14T15:44:23.438-0600] {dag.py:3096} INFO - Sync 10 DAGs
[2024-04-14T15:44:23.461-0600] {logging_mixin.py:188} INFO - [2024-04-14T15:44:23.461-0600] {dag.py:3954} INFO - Setting next_dagrun for conditional_dataset_and_time_based_timetable to 2024-04-10 01:00:00+00:00, run_after=2024-04-10 01:00:00+00:00
[2024-04-14T15:44:23.462-0600] {logging_mixin.py:188} INFO - [2024-04-14T15:44:23.462-0600] {dag.py:3954} INFO - Setting next_dagrun for consume_1_and_2_with_dataset_expressions to None, run_after=None
[2024-04-14T15:44:23.462-0600] {logging_mixin.py:188} INFO - [2024-04-14T15:44:23.462-0600] {dag.py:3954} INFO - Setting next_dagrun for consume_1_or_2_with_dataset_expressions to None, run_after=None
[2024-04-14T15:44:23.463-0600] {logging_mixin.py:188} INFO - [2024-04-14T15:44:23.463-0600] {dag.py:3954} INFO - Setting next_dagrun for consume_1_or_both_2_and_3_with_dataset_expressions to None, run_after=None
[2024-04-14T15:44:23.463-0600] {logging_mixin.py:188} INFO - [2024-04-14T15:44:23.463-0600] {dag.py:3954} INFO - Setting next_dagrun for dataset_consumes_1 to None, run_after=None
[2024-04-14T15:44:23.463-0600] {logging_mixin.py:188} INFO - [2024-04-14T15:44:23.463-0600] {dag.py:3954} INFO - Setting next_dagrun for dataset_consumes_1_and_2 to None, run_after=None
[2024-04-14T15:44:23.463-0600] {logging_mixin.py:188} INFO - [2024-04-14T15:44:23.463-0600] {dag.py:3954} INFO - Setting next_dagrun for dataset_consumes_1_never_scheduled to None, run_after=None
[2024-04-14T15:44:23.464-0600] {logging_mixin.py:188} INFO - [2024-04-14T15:44:23.464-0600] {dag.py:3954} INFO - Setting next_dagrun for dataset_consumes_unknown_never_scheduled to None, run_after=None
[2024-04-14T15:44:23.464-0600] {logging_mixin.py:188} INFO - [2024-04-14T15:44:23.464-0600] {dag.py:3954} INFO - Setting next_dagrun for dataset_produces_1 to 2024-04-13 00:00:00+00:00, run_after=2024-04-14 00:00:00+00:00
[2024-04-14T15:44:23.465-0600] {logging_mixin.py:188} INFO - [2024-04-14T15:44:23.464-0600] {dag.py:3954} INFO - Setting next_dagrun for dataset_produces_2 to None, run_after=None
[2024-04-14T15:44:23.474-0600] {processor.py:183} INFO - Processing /Users/felipejimenez/Desktop/AirFlow/.env/lib/python3.9/site-packages/airflow/example_dags/example_datasets.py took 0.106 seconds
[2024-04-14T15:45:51.814-0600] {processor.py:161} INFO - Started process (PID=4339) to work on /Users/felipejimenez/Desktop/AirFlow/.env/lib/python3.9/site-packages/airflow/example_dags/example_datasets.py
[2024-04-14T15:45:51.816-0600] {processor.py:830} INFO - Processing file /Users/felipejimenez/Desktop/AirFlow/.env/lib/python3.9/site-packages/airflow/example_dags/example_datasets.py for tasks to queue
[2024-04-14T15:45:51.816-0600] {logging_mixin.py:188} INFO - [2024-04-14T15:45:51.816-0600] {dagbag.py:540} INFO - Filling up the DagBag from /Users/felipejimenez/Desktop/AirFlow/.env/lib/python3.9/site-packages/airflow/example_dags/example_datasets.py
[2024-04-14T15:45:51.848-0600] {processor.py:840} INFO - DAG(s) 'conditional_dataset_and_time_based_timetable', 'dataset_produces_2', 'dataset_consumes_1_and_2', 'consume_1_or_both_2_and_3_with_dataset_expressions', 'dataset_consumes_unknown_never_scheduled', 'consume_1_and_2_with_dataset_expressions', 'dataset_consumes_1', 'dataset_produces_1', 'dataset_consumes_1_never_scheduled', 'consume_1_or_2_with_dataset_expressions' retrieved from /Users/felipejimenez/Desktop/AirFlow/.env/lib/python3.9/site-packages/airflow/example_dags/example_datasets.py
[2024-04-14T15:45:51.888-0600] {logging_mixin.py:188} INFO - [2024-04-14T15:45:51.887-0600] {dag.py:3096} INFO - Sync 10 DAGs
[2024-04-14T15:45:51.911-0600] {logging_mixin.py:188} INFO - [2024-04-14T15:45:51.911-0600] {dag.py:3954} INFO - Setting next_dagrun for conditional_dataset_and_time_based_timetable to 2024-04-10 01:00:00+00:00, run_after=2024-04-10 01:00:00+00:00
[2024-04-14T15:45:51.912-0600] {logging_mixin.py:188} INFO - [2024-04-14T15:45:51.912-0600] {dag.py:3954} INFO - Setting next_dagrun for consume_1_and_2_with_dataset_expressions to None, run_after=None
[2024-04-14T15:45:51.912-0600] {logging_mixin.py:188} INFO - [2024-04-14T15:45:51.912-0600] {dag.py:3954} INFO - Setting next_dagrun for consume_1_or_2_with_dataset_expressions to None, run_after=None
[2024-04-14T15:45:51.912-0600] {logging_mixin.py:188} INFO - [2024-04-14T15:45:51.912-0600] {dag.py:3954} INFO - Setting next_dagrun for consume_1_or_both_2_and_3_with_dataset_expressions to None, run_after=None
[2024-04-14T15:45:51.912-0600] {logging_mixin.py:188} INFO - [2024-04-14T15:45:51.912-0600] {dag.py:3954} INFO - Setting next_dagrun for dataset_consumes_1 to None, run_after=None
[2024-04-14T15:45:51.913-0600] {logging_mixin.py:188} INFO - [2024-04-14T15:45:51.913-0600] {dag.py:3954} INFO - Setting next_dagrun for dataset_consumes_1_and_2 to None, run_after=None
[2024-04-14T15:45:51.913-0600] {logging_mixin.py:188} INFO - [2024-04-14T15:45:51.913-0600] {dag.py:3954} INFO - Setting next_dagrun for dataset_consumes_1_never_scheduled to None, run_after=None
[2024-04-14T15:45:51.913-0600] {logging_mixin.py:188} INFO - [2024-04-14T15:45:51.913-0600] {dag.py:3954} INFO - Setting next_dagrun for dataset_consumes_unknown_never_scheduled to None, run_after=None
[2024-04-14T15:45:51.914-0600] {logging_mixin.py:188} INFO - [2024-04-14T15:45:51.914-0600] {dag.py:3954} INFO - Setting next_dagrun for dataset_produces_1 to 2024-04-13 00:00:00+00:00, run_after=2024-04-14 00:00:00+00:00
[2024-04-14T15:45:51.914-0600] {logging_mixin.py:188} INFO - [2024-04-14T15:45:51.914-0600] {dag.py:3954} INFO - Setting next_dagrun for dataset_produces_2 to None, run_after=None
[2024-04-14T15:45:51.922-0600] {processor.py:183} INFO - Processing /Users/felipejimenez/Desktop/AirFlow/.env/lib/python3.9/site-packages/airflow/example_dags/example_datasets.py took 0.109 seconds
[2024-04-14T15:47:19.775-0600] {processor.py:161} INFO - Started process (PID=4437) to work on /Users/felipejimenez/Desktop/AirFlow/.env/lib/python3.9/site-packages/airflow/example_dags/example_datasets.py
[2024-04-14T15:47:19.777-0600] {processor.py:830} INFO - Processing file /Users/felipejimenez/Desktop/AirFlow/.env/lib/python3.9/site-packages/airflow/example_dags/example_datasets.py for tasks to queue
[2024-04-14T15:47:19.777-0600] {logging_mixin.py:188} INFO - [2024-04-14T15:47:19.777-0600] {dagbag.py:540} INFO - Filling up the DagBag from /Users/felipejimenez/Desktop/AirFlow/.env/lib/python3.9/site-packages/airflow/example_dags/example_datasets.py
[2024-04-14T15:47:19.810-0600] {processor.py:840} INFO - DAG(s) 'consume_1_or_2_with_dataset_expressions', 'dataset_produces_2', 'consume_1_and_2_with_dataset_expressions', 'dataset_consumes_1_and_2', 'dataset_consumes_1', 'consume_1_or_both_2_and_3_with_dataset_expressions', 'conditional_dataset_and_time_based_timetable', 'dataset_consumes_unknown_never_scheduled', 'dataset_consumes_1_never_scheduled', 'dataset_produces_1' retrieved from /Users/felipejimenez/Desktop/AirFlow/.env/lib/python3.9/site-packages/airflow/example_dags/example_datasets.py
[2024-04-14T15:47:19.851-0600] {logging_mixin.py:188} INFO - [2024-04-14T15:47:19.851-0600] {dag.py:3096} INFO - Sync 10 DAGs
[2024-04-14T15:47:19.880-0600] {logging_mixin.py:188} INFO - [2024-04-14T15:47:19.880-0600] {dag.py:3954} INFO - Setting next_dagrun for conditional_dataset_and_time_based_timetable to 2024-04-10 01:00:00+00:00, run_after=2024-04-10 01:00:00+00:00
[2024-04-14T15:47:19.881-0600] {logging_mixin.py:188} INFO - [2024-04-14T15:47:19.881-0600] {dag.py:3954} INFO - Setting next_dagrun for consume_1_and_2_with_dataset_expressions to None, run_after=None
[2024-04-14T15:47:19.881-0600] {logging_mixin.py:188} INFO - [2024-04-14T15:47:19.881-0600] {dag.py:3954} INFO - Setting next_dagrun for consume_1_or_2_with_dataset_expressions to None, run_after=None
[2024-04-14T15:47:19.881-0600] {logging_mixin.py:188} INFO - [2024-04-14T15:47:19.881-0600] {dag.py:3954} INFO - Setting next_dagrun for consume_1_or_both_2_and_3_with_dataset_expressions to None, run_after=None
[2024-04-14T15:47:19.881-0600] {logging_mixin.py:188} INFO - [2024-04-14T15:47:19.881-0600] {dag.py:3954} INFO - Setting next_dagrun for dataset_consumes_1 to None, run_after=None
[2024-04-14T15:47:19.882-0600] {logging_mixin.py:188} INFO - [2024-04-14T15:47:19.882-0600] {dag.py:3954} INFO - Setting next_dagrun for dataset_consumes_1_and_2 to None, run_after=None
[2024-04-14T15:47:19.882-0600] {logging_mixin.py:188} INFO - [2024-04-14T15:47:19.882-0600] {dag.py:3954} INFO - Setting next_dagrun for dataset_consumes_1_never_scheduled to None, run_after=None
[2024-04-14T15:47:19.882-0600] {logging_mixin.py:188} INFO - [2024-04-14T15:47:19.882-0600] {dag.py:3954} INFO - Setting next_dagrun for dataset_consumes_unknown_never_scheduled to None, run_after=None
[2024-04-14T15:47:19.883-0600] {logging_mixin.py:188} INFO - [2024-04-14T15:47:19.883-0600] {dag.py:3954} INFO - Setting next_dagrun for dataset_produces_1 to 2024-04-13 00:00:00+00:00, run_after=2024-04-14 00:00:00+00:00
[2024-04-14T15:47:19.883-0600] {logging_mixin.py:188} INFO - [2024-04-14T15:47:19.883-0600] {dag.py:3954} INFO - Setting next_dagrun for dataset_produces_2 to None, run_after=None
[2024-04-14T15:47:19.892-0600] {processor.py:183} INFO - Processing /Users/felipejimenez/Desktop/AirFlow/.env/lib/python3.9/site-packages/airflow/example_dags/example_datasets.py took 0.118 seconds
[2024-04-14T15:48:50.261-0600] {processor.py:161} INFO - Started process (PID=4606) to work on /Users/felipejimenez/Desktop/AirFlow/.env/lib/python3.9/site-packages/airflow/example_dags/example_datasets.py
[2024-04-14T15:48:50.263-0600] {processor.py:830} INFO - Processing file /Users/felipejimenez/Desktop/AirFlow/.env/lib/python3.9/site-packages/airflow/example_dags/example_datasets.py for tasks to queue
[2024-04-14T15:48:50.263-0600] {logging_mixin.py:188} INFO - [2024-04-14T15:48:50.263-0600] {dagbag.py:540} INFO - Filling up the DagBag from /Users/felipejimenez/Desktop/AirFlow/.env/lib/python3.9/site-packages/airflow/example_dags/example_datasets.py
[2024-04-14T15:48:50.293-0600] {processor.py:840} INFO - DAG(s) 'consume_1_or_2_with_dataset_expressions', 'consume_1_and_2_with_dataset_expressions', 'conditional_dataset_and_time_based_timetable', 'dataset_consumes_unknown_never_scheduled', 'dataset_produces_2', 'dataset_consumes_1', 'dataset_produces_1', 'dataset_consumes_1_never_scheduled', 'consume_1_or_both_2_and_3_with_dataset_expressions', 'dataset_consumes_1_and_2' retrieved from /Users/felipejimenez/Desktop/AirFlow/.env/lib/python3.9/site-packages/airflow/example_dags/example_datasets.py
[2024-04-14T15:48:50.331-0600] {logging_mixin.py:188} INFO - [2024-04-14T15:48:50.331-0600] {dag.py:3096} INFO - Sync 10 DAGs
[2024-04-14T15:48:50.354-0600] {logging_mixin.py:188} INFO - [2024-04-14T15:48:50.354-0600] {dag.py:3954} INFO - Setting next_dagrun for conditional_dataset_and_time_based_timetable to 2024-04-10 01:00:00+00:00, run_after=2024-04-10 01:00:00+00:00
[2024-04-14T15:48:50.355-0600] {logging_mixin.py:188} INFO - [2024-04-14T15:48:50.355-0600] {dag.py:3954} INFO - Setting next_dagrun for consume_1_and_2_with_dataset_expressions to None, run_after=None
[2024-04-14T15:48:50.355-0600] {logging_mixin.py:188} INFO - [2024-04-14T15:48:50.355-0600] {dag.py:3954} INFO - Setting next_dagrun for consume_1_or_2_with_dataset_expressions to None, run_after=None
[2024-04-14T15:48:50.356-0600] {logging_mixin.py:188} INFO - [2024-04-14T15:48:50.356-0600] {dag.py:3954} INFO - Setting next_dagrun for consume_1_or_both_2_and_3_with_dataset_expressions to None, run_after=None
[2024-04-14T15:48:50.356-0600] {logging_mixin.py:188} INFO - [2024-04-14T15:48:50.356-0600] {dag.py:3954} INFO - Setting next_dagrun for dataset_consumes_1 to None, run_after=None
[2024-04-14T15:48:50.356-0600] {logging_mixin.py:188} INFO - [2024-04-14T15:48:50.356-0600] {dag.py:3954} INFO - Setting next_dagrun for dataset_consumes_1_and_2 to None, run_after=None
[2024-04-14T15:48:50.356-0600] {logging_mixin.py:188} INFO - [2024-04-14T15:48:50.356-0600] {dag.py:3954} INFO - Setting next_dagrun for dataset_consumes_1_never_scheduled to None, run_after=None
[2024-04-14T15:48:50.357-0600] {logging_mixin.py:188} INFO - [2024-04-14T15:48:50.357-0600] {dag.py:3954} INFO - Setting next_dagrun for dataset_consumes_unknown_never_scheduled to None, run_after=None
[2024-04-14T15:48:50.357-0600] {logging_mixin.py:188} INFO - [2024-04-14T15:48:50.357-0600] {dag.py:3954} INFO - Setting next_dagrun for dataset_produces_1 to 2024-04-13 00:00:00+00:00, run_after=2024-04-14 00:00:00+00:00
[2024-04-14T15:48:50.357-0600] {logging_mixin.py:188} INFO - [2024-04-14T15:48:50.357-0600] {dag.py:3954} INFO - Setting next_dagrun for dataset_produces_2 to None, run_after=None
[2024-04-14T15:48:50.366-0600] {processor.py:183} INFO - Processing /Users/felipejimenez/Desktop/AirFlow/.env/lib/python3.9/site-packages/airflow/example_dags/example_datasets.py took 0.106 seconds
[2024-04-14T15:50:17.500-0600] {processor.py:161} INFO - Started process (PID=4721) to work on /Users/felipejimenez/Desktop/AirFlow/.env/lib/python3.9/site-packages/airflow/example_dags/example_datasets.py
[2024-04-14T15:50:17.501-0600] {processor.py:830} INFO - Processing file /Users/felipejimenez/Desktop/AirFlow/.env/lib/python3.9/site-packages/airflow/example_dags/example_datasets.py for tasks to queue
[2024-04-14T15:50:17.501-0600] {logging_mixin.py:188} INFO - [2024-04-14T15:50:17.501-0600] {dagbag.py:540} INFO - Filling up the DagBag from /Users/felipejimenez/Desktop/AirFlow/.env/lib/python3.9/site-packages/airflow/example_dags/example_datasets.py
[2024-04-14T15:50:17.533-0600] {processor.py:840} INFO - DAG(s) 'consume_1_or_both_2_and_3_with_dataset_expressions', 'dataset_produces_2', 'dataset_consumes_1_never_scheduled', 'conditional_dataset_and_time_based_timetable', 'dataset_produces_1', 'consume_1_and_2_with_dataset_expressions', 'dataset_consumes_1_and_2', 'consume_1_or_2_with_dataset_expressions', 'dataset_consumes_unknown_never_scheduled', 'dataset_consumes_1' retrieved from /Users/felipejimenez/Desktop/AirFlow/.env/lib/python3.9/site-packages/airflow/example_dags/example_datasets.py
[2024-04-14T15:50:17.573-0600] {logging_mixin.py:188} INFO - [2024-04-14T15:50:17.572-0600] {dag.py:3096} INFO - Sync 10 DAGs
[2024-04-14T15:50:17.596-0600] {logging_mixin.py:188} INFO - [2024-04-14T15:50:17.596-0600] {dag.py:3954} INFO - Setting next_dagrun for conditional_dataset_and_time_based_timetable to 2024-04-10 01:00:00+00:00, run_after=2024-04-10 01:00:00+00:00
[2024-04-14T15:50:17.597-0600] {logging_mixin.py:188} INFO - [2024-04-14T15:50:17.597-0600] {dag.py:3954} INFO - Setting next_dagrun for consume_1_and_2_with_dataset_expressions to None, run_after=None
[2024-04-14T15:50:17.597-0600] {logging_mixin.py:188} INFO - [2024-04-14T15:50:17.597-0600] {dag.py:3954} INFO - Setting next_dagrun for consume_1_or_2_with_dataset_expressions to None, run_after=None
[2024-04-14T15:50:17.598-0600] {logging_mixin.py:188} INFO - [2024-04-14T15:50:17.598-0600] {dag.py:3954} INFO - Setting next_dagrun for consume_1_or_both_2_and_3_with_dataset_expressions to None, run_after=None
[2024-04-14T15:50:17.598-0600] {logging_mixin.py:188} INFO - [2024-04-14T15:50:17.598-0600] {dag.py:3954} INFO - Setting next_dagrun for dataset_consumes_1 to None, run_after=None
[2024-04-14T15:50:17.598-0600] {logging_mixin.py:188} INFO - [2024-04-14T15:50:17.598-0600] {dag.py:3954} INFO - Setting next_dagrun for dataset_consumes_1_and_2 to None, run_after=None
[2024-04-14T15:50:17.598-0600] {logging_mixin.py:188} INFO - [2024-04-14T15:50:17.598-0600] {dag.py:3954} INFO - Setting next_dagrun for dataset_consumes_1_never_scheduled to None, run_after=None
[2024-04-14T15:50:17.599-0600] {logging_mixin.py:188} INFO - [2024-04-14T15:50:17.599-0600] {dag.py:3954} INFO - Setting next_dagrun for dataset_consumes_unknown_never_scheduled to None, run_after=None
[2024-04-14T15:50:17.599-0600] {logging_mixin.py:188} INFO - [2024-04-14T15:50:17.599-0600] {dag.py:3954} INFO - Setting next_dagrun for dataset_produces_1 to 2024-04-13 00:00:00+00:00, run_after=2024-04-14 00:00:00+00:00
[2024-04-14T15:50:17.600-0600] {logging_mixin.py:188} INFO - [2024-04-14T15:50:17.600-0600] {dag.py:3954} INFO - Setting next_dagrun for dataset_produces_2 to None, run_after=None
[2024-04-14T15:50:17.608-0600] {processor.py:183} INFO - Processing /Users/felipejimenez/Desktop/AirFlow/.env/lib/python3.9/site-packages/airflow/example_dags/example_datasets.py took 0.110 seconds
[2024-04-14T15:51:48.877-0600] {processor.py:161} INFO - Started process (PID=4830) to work on /Users/felipejimenez/Desktop/AirFlow/.env/lib/python3.9/site-packages/airflow/example_dags/example_datasets.py
[2024-04-14T15:51:48.878-0600] {processor.py:830} INFO - Processing file /Users/felipejimenez/Desktop/AirFlow/.env/lib/python3.9/site-packages/airflow/example_dags/example_datasets.py for tasks to queue
[2024-04-14T15:51:48.879-0600] {logging_mixin.py:188} INFO - [2024-04-14T15:51:48.879-0600] {dagbag.py:540} INFO - Filling up the DagBag from /Users/felipejimenez/Desktop/AirFlow/.env/lib/python3.9/site-packages/airflow/example_dags/example_datasets.py
[2024-04-14T15:51:48.909-0600] {processor.py:840} INFO - DAG(s) 'dataset_produces_1', 'consume_1_or_both_2_and_3_with_dataset_expressions', 'dataset_consumes_1_and_2', 'consume_1_or_2_with_dataset_expressions', 'dataset_consumes_1', 'dataset_consumes_unknown_never_scheduled', 'dataset_consumes_1_never_scheduled', 'dataset_produces_2', 'consume_1_and_2_with_dataset_expressions', 'conditional_dataset_and_time_based_timetable' retrieved from /Users/felipejimenez/Desktop/AirFlow/.env/lib/python3.9/site-packages/airflow/example_dags/example_datasets.py
[2024-04-14T15:51:48.951-0600] {logging_mixin.py:188} INFO - [2024-04-14T15:51:48.951-0600] {dag.py:3096} INFO - Sync 10 DAGs
[2024-04-14T15:51:48.975-0600] {logging_mixin.py:188} INFO - [2024-04-14T15:51:48.975-0600] {dag.py:3954} INFO - Setting next_dagrun for conditional_dataset_and_time_based_timetable to 2024-04-10 01:00:00+00:00, run_after=2024-04-10 01:00:00+00:00
[2024-04-14T15:51:48.976-0600] {logging_mixin.py:188} INFO - [2024-04-14T15:51:48.976-0600] {dag.py:3954} INFO - Setting next_dagrun for consume_1_and_2_with_dataset_expressions to None, run_after=None
[2024-04-14T15:51:48.976-0600] {logging_mixin.py:188} INFO - [2024-04-14T15:51:48.976-0600] {dag.py:3954} INFO - Setting next_dagrun for consume_1_or_2_with_dataset_expressions to None, run_after=None
[2024-04-14T15:51:48.976-0600] {logging_mixin.py:188} INFO - [2024-04-14T15:51:48.976-0600] {dag.py:3954} INFO - Setting next_dagrun for consume_1_or_both_2_and_3_with_dataset_expressions to None, run_after=None
[2024-04-14T15:51:48.977-0600] {logging_mixin.py:188} INFO - [2024-04-14T15:51:48.977-0600] {dag.py:3954} INFO - Setting next_dagrun for dataset_consumes_1 to None, run_after=None
[2024-04-14T15:51:48.977-0600] {logging_mixin.py:188} INFO - [2024-04-14T15:51:48.977-0600] {dag.py:3954} INFO - Setting next_dagrun for dataset_consumes_1_and_2 to None, run_after=None
[2024-04-14T15:51:48.977-0600] {logging_mixin.py:188} INFO - [2024-04-14T15:51:48.977-0600] {dag.py:3954} INFO - Setting next_dagrun for dataset_consumes_1_never_scheduled to None, run_after=None
[2024-04-14T15:51:48.977-0600] {logging_mixin.py:188} INFO - [2024-04-14T15:51:48.977-0600] {dag.py:3954} INFO - Setting next_dagrun for dataset_consumes_unknown_never_scheduled to None, run_after=None
[2024-04-14T15:51:48.978-0600] {logging_mixin.py:188} INFO - [2024-04-14T15:51:48.978-0600] {dag.py:3954} INFO - Setting next_dagrun for dataset_produces_1 to 2024-04-13 00:00:00+00:00, run_after=2024-04-14 00:00:00+00:00
[2024-04-14T15:51:48.978-0600] {logging_mixin.py:188} INFO - [2024-04-14T15:51:48.978-0600] {dag.py:3954} INFO - Setting next_dagrun for dataset_produces_2 to None, run_after=None
[2024-04-14T15:51:48.987-0600] {processor.py:183} INFO - Processing /Users/felipejimenez/Desktop/AirFlow/.env/lib/python3.9/site-packages/airflow/example_dags/example_datasets.py took 0.111 seconds
[2024-04-14T15:53:14.120-0600] {processor.py:161} INFO - Started process (PID=4985) to work on /Users/felipejimenez/Desktop/AirFlow/.env/lib/python3.9/site-packages/airflow/example_dags/example_datasets.py
[2024-04-14T15:53:14.122-0600] {processor.py:830} INFO - Processing file /Users/felipejimenez/Desktop/AirFlow/.env/lib/python3.9/site-packages/airflow/example_dags/example_datasets.py for tasks to queue
[2024-04-14T15:53:14.122-0600] {logging_mixin.py:188} INFO - [2024-04-14T15:53:14.122-0600] {dagbag.py:540} INFO - Filling up the DagBag from /Users/felipejimenez/Desktop/AirFlow/.env/lib/python3.9/site-packages/airflow/example_dags/example_datasets.py
[2024-04-14T15:53:14.152-0600] {processor.py:840} INFO - DAG(s) 'conditional_dataset_and_time_based_timetable', 'dataset_produces_2', 'dataset_consumes_1_never_scheduled', 'dataset_produces_1', 'dataset_consumes_1_and_2', 'consume_1_or_both_2_and_3_with_dataset_expressions', 'consume_1_or_2_with_dataset_expressions', 'consume_1_and_2_with_dataset_expressions', 'dataset_consumes_unknown_never_scheduled', 'dataset_consumes_1' retrieved from /Users/felipejimenez/Desktop/AirFlow/.env/lib/python3.9/site-packages/airflow/example_dags/example_datasets.py
[2024-04-14T15:53:14.192-0600] {logging_mixin.py:188} INFO - [2024-04-14T15:53:14.192-0600] {dag.py:3096} INFO - Sync 10 DAGs
[2024-04-14T15:53:14.215-0600] {logging_mixin.py:188} INFO - [2024-04-14T15:53:14.215-0600] {dag.py:3954} INFO - Setting next_dagrun for conditional_dataset_and_time_based_timetable to 2024-04-10 01:00:00+00:00, run_after=2024-04-10 01:00:00+00:00
[2024-04-14T15:53:14.216-0600] {logging_mixin.py:188} INFO - [2024-04-14T15:53:14.216-0600] {dag.py:3954} INFO - Setting next_dagrun for consume_1_and_2_with_dataset_expressions to None, run_after=None
[2024-04-14T15:53:14.216-0600] {logging_mixin.py:188} INFO - [2024-04-14T15:53:14.216-0600] {dag.py:3954} INFO - Setting next_dagrun for consume_1_or_2_with_dataset_expressions to None, run_after=None
[2024-04-14T15:53:14.217-0600] {logging_mixin.py:188} INFO - [2024-04-14T15:53:14.217-0600] {dag.py:3954} INFO - Setting next_dagrun for consume_1_or_both_2_and_3_with_dataset_expressions to None, run_after=None
[2024-04-14T15:53:14.217-0600] {logging_mixin.py:188} INFO - [2024-04-14T15:53:14.217-0600] {dag.py:3954} INFO - Setting next_dagrun for dataset_consumes_1 to None, run_after=None
[2024-04-14T15:53:14.217-0600] {logging_mixin.py:188} INFO - [2024-04-14T15:53:14.217-0600] {dag.py:3954} INFO - Setting next_dagrun for dataset_consumes_1_and_2 to None, run_after=None
[2024-04-14T15:53:14.217-0600] {logging_mixin.py:188} INFO - [2024-04-14T15:53:14.217-0600] {dag.py:3954} INFO - Setting next_dagrun for dataset_consumes_1_never_scheduled to None, run_after=None
[2024-04-14T15:53:14.218-0600] {logging_mixin.py:188} INFO - [2024-04-14T15:53:14.218-0600] {dag.py:3954} INFO - Setting next_dagrun for dataset_consumes_unknown_never_scheduled to None, run_after=None
[2024-04-14T15:53:14.218-0600] {logging_mixin.py:188} INFO - [2024-04-14T15:53:14.218-0600] {dag.py:3954} INFO - Setting next_dagrun for dataset_produces_1 to 2024-04-13 00:00:00+00:00, run_after=2024-04-14 00:00:00+00:00
[2024-04-14T15:53:14.218-0600] {logging_mixin.py:188} INFO - [2024-04-14T15:53:14.218-0600] {dag.py:3954} INFO - Setting next_dagrun for dataset_produces_2 to None, run_after=None
[2024-04-14T15:53:14.227-0600] {processor.py:183} INFO - Processing /Users/felipejimenez/Desktop/AirFlow/.env/lib/python3.9/site-packages/airflow/example_dags/example_datasets.py took 0.108 seconds
[2024-04-14T15:54:43.012-0600] {processor.py:161} INFO - Started process (PID=5088) to work on /Users/felipejimenez/Desktop/AirFlow/.env/lib/python3.9/site-packages/airflow/example_dags/example_datasets.py
[2024-04-14T15:54:43.013-0600] {processor.py:830} INFO - Processing file /Users/felipejimenez/Desktop/AirFlow/.env/lib/python3.9/site-packages/airflow/example_dags/example_datasets.py for tasks to queue
[2024-04-14T15:54:43.014-0600] {logging_mixin.py:188} INFO - [2024-04-14T15:54:43.013-0600] {dagbag.py:540} INFO - Filling up the DagBag from /Users/felipejimenez/Desktop/AirFlow/.env/lib/python3.9/site-packages/airflow/example_dags/example_datasets.py
[2024-04-14T15:54:43.043-0600] {processor.py:840} INFO - DAG(s) 'dataset_produces_1', 'dataset_consumes_1_never_scheduled', 'consume_1_or_both_2_and_3_with_dataset_expressions', 'consume_1_and_2_with_dataset_expressions', 'conditional_dataset_and_time_based_timetable', 'dataset_consumes_1_and_2', 'dataset_produces_2', 'dataset_consumes_unknown_never_scheduled', 'consume_1_or_2_with_dataset_expressions', 'dataset_consumes_1' retrieved from /Users/felipejimenez/Desktop/AirFlow/.env/lib/python3.9/site-packages/airflow/example_dags/example_datasets.py
[2024-04-14T15:54:43.082-0600] {logging_mixin.py:188} INFO - [2024-04-14T15:54:43.082-0600] {dag.py:3096} INFO - Sync 10 DAGs
[2024-04-14T15:54:43.107-0600] {logging_mixin.py:188} INFO - [2024-04-14T15:54:43.107-0600] {dag.py:3954} INFO - Setting next_dagrun for conditional_dataset_and_time_based_timetable to 2024-04-10 01:00:00+00:00, run_after=2024-04-10 01:00:00+00:00
[2024-04-14T15:54:43.108-0600] {logging_mixin.py:188} INFO - [2024-04-14T15:54:43.108-0600] {dag.py:3954} INFO - Setting next_dagrun for consume_1_and_2_with_dataset_expressions to None, run_after=None
[2024-04-14T15:54:43.108-0600] {logging_mixin.py:188} INFO - [2024-04-14T15:54:43.108-0600] {dag.py:3954} INFO - Setting next_dagrun for consume_1_or_2_with_dataset_expressions to None, run_after=None
[2024-04-14T15:54:43.108-0600] {logging_mixin.py:188} INFO - [2024-04-14T15:54:43.108-0600] {dag.py:3954} INFO - Setting next_dagrun for consume_1_or_both_2_and_3_with_dataset_expressions to None, run_after=None
[2024-04-14T15:54:43.109-0600] {logging_mixin.py:188} INFO - [2024-04-14T15:54:43.109-0600] {dag.py:3954} INFO - Setting next_dagrun for dataset_consumes_1 to None, run_after=None
[2024-04-14T15:54:43.109-0600] {logging_mixin.py:188} INFO - [2024-04-14T15:54:43.109-0600] {dag.py:3954} INFO - Setting next_dagrun for dataset_consumes_1_and_2 to None, run_after=None
[2024-04-14T15:54:43.109-0600] {logging_mixin.py:188} INFO - [2024-04-14T15:54:43.109-0600] {dag.py:3954} INFO - Setting next_dagrun for dataset_consumes_1_never_scheduled to None, run_after=None
[2024-04-14T15:54:43.109-0600] {logging_mixin.py:188} INFO - [2024-04-14T15:54:43.109-0600] {dag.py:3954} INFO - Setting next_dagrun for dataset_consumes_unknown_never_scheduled to None, run_after=None
[2024-04-14T15:54:43.110-0600] {logging_mixin.py:188} INFO - [2024-04-14T15:54:43.110-0600] {dag.py:3954} INFO - Setting next_dagrun for dataset_produces_1 to 2024-04-13 00:00:00+00:00, run_after=2024-04-14 00:00:00+00:00
[2024-04-14T15:54:43.110-0600] {logging_mixin.py:188} INFO - [2024-04-14T15:54:43.110-0600] {dag.py:3954} INFO - Setting next_dagrun for dataset_produces_2 to None, run_after=None
[2024-04-14T15:54:43.119-0600] {processor.py:183} INFO - Processing /Users/felipejimenez/Desktop/AirFlow/.env/lib/python3.9/site-packages/airflow/example_dags/example_datasets.py took 0.108 seconds
[2024-04-14T15:56:35.709-0600] {processor.py:161} INFO - Started process (PID=5253) to work on /Users/felipejimenez/Desktop/AirFlow/.env/lib/python3.9/site-packages/airflow/example_dags/example_datasets.py
[2024-04-14T15:56:35.711-0600] {processor.py:830} INFO - Processing file /Users/felipejimenez/Desktop/AirFlow/.env/lib/python3.9/site-packages/airflow/example_dags/example_datasets.py for tasks to queue
[2024-04-14T15:56:35.711-0600] {logging_mixin.py:188} INFO - [2024-04-14T15:56:35.711-0600] {dagbag.py:540} INFO - Filling up the DagBag from /Users/felipejimenez/Desktop/AirFlow/.env/lib/python3.9/site-packages/airflow/example_dags/example_datasets.py
[2024-04-14T15:56:35.742-0600] {processor.py:840} INFO - DAG(s) 'conditional_dataset_and_time_based_timetable', 'dataset_consumes_1', 'dataset_consumes_1_and_2', 'consume_1_and_2_with_dataset_expressions', 'dataset_produces_2', 'consume_1_or_both_2_and_3_with_dataset_expressions', 'dataset_consumes_1_never_scheduled', 'dataset_consumes_unknown_never_scheduled', 'dataset_produces_1', 'consume_1_or_2_with_dataset_expressions' retrieved from /Users/felipejimenez/Desktop/AirFlow/.env/lib/python3.9/site-packages/airflow/example_dags/example_datasets.py
[2024-04-14T15:56:35.782-0600] {logging_mixin.py:188} INFO - [2024-04-14T15:56:35.782-0600] {dag.py:3096} INFO - Sync 10 DAGs
[2024-04-14T15:56:35.805-0600] {logging_mixin.py:188} INFO - [2024-04-14T15:56:35.805-0600] {dag.py:3954} INFO - Setting next_dagrun for conditional_dataset_and_time_based_timetable to 2024-04-10 01:00:00+00:00, run_after=2024-04-10 01:00:00+00:00
[2024-04-14T15:56:35.807-0600] {logging_mixin.py:188} INFO - [2024-04-14T15:56:35.807-0600] {dag.py:3954} INFO - Setting next_dagrun for consume_1_and_2_with_dataset_expressions to None, run_after=None
[2024-04-14T15:56:35.807-0600] {logging_mixin.py:188} INFO - [2024-04-14T15:56:35.807-0600] {dag.py:3954} INFO - Setting next_dagrun for consume_1_or_2_with_dataset_expressions to None, run_after=None
[2024-04-14T15:56:35.808-0600] {logging_mixin.py:188} INFO - [2024-04-14T15:56:35.807-0600] {dag.py:3954} INFO - Setting next_dagrun for consume_1_or_both_2_and_3_with_dataset_expressions to None, run_after=None
[2024-04-14T15:56:35.808-0600] {logging_mixin.py:188} INFO - [2024-04-14T15:56:35.808-0600] {dag.py:3954} INFO - Setting next_dagrun for dataset_consumes_1 to None, run_after=None
[2024-04-14T15:56:35.808-0600] {logging_mixin.py:188} INFO - [2024-04-14T15:56:35.808-0600] {dag.py:3954} INFO - Setting next_dagrun for dataset_consumes_1_and_2 to None, run_after=None
[2024-04-14T15:56:35.808-0600] {logging_mixin.py:188} INFO - [2024-04-14T15:56:35.808-0600] {dag.py:3954} INFO - Setting next_dagrun for dataset_consumes_1_never_scheduled to None, run_after=None
[2024-04-14T15:56:35.809-0600] {logging_mixin.py:188} INFO - [2024-04-14T15:56:35.808-0600] {dag.py:3954} INFO - Setting next_dagrun for dataset_consumes_unknown_never_scheduled to None, run_after=None
[2024-04-14T15:56:35.809-0600] {logging_mixin.py:188} INFO - [2024-04-14T15:56:35.809-0600] {dag.py:3954} INFO - Setting next_dagrun for dataset_produces_1 to 2024-04-13 00:00:00+00:00, run_after=2024-04-14 00:00:00+00:00
[2024-04-14T15:56:35.809-0600] {logging_mixin.py:188} INFO - [2024-04-14T15:56:35.809-0600] {dag.py:3954} INFO - Setting next_dagrun for dataset_produces_2 to None, run_after=None
[2024-04-14T15:56:35.818-0600] {processor.py:183} INFO - Processing /Users/felipejimenez/Desktop/AirFlow/.env/lib/python3.9/site-packages/airflow/example_dags/example_datasets.py took 0.110 seconds
[2024-04-14T15:58:00.328-0600] {processor.py:161} INFO - Started process (PID=5389) to work on /Users/felipejimenez/Desktop/AirFlow/.env/lib/python3.9/site-packages/airflow/example_dags/example_datasets.py
[2024-04-14T15:58:00.329-0600] {processor.py:830} INFO - Processing file /Users/felipejimenez/Desktop/AirFlow/.env/lib/python3.9/site-packages/airflow/example_dags/example_datasets.py for tasks to queue
[2024-04-14T15:58:00.329-0600] {logging_mixin.py:188} INFO - [2024-04-14T15:58:00.329-0600] {dagbag.py:540} INFO - Filling up the DagBag from /Users/felipejimenez/Desktop/AirFlow/.env/lib/python3.9/site-packages/airflow/example_dags/example_datasets.py
[2024-04-14T15:58:00.357-0600] {processor.py:840} INFO - DAG(s) 'dataset_consumes_1_and_2', 'consume_1_or_2_with_dataset_expressions', 'dataset_consumes_unknown_never_scheduled', 'conditional_dataset_and_time_based_timetable', 'dataset_consumes_1', 'consume_1_or_both_2_and_3_with_dataset_expressions', 'consume_1_and_2_with_dataset_expressions', 'dataset_produces_1', 'dataset_produces_2', 'dataset_consumes_1_never_scheduled' retrieved from /Users/felipejimenez/Desktop/AirFlow/.env/lib/python3.9/site-packages/airflow/example_dags/example_datasets.py
[2024-04-14T15:58:00.397-0600] {logging_mixin.py:188} INFO - [2024-04-14T15:58:00.397-0600] {dag.py:3096} INFO - Sync 10 DAGs
[2024-04-14T15:58:00.420-0600] {logging_mixin.py:188} INFO - [2024-04-14T15:58:00.420-0600] {dag.py:3954} INFO - Setting next_dagrun for conditional_dataset_and_time_based_timetable to 2024-04-10 01:00:00+00:00, run_after=2024-04-10 01:00:00+00:00
[2024-04-14T15:58:00.421-0600] {logging_mixin.py:188} INFO - [2024-04-14T15:58:00.421-0600] {dag.py:3954} INFO - Setting next_dagrun for consume_1_and_2_with_dataset_expressions to None, run_after=None
[2024-04-14T15:58:00.421-0600] {logging_mixin.py:188} INFO - [2024-04-14T15:58:00.421-0600] {dag.py:3954} INFO - Setting next_dagrun for consume_1_or_2_with_dataset_expressions to None, run_after=None
[2024-04-14T15:58:00.422-0600] {logging_mixin.py:188} INFO - [2024-04-14T15:58:00.422-0600] {dag.py:3954} INFO - Setting next_dagrun for consume_1_or_both_2_and_3_with_dataset_expressions to None, run_after=None
[2024-04-14T15:58:00.422-0600] {logging_mixin.py:188} INFO - [2024-04-14T15:58:00.422-0600] {dag.py:3954} INFO - Setting next_dagrun for dataset_consumes_1 to None, run_after=None
[2024-04-14T15:58:00.422-0600] {logging_mixin.py:188} INFO - [2024-04-14T15:58:00.422-0600] {dag.py:3954} INFO - Setting next_dagrun for dataset_consumes_1_and_2 to None, run_after=None
[2024-04-14T15:58:00.422-0600] {logging_mixin.py:188} INFO - [2024-04-14T15:58:00.422-0600] {dag.py:3954} INFO - Setting next_dagrun for dataset_consumes_1_never_scheduled to None, run_after=None
[2024-04-14T15:58:00.423-0600] {logging_mixin.py:188} INFO - [2024-04-14T15:58:00.423-0600] {dag.py:3954} INFO - Setting next_dagrun for dataset_consumes_unknown_never_scheduled to None, run_after=None
[2024-04-14T15:58:00.423-0600] {logging_mixin.py:188} INFO - [2024-04-14T15:58:00.423-0600] {dag.py:3954} INFO - Setting next_dagrun for dataset_produces_1 to 2024-04-13 00:00:00+00:00, run_after=2024-04-14 00:00:00+00:00
[2024-04-14T15:58:00.423-0600] {logging_mixin.py:188} INFO - [2024-04-14T15:58:00.423-0600] {dag.py:3954} INFO - Setting next_dagrun for dataset_produces_2 to None, run_after=None
[2024-04-14T15:58:00.432-0600] {processor.py:183} INFO - Processing /Users/felipejimenez/Desktop/AirFlow/.env/lib/python3.9/site-packages/airflow/example_dags/example_datasets.py took 0.105 seconds
[2024-04-14T15:59:32.193-0600] {processor.py:161} INFO - Started process (PID=5514) to work on /Users/felipejimenez/Desktop/AirFlow/.env/lib/python3.9/site-packages/airflow/example_dags/example_datasets.py
[2024-04-14T15:59:32.194-0600] {processor.py:830} INFO - Processing file /Users/felipejimenez/Desktop/AirFlow/.env/lib/python3.9/site-packages/airflow/example_dags/example_datasets.py for tasks to queue
[2024-04-14T15:59:32.195-0600] {logging_mixin.py:188} INFO - [2024-04-14T15:59:32.194-0600] {dagbag.py:540} INFO - Filling up the DagBag from /Users/felipejimenez/Desktop/AirFlow/.env/lib/python3.9/site-packages/airflow/example_dags/example_datasets.py
[2024-04-14T15:59:32.226-0600] {processor.py:840} INFO - DAG(s) 'consume_1_or_2_with_dataset_expressions', 'dataset_consumes_unknown_never_scheduled', 'dataset_consumes_1_and_2', 'consume_1_or_both_2_and_3_with_dataset_expressions', 'dataset_produces_2', 'consume_1_and_2_with_dataset_expressions', 'dataset_produces_1', 'conditional_dataset_and_time_based_timetable', 'dataset_consumes_1', 'dataset_consumes_1_never_scheduled' retrieved from /Users/felipejimenez/Desktop/AirFlow/.env/lib/python3.9/site-packages/airflow/example_dags/example_datasets.py
[2024-04-14T15:59:32.265-0600] {logging_mixin.py:188} INFO - [2024-04-14T15:59:32.265-0600] {dag.py:3096} INFO - Sync 10 DAGs
[2024-04-14T15:59:32.288-0600] {logging_mixin.py:188} INFO - [2024-04-14T15:59:32.288-0600] {dag.py:3954} INFO - Setting next_dagrun for conditional_dataset_and_time_based_timetable to 2024-04-10 01:00:00+00:00, run_after=2024-04-10 01:00:00+00:00
[2024-04-14T15:59:32.289-0600] {logging_mixin.py:188} INFO - [2024-04-14T15:59:32.289-0600] {dag.py:3954} INFO - Setting next_dagrun for consume_1_and_2_with_dataset_expressions to None, run_after=None
[2024-04-14T15:59:32.289-0600] {logging_mixin.py:188} INFO - [2024-04-14T15:59:32.289-0600] {dag.py:3954} INFO - Setting next_dagrun for consume_1_or_2_with_dataset_expressions to None, run_after=None
[2024-04-14T15:59:32.289-0600] {logging_mixin.py:188} INFO - [2024-04-14T15:59:32.289-0600] {dag.py:3954} INFO - Setting next_dagrun for consume_1_or_both_2_and_3_with_dataset_expressions to None, run_after=None
[2024-04-14T15:59:32.290-0600] {logging_mixin.py:188} INFO - [2024-04-14T15:59:32.290-0600] {dag.py:3954} INFO - Setting next_dagrun for dataset_consumes_1 to None, run_after=None
[2024-04-14T15:59:32.290-0600] {logging_mixin.py:188} INFO - [2024-04-14T15:59:32.290-0600] {dag.py:3954} INFO - Setting next_dagrun for dataset_consumes_1_and_2 to None, run_after=None
[2024-04-14T15:59:32.291-0600] {logging_mixin.py:188} INFO - [2024-04-14T15:59:32.291-0600] {dag.py:3954} INFO - Setting next_dagrun for dataset_consumes_1_never_scheduled to None, run_after=None
[2024-04-14T15:59:32.291-0600] {logging_mixin.py:188} INFO - [2024-04-14T15:59:32.291-0600] {dag.py:3954} INFO - Setting next_dagrun for dataset_consumes_unknown_never_scheduled to None, run_after=None
[2024-04-14T15:59:32.292-0600] {logging_mixin.py:188} INFO - [2024-04-14T15:59:32.292-0600] {dag.py:3954} INFO - Setting next_dagrun for dataset_produces_1 to 2024-04-13 00:00:00+00:00, run_after=2024-04-14 00:00:00+00:00
[2024-04-14T15:59:32.292-0600] {logging_mixin.py:188} INFO - [2024-04-14T15:59:32.292-0600] {dag.py:3954} INFO - Setting next_dagrun for dataset_produces_2 to None, run_after=None
[2024-04-14T15:59:32.300-0600] {processor.py:183} INFO - Processing /Users/felipejimenez/Desktop/AirFlow/.env/lib/python3.9/site-packages/airflow/example_dags/example_datasets.py took 0.108 seconds
[2024-04-14T16:00:58.502-0600] {processor.py:161} INFO - Started process (PID=5612) to work on /Users/felipejimenez/Desktop/AirFlow/.env/lib/python3.9/site-packages/airflow/example_dags/example_datasets.py
[2024-04-14T16:00:58.503-0600] {processor.py:830} INFO - Processing file /Users/felipejimenez/Desktop/AirFlow/.env/lib/python3.9/site-packages/airflow/example_dags/example_datasets.py for tasks to queue
[2024-04-14T16:00:58.503-0600] {logging_mixin.py:188} INFO - [2024-04-14T16:00:58.503-0600] {dagbag.py:540} INFO - Filling up the DagBag from /Users/felipejimenez/Desktop/AirFlow/.env/lib/python3.9/site-packages/airflow/example_dags/example_datasets.py
[2024-04-14T16:00:58.535-0600] {processor.py:840} INFO - DAG(s) 'dataset_produces_2', 'dataset_consumes_unknown_never_scheduled', 'consume_1_or_2_with_dataset_expressions', 'dataset_consumes_1_and_2', 'dataset_produces_1', 'dataset_consumes_1', 'consume_1_or_both_2_and_3_with_dataset_expressions', 'conditional_dataset_and_time_based_timetable', 'consume_1_and_2_with_dataset_expressions', 'dataset_consumes_1_never_scheduled' retrieved from /Users/felipejimenez/Desktop/AirFlow/.env/lib/python3.9/site-packages/airflow/example_dags/example_datasets.py
[2024-04-14T16:00:58.576-0600] {logging_mixin.py:188} INFO - [2024-04-14T16:00:58.576-0600] {dag.py:3096} INFO - Sync 10 DAGs
[2024-04-14T16:00:58.601-0600] {logging_mixin.py:188} INFO - [2024-04-14T16:00:58.601-0600] {dag.py:3954} INFO - Setting next_dagrun for conditional_dataset_and_time_based_timetable to 2024-04-10 01:00:00+00:00, run_after=2024-04-10 01:00:00+00:00
[2024-04-14T16:00:58.602-0600] {logging_mixin.py:188} INFO - [2024-04-14T16:00:58.602-0600] {dag.py:3954} INFO - Setting next_dagrun for consume_1_and_2_with_dataset_expressions to None, run_after=None
[2024-04-14T16:00:58.602-0600] {logging_mixin.py:188} INFO - [2024-04-14T16:00:58.602-0600] {dag.py:3954} INFO - Setting next_dagrun for consume_1_or_2_with_dataset_expressions to None, run_after=None
[2024-04-14T16:00:58.603-0600] {logging_mixin.py:188} INFO - [2024-04-14T16:00:58.603-0600] {dag.py:3954} INFO - Setting next_dagrun for consume_1_or_both_2_and_3_with_dataset_expressions to None, run_after=None
[2024-04-14T16:00:58.603-0600] {logging_mixin.py:188} INFO - [2024-04-14T16:00:58.603-0600] {dag.py:3954} INFO - Setting next_dagrun for dataset_consumes_1 to None, run_after=None
[2024-04-14T16:00:58.603-0600] {logging_mixin.py:188} INFO - [2024-04-14T16:00:58.603-0600] {dag.py:3954} INFO - Setting next_dagrun for dataset_consumes_1_and_2 to None, run_after=None
[2024-04-14T16:00:58.604-0600] {logging_mixin.py:188} INFO - [2024-04-14T16:00:58.603-0600] {dag.py:3954} INFO - Setting next_dagrun for dataset_consumes_1_never_scheduled to None, run_after=None
[2024-04-14T16:00:58.604-0600] {logging_mixin.py:188} INFO - [2024-04-14T16:00:58.604-0600] {dag.py:3954} INFO - Setting next_dagrun for dataset_consumes_unknown_never_scheduled to None, run_after=None
[2024-04-14T16:00:58.605-0600] {logging_mixin.py:188} INFO - [2024-04-14T16:00:58.605-0600] {dag.py:3954} INFO - Setting next_dagrun for dataset_produces_1 to 2024-04-13 00:00:00+00:00, run_after=2024-04-14 00:00:00+00:00
[2024-04-14T16:00:58.606-0600] {logging_mixin.py:188} INFO - [2024-04-14T16:00:58.606-0600] {dag.py:3954} INFO - Setting next_dagrun for dataset_produces_2 to None, run_after=None
[2024-04-14T16:00:58.614-0600] {processor.py:183} INFO - Processing /Users/felipejimenez/Desktop/AirFlow/.env/lib/python3.9/site-packages/airflow/example_dags/example_datasets.py took 0.113 seconds
[2024-04-14T16:04:33.818-0600] {processor.py:161} INFO - Started process (PID=5938) to work on /Users/felipejimenez/Desktop/AirFlow/.env/lib/python3.9/site-packages/airflow/example_dags/example_datasets.py
[2024-04-14T16:04:33.819-0600] {processor.py:830} INFO - Processing file /Users/felipejimenez/Desktop/AirFlow/.env/lib/python3.9/site-packages/airflow/example_dags/example_datasets.py for tasks to queue
[2024-04-14T16:04:33.819-0600] {logging_mixin.py:188} INFO - [2024-04-14T16:04:33.819-0600] {dagbag.py:540} INFO - Filling up the DagBag from /Users/felipejimenez/Desktop/AirFlow/.env/lib/python3.9/site-packages/airflow/example_dags/example_datasets.py
[2024-04-14T16:04:33.849-0600] {processor.py:840} INFO - DAG(s) 'dataset_consumes_1_and_2', 'dataset_consumes_1', 'dataset_consumes_1_never_scheduled', 'dataset_produces_2', 'conditional_dataset_and_time_based_timetable', 'dataset_consumes_unknown_never_scheduled', 'consume_1_or_2_with_dataset_expressions', 'dataset_produces_1', 'consume_1_or_both_2_and_3_with_dataset_expressions', 'consume_1_and_2_with_dataset_expressions' retrieved from /Users/felipejimenez/Desktop/AirFlow/.env/lib/python3.9/site-packages/airflow/example_dags/example_datasets.py
[2024-04-14T16:04:33.888-0600] {logging_mixin.py:188} INFO - [2024-04-14T16:04:33.888-0600] {dag.py:3096} INFO - Sync 10 DAGs
[2024-04-14T16:04:33.911-0600] {logging_mixin.py:188} INFO - [2024-04-14T16:04:33.910-0600] {dag.py:3954} INFO - Setting next_dagrun for conditional_dataset_and_time_based_timetable to 2024-04-10 01:00:00+00:00, run_after=2024-04-10 01:00:00+00:00
[2024-04-14T16:04:33.912-0600] {logging_mixin.py:188} INFO - [2024-04-14T16:04:33.911-0600] {dag.py:3954} INFO - Setting next_dagrun for consume_1_and_2_with_dataset_expressions to None, run_after=None
[2024-04-14T16:04:33.912-0600] {logging_mixin.py:188} INFO - [2024-04-14T16:04:33.912-0600] {dag.py:3954} INFO - Setting next_dagrun for consume_1_or_2_with_dataset_expressions to None, run_after=None
[2024-04-14T16:04:33.912-0600] {logging_mixin.py:188} INFO - [2024-04-14T16:04:33.912-0600] {dag.py:3954} INFO - Setting next_dagrun for consume_1_or_both_2_and_3_with_dataset_expressions to None, run_after=None
[2024-04-14T16:04:33.912-0600] {logging_mixin.py:188} INFO - [2024-04-14T16:04:33.912-0600] {dag.py:3954} INFO - Setting next_dagrun for dataset_consumes_1 to None, run_after=None
[2024-04-14T16:04:33.913-0600] {logging_mixin.py:188} INFO - [2024-04-14T16:04:33.913-0600] {dag.py:3954} INFO - Setting next_dagrun for dataset_consumes_1_and_2 to None, run_after=None
[2024-04-14T16:04:33.913-0600] {logging_mixin.py:188} INFO - [2024-04-14T16:04:33.913-0600] {dag.py:3954} INFO - Setting next_dagrun for dataset_consumes_1_never_scheduled to None, run_after=None
[2024-04-14T16:04:33.913-0600] {logging_mixin.py:188} INFO - [2024-04-14T16:04:33.913-0600] {dag.py:3954} INFO - Setting next_dagrun for dataset_consumes_unknown_never_scheduled to None, run_after=None
[2024-04-14T16:04:33.914-0600] {logging_mixin.py:188} INFO - [2024-04-14T16:04:33.914-0600] {dag.py:3954} INFO - Setting next_dagrun for dataset_produces_1 to 2024-04-13 00:00:00+00:00, run_after=2024-04-14 00:00:00+00:00
[2024-04-14T16:04:33.914-0600] {logging_mixin.py:188} INFO - [2024-04-14T16:04:33.914-0600] {dag.py:3954} INFO - Setting next_dagrun for dataset_produces_2 to None, run_after=None
[2024-04-14T16:04:33.922-0600] {processor.py:183} INFO - Processing /Users/felipejimenez/Desktop/AirFlow/.env/lib/python3.9/site-packages/airflow/example_dags/example_datasets.py took 0.106 seconds
[2024-04-14T16:06:05.130-0600] {processor.py:161} INFO - Started process (PID=6103) to work on /Users/felipejimenez/Desktop/AirFlow/.env/lib/python3.9/site-packages/airflow/example_dags/example_datasets.py
[2024-04-14T16:06:05.132-0600] {processor.py:830} INFO - Processing file /Users/felipejimenez/Desktop/AirFlow/.env/lib/python3.9/site-packages/airflow/example_dags/example_datasets.py for tasks to queue
[2024-04-14T16:06:05.132-0600] {logging_mixin.py:188} INFO - [2024-04-14T16:06:05.132-0600] {dagbag.py:540} INFO - Filling up the DagBag from /Users/felipejimenez/Desktop/AirFlow/.env/lib/python3.9/site-packages/airflow/example_dags/example_datasets.py
[2024-04-14T16:06:05.162-0600] {processor.py:840} INFO - DAG(s) 'conditional_dataset_and_time_based_timetable', 'dataset_consumes_unknown_never_scheduled', 'dataset_consumes_1', 'consume_1_or_2_with_dataset_expressions', 'dataset_produces_2', 'consume_1_or_both_2_and_3_with_dataset_expressions', 'dataset_produces_1', 'dataset_consumes_1_never_scheduled', 'consume_1_and_2_with_dataset_expressions', 'dataset_consumes_1_and_2' retrieved from /Users/felipejimenez/Desktop/AirFlow/.env/lib/python3.9/site-packages/airflow/example_dags/example_datasets.py
[2024-04-14T16:06:05.203-0600] {logging_mixin.py:188} INFO - [2024-04-14T16:06:05.203-0600] {dag.py:3096} INFO - Sync 10 DAGs
[2024-04-14T16:06:05.226-0600] {logging_mixin.py:188} INFO - [2024-04-14T16:06:05.226-0600] {dag.py:3954} INFO - Setting next_dagrun for conditional_dataset_and_time_based_timetable to 2024-04-10 01:00:00+00:00, run_after=2024-04-10 01:00:00+00:00
[2024-04-14T16:06:05.227-0600] {logging_mixin.py:188} INFO - [2024-04-14T16:06:05.227-0600] {dag.py:3954} INFO - Setting next_dagrun for consume_1_and_2_with_dataset_expressions to None, run_after=None
[2024-04-14T16:06:05.227-0600] {logging_mixin.py:188} INFO - [2024-04-14T16:06:05.227-0600] {dag.py:3954} INFO - Setting next_dagrun for consume_1_or_2_with_dataset_expressions to None, run_after=None
[2024-04-14T16:06:05.227-0600] {logging_mixin.py:188} INFO - [2024-04-14T16:06:05.227-0600] {dag.py:3954} INFO - Setting next_dagrun for consume_1_or_both_2_and_3_with_dataset_expressions to None, run_after=None
[2024-04-14T16:06:05.228-0600] {logging_mixin.py:188} INFO - [2024-04-14T16:06:05.228-0600] {dag.py:3954} INFO - Setting next_dagrun for dataset_consumes_1 to None, run_after=None
[2024-04-14T16:06:05.228-0600] {logging_mixin.py:188} INFO - [2024-04-14T16:06:05.228-0600] {dag.py:3954} INFO - Setting next_dagrun for dataset_consumes_1_and_2 to None, run_after=None
[2024-04-14T16:06:05.228-0600] {logging_mixin.py:188} INFO - [2024-04-14T16:06:05.228-0600] {dag.py:3954} INFO - Setting next_dagrun for dataset_consumes_1_never_scheduled to None, run_after=None
[2024-04-14T16:06:05.228-0600] {logging_mixin.py:188} INFO - [2024-04-14T16:06:05.228-0600] {dag.py:3954} INFO - Setting next_dagrun for dataset_consumes_unknown_never_scheduled to None, run_after=None
[2024-04-14T16:06:05.229-0600] {logging_mixin.py:188} INFO - [2024-04-14T16:06:05.229-0600] {dag.py:3954} INFO - Setting next_dagrun for dataset_produces_1 to 2024-04-13 00:00:00+00:00, run_after=2024-04-14 00:00:00+00:00
[2024-04-14T16:06:05.229-0600] {logging_mixin.py:188} INFO - [2024-04-14T16:06:05.229-0600] {dag.py:3954} INFO - Setting next_dagrun for dataset_produces_2 to None, run_after=None
[2024-04-14T16:06:05.238-0600] {processor.py:183} INFO - Processing /Users/felipejimenez/Desktop/AirFlow/.env/lib/python3.9/site-packages/airflow/example_dags/example_datasets.py took 0.109 seconds
