[2024-04-14T15:42:54.658-0600] {processor.py:161} INFO - Started process (PID=4126) to work on /Users/felipejimenez/Desktop/AirFlow/.env/lib/python3.9/site-packages/airflow/example_dags/example_dynamic_task_mapping.py
[2024-04-14T15:42:54.658-0600] {processor.py:830} INFO - Processing file /Users/felipejimenez/Desktop/AirFlow/.env/lib/python3.9/site-packages/airflow/example_dags/example_dynamic_task_mapping.py for tasks to queue
[2024-04-14T15:42:54.659-0600] {logging_mixin.py:188} INFO - [2024-04-14T15:42:54.659-0600] {dagbag.py:540} INFO - Filling up the DagBag from /Users/felipejimenez/Desktop/AirFlow/.env/lib/python3.9/site-packages/airflow/example_dags/example_dynamic_task_mapping.py
[2024-04-14T15:42:54.671-0600] {processor.py:840} INFO - DAG(s) 'example_dynamic_task_mapping' retrieved from /Users/felipejimenez/Desktop/AirFlow/.env/lib/python3.9/site-packages/airflow/example_dags/example_dynamic_task_mapping.py
[2024-04-14T15:42:54.744-0600] {logging_mixin.py:188} INFO - [2024-04-14T15:42:54.744-0600] {override.py:1829} INFO - Created Permission View: can delete on DAG:example_dynamic_task_mapping
[2024-04-14T15:42:54.747-0600] {logging_mixin.py:188} INFO - [2024-04-14T15:42:54.747-0600] {override.py:1829} INFO - Created Permission View: can edit on DAG:example_dynamic_task_mapping
[2024-04-14T15:42:54.748-0600] {logging_mixin.py:188} INFO - [2024-04-14T15:42:54.748-0600] {override.py:1829} INFO - Created Permission View: can read on DAG:example_dynamic_task_mapping
[2024-04-14T15:42:54.748-0600] {logging_mixin.py:188} INFO - [2024-04-14T15:42:54.748-0600] {dag.py:3096} INFO - Sync 1 DAGs
[2024-04-14T15:42:54.752-0600] {logging_mixin.py:188} INFO - [2024-04-14T15:42:54.752-0600] {dag.py:3118} INFO - Creating ORM DAG for example_dynamic_task_mapping
[2024-04-14T15:42:54.756-0600] {logging_mixin.py:188} INFO - [2024-04-14T15:42:54.756-0600] {dag.py:3954} INFO - Setting next_dagrun for example_dynamic_task_mapping to 2022-03-04 00:00:00+00:00, run_after=2022-03-05 00:00:00+00:00
[2024-04-14T15:42:54.760-0600] {processor.py:183} INFO - Processing /Users/felipejimenez/Desktop/AirFlow/.env/lib/python3.9/site-packages/airflow/example_dags/example_dynamic_task_mapping.py took 0.104 seconds
[2024-04-14T15:44:20.955-0600] {processor.py:161} INFO - Started process (PID=4229) to work on /Users/felipejimenez/Desktop/AirFlow/.env/lib/python3.9/site-packages/airflow/example_dags/example_dynamic_task_mapping.py
[2024-04-14T15:44:20.957-0600] {processor.py:830} INFO - Processing file /Users/felipejimenez/Desktop/AirFlow/.env/lib/python3.9/site-packages/airflow/example_dags/example_dynamic_task_mapping.py for tasks to queue
[2024-04-14T15:44:20.957-0600] {logging_mixin.py:188} INFO - [2024-04-14T15:44:20.957-0600] {dagbag.py:540} INFO - Filling up the DagBag from /Users/felipejimenez/Desktop/AirFlow/.env/lib/python3.9/site-packages/airflow/example_dags/example_dynamic_task_mapping.py
[2024-04-14T15:44:20.969-0600] {processor.py:840} INFO - DAG(s) 'example_dynamic_task_mapping' retrieved from /Users/felipejimenez/Desktop/AirFlow/.env/lib/python3.9/site-packages/airflow/example_dags/example_dynamic_task_mapping.py
[2024-04-14T15:44:21.000-0600] {logging_mixin.py:188} INFO - [2024-04-14T15:44:21.000-0600] {dag.py:3096} INFO - Sync 1 DAGs
[2024-04-14T15:44:21.026-0600] {logging_mixin.py:188} INFO - [2024-04-14T15:44:21.026-0600] {dag.py:3954} INFO - Setting next_dagrun for example_dynamic_task_mapping to 2022-03-04 00:00:00+00:00, run_after=2022-03-05 00:00:00+00:00
[2024-04-14T15:44:21.031-0600] {processor.py:183} INFO - Processing /Users/felipejimenez/Desktop/AirFlow/.env/lib/python3.9/site-packages/airflow/example_dags/example_dynamic_task_mapping.py took 0.077 seconds
[2024-04-14T15:45:49.395-0600] {processor.py:161} INFO - Started process (PID=4335) to work on /Users/felipejimenez/Desktop/AirFlow/.env/lib/python3.9/site-packages/airflow/example_dags/example_dynamic_task_mapping.py
[2024-04-14T15:45:49.396-0600] {processor.py:830} INFO - Processing file /Users/felipejimenez/Desktop/AirFlow/.env/lib/python3.9/site-packages/airflow/example_dags/example_dynamic_task_mapping.py for tasks to queue
[2024-04-14T15:45:49.397-0600] {logging_mixin.py:188} INFO - [2024-04-14T15:45:49.397-0600] {dagbag.py:540} INFO - Filling up the DagBag from /Users/felipejimenez/Desktop/AirFlow/.env/lib/python3.9/site-packages/airflow/example_dags/example_dynamic_task_mapping.py
[2024-04-14T15:45:49.409-0600] {processor.py:840} INFO - DAG(s) 'example_dynamic_task_mapping' retrieved from /Users/felipejimenez/Desktop/AirFlow/.env/lib/python3.9/site-packages/airflow/example_dags/example_dynamic_task_mapping.py
[2024-04-14T15:45:49.440-0600] {logging_mixin.py:188} INFO - [2024-04-14T15:45:49.440-0600] {dag.py:3096} INFO - Sync 1 DAGs
[2024-04-14T15:45:49.463-0600] {logging_mixin.py:188} INFO - [2024-04-14T15:45:49.463-0600] {dag.py:3954} INFO - Setting next_dagrun for example_dynamic_task_mapping to 2022-03-04 00:00:00+00:00, run_after=2022-03-05 00:00:00+00:00
[2024-04-14T15:45:49.469-0600] {processor.py:183} INFO - Processing /Users/felipejimenez/Desktop/AirFlow/.env/lib/python3.9/site-packages/airflow/example_dags/example_dynamic_task_mapping.py took 0.075 seconds
[2024-04-14T15:47:16.427-0600] {processor.py:161} INFO - Started process (PID=4435) to work on /Users/felipejimenez/Desktop/AirFlow/.env/lib/python3.9/site-packages/airflow/example_dags/example_dynamic_task_mapping.py
[2024-04-14T15:47:16.429-0600] {processor.py:830} INFO - Processing file /Users/felipejimenez/Desktop/AirFlow/.env/lib/python3.9/site-packages/airflow/example_dags/example_dynamic_task_mapping.py for tasks to queue
[2024-04-14T15:47:16.430-0600] {logging_mixin.py:188} INFO - [2024-04-14T15:47:16.430-0600] {dagbag.py:540} INFO - Filling up the DagBag from /Users/felipejimenez/Desktop/AirFlow/.env/lib/python3.9/site-packages/airflow/example_dags/example_dynamic_task_mapping.py
[2024-04-14T15:47:16.442-0600] {processor.py:840} INFO - DAG(s) 'example_dynamic_task_mapping' retrieved from /Users/felipejimenez/Desktop/AirFlow/.env/lib/python3.9/site-packages/airflow/example_dags/example_dynamic_task_mapping.py
[2024-04-14T15:47:16.475-0600] {logging_mixin.py:188} INFO - [2024-04-14T15:47:16.474-0600] {dag.py:3096} INFO - Sync 1 DAGs
[2024-04-14T15:47:16.499-0600] {logging_mixin.py:188} INFO - [2024-04-14T15:47:16.499-0600] {dag.py:3954} INFO - Setting next_dagrun for example_dynamic_task_mapping to 2022-03-04 00:00:00+00:00, run_after=2022-03-05 00:00:00+00:00
[2024-04-14T15:47:16.504-0600] {processor.py:183} INFO - Processing /Users/felipejimenez/Desktop/AirFlow/.env/lib/python3.9/site-packages/airflow/example_dags/example_dynamic_task_mapping.py took 0.079 seconds
[2024-04-14T15:48:47.262-0600] {processor.py:161} INFO - Started process (PID=4604) to work on /Users/felipejimenez/Desktop/AirFlow/.env/lib/python3.9/site-packages/airflow/example_dags/example_dynamic_task_mapping.py
[2024-04-14T15:48:47.263-0600] {processor.py:830} INFO - Processing file /Users/felipejimenez/Desktop/AirFlow/.env/lib/python3.9/site-packages/airflow/example_dags/example_dynamic_task_mapping.py for tasks to queue
[2024-04-14T15:48:47.263-0600] {logging_mixin.py:188} INFO - [2024-04-14T15:48:47.263-0600] {dagbag.py:540} INFO - Filling up the DagBag from /Users/felipejimenez/Desktop/AirFlow/.env/lib/python3.9/site-packages/airflow/example_dags/example_dynamic_task_mapping.py
[2024-04-14T15:48:47.274-0600] {processor.py:840} INFO - DAG(s) 'example_dynamic_task_mapping' retrieved from /Users/felipejimenez/Desktop/AirFlow/.env/lib/python3.9/site-packages/airflow/example_dags/example_dynamic_task_mapping.py
[2024-04-14T15:48:47.305-0600] {logging_mixin.py:188} INFO - [2024-04-14T15:48:47.305-0600] {dag.py:3096} INFO - Sync 1 DAGs
[2024-04-14T15:48:47.327-0600] {logging_mixin.py:188} INFO - [2024-04-14T15:48:47.327-0600] {dag.py:3954} INFO - Setting next_dagrun for example_dynamic_task_mapping to 2022-03-04 00:00:00+00:00, run_after=2022-03-05 00:00:00+00:00
[2024-04-14T15:48:47.333-0600] {processor.py:183} INFO - Processing /Users/felipejimenez/Desktop/AirFlow/.env/lib/python3.9/site-packages/airflow/example_dags/example_dynamic_task_mapping.py took 0.072 seconds
[2024-04-14T15:50:15.133-0600] {processor.py:161} INFO - Started process (PID=4717) to work on /Users/felipejimenez/Desktop/AirFlow/.env/lib/python3.9/site-packages/airflow/example_dags/example_dynamic_task_mapping.py
[2024-04-14T15:50:15.134-0600] {processor.py:830} INFO - Processing file /Users/felipejimenez/Desktop/AirFlow/.env/lib/python3.9/site-packages/airflow/example_dags/example_dynamic_task_mapping.py for tasks to queue
[2024-04-14T15:50:15.135-0600] {logging_mixin.py:188} INFO - [2024-04-14T15:50:15.135-0600] {dagbag.py:540} INFO - Filling up the DagBag from /Users/felipejimenez/Desktop/AirFlow/.env/lib/python3.9/site-packages/airflow/example_dags/example_dynamic_task_mapping.py
[2024-04-14T15:50:15.146-0600] {processor.py:840} INFO - DAG(s) 'example_dynamic_task_mapping' retrieved from /Users/felipejimenez/Desktop/AirFlow/.env/lib/python3.9/site-packages/airflow/example_dags/example_dynamic_task_mapping.py
[2024-04-14T15:50:15.178-0600] {logging_mixin.py:188} INFO - [2024-04-14T15:50:15.178-0600] {dag.py:3096} INFO - Sync 1 DAGs
[2024-04-14T15:50:15.203-0600] {logging_mixin.py:188} INFO - [2024-04-14T15:50:15.203-0600] {dag.py:3954} INFO - Setting next_dagrun for example_dynamic_task_mapping to 2022-03-04 00:00:00+00:00, run_after=2022-03-05 00:00:00+00:00
[2024-04-14T15:50:15.209-0600] {processor.py:183} INFO - Processing /Users/felipejimenez/Desktop/AirFlow/.env/lib/python3.9/site-packages/airflow/example_dags/example_dynamic_task_mapping.py took 0.077 seconds
[2024-04-14T15:51:45.568-0600] {processor.py:161} INFO - Started process (PID=4822) to work on /Users/felipejimenez/Desktop/AirFlow/.env/lib/python3.9/site-packages/airflow/example_dags/example_dynamic_task_mapping.py
[2024-04-14T15:51:45.569-0600] {processor.py:830} INFO - Processing file /Users/felipejimenez/Desktop/AirFlow/.env/lib/python3.9/site-packages/airflow/example_dags/example_dynamic_task_mapping.py for tasks to queue
[2024-04-14T15:51:45.570-0600] {logging_mixin.py:188} INFO - [2024-04-14T15:51:45.570-0600] {dagbag.py:540} INFO - Filling up the DagBag from /Users/felipejimenez/Desktop/AirFlow/.env/lib/python3.9/site-packages/airflow/example_dags/example_dynamic_task_mapping.py
[2024-04-14T15:51:45.581-0600] {processor.py:840} INFO - DAG(s) 'example_dynamic_task_mapping' retrieved from /Users/felipejimenez/Desktop/AirFlow/.env/lib/python3.9/site-packages/airflow/example_dags/example_dynamic_task_mapping.py
[2024-04-14T15:51:45.613-0600] {logging_mixin.py:188} INFO - [2024-04-14T15:51:45.613-0600] {dag.py:3096} INFO - Sync 1 DAGs
[2024-04-14T15:51:45.637-0600] {logging_mixin.py:188} INFO - [2024-04-14T15:51:45.637-0600] {dag.py:3954} INFO - Setting next_dagrun for example_dynamic_task_mapping to 2022-03-04 00:00:00+00:00, run_after=2022-03-05 00:00:00+00:00
[2024-04-14T15:51:45.643-0600] {processor.py:183} INFO - Processing /Users/felipejimenez/Desktop/AirFlow/.env/lib/python3.9/site-packages/airflow/example_dags/example_dynamic_task_mapping.py took 0.076 seconds
[2024-04-14T15:53:10.776-0600] {processor.py:161} INFO - Started process (PID=4979) to work on /Users/felipejimenez/Desktop/AirFlow/.env/lib/python3.9/site-packages/airflow/example_dags/example_dynamic_task_mapping.py
[2024-04-14T15:53:10.777-0600] {processor.py:830} INFO - Processing file /Users/felipejimenez/Desktop/AirFlow/.env/lib/python3.9/site-packages/airflow/example_dags/example_dynamic_task_mapping.py for tasks to queue
[2024-04-14T15:53:10.778-0600] {logging_mixin.py:188} INFO - [2024-04-14T15:53:10.777-0600] {dagbag.py:540} INFO - Filling up the DagBag from /Users/felipejimenez/Desktop/AirFlow/.env/lib/python3.9/site-packages/airflow/example_dags/example_dynamic_task_mapping.py
[2024-04-14T15:53:10.789-0600] {processor.py:840} INFO - DAG(s) 'example_dynamic_task_mapping' retrieved from /Users/felipejimenez/Desktop/AirFlow/.env/lib/python3.9/site-packages/airflow/example_dags/example_dynamic_task_mapping.py
[2024-04-14T15:53:10.821-0600] {logging_mixin.py:188} INFO - [2024-04-14T15:53:10.821-0600] {dag.py:3096} INFO - Sync 1 DAGs
[2024-04-14T15:53:10.843-0600] {logging_mixin.py:188} INFO - [2024-04-14T15:53:10.843-0600] {dag.py:3954} INFO - Setting next_dagrun for example_dynamic_task_mapping to 2022-03-04 00:00:00+00:00, run_after=2022-03-05 00:00:00+00:00
[2024-04-14T15:53:10.850-0600] {processor.py:183} INFO - Processing /Users/felipejimenez/Desktop/AirFlow/.env/lib/python3.9/site-packages/airflow/example_dags/example_dynamic_task_mapping.py took 0.075 seconds
[2024-04-14T15:54:39.686-0600] {processor.py:161} INFO - Started process (PID=5084) to work on /Users/felipejimenez/Desktop/AirFlow/.env/lib/python3.9/site-packages/airflow/example_dags/example_dynamic_task_mapping.py
[2024-04-14T15:54:39.687-0600] {processor.py:830} INFO - Processing file /Users/felipejimenez/Desktop/AirFlow/.env/lib/python3.9/site-packages/airflow/example_dags/example_dynamic_task_mapping.py for tasks to queue
[2024-04-14T15:54:39.688-0600] {logging_mixin.py:188} INFO - [2024-04-14T15:54:39.688-0600] {dagbag.py:540} INFO - Filling up the DagBag from /Users/felipejimenez/Desktop/AirFlow/.env/lib/python3.9/site-packages/airflow/example_dags/example_dynamic_task_mapping.py
[2024-04-14T15:54:39.699-0600] {processor.py:840} INFO - DAG(s) 'example_dynamic_task_mapping' retrieved from /Users/felipejimenez/Desktop/AirFlow/.env/lib/python3.9/site-packages/airflow/example_dags/example_dynamic_task_mapping.py
[2024-04-14T15:54:39.730-0600] {logging_mixin.py:188} INFO - [2024-04-14T15:54:39.730-0600] {dag.py:3096} INFO - Sync 1 DAGs
[2024-04-14T15:54:39.753-0600] {logging_mixin.py:188} INFO - [2024-04-14T15:54:39.753-0600] {dag.py:3954} INFO - Setting next_dagrun for example_dynamic_task_mapping to 2022-03-04 00:00:00+00:00, run_after=2022-03-05 00:00:00+00:00
[2024-04-14T15:54:39.758-0600] {processor.py:183} INFO - Processing /Users/felipejimenez/Desktop/AirFlow/.env/lib/python3.9/site-packages/airflow/example_dags/example_dynamic_task_mapping.py took 0.074 seconds
[2024-04-14T15:56:32.393-0600] {processor.py:161} INFO - Started process (PID=5249) to work on /Users/felipejimenez/Desktop/AirFlow/.env/lib/python3.9/site-packages/airflow/example_dags/example_dynamic_task_mapping.py
[2024-04-14T15:56:32.395-0600] {processor.py:830} INFO - Processing file /Users/felipejimenez/Desktop/AirFlow/.env/lib/python3.9/site-packages/airflow/example_dags/example_dynamic_task_mapping.py for tasks to queue
[2024-04-14T15:56:32.395-0600] {logging_mixin.py:188} INFO - [2024-04-14T15:56:32.395-0600] {dagbag.py:540} INFO - Filling up the DagBag from /Users/felipejimenez/Desktop/AirFlow/.env/lib/python3.9/site-packages/airflow/example_dags/example_dynamic_task_mapping.py
[2024-04-14T15:56:32.408-0600] {processor.py:840} INFO - DAG(s) 'example_dynamic_task_mapping' retrieved from /Users/felipejimenez/Desktop/AirFlow/.env/lib/python3.9/site-packages/airflow/example_dags/example_dynamic_task_mapping.py
[2024-04-14T15:56:32.440-0600] {logging_mixin.py:188} INFO - [2024-04-14T15:56:32.439-0600] {dag.py:3096} INFO - Sync 1 DAGs
[2024-04-14T15:56:32.464-0600] {logging_mixin.py:188} INFO - [2024-04-14T15:56:32.463-0600] {dag.py:3954} INFO - Setting next_dagrun for example_dynamic_task_mapping to 2022-03-04 00:00:00+00:00, run_after=2022-03-05 00:00:00+00:00
[2024-04-14T15:56:32.469-0600] {processor.py:183} INFO - Processing /Users/felipejimenez/Desktop/AirFlow/.env/lib/python3.9/site-packages/airflow/example_dags/example_dynamic_task_mapping.py took 0.077 seconds
[2024-04-14T15:57:56.848-0600] {processor.py:161} INFO - Started process (PID=5385) to work on /Users/felipejimenez/Desktop/AirFlow/.env/lib/python3.9/site-packages/airflow/example_dags/example_dynamic_task_mapping.py
[2024-04-14T15:57:56.851-0600] {processor.py:830} INFO - Processing file /Users/felipejimenez/Desktop/AirFlow/.env/lib/python3.9/site-packages/airflow/example_dags/example_dynamic_task_mapping.py for tasks to queue
[2024-04-14T15:57:56.851-0600] {logging_mixin.py:188} INFO - [2024-04-14T15:57:56.851-0600] {dagbag.py:540} INFO - Filling up the DagBag from /Users/felipejimenez/Desktop/AirFlow/.env/lib/python3.9/site-packages/airflow/example_dags/example_dynamic_task_mapping.py
[2024-04-14T15:57:56.862-0600] {processor.py:840} INFO - DAG(s) 'example_dynamic_task_mapping' retrieved from /Users/felipejimenez/Desktop/AirFlow/.env/lib/python3.9/site-packages/airflow/example_dags/example_dynamic_task_mapping.py
[2024-04-14T15:57:56.893-0600] {logging_mixin.py:188} INFO - [2024-04-14T15:57:56.893-0600] {dag.py:3096} INFO - Sync 1 DAGs
[2024-04-14T15:57:56.916-0600] {logging_mixin.py:188} INFO - [2024-04-14T15:57:56.915-0600] {dag.py:3954} INFO - Setting next_dagrun for example_dynamic_task_mapping to 2022-03-04 00:00:00+00:00, run_after=2022-03-05 00:00:00+00:00
[2024-04-14T15:57:56.921-0600] {processor.py:183} INFO - Processing /Users/felipejimenez/Desktop/AirFlow/.env/lib/python3.9/site-packages/airflow/example_dags/example_dynamic_task_mapping.py took 0.074 seconds
[2024-04-14T15:59:28.915-0600] {processor.py:161} INFO - Started process (PID=5510) to work on /Users/felipejimenez/Desktop/AirFlow/.env/lib/python3.9/site-packages/airflow/example_dags/example_dynamic_task_mapping.py
[2024-04-14T15:59:28.917-0600] {processor.py:830} INFO - Processing file /Users/felipejimenez/Desktop/AirFlow/.env/lib/python3.9/site-packages/airflow/example_dags/example_dynamic_task_mapping.py for tasks to queue
[2024-04-14T15:59:28.917-0600] {logging_mixin.py:188} INFO - [2024-04-14T15:59:28.917-0600] {dagbag.py:540} INFO - Filling up the DagBag from /Users/felipejimenez/Desktop/AirFlow/.env/lib/python3.9/site-packages/airflow/example_dags/example_dynamic_task_mapping.py
[2024-04-14T15:59:28.930-0600] {processor.py:840} INFO - DAG(s) 'example_dynamic_task_mapping' retrieved from /Users/felipejimenez/Desktop/AirFlow/.env/lib/python3.9/site-packages/airflow/example_dags/example_dynamic_task_mapping.py
[2024-04-14T15:59:28.960-0600] {logging_mixin.py:188} INFO - [2024-04-14T15:59:28.960-0600] {dag.py:3096} INFO - Sync 1 DAGs
[2024-04-14T15:59:28.983-0600] {logging_mixin.py:188} INFO - [2024-04-14T15:59:28.983-0600] {dag.py:3954} INFO - Setting next_dagrun for example_dynamic_task_mapping to 2022-03-04 00:00:00+00:00, run_after=2022-03-05 00:00:00+00:00
[2024-04-14T15:59:28.988-0600] {processor.py:183} INFO - Processing /Users/felipejimenez/Desktop/AirFlow/.env/lib/python3.9/site-packages/airflow/example_dags/example_dynamic_task_mapping.py took 0.074 seconds
[2024-04-14T16:00:56.116-0600] {processor.py:161} INFO - Started process (PID=5610) to work on /Users/felipejimenez/Desktop/AirFlow/.env/lib/python3.9/site-packages/airflow/example_dags/example_dynamic_task_mapping.py
[2024-04-14T16:00:56.118-0600] {processor.py:830} INFO - Processing file /Users/felipejimenez/Desktop/AirFlow/.env/lib/python3.9/site-packages/airflow/example_dags/example_dynamic_task_mapping.py for tasks to queue
[2024-04-14T16:00:56.118-0600] {logging_mixin.py:188} INFO - [2024-04-14T16:00:56.118-0600] {dagbag.py:540} INFO - Filling up the DagBag from /Users/felipejimenez/Desktop/AirFlow/.env/lib/python3.9/site-packages/airflow/example_dags/example_dynamic_task_mapping.py
[2024-04-14T16:00:56.131-0600] {processor.py:840} INFO - DAG(s) 'example_dynamic_task_mapping' retrieved from /Users/felipejimenez/Desktop/AirFlow/.env/lib/python3.9/site-packages/airflow/example_dags/example_dynamic_task_mapping.py
[2024-04-14T16:00:56.162-0600] {logging_mixin.py:188} INFO - [2024-04-14T16:00:56.162-0600] {dag.py:3096} INFO - Sync 1 DAGs
[2024-04-14T16:00:56.187-0600] {logging_mixin.py:188} INFO - [2024-04-14T16:00:56.187-0600] {dag.py:3954} INFO - Setting next_dagrun for example_dynamic_task_mapping to 2022-03-04 00:00:00+00:00, run_after=2022-03-05 00:00:00+00:00
[2024-04-14T16:00:56.193-0600] {processor.py:183} INFO - Processing /Users/felipejimenez/Desktop/AirFlow/.env/lib/python3.9/site-packages/airflow/example_dags/example_dynamic_task_mapping.py took 0.078 seconds
[2024-04-14T16:04:30.509-0600] {processor.py:161} INFO - Started process (PID=5936) to work on /Users/felipejimenez/Desktop/AirFlow/.env/lib/python3.9/site-packages/airflow/example_dags/example_dynamic_task_mapping.py
[2024-04-14T16:04:30.511-0600] {processor.py:830} INFO - Processing file /Users/felipejimenez/Desktop/AirFlow/.env/lib/python3.9/site-packages/airflow/example_dags/example_dynamic_task_mapping.py for tasks to queue
[2024-04-14T16:04:30.511-0600] {logging_mixin.py:188} INFO - [2024-04-14T16:04:30.511-0600] {dagbag.py:540} INFO - Filling up the DagBag from /Users/felipejimenez/Desktop/AirFlow/.env/lib/python3.9/site-packages/airflow/example_dags/example_dynamic_task_mapping.py
[2024-04-14T16:04:30.523-0600] {processor.py:840} INFO - DAG(s) 'example_dynamic_task_mapping' retrieved from /Users/felipejimenez/Desktop/AirFlow/.env/lib/python3.9/site-packages/airflow/example_dags/example_dynamic_task_mapping.py
[2024-04-14T16:04:30.557-0600] {logging_mixin.py:188} INFO - [2024-04-14T16:04:30.557-0600] {dag.py:3096} INFO - Sync 1 DAGs
[2024-04-14T16:04:30.585-0600] {logging_mixin.py:188} INFO - [2024-04-14T16:04:30.585-0600] {dag.py:3954} INFO - Setting next_dagrun for example_dynamic_task_mapping to 2022-03-04 00:00:00+00:00, run_after=2022-03-05 00:00:00+00:00
[2024-04-14T16:04:30.590-0600] {processor.py:183} INFO - Processing /Users/felipejimenez/Desktop/AirFlow/.env/lib/python3.9/site-packages/airflow/example_dags/example_dynamic_task_mapping.py took 0.082 seconds
[2024-04-14T16:06:01.794-0600] {processor.py:161} INFO - Started process (PID=6099) to work on /Users/felipejimenez/Desktop/AirFlow/.env/lib/python3.9/site-packages/airflow/example_dags/example_dynamic_task_mapping.py
[2024-04-14T16:06:01.796-0600] {processor.py:830} INFO - Processing file /Users/felipejimenez/Desktop/AirFlow/.env/lib/python3.9/site-packages/airflow/example_dags/example_dynamic_task_mapping.py for tasks to queue
[2024-04-14T16:06:01.796-0600] {logging_mixin.py:188} INFO - [2024-04-14T16:06:01.796-0600] {dagbag.py:540} INFO - Filling up the DagBag from /Users/felipejimenez/Desktop/AirFlow/.env/lib/python3.9/site-packages/airflow/example_dags/example_dynamic_task_mapping.py
[2024-04-14T16:06:01.808-0600] {processor.py:840} INFO - DAG(s) 'example_dynamic_task_mapping' retrieved from /Users/felipejimenez/Desktop/AirFlow/.env/lib/python3.9/site-packages/airflow/example_dags/example_dynamic_task_mapping.py
[2024-04-14T16:06:01.840-0600] {logging_mixin.py:188} INFO - [2024-04-14T16:06:01.840-0600] {dag.py:3096} INFO - Sync 1 DAGs
[2024-04-14T16:06:01.863-0600] {logging_mixin.py:188} INFO - [2024-04-14T16:06:01.863-0600] {dag.py:3954} INFO - Setting next_dagrun for example_dynamic_task_mapping to 2022-03-04 00:00:00+00:00, run_after=2022-03-05 00:00:00+00:00
[2024-04-14T16:06:01.868-0600] {processor.py:183} INFO - Processing /Users/felipejimenez/Desktop/AirFlow/.env/lib/python3.9/site-packages/airflow/example_dags/example_dynamic_task_mapping.py took 0.075 seconds
