[2024-04-14T15:42:29.828-0600] {processor.py:161} INFO - Started process (PID=4092) to work on /Users/felipejimenez/Desktop/AirFlow/.env/lib/python3.9/site-packages/airflow/example_dags/example_setup_teardown_taskflow.py
[2024-04-14T15:42:29.829-0600] {processor.py:830} INFO - Processing file /Users/felipejimenez/Desktop/AirFlow/.env/lib/python3.9/site-packages/airflow/example_dags/example_setup_teardown_taskflow.py for tasks to queue
[2024-04-14T15:42:29.829-0600] {logging_mixin.py:188} INFO - [2024-04-14T15:42:29.829-0600] {dagbag.py:540} INFO - Filling up the DagBag from /Users/felipejimenez/Desktop/AirFlow/.env/lib/python3.9/site-packages/airflow/example_dags/example_setup_teardown_taskflow.py
[2024-04-14T15:42:29.845-0600] {processor.py:840} INFO - DAG(s) 'example_setup_teardown_taskflow' retrieved from /Users/felipejimenez/Desktop/AirFlow/.env/lib/python3.9/site-packages/airflow/example_dags/example_setup_teardown_taskflow.py
[2024-04-14T15:42:29.946-0600] {logging_mixin.py:188} INFO - [2024-04-14T15:42:29.946-0600] {override.py:1829} INFO - Created Permission View: can edit on DAG:example_setup_teardown_taskflow
[2024-04-14T15:42:29.949-0600] {logging_mixin.py:188} INFO - [2024-04-14T15:42:29.949-0600] {override.py:1829} INFO - Created Permission View: can read on DAG:example_setup_teardown_taskflow
[2024-04-14T15:42:29.952-0600] {logging_mixin.py:188} INFO - [2024-04-14T15:42:29.951-0600] {override.py:1829} INFO - Created Permission View: can delete on DAG:example_setup_teardown_taskflow
[2024-04-14T15:42:29.952-0600] {logging_mixin.py:188} INFO - [2024-04-14T15:42:29.952-0600] {dag.py:3096} INFO - Sync 1 DAGs
[2024-04-14T15:42:29.955-0600] {logging_mixin.py:188} INFO - [2024-04-14T15:42:29.955-0600] {dag.py:3118} INFO - Creating ORM DAG for example_setup_teardown_taskflow
[2024-04-14T15:42:29.960-0600] {logging_mixin.py:188} INFO - [2024-04-14T15:42:29.960-0600] {dag.py:3954} INFO - Setting next_dagrun for example_setup_teardown_taskflow to 2024-04-13 00:00:00+00:00, run_after=2024-04-14 00:00:00+00:00
[2024-04-14T15:42:29.971-0600] {processor.py:183} INFO - Processing /Users/felipejimenez/Desktop/AirFlow/.env/lib/python3.9/site-packages/airflow/example_dags/example_setup_teardown_taskflow.py took 0.144 seconds
[2024-04-14T15:43:45.769-0600] {processor.py:161} INFO - Started process (PID=4188) to work on /Users/felipejimenez/Desktop/AirFlow/.env/lib/python3.9/site-packages/airflow/example_dags/example_setup_teardown_taskflow.py
[2024-04-14T15:43:45.770-0600] {processor.py:830} INFO - Processing file /Users/felipejimenez/Desktop/AirFlow/.env/lib/python3.9/site-packages/airflow/example_dags/example_setup_teardown_taskflow.py for tasks to queue
[2024-04-14T15:43:45.771-0600] {logging_mixin.py:188} INFO - [2024-04-14T15:43:45.771-0600] {dagbag.py:540} INFO - Filling up the DagBag from /Users/felipejimenez/Desktop/AirFlow/.env/lib/python3.9/site-packages/airflow/example_dags/example_setup_teardown_taskflow.py
[2024-04-14T15:43:45.783-0600] {processor.py:840} INFO - DAG(s) 'example_setup_teardown_taskflow' retrieved from /Users/felipejimenez/Desktop/AirFlow/.env/lib/python3.9/site-packages/airflow/example_dags/example_setup_teardown_taskflow.py
[2024-04-14T15:43:45.816-0600] {logging_mixin.py:188} INFO - [2024-04-14T15:43:45.815-0600] {dag.py:3096} INFO - Sync 1 DAGs
[2024-04-14T15:43:45.839-0600] {logging_mixin.py:188} INFO - [2024-04-14T15:43:45.839-0600] {dag.py:3954} INFO - Setting next_dagrun for example_setup_teardown_taskflow to 2024-04-13 00:00:00+00:00, run_after=2024-04-14 00:00:00+00:00
[2024-04-14T15:43:45.845-0600] {processor.py:183} INFO - Processing /Users/felipejimenez/Desktop/AirFlow/.env/lib/python3.9/site-packages/airflow/example_dags/example_setup_teardown_taskflow.py took 0.077 seconds
[2024-04-14T15:45:12.520-0600] {processor.py:161} INFO - Started process (PID=4291) to work on /Users/felipejimenez/Desktop/AirFlow/.env/lib/python3.9/site-packages/airflow/example_dags/example_setup_teardown_taskflow.py
[2024-04-14T15:45:12.521-0600] {processor.py:830} INFO - Processing file /Users/felipejimenez/Desktop/AirFlow/.env/lib/python3.9/site-packages/airflow/example_dags/example_setup_teardown_taskflow.py for tasks to queue
[2024-04-14T15:45:12.522-0600] {logging_mixin.py:188} INFO - [2024-04-14T15:45:12.522-0600] {dagbag.py:540} INFO - Filling up the DagBag from /Users/felipejimenez/Desktop/AirFlow/.env/lib/python3.9/site-packages/airflow/example_dags/example_setup_teardown_taskflow.py
[2024-04-14T15:45:12.534-0600] {processor.py:840} INFO - DAG(s) 'example_setup_teardown_taskflow' retrieved from /Users/felipejimenez/Desktop/AirFlow/.env/lib/python3.9/site-packages/airflow/example_dags/example_setup_teardown_taskflow.py
[2024-04-14T15:45:12.566-0600] {logging_mixin.py:188} INFO - [2024-04-14T15:45:12.566-0600] {dag.py:3096} INFO - Sync 1 DAGs
[2024-04-14T15:45:12.589-0600] {logging_mixin.py:188} INFO - [2024-04-14T15:45:12.589-0600] {dag.py:3954} INFO - Setting next_dagrun for example_setup_teardown_taskflow to 2024-04-13 00:00:00+00:00, run_after=2024-04-14 00:00:00+00:00
[2024-04-14T15:45:12.594-0600] {processor.py:183} INFO - Processing /Users/felipejimenez/Desktop/AirFlow/.env/lib/python3.9/site-packages/airflow/example_dags/example_setup_teardown_taskflow.py took 0.075 seconds
[2024-04-14T15:46:36.014-0600] {processor.py:161} INFO - Started process (PID=4390) to work on /Users/felipejimenez/Desktop/AirFlow/.env/lib/python3.9/site-packages/airflow/example_dags/example_setup_teardown_taskflow.py
[2024-04-14T15:46:36.016-0600] {processor.py:830} INFO - Processing file /Users/felipejimenez/Desktop/AirFlow/.env/lib/python3.9/site-packages/airflow/example_dags/example_setup_teardown_taskflow.py for tasks to queue
[2024-04-14T15:46:36.016-0600] {logging_mixin.py:188} INFO - [2024-04-14T15:46:36.016-0600] {dagbag.py:540} INFO - Filling up the DagBag from /Users/felipejimenez/Desktop/AirFlow/.env/lib/python3.9/site-packages/airflow/example_dags/example_setup_teardown_taskflow.py
[2024-04-14T15:46:36.029-0600] {processor.py:840} INFO - DAG(s) 'example_setup_teardown_taskflow' retrieved from /Users/felipejimenez/Desktop/AirFlow/.env/lib/python3.9/site-packages/airflow/example_dags/example_setup_teardown_taskflow.py
[2024-04-14T15:46:36.060-0600] {logging_mixin.py:188} INFO - [2024-04-14T15:46:36.060-0600] {dag.py:3096} INFO - Sync 1 DAGs
[2024-04-14T15:46:36.083-0600] {logging_mixin.py:188} INFO - [2024-04-14T15:46:36.083-0600] {dag.py:3954} INFO - Setting next_dagrun for example_setup_teardown_taskflow to 2024-04-13 00:00:00+00:00, run_after=2024-04-14 00:00:00+00:00
[2024-04-14T15:46:36.088-0600] {processor.py:183} INFO - Processing /Users/felipejimenez/Desktop/AirFlow/.env/lib/python3.9/site-packages/airflow/example_dags/example_setup_teardown_taskflow.py took 0.075 seconds
[2024-04-14T15:48:08.974-0600] {processor.py:161} INFO - Started process (PID=4501) to work on /Users/felipejimenez/Desktop/AirFlow/.env/lib/python3.9/site-packages/airflow/example_dags/example_setup_teardown_taskflow.py
[2024-04-14T15:48:08.976-0600] {processor.py:830} INFO - Processing file /Users/felipejimenez/Desktop/AirFlow/.env/lib/python3.9/site-packages/airflow/example_dags/example_setup_teardown_taskflow.py for tasks to queue
[2024-04-14T15:48:08.976-0600] {logging_mixin.py:188} INFO - [2024-04-14T15:48:08.976-0600] {dagbag.py:540} INFO - Filling up the DagBag from /Users/felipejimenez/Desktop/AirFlow/.env/lib/python3.9/site-packages/airflow/example_dags/example_setup_teardown_taskflow.py
[2024-04-14T15:48:08.989-0600] {processor.py:840} INFO - DAG(s) 'example_setup_teardown_taskflow' retrieved from /Users/felipejimenez/Desktop/AirFlow/.env/lib/python3.9/site-packages/airflow/example_dags/example_setup_teardown_taskflow.py
[2024-04-14T15:48:09.020-0600] {logging_mixin.py:188} INFO - [2024-04-14T15:48:09.020-0600] {dag.py:3096} INFO - Sync 1 DAGs
[2024-04-14T15:48:09.043-0600] {logging_mixin.py:188} INFO - [2024-04-14T15:48:09.043-0600] {dag.py:3954} INFO - Setting next_dagrun for example_setup_teardown_taskflow to 2024-04-13 00:00:00+00:00, run_after=2024-04-14 00:00:00+00:00
[2024-04-14T15:48:09.048-0600] {processor.py:183} INFO - Processing /Users/felipejimenez/Desktop/AirFlow/.env/lib/python3.9/site-packages/airflow/example_dags/example_setup_teardown_taskflow.py took 0.075 seconds
[2024-04-14T15:49:38.097-0600] {processor.py:161} INFO - Started process (PID=4670) to work on /Users/felipejimenez/Desktop/AirFlow/.env/lib/python3.9/site-packages/airflow/example_dags/example_setup_teardown_taskflow.py
[2024-04-14T15:49:38.098-0600] {processor.py:830} INFO - Processing file /Users/felipejimenez/Desktop/AirFlow/.env/lib/python3.9/site-packages/airflow/example_dags/example_setup_teardown_taskflow.py for tasks to queue
[2024-04-14T15:49:38.099-0600] {logging_mixin.py:188} INFO - [2024-04-14T15:49:38.099-0600] {dagbag.py:540} INFO - Filling up the DagBag from /Users/felipejimenez/Desktop/AirFlow/.env/lib/python3.9/site-packages/airflow/example_dags/example_setup_teardown_taskflow.py
[2024-04-14T15:49:38.112-0600] {processor.py:840} INFO - DAG(s) 'example_setup_teardown_taskflow' retrieved from /Users/felipejimenez/Desktop/AirFlow/.env/lib/python3.9/site-packages/airflow/example_dags/example_setup_teardown_taskflow.py
[2024-04-14T15:49:38.144-0600] {logging_mixin.py:188} INFO - [2024-04-14T15:49:38.144-0600] {dag.py:3096} INFO - Sync 1 DAGs
[2024-04-14T15:49:38.167-0600] {logging_mixin.py:188} INFO - [2024-04-14T15:49:38.167-0600] {dag.py:3954} INFO - Setting next_dagrun for example_setup_teardown_taskflow to 2024-04-13 00:00:00+00:00, run_after=2024-04-14 00:00:00+00:00
[2024-04-14T15:49:38.173-0600] {processor.py:183} INFO - Processing /Users/felipejimenez/Desktop/AirFlow/.env/lib/python3.9/site-packages/airflow/example_dags/example_setup_teardown_taskflow.py took 0.077 seconds
[2024-04-14T15:51:05.462-0600] {processor.py:161} INFO - Started process (PID=4772) to work on /Users/felipejimenez/Desktop/AirFlow/.env/lib/python3.9/site-packages/airflow/example_dags/example_setup_teardown_taskflow.py
[2024-04-14T15:51:05.463-0600] {processor.py:830} INFO - Processing file /Users/felipejimenez/Desktop/AirFlow/.env/lib/python3.9/site-packages/airflow/example_dags/example_setup_teardown_taskflow.py for tasks to queue
[2024-04-14T15:51:05.463-0600] {logging_mixin.py:188} INFO - [2024-04-14T15:51:05.463-0600] {dagbag.py:540} INFO - Filling up the DagBag from /Users/felipejimenez/Desktop/AirFlow/.env/lib/python3.9/site-packages/airflow/example_dags/example_setup_teardown_taskflow.py
[2024-04-14T15:51:05.475-0600] {processor.py:840} INFO - DAG(s) 'example_setup_teardown_taskflow' retrieved from /Users/felipejimenez/Desktop/AirFlow/.env/lib/python3.9/site-packages/airflow/example_dags/example_setup_teardown_taskflow.py
[2024-04-14T15:51:05.508-0600] {logging_mixin.py:188} INFO - [2024-04-14T15:51:05.508-0600] {dag.py:3096} INFO - Sync 1 DAGs
[2024-04-14T15:51:05.531-0600] {logging_mixin.py:188} INFO - [2024-04-14T15:51:05.531-0600] {dag.py:3954} INFO - Setting next_dagrun for example_setup_teardown_taskflow to 2024-04-13 00:00:00+00:00, run_after=2024-04-14 00:00:00+00:00
[2024-04-14T15:51:05.537-0600] {processor.py:183} INFO - Processing /Users/felipejimenez/Desktop/AirFlow/.env/lib/python3.9/site-packages/airflow/example_dags/example_setup_teardown_taskflow.py took 0.076 seconds
[2024-04-14T15:52:34.842-0600] {processor.py:161} INFO - Started process (PID=4911) to work on /Users/felipejimenez/Desktop/AirFlow/.env/lib/python3.9/site-packages/airflow/example_dags/example_setup_teardown_taskflow.py
[2024-04-14T15:52:34.843-0600] {processor.py:830} INFO - Processing file /Users/felipejimenez/Desktop/AirFlow/.env/lib/python3.9/site-packages/airflow/example_dags/example_setup_teardown_taskflow.py for tasks to queue
[2024-04-14T15:52:34.844-0600] {logging_mixin.py:188} INFO - [2024-04-14T15:52:34.844-0600] {dagbag.py:540} INFO - Filling up the DagBag from /Users/felipejimenez/Desktop/AirFlow/.env/lib/python3.9/site-packages/airflow/example_dags/example_setup_teardown_taskflow.py
[2024-04-14T15:52:34.857-0600] {processor.py:840} INFO - DAG(s) 'example_setup_teardown_taskflow' retrieved from /Users/felipejimenez/Desktop/AirFlow/.env/lib/python3.9/site-packages/airflow/example_dags/example_setup_teardown_taskflow.py
[2024-04-14T15:52:34.889-0600] {logging_mixin.py:188} INFO - [2024-04-14T15:52:34.889-0600] {dag.py:3096} INFO - Sync 1 DAGs
[2024-04-14T15:52:34.911-0600] {logging_mixin.py:188} INFO - [2024-04-14T15:52:34.911-0600] {dag.py:3954} INFO - Setting next_dagrun for example_setup_teardown_taskflow to 2024-04-13 00:00:00+00:00, run_after=2024-04-14 00:00:00+00:00
[2024-04-14T15:52:34.917-0600] {processor.py:183} INFO - Processing /Users/felipejimenez/Desktop/AirFlow/.env/lib/python3.9/site-packages/airflow/example_dags/example_setup_teardown_taskflow.py took 0.077 seconds
[2024-04-14T15:54:00.911-0600] {processor.py:161} INFO - Started process (PID=5039) to work on /Users/felipejimenez/Desktop/AirFlow/.env/lib/python3.9/site-packages/airflow/example_dags/example_setup_teardown_taskflow.py
[2024-04-14T15:54:00.912-0600] {processor.py:830} INFO - Processing file /Users/felipejimenez/Desktop/AirFlow/.env/lib/python3.9/site-packages/airflow/example_dags/example_setup_teardown_taskflow.py for tasks to queue
[2024-04-14T15:54:00.912-0600] {logging_mixin.py:188} INFO - [2024-04-14T15:54:00.912-0600] {dagbag.py:540} INFO - Filling up the DagBag from /Users/felipejimenez/Desktop/AirFlow/.env/lib/python3.9/site-packages/airflow/example_dags/example_setup_teardown_taskflow.py
[2024-04-14T15:54:00.924-0600] {processor.py:840} INFO - DAG(s) 'example_setup_teardown_taskflow' retrieved from /Users/felipejimenez/Desktop/AirFlow/.env/lib/python3.9/site-packages/airflow/example_dags/example_setup_teardown_taskflow.py
[2024-04-14T15:54:00.957-0600] {logging_mixin.py:188} INFO - [2024-04-14T15:54:00.957-0600] {dag.py:3096} INFO - Sync 1 DAGs
[2024-04-14T15:54:00.980-0600] {logging_mixin.py:188} INFO - [2024-04-14T15:54:00.980-0600] {dag.py:3954} INFO - Setting next_dagrun for example_setup_teardown_taskflow to 2024-04-13 00:00:00+00:00, run_after=2024-04-14 00:00:00+00:00
[2024-04-14T15:54:00.985-0600] {processor.py:183} INFO - Processing /Users/felipejimenez/Desktop/AirFlow/.env/lib/python3.9/site-packages/airflow/example_dags/example_setup_teardown_taskflow.py took 0.075 seconds
[2024-04-14T15:56:09.855-0600] {processor.py:161} INFO - Started process (PID=5208) to work on /Users/felipejimenez/Desktop/AirFlow/.env/lib/python3.9/site-packages/airflow/example_dags/example_setup_teardown_taskflow.py
[2024-04-14T15:56:09.856-0600] {processor.py:830} INFO - Processing file /Users/felipejimenez/Desktop/AirFlow/.env/lib/python3.9/site-packages/airflow/example_dags/example_setup_teardown_taskflow.py for tasks to queue
[2024-04-14T15:56:09.857-0600] {logging_mixin.py:188} INFO - [2024-04-14T15:56:09.857-0600] {dagbag.py:540} INFO - Filling up the DagBag from /Users/felipejimenez/Desktop/AirFlow/.env/lib/python3.9/site-packages/airflow/example_dags/example_setup_teardown_taskflow.py
[2024-04-14T15:56:09.871-0600] {processor.py:840} INFO - DAG(s) 'example_setup_teardown_taskflow' retrieved from /Users/felipejimenez/Desktop/AirFlow/.env/lib/python3.9/site-packages/airflow/example_dags/example_setup_teardown_taskflow.py
[2024-04-14T15:56:09.903-0600] {logging_mixin.py:188} INFO - [2024-04-14T15:56:09.903-0600] {dag.py:3096} INFO - Sync 1 DAGs
[2024-04-14T15:56:09.925-0600] {logging_mixin.py:188} INFO - [2024-04-14T15:56:09.925-0600] {dag.py:3954} INFO - Setting next_dagrun for example_setup_teardown_taskflow to 2024-04-13 00:00:00+00:00, run_after=2024-04-14 00:00:00+00:00
[2024-04-14T15:56:09.931-0600] {processor.py:183} INFO - Processing /Users/felipejimenez/Desktop/AirFlow/.env/lib/python3.9/site-packages/airflow/example_dags/example_setup_teardown_taskflow.py took 0.077 seconds
[2024-04-14T15:57:23.039-0600] {processor.py:161} INFO - Started process (PID=5325) to work on /Users/felipejimenez/Desktop/AirFlow/.env/lib/python3.9/site-packages/airflow/example_dags/example_setup_teardown_taskflow.py
[2024-04-14T15:57:23.041-0600] {processor.py:830} INFO - Processing file /Users/felipejimenez/Desktop/AirFlow/.env/lib/python3.9/site-packages/airflow/example_dags/example_setup_teardown_taskflow.py for tasks to queue
[2024-04-14T15:57:23.041-0600] {logging_mixin.py:188} INFO - [2024-04-14T15:57:23.041-0600] {dagbag.py:540} INFO - Filling up the DagBag from /Users/felipejimenez/Desktop/AirFlow/.env/lib/python3.9/site-packages/airflow/example_dags/example_setup_teardown_taskflow.py
[2024-04-14T15:57:23.054-0600] {processor.py:840} INFO - DAG(s) 'example_setup_teardown_taskflow' retrieved from /Users/felipejimenez/Desktop/AirFlow/.env/lib/python3.9/site-packages/airflow/example_dags/example_setup_teardown_taskflow.py
[2024-04-14T15:57:23.087-0600] {logging_mixin.py:188} INFO - [2024-04-14T15:57:23.087-0600] {dag.py:3096} INFO - Sync 1 DAGs
[2024-04-14T15:57:23.110-0600] {logging_mixin.py:188} INFO - [2024-04-14T15:57:23.110-0600] {dag.py:3954} INFO - Setting next_dagrun for example_setup_teardown_taskflow to 2024-04-13 00:00:00+00:00, run_after=2024-04-14 00:00:00+00:00
[2024-04-14T15:57:23.115-0600] {processor.py:183} INFO - Processing /Users/felipejimenez/Desktop/AirFlow/.env/lib/python3.9/site-packages/airflow/example_dags/example_setup_teardown_taskflow.py took 0.077 seconds
[2024-04-14T15:58:51.373-0600] {processor.py:161} INFO - Started process (PID=5469) to work on /Users/felipejimenez/Desktop/AirFlow/.env/lib/python3.9/site-packages/airflow/example_dags/example_setup_teardown_taskflow.py
[2024-04-14T15:58:51.375-0600] {processor.py:830} INFO - Processing file /Users/felipejimenez/Desktop/AirFlow/.env/lib/python3.9/site-packages/airflow/example_dags/example_setup_teardown_taskflow.py for tasks to queue
[2024-04-14T15:58:51.375-0600] {logging_mixin.py:188} INFO - [2024-04-14T15:58:51.375-0600] {dagbag.py:540} INFO - Filling up the DagBag from /Users/felipejimenez/Desktop/AirFlow/.env/lib/python3.9/site-packages/airflow/example_dags/example_setup_teardown_taskflow.py
[2024-04-14T15:58:51.388-0600] {processor.py:840} INFO - DAG(s) 'example_setup_teardown_taskflow' retrieved from /Users/felipejimenez/Desktop/AirFlow/.env/lib/python3.9/site-packages/airflow/example_dags/example_setup_teardown_taskflow.py
[2024-04-14T15:58:51.420-0600] {logging_mixin.py:188} INFO - [2024-04-14T15:58:51.420-0600] {dag.py:3096} INFO - Sync 1 DAGs
[2024-04-14T15:58:51.443-0600] {logging_mixin.py:188} INFO - [2024-04-14T15:58:51.442-0600] {dag.py:3954} INFO - Setting next_dagrun for example_setup_teardown_taskflow to 2024-04-13 00:00:00+00:00, run_after=2024-04-14 00:00:00+00:00
[2024-04-14T15:58:51.448-0600] {processor.py:183} INFO - Processing /Users/felipejimenez/Desktop/AirFlow/.env/lib/python3.9/site-packages/airflow/example_dags/example_setup_teardown_taskflow.py took 0.075 seconds
[2024-04-14T16:00:18.002-0600] {processor.py:161} INFO - Started process (PID=5567) to work on /Users/felipejimenez/Desktop/AirFlow/.env/lib/python3.9/site-packages/airflow/example_dags/example_setup_teardown_taskflow.py
[2024-04-14T16:00:18.004-0600] {processor.py:830} INFO - Processing file /Users/felipejimenez/Desktop/AirFlow/.env/lib/python3.9/site-packages/airflow/example_dags/example_setup_teardown_taskflow.py for tasks to queue
[2024-04-14T16:00:18.004-0600] {logging_mixin.py:188} INFO - [2024-04-14T16:00:18.004-0600] {dagbag.py:540} INFO - Filling up the DagBag from /Users/felipejimenez/Desktop/AirFlow/.env/lib/python3.9/site-packages/airflow/example_dags/example_setup_teardown_taskflow.py
[2024-04-14T16:00:18.017-0600] {processor.py:840} INFO - DAG(s) 'example_setup_teardown_taskflow' retrieved from /Users/felipejimenez/Desktop/AirFlow/.env/lib/python3.9/site-packages/airflow/example_dags/example_setup_teardown_taskflow.py
[2024-04-14T16:00:18.050-0600] {logging_mixin.py:188} INFO - [2024-04-14T16:00:18.050-0600] {dag.py:3096} INFO - Sync 1 DAGs
[2024-04-14T16:00:18.072-0600] {logging_mixin.py:188} INFO - [2024-04-14T16:00:18.072-0600] {dag.py:3954} INFO - Setting next_dagrun for example_setup_teardown_taskflow to 2024-04-13 00:00:00+00:00, run_after=2024-04-14 00:00:00+00:00
[2024-04-14T16:00:18.078-0600] {processor.py:183} INFO - Processing /Users/felipejimenez/Desktop/AirFlow/.env/lib/python3.9/site-packages/airflow/example_dags/example_setup_teardown_taskflow.py took 0.076 seconds
[2024-04-14T16:01:42.833-0600] {processor.py:161} INFO - Started process (PID=5664) to work on /Users/felipejimenez/Desktop/AirFlow/.env/lib/python3.9/site-packages/airflow/example_dags/example_setup_teardown_taskflow.py
[2024-04-14T16:01:42.835-0600] {processor.py:830} INFO - Processing file /Users/felipejimenez/Desktop/AirFlow/.env/lib/python3.9/site-packages/airflow/example_dags/example_setup_teardown_taskflow.py for tasks to queue
[2024-04-14T16:01:42.835-0600] {logging_mixin.py:188} INFO - [2024-04-14T16:01:42.835-0600] {dagbag.py:540} INFO - Filling up the DagBag from /Users/felipejimenez/Desktop/AirFlow/.env/lib/python3.9/site-packages/airflow/example_dags/example_setup_teardown_taskflow.py
[2024-04-14T16:01:42.848-0600] {processor.py:840} INFO - DAG(s) 'example_setup_teardown_taskflow' retrieved from /Users/felipejimenez/Desktop/AirFlow/.env/lib/python3.9/site-packages/airflow/example_dags/example_setup_teardown_taskflow.py
[2024-04-14T16:01:42.880-0600] {logging_mixin.py:188} INFO - [2024-04-14T16:01:42.879-0600] {dag.py:3096} INFO - Sync 1 DAGs
[2024-04-14T16:01:42.902-0600] {logging_mixin.py:188} INFO - [2024-04-14T16:01:42.902-0600] {dag.py:3954} INFO - Setting next_dagrun for example_setup_teardown_taskflow to 2024-04-13 00:00:00+00:00, run_after=2024-04-14 00:00:00+00:00
[2024-04-14T16:01:42.907-0600] {processor.py:183} INFO - Processing /Users/felipejimenez/Desktop/AirFlow/.env/lib/python3.9/site-packages/airflow/example_dags/example_setup_teardown_taskflow.py took 0.075 seconds
[2024-04-14T16:04:08.033-0600] {processor.py:161} INFO - Started process (PID=5888) to work on /Users/felipejimenez/Desktop/AirFlow/.env/lib/python3.9/site-packages/airflow/example_dags/example_setup_teardown_taskflow.py
[2024-04-14T16:04:08.035-0600] {processor.py:830} INFO - Processing file /Users/felipejimenez/Desktop/AirFlow/.env/lib/python3.9/site-packages/airflow/example_dags/example_setup_teardown_taskflow.py for tasks to queue
[2024-04-14T16:04:08.035-0600] {logging_mixin.py:188} INFO - [2024-04-14T16:04:08.035-0600] {dagbag.py:540} INFO - Filling up the DagBag from /Users/felipejimenez/Desktop/AirFlow/.env/lib/python3.9/site-packages/airflow/example_dags/example_setup_teardown_taskflow.py
[2024-04-14T16:04:08.048-0600] {processor.py:840} INFO - DAG(s) 'example_setup_teardown_taskflow' retrieved from /Users/felipejimenez/Desktop/AirFlow/.env/lib/python3.9/site-packages/airflow/example_dags/example_setup_teardown_taskflow.py
[2024-04-14T16:04:08.081-0600] {logging_mixin.py:188} INFO - [2024-04-14T16:04:08.081-0600] {dag.py:3096} INFO - Sync 1 DAGs
[2024-04-14T16:04:08.104-0600] {logging_mixin.py:188} INFO - [2024-04-14T16:04:08.104-0600] {dag.py:3954} INFO - Setting next_dagrun for example_setup_teardown_taskflow to 2024-04-13 00:00:00+00:00, run_after=2024-04-14 00:00:00+00:00
[2024-04-14T16:04:08.110-0600] {processor.py:183} INFO - Processing /Users/felipejimenez/Desktop/AirFlow/.env/lib/python3.9/site-packages/airflow/example_dags/example_setup_teardown_taskflow.py took 0.078 seconds
[2024-04-14T16:05:21.293-0600] {processor.py:161} INFO - Started process (PID=6013) to work on /Users/felipejimenez/Desktop/AirFlow/.env/lib/python3.9/site-packages/airflow/example_dags/example_setup_teardown_taskflow.py
[2024-04-14T16:05:21.294-0600] {processor.py:830} INFO - Processing file /Users/felipejimenez/Desktop/AirFlow/.env/lib/python3.9/site-packages/airflow/example_dags/example_setup_teardown_taskflow.py for tasks to queue
[2024-04-14T16:05:21.294-0600] {logging_mixin.py:188} INFO - [2024-04-14T16:05:21.294-0600] {dagbag.py:540} INFO - Filling up the DagBag from /Users/felipejimenez/Desktop/AirFlow/.env/lib/python3.9/site-packages/airflow/example_dags/example_setup_teardown_taskflow.py
[2024-04-14T16:05:21.309-0600] {processor.py:840} INFO - DAG(s) 'example_setup_teardown_taskflow' retrieved from /Users/felipejimenez/Desktop/AirFlow/.env/lib/python3.9/site-packages/airflow/example_dags/example_setup_teardown_taskflow.py
[2024-04-14T16:05:21.343-0600] {logging_mixin.py:188} INFO - [2024-04-14T16:05:21.343-0600] {dag.py:3096} INFO - Sync 1 DAGs
[2024-04-14T16:05:21.368-0600] {logging_mixin.py:188} INFO - [2024-04-14T16:05:21.368-0600] {dag.py:3954} INFO - Setting next_dagrun for example_setup_teardown_taskflow to 2024-04-13 00:00:00+00:00, run_after=2024-04-14 00:00:00+00:00
[2024-04-14T16:05:21.375-0600] {processor.py:183} INFO - Processing /Users/felipejimenez/Desktop/AirFlow/.env/lib/python3.9/site-packages/airflow/example_dags/example_setup_teardown_taskflow.py took 0.083 seconds
