[2024-04-14T15:42:49.008-0600] {processor.py:161} INFO - Started process (PID=4120) to work on /Users/felipejimenez/Desktop/AirFlow/.env/lib/python3.9/site-packages/airflow/example_dags/example_latest_only.py
[2024-04-14T15:42:49.009-0600] {processor.py:830} INFO - Processing file /Users/felipejimenez/Desktop/AirFlow/.env/lib/python3.9/site-packages/airflow/example_dags/example_latest_only.py for tasks to queue
[2024-04-14T15:42:49.009-0600] {logging_mixin.py:188} INFO - [2024-04-14T15:42:49.009-0600] {dagbag.py:540} INFO - Filling up the DagBag from /Users/felipejimenez/Desktop/AirFlow/.env/lib/python3.9/site-packages/airflow/example_dags/example_latest_only.py
[2024-04-14T15:42:49.012-0600] {processor.py:840} INFO - DAG(s) 'latest_only' retrieved from /Users/felipejimenez/Desktop/AirFlow/.env/lib/python3.9/site-packages/airflow/example_dags/example_latest_only.py
[2024-04-14T15:42:49.087-0600] {logging_mixin.py:188} INFO - [2024-04-14T15:42:49.087-0600] {override.py:1829} INFO - Created Permission View: can read on DAG:latest_only
[2024-04-14T15:42:49.090-0600] {logging_mixin.py:188} INFO - [2024-04-14T15:42:49.090-0600] {override.py:1829} INFO - Created Permission View: can delete on DAG:latest_only
[2024-04-14T15:42:49.091-0600] {logging_mixin.py:188} INFO - [2024-04-14T15:42:49.091-0600] {override.py:1829} INFO - Created Permission View: can edit on DAG:latest_only
[2024-04-14T15:42:49.091-0600] {logging_mixin.py:188} INFO - [2024-04-14T15:42:49.091-0600] {dag.py:3096} INFO - Sync 1 DAGs
[2024-04-14T15:42:49.094-0600] {logging_mixin.py:188} INFO - [2024-04-14T15:42:49.094-0600] {dag.py:3118} INFO - Creating ORM DAG for latest_only
[2024-04-14T15:42:49.098-0600] {logging_mixin.py:188} INFO - [2024-04-14T15:42:49.098-0600] {dag.py:3954} INFO - Setting next_dagrun for latest_only to 2024-04-14 16:00:00+00:00, run_after=2024-04-14 20:00:00+00:00
[2024-04-14T15:42:49.102-0600] {processor.py:183} INFO - Processing /Users/felipejimenez/Desktop/AirFlow/.env/lib/python3.9/site-packages/airflow/example_dags/example_latest_only.py took 0.095 seconds
[2024-04-14T15:44:14.966-0600] {processor.py:161} INFO - Started process (PID=4221) to work on /Users/felipejimenez/Desktop/AirFlow/.env/lib/python3.9/site-packages/airflow/example_dags/example_latest_only.py
[2024-04-14T15:44:14.968-0600] {processor.py:830} INFO - Processing file /Users/felipejimenez/Desktop/AirFlow/.env/lib/python3.9/site-packages/airflow/example_dags/example_latest_only.py for tasks to queue
[2024-04-14T15:44:14.968-0600] {logging_mixin.py:188} INFO - [2024-04-14T15:44:14.968-0600] {dagbag.py:540} INFO - Filling up the DagBag from /Users/felipejimenez/Desktop/AirFlow/.env/lib/python3.9/site-packages/airflow/example_dags/example_latest_only.py
[2024-04-14T15:44:14.971-0600] {processor.py:840} INFO - DAG(s) 'latest_only' retrieved from /Users/felipejimenez/Desktop/AirFlow/.env/lib/python3.9/site-packages/airflow/example_dags/example_latest_only.py
[2024-04-14T15:44:15.003-0600] {logging_mixin.py:188} INFO - [2024-04-14T15:44:15.003-0600] {dag.py:3096} INFO - Sync 1 DAGs
[2024-04-14T15:44:15.009-0600] {logging_mixin.py:188} INFO - [2024-04-14T15:44:15.009-0600] {dag.py:3954} INFO - Setting next_dagrun for latest_only to 2024-04-14 16:00:00+00:00, run_after=2024-04-14 20:00:00+00:00
[2024-04-14T15:44:15.015-0600] {processor.py:183} INFO - Processing /Users/felipejimenez/Desktop/AirFlow/.env/lib/python3.9/site-packages/airflow/example_dags/example_latest_only.py took 0.050 seconds
[2024-04-14T15:45:43.862-0600] {processor.py:161} INFO - Started process (PID=4328) to work on /Users/felipejimenez/Desktop/AirFlow/.env/lib/python3.9/site-packages/airflow/example_dags/example_latest_only.py
[2024-04-14T15:45:43.864-0600] {processor.py:830} INFO - Processing file /Users/felipejimenez/Desktop/AirFlow/.env/lib/python3.9/site-packages/airflow/example_dags/example_latest_only.py for tasks to queue
[2024-04-14T15:45:43.864-0600] {logging_mixin.py:188} INFO - [2024-04-14T15:45:43.864-0600] {dagbag.py:540} INFO - Filling up the DagBag from /Users/felipejimenez/Desktop/AirFlow/.env/lib/python3.9/site-packages/airflow/example_dags/example_latest_only.py
[2024-04-14T15:45:43.866-0600] {processor.py:840} INFO - DAG(s) 'latest_only' retrieved from /Users/felipejimenez/Desktop/AirFlow/.env/lib/python3.9/site-packages/airflow/example_dags/example_latest_only.py
[2024-04-14T15:45:43.898-0600] {logging_mixin.py:188} INFO - [2024-04-14T15:45:43.898-0600] {dag.py:3096} INFO - Sync 1 DAGs
[2024-04-14T15:45:43.904-0600] {logging_mixin.py:188} INFO - [2024-04-14T15:45:43.904-0600] {dag.py:3954} INFO - Setting next_dagrun for latest_only to 2024-04-14 16:00:00+00:00, run_after=2024-04-14 20:00:00+00:00
[2024-04-14T15:45:43.910-0600] {processor.py:183} INFO - Processing /Users/felipejimenez/Desktop/AirFlow/.env/lib/python3.9/site-packages/airflow/example_dags/example_latest_only.py took 0.049 seconds
[2024-04-14T15:47:10.831-0600] {processor.py:161} INFO - Started process (PID=4429) to work on /Users/felipejimenez/Desktop/AirFlow/.env/lib/python3.9/site-packages/airflow/example_dags/example_latest_only.py
[2024-04-14T15:47:10.832-0600] {processor.py:830} INFO - Processing file /Users/felipejimenez/Desktop/AirFlow/.env/lib/python3.9/site-packages/airflow/example_dags/example_latest_only.py for tasks to queue
[2024-04-14T15:47:10.833-0600] {logging_mixin.py:188} INFO - [2024-04-14T15:47:10.833-0600] {dagbag.py:540} INFO - Filling up the DagBag from /Users/felipejimenez/Desktop/AirFlow/.env/lib/python3.9/site-packages/airflow/example_dags/example_latest_only.py
[2024-04-14T15:47:10.835-0600] {processor.py:840} INFO - DAG(s) 'latest_only' retrieved from /Users/felipejimenez/Desktop/AirFlow/.env/lib/python3.9/site-packages/airflow/example_dags/example_latest_only.py
[2024-04-14T15:47:10.867-0600] {logging_mixin.py:188} INFO - [2024-04-14T15:47:10.867-0600] {dag.py:3096} INFO - Sync 1 DAGs
[2024-04-14T15:47:10.873-0600] {logging_mixin.py:188} INFO - [2024-04-14T15:47:10.873-0600] {dag.py:3954} INFO - Setting next_dagrun for latest_only to 2024-04-14 16:00:00+00:00, run_after=2024-04-14 20:00:00+00:00
[2024-04-14T15:47:10.878-0600] {processor.py:183} INFO - Processing /Users/felipejimenez/Desktop/AirFlow/.env/lib/python3.9/site-packages/airflow/example_dags/example_latest_only.py took 0.049 seconds
[2024-04-14T15:48:41.822-0600] {processor.py:161} INFO - Started process (PID=4598) to work on /Users/felipejimenez/Desktop/AirFlow/.env/lib/python3.9/site-packages/airflow/example_dags/example_latest_only.py
[2024-04-14T15:48:41.824-0600] {processor.py:830} INFO - Processing file /Users/felipejimenez/Desktop/AirFlow/.env/lib/python3.9/site-packages/airflow/example_dags/example_latest_only.py for tasks to queue
[2024-04-14T15:48:41.824-0600] {logging_mixin.py:188} INFO - [2024-04-14T15:48:41.824-0600] {dagbag.py:540} INFO - Filling up the DagBag from /Users/felipejimenez/Desktop/AirFlow/.env/lib/python3.9/site-packages/airflow/example_dags/example_latest_only.py
[2024-04-14T15:48:41.827-0600] {processor.py:840} INFO - DAG(s) 'latest_only' retrieved from /Users/felipejimenez/Desktop/AirFlow/.env/lib/python3.9/site-packages/airflow/example_dags/example_latest_only.py
[2024-04-14T15:48:41.858-0600] {logging_mixin.py:188} INFO - [2024-04-14T15:48:41.858-0600] {dag.py:3096} INFO - Sync 1 DAGs
[2024-04-14T15:48:41.864-0600] {logging_mixin.py:188} INFO - [2024-04-14T15:48:41.864-0600] {dag.py:3954} INFO - Setting next_dagrun for latest_only to 2024-04-14 16:00:00+00:00, run_after=2024-04-14 20:00:00+00:00
[2024-04-14T15:48:41.870-0600] {processor.py:183} INFO - Processing /Users/felipejimenez/Desktop/AirFlow/.env/lib/python3.9/site-packages/airflow/example_dags/example_latest_only.py took 0.048 seconds
[2024-04-14T15:50:09.515-0600] {processor.py:161} INFO - Started process (PID=4711) to work on /Users/felipejimenez/Desktop/AirFlow/.env/lib/python3.9/site-packages/airflow/example_dags/example_latest_only.py
[2024-04-14T15:50:09.516-0600] {processor.py:830} INFO - Processing file /Users/felipejimenez/Desktop/AirFlow/.env/lib/python3.9/site-packages/airflow/example_dags/example_latest_only.py for tasks to queue
[2024-04-14T15:50:09.517-0600] {logging_mixin.py:188} INFO - [2024-04-14T15:50:09.516-0600] {dagbag.py:540} INFO - Filling up the DagBag from /Users/felipejimenez/Desktop/AirFlow/.env/lib/python3.9/site-packages/airflow/example_dags/example_latest_only.py
[2024-04-14T15:50:09.519-0600] {processor.py:840} INFO - DAG(s) 'latest_only' retrieved from /Users/felipejimenez/Desktop/AirFlow/.env/lib/python3.9/site-packages/airflow/example_dags/example_latest_only.py
[2024-04-14T15:50:09.551-0600] {logging_mixin.py:188} INFO - [2024-04-14T15:50:09.550-0600] {dag.py:3096} INFO - Sync 1 DAGs
[2024-04-14T15:50:09.556-0600] {logging_mixin.py:188} INFO - [2024-04-14T15:50:09.556-0600] {dag.py:3954} INFO - Setting next_dagrun for latest_only to 2024-04-14 16:00:00+00:00, run_after=2024-04-14 20:00:00+00:00
[2024-04-14T15:50:09.562-0600] {processor.py:183} INFO - Processing /Users/felipejimenez/Desktop/AirFlow/.env/lib/python3.9/site-packages/airflow/example_dags/example_latest_only.py took 0.049 seconds
[2024-04-14T15:51:40.245-0600] {processor.py:161} INFO - Started process (PID=4813) to work on /Users/felipejimenez/Desktop/AirFlow/.env/lib/python3.9/site-packages/airflow/example_dags/example_latest_only.py
[2024-04-14T15:51:40.247-0600] {processor.py:830} INFO - Processing file /Users/felipejimenez/Desktop/AirFlow/.env/lib/python3.9/site-packages/airflow/example_dags/example_latest_only.py for tasks to queue
[2024-04-14T15:51:40.247-0600] {logging_mixin.py:188} INFO - [2024-04-14T15:51:40.247-0600] {dagbag.py:540} INFO - Filling up the DagBag from /Users/felipejimenez/Desktop/AirFlow/.env/lib/python3.9/site-packages/airflow/example_dags/example_latest_only.py
[2024-04-14T15:51:40.249-0600] {processor.py:840} INFO - DAG(s) 'latest_only' retrieved from /Users/felipejimenez/Desktop/AirFlow/.env/lib/python3.9/site-packages/airflow/example_dags/example_latest_only.py
[2024-04-14T15:51:40.282-0600] {logging_mixin.py:188} INFO - [2024-04-14T15:51:40.282-0600] {dag.py:3096} INFO - Sync 1 DAGs
[2024-04-14T15:51:40.288-0600] {logging_mixin.py:188} INFO - [2024-04-14T15:51:40.288-0600] {dag.py:3954} INFO - Setting next_dagrun for latest_only to 2024-04-14 16:00:00+00:00, run_after=2024-04-14 20:00:00+00:00
[2024-04-14T15:51:40.294-0600] {processor.py:183} INFO - Processing /Users/felipejimenez/Desktop/AirFlow/.env/lib/python3.9/site-packages/airflow/example_dags/example_latest_only.py took 0.050 seconds
[2024-04-14T15:53:05.086-0600] {processor.py:161} INFO - Started process (PID=4971) to work on /Users/felipejimenez/Desktop/AirFlow/.env/lib/python3.9/site-packages/airflow/example_dags/example_latest_only.py
[2024-04-14T15:53:05.088-0600] {processor.py:830} INFO - Processing file /Users/felipejimenez/Desktop/AirFlow/.env/lib/python3.9/site-packages/airflow/example_dags/example_latest_only.py for tasks to queue
[2024-04-14T15:53:05.088-0600] {logging_mixin.py:188} INFO - [2024-04-14T15:53:05.088-0600] {dagbag.py:540} INFO - Filling up the DagBag from /Users/felipejimenez/Desktop/AirFlow/.env/lib/python3.9/site-packages/airflow/example_dags/example_latest_only.py
[2024-04-14T15:53:05.091-0600] {processor.py:840} INFO - DAG(s) 'latest_only' retrieved from /Users/felipejimenez/Desktop/AirFlow/.env/lib/python3.9/site-packages/airflow/example_dags/example_latest_only.py
[2024-04-14T15:53:05.122-0600] {logging_mixin.py:188} INFO - [2024-04-14T15:53:05.122-0600] {dag.py:3096} INFO - Sync 1 DAGs
[2024-04-14T15:53:05.128-0600] {logging_mixin.py:188} INFO - [2024-04-14T15:53:05.128-0600] {dag.py:3954} INFO - Setting next_dagrun for latest_only to 2024-04-14 16:00:00+00:00, run_after=2024-04-14 20:00:00+00:00
[2024-04-14T15:53:05.134-0600] {processor.py:183} INFO - Processing /Users/felipejimenez/Desktop/AirFlow/.env/lib/python3.9/site-packages/airflow/example_dags/example_latest_only.py took 0.048 seconds
[2024-04-14T15:54:33.363-0600] {processor.py:161} INFO - Started process (PID=5078) to work on /Users/felipejimenez/Desktop/AirFlow/.env/lib/python3.9/site-packages/airflow/example_dags/example_latest_only.py
[2024-04-14T15:54:33.364-0600] {processor.py:830} INFO - Processing file /Users/felipejimenez/Desktop/AirFlow/.env/lib/python3.9/site-packages/airflow/example_dags/example_latest_only.py for tasks to queue
[2024-04-14T15:54:33.365-0600] {logging_mixin.py:188} INFO - [2024-04-14T15:54:33.364-0600] {dagbag.py:540} INFO - Filling up the DagBag from /Users/felipejimenez/Desktop/AirFlow/.env/lib/python3.9/site-packages/airflow/example_dags/example_latest_only.py
[2024-04-14T15:54:33.367-0600] {processor.py:840} INFO - DAG(s) 'latest_only' retrieved from /Users/felipejimenez/Desktop/AirFlow/.env/lib/python3.9/site-packages/airflow/example_dags/example_latest_only.py
[2024-04-14T15:54:33.399-0600] {logging_mixin.py:188} INFO - [2024-04-14T15:54:33.399-0600] {dag.py:3096} INFO - Sync 1 DAGs
[2024-04-14T15:54:33.405-0600] {logging_mixin.py:188} INFO - [2024-04-14T15:54:33.405-0600] {dag.py:3954} INFO - Setting next_dagrun for latest_only to 2024-04-14 16:00:00+00:00, run_after=2024-04-14 20:00:00+00:00
[2024-04-14T15:54:33.411-0600] {processor.py:183} INFO - Processing /Users/felipejimenez/Desktop/AirFlow/.env/lib/python3.9/site-packages/airflow/example_dags/example_latest_only.py took 0.049 seconds
[2024-04-14T15:56:26.760-0600] {processor.py:161} INFO - Started process (PID=5241) to work on /Users/felipejimenez/Desktop/AirFlow/.env/lib/python3.9/site-packages/airflow/example_dags/example_latest_only.py
[2024-04-14T15:56:26.763-0600] {processor.py:830} INFO - Processing file /Users/felipejimenez/Desktop/AirFlow/.env/lib/python3.9/site-packages/airflow/example_dags/example_latest_only.py for tasks to queue
[2024-04-14T15:56:26.763-0600] {logging_mixin.py:188} INFO - [2024-04-14T15:56:26.763-0600] {dagbag.py:540} INFO - Filling up the DagBag from /Users/felipejimenez/Desktop/AirFlow/.env/lib/python3.9/site-packages/airflow/example_dags/example_latest_only.py
[2024-04-14T15:56:26.766-0600] {processor.py:840} INFO - DAG(s) 'latest_only' retrieved from /Users/felipejimenez/Desktop/AirFlow/.env/lib/python3.9/site-packages/airflow/example_dags/example_latest_only.py
[2024-04-14T15:56:26.799-0600] {logging_mixin.py:188} INFO - [2024-04-14T15:56:26.799-0600] {dag.py:3096} INFO - Sync 1 DAGs
[2024-04-14T15:56:26.805-0600] {logging_mixin.py:188} INFO - [2024-04-14T15:56:26.805-0600] {dag.py:3954} INFO - Setting next_dagrun for latest_only to 2024-04-14 16:00:00+00:00, run_after=2024-04-14 20:00:00+00:00
[2024-04-14T15:56:26.812-0600] {processor.py:183} INFO - Processing /Users/felipejimenez/Desktop/AirFlow/.env/lib/python3.9/site-packages/airflow/example_dags/example_latest_only.py took 0.053 seconds
[2024-04-14T15:57:51.233-0600] {processor.py:161} INFO - Started process (PID=5379) to work on /Users/felipejimenez/Desktop/AirFlow/.env/lib/python3.9/site-packages/airflow/example_dags/example_latest_only.py
[2024-04-14T15:57:51.234-0600] {processor.py:830} INFO - Processing file /Users/felipejimenez/Desktop/AirFlow/.env/lib/python3.9/site-packages/airflow/example_dags/example_latest_only.py for tasks to queue
[2024-04-14T15:57:51.235-0600] {logging_mixin.py:188} INFO - [2024-04-14T15:57:51.235-0600] {dagbag.py:540} INFO - Filling up the DagBag from /Users/felipejimenez/Desktop/AirFlow/.env/lib/python3.9/site-packages/airflow/example_dags/example_latest_only.py
[2024-04-14T15:57:51.237-0600] {processor.py:840} INFO - DAG(s) 'latest_only' retrieved from /Users/felipejimenez/Desktop/AirFlow/.env/lib/python3.9/site-packages/airflow/example_dags/example_latest_only.py
[2024-04-14T15:57:51.269-0600] {logging_mixin.py:188} INFO - [2024-04-14T15:57:51.269-0600] {dag.py:3096} INFO - Sync 1 DAGs
[2024-04-14T15:57:51.275-0600] {logging_mixin.py:188} INFO - [2024-04-14T15:57:51.275-0600] {dag.py:3954} INFO - Setting next_dagrun for latest_only to 2024-04-14 16:00:00+00:00, run_after=2024-04-14 20:00:00+00:00
[2024-04-14T15:57:51.281-0600] {processor.py:183} INFO - Processing /Users/felipejimenez/Desktop/AirFlow/.env/lib/python3.9/site-packages/airflow/example_dags/example_latest_only.py took 0.049 seconds
[2024-04-14T15:59:23.316-0600] {processor.py:161} INFO - Started process (PID=5504) to work on /Users/felipejimenez/Desktop/AirFlow/.env/lib/python3.9/site-packages/airflow/example_dags/example_latest_only.py
[2024-04-14T15:59:23.317-0600] {processor.py:830} INFO - Processing file /Users/felipejimenez/Desktop/AirFlow/.env/lib/python3.9/site-packages/airflow/example_dags/example_latest_only.py for tasks to queue
[2024-04-14T15:59:23.317-0600] {logging_mixin.py:188} INFO - [2024-04-14T15:59:23.317-0600] {dagbag.py:540} INFO - Filling up the DagBag from /Users/felipejimenez/Desktop/AirFlow/.env/lib/python3.9/site-packages/airflow/example_dags/example_latest_only.py
[2024-04-14T15:59:23.320-0600] {processor.py:840} INFO - DAG(s) 'latest_only' retrieved from /Users/felipejimenez/Desktop/AirFlow/.env/lib/python3.9/site-packages/airflow/example_dags/example_latest_only.py
[2024-04-14T15:59:23.352-0600] {logging_mixin.py:188} INFO - [2024-04-14T15:59:23.351-0600] {dag.py:3096} INFO - Sync 1 DAGs
[2024-04-14T15:59:23.357-0600] {logging_mixin.py:188} INFO - [2024-04-14T15:59:23.357-0600] {dag.py:3954} INFO - Setting next_dagrun for latest_only to 2024-04-14 16:00:00+00:00, run_after=2024-04-14 20:00:00+00:00
[2024-04-14T15:59:23.363-0600] {processor.py:183} INFO - Processing /Users/felipejimenez/Desktop/AirFlow/.env/lib/python3.9/site-packages/airflow/example_dags/example_latest_only.py took 0.048 seconds
[2024-04-14T16:00:50.494-0600] {processor.py:161} INFO - Started process (PID=5602) to work on /Users/felipejimenez/Desktop/AirFlow/.env/lib/python3.9/site-packages/airflow/example_dags/example_latest_only.py
[2024-04-14T16:00:50.496-0600] {processor.py:830} INFO - Processing file /Users/felipejimenez/Desktop/AirFlow/.env/lib/python3.9/site-packages/airflow/example_dags/example_latest_only.py for tasks to queue
[2024-04-14T16:00:50.496-0600] {logging_mixin.py:188} INFO - [2024-04-14T16:00:50.496-0600] {dagbag.py:540} INFO - Filling up the DagBag from /Users/felipejimenez/Desktop/AirFlow/.env/lib/python3.9/site-packages/airflow/example_dags/example_latest_only.py
[2024-04-14T16:00:50.499-0600] {processor.py:840} INFO - DAG(s) 'latest_only' retrieved from /Users/felipejimenez/Desktop/AirFlow/.env/lib/python3.9/site-packages/airflow/example_dags/example_latest_only.py
[2024-04-14T16:00:50.531-0600] {logging_mixin.py:188} INFO - [2024-04-14T16:00:50.531-0600] {dag.py:3096} INFO - Sync 1 DAGs
[2024-04-14T16:00:50.537-0600] {logging_mixin.py:188} INFO - [2024-04-14T16:00:50.537-0600] {dag.py:3954} INFO - Setting next_dagrun for latest_only to 2024-04-14 16:00:00+00:00, run_after=2024-04-14 20:00:00+00:00
[2024-04-14T16:00:50.543-0600] {processor.py:183} INFO - Processing /Users/felipejimenez/Desktop/AirFlow/.env/lib/python3.9/site-packages/airflow/example_dags/example_latest_only.py took 0.050 seconds
[2024-04-14T16:02:16.679-0600] {processor.py:161} INFO - Started process (PID=5702) to work on /Users/felipejimenez/Desktop/AirFlow/.env/lib/python3.9/site-packages/airflow/example_dags/example_latest_only.py
[2024-04-14T16:02:16.681-0600] {processor.py:830} INFO - Processing file /Users/felipejimenez/Desktop/AirFlow/.env/lib/python3.9/site-packages/airflow/example_dags/example_latest_only.py for tasks to queue
[2024-04-14T16:02:16.681-0600] {logging_mixin.py:188} INFO - [2024-04-14T16:02:16.681-0600] {dagbag.py:540} INFO - Filling up the DagBag from /Users/felipejimenez/Desktop/AirFlow/.env/lib/python3.9/site-packages/airflow/example_dags/example_latest_only.py
[2024-04-14T16:02:16.683-0600] {processor.py:840} INFO - DAG(s) 'latest_only' retrieved from /Users/felipejimenez/Desktop/AirFlow/.env/lib/python3.9/site-packages/airflow/example_dags/example_latest_only.py
[2024-04-14T16:02:16.715-0600] {logging_mixin.py:188} INFO - [2024-04-14T16:02:16.715-0600] {dag.py:3096} INFO - Sync 1 DAGs
[2024-04-14T16:02:16.721-0600] {logging_mixin.py:188} INFO - [2024-04-14T16:02:16.721-0600] {dag.py:3954} INFO - Setting next_dagrun for latest_only to 2024-04-14 16:00:00+00:00, run_after=2024-04-14 20:00:00+00:00
[2024-04-14T16:02:16.727-0600] {processor.py:183} INFO - Processing /Users/felipejimenez/Desktop/AirFlow/.env/lib/python3.9/site-packages/airflow/example_dags/example_latest_only.py took 0.049 seconds
[2024-04-14T16:04:24.929-0600] {processor.py:161} INFO - Started process (PID=5927) to work on /Users/felipejimenez/Desktop/AirFlow/.env/lib/python3.9/site-packages/airflow/example_dags/example_latest_only.py
[2024-04-14T16:04:24.931-0600] {processor.py:830} INFO - Processing file /Users/felipejimenez/Desktop/AirFlow/.env/lib/python3.9/site-packages/airflow/example_dags/example_latest_only.py for tasks to queue
[2024-04-14T16:04:24.931-0600] {logging_mixin.py:188} INFO - [2024-04-14T16:04:24.931-0600] {dagbag.py:540} INFO - Filling up the DagBag from /Users/felipejimenez/Desktop/AirFlow/.env/lib/python3.9/site-packages/airflow/example_dags/example_latest_only.py
[2024-04-14T16:04:24.934-0600] {processor.py:840} INFO - DAG(s) 'latest_only' retrieved from /Users/felipejimenez/Desktop/AirFlow/.env/lib/python3.9/site-packages/airflow/example_dags/example_latest_only.py
[2024-04-14T16:04:24.965-0600] {logging_mixin.py:188} INFO - [2024-04-14T16:04:24.965-0600] {dag.py:3096} INFO - Sync 1 DAGs
[2024-04-14T16:04:24.971-0600] {logging_mixin.py:188} INFO - [2024-04-14T16:04:24.971-0600] {dag.py:3954} INFO - Setting next_dagrun for latest_only to 2024-04-14 16:00:00+00:00, run_after=2024-04-14 20:00:00+00:00
[2024-04-14T16:04:24.977-0600] {processor.py:183} INFO - Processing /Users/felipejimenez/Desktop/AirFlow/.env/lib/python3.9/site-packages/airflow/example_dags/example_latest_only.py took 0.049 seconds
[2024-04-14T16:05:56.213-0600] {processor.py:161} INFO - Started process (PID=6093) to work on /Users/felipejimenez/Desktop/AirFlow/.env/lib/python3.9/site-packages/airflow/example_dags/example_latest_only.py
[2024-04-14T16:05:56.214-0600] {processor.py:830} INFO - Processing file /Users/felipejimenez/Desktop/AirFlow/.env/lib/python3.9/site-packages/airflow/example_dags/example_latest_only.py for tasks to queue
[2024-04-14T16:05:56.214-0600] {logging_mixin.py:188} INFO - [2024-04-14T16:05:56.214-0600] {dagbag.py:540} INFO - Filling up the DagBag from /Users/felipejimenez/Desktop/AirFlow/.env/lib/python3.9/site-packages/airflow/example_dags/example_latest_only.py
[2024-04-14T16:05:56.216-0600] {processor.py:840} INFO - DAG(s) 'latest_only' retrieved from /Users/felipejimenez/Desktop/AirFlow/.env/lib/python3.9/site-packages/airflow/example_dags/example_latest_only.py
[2024-04-14T16:05:56.249-0600] {logging_mixin.py:188} INFO - [2024-04-14T16:05:56.249-0600] {dag.py:3096} INFO - Sync 1 DAGs
[2024-04-14T16:05:56.255-0600] {logging_mixin.py:188} INFO - [2024-04-14T16:05:56.255-0600] {dag.py:3954} INFO - Setting next_dagrun for latest_only to 2024-04-14 16:00:00+00:00, run_after=2024-04-14 20:00:00+00:00
[2024-04-14T16:05:56.261-0600] {processor.py:183} INFO - Processing /Users/felipejimenez/Desktop/AirFlow/.env/lib/python3.9/site-packages/airflow/example_dags/example_latest_only.py took 0.049 seconds
