[2024-04-14T15:42:43.146-0600] {processor.py:161} INFO - Started process (PID=4114) to work on /Users/felipejimenez/Desktop/AirFlow/.env/lib/python3.9/site-packages/airflow/example_dags/example_params_trigger_ui.py
[2024-04-14T15:42:43.147-0600] {processor.py:830} INFO - Processing file /Users/felipejimenez/Desktop/AirFlow/.env/lib/python3.9/site-packages/airflow/example_dags/example_params_trigger_ui.py for tasks to queue
[2024-04-14T15:42:43.147-0600] {logging_mixin.py:188} INFO - [2024-04-14T15:42:43.147-0600] {dagbag.py:540} INFO - Filling up the DagBag from /Users/felipejimenez/Desktop/AirFlow/.env/lib/python3.9/site-packages/airflow/example_dags/example_params_trigger_ui.py
[2024-04-14T15:42:43.162-0600] {processor.py:840} INFO - DAG(s) 'example_params_trigger_ui' retrieved from /Users/felipejimenez/Desktop/AirFlow/.env/lib/python3.9/site-packages/airflow/example_dags/example_params_trigger_ui.py
[2024-04-14T15:42:43.254-0600] {logging_mixin.py:188} INFO - [2024-04-14T15:42:43.254-0600] {override.py:1829} INFO - Created Permission View: can delete on DAG:example_params_trigger_ui
[2024-04-14T15:42:43.256-0600] {logging_mixin.py:188} INFO - [2024-04-14T15:42:43.256-0600] {override.py:1829} INFO - Created Permission View: can edit on DAG:example_params_trigger_ui
[2024-04-14T15:42:43.258-0600] {logging_mixin.py:188} INFO - [2024-04-14T15:42:43.258-0600] {override.py:1829} INFO - Created Permission View: can read on DAG:example_params_trigger_ui
[2024-04-14T15:42:43.258-0600] {logging_mixin.py:188} INFO - [2024-04-14T15:42:43.258-0600] {dag.py:3096} INFO - Sync 1 DAGs
[2024-04-14T15:42:43.262-0600] {logging_mixin.py:188} INFO - [2024-04-14T15:42:43.262-0600] {dag.py:3118} INFO - Creating ORM DAG for example_params_trigger_ui
[2024-04-14T15:42:43.263-0600] {logging_mixin.py:188} INFO - [2024-04-14T15:42:43.263-0600] {dag.py:3954} INFO - Setting next_dagrun for example_params_trigger_ui to None, run_after=None
[2024-04-14T15:42:43.268-0600] {processor.py:183} INFO - Processing /Users/felipejimenez/Desktop/AirFlow/.env/lib/python3.9/site-packages/airflow/example_dags/example_params_trigger_ui.py took 0.123 seconds
[2024-04-14T15:44:09.838-0600] {processor.py:161} INFO - Started process (PID=4215) to work on /Users/felipejimenez/Desktop/AirFlow/.env/lib/python3.9/site-packages/airflow/example_dags/example_params_trigger_ui.py
[2024-04-14T15:44:09.840-0600] {processor.py:830} INFO - Processing file /Users/felipejimenez/Desktop/AirFlow/.env/lib/python3.9/site-packages/airflow/example_dags/example_params_trigger_ui.py for tasks to queue
[2024-04-14T15:44:09.840-0600] {logging_mixin.py:188} INFO - [2024-04-14T15:44:09.840-0600] {dagbag.py:540} INFO - Filling up the DagBag from /Users/felipejimenez/Desktop/AirFlow/.env/lib/python3.9/site-packages/airflow/example_dags/example_params_trigger_ui.py
[2024-04-14T15:44:09.853-0600] {processor.py:840} INFO - DAG(s) 'example_params_trigger_ui' retrieved from /Users/felipejimenez/Desktop/AirFlow/.env/lib/python3.9/site-packages/airflow/example_dags/example_params_trigger_ui.py
[2024-04-14T15:44:09.909-0600] {logging_mixin.py:188} INFO - [2024-04-14T15:44:09.909-0600] {dag.py:3096} INFO - Sync 1 DAGs
[2024-04-14T15:44:09.912-0600] {logging_mixin.py:188} INFO - [2024-04-14T15:44:09.912-0600] {dag.py:3954} INFO - Setting next_dagrun for example_params_trigger_ui to None, run_after=None
[2024-04-14T15:44:09.917-0600] {processor.py:183} INFO - Processing /Users/felipejimenez/Desktop/AirFlow/.env/lib/python3.9/site-packages/airflow/example_dags/example_params_trigger_ui.py took 0.080 seconds
[2024-04-14T15:45:23.736-0600] {processor.py:161} INFO - Started process (PID=4304) to work on /Users/felipejimenez/Desktop/AirFlow/.env/lib/python3.9/site-packages/airflow/example_dags/example_params_trigger_ui.py
[2024-04-14T15:45:23.738-0600] {processor.py:830} INFO - Processing file /Users/felipejimenez/Desktop/AirFlow/.env/lib/python3.9/site-packages/airflow/example_dags/example_params_trigger_ui.py for tasks to queue
[2024-04-14T15:45:23.738-0600] {logging_mixin.py:188} INFO - [2024-04-14T15:45:23.738-0600] {dagbag.py:540} INFO - Filling up the DagBag from /Users/felipejimenez/Desktop/AirFlow/.env/lib/python3.9/site-packages/airflow/example_dags/example_params_trigger_ui.py
[2024-04-14T15:45:23.752-0600] {processor.py:840} INFO - DAG(s) 'example_params_trigger_ui' retrieved from /Users/felipejimenez/Desktop/AirFlow/.env/lib/python3.9/site-packages/airflow/example_dags/example_params_trigger_ui.py
[2024-04-14T15:45:23.808-0600] {logging_mixin.py:188} INFO - [2024-04-14T15:45:23.808-0600] {dag.py:3096} INFO - Sync 1 DAGs
[2024-04-14T15:45:23.811-0600] {logging_mixin.py:188} INFO - [2024-04-14T15:45:23.811-0600] {dag.py:3954} INFO - Setting next_dagrun for example_params_trigger_ui to None, run_after=None
[2024-04-14T15:45:23.816-0600] {processor.py:183} INFO - Processing /Users/felipejimenez/Desktop/AirFlow/.env/lib/python3.9/site-packages/airflow/example_dags/example_params_trigger_ui.py took 0.081 seconds
[2024-04-14T15:46:48.414-0600] {processor.py:161} INFO - Started process (PID=4402) to work on /Users/felipejimenez/Desktop/AirFlow/.env/lib/python3.9/site-packages/airflow/example_dags/example_params_trigger_ui.py
[2024-04-14T15:46:48.415-0600] {processor.py:830} INFO - Processing file /Users/felipejimenez/Desktop/AirFlow/.env/lib/python3.9/site-packages/airflow/example_dags/example_params_trigger_ui.py for tasks to queue
[2024-04-14T15:46:48.416-0600] {logging_mixin.py:188} INFO - [2024-04-14T15:46:48.416-0600] {dagbag.py:540} INFO - Filling up the DagBag from /Users/felipejimenez/Desktop/AirFlow/.env/lib/python3.9/site-packages/airflow/example_dags/example_params_trigger_ui.py
[2024-04-14T15:46:48.429-0600] {processor.py:840} INFO - DAG(s) 'example_params_trigger_ui' retrieved from /Users/felipejimenez/Desktop/AirFlow/.env/lib/python3.9/site-packages/airflow/example_dags/example_params_trigger_ui.py
[2024-04-14T15:46:48.485-0600] {logging_mixin.py:188} INFO - [2024-04-14T15:46:48.485-0600] {dag.py:3096} INFO - Sync 1 DAGs
[2024-04-14T15:46:48.488-0600] {logging_mixin.py:188} INFO - [2024-04-14T15:46:48.488-0600] {dag.py:3954} INFO - Setting next_dagrun for example_params_trigger_ui to None, run_after=None
[2024-04-14T15:46:48.494-0600] {processor.py:183} INFO - Processing /Users/felipejimenez/Desktop/AirFlow/.env/lib/python3.9/site-packages/airflow/example_dags/example_params_trigger_ui.py took 0.081 seconds
[2024-04-14T15:48:20.454-0600] {processor.py:161} INFO - Started process (PID=4555) to work on /Users/felipejimenez/Desktop/AirFlow/.env/lib/python3.9/site-packages/airflow/example_dags/example_params_trigger_ui.py
[2024-04-14T15:48:20.456-0600] {processor.py:830} INFO - Processing file /Users/felipejimenez/Desktop/AirFlow/.env/lib/python3.9/site-packages/airflow/example_dags/example_params_trigger_ui.py for tasks to queue
[2024-04-14T15:48:20.456-0600] {logging_mixin.py:188} INFO - [2024-04-14T15:48:20.456-0600] {dagbag.py:540} INFO - Filling up the DagBag from /Users/felipejimenez/Desktop/AirFlow/.env/lib/python3.9/site-packages/airflow/example_dags/example_params_trigger_ui.py
[2024-04-14T15:48:20.470-0600] {processor.py:840} INFO - DAG(s) 'example_params_trigger_ui' retrieved from /Users/felipejimenez/Desktop/AirFlow/.env/lib/python3.9/site-packages/airflow/example_dags/example_params_trigger_ui.py
[2024-04-14T15:48:20.529-0600] {logging_mixin.py:188} INFO - [2024-04-14T15:48:20.529-0600] {dag.py:3096} INFO - Sync 1 DAGs
[2024-04-14T15:48:20.532-0600] {logging_mixin.py:188} INFO - [2024-04-14T15:48:20.532-0600] {dag.py:3954} INFO - Setting next_dagrun for example_params_trigger_ui to None, run_after=None
[2024-04-14T15:48:20.538-0600] {processor.py:183} INFO - Processing /Users/felipejimenez/Desktop/AirFlow/.env/lib/python3.9/site-packages/airflow/example_dags/example_params_trigger_ui.py took 0.085 seconds
[2024-04-14T15:49:49.416-0600] {processor.py:161} INFO - Started process (PID=4686) to work on /Users/felipejimenez/Desktop/AirFlow/.env/lib/python3.9/site-packages/airflow/example_dags/example_params_trigger_ui.py
[2024-04-14T15:49:49.418-0600] {processor.py:830} INFO - Processing file /Users/felipejimenez/Desktop/AirFlow/.env/lib/python3.9/site-packages/airflow/example_dags/example_params_trigger_ui.py for tasks to queue
[2024-04-14T15:49:49.418-0600] {logging_mixin.py:188} INFO - [2024-04-14T15:49:49.418-0600] {dagbag.py:540} INFO - Filling up the DagBag from /Users/felipejimenez/Desktop/AirFlow/.env/lib/python3.9/site-packages/airflow/example_dags/example_params_trigger_ui.py
[2024-04-14T15:49:49.432-0600] {processor.py:840} INFO - DAG(s) 'example_params_trigger_ui' retrieved from /Users/felipejimenez/Desktop/AirFlow/.env/lib/python3.9/site-packages/airflow/example_dags/example_params_trigger_ui.py
[2024-04-14T15:49:49.489-0600] {logging_mixin.py:188} INFO - [2024-04-14T15:49:49.489-0600] {dag.py:3096} INFO - Sync 1 DAGs
[2024-04-14T15:49:49.492-0600] {logging_mixin.py:188} INFO - [2024-04-14T15:49:49.492-0600] {dag.py:3954} INFO - Setting next_dagrun for example_params_trigger_ui to None, run_after=None
[2024-04-14T15:49:49.498-0600] {processor.py:183} INFO - Processing /Users/felipejimenez/Desktop/AirFlow/.env/lib/python3.9/site-packages/airflow/example_dags/example_params_trigger_ui.py took 0.083 seconds
[2024-04-14T15:51:17.883-0600] {processor.py:161} INFO - Started process (PID=4787) to work on /Users/felipejimenez/Desktop/AirFlow/.env/lib/python3.9/site-packages/airflow/example_dags/example_params_trigger_ui.py
[2024-04-14T15:51:17.885-0600] {processor.py:830} INFO - Processing file /Users/felipejimenez/Desktop/AirFlow/.env/lib/python3.9/site-packages/airflow/example_dags/example_params_trigger_ui.py for tasks to queue
[2024-04-14T15:51:17.885-0600] {logging_mixin.py:188} INFO - [2024-04-14T15:51:17.885-0600] {dagbag.py:540} INFO - Filling up the DagBag from /Users/felipejimenez/Desktop/AirFlow/.env/lib/python3.9/site-packages/airflow/example_dags/example_params_trigger_ui.py
[2024-04-14T15:51:17.899-0600] {processor.py:840} INFO - DAG(s) 'example_params_trigger_ui' retrieved from /Users/felipejimenez/Desktop/AirFlow/.env/lib/python3.9/site-packages/airflow/example_dags/example_params_trigger_ui.py
[2024-04-14T15:51:17.958-0600] {logging_mixin.py:188} INFO - [2024-04-14T15:51:17.958-0600] {dag.py:3096} INFO - Sync 1 DAGs
[2024-04-14T15:51:17.961-0600] {logging_mixin.py:188} INFO - [2024-04-14T15:51:17.961-0600] {dag.py:3954} INFO - Setting next_dagrun for example_params_trigger_ui to None, run_after=None
[2024-04-14T15:51:17.967-0600] {processor.py:183} INFO - Processing /Users/felipejimenez/Desktop/AirFlow/.env/lib/python3.9/site-packages/airflow/example_dags/example_params_trigger_ui.py took 0.085 seconds
[2024-04-14T15:52:45.529-0600] {processor.py:161} INFO - Started process (PID=4929) to work on /Users/felipejimenez/Desktop/AirFlow/.env/lib/python3.9/site-packages/airflow/example_dags/example_params_trigger_ui.py
[2024-04-14T15:52:45.530-0600] {processor.py:830} INFO - Processing file /Users/felipejimenez/Desktop/AirFlow/.env/lib/python3.9/site-packages/airflow/example_dags/example_params_trigger_ui.py for tasks to queue
[2024-04-14T15:52:45.531-0600] {logging_mixin.py:188} INFO - [2024-04-14T15:52:45.531-0600] {dagbag.py:540} INFO - Filling up the DagBag from /Users/felipejimenez/Desktop/AirFlow/.env/lib/python3.9/site-packages/airflow/example_dags/example_params_trigger_ui.py
[2024-04-14T15:52:45.545-0600] {processor.py:840} INFO - DAG(s) 'example_params_trigger_ui' retrieved from /Users/felipejimenez/Desktop/AirFlow/.env/lib/python3.9/site-packages/airflow/example_dags/example_params_trigger_ui.py
[2024-04-14T15:52:45.602-0600] {logging_mixin.py:188} INFO - [2024-04-14T15:52:45.602-0600] {dag.py:3096} INFO - Sync 1 DAGs
[2024-04-14T15:52:45.606-0600] {logging_mixin.py:188} INFO - [2024-04-14T15:52:45.606-0600] {dag.py:3954} INFO - Setting next_dagrun for example_params_trigger_ui to None, run_after=None
[2024-04-14T15:52:45.612-0600] {processor.py:183} INFO - Processing /Users/felipejimenez/Desktop/AirFlow/.env/lib/python3.9/site-packages/airflow/example_dags/example_params_trigger_ui.py took 0.084 seconds
[2024-04-14T15:54:12.191-0600] {processor.py:161} INFO - Started process (PID=5054) to work on /Users/felipejimenez/Desktop/AirFlow/.env/lib/python3.9/site-packages/airflow/example_dags/example_params_trigger_ui.py
[2024-04-14T15:54:12.192-0600] {processor.py:830} INFO - Processing file /Users/felipejimenez/Desktop/AirFlow/.env/lib/python3.9/site-packages/airflow/example_dags/example_params_trigger_ui.py for tasks to queue
[2024-04-14T15:54:12.192-0600] {logging_mixin.py:188} INFO - [2024-04-14T15:54:12.192-0600] {dagbag.py:540} INFO - Filling up the DagBag from /Users/felipejimenez/Desktop/AirFlow/.env/lib/python3.9/site-packages/airflow/example_dags/example_params_trigger_ui.py
[2024-04-14T15:54:12.206-0600] {processor.py:840} INFO - DAG(s) 'example_params_trigger_ui' retrieved from /Users/felipejimenez/Desktop/AirFlow/.env/lib/python3.9/site-packages/airflow/example_dags/example_params_trigger_ui.py
[2024-04-14T15:54:12.264-0600] {logging_mixin.py:188} INFO - [2024-04-14T15:54:12.264-0600] {dag.py:3096} INFO - Sync 1 DAGs
[2024-04-14T15:54:12.268-0600] {logging_mixin.py:188} INFO - [2024-04-14T15:54:12.267-0600] {dag.py:3954} INFO - Setting next_dagrun for example_params_trigger_ui to None, run_after=None
[2024-04-14T15:54:12.273-0600] {processor.py:183} INFO - Processing /Users/felipejimenez/Desktop/AirFlow/.env/lib/python3.9/site-packages/airflow/example_dags/example_params_trigger_ui.py took 0.084 seconds
[2024-04-14T15:56:21.119-0600] {processor.py:161} INFO - Started process (PID=5230) to work on /Users/felipejimenez/Desktop/AirFlow/.env/lib/python3.9/site-packages/airflow/example_dags/example_params_trigger_ui.py
[2024-04-14T15:56:21.120-0600] {processor.py:830} INFO - Processing file /Users/felipejimenez/Desktop/AirFlow/.env/lib/python3.9/site-packages/airflow/example_dags/example_params_trigger_ui.py for tasks to queue
[2024-04-14T15:56:21.121-0600] {logging_mixin.py:188} INFO - [2024-04-14T15:56:21.121-0600] {dagbag.py:540} INFO - Filling up the DagBag from /Users/felipejimenez/Desktop/AirFlow/.env/lib/python3.9/site-packages/airflow/example_dags/example_params_trigger_ui.py
[2024-04-14T15:56:21.134-0600] {processor.py:840} INFO - DAG(s) 'example_params_trigger_ui' retrieved from /Users/felipejimenez/Desktop/AirFlow/.env/lib/python3.9/site-packages/airflow/example_dags/example_params_trigger_ui.py
[2024-04-14T15:56:21.191-0600] {logging_mixin.py:188} INFO - [2024-04-14T15:56:21.191-0600] {dag.py:3096} INFO - Sync 1 DAGs
[2024-04-14T15:56:21.194-0600] {logging_mixin.py:188} INFO - [2024-04-14T15:56:21.194-0600] {dag.py:3954} INFO - Setting next_dagrun for example_params_trigger_ui to None, run_after=None
[2024-04-14T15:56:21.200-0600] {processor.py:183} INFO - Processing /Users/felipejimenez/Desktop/AirFlow/.env/lib/python3.9/site-packages/airflow/example_dags/example_params_trigger_ui.py took 0.082 seconds
[2024-04-14T15:57:45.565-0600] {processor.py:161} INFO - Started process (PID=5369) to work on /Users/felipejimenez/Desktop/AirFlow/.env/lib/python3.9/site-packages/airflow/example_dags/example_params_trigger_ui.py
[2024-04-14T15:57:45.567-0600] {processor.py:830} INFO - Processing file /Users/felipejimenez/Desktop/AirFlow/.env/lib/python3.9/site-packages/airflow/example_dags/example_params_trigger_ui.py for tasks to queue
[2024-04-14T15:57:45.567-0600] {logging_mixin.py:188} INFO - [2024-04-14T15:57:45.567-0600] {dagbag.py:540} INFO - Filling up the DagBag from /Users/felipejimenez/Desktop/AirFlow/.env/lib/python3.9/site-packages/airflow/example_dags/example_params_trigger_ui.py
[2024-04-14T15:57:45.581-0600] {processor.py:840} INFO - DAG(s) 'example_params_trigger_ui' retrieved from /Users/felipejimenez/Desktop/AirFlow/.env/lib/python3.9/site-packages/airflow/example_dags/example_params_trigger_ui.py
[2024-04-14T15:57:45.639-0600] {logging_mixin.py:188} INFO - [2024-04-14T15:57:45.639-0600] {dag.py:3096} INFO - Sync 1 DAGs
[2024-04-14T15:57:45.642-0600] {logging_mixin.py:188} INFO - [2024-04-14T15:57:45.642-0600] {dag.py:3954} INFO - Setting next_dagrun for example_params_trigger_ui to None, run_after=None
[2024-04-14T15:57:45.648-0600] {processor.py:183} INFO - Processing /Users/felipejimenez/Desktop/AirFlow/.env/lib/python3.9/site-packages/airflow/example_dags/example_params_trigger_ui.py took 0.084 seconds
[2024-04-14T15:59:02.672-0600] {processor.py:161} INFO - Started process (PID=5481) to work on /Users/felipejimenez/Desktop/AirFlow/.env/lib/python3.9/site-packages/airflow/example_dags/example_params_trigger_ui.py
[2024-04-14T15:59:02.674-0600] {processor.py:830} INFO - Processing file /Users/felipejimenez/Desktop/AirFlow/.env/lib/python3.9/site-packages/airflow/example_dags/example_params_trigger_ui.py for tasks to queue
[2024-04-14T15:59:02.674-0600] {logging_mixin.py:188} INFO - [2024-04-14T15:59:02.674-0600] {dagbag.py:540} INFO - Filling up the DagBag from /Users/felipejimenez/Desktop/AirFlow/.env/lib/python3.9/site-packages/airflow/example_dags/example_params_trigger_ui.py
[2024-04-14T15:59:02.687-0600] {processor.py:840} INFO - DAG(s) 'example_params_trigger_ui' retrieved from /Users/felipejimenez/Desktop/AirFlow/.env/lib/python3.9/site-packages/airflow/example_dags/example_params_trigger_ui.py
[2024-04-14T15:59:02.743-0600] {logging_mixin.py:188} INFO - [2024-04-14T15:59:02.743-0600] {dag.py:3096} INFO - Sync 1 DAGs
[2024-04-14T15:59:02.746-0600] {logging_mixin.py:188} INFO - [2024-04-14T15:59:02.746-0600] {dag.py:3954} INFO - Setting next_dagrun for example_params_trigger_ui to None, run_after=None
[2024-04-14T15:59:02.752-0600] {processor.py:183} INFO - Processing /Users/felipejimenez/Desktop/AirFlow/.env/lib/python3.9/site-packages/airflow/example_dags/example_params_trigger_ui.py took 0.080 seconds
[2024-04-14T16:00:29.263-0600] {processor.py:161} INFO - Started process (PID=5579) to work on /Users/felipejimenez/Desktop/AirFlow/.env/lib/python3.9/site-packages/airflow/example_dags/example_params_trigger_ui.py
[2024-04-14T16:00:29.265-0600] {processor.py:830} INFO - Processing file /Users/felipejimenez/Desktop/AirFlow/.env/lib/python3.9/site-packages/airflow/example_dags/example_params_trigger_ui.py for tasks to queue
[2024-04-14T16:00:29.265-0600] {logging_mixin.py:188} INFO - [2024-04-14T16:00:29.265-0600] {dagbag.py:540} INFO - Filling up the DagBag from /Users/felipejimenez/Desktop/AirFlow/.env/lib/python3.9/site-packages/airflow/example_dags/example_params_trigger_ui.py
[2024-04-14T16:00:29.280-0600] {processor.py:840} INFO - DAG(s) 'example_params_trigger_ui' retrieved from /Users/felipejimenez/Desktop/AirFlow/.env/lib/python3.9/site-packages/airflow/example_dags/example_params_trigger_ui.py
[2024-04-14T16:00:29.340-0600] {logging_mixin.py:188} INFO - [2024-04-14T16:00:29.340-0600] {dag.py:3096} INFO - Sync 1 DAGs
[2024-04-14T16:00:29.344-0600] {logging_mixin.py:188} INFO - [2024-04-14T16:00:29.344-0600] {dag.py:3954} INFO - Setting next_dagrun for example_params_trigger_ui to None, run_after=None
[2024-04-14T16:00:29.349-0600] {processor.py:183} INFO - Processing /Users/felipejimenez/Desktop/AirFlow/.env/lib/python3.9/site-packages/airflow/example_dags/example_params_trigger_ui.py took 0.087 seconds
[2024-04-14T16:01:54.886-0600] {processor.py:161} INFO - Started process (PID=5676) to work on /Users/felipejimenez/Desktop/AirFlow/.env/lib/python3.9/site-packages/airflow/example_dags/example_params_trigger_ui.py
[2024-04-14T16:01:54.888-0600] {processor.py:830} INFO - Processing file /Users/felipejimenez/Desktop/AirFlow/.env/lib/python3.9/site-packages/airflow/example_dags/example_params_trigger_ui.py for tasks to queue
[2024-04-14T16:01:54.888-0600] {logging_mixin.py:188} INFO - [2024-04-14T16:01:54.888-0600] {dagbag.py:540} INFO - Filling up the DagBag from /Users/felipejimenez/Desktop/AirFlow/.env/lib/python3.9/site-packages/airflow/example_dags/example_params_trigger_ui.py
[2024-04-14T16:01:54.903-0600] {processor.py:840} INFO - DAG(s) 'example_params_trigger_ui' retrieved from /Users/felipejimenez/Desktop/AirFlow/.env/lib/python3.9/site-packages/airflow/example_dags/example_params_trigger_ui.py
[2024-04-14T16:01:54.960-0600] {logging_mixin.py:188} INFO - [2024-04-14T16:01:54.960-0600] {dag.py:3096} INFO - Sync 1 DAGs
[2024-04-14T16:01:54.963-0600] {logging_mixin.py:188} INFO - [2024-04-14T16:01:54.963-0600] {dag.py:3954} INFO - Setting next_dagrun for example_params_trigger_ui to None, run_after=None
[2024-04-14T16:01:54.968-0600] {processor.py:183} INFO - Processing /Users/felipejimenez/Desktop/AirFlow/.env/lib/python3.9/site-packages/airflow/example_dags/example_params_trigger_ui.py took 0.083 seconds
[2024-04-14T16:04:19.274-0600] {processor.py:161} INFO - Started process (PID=5917) to work on /Users/felipejimenez/Desktop/AirFlow/.env/lib/python3.9/site-packages/airflow/example_dags/example_params_trigger_ui.py
[2024-04-14T16:04:19.276-0600] {processor.py:830} INFO - Processing file /Users/felipejimenez/Desktop/AirFlow/.env/lib/python3.9/site-packages/airflow/example_dags/example_params_trigger_ui.py for tasks to queue
[2024-04-14T16:04:19.276-0600] {logging_mixin.py:188} INFO - [2024-04-14T16:04:19.276-0600] {dagbag.py:540} INFO - Filling up the DagBag from /Users/felipejimenez/Desktop/AirFlow/.env/lib/python3.9/site-packages/airflow/example_dags/example_params_trigger_ui.py
[2024-04-14T16:04:19.290-0600] {processor.py:840} INFO - DAG(s) 'example_params_trigger_ui' retrieved from /Users/felipejimenez/Desktop/AirFlow/.env/lib/python3.9/site-packages/airflow/example_dags/example_params_trigger_ui.py
[2024-04-14T16:04:19.346-0600] {logging_mixin.py:188} INFO - [2024-04-14T16:04:19.346-0600] {dag.py:3096} INFO - Sync 1 DAGs
[2024-04-14T16:04:19.349-0600] {logging_mixin.py:188} INFO - [2024-04-14T16:04:19.349-0600] {dag.py:3954} INFO - Setting next_dagrun for example_params_trigger_ui to None, run_after=None
[2024-04-14T16:04:19.355-0600] {processor.py:183} INFO - Processing /Users/felipejimenez/Desktop/AirFlow/.env/lib/python3.9/site-packages/airflow/example_dags/example_params_trigger_ui.py took 0.082 seconds
[2024-04-14T16:05:50.537-0600] {processor.py:161} INFO - Started process (PID=6085) to work on /Users/felipejimenez/Desktop/AirFlow/.env/lib/python3.9/site-packages/airflow/example_dags/example_params_trigger_ui.py
[2024-04-14T16:05:50.539-0600] {processor.py:830} INFO - Processing file /Users/felipejimenez/Desktop/AirFlow/.env/lib/python3.9/site-packages/airflow/example_dags/example_params_trigger_ui.py for tasks to queue
[2024-04-14T16:05:50.539-0600] {logging_mixin.py:188} INFO - [2024-04-14T16:05:50.539-0600] {dagbag.py:540} INFO - Filling up the DagBag from /Users/felipejimenez/Desktop/AirFlow/.env/lib/python3.9/site-packages/airflow/example_dags/example_params_trigger_ui.py
[2024-04-14T16:05:50.553-0600] {processor.py:840} INFO - DAG(s) 'example_params_trigger_ui' retrieved from /Users/felipejimenez/Desktop/AirFlow/.env/lib/python3.9/site-packages/airflow/example_dags/example_params_trigger_ui.py
[2024-04-14T16:05:50.614-0600] {logging_mixin.py:188} INFO - [2024-04-14T16:05:50.614-0600] {dag.py:3096} INFO - Sync 1 DAGs
[2024-04-14T16:05:50.617-0600] {logging_mixin.py:188} INFO - [2024-04-14T16:05:50.617-0600] {dag.py:3954} INFO - Setting next_dagrun for example_params_trigger_ui to None, run_after=None
[2024-04-14T16:05:50.624-0600] {processor.py:183} INFO - Processing /Users/felipejimenez/Desktop/AirFlow/.env/lib/python3.9/site-packages/airflow/example_dags/example_params_trigger_ui.py took 0.087 seconds
