[2024-04-14T15:42:07.794-0600] {processor.py:161} INFO - Started process (PID=4065) to work on /Users/felipejimenez/Desktop/AirFlow/.env/lib/python3.9/site-packages/airflow/example_dags/tutorial_objectstorage.py
[2024-04-14T15:42:07.795-0600] {processor.py:830} INFO - Processing file /Users/felipejimenez/Desktop/AirFlow/.env/lib/python3.9/site-packages/airflow/example_dags/tutorial_objectstorage.py for tasks to queue
[2024-04-14T15:42:07.796-0600] {logging_mixin.py:188} INFO - [2024-04-14T15:42:07.796-0600] {dagbag.py:540} INFO - Filling up the DagBag from /Users/felipejimenez/Desktop/AirFlow/.env/lib/python3.9/site-packages/airflow/example_dags/tutorial_objectstorage.py
[2024-04-14T15:42:07.818-0600] {processor.py:840} INFO - DAG(s) 'tutorial_objectstorage' retrieved from /Users/felipejimenez/Desktop/AirFlow/.env/lib/python3.9/site-packages/airflow/example_dags/tutorial_objectstorage.py
[2024-04-14T15:42:07.901-0600] {logging_mixin.py:188} INFO - [2024-04-14T15:42:07.900-0600] {override.py:1829} INFO - Created Permission View: can delete on DAG:tutorial_objectstorage
[2024-04-14T15:42:07.903-0600] {logging_mixin.py:188} INFO - [2024-04-14T15:42:07.903-0600] {override.py:1829} INFO - Created Permission View: can edit on DAG:tutorial_objectstorage
[2024-04-14T15:42:07.905-0600] {logging_mixin.py:188} INFO - [2024-04-14T15:42:07.905-0600] {override.py:1829} INFO - Created Permission View: can read on DAG:tutorial_objectstorage
[2024-04-14T15:42:07.905-0600] {logging_mixin.py:188} INFO - [2024-04-14T15:42:07.905-0600] {dag.py:3096} INFO - Sync 1 DAGs
[2024-04-14T15:42:07.908-0600] {logging_mixin.py:188} INFO - [2024-04-14T15:42:07.908-0600] {dag.py:3118} INFO - Creating ORM DAG for tutorial_objectstorage
[2024-04-14T15:42:07.908-0600] {logging_mixin.py:188} INFO - [2024-04-14T15:42:07.908-0600] {dag.py:3954} INFO - Setting next_dagrun for tutorial_objectstorage to None, run_after=None
[2024-04-14T15:42:07.913-0600] {processor.py:183} INFO - Processing /Users/felipejimenez/Desktop/AirFlow/.env/lib/python3.9/site-packages/airflow/example_dags/tutorial_objectstorage.py took 0.120 seconds
[2024-04-14T15:43:24.870-0600] {processor.py:161} INFO - Started process (PID=4163) to work on /Users/felipejimenez/Desktop/AirFlow/.env/lib/python3.9/site-packages/airflow/example_dags/tutorial_objectstorage.py
[2024-04-14T15:43:24.872-0600] {processor.py:830} INFO - Processing file /Users/felipejimenez/Desktop/AirFlow/.env/lib/python3.9/site-packages/airflow/example_dags/tutorial_objectstorage.py for tasks to queue
[2024-04-14T15:43:24.872-0600] {logging_mixin.py:188} INFO - [2024-04-14T15:43:24.872-0600] {dagbag.py:540} INFO - Filling up the DagBag from /Users/felipejimenez/Desktop/AirFlow/.env/lib/python3.9/site-packages/airflow/example_dags/tutorial_objectstorage.py
[2024-04-14T15:43:24.900-0600] {processor.py:840} INFO - DAG(s) 'tutorial_objectstorage' retrieved from /Users/felipejimenez/Desktop/AirFlow/.env/lib/python3.9/site-packages/airflow/example_dags/tutorial_objectstorage.py
[2024-04-14T15:43:24.947-0600] {logging_mixin.py:188} INFO - [2024-04-14T15:43:24.947-0600] {dag.py:3096} INFO - Sync 1 DAGs
[2024-04-14T15:43:24.950-0600] {logging_mixin.py:188} INFO - [2024-04-14T15:43:24.950-0600] {dag.py:3954} INFO - Setting next_dagrun for tutorial_objectstorage to None, run_after=None
[2024-04-14T15:43:24.957-0600] {processor.py:183} INFO - Processing /Users/felipejimenez/Desktop/AirFlow/.env/lib/python3.9/site-packages/airflow/example_dags/tutorial_objectstorage.py took 0.087 seconds
[2024-04-14T15:44:08.205-0600] {processor.py:161} INFO - Started process (PID=4214) to work on /Users/felipejimenez/Desktop/AirFlow/.env/lib/python3.9/site-packages/airflow/example_dags/tutorial_objectstorage.py
[2024-04-14T15:44:08.206-0600] {processor.py:830} INFO - Processing file /Users/felipejimenez/Desktop/AirFlow/.env/lib/python3.9/site-packages/airflow/example_dags/tutorial_objectstorage.py for tasks to queue
[2024-04-14T15:44:08.207-0600] {logging_mixin.py:188} INFO - [2024-04-14T15:44:08.207-0600] {dagbag.py:540} INFO - Filling up the DagBag from /Users/felipejimenez/Desktop/AirFlow/.env/lib/python3.9/site-packages/airflow/example_dags/tutorial_objectstorage.py
[2024-04-14T15:44:08.232-0600] {processor.py:840} INFO - DAG(s) 'tutorial_objectstorage' retrieved from /Users/felipejimenez/Desktop/AirFlow/.env/lib/python3.9/site-packages/airflow/example_dags/tutorial_objectstorage.py
[2024-04-14T15:44:08.279-0600] {logging_mixin.py:188} INFO - [2024-04-14T15:44:08.279-0600] {dag.py:3096} INFO - Sync 1 DAGs
[2024-04-14T15:44:08.282-0600] {logging_mixin.py:188} INFO - [2024-04-14T15:44:08.282-0600] {dag.py:3954} INFO - Setting next_dagrun for tutorial_objectstorage to None, run_after=None
[2024-04-14T15:44:08.288-0600] {processor.py:183} INFO - Processing /Users/felipejimenez/Desktop/AirFlow/.env/lib/python3.9/site-packages/airflow/example_dags/tutorial_objectstorage.py took 0.085 seconds
[2024-04-14T15:44:52.025-0600] {processor.py:161} INFO - Started process (PID=4262) to work on /Users/felipejimenez/Desktop/AirFlow/.env/lib/python3.9/site-packages/airflow/example_dags/tutorial_objectstorage.py
[2024-04-14T15:44:52.027-0600] {processor.py:830} INFO - Processing file /Users/felipejimenez/Desktop/AirFlow/.env/lib/python3.9/site-packages/airflow/example_dags/tutorial_objectstorage.py for tasks to queue
[2024-04-14T15:44:52.027-0600] {logging_mixin.py:188} INFO - [2024-04-14T15:44:52.027-0600] {dagbag.py:540} INFO - Filling up the DagBag from /Users/felipejimenez/Desktop/AirFlow/.env/lib/python3.9/site-packages/airflow/example_dags/tutorial_objectstorage.py
[2024-04-14T15:44:52.054-0600] {processor.py:840} INFO - DAG(s) 'tutorial_objectstorage' retrieved from /Users/felipejimenez/Desktop/AirFlow/.env/lib/python3.9/site-packages/airflow/example_dags/tutorial_objectstorage.py
[2024-04-14T15:44:52.101-0600] {logging_mixin.py:188} INFO - [2024-04-14T15:44:52.101-0600] {dag.py:3096} INFO - Sync 1 DAGs
[2024-04-14T15:44:52.104-0600] {logging_mixin.py:188} INFO - [2024-04-14T15:44:52.104-0600] {dag.py:3954} INFO - Setting next_dagrun for tutorial_objectstorage to None, run_after=None
[2024-04-14T15:44:52.110-0600] {processor.py:183} INFO - Processing /Users/felipejimenez/Desktop/AirFlow/.env/lib/python3.9/site-packages/airflow/example_dags/tutorial_objectstorage.py took 0.086 seconds
[2024-04-14T15:45:36.030-0600] {processor.py:161} INFO - Started process (PID=4320) to work on /Users/felipejimenez/Desktop/AirFlow/.env/lib/python3.9/site-packages/airflow/example_dags/tutorial_objectstorage.py
[2024-04-14T15:45:36.032-0600] {processor.py:830} INFO - Processing file /Users/felipejimenez/Desktop/AirFlow/.env/lib/python3.9/site-packages/airflow/example_dags/tutorial_objectstorage.py for tasks to queue
[2024-04-14T15:45:36.032-0600] {logging_mixin.py:188} INFO - [2024-04-14T15:45:36.032-0600] {dagbag.py:540} INFO - Filling up the DagBag from /Users/felipejimenez/Desktop/AirFlow/.env/lib/python3.9/site-packages/airflow/example_dags/tutorial_objectstorage.py
[2024-04-14T15:45:36.059-0600] {processor.py:840} INFO - DAG(s) 'tutorial_objectstorage' retrieved from /Users/felipejimenez/Desktop/AirFlow/.env/lib/python3.9/site-packages/airflow/example_dags/tutorial_objectstorage.py
[2024-04-14T15:45:36.111-0600] {logging_mixin.py:188} INFO - [2024-04-14T15:45:36.110-0600] {dag.py:3096} INFO - Sync 1 DAGs
[2024-04-14T15:45:36.114-0600] {logging_mixin.py:188} INFO - [2024-04-14T15:45:36.113-0600] {dag.py:3954} INFO - Setting next_dagrun for tutorial_objectstorage to None, run_after=None
[2024-04-14T15:45:36.119-0600] {processor.py:183} INFO - Processing /Users/felipejimenez/Desktop/AirFlow/.env/lib/python3.9/site-packages/airflow/example_dags/tutorial_objectstorage.py took 0.091 seconds
[2024-04-14T15:47:00.763-0600] {processor.py:161} INFO - Started process (PID=4418) to work on /Users/felipejimenez/Desktop/AirFlow/.env/lib/python3.9/site-packages/airflow/example_dags/tutorial_objectstorage.py
[2024-04-14T15:47:00.765-0600] {processor.py:830} INFO - Processing file /Users/felipejimenez/Desktop/AirFlow/.env/lib/python3.9/site-packages/airflow/example_dags/tutorial_objectstorage.py for tasks to queue
[2024-04-14T15:47:00.765-0600] {logging_mixin.py:188} INFO - [2024-04-14T15:47:00.765-0600] {dagbag.py:540} INFO - Filling up the DagBag from /Users/felipejimenez/Desktop/AirFlow/.env/lib/python3.9/site-packages/airflow/example_dags/tutorial_objectstorage.py
[2024-04-14T15:47:00.794-0600] {processor.py:840} INFO - DAG(s) 'tutorial_objectstorage' retrieved from /Users/felipejimenez/Desktop/AirFlow/.env/lib/python3.9/site-packages/airflow/example_dags/tutorial_objectstorage.py
[2024-04-14T15:47:00.847-0600] {logging_mixin.py:188} INFO - [2024-04-14T15:47:00.847-0600] {dag.py:3096} INFO - Sync 1 DAGs
[2024-04-14T15:47:00.850-0600] {logging_mixin.py:188} INFO - [2024-04-14T15:47:00.850-0600] {dag.py:3954} INFO - Setting next_dagrun for tutorial_objectstorage to None, run_after=None
[2024-04-14T15:47:00.856-0600] {processor.py:183} INFO - Processing /Users/felipejimenez/Desktop/AirFlow/.env/lib/python3.9/site-packages/airflow/example_dags/tutorial_objectstorage.py took 0.094 seconds
[2024-04-14T15:47:47.344-0600] {processor.py:161} INFO - Started process (PID=4472) to work on /Users/felipejimenez/Desktop/AirFlow/.env/lib/python3.9/site-packages/airflow/example_dags/tutorial_objectstorage.py
[2024-04-14T15:47:47.345-0600] {processor.py:830} INFO - Processing file /Users/felipejimenez/Desktop/AirFlow/.env/lib/python3.9/site-packages/airflow/example_dags/tutorial_objectstorage.py for tasks to queue
[2024-04-14T15:47:47.346-0600] {logging_mixin.py:188} INFO - [2024-04-14T15:47:47.346-0600] {dagbag.py:540} INFO - Filling up the DagBag from /Users/felipejimenez/Desktop/AirFlow/.env/lib/python3.9/site-packages/airflow/example_dags/tutorial_objectstorage.py
[2024-04-14T15:47:47.372-0600] {processor.py:840} INFO - DAG(s) 'tutorial_objectstorage' retrieved from /Users/felipejimenez/Desktop/AirFlow/.env/lib/python3.9/site-packages/airflow/example_dags/tutorial_objectstorage.py
[2024-04-14T15:47:47.421-0600] {logging_mixin.py:188} INFO - [2024-04-14T15:47:47.421-0600] {dag.py:3096} INFO - Sync 1 DAGs
[2024-04-14T15:47:47.424-0600] {logging_mixin.py:188} INFO - [2024-04-14T15:47:47.424-0600] {dag.py:3954} INFO - Setting next_dagrun for tutorial_objectstorage to None, run_after=None
[2024-04-14T15:47:47.430-0600] {processor.py:183} INFO - Processing /Users/felipejimenez/Desktop/AirFlow/.env/lib/python3.9/site-packages/airflow/example_dags/tutorial_objectstorage.py took 0.087 seconds
[2024-04-14T15:48:33.392-0600] {processor.py:161} INFO - Started process (PID=4586) to work on /Users/felipejimenez/Desktop/AirFlow/.env/lib/python3.9/site-packages/airflow/example_dags/tutorial_objectstorage.py
[2024-04-14T15:48:33.395-0600] {processor.py:830} INFO - Processing file /Users/felipejimenez/Desktop/AirFlow/.env/lib/python3.9/site-packages/airflow/example_dags/tutorial_objectstorage.py for tasks to queue
[2024-04-14T15:48:33.395-0600] {logging_mixin.py:188} INFO - [2024-04-14T15:48:33.395-0600] {dagbag.py:540} INFO - Filling up the DagBag from /Users/felipejimenez/Desktop/AirFlow/.env/lib/python3.9/site-packages/airflow/example_dags/tutorial_objectstorage.py
[2024-04-14T15:48:33.422-0600] {processor.py:840} INFO - DAG(s) 'tutorial_objectstorage' retrieved from /Users/felipejimenez/Desktop/AirFlow/.env/lib/python3.9/site-packages/airflow/example_dags/tutorial_objectstorage.py
[2024-04-14T15:48:33.469-0600] {logging_mixin.py:188} INFO - [2024-04-14T15:48:33.469-0600] {dag.py:3096} INFO - Sync 1 DAGs
[2024-04-14T15:48:33.472-0600] {logging_mixin.py:188} INFO - [2024-04-14T15:48:33.472-0600] {dag.py:3954} INFO - Setting next_dagrun for tutorial_objectstorage to None, run_after=None
[2024-04-14T15:48:33.478-0600] {processor.py:183} INFO - Processing /Users/felipejimenez/Desktop/AirFlow/.env/lib/python3.9/site-packages/airflow/example_dags/tutorial_objectstorage.py took 0.087 seconds
[2024-04-14T15:49:17.761-0600] {processor.py:161} INFO - Started process (PID=4647) to work on /Users/felipejimenez/Desktop/AirFlow/.env/lib/python3.9/site-packages/airflow/example_dags/tutorial_objectstorage.py
[2024-04-14T15:49:17.762-0600] {processor.py:830} INFO - Processing file /Users/felipejimenez/Desktop/AirFlow/.env/lib/python3.9/site-packages/airflow/example_dags/tutorial_objectstorage.py for tasks to queue
[2024-04-14T15:49:17.762-0600] {logging_mixin.py:188} INFO - [2024-04-14T15:49:17.762-0600] {dagbag.py:540} INFO - Filling up the DagBag from /Users/felipejimenez/Desktop/AirFlow/.env/lib/python3.9/site-packages/airflow/example_dags/tutorial_objectstorage.py
[2024-04-14T15:49:17.790-0600] {processor.py:840} INFO - DAG(s) 'tutorial_objectstorage' retrieved from /Users/felipejimenez/Desktop/AirFlow/.env/lib/python3.9/site-packages/airflow/example_dags/tutorial_objectstorage.py
[2024-04-14T15:49:17.837-0600] {logging_mixin.py:188} INFO - [2024-04-14T15:49:17.837-0600] {dag.py:3096} INFO - Sync 1 DAGs
[2024-04-14T15:49:17.840-0600] {logging_mixin.py:188} INFO - [2024-04-14T15:49:17.840-0600] {dag.py:3954} INFO - Setting next_dagrun for tutorial_objectstorage to None, run_after=None
[2024-04-14T15:49:17.846-0600] {processor.py:183} INFO - Processing /Users/felipejimenez/Desktop/AirFlow/.env/lib/python3.9/site-packages/airflow/example_dags/tutorial_objectstorage.py took 0.086 seconds
[2024-04-14T15:50:00.683-0600] {processor.py:161} INFO - Started process (PID=4701) to work on /Users/felipejimenez/Desktop/AirFlow/.env/lib/python3.9/site-packages/airflow/example_dags/tutorial_objectstorage.py
[2024-04-14T15:50:00.684-0600] {processor.py:830} INFO - Processing file /Users/felipejimenez/Desktop/AirFlow/.env/lib/python3.9/site-packages/airflow/example_dags/tutorial_objectstorage.py for tasks to queue
[2024-04-14T15:50:00.685-0600] {logging_mixin.py:188} INFO - [2024-04-14T15:50:00.684-0600] {dagbag.py:540} INFO - Filling up the DagBag from /Users/felipejimenez/Desktop/AirFlow/.env/lib/python3.9/site-packages/airflow/example_dags/tutorial_objectstorage.py
[2024-04-14T15:50:00.713-0600] {processor.py:840} INFO - DAG(s) 'tutorial_objectstorage' retrieved from /Users/felipejimenez/Desktop/AirFlow/.env/lib/python3.9/site-packages/airflow/example_dags/tutorial_objectstorage.py
[2024-04-14T15:50:00.765-0600] {logging_mixin.py:188} INFO - [2024-04-14T15:50:00.764-0600] {dag.py:3096} INFO - Sync 1 DAGs
[2024-04-14T15:50:00.768-0600] {logging_mixin.py:188} INFO - [2024-04-14T15:50:00.768-0600] {dag.py:3954} INFO - Setting next_dagrun for tutorial_objectstorage to None, run_after=None
[2024-04-14T15:50:00.774-0600] {processor.py:183} INFO - Processing /Users/felipejimenez/Desktop/AirFlow/.env/lib/python3.9/site-packages/airflow/example_dags/tutorial_objectstorage.py took 0.092 seconds
[2024-04-14T15:50:45.186-0600] {processor.py:161} INFO - Started process (PID=4750) to work on /Users/felipejimenez/Desktop/AirFlow/.env/lib/python3.9/site-packages/airflow/example_dags/tutorial_objectstorage.py
[2024-04-14T15:50:45.189-0600] {processor.py:830} INFO - Processing file /Users/felipejimenez/Desktop/AirFlow/.env/lib/python3.9/site-packages/airflow/example_dags/tutorial_objectstorage.py for tasks to queue
[2024-04-14T15:50:45.189-0600] {logging_mixin.py:188} INFO - [2024-04-14T15:50:45.189-0600] {dagbag.py:540} INFO - Filling up the DagBag from /Users/felipejimenez/Desktop/AirFlow/.env/lib/python3.9/site-packages/airflow/example_dags/tutorial_objectstorage.py
[2024-04-14T15:50:45.218-0600] {processor.py:840} INFO - DAG(s) 'tutorial_objectstorage' retrieved from /Users/felipejimenez/Desktop/AirFlow/.env/lib/python3.9/site-packages/airflow/example_dags/tutorial_objectstorage.py
[2024-04-14T15:50:45.272-0600] {logging_mixin.py:188} INFO - [2024-04-14T15:50:45.272-0600] {dag.py:3096} INFO - Sync 1 DAGs
[2024-04-14T15:50:45.276-0600] {logging_mixin.py:188} INFO - [2024-04-14T15:50:45.276-0600] {dag.py:3954} INFO - Setting next_dagrun for tutorial_objectstorage to None, run_after=None
[2024-04-14T15:50:45.282-0600] {processor.py:183} INFO - Processing /Users/felipejimenez/Desktop/AirFlow/.env/lib/python3.9/site-packages/airflow/example_dags/tutorial_objectstorage.py took 0.096 seconds
[2024-04-14T15:51:30.628-0600] {processor.py:161} INFO - Started process (PID=4800) to work on /Users/felipejimenez/Desktop/AirFlow/.env/lib/python3.9/site-packages/airflow/example_dags/tutorial_objectstorage.py
[2024-04-14T15:51:30.630-0600] {processor.py:830} INFO - Processing file /Users/felipejimenez/Desktop/AirFlow/.env/lib/python3.9/site-packages/airflow/example_dags/tutorial_objectstorage.py for tasks to queue
[2024-04-14T15:51:30.630-0600] {logging_mixin.py:188} INFO - [2024-04-14T15:51:30.630-0600] {dagbag.py:540} INFO - Filling up the DagBag from /Users/felipejimenez/Desktop/AirFlow/.env/lib/python3.9/site-packages/airflow/example_dags/tutorial_objectstorage.py
[2024-04-14T15:51:30.657-0600] {processor.py:840} INFO - DAG(s) 'tutorial_objectstorage' retrieved from /Users/felipejimenez/Desktop/AirFlow/.env/lib/python3.9/site-packages/airflow/example_dags/tutorial_objectstorage.py
[2024-04-14T15:51:30.707-0600] {logging_mixin.py:188} INFO - [2024-04-14T15:51:30.706-0600] {dag.py:3096} INFO - Sync 1 DAGs
[2024-04-14T15:51:30.710-0600] {logging_mixin.py:188} INFO - [2024-04-14T15:51:30.710-0600] {dag.py:3954} INFO - Setting next_dagrun for tutorial_objectstorage to None, run_after=None
[2024-04-14T15:51:30.716-0600] {processor.py:183} INFO - Processing /Users/felipejimenez/Desktop/AirFlow/.env/lib/python3.9/site-packages/airflow/example_dags/tutorial_objectstorage.py took 0.089 seconds
[2024-04-14T15:52:16.296-0600] {processor.py:161} INFO - Started process (PID=4869) to work on /Users/felipejimenez/Desktop/AirFlow/.env/lib/python3.9/site-packages/airflow/example_dags/tutorial_objectstorage.py
[2024-04-14T15:52:16.297-0600] {processor.py:830} INFO - Processing file /Users/felipejimenez/Desktop/AirFlow/.env/lib/python3.9/site-packages/airflow/example_dags/tutorial_objectstorage.py for tasks to queue
[2024-04-14T15:52:16.297-0600] {logging_mixin.py:188} INFO - [2024-04-14T15:52:16.297-0600] {dagbag.py:540} INFO - Filling up the DagBag from /Users/felipejimenez/Desktop/AirFlow/.env/lib/python3.9/site-packages/airflow/example_dags/tutorial_objectstorage.py
[2024-04-14T15:52:16.325-0600] {processor.py:840} INFO - DAG(s) 'tutorial_objectstorage' retrieved from /Users/felipejimenez/Desktop/AirFlow/.env/lib/python3.9/site-packages/airflow/example_dags/tutorial_objectstorage.py
[2024-04-14T15:52:16.373-0600] {logging_mixin.py:188} INFO - [2024-04-14T15:52:16.373-0600] {dag.py:3096} INFO - Sync 1 DAGs
[2024-04-14T15:52:16.377-0600] {logging_mixin.py:188} INFO - [2024-04-14T15:52:16.377-0600] {dag.py:3954} INFO - Setting next_dagrun for tutorial_objectstorage to None, run_after=None
[2024-04-14T15:52:16.383-0600] {processor.py:183} INFO - Processing /Users/felipejimenez/Desktop/AirFlow/.env/lib/python3.9/site-packages/airflow/example_dags/tutorial_objectstorage.py took 0.088 seconds
[2024-04-14T15:53:41.422-0600] {processor.py:161} INFO - Started process (PID=5019) to work on /Users/felipejimenez/Desktop/AirFlow/.env/lib/python3.9/site-packages/airflow/example_dags/tutorial_objectstorage.py
[2024-04-14T15:53:41.424-0600] {processor.py:830} INFO - Processing file /Users/felipejimenez/Desktop/AirFlow/.env/lib/python3.9/site-packages/airflow/example_dags/tutorial_objectstorage.py for tasks to queue
[2024-04-14T15:53:41.424-0600] {logging_mixin.py:188} INFO - [2024-04-14T15:53:41.424-0600] {dagbag.py:540} INFO - Filling up the DagBag from /Users/felipejimenez/Desktop/AirFlow/.env/lib/python3.9/site-packages/airflow/example_dags/tutorial_objectstorage.py
[2024-04-14T15:53:41.452-0600] {processor.py:840} INFO - DAG(s) 'tutorial_objectstorage' retrieved from /Users/felipejimenez/Desktop/AirFlow/.env/lib/python3.9/site-packages/airflow/example_dags/tutorial_objectstorage.py
[2024-04-14T15:53:41.500-0600] {logging_mixin.py:188} INFO - [2024-04-14T15:53:41.500-0600] {dag.py:3096} INFO - Sync 1 DAGs
[2024-04-14T15:53:41.503-0600] {logging_mixin.py:188} INFO - [2024-04-14T15:53:41.503-0600] {dag.py:3954} INFO - Setting next_dagrun for tutorial_objectstorage to None, run_after=None
[2024-04-14T15:53:41.509-0600] {processor.py:183} INFO - Processing /Users/felipejimenez/Desktop/AirFlow/.env/lib/python3.9/site-packages/airflow/example_dags/tutorial_objectstorage.py took 0.088 seconds
[2024-04-14T15:54:25.147-0600] {processor.py:161} INFO - Started process (PID=5068) to work on /Users/felipejimenez/Desktop/AirFlow/.env/lib/python3.9/site-packages/airflow/example_dags/tutorial_objectstorage.py
[2024-04-14T15:54:25.149-0600] {processor.py:830} INFO - Processing file /Users/felipejimenez/Desktop/AirFlow/.env/lib/python3.9/site-packages/airflow/example_dags/tutorial_objectstorage.py for tasks to queue
[2024-04-14T15:54:25.149-0600] {logging_mixin.py:188} INFO - [2024-04-14T15:54:25.149-0600] {dagbag.py:540} INFO - Filling up the DagBag from /Users/felipejimenez/Desktop/AirFlow/.env/lib/python3.9/site-packages/airflow/example_dags/tutorial_objectstorage.py
[2024-04-14T15:54:25.177-0600] {processor.py:840} INFO - DAG(s) 'tutorial_objectstorage' retrieved from /Users/felipejimenez/Desktop/AirFlow/.env/lib/python3.9/site-packages/airflow/example_dags/tutorial_objectstorage.py
[2024-04-14T15:54:25.224-0600] {logging_mixin.py:188} INFO - [2024-04-14T15:54:25.224-0600] {dag.py:3096} INFO - Sync 1 DAGs
[2024-04-14T15:54:25.227-0600] {logging_mixin.py:188} INFO - [2024-04-14T15:54:25.227-0600] {dag.py:3954} INFO - Setting next_dagrun for tutorial_objectstorage to None, run_after=None
[2024-04-14T15:54:25.234-0600] {processor.py:183} INFO - Processing /Users/felipejimenez/Desktop/AirFlow/.env/lib/python3.9/site-packages/airflow/example_dags/tutorial_objectstorage.py took 0.087 seconds
[2024-04-14T15:55:49.057-0600] {processor.py:161} INFO - Started process (PID=5181) to work on /Users/felipejimenez/Desktop/AirFlow/.env/lib/python3.9/site-packages/airflow/example_dags/tutorial_objectstorage.py
[2024-04-14T15:55:49.058-0600] {processor.py:830} INFO - Processing file /Users/felipejimenez/Desktop/AirFlow/.env/lib/python3.9/site-packages/airflow/example_dags/tutorial_objectstorage.py for tasks to queue
[2024-04-14T15:55:49.058-0600] {logging_mixin.py:188} INFO - [2024-04-14T15:55:49.058-0600] {dagbag.py:540} INFO - Filling up the DagBag from /Users/felipejimenez/Desktop/AirFlow/.env/lib/python3.9/site-packages/airflow/example_dags/tutorial_objectstorage.py
[2024-04-14T15:55:49.081-0600] {processor.py:840} INFO - DAG(s) 'tutorial_objectstorage' retrieved from /Users/felipejimenez/Desktop/AirFlow/.env/lib/python3.9/site-packages/airflow/example_dags/tutorial_objectstorage.py
[2024-04-14T15:55:49.128-0600] {logging_mixin.py:188} INFO - [2024-04-14T15:55:49.128-0600] {dag.py:3096} INFO - Sync 1 DAGs
[2024-04-14T15:55:49.131-0600] {logging_mixin.py:188} INFO - [2024-04-14T15:55:49.131-0600] {dag.py:3954} INFO - Setting next_dagrun for tutorial_objectstorage to None, run_after=None
[2024-04-14T15:55:49.137-0600] {processor.py:183} INFO - Processing /Users/felipejimenez/Desktop/AirFlow/.env/lib/python3.9/site-packages/airflow/example_dags/tutorial_objectstorage.py took 0.081 seconds
[2024-04-14T15:57:02.186-0600] {processor.py:161} INFO - Started process (PID=5290) to work on /Users/felipejimenez/Desktop/AirFlow/.env/lib/python3.9/site-packages/airflow/example_dags/tutorial_objectstorage.py
[2024-04-14T15:57:02.188-0600] {processor.py:830} INFO - Processing file /Users/felipejimenez/Desktop/AirFlow/.env/lib/python3.9/site-packages/airflow/example_dags/tutorial_objectstorage.py for tasks to queue
[2024-04-14T15:57:02.188-0600] {logging_mixin.py:188} INFO - [2024-04-14T15:57:02.188-0600] {dagbag.py:540} INFO - Filling up the DagBag from /Users/felipejimenez/Desktop/AirFlow/.env/lib/python3.9/site-packages/airflow/example_dags/tutorial_objectstorage.py
[2024-04-14T15:57:02.215-0600] {processor.py:840} INFO - DAG(s) 'tutorial_objectstorage' retrieved from /Users/felipejimenez/Desktop/AirFlow/.env/lib/python3.9/site-packages/airflow/example_dags/tutorial_objectstorage.py
[2024-04-14T15:57:02.266-0600] {logging_mixin.py:188} INFO - [2024-04-14T15:57:02.266-0600] {dag.py:3096} INFO - Sync 1 DAGs
[2024-04-14T15:57:02.269-0600] {logging_mixin.py:188} INFO - [2024-04-14T15:57:02.269-0600] {dag.py:3954} INFO - Setting next_dagrun for tutorial_objectstorage to None, run_after=None
[2024-04-14T15:57:02.275-0600] {processor.py:183} INFO - Processing /Users/felipejimenez/Desktop/AirFlow/.env/lib/python3.9/site-packages/airflow/example_dags/tutorial_objectstorage.py took 0.090 seconds
[2024-04-14T15:57:44.875-0600] {processor.py:161} INFO - Started process (PID=5368) to work on /Users/felipejimenez/Desktop/AirFlow/.env/lib/python3.9/site-packages/airflow/example_dags/tutorial_objectstorage.py
[2024-04-14T15:57:44.877-0600] {processor.py:830} INFO - Processing file /Users/felipejimenez/Desktop/AirFlow/.env/lib/python3.9/site-packages/airflow/example_dags/tutorial_objectstorage.py for tasks to queue
[2024-04-14T15:57:44.878-0600] {logging_mixin.py:188} INFO - [2024-04-14T15:57:44.878-0600] {dagbag.py:540} INFO - Filling up the DagBag from /Users/felipejimenez/Desktop/AirFlow/.env/lib/python3.9/site-packages/airflow/example_dags/tutorial_objectstorage.py
[2024-04-14T15:57:44.904-0600] {processor.py:840} INFO - DAG(s) 'tutorial_objectstorage' retrieved from /Users/felipejimenez/Desktop/AirFlow/.env/lib/python3.9/site-packages/airflow/example_dags/tutorial_objectstorage.py
[2024-04-14T15:57:44.952-0600] {logging_mixin.py:188} INFO - [2024-04-14T15:57:44.952-0600] {dag.py:3096} INFO - Sync 1 DAGs
[2024-04-14T15:57:44.955-0600] {logging_mixin.py:188} INFO - [2024-04-14T15:57:44.955-0600] {dag.py:3954} INFO - Setting next_dagrun for tutorial_objectstorage to None, run_after=None
[2024-04-14T15:57:44.961-0600] {processor.py:183} INFO - Processing /Users/felipejimenez/Desktop/AirFlow/.env/lib/python3.9/site-packages/airflow/example_dags/tutorial_objectstorage.py took 0.087 seconds
[2024-04-14T15:58:29.536-0600] {processor.py:161} INFO - Started process (PID=5442) to work on /Users/felipejimenez/Desktop/AirFlow/.env/lib/python3.9/site-packages/airflow/example_dags/tutorial_objectstorage.py
[2024-04-14T15:58:29.538-0600] {processor.py:830} INFO - Processing file /Users/felipejimenez/Desktop/AirFlow/.env/lib/python3.9/site-packages/airflow/example_dags/tutorial_objectstorage.py for tasks to queue
[2024-04-14T15:58:29.539-0600] {logging_mixin.py:188} INFO - [2024-04-14T15:58:29.538-0600] {dagbag.py:540} INFO - Filling up the DagBag from /Users/felipejimenez/Desktop/AirFlow/.env/lib/python3.9/site-packages/airflow/example_dags/tutorial_objectstorage.py
[2024-04-14T15:58:29.560-0600] {processor.py:840} INFO - DAG(s) 'tutorial_objectstorage' retrieved from /Users/felipejimenez/Desktop/AirFlow/.env/lib/python3.9/site-packages/airflow/example_dags/tutorial_objectstorage.py
[2024-04-14T15:58:29.609-0600] {logging_mixin.py:188} INFO - [2024-04-14T15:58:29.609-0600] {dag.py:3096} INFO - Sync 1 DAGs
[2024-04-14T15:58:29.612-0600] {logging_mixin.py:188} INFO - [2024-04-14T15:58:29.612-0600] {dag.py:3954} INFO - Setting next_dagrun for tutorial_objectstorage to None, run_after=None
[2024-04-14T15:58:29.618-0600] {processor.py:183} INFO - Processing /Users/felipejimenez/Desktop/AirFlow/.env/lib/python3.9/site-packages/airflow/example_dags/tutorial_objectstorage.py took 0.083 seconds
[2024-04-14T15:59:15.383-0600] {processor.py:161} INFO - Started process (PID=5494) to work on /Users/felipejimenez/Desktop/AirFlow/.env/lib/python3.9/site-packages/airflow/example_dags/tutorial_objectstorage.py
[2024-04-14T15:59:15.385-0600] {processor.py:830} INFO - Processing file /Users/felipejimenez/Desktop/AirFlow/.env/lib/python3.9/site-packages/airflow/example_dags/tutorial_objectstorage.py for tasks to queue
[2024-04-14T15:59:15.386-0600] {logging_mixin.py:188} INFO - [2024-04-14T15:59:15.385-0600] {dagbag.py:540} INFO - Filling up the DagBag from /Users/felipejimenez/Desktop/AirFlow/.env/lib/python3.9/site-packages/airflow/example_dags/tutorial_objectstorage.py
[2024-04-14T15:59:15.413-0600] {processor.py:840} INFO - DAG(s) 'tutorial_objectstorage' retrieved from /Users/felipejimenez/Desktop/AirFlow/.env/lib/python3.9/site-packages/airflow/example_dags/tutorial_objectstorage.py
[2024-04-14T15:59:15.460-0600] {logging_mixin.py:188} INFO - [2024-04-14T15:59:15.460-0600] {dag.py:3096} INFO - Sync 1 DAGs
[2024-04-14T15:59:15.463-0600] {logging_mixin.py:188} INFO - [2024-04-14T15:59:15.463-0600] {dag.py:3954} INFO - Setting next_dagrun for tutorial_objectstorage to None, run_after=None
[2024-04-14T15:59:15.469-0600] {processor.py:183} INFO - Processing /Users/felipejimenez/Desktop/AirFlow/.env/lib/python3.9/site-packages/airflow/example_dags/tutorial_objectstorage.py took 0.087 seconds
[2024-04-14T15:59:58.225-0600] {processor.py:161} INFO - Started process (PID=5545) to work on /Users/felipejimenez/Desktop/AirFlow/.env/lib/python3.9/site-packages/airflow/example_dags/tutorial_objectstorage.py
[2024-04-14T15:59:58.227-0600] {processor.py:830} INFO - Processing file /Users/felipejimenez/Desktop/AirFlow/.env/lib/python3.9/site-packages/airflow/example_dags/tutorial_objectstorage.py for tasks to queue
[2024-04-14T15:59:58.227-0600] {logging_mixin.py:188} INFO - [2024-04-14T15:59:58.227-0600] {dagbag.py:540} INFO - Filling up the DagBag from /Users/felipejimenez/Desktop/AirFlow/.env/lib/python3.9/site-packages/airflow/example_dags/tutorial_objectstorage.py
[2024-04-14T15:59:58.253-0600] {processor.py:840} INFO - DAG(s) 'tutorial_objectstorage' retrieved from /Users/felipejimenez/Desktop/AirFlow/.env/lib/python3.9/site-packages/airflow/example_dags/tutorial_objectstorage.py
[2024-04-14T15:59:58.302-0600] {logging_mixin.py:188} INFO - [2024-04-14T15:59:58.302-0600] {dag.py:3096} INFO - Sync 1 DAGs
[2024-04-14T15:59:58.305-0600] {logging_mixin.py:188} INFO - [2024-04-14T15:59:58.305-0600] {dag.py:3954} INFO - Setting next_dagrun for tutorial_objectstorage to None, run_after=None
[2024-04-14T15:59:58.312-0600] {processor.py:183} INFO - Processing /Users/felipejimenez/Desktop/AirFlow/.env/lib/python3.9/site-packages/airflow/example_dags/tutorial_objectstorage.py took 0.088 seconds
[2024-04-14T16:00:41.604-0600] {processor.py:161} INFO - Started process (PID=5594) to work on /Users/felipejimenez/Desktop/AirFlow/.env/lib/python3.9/site-packages/airflow/example_dags/tutorial_objectstorage.py
[2024-04-14T16:00:41.607-0600] {processor.py:830} INFO - Processing file /Users/felipejimenez/Desktop/AirFlow/.env/lib/python3.9/site-packages/airflow/example_dags/tutorial_objectstorage.py for tasks to queue
[2024-04-14T16:00:41.607-0600] {logging_mixin.py:188} INFO - [2024-04-14T16:00:41.607-0600] {dagbag.py:540} INFO - Filling up the DagBag from /Users/felipejimenez/Desktop/AirFlow/.env/lib/python3.9/site-packages/airflow/example_dags/tutorial_objectstorage.py
[2024-04-14T16:00:41.634-0600] {processor.py:840} INFO - DAG(s) 'tutorial_objectstorage' retrieved from /Users/felipejimenez/Desktop/AirFlow/.env/lib/python3.9/site-packages/airflow/example_dags/tutorial_objectstorage.py
[2024-04-14T16:00:41.682-0600] {logging_mixin.py:188} INFO - [2024-04-14T16:00:41.682-0600] {dag.py:3096} INFO - Sync 1 DAGs
[2024-04-14T16:00:41.685-0600] {logging_mixin.py:188} INFO - [2024-04-14T16:00:41.685-0600] {dag.py:3954} INFO - Setting next_dagrun for tutorial_objectstorage to None, run_after=None
[2024-04-14T16:00:41.691-0600] {processor.py:183} INFO - Processing /Users/felipejimenez/Desktop/AirFlow/.env/lib/python3.9/site-packages/airflow/example_dags/tutorial_objectstorage.py took 0.088 seconds
[2024-04-14T16:01:24.964-0600] {processor.py:161} INFO - Started process (PID=5643) to work on /Users/felipejimenez/Desktop/AirFlow/.env/lib/python3.9/site-packages/airflow/example_dags/tutorial_objectstorage.py
[2024-04-14T16:01:24.966-0600] {processor.py:830} INFO - Processing file /Users/felipejimenez/Desktop/AirFlow/.env/lib/python3.9/site-packages/airflow/example_dags/tutorial_objectstorage.py for tasks to queue
[2024-04-14T16:01:24.966-0600] {logging_mixin.py:188} INFO - [2024-04-14T16:01:24.966-0600] {dagbag.py:540} INFO - Filling up the DagBag from /Users/felipejimenez/Desktop/AirFlow/.env/lib/python3.9/site-packages/airflow/example_dags/tutorial_objectstorage.py
[2024-04-14T16:01:24.994-0600] {processor.py:840} INFO - DAG(s) 'tutorial_objectstorage' retrieved from /Users/felipejimenez/Desktop/AirFlow/.env/lib/python3.9/site-packages/airflow/example_dags/tutorial_objectstorage.py
[2024-04-14T16:01:25.044-0600] {logging_mixin.py:188} INFO - [2024-04-14T16:01:25.044-0600] {dag.py:3096} INFO - Sync 1 DAGs
[2024-04-14T16:01:25.047-0600] {logging_mixin.py:188} INFO - [2024-04-14T16:01:25.047-0600] {dag.py:3954} INFO - Setting next_dagrun for tutorial_objectstorage to None, run_after=None
[2024-04-14T16:01:25.054-0600] {processor.py:183} INFO - Processing /Users/felipejimenez/Desktop/AirFlow/.env/lib/python3.9/site-packages/airflow/example_dags/tutorial_objectstorage.py took 0.091 seconds
[2024-04-14T16:02:07.742-0600] {processor.py:161} INFO - Started process (PID=5691) to work on /Users/felipejimenez/Desktop/AirFlow/.env/lib/python3.9/site-packages/airflow/example_dags/tutorial_objectstorage.py
[2024-04-14T16:02:07.743-0600] {processor.py:830} INFO - Processing file /Users/felipejimenez/Desktop/AirFlow/.env/lib/python3.9/site-packages/airflow/example_dags/tutorial_objectstorage.py for tasks to queue
[2024-04-14T16:02:07.743-0600] {logging_mixin.py:188} INFO - [2024-04-14T16:02:07.743-0600] {dagbag.py:540} INFO - Filling up the DagBag from /Users/felipejimenez/Desktop/AirFlow/.env/lib/python3.9/site-packages/airflow/example_dags/tutorial_objectstorage.py
[2024-04-14T16:02:07.772-0600] {processor.py:840} INFO - DAG(s) 'tutorial_objectstorage' retrieved from /Users/felipejimenez/Desktop/AirFlow/.env/lib/python3.9/site-packages/airflow/example_dags/tutorial_objectstorage.py
[2024-04-14T16:02:07.824-0600] {logging_mixin.py:188} INFO - [2024-04-14T16:02:07.824-0600] {dag.py:3096} INFO - Sync 1 DAGs
[2024-04-14T16:02:07.827-0600] {logging_mixin.py:188} INFO - [2024-04-14T16:02:07.827-0600] {dag.py:3954} INFO - Setting next_dagrun for tutorial_objectstorage to None, run_after=None
[2024-04-14T16:02:07.834-0600] {processor.py:183} INFO - Processing /Users/felipejimenez/Desktop/AirFlow/.env/lib/python3.9/site-packages/airflow/example_dags/tutorial_objectstorage.py took 0.094 seconds
[2024-04-14T16:03:47.133-0600] {processor.py:161} INFO - Started process (PID=5843) to work on /Users/felipejimenez/Desktop/AirFlow/.env/lib/python3.9/site-packages/airflow/example_dags/tutorial_objectstorage.py
[2024-04-14T16:03:47.135-0600] {processor.py:830} INFO - Processing file /Users/felipejimenez/Desktop/AirFlow/.env/lib/python3.9/site-packages/airflow/example_dags/tutorial_objectstorage.py for tasks to queue
[2024-04-14T16:03:47.135-0600] {logging_mixin.py:188} INFO - [2024-04-14T16:03:47.135-0600] {dagbag.py:540} INFO - Filling up the DagBag from /Users/felipejimenez/Desktop/AirFlow/.env/lib/python3.9/site-packages/airflow/example_dags/tutorial_objectstorage.py
[2024-04-14T16:03:47.157-0600] {processor.py:840} INFO - DAG(s) 'tutorial_objectstorage' retrieved from /Users/felipejimenez/Desktop/AirFlow/.env/lib/python3.9/site-packages/airflow/example_dags/tutorial_objectstorage.py
[2024-04-14T16:03:47.206-0600] {logging_mixin.py:188} INFO - [2024-04-14T16:03:47.206-0600] {dag.py:3096} INFO - Sync 1 DAGs
[2024-04-14T16:03:47.209-0600] {logging_mixin.py:188} INFO - [2024-04-14T16:03:47.209-0600] {dag.py:3954} INFO - Setting next_dagrun for tutorial_objectstorage to None, run_after=None
[2024-04-14T16:03:47.215-0600] {processor.py:183} INFO - Processing /Users/felipejimenez/Desktop/AirFlow/.env/lib/python3.9/site-packages/airflow/example_dags/tutorial_objectstorage.py took 0.083 seconds
[2024-04-14T16:05:00.278-0600] {processor.py:161} INFO - Started process (PID=5979) to work on /Users/felipejimenez/Desktop/AirFlow/.env/lib/python3.9/site-packages/airflow/example_dags/tutorial_objectstorage.py
[2024-04-14T16:05:00.279-0600] {processor.py:830} INFO - Processing file /Users/felipejimenez/Desktop/AirFlow/.env/lib/python3.9/site-packages/airflow/example_dags/tutorial_objectstorage.py for tasks to queue
[2024-04-14T16:05:00.279-0600] {logging_mixin.py:188} INFO - [2024-04-14T16:05:00.279-0600] {dagbag.py:540} INFO - Filling up the DagBag from /Users/felipejimenez/Desktop/AirFlow/.env/lib/python3.9/site-packages/airflow/example_dags/tutorial_objectstorage.py
[2024-04-14T16:05:00.306-0600] {processor.py:840} INFO - DAG(s) 'tutorial_objectstorage' retrieved from /Users/felipejimenez/Desktop/AirFlow/.env/lib/python3.9/site-packages/airflow/example_dags/tutorial_objectstorage.py
[2024-04-14T16:05:00.354-0600] {logging_mixin.py:188} INFO - [2024-04-14T16:05:00.354-0600] {dag.py:3096} INFO - Sync 1 DAGs
[2024-04-14T16:05:00.357-0600] {logging_mixin.py:188} INFO - [2024-04-14T16:05:00.357-0600] {dag.py:3954} INFO - Setting next_dagrun for tutorial_objectstorage to None, run_after=None
[2024-04-14T16:05:00.363-0600] {processor.py:183} INFO - Processing /Users/felipejimenez/Desktop/AirFlow/.env/lib/python3.9/site-packages/airflow/example_dags/tutorial_objectstorage.py took 0.086 seconds
[2024-04-14T16:05:47.343-0600] {processor.py:161} INFO - Started process (PID=6073) to work on /Users/felipejimenez/Desktop/AirFlow/.env/lib/python3.9/site-packages/airflow/example_dags/tutorial_objectstorage.py
[2024-04-14T16:05:47.344-0600] {processor.py:830} INFO - Processing file /Users/felipejimenez/Desktop/AirFlow/.env/lib/python3.9/site-packages/airflow/example_dags/tutorial_objectstorage.py for tasks to queue
[2024-04-14T16:05:47.345-0600] {logging_mixin.py:188} INFO - [2024-04-14T16:05:47.345-0600] {dagbag.py:540} INFO - Filling up the DagBag from /Users/felipejimenez/Desktop/AirFlow/.env/lib/python3.9/site-packages/airflow/example_dags/tutorial_objectstorage.py
[2024-04-14T16:05:47.367-0600] {processor.py:840} INFO - DAG(s) 'tutorial_objectstorage' retrieved from /Users/felipejimenez/Desktop/AirFlow/.env/lib/python3.9/site-packages/airflow/example_dags/tutorial_objectstorage.py
[2024-04-14T16:05:47.416-0600] {logging_mixin.py:188} INFO - [2024-04-14T16:05:47.416-0600] {dag.py:3096} INFO - Sync 1 DAGs
[2024-04-14T16:05:47.419-0600] {logging_mixin.py:188} INFO - [2024-04-14T16:05:47.419-0600] {dag.py:3954} INFO - Setting next_dagrun for tutorial_objectstorage to None, run_after=None
[2024-04-14T16:05:47.425-0600] {processor.py:183} INFO - Processing /Users/felipejimenez/Desktop/AirFlow/.env/lib/python3.9/site-packages/airflow/example_dags/tutorial_objectstorage.py took 0.083 seconds
[2024-04-14T16:06:32.759-0600] {processor.py:161} INFO - Started process (PID=6165) to work on /Users/felipejimenez/Desktop/AirFlow/.env/lib/python3.9/site-packages/airflow/example_dags/tutorial_objectstorage.py
[2024-04-14T16:06:32.761-0600] {processor.py:830} INFO - Processing file /Users/felipejimenez/Desktop/AirFlow/.env/lib/python3.9/site-packages/airflow/example_dags/tutorial_objectstorage.py for tasks to queue
[2024-04-14T16:06:32.761-0600] {logging_mixin.py:188} INFO - [2024-04-14T16:06:32.761-0600] {dagbag.py:540} INFO - Filling up the DagBag from /Users/felipejimenez/Desktop/AirFlow/.env/lib/python3.9/site-packages/airflow/example_dags/tutorial_objectstorage.py
[2024-04-14T16:06:32.797-0600] {processor.py:840} INFO - DAG(s) 'tutorial_objectstorage' retrieved from /Users/felipejimenez/Desktop/AirFlow/.env/lib/python3.9/site-packages/airflow/example_dags/tutorial_objectstorage.py
[2024-04-14T16:06:32.891-0600] {logging_mixin.py:188} INFO - [2024-04-14T16:06:32.891-0600] {dag.py:3096} INFO - Sync 1 DAGs
[2024-04-14T16:06:32.894-0600] {logging_mixin.py:188} INFO - [2024-04-14T16:06:32.894-0600] {dag.py:3954} INFO - Setting next_dagrun for tutorial_objectstorage to None, run_after=None
[2024-04-14T16:06:32.901-0600] {processor.py:183} INFO - Processing /Users/felipejimenez/Desktop/AirFlow/.env/lib/python3.9/site-packages/airflow/example_dags/tutorial_objectstorage.py took 0.143 seconds
