[2024-04-14T15:42:09.488-0600] {processor.py:161} INFO - Started process (PID=4066) to work on /Users/felipejimenez/Desktop/AirFlow/.env/lib/python3.9/site-packages/airflow/example_dags/tutorial_dag.py
[2024-04-14T15:42:09.489-0600] {processor.py:830} INFO - Processing file /Users/felipejimenez/Desktop/AirFlow/.env/lib/python3.9/site-packages/airflow/example_dags/tutorial_dag.py for tasks to queue
[2024-04-14T15:42:09.490-0600] {logging_mixin.py:188} INFO - [2024-04-14T15:42:09.490-0600] {dagbag.py:540} INFO - Filling up the DagBag from /Users/felipejimenez/Desktop/AirFlow/.env/lib/python3.9/site-packages/airflow/example_dags/tutorial_dag.py
[2024-04-14T15:42:09.498-0600] {processor.py:840} INFO - DAG(s) 'tutorial_dag' retrieved from /Users/felipejimenez/Desktop/AirFlow/.env/lib/python3.9/site-packages/airflow/example_dags/tutorial_dag.py
[2024-04-14T15:42:09.572-0600] {logging_mixin.py:188} INFO - [2024-04-14T15:42:09.572-0600] {override.py:1829} INFO - Created Permission View: can edit on DAG:tutorial_dag
[2024-04-14T15:42:09.574-0600] {logging_mixin.py:188} INFO - [2024-04-14T15:42:09.574-0600] {override.py:1829} INFO - Created Permission View: can delete on DAG:tutorial_dag
[2024-04-14T15:42:09.576-0600] {logging_mixin.py:188} INFO - [2024-04-14T15:42:09.576-0600] {override.py:1829} INFO - Created Permission View: can read on DAG:tutorial_dag
[2024-04-14T15:42:09.576-0600] {logging_mixin.py:188} INFO - [2024-04-14T15:42:09.576-0600] {dag.py:3096} INFO - Sync 1 DAGs
[2024-04-14T15:42:09.579-0600] {logging_mixin.py:188} INFO - [2024-04-14T15:42:09.579-0600] {dag.py:3118} INFO - Creating ORM DAG for tutorial_dag
[2024-04-14T15:42:09.579-0600] {logging_mixin.py:188} INFO - [2024-04-14T15:42:09.579-0600] {dag.py:3954} INFO - Setting next_dagrun for tutorial_dag to None, run_after=None
[2024-04-14T15:42:09.584-0600] {processor.py:183} INFO - Processing /Users/felipejimenez/Desktop/AirFlow/.env/lib/python3.9/site-packages/airflow/example_dags/tutorial_dag.py took 0.096 seconds
[2024-04-14T15:43:26.540-0600] {processor.py:161} INFO - Started process (PID=4166) to work on /Users/felipejimenez/Desktop/AirFlow/.env/lib/python3.9/site-packages/airflow/example_dags/tutorial_dag.py
[2024-04-14T15:43:26.542-0600] {processor.py:830} INFO - Processing file /Users/felipejimenez/Desktop/AirFlow/.env/lib/python3.9/site-packages/airflow/example_dags/tutorial_dag.py for tasks to queue
[2024-04-14T15:43:26.542-0600] {logging_mixin.py:188} INFO - [2024-04-14T15:43:26.542-0600] {dagbag.py:540} INFO - Filling up the DagBag from /Users/felipejimenez/Desktop/AirFlow/.env/lib/python3.9/site-packages/airflow/example_dags/tutorial_dag.py
[2024-04-14T15:43:26.551-0600] {processor.py:840} INFO - DAG(s) 'tutorial_dag' retrieved from /Users/felipejimenez/Desktop/AirFlow/.env/lib/python3.9/site-packages/airflow/example_dags/tutorial_dag.py
[2024-04-14T15:43:26.583-0600] {logging_mixin.py:188} INFO - [2024-04-14T15:43:26.583-0600] {dag.py:3096} INFO - Sync 1 DAGs
[2024-04-14T15:43:26.607-0600] {logging_mixin.py:188} INFO - [2024-04-14T15:43:26.607-0600] {dag.py:3954} INFO - Setting next_dagrun for tutorial_dag to None, run_after=None
[2024-04-14T15:43:26.614-0600] {processor.py:183} INFO - Processing /Users/felipejimenez/Desktop/AirFlow/.env/lib/python3.9/site-packages/airflow/example_dags/tutorial_dag.py took 0.075 seconds
[2024-04-14T15:44:53.681-0600] {processor.py:161} INFO - Started process (PID=4265) to work on /Users/felipejimenez/Desktop/AirFlow/.env/lib/python3.9/site-packages/airflow/example_dags/tutorial_dag.py
[2024-04-14T15:44:53.682-0600] {processor.py:830} INFO - Processing file /Users/felipejimenez/Desktop/AirFlow/.env/lib/python3.9/site-packages/airflow/example_dags/tutorial_dag.py for tasks to queue
[2024-04-14T15:44:53.683-0600] {logging_mixin.py:188} INFO - [2024-04-14T15:44:53.683-0600] {dagbag.py:540} INFO - Filling up the DagBag from /Users/felipejimenez/Desktop/AirFlow/.env/lib/python3.9/site-packages/airflow/example_dags/tutorial_dag.py
[2024-04-14T15:44:53.690-0600] {processor.py:840} INFO - DAG(s) 'tutorial_dag' retrieved from /Users/felipejimenez/Desktop/AirFlow/.env/lib/python3.9/site-packages/airflow/example_dags/tutorial_dag.py
[2024-04-14T15:44:53.721-0600] {logging_mixin.py:188} INFO - [2024-04-14T15:44:53.721-0600] {dag.py:3096} INFO - Sync 1 DAGs
[2024-04-14T15:44:53.740-0600] {logging_mixin.py:188} INFO - [2024-04-14T15:44:53.740-0600] {dag.py:3954} INFO - Setting next_dagrun for tutorial_dag to None, run_after=None
[2024-04-14T15:44:53.746-0600] {processor.py:183} INFO - Processing /Users/felipejimenez/Desktop/AirFlow/.env/lib/python3.9/site-packages/airflow/example_dags/tutorial_dag.py took 0.066 seconds
[2024-04-14T15:45:37.697-0600] {processor.py:161} INFO - Started process (PID=4321) to work on /Users/felipejimenez/Desktop/AirFlow/.env/lib/python3.9/site-packages/airflow/example_dags/tutorial_dag.py
[2024-04-14T15:45:37.699-0600] {processor.py:830} INFO - Processing file /Users/felipejimenez/Desktop/AirFlow/.env/lib/python3.9/site-packages/airflow/example_dags/tutorial_dag.py for tasks to queue
[2024-04-14T15:45:37.700-0600] {logging_mixin.py:188} INFO - [2024-04-14T15:45:37.699-0600] {dagbag.py:540} INFO - Filling up the DagBag from /Users/felipejimenez/Desktop/AirFlow/.env/lib/python3.9/site-packages/airflow/example_dags/tutorial_dag.py
[2024-04-14T15:45:37.708-0600] {processor.py:840} INFO - DAG(s) 'tutorial_dag' retrieved from /Users/felipejimenez/Desktop/AirFlow/.env/lib/python3.9/site-packages/airflow/example_dags/tutorial_dag.py
[2024-04-14T15:45:37.739-0600] {logging_mixin.py:188} INFO - [2024-04-14T15:45:37.739-0600] {dag.py:3096} INFO - Sync 1 DAGs
[2024-04-14T15:45:37.759-0600] {logging_mixin.py:188} INFO - [2024-04-14T15:45:37.758-0600] {dag.py:3954} INFO - Setting next_dagrun for tutorial_dag to None, run_after=None
[2024-04-14T15:45:37.765-0600] {processor.py:183} INFO - Processing /Users/felipejimenez/Desktop/AirFlow/.env/lib/python3.9/site-packages/airflow/example_dags/tutorial_dag.py took 0.068 seconds
[2024-04-14T15:47:02.427-0600] {processor.py:161} INFO - Started process (PID=4419) to work on /Users/felipejimenez/Desktop/AirFlow/.env/lib/python3.9/site-packages/airflow/example_dags/tutorial_dag.py
[2024-04-14T15:47:02.429-0600] {processor.py:830} INFO - Processing file /Users/felipejimenez/Desktop/AirFlow/.env/lib/python3.9/site-packages/airflow/example_dags/tutorial_dag.py for tasks to queue
[2024-04-14T15:47:02.429-0600] {logging_mixin.py:188} INFO - [2024-04-14T15:47:02.429-0600] {dagbag.py:540} INFO - Filling up the DagBag from /Users/felipejimenez/Desktop/AirFlow/.env/lib/python3.9/site-packages/airflow/example_dags/tutorial_dag.py
[2024-04-14T15:47:02.439-0600] {processor.py:840} INFO - DAG(s) 'tutorial_dag' retrieved from /Users/felipejimenez/Desktop/AirFlow/.env/lib/python3.9/site-packages/airflow/example_dags/tutorial_dag.py
[2024-04-14T15:47:02.475-0600] {logging_mixin.py:188} INFO - [2024-04-14T15:47:02.475-0600] {dag.py:3096} INFO - Sync 1 DAGs
[2024-04-14T15:47:02.499-0600] {logging_mixin.py:188} INFO - [2024-04-14T15:47:02.499-0600] {dag.py:3954} INFO - Setting next_dagrun for tutorial_dag to None, run_after=None
[2024-04-14T15:47:02.506-0600] {processor.py:183} INFO - Processing /Users/felipejimenez/Desktop/AirFlow/.env/lib/python3.9/site-packages/airflow/example_dags/tutorial_dag.py took 0.082 seconds
[2024-04-14T15:47:49.010-0600] {processor.py:161} INFO - Started process (PID=4475) to work on /Users/felipejimenez/Desktop/AirFlow/.env/lib/python3.9/site-packages/airflow/example_dags/tutorial_dag.py
[2024-04-14T15:47:49.012-0600] {processor.py:830} INFO - Processing file /Users/felipejimenez/Desktop/AirFlow/.env/lib/python3.9/site-packages/airflow/example_dags/tutorial_dag.py for tasks to queue
[2024-04-14T15:47:49.012-0600] {logging_mixin.py:188} INFO - [2024-04-14T15:47:49.012-0600] {dagbag.py:540} INFO - Filling up the DagBag from /Users/felipejimenez/Desktop/AirFlow/.env/lib/python3.9/site-packages/airflow/example_dags/tutorial_dag.py
[2024-04-14T15:47:49.020-0600] {processor.py:840} INFO - DAG(s) 'tutorial_dag' retrieved from /Users/felipejimenez/Desktop/AirFlow/.env/lib/python3.9/site-packages/airflow/example_dags/tutorial_dag.py
[2024-04-14T15:47:49.051-0600] {logging_mixin.py:188} INFO - [2024-04-14T15:47:49.051-0600] {dag.py:3096} INFO - Sync 1 DAGs
[2024-04-14T15:47:49.071-0600] {logging_mixin.py:188} INFO - [2024-04-14T15:47:49.071-0600] {dag.py:3954} INFO - Setting next_dagrun for tutorial_dag to None, run_after=None
[2024-04-14T15:47:49.077-0600] {processor.py:183} INFO - Processing /Users/felipejimenez/Desktop/AirFlow/.env/lib/python3.9/site-packages/airflow/example_dags/tutorial_dag.py took 0.068 seconds
[2024-04-14T15:48:35.056-0600] {processor.py:161} INFO - Started process (PID=4587) to work on /Users/felipejimenez/Desktop/AirFlow/.env/lib/python3.9/site-packages/airflow/example_dags/tutorial_dag.py
[2024-04-14T15:48:35.057-0600] {processor.py:830} INFO - Processing file /Users/felipejimenez/Desktop/AirFlow/.env/lib/python3.9/site-packages/airflow/example_dags/tutorial_dag.py for tasks to queue
[2024-04-14T15:48:35.057-0600] {logging_mixin.py:188} INFO - [2024-04-14T15:48:35.057-0600] {dagbag.py:540} INFO - Filling up the DagBag from /Users/felipejimenez/Desktop/AirFlow/.env/lib/python3.9/site-packages/airflow/example_dags/tutorial_dag.py
[2024-04-14T15:48:35.065-0600] {processor.py:840} INFO - DAG(s) 'tutorial_dag' retrieved from /Users/felipejimenez/Desktop/AirFlow/.env/lib/python3.9/site-packages/airflow/example_dags/tutorial_dag.py
[2024-04-14T15:48:35.096-0600] {logging_mixin.py:188} INFO - [2024-04-14T15:48:35.096-0600] {dag.py:3096} INFO - Sync 1 DAGs
[2024-04-14T15:48:35.116-0600] {logging_mixin.py:188} INFO - [2024-04-14T15:48:35.116-0600] {dag.py:3954} INFO - Setting next_dagrun for tutorial_dag to None, run_after=None
[2024-04-14T15:48:35.123-0600] {processor.py:183} INFO - Processing /Users/felipejimenez/Desktop/AirFlow/.env/lib/python3.9/site-packages/airflow/example_dags/tutorial_dag.py took 0.068 seconds
[2024-04-14T15:49:19.446-0600] {processor.py:161} INFO - Started process (PID=4649) to work on /Users/felipejimenez/Desktop/AirFlow/.env/lib/python3.9/site-packages/airflow/example_dags/tutorial_dag.py
[2024-04-14T15:49:19.448-0600] {processor.py:830} INFO - Processing file /Users/felipejimenez/Desktop/AirFlow/.env/lib/python3.9/site-packages/airflow/example_dags/tutorial_dag.py for tasks to queue
[2024-04-14T15:49:19.448-0600] {logging_mixin.py:188} INFO - [2024-04-14T15:49:19.448-0600] {dagbag.py:540} INFO - Filling up the DagBag from /Users/felipejimenez/Desktop/AirFlow/.env/lib/python3.9/site-packages/airflow/example_dags/tutorial_dag.py
[2024-04-14T15:49:19.457-0600] {processor.py:840} INFO - DAG(s) 'tutorial_dag' retrieved from /Users/felipejimenez/Desktop/AirFlow/.env/lib/python3.9/site-packages/airflow/example_dags/tutorial_dag.py
[2024-04-14T15:49:19.488-0600] {logging_mixin.py:188} INFO - [2024-04-14T15:49:19.488-0600] {dag.py:3096} INFO - Sync 1 DAGs
[2024-04-14T15:49:19.508-0600] {logging_mixin.py:188} INFO - [2024-04-14T15:49:19.508-0600] {dag.py:3954} INFO - Setting next_dagrun for tutorial_dag to None, run_after=None
[2024-04-14T15:49:19.514-0600] {processor.py:183} INFO - Processing /Users/felipejimenez/Desktop/AirFlow/.env/lib/python3.9/site-packages/airflow/example_dags/tutorial_dag.py took 0.069 seconds
[2024-04-14T15:50:02.342-0600] {processor.py:161} INFO - Started process (PID=4704) to work on /Users/felipejimenez/Desktop/AirFlow/.env/lib/python3.9/site-packages/airflow/example_dags/tutorial_dag.py
[2024-04-14T15:50:02.344-0600] {processor.py:830} INFO - Processing file /Users/felipejimenez/Desktop/AirFlow/.env/lib/python3.9/site-packages/airflow/example_dags/tutorial_dag.py for tasks to queue
[2024-04-14T15:50:02.344-0600] {logging_mixin.py:188} INFO - [2024-04-14T15:50:02.344-0600] {dagbag.py:540} INFO - Filling up the DagBag from /Users/felipejimenez/Desktop/AirFlow/.env/lib/python3.9/site-packages/airflow/example_dags/tutorial_dag.py
[2024-04-14T15:50:02.352-0600] {processor.py:840} INFO - DAG(s) 'tutorial_dag' retrieved from /Users/felipejimenez/Desktop/AirFlow/.env/lib/python3.9/site-packages/airflow/example_dags/tutorial_dag.py
[2024-04-14T15:50:02.386-0600] {logging_mixin.py:188} INFO - [2024-04-14T15:50:02.385-0600] {dag.py:3096} INFO - Sync 1 DAGs
[2024-04-14T15:50:02.407-0600] {logging_mixin.py:188} INFO - [2024-04-14T15:50:02.407-0600] {dag.py:3954} INFO - Setting next_dagrun for tutorial_dag to None, run_after=None
[2024-04-14T15:50:02.413-0600] {processor.py:183} INFO - Processing /Users/felipejimenez/Desktop/AirFlow/.env/lib/python3.9/site-packages/airflow/example_dags/tutorial_dag.py took 0.072 seconds
[2024-04-14T15:50:46.870-0600] {processor.py:161} INFO - Started process (PID=4753) to work on /Users/felipejimenez/Desktop/AirFlow/.env/lib/python3.9/site-packages/airflow/example_dags/tutorial_dag.py
[2024-04-14T15:50:46.872-0600] {processor.py:830} INFO - Processing file /Users/felipejimenez/Desktop/AirFlow/.env/lib/python3.9/site-packages/airflow/example_dags/tutorial_dag.py for tasks to queue
[2024-04-14T15:50:46.872-0600] {logging_mixin.py:188} INFO - [2024-04-14T15:50:46.872-0600] {dagbag.py:540} INFO - Filling up the DagBag from /Users/felipejimenez/Desktop/AirFlow/.env/lib/python3.9/site-packages/airflow/example_dags/tutorial_dag.py
[2024-04-14T15:50:46.880-0600] {processor.py:840} INFO - DAG(s) 'tutorial_dag' retrieved from /Users/felipejimenez/Desktop/AirFlow/.env/lib/python3.9/site-packages/airflow/example_dags/tutorial_dag.py
[2024-04-14T15:50:46.913-0600] {logging_mixin.py:188} INFO - [2024-04-14T15:50:46.912-0600] {dag.py:3096} INFO - Sync 1 DAGs
[2024-04-14T15:50:46.939-0600] {logging_mixin.py:188} INFO - [2024-04-14T15:50:46.938-0600] {dag.py:3954} INFO - Setting next_dagrun for tutorial_dag to None, run_after=None
[2024-04-14T15:50:46.945-0600] {processor.py:183} INFO - Processing /Users/felipejimenez/Desktop/AirFlow/.env/lib/python3.9/site-packages/airflow/example_dags/tutorial_dag.py took 0.076 seconds
[2024-04-14T15:51:32.321-0600] {processor.py:161} INFO - Started process (PID=4803) to work on /Users/felipejimenez/Desktop/AirFlow/.env/lib/python3.9/site-packages/airflow/example_dags/tutorial_dag.py
[2024-04-14T15:51:32.322-0600] {processor.py:830} INFO - Processing file /Users/felipejimenez/Desktop/AirFlow/.env/lib/python3.9/site-packages/airflow/example_dags/tutorial_dag.py for tasks to queue
[2024-04-14T15:51:32.322-0600] {logging_mixin.py:188} INFO - [2024-04-14T15:51:32.322-0600] {dagbag.py:540} INFO - Filling up the DagBag from /Users/felipejimenez/Desktop/AirFlow/.env/lib/python3.9/site-packages/airflow/example_dags/tutorial_dag.py
[2024-04-14T15:51:32.331-0600] {processor.py:840} INFO - DAG(s) 'tutorial_dag' retrieved from /Users/felipejimenez/Desktop/AirFlow/.env/lib/python3.9/site-packages/airflow/example_dags/tutorial_dag.py
[2024-04-14T15:51:32.362-0600] {logging_mixin.py:188} INFO - [2024-04-14T15:51:32.362-0600] {dag.py:3096} INFO - Sync 1 DAGs
[2024-04-14T15:51:32.382-0600] {logging_mixin.py:188} INFO - [2024-04-14T15:51:32.382-0600] {dag.py:3954} INFO - Setting next_dagrun for tutorial_dag to None, run_after=None
[2024-04-14T15:51:32.388-0600] {processor.py:183} INFO - Processing /Users/felipejimenez/Desktop/AirFlow/.env/lib/python3.9/site-packages/airflow/example_dags/tutorial_dag.py took 0.069 seconds
[2024-04-14T15:52:17.957-0600] {processor.py:161} INFO - Started process (PID=4872) to work on /Users/felipejimenez/Desktop/AirFlow/.env/lib/python3.9/site-packages/airflow/example_dags/tutorial_dag.py
[2024-04-14T15:52:17.959-0600] {processor.py:830} INFO - Processing file /Users/felipejimenez/Desktop/AirFlow/.env/lib/python3.9/site-packages/airflow/example_dags/tutorial_dag.py for tasks to queue
[2024-04-14T15:52:17.959-0600] {logging_mixin.py:188} INFO - [2024-04-14T15:52:17.959-0600] {dagbag.py:540} INFO - Filling up the DagBag from /Users/felipejimenez/Desktop/AirFlow/.env/lib/python3.9/site-packages/airflow/example_dags/tutorial_dag.py
[2024-04-14T15:52:17.967-0600] {processor.py:840} INFO - DAG(s) 'tutorial_dag' retrieved from /Users/felipejimenez/Desktop/AirFlow/.env/lib/python3.9/site-packages/airflow/example_dags/tutorial_dag.py
[2024-04-14T15:52:17.998-0600] {logging_mixin.py:188} INFO - [2024-04-14T15:52:17.998-0600] {dag.py:3096} INFO - Sync 1 DAGs
[2024-04-14T15:52:18.018-0600] {logging_mixin.py:188} INFO - [2024-04-14T15:52:18.018-0600] {dag.py:3954} INFO - Setting next_dagrun for tutorial_dag to None, run_after=None
[2024-04-14T15:52:18.024-0600] {processor.py:183} INFO - Processing /Users/felipejimenez/Desktop/AirFlow/.env/lib/python3.9/site-packages/airflow/example_dags/tutorial_dag.py took 0.068 seconds
[2024-04-14T15:53:42.260-0600] {processor.py:161} INFO - Started process (PID=5020) to work on /Users/felipejimenez/Desktop/AirFlow/.env/lib/python3.9/site-packages/airflow/example_dags/tutorial_dag.py
[2024-04-14T15:53:42.262-0600] {processor.py:830} INFO - Processing file /Users/felipejimenez/Desktop/AirFlow/.env/lib/python3.9/site-packages/airflow/example_dags/tutorial_dag.py for tasks to queue
[2024-04-14T15:53:42.262-0600] {logging_mixin.py:188} INFO - [2024-04-14T15:53:42.262-0600] {dagbag.py:540} INFO - Filling up the DagBag from /Users/felipejimenez/Desktop/AirFlow/.env/lib/python3.9/site-packages/airflow/example_dags/tutorial_dag.py
[2024-04-14T15:53:42.270-0600] {processor.py:840} INFO - DAG(s) 'tutorial_dag' retrieved from /Users/felipejimenez/Desktop/AirFlow/.env/lib/python3.9/site-packages/airflow/example_dags/tutorial_dag.py
[2024-04-14T15:53:42.301-0600] {logging_mixin.py:188} INFO - [2024-04-14T15:53:42.301-0600] {dag.py:3096} INFO - Sync 1 DAGs
[2024-04-14T15:53:42.322-0600] {logging_mixin.py:188} INFO - [2024-04-14T15:53:42.322-0600] {dag.py:3954} INFO - Setting next_dagrun for tutorial_dag to None, run_after=None
[2024-04-14T15:53:42.328-0600] {processor.py:183} INFO - Processing /Users/felipejimenez/Desktop/AirFlow/.env/lib/python3.9/site-packages/airflow/example_dags/tutorial_dag.py took 0.069 seconds
[2024-04-14T15:54:26.845-0600] {processor.py:161} INFO - Started process (PID=5071) to work on /Users/felipejimenez/Desktop/AirFlow/.env/lib/python3.9/site-packages/airflow/example_dags/tutorial_dag.py
[2024-04-14T15:54:26.846-0600] {processor.py:830} INFO - Processing file /Users/felipejimenez/Desktop/AirFlow/.env/lib/python3.9/site-packages/airflow/example_dags/tutorial_dag.py for tasks to queue
[2024-04-14T15:54:26.847-0600] {logging_mixin.py:188} INFO - [2024-04-14T15:54:26.847-0600] {dagbag.py:540} INFO - Filling up the DagBag from /Users/felipejimenez/Desktop/AirFlow/.env/lib/python3.9/site-packages/airflow/example_dags/tutorial_dag.py
[2024-04-14T15:54:26.854-0600] {processor.py:840} INFO - DAG(s) 'tutorial_dag' retrieved from /Users/felipejimenez/Desktop/AirFlow/.env/lib/python3.9/site-packages/airflow/example_dags/tutorial_dag.py
[2024-04-14T15:54:26.886-0600] {logging_mixin.py:188} INFO - [2024-04-14T15:54:26.886-0600] {dag.py:3096} INFO - Sync 1 DAGs
[2024-04-14T15:54:26.907-0600] {logging_mixin.py:188} INFO - [2024-04-14T15:54:26.907-0600] {dag.py:3954} INFO - Setting next_dagrun for tutorial_dag to None, run_after=None
[2024-04-14T15:54:26.913-0600] {processor.py:183} INFO - Processing /Users/felipejimenez/Desktop/AirFlow/.env/lib/python3.9/site-packages/airflow/example_dags/tutorial_dag.py took 0.069 seconds
[2024-04-14T15:55:50.713-0600] {processor.py:161} INFO - Started process (PID=5183) to work on /Users/felipejimenez/Desktop/AirFlow/.env/lib/python3.9/site-packages/airflow/example_dags/tutorial_dag.py
[2024-04-14T15:55:50.714-0600] {processor.py:830} INFO - Processing file /Users/felipejimenez/Desktop/AirFlow/.env/lib/python3.9/site-packages/airflow/example_dags/tutorial_dag.py for tasks to queue
[2024-04-14T15:55:50.714-0600] {logging_mixin.py:188} INFO - [2024-04-14T15:55:50.714-0600] {dagbag.py:540} INFO - Filling up the DagBag from /Users/felipejimenez/Desktop/AirFlow/.env/lib/python3.9/site-packages/airflow/example_dags/tutorial_dag.py
[2024-04-14T15:55:50.722-0600] {processor.py:840} INFO - DAG(s) 'tutorial_dag' retrieved from /Users/felipejimenez/Desktop/AirFlow/.env/lib/python3.9/site-packages/airflow/example_dags/tutorial_dag.py
[2024-04-14T15:55:50.754-0600] {logging_mixin.py:188} INFO - [2024-04-14T15:55:50.754-0600] {dag.py:3096} INFO - Sync 1 DAGs
[2024-04-14T15:55:50.774-0600] {logging_mixin.py:188} INFO - [2024-04-14T15:55:50.774-0600] {dag.py:3954} INFO - Setting next_dagrun for tutorial_dag to None, run_after=None
[2024-04-14T15:55:50.780-0600] {processor.py:183} INFO - Processing /Users/felipejimenez/Desktop/AirFlow/.env/lib/python3.9/site-packages/airflow/example_dags/tutorial_dag.py took 0.069 seconds
[2024-04-14T15:57:03.841-0600] {processor.py:161} INFO - Started process (PID=5291) to work on /Users/felipejimenez/Desktop/AirFlow/.env/lib/python3.9/site-packages/airflow/example_dags/tutorial_dag.py
[2024-04-14T15:57:03.842-0600] {processor.py:830} INFO - Processing file /Users/felipejimenez/Desktop/AirFlow/.env/lib/python3.9/site-packages/airflow/example_dags/tutorial_dag.py for tasks to queue
[2024-04-14T15:57:03.842-0600] {logging_mixin.py:188} INFO - [2024-04-14T15:57:03.842-0600] {dagbag.py:540} INFO - Filling up the DagBag from /Users/felipejimenez/Desktop/AirFlow/.env/lib/python3.9/site-packages/airflow/example_dags/tutorial_dag.py
[2024-04-14T15:57:03.851-0600] {processor.py:840} INFO - DAG(s) 'tutorial_dag' retrieved from /Users/felipejimenez/Desktop/AirFlow/.env/lib/python3.9/site-packages/airflow/example_dags/tutorial_dag.py
[2024-04-14T15:57:03.882-0600] {logging_mixin.py:188} INFO - [2024-04-14T15:57:03.882-0600] {dag.py:3096} INFO - Sync 1 DAGs
[2024-04-14T15:57:03.902-0600] {logging_mixin.py:188} INFO - [2024-04-14T15:57:03.902-0600] {dag.py:3954} INFO - Setting next_dagrun for tutorial_dag to None, run_after=None
[2024-04-14T15:57:03.908-0600] {processor.py:183} INFO - Processing /Users/felipejimenez/Desktop/AirFlow/.env/lib/python3.9/site-packages/airflow/example_dags/tutorial_dag.py took 0.069 seconds
[2024-04-14T15:58:31.174-0600] {processor.py:161} INFO - Started process (PID=5445) to work on /Users/felipejimenez/Desktop/AirFlow/.env/lib/python3.9/site-packages/airflow/example_dags/tutorial_dag.py
[2024-04-14T15:58:31.176-0600] {processor.py:830} INFO - Processing file /Users/felipejimenez/Desktop/AirFlow/.env/lib/python3.9/site-packages/airflow/example_dags/tutorial_dag.py for tasks to queue
[2024-04-14T15:58:31.176-0600] {logging_mixin.py:188} INFO - [2024-04-14T15:58:31.176-0600] {dagbag.py:540} INFO - Filling up the DagBag from /Users/felipejimenez/Desktop/AirFlow/.env/lib/python3.9/site-packages/airflow/example_dags/tutorial_dag.py
[2024-04-14T15:58:31.184-0600] {processor.py:840} INFO - DAG(s) 'tutorial_dag' retrieved from /Users/felipejimenez/Desktop/AirFlow/.env/lib/python3.9/site-packages/airflow/example_dags/tutorial_dag.py
[2024-04-14T15:58:31.216-0600] {logging_mixin.py:188} INFO - [2024-04-14T15:58:31.216-0600] {dag.py:3096} INFO - Sync 1 DAGs
[2024-04-14T15:58:31.236-0600] {logging_mixin.py:188} INFO - [2024-04-14T15:58:31.236-0600] {dag.py:3954} INFO - Setting next_dagrun for tutorial_dag to None, run_after=None
[2024-04-14T15:58:31.242-0600] {processor.py:183} INFO - Processing /Users/felipejimenez/Desktop/AirFlow/.env/lib/python3.9/site-packages/airflow/example_dags/tutorial_dag.py took 0.068 seconds
[2024-04-14T15:59:16.133-0600] {processor.py:161} INFO - Started process (PID=5497) to work on /Users/felipejimenez/Desktop/AirFlow/.env/lib/python3.9/site-packages/airflow/example_dags/tutorial_dag.py
[2024-04-14T15:59:16.135-0600] {processor.py:830} INFO - Processing file /Users/felipejimenez/Desktop/AirFlow/.env/lib/python3.9/site-packages/airflow/example_dags/tutorial_dag.py for tasks to queue
[2024-04-14T15:59:16.135-0600] {logging_mixin.py:188} INFO - [2024-04-14T15:59:16.135-0600] {dagbag.py:540} INFO - Filling up the DagBag from /Users/felipejimenez/Desktop/AirFlow/.env/lib/python3.9/site-packages/airflow/example_dags/tutorial_dag.py
[2024-04-14T15:59:16.143-0600] {processor.py:840} INFO - DAG(s) 'tutorial_dag' retrieved from /Users/felipejimenez/Desktop/AirFlow/.env/lib/python3.9/site-packages/airflow/example_dags/tutorial_dag.py
[2024-04-14T15:59:16.174-0600] {logging_mixin.py:188} INFO - [2024-04-14T15:59:16.174-0600] {dag.py:3096} INFO - Sync 1 DAGs
[2024-04-14T15:59:16.195-0600] {logging_mixin.py:188} INFO - [2024-04-14T15:59:16.194-0600] {dag.py:3954} INFO - Setting next_dagrun for tutorial_dag to None, run_after=None
[2024-04-14T15:59:16.200-0600] {processor.py:183} INFO - Processing /Users/felipejimenez/Desktop/AirFlow/.env/lib/python3.9/site-packages/airflow/example_dags/tutorial_dag.py took 0.069 seconds
[2024-04-14T15:59:59.895-0600] {processor.py:161} INFO - Started process (PID=5546) to work on /Users/felipejimenez/Desktop/AirFlow/.env/lib/python3.9/site-packages/airflow/example_dags/tutorial_dag.py
[2024-04-14T15:59:59.897-0600] {processor.py:830} INFO - Processing file /Users/felipejimenez/Desktop/AirFlow/.env/lib/python3.9/site-packages/airflow/example_dags/tutorial_dag.py for tasks to queue
[2024-04-14T15:59:59.897-0600] {logging_mixin.py:188} INFO - [2024-04-14T15:59:59.897-0600] {dagbag.py:540} INFO - Filling up the DagBag from /Users/felipejimenez/Desktop/AirFlow/.env/lib/python3.9/site-packages/airflow/example_dags/tutorial_dag.py
[2024-04-14T15:59:59.905-0600] {processor.py:840} INFO - DAG(s) 'tutorial_dag' retrieved from /Users/felipejimenez/Desktop/AirFlow/.env/lib/python3.9/site-packages/airflow/example_dags/tutorial_dag.py
[2024-04-14T15:59:59.937-0600] {logging_mixin.py:188} INFO - [2024-04-14T15:59:59.937-0600] {dag.py:3096} INFO - Sync 1 DAGs
[2024-04-14T15:59:59.958-0600] {logging_mixin.py:188} INFO - [2024-04-14T15:59:59.957-0600] {dag.py:3954} INFO - Setting next_dagrun for tutorial_dag to None, run_after=None
[2024-04-14T15:59:59.964-0600] {processor.py:183} INFO - Processing /Users/felipejimenez/Desktop/AirFlow/.env/lib/python3.9/site-packages/airflow/example_dags/tutorial_dag.py took 0.070 seconds
[2024-04-14T16:00:43.261-0600] {processor.py:161} INFO - Started process (PID=5595) to work on /Users/felipejimenez/Desktop/AirFlow/.env/lib/python3.9/site-packages/airflow/example_dags/tutorial_dag.py
[2024-04-14T16:00:43.262-0600] {processor.py:830} INFO - Processing file /Users/felipejimenez/Desktop/AirFlow/.env/lib/python3.9/site-packages/airflow/example_dags/tutorial_dag.py for tasks to queue
[2024-04-14T16:00:43.263-0600] {logging_mixin.py:188} INFO - [2024-04-14T16:00:43.263-0600] {dagbag.py:540} INFO - Filling up the DagBag from /Users/felipejimenez/Desktop/AirFlow/.env/lib/python3.9/site-packages/airflow/example_dags/tutorial_dag.py
[2024-04-14T16:00:43.270-0600] {processor.py:840} INFO - DAG(s) 'tutorial_dag' retrieved from /Users/felipejimenez/Desktop/AirFlow/.env/lib/python3.9/site-packages/airflow/example_dags/tutorial_dag.py
[2024-04-14T16:00:43.302-0600] {logging_mixin.py:188} INFO - [2024-04-14T16:00:43.301-0600] {dag.py:3096} INFO - Sync 1 DAGs
[2024-04-14T16:00:43.321-0600] {logging_mixin.py:188} INFO - [2024-04-14T16:00:43.321-0600] {dag.py:3954} INFO - Setting next_dagrun for tutorial_dag to None, run_after=None
[2024-04-14T16:00:43.327-0600] {processor.py:183} INFO - Processing /Users/felipejimenez/Desktop/AirFlow/.env/lib/python3.9/site-packages/airflow/example_dags/tutorial_dag.py took 0.067 seconds
[2024-04-14T16:02:09.416-0600] {processor.py:161} INFO - Started process (PID=5692) to work on /Users/felipejimenez/Desktop/AirFlow/.env/lib/python3.9/site-packages/airflow/example_dags/tutorial_dag.py
[2024-04-14T16:02:09.418-0600] {processor.py:830} INFO - Processing file /Users/felipejimenez/Desktop/AirFlow/.env/lib/python3.9/site-packages/airflow/example_dags/tutorial_dag.py for tasks to queue
[2024-04-14T16:02:09.418-0600] {logging_mixin.py:188} INFO - [2024-04-14T16:02:09.418-0600] {dagbag.py:540} INFO - Filling up the DagBag from /Users/felipejimenez/Desktop/AirFlow/.env/lib/python3.9/site-packages/airflow/example_dags/tutorial_dag.py
[2024-04-14T16:02:09.426-0600] {processor.py:840} INFO - DAG(s) 'tutorial_dag' retrieved from /Users/felipejimenez/Desktop/AirFlow/.env/lib/python3.9/site-packages/airflow/example_dags/tutorial_dag.py
[2024-04-14T16:02:09.458-0600] {logging_mixin.py:188} INFO - [2024-04-14T16:02:09.458-0600] {dag.py:3096} INFO - Sync 1 DAGs
[2024-04-14T16:02:09.480-0600] {logging_mixin.py:188} INFO - [2024-04-14T16:02:09.480-0600] {dag.py:3954} INFO - Setting next_dagrun for tutorial_dag to None, run_after=None
[2024-04-14T16:02:09.486-0600] {processor.py:183} INFO - Processing /Users/felipejimenez/Desktop/AirFlow/.env/lib/python3.9/site-packages/airflow/example_dags/tutorial_dag.py took 0.072 seconds
[2024-04-14T16:03:48.776-0600] {processor.py:161} INFO - Started process (PID=5845) to work on /Users/felipejimenez/Desktop/AirFlow/.env/lib/python3.9/site-packages/airflow/example_dags/tutorial_dag.py
[2024-04-14T16:03:48.778-0600] {processor.py:830} INFO - Processing file /Users/felipejimenez/Desktop/AirFlow/.env/lib/python3.9/site-packages/airflow/example_dags/tutorial_dag.py for tasks to queue
[2024-04-14T16:03:48.778-0600] {logging_mixin.py:188} INFO - [2024-04-14T16:03:48.778-0600] {dagbag.py:540} INFO - Filling up the DagBag from /Users/felipejimenez/Desktop/AirFlow/.env/lib/python3.9/site-packages/airflow/example_dags/tutorial_dag.py
[2024-04-14T16:03:48.788-0600] {processor.py:840} INFO - DAG(s) 'tutorial_dag' retrieved from /Users/felipejimenez/Desktop/AirFlow/.env/lib/python3.9/site-packages/airflow/example_dags/tutorial_dag.py
[2024-04-14T16:03:48.820-0600] {logging_mixin.py:188} INFO - [2024-04-14T16:03:48.819-0600] {dag.py:3096} INFO - Sync 1 DAGs
[2024-04-14T16:03:48.841-0600] {logging_mixin.py:188} INFO - [2024-04-14T16:03:48.841-0600] {dag.py:3954} INFO - Setting next_dagrun for tutorial_dag to None, run_after=None
[2024-04-14T16:03:48.848-0600] {processor.py:183} INFO - Processing /Users/felipejimenez/Desktop/AirFlow/.env/lib/python3.9/site-packages/airflow/example_dags/tutorial_dag.py took 0.073 seconds
[2024-04-14T16:05:01.960-0600] {processor.py:161} INFO - Started process (PID=5982) to work on /Users/felipejimenez/Desktop/AirFlow/.env/lib/python3.9/site-packages/airflow/example_dags/tutorial_dag.py
[2024-04-14T16:05:01.962-0600] {processor.py:830} INFO - Processing file /Users/felipejimenez/Desktop/AirFlow/.env/lib/python3.9/site-packages/airflow/example_dags/tutorial_dag.py for tasks to queue
[2024-04-14T16:05:01.962-0600] {logging_mixin.py:188} INFO - [2024-04-14T16:05:01.962-0600] {dagbag.py:540} INFO - Filling up the DagBag from /Users/felipejimenez/Desktop/AirFlow/.env/lib/python3.9/site-packages/airflow/example_dags/tutorial_dag.py
[2024-04-14T16:05:01.970-0600] {processor.py:840} INFO - DAG(s) 'tutorial_dag' retrieved from /Users/felipejimenez/Desktop/AirFlow/.env/lib/python3.9/site-packages/airflow/example_dags/tutorial_dag.py
[2024-04-14T16:05:02.002-0600] {logging_mixin.py:188} INFO - [2024-04-14T16:05:02.002-0600] {dag.py:3096} INFO - Sync 1 DAGs
[2024-04-14T16:05:02.021-0600] {logging_mixin.py:188} INFO - [2024-04-14T16:05:02.021-0600] {dag.py:3954} INFO - Setting next_dagrun for tutorial_dag to None, run_after=None
[2024-04-14T16:05:02.027-0600] {processor.py:183} INFO - Processing /Users/felipejimenez/Desktop/AirFlow/.env/lib/python3.9/site-packages/airflow/example_dags/tutorial_dag.py took 0.068 seconds
[2024-04-14T16:05:48.967-0600] {processor.py:161} INFO - Started process (PID=6076) to work on /Users/felipejimenez/Desktop/AirFlow/.env/lib/python3.9/site-packages/airflow/example_dags/tutorial_dag.py
[2024-04-14T16:05:48.968-0600] {processor.py:830} INFO - Processing file /Users/felipejimenez/Desktop/AirFlow/.env/lib/python3.9/site-packages/airflow/example_dags/tutorial_dag.py for tasks to queue
[2024-04-14T16:05:48.968-0600] {logging_mixin.py:188} INFO - [2024-04-14T16:05:48.968-0600] {dagbag.py:540} INFO - Filling up the DagBag from /Users/felipejimenez/Desktop/AirFlow/.env/lib/python3.9/site-packages/airflow/example_dags/tutorial_dag.py
[2024-04-14T16:05:48.977-0600] {processor.py:840} INFO - DAG(s) 'tutorial_dag' retrieved from /Users/felipejimenez/Desktop/AirFlow/.env/lib/python3.9/site-packages/airflow/example_dags/tutorial_dag.py
[2024-04-14T16:05:49.010-0600] {logging_mixin.py:188} INFO - [2024-04-14T16:05:49.010-0600] {dag.py:3096} INFO - Sync 1 DAGs
[2024-04-14T16:05:49.030-0600] {logging_mixin.py:188} INFO - [2024-04-14T16:05:49.030-0600] {dag.py:3954} INFO - Setting next_dagrun for tutorial_dag to None, run_after=None
[2024-04-14T16:05:49.037-0600] {processor.py:183} INFO - Processing /Users/felipejimenez/Desktop/AirFlow/.env/lib/python3.9/site-packages/airflow/example_dags/tutorial_dag.py took 0.071 seconds
