[2024-04-14T15:42:06.105-0600] {processor.py:161} INFO - Started process (PID=4064) to work on /Users/felipejimenez/Desktop/AirFlow/.env/lib/python3.9/site-packages/airflow/example_dags/tutorial_taskflow_api.py
[2024-04-14T15:42:06.106-0600] {processor.py:830} INFO - Processing file /Users/felipejimenez/Desktop/AirFlow/.env/lib/python3.9/site-packages/airflow/example_dags/tutorial_taskflow_api.py for tasks to queue
[2024-04-14T15:42:06.106-0600] {logging_mixin.py:188} INFO - [2024-04-14T15:42:06.106-0600] {dagbag.py:540} INFO - Filling up the DagBag from /Users/felipejimenez/Desktop/AirFlow/.env/lib/python3.9/site-packages/airflow/example_dags/tutorial_taskflow_api.py
[2024-04-14T15:42:06.119-0600] {processor.py:840} INFO - DAG(s) 'tutorial_taskflow_api' retrieved from /Users/felipejimenez/Desktop/AirFlow/.env/lib/python3.9/site-packages/airflow/example_dags/tutorial_taskflow_api.py
[2024-04-14T15:42:06.197-0600] {logging_mixin.py:188} INFO - [2024-04-14T15:42:06.197-0600] {override.py:1829} INFO - Created Permission View: can edit on DAG:tutorial_taskflow_api
[2024-04-14T15:42:06.200-0600] {logging_mixin.py:188} INFO - [2024-04-14T15:42:06.200-0600] {override.py:1829} INFO - Created Permission View: can delete on DAG:tutorial_taskflow_api
[2024-04-14T15:42:06.201-0600] {logging_mixin.py:188} INFO - [2024-04-14T15:42:06.201-0600] {override.py:1829} INFO - Created Permission View: can read on DAG:tutorial_taskflow_api
[2024-04-14T15:42:06.201-0600] {logging_mixin.py:188} INFO - [2024-04-14T15:42:06.201-0600] {dag.py:3096} INFO - Sync 1 DAGs
[2024-04-14T15:42:06.204-0600] {logging_mixin.py:188} INFO - [2024-04-14T15:42:06.204-0600] {dag.py:3118} INFO - Creating ORM DAG for tutorial_taskflow_api
[2024-04-14T15:42:06.205-0600] {logging_mixin.py:188} INFO - [2024-04-14T15:42:06.204-0600] {dag.py:3954} INFO - Setting next_dagrun for tutorial_taskflow_api to None, run_after=None
[2024-04-14T15:42:06.210-0600] {processor.py:183} INFO - Processing /Users/felipejimenez/Desktop/AirFlow/.env/lib/python3.9/site-packages/airflow/example_dags/tutorial_taskflow_api.py took 0.106 seconds
[2024-04-14T15:43:23.244-0600] {processor.py:161} INFO - Started process (PID=4162) to work on /Users/felipejimenez/Desktop/AirFlow/.env/lib/python3.9/site-packages/airflow/example_dags/tutorial_taskflow_api.py
[2024-04-14T15:43:23.246-0600] {processor.py:830} INFO - Processing file /Users/felipejimenez/Desktop/AirFlow/.env/lib/python3.9/site-packages/airflow/example_dags/tutorial_taskflow_api.py for tasks to queue
[2024-04-14T15:43:23.246-0600] {logging_mixin.py:188} INFO - [2024-04-14T15:43:23.246-0600] {dagbag.py:540} INFO - Filling up the DagBag from /Users/felipejimenez/Desktop/AirFlow/.env/lib/python3.9/site-packages/airflow/example_dags/tutorial_taskflow_api.py
[2024-04-14T15:43:23.258-0600] {processor.py:840} INFO - DAG(s) 'tutorial_taskflow_api' retrieved from /Users/felipejimenez/Desktop/AirFlow/.env/lib/python3.9/site-packages/airflow/example_dags/tutorial_taskflow_api.py
[2024-04-14T15:43:23.289-0600] {logging_mixin.py:188} INFO - [2024-04-14T15:43:23.288-0600] {dag.py:3096} INFO - Sync 1 DAGs
[2024-04-14T15:43:23.308-0600] {logging_mixin.py:188} INFO - [2024-04-14T15:43:23.308-0600] {dag.py:3954} INFO - Setting next_dagrun for tutorial_taskflow_api to None, run_after=None
[2024-04-14T15:43:23.314-0600] {processor.py:183} INFO - Processing /Users/felipejimenez/Desktop/AirFlow/.env/lib/python3.9/site-packages/airflow/example_dags/tutorial_taskflow_api.py took 0.071 seconds
[2024-04-14T15:44:06.543-0600] {processor.py:161} INFO - Started process (PID=4213) to work on /Users/felipejimenez/Desktop/AirFlow/.env/lib/python3.9/site-packages/airflow/example_dags/tutorial_taskflow_api.py
[2024-04-14T15:44:06.544-0600] {processor.py:830} INFO - Processing file /Users/felipejimenez/Desktop/AirFlow/.env/lib/python3.9/site-packages/airflow/example_dags/tutorial_taskflow_api.py for tasks to queue
[2024-04-14T15:44:06.544-0600] {logging_mixin.py:188} INFO - [2024-04-14T15:44:06.544-0600] {dagbag.py:540} INFO - Filling up the DagBag from /Users/felipejimenez/Desktop/AirFlow/.env/lib/python3.9/site-packages/airflow/example_dags/tutorial_taskflow_api.py
[2024-04-14T15:44:06.557-0600] {processor.py:840} INFO - DAG(s) 'tutorial_taskflow_api' retrieved from /Users/felipejimenez/Desktop/AirFlow/.env/lib/python3.9/site-packages/airflow/example_dags/tutorial_taskflow_api.py
[2024-04-14T15:44:06.587-0600] {logging_mixin.py:188} INFO - [2024-04-14T15:44:06.587-0600] {dag.py:3096} INFO - Sync 1 DAGs
[2024-04-14T15:44:06.611-0600] {logging_mixin.py:188} INFO - [2024-04-14T15:44:06.611-0600] {dag.py:3954} INFO - Setting next_dagrun for tutorial_taskflow_api to None, run_after=None
[2024-04-14T15:44:06.617-0600] {processor.py:183} INFO - Processing /Users/felipejimenez/Desktop/AirFlow/.env/lib/python3.9/site-packages/airflow/example_dags/tutorial_taskflow_api.py took 0.075 seconds
[2024-04-14T15:44:50.376-0600] {processor.py:161} INFO - Started process (PID=4259) to work on /Users/felipejimenez/Desktop/AirFlow/.env/lib/python3.9/site-packages/airflow/example_dags/tutorial_taskflow_api.py
[2024-04-14T15:44:50.378-0600] {processor.py:830} INFO - Processing file /Users/felipejimenez/Desktop/AirFlow/.env/lib/python3.9/site-packages/airflow/example_dags/tutorial_taskflow_api.py for tasks to queue
[2024-04-14T15:44:50.378-0600] {logging_mixin.py:188} INFO - [2024-04-14T15:44:50.378-0600] {dagbag.py:540} INFO - Filling up the DagBag from /Users/felipejimenez/Desktop/AirFlow/.env/lib/python3.9/site-packages/airflow/example_dags/tutorial_taskflow_api.py
[2024-04-14T15:44:50.391-0600] {processor.py:840} INFO - DAG(s) 'tutorial_taskflow_api' retrieved from /Users/felipejimenez/Desktop/AirFlow/.env/lib/python3.9/site-packages/airflow/example_dags/tutorial_taskflow_api.py
[2024-04-14T15:44:50.425-0600] {logging_mixin.py:188} INFO - [2024-04-14T15:44:50.425-0600] {dag.py:3096} INFO - Sync 1 DAGs
[2024-04-14T15:44:50.444-0600] {logging_mixin.py:188} INFO - [2024-04-14T15:44:50.444-0600] {dag.py:3954} INFO - Setting next_dagrun for tutorial_taskflow_api to None, run_after=None
[2024-04-14T15:44:50.450-0600] {processor.py:183} INFO - Processing /Users/felipejimenez/Desktop/AirFlow/.env/lib/python3.9/site-packages/airflow/example_dags/tutorial_taskflow_api.py took 0.075 seconds
[2024-04-14T15:45:34.974-0600] {processor.py:161} INFO - Started process (PID=4317) to work on /Users/felipejimenez/Desktop/AirFlow/.env/lib/python3.9/site-packages/airflow/example_dags/tutorial_taskflow_api.py
[2024-04-14T15:45:34.976-0600] {processor.py:830} INFO - Processing file /Users/felipejimenez/Desktop/AirFlow/.env/lib/python3.9/site-packages/airflow/example_dags/tutorial_taskflow_api.py for tasks to queue
[2024-04-14T15:45:34.976-0600] {logging_mixin.py:188} INFO - [2024-04-14T15:45:34.976-0600] {dagbag.py:540} INFO - Filling up the DagBag from /Users/felipejimenez/Desktop/AirFlow/.env/lib/python3.9/site-packages/airflow/example_dags/tutorial_taskflow_api.py
[2024-04-14T15:45:34.988-0600] {processor.py:840} INFO - DAG(s) 'tutorial_taskflow_api' retrieved from /Users/felipejimenez/Desktop/AirFlow/.env/lib/python3.9/site-packages/airflow/example_dags/tutorial_taskflow_api.py
[2024-04-14T15:45:35.019-0600] {logging_mixin.py:188} INFO - [2024-04-14T15:45:35.019-0600] {dag.py:3096} INFO - Sync 1 DAGs
[2024-04-14T15:45:35.039-0600] {logging_mixin.py:188} INFO - [2024-04-14T15:45:35.039-0600] {dag.py:3954} INFO - Setting next_dagrun for tutorial_taskflow_api to None, run_after=None
[2024-04-14T15:45:35.045-0600] {processor.py:183} INFO - Processing /Users/felipejimenez/Desktop/AirFlow/.env/lib/python3.9/site-packages/airflow/example_dags/tutorial_taskflow_api.py took 0.072 seconds
[2024-04-14T15:46:15.863-0600] {processor.py:161} INFO - Started process (PID=4367) to work on /Users/felipejimenez/Desktop/AirFlow/.env/lib/python3.9/site-packages/airflow/example_dags/tutorial_taskflow_api.py
[2024-04-14T15:46:15.864-0600] {processor.py:830} INFO - Processing file /Users/felipejimenez/Desktop/AirFlow/.env/lib/python3.9/site-packages/airflow/example_dags/tutorial_taskflow_api.py for tasks to queue
[2024-04-14T15:46:15.864-0600] {logging_mixin.py:188} INFO - [2024-04-14T15:46:15.864-0600] {dagbag.py:540} INFO - Filling up the DagBag from /Users/felipejimenez/Desktop/AirFlow/.env/lib/python3.9/site-packages/airflow/example_dags/tutorial_taskflow_api.py
[2024-04-14T15:46:15.875-0600] {processor.py:840} INFO - DAG(s) 'tutorial_taskflow_api' retrieved from /Users/felipejimenez/Desktop/AirFlow/.env/lib/python3.9/site-packages/airflow/example_dags/tutorial_taskflow_api.py
[2024-04-14T15:46:15.907-0600] {logging_mixin.py:188} INFO - [2024-04-14T15:46:15.907-0600] {dag.py:3096} INFO - Sync 1 DAGs
[2024-04-14T15:46:15.927-0600] {logging_mixin.py:188} INFO - [2024-04-14T15:46:15.927-0600] {dag.py:3954} INFO - Setting next_dagrun for tutorial_taskflow_api to None, run_after=None
[2024-04-14T15:46:15.933-0600] {processor.py:183} INFO - Processing /Users/felipejimenez/Desktop/AirFlow/.env/lib/python3.9/site-packages/airflow/example_dags/tutorial_taskflow_api.py took 0.071 seconds
[2024-04-14T15:46:59.091-0600] {processor.py:161} INFO - Started process (PID=4415) to work on /Users/felipejimenez/Desktop/AirFlow/.env/lib/python3.9/site-packages/airflow/example_dags/tutorial_taskflow_api.py
[2024-04-14T15:46:59.092-0600] {processor.py:830} INFO - Processing file /Users/felipejimenez/Desktop/AirFlow/.env/lib/python3.9/site-packages/airflow/example_dags/tutorial_taskflow_api.py for tasks to queue
[2024-04-14T15:46:59.093-0600] {logging_mixin.py:188} INFO - [2024-04-14T15:46:59.093-0600] {dagbag.py:540} INFO - Filling up the DagBag from /Users/felipejimenez/Desktop/AirFlow/.env/lib/python3.9/site-packages/airflow/example_dags/tutorial_taskflow_api.py
[2024-04-14T15:46:59.105-0600] {processor.py:840} INFO - DAG(s) 'tutorial_taskflow_api' retrieved from /Users/felipejimenez/Desktop/AirFlow/.env/lib/python3.9/site-packages/airflow/example_dags/tutorial_taskflow_api.py
[2024-04-14T15:46:59.139-0600] {logging_mixin.py:188} INFO - [2024-04-14T15:46:59.139-0600] {dag.py:3096} INFO - Sync 1 DAGs
[2024-04-14T15:46:59.161-0600] {logging_mixin.py:188} INFO - [2024-04-14T15:46:59.161-0600] {dag.py:3954} INFO - Setting next_dagrun for tutorial_taskflow_api to None, run_after=None
[2024-04-14T15:46:59.167-0600] {processor.py:183} INFO - Processing /Users/felipejimenez/Desktop/AirFlow/.env/lib/python3.9/site-packages/airflow/example_dags/tutorial_taskflow_api.py took 0.078 seconds
[2024-04-14T15:47:46.638-0600] {processor.py:161} INFO - Started process (PID=4471) to work on /Users/felipejimenez/Desktop/AirFlow/.env/lib/python3.9/site-packages/airflow/example_dags/tutorial_taskflow_api.py
[2024-04-14T15:47:46.640-0600] {processor.py:830} INFO - Processing file /Users/felipejimenez/Desktop/AirFlow/.env/lib/python3.9/site-packages/airflow/example_dags/tutorial_taskflow_api.py for tasks to queue
[2024-04-14T15:47:46.640-0600] {logging_mixin.py:188} INFO - [2024-04-14T15:47:46.640-0600] {dagbag.py:540} INFO - Filling up the DagBag from /Users/felipejimenez/Desktop/AirFlow/.env/lib/python3.9/site-packages/airflow/example_dags/tutorial_taskflow_api.py
[2024-04-14T15:47:46.653-0600] {processor.py:840} INFO - DAG(s) 'tutorial_taskflow_api' retrieved from /Users/felipejimenez/Desktop/AirFlow/.env/lib/python3.9/site-packages/airflow/example_dags/tutorial_taskflow_api.py
[2024-04-14T15:47:46.687-0600] {logging_mixin.py:188} INFO - [2024-04-14T15:47:46.687-0600] {dag.py:3096} INFO - Sync 1 DAGs
[2024-04-14T15:47:46.706-0600] {logging_mixin.py:188} INFO - [2024-04-14T15:47:46.706-0600] {dag.py:3954} INFO - Setting next_dagrun for tutorial_taskflow_api to None, run_after=None
[2024-04-14T15:47:46.712-0600] {processor.py:183} INFO - Processing /Users/felipejimenez/Desktop/AirFlow/.env/lib/python3.9/site-packages/airflow/example_dags/tutorial_taskflow_api.py took 0.075 seconds
[2024-04-14T15:48:31.719-0600] {processor.py:161} INFO - Started process (PID=4585) to work on /Users/felipejimenez/Desktop/AirFlow/.env/lib/python3.9/site-packages/airflow/example_dags/tutorial_taskflow_api.py
[2024-04-14T15:48:31.721-0600] {processor.py:830} INFO - Processing file /Users/felipejimenez/Desktop/AirFlow/.env/lib/python3.9/site-packages/airflow/example_dags/tutorial_taskflow_api.py for tasks to queue
[2024-04-14T15:48:31.722-0600] {logging_mixin.py:188} INFO - [2024-04-14T15:48:31.722-0600] {dagbag.py:540} INFO - Filling up the DagBag from /Users/felipejimenez/Desktop/AirFlow/.env/lib/python3.9/site-packages/airflow/example_dags/tutorial_taskflow_api.py
[2024-04-14T15:48:31.733-0600] {processor.py:840} INFO - DAG(s) 'tutorial_taskflow_api' retrieved from /Users/felipejimenez/Desktop/AirFlow/.env/lib/python3.9/site-packages/airflow/example_dags/tutorial_taskflow_api.py
[2024-04-14T15:48:31.765-0600] {logging_mixin.py:188} INFO - [2024-04-14T15:48:31.765-0600] {dag.py:3096} INFO - Sync 1 DAGs
[2024-04-14T15:48:31.786-0600] {logging_mixin.py:188} INFO - [2024-04-14T15:48:31.786-0600] {dag.py:3954} INFO - Setting next_dagrun for tutorial_taskflow_api to None, run_after=None
[2024-04-14T15:48:31.792-0600] {processor.py:183} INFO - Processing /Users/felipejimenez/Desktop/AirFlow/.env/lib/python3.9/site-packages/airflow/example_dags/tutorial_taskflow_api.py took 0.075 seconds
[2024-04-14T15:49:16.112-0600] {processor.py:161} INFO - Started process (PID=4645) to work on /Users/felipejimenez/Desktop/AirFlow/.env/lib/python3.9/site-packages/airflow/example_dags/tutorial_taskflow_api.py
[2024-04-14T15:49:16.113-0600] {processor.py:830} INFO - Processing file /Users/felipejimenez/Desktop/AirFlow/.env/lib/python3.9/site-packages/airflow/example_dags/tutorial_taskflow_api.py for tasks to queue
[2024-04-14T15:49:16.114-0600] {logging_mixin.py:188} INFO - [2024-04-14T15:49:16.114-0600] {dagbag.py:540} INFO - Filling up the DagBag from /Users/felipejimenez/Desktop/AirFlow/.env/lib/python3.9/site-packages/airflow/example_dags/tutorial_taskflow_api.py
[2024-04-14T15:49:16.126-0600] {processor.py:840} INFO - DAG(s) 'tutorial_taskflow_api' retrieved from /Users/felipejimenez/Desktop/AirFlow/.env/lib/python3.9/site-packages/airflow/example_dags/tutorial_taskflow_api.py
[2024-04-14T15:49:16.158-0600] {logging_mixin.py:188} INFO - [2024-04-14T15:49:16.158-0600] {dag.py:3096} INFO - Sync 1 DAGs
[2024-04-14T15:49:16.182-0600] {logging_mixin.py:188} INFO - [2024-04-14T15:49:16.182-0600] {dag.py:3954} INFO - Setting next_dagrun for tutorial_taskflow_api to None, run_after=None
[2024-04-14T15:49:16.187-0600] {processor.py:183} INFO - Processing /Users/felipejimenez/Desktop/AirFlow/.env/lib/python3.9/site-packages/airflow/example_dags/tutorial_taskflow_api.py took 0.076 seconds
[2024-04-14T15:49:59.342-0600] {processor.py:161} INFO - Started process (PID=4700) to work on /Users/felipejimenez/Desktop/AirFlow/.env/lib/python3.9/site-packages/airflow/example_dags/tutorial_taskflow_api.py
[2024-04-14T15:49:59.344-0600] {processor.py:830} INFO - Processing file /Users/felipejimenez/Desktop/AirFlow/.env/lib/python3.9/site-packages/airflow/example_dags/tutorial_taskflow_api.py for tasks to queue
[2024-04-14T15:49:59.344-0600] {logging_mixin.py:188} INFO - [2024-04-14T15:49:59.344-0600] {dagbag.py:540} INFO - Filling up the DagBag from /Users/felipejimenez/Desktop/AirFlow/.env/lib/python3.9/site-packages/airflow/example_dags/tutorial_taskflow_api.py
[2024-04-14T15:49:59.355-0600] {processor.py:840} INFO - DAG(s) 'tutorial_taskflow_api' retrieved from /Users/felipejimenez/Desktop/AirFlow/.env/lib/python3.9/site-packages/airflow/example_dags/tutorial_taskflow_api.py
[2024-04-14T15:49:59.387-0600] {logging_mixin.py:188} INFO - [2024-04-14T15:49:59.387-0600] {dag.py:3096} INFO - Sync 1 DAGs
[2024-04-14T15:49:59.407-0600] {logging_mixin.py:188} INFO - [2024-04-14T15:49:59.407-0600] {dag.py:3954} INFO - Setting next_dagrun for tutorial_taskflow_api to None, run_after=None
[2024-04-14T15:49:59.413-0600] {processor.py:183} INFO - Processing /Users/felipejimenez/Desktop/AirFlow/.env/lib/python3.9/site-packages/airflow/example_dags/tutorial_taskflow_api.py took 0.072 seconds
[2024-04-14T15:50:43.746-0600] {processor.py:161} INFO - Started process (PID=4749) to work on /Users/felipejimenez/Desktop/AirFlow/.env/lib/python3.9/site-packages/airflow/example_dags/tutorial_taskflow_api.py
[2024-04-14T15:50:43.747-0600] {processor.py:830} INFO - Processing file /Users/felipejimenez/Desktop/AirFlow/.env/lib/python3.9/site-packages/airflow/example_dags/tutorial_taskflow_api.py for tasks to queue
[2024-04-14T15:50:43.748-0600] {logging_mixin.py:188} INFO - [2024-04-14T15:50:43.747-0600] {dagbag.py:540} INFO - Filling up the DagBag from /Users/felipejimenez/Desktop/AirFlow/.env/lib/python3.9/site-packages/airflow/example_dags/tutorial_taskflow_api.py
[2024-04-14T15:50:43.759-0600] {processor.py:840} INFO - DAG(s) 'tutorial_taskflow_api' retrieved from /Users/felipejimenez/Desktop/AirFlow/.env/lib/python3.9/site-packages/airflow/example_dags/tutorial_taskflow_api.py
[2024-04-14T15:50:43.791-0600] {logging_mixin.py:188} INFO - [2024-04-14T15:50:43.791-0600] {dag.py:3096} INFO - Sync 1 DAGs
[2024-04-14T15:50:43.812-0600] {logging_mixin.py:188} INFO - [2024-04-14T15:50:43.811-0600] {dag.py:3954} INFO - Setting next_dagrun for tutorial_taskflow_api to None, run_after=None
[2024-04-14T15:50:43.817-0600] {processor.py:183} INFO - Processing /Users/felipejimenez/Desktop/AirFlow/.env/lib/python3.9/site-packages/airflow/example_dags/tutorial_taskflow_api.py took 0.073 seconds
[2024-04-14T15:51:28.979-0600] {processor.py:161} INFO - Started process (PID=4799) to work on /Users/felipejimenez/Desktop/AirFlow/.env/lib/python3.9/site-packages/airflow/example_dags/tutorial_taskflow_api.py
[2024-04-14T15:51:28.981-0600] {processor.py:830} INFO - Processing file /Users/felipejimenez/Desktop/AirFlow/.env/lib/python3.9/site-packages/airflow/example_dags/tutorial_taskflow_api.py for tasks to queue
[2024-04-14T15:51:28.981-0600] {logging_mixin.py:188} INFO - [2024-04-14T15:51:28.981-0600] {dagbag.py:540} INFO - Filling up the DagBag from /Users/felipejimenez/Desktop/AirFlow/.env/lib/python3.9/site-packages/airflow/example_dags/tutorial_taskflow_api.py
[2024-04-14T15:51:28.992-0600] {processor.py:840} INFO - DAG(s) 'tutorial_taskflow_api' retrieved from /Users/felipejimenez/Desktop/AirFlow/.env/lib/python3.9/site-packages/airflow/example_dags/tutorial_taskflow_api.py
[2024-04-14T15:51:29.024-0600] {logging_mixin.py:188} INFO - [2024-04-14T15:51:29.024-0600] {dag.py:3096} INFO - Sync 1 DAGs
[2024-04-14T15:51:29.043-0600] {logging_mixin.py:188} INFO - [2024-04-14T15:51:29.043-0600] {dag.py:3954} INFO - Setting next_dagrun for tutorial_taskflow_api to None, run_after=None
[2024-04-14T15:51:29.049-0600] {processor.py:183} INFO - Processing /Users/felipejimenez/Desktop/AirFlow/.env/lib/python3.9/site-packages/airflow/example_dags/tutorial_taskflow_api.py took 0.071 seconds
[2024-04-14T15:52:14.655-0600] {processor.py:161} INFO - Started process (PID=4865) to work on /Users/felipejimenez/Desktop/AirFlow/.env/lib/python3.9/site-packages/airflow/example_dags/tutorial_taskflow_api.py
[2024-04-14T15:52:14.657-0600] {processor.py:830} INFO - Processing file /Users/felipejimenez/Desktop/AirFlow/.env/lib/python3.9/site-packages/airflow/example_dags/tutorial_taskflow_api.py for tasks to queue
[2024-04-14T15:52:14.657-0600] {logging_mixin.py:188} INFO - [2024-04-14T15:52:14.657-0600] {dagbag.py:540} INFO - Filling up the DagBag from /Users/felipejimenez/Desktop/AirFlow/.env/lib/python3.9/site-packages/airflow/example_dags/tutorial_taskflow_api.py
[2024-04-14T15:52:14.670-0600] {processor.py:840} INFO - DAG(s) 'tutorial_taskflow_api' retrieved from /Users/felipejimenez/Desktop/AirFlow/.env/lib/python3.9/site-packages/airflow/example_dags/tutorial_taskflow_api.py
[2024-04-14T15:52:14.705-0600] {logging_mixin.py:188} INFO - [2024-04-14T15:52:14.705-0600] {dag.py:3096} INFO - Sync 1 DAGs
[2024-04-14T15:52:14.725-0600] {logging_mixin.py:188} INFO - [2024-04-14T15:52:14.725-0600] {dag.py:3954} INFO - Setting next_dagrun for tutorial_taskflow_api to None, run_after=None
[2024-04-14T15:52:14.730-0600] {processor.py:183} INFO - Processing /Users/felipejimenez/Desktop/AirFlow/.env/lib/python3.9/site-packages/airflow/example_dags/tutorial_taskflow_api.py took 0.076 seconds
[2024-04-14T15:52:56.152-0600] {processor.py:161} INFO - Started process (PID=4959) to work on /Users/felipejimenez/Desktop/AirFlow/.env/lib/python3.9/site-packages/airflow/example_dags/tutorial_taskflow_api.py
[2024-04-14T15:52:56.153-0600] {processor.py:830} INFO - Processing file /Users/felipejimenez/Desktop/AirFlow/.env/lib/python3.9/site-packages/airflow/example_dags/tutorial_taskflow_api.py for tasks to queue
[2024-04-14T15:52:56.154-0600] {logging_mixin.py:188} INFO - [2024-04-14T15:52:56.154-0600] {dagbag.py:540} INFO - Filling up the DagBag from /Users/felipejimenez/Desktop/AirFlow/.env/lib/python3.9/site-packages/airflow/example_dags/tutorial_taskflow_api.py
[2024-04-14T15:52:56.166-0600] {processor.py:840} INFO - DAG(s) 'tutorial_taskflow_api' retrieved from /Users/felipejimenez/Desktop/AirFlow/.env/lib/python3.9/site-packages/airflow/example_dags/tutorial_taskflow_api.py
[2024-04-14T15:52:56.199-0600] {logging_mixin.py:188} INFO - [2024-04-14T15:52:56.198-0600] {dag.py:3096} INFO - Sync 1 DAGs
[2024-04-14T15:52:56.220-0600] {logging_mixin.py:188} INFO - [2024-04-14T15:52:56.220-0600] {dag.py:3954} INFO - Setting next_dagrun for tutorial_taskflow_api to None, run_after=None
[2024-04-14T15:52:56.226-0600] {processor.py:183} INFO - Processing /Users/felipejimenez/Desktop/AirFlow/.env/lib/python3.9/site-packages/airflow/example_dags/tutorial_taskflow_api.py took 0.075 seconds
[2024-04-14T15:53:39.818-0600] {processor.py:161} INFO - Started process (PID=5016) to work on /Users/felipejimenez/Desktop/AirFlow/.env/lib/python3.9/site-packages/airflow/example_dags/tutorial_taskflow_api.py
[2024-04-14T15:53:39.820-0600] {processor.py:830} INFO - Processing file /Users/felipejimenez/Desktop/AirFlow/.env/lib/python3.9/site-packages/airflow/example_dags/tutorial_taskflow_api.py for tasks to queue
[2024-04-14T15:53:39.820-0600] {logging_mixin.py:188} INFO - [2024-04-14T15:53:39.820-0600] {dagbag.py:540} INFO - Filling up the DagBag from /Users/felipejimenez/Desktop/AirFlow/.env/lib/python3.9/site-packages/airflow/example_dags/tutorial_taskflow_api.py
[2024-04-14T15:53:39.833-0600] {processor.py:840} INFO - DAG(s) 'tutorial_taskflow_api' retrieved from /Users/felipejimenez/Desktop/AirFlow/.env/lib/python3.9/site-packages/airflow/example_dags/tutorial_taskflow_api.py
[2024-04-14T15:53:39.864-0600] {logging_mixin.py:188} INFO - [2024-04-14T15:53:39.864-0600] {dag.py:3096} INFO - Sync 1 DAGs
[2024-04-14T15:53:39.883-0600] {logging_mixin.py:188} INFO - [2024-04-14T15:53:39.883-0600] {dag.py:3954} INFO - Setting next_dagrun for tutorial_taskflow_api to None, run_after=None
[2024-04-14T15:53:39.889-0600] {processor.py:183} INFO - Processing /Users/felipejimenez/Desktop/AirFlow/.env/lib/python3.9/site-packages/airflow/example_dags/tutorial_taskflow_api.py took 0.072 seconds
[2024-04-14T15:54:23.496-0600] {processor.py:161} INFO - Started process (PID=5066) to work on /Users/felipejimenez/Desktop/AirFlow/.env/lib/python3.9/site-packages/airflow/example_dags/tutorial_taskflow_api.py
[2024-04-14T15:54:23.497-0600] {processor.py:830} INFO - Processing file /Users/felipejimenez/Desktop/AirFlow/.env/lib/python3.9/site-packages/airflow/example_dags/tutorial_taskflow_api.py for tasks to queue
[2024-04-14T15:54:23.498-0600] {logging_mixin.py:188} INFO - [2024-04-14T15:54:23.497-0600] {dagbag.py:540} INFO - Filling up the DagBag from /Users/felipejimenez/Desktop/AirFlow/.env/lib/python3.9/site-packages/airflow/example_dags/tutorial_taskflow_api.py
[2024-04-14T15:54:23.511-0600] {processor.py:840} INFO - DAG(s) 'tutorial_taskflow_api' retrieved from /Users/felipejimenez/Desktop/AirFlow/.env/lib/python3.9/site-packages/airflow/example_dags/tutorial_taskflow_api.py
[2024-04-14T15:54:23.547-0600] {logging_mixin.py:188} INFO - [2024-04-14T15:54:23.547-0600] {dag.py:3096} INFO - Sync 1 DAGs
[2024-04-14T15:54:23.568-0600] {logging_mixin.py:188} INFO - [2024-04-14T15:54:23.568-0600] {dag.py:3954} INFO - Setting next_dagrun for tutorial_taskflow_api to None, run_after=None
[2024-04-14T15:54:23.573-0600] {processor.py:183} INFO - Processing /Users/felipejimenez/Desktop/AirFlow/.env/lib/python3.9/site-packages/airflow/example_dags/tutorial_taskflow_api.py took 0.079 seconds
[2024-04-14T15:55:47.387-0600] {processor.py:161} INFO - Started process (PID=5180) to work on /Users/felipejimenez/Desktop/AirFlow/.env/lib/python3.9/site-packages/airflow/example_dags/tutorial_taskflow_api.py
[2024-04-14T15:55:47.389-0600] {processor.py:830} INFO - Processing file /Users/felipejimenez/Desktop/AirFlow/.env/lib/python3.9/site-packages/airflow/example_dags/tutorial_taskflow_api.py for tasks to queue
[2024-04-14T15:55:47.389-0600] {logging_mixin.py:188} INFO - [2024-04-14T15:55:47.389-0600] {dagbag.py:540} INFO - Filling up the DagBag from /Users/felipejimenez/Desktop/AirFlow/.env/lib/python3.9/site-packages/airflow/example_dags/tutorial_taskflow_api.py
[2024-04-14T15:55:47.402-0600] {processor.py:840} INFO - DAG(s) 'tutorial_taskflow_api' retrieved from /Users/felipejimenez/Desktop/AirFlow/.env/lib/python3.9/site-packages/airflow/example_dags/tutorial_taskflow_api.py
[2024-04-14T15:55:47.433-0600] {logging_mixin.py:188} INFO - [2024-04-14T15:55:47.432-0600] {dag.py:3096} INFO - Sync 1 DAGs
[2024-04-14T15:55:47.452-0600] {logging_mixin.py:188} INFO - [2024-04-14T15:55:47.452-0600] {dag.py:3954} INFO - Setting next_dagrun for tutorial_taskflow_api to None, run_after=None
[2024-04-14T15:55:47.458-0600] {processor.py:183} INFO - Processing /Users/felipejimenez/Desktop/AirFlow/.env/lib/python3.9/site-packages/airflow/example_dags/tutorial_taskflow_api.py took 0.072 seconds
[2024-04-14T15:57:00.536-0600] {processor.py:161} INFO - Started process (PID=5287) to work on /Users/felipejimenez/Desktop/AirFlow/.env/lib/python3.9/site-packages/airflow/example_dags/tutorial_taskflow_api.py
[2024-04-14T15:57:00.537-0600] {processor.py:830} INFO - Processing file /Users/felipejimenez/Desktop/AirFlow/.env/lib/python3.9/site-packages/airflow/example_dags/tutorial_taskflow_api.py for tasks to queue
[2024-04-14T15:57:00.538-0600] {logging_mixin.py:188} INFO - [2024-04-14T15:57:00.537-0600] {dagbag.py:540} INFO - Filling up the DagBag from /Users/felipejimenez/Desktop/AirFlow/.env/lib/python3.9/site-packages/airflow/example_dags/tutorial_taskflow_api.py
[2024-04-14T15:57:00.549-0600] {processor.py:840} INFO - DAG(s) 'tutorial_taskflow_api' retrieved from /Users/felipejimenez/Desktop/AirFlow/.env/lib/python3.9/site-packages/airflow/example_dags/tutorial_taskflow_api.py
[2024-04-14T15:57:00.581-0600] {logging_mixin.py:188} INFO - [2024-04-14T15:57:00.581-0600] {dag.py:3096} INFO - Sync 1 DAGs
[2024-04-14T15:57:00.600-0600] {logging_mixin.py:188} INFO - [2024-04-14T15:57:00.600-0600] {dag.py:3954} INFO - Setting next_dagrun for tutorial_taskflow_api to None, run_after=None
[2024-04-14T15:57:00.606-0600] {processor.py:183} INFO - Processing /Users/felipejimenez/Desktop/AirFlow/.env/lib/python3.9/site-packages/airflow/example_dags/tutorial_taskflow_api.py took 0.071 seconds
[2024-04-14T15:57:43.194-0600] {processor.py:161} INFO - Started process (PID=5355) to work on /Users/felipejimenez/Desktop/AirFlow/.env/lib/python3.9/site-packages/airflow/example_dags/tutorial_taskflow_api.py
[2024-04-14T15:57:43.195-0600] {processor.py:830} INFO - Processing file /Users/felipejimenez/Desktop/AirFlow/.env/lib/python3.9/site-packages/airflow/example_dags/tutorial_taskflow_api.py for tasks to queue
[2024-04-14T15:57:43.195-0600] {logging_mixin.py:188} INFO - [2024-04-14T15:57:43.195-0600] {dagbag.py:540} INFO - Filling up the DagBag from /Users/felipejimenez/Desktop/AirFlow/.env/lib/python3.9/site-packages/airflow/example_dags/tutorial_taskflow_api.py
[2024-04-14T15:57:43.209-0600] {processor.py:840} INFO - DAG(s) 'tutorial_taskflow_api' retrieved from /Users/felipejimenez/Desktop/AirFlow/.env/lib/python3.9/site-packages/airflow/example_dags/tutorial_taskflow_api.py
[2024-04-14T15:57:43.244-0600] {logging_mixin.py:188} INFO - [2024-04-14T15:57:43.243-0600] {dag.py:3096} INFO - Sync 1 DAGs
[2024-04-14T15:57:43.273-0600] {logging_mixin.py:188} INFO - [2024-04-14T15:57:43.273-0600] {dag.py:3954} INFO - Setting next_dagrun for tutorial_taskflow_api to None, run_after=None
[2024-04-14T15:57:43.280-0600] {processor.py:183} INFO - Processing /Users/felipejimenez/Desktop/AirFlow/.env/lib/python3.9/site-packages/airflow/example_dags/tutorial_taskflow_api.py took 0.087 seconds
[2024-04-14T15:58:27.860-0600] {processor.py:161} INFO - Started process (PID=5441) to work on /Users/felipejimenez/Desktop/AirFlow/.env/lib/python3.9/site-packages/airflow/example_dags/tutorial_taskflow_api.py
[2024-04-14T15:58:27.862-0600] {processor.py:830} INFO - Processing file /Users/felipejimenez/Desktop/AirFlow/.env/lib/python3.9/site-packages/airflow/example_dags/tutorial_taskflow_api.py for tasks to queue
[2024-04-14T15:58:27.862-0600] {logging_mixin.py:188} INFO - [2024-04-14T15:58:27.862-0600] {dagbag.py:540} INFO - Filling up the DagBag from /Users/felipejimenez/Desktop/AirFlow/.env/lib/python3.9/site-packages/airflow/example_dags/tutorial_taskflow_api.py
[2024-04-14T15:58:27.874-0600] {processor.py:840} INFO - DAG(s) 'tutorial_taskflow_api' retrieved from /Users/felipejimenez/Desktop/AirFlow/.env/lib/python3.9/site-packages/airflow/example_dags/tutorial_taskflow_api.py
[2024-04-14T15:58:27.906-0600] {logging_mixin.py:188} INFO - [2024-04-14T15:58:27.906-0600] {dag.py:3096} INFO - Sync 1 DAGs
[2024-04-14T15:58:27.925-0600] {logging_mixin.py:188} INFO - [2024-04-14T15:58:27.925-0600] {dag.py:3954} INFO - Setting next_dagrun for tutorial_taskflow_api to None, run_after=None
[2024-04-14T15:58:27.931-0600] {processor.py:183} INFO - Processing /Users/felipejimenez/Desktop/AirFlow/.env/lib/python3.9/site-packages/airflow/example_dags/tutorial_taskflow_api.py took 0.072 seconds
[2024-04-14T15:59:13.737-0600] {processor.py:161} INFO - Started process (PID=5493) to work on /Users/felipejimenez/Desktop/AirFlow/.env/lib/python3.9/site-packages/airflow/example_dags/tutorial_taskflow_api.py
[2024-04-14T15:59:13.738-0600] {processor.py:830} INFO - Processing file /Users/felipejimenez/Desktop/AirFlow/.env/lib/python3.9/site-packages/airflow/example_dags/tutorial_taskflow_api.py for tasks to queue
[2024-04-14T15:59:13.739-0600] {logging_mixin.py:188} INFO - [2024-04-14T15:59:13.739-0600] {dagbag.py:540} INFO - Filling up the DagBag from /Users/felipejimenez/Desktop/AirFlow/.env/lib/python3.9/site-packages/airflow/example_dags/tutorial_taskflow_api.py
[2024-04-14T15:59:13.750-0600] {processor.py:840} INFO - DAG(s) 'tutorial_taskflow_api' retrieved from /Users/felipejimenez/Desktop/AirFlow/.env/lib/python3.9/site-packages/airflow/example_dags/tutorial_taskflow_api.py
[2024-04-14T15:59:13.781-0600] {logging_mixin.py:188} INFO - [2024-04-14T15:59:13.781-0600] {dag.py:3096} INFO - Sync 1 DAGs
[2024-04-14T15:59:13.801-0600] {logging_mixin.py:188} INFO - [2024-04-14T15:59:13.801-0600] {dag.py:3954} INFO - Setting next_dagrun for tutorial_taskflow_api to None, run_after=None
[2024-04-14T15:59:13.807-0600] {processor.py:183} INFO - Processing /Users/felipejimenez/Desktop/AirFlow/.env/lib/python3.9/site-packages/airflow/example_dags/tutorial_taskflow_api.py took 0.070 seconds
[2024-04-14T15:59:57.045-0600] {processor.py:161} INFO - Started process (PID=5544) to work on /Users/felipejimenez/Desktop/AirFlow/.env/lib/python3.9/site-packages/airflow/example_dags/tutorial_taskflow_api.py
[2024-04-14T15:59:57.047-0600] {processor.py:830} INFO - Processing file /Users/felipejimenez/Desktop/AirFlow/.env/lib/python3.9/site-packages/airflow/example_dags/tutorial_taskflow_api.py for tasks to queue
[2024-04-14T15:59:57.047-0600] {logging_mixin.py:188} INFO - [2024-04-14T15:59:57.047-0600] {dagbag.py:540} INFO - Filling up the DagBag from /Users/felipejimenez/Desktop/AirFlow/.env/lib/python3.9/site-packages/airflow/example_dags/tutorial_taskflow_api.py
[2024-04-14T15:59:57.059-0600] {processor.py:840} INFO - DAG(s) 'tutorial_taskflow_api' retrieved from /Users/felipejimenez/Desktop/AirFlow/.env/lib/python3.9/site-packages/airflow/example_dags/tutorial_taskflow_api.py
[2024-04-14T15:59:57.091-0600] {logging_mixin.py:188} INFO - [2024-04-14T15:59:57.091-0600] {dag.py:3096} INFO - Sync 1 DAGs
[2024-04-14T15:59:57.116-0600] {logging_mixin.py:188} INFO - [2024-04-14T15:59:57.116-0600] {dag.py:3954} INFO - Setting next_dagrun for tutorial_taskflow_api to None, run_after=None
[2024-04-14T15:59:57.122-0600] {processor.py:183} INFO - Processing /Users/felipejimenez/Desktop/AirFlow/.env/lib/python3.9/site-packages/airflow/example_dags/tutorial_taskflow_api.py took 0.078 seconds
[2024-04-14T16:00:39.940-0600] {processor.py:161} INFO - Started process (PID=5591) to work on /Users/felipejimenez/Desktop/AirFlow/.env/lib/python3.9/site-packages/airflow/example_dags/tutorial_taskflow_api.py
[2024-04-14T16:00:39.942-0600] {processor.py:830} INFO - Processing file /Users/felipejimenez/Desktop/AirFlow/.env/lib/python3.9/site-packages/airflow/example_dags/tutorial_taskflow_api.py for tasks to queue
[2024-04-14T16:00:39.942-0600] {logging_mixin.py:188} INFO - [2024-04-14T16:00:39.942-0600] {dagbag.py:540} INFO - Filling up the DagBag from /Users/felipejimenez/Desktop/AirFlow/.env/lib/python3.9/site-packages/airflow/example_dags/tutorial_taskflow_api.py
[2024-04-14T16:00:39.955-0600] {processor.py:840} INFO - DAG(s) 'tutorial_taskflow_api' retrieved from /Users/felipejimenez/Desktop/AirFlow/.env/lib/python3.9/site-packages/airflow/example_dags/tutorial_taskflow_api.py
[2024-04-14T16:00:39.986-0600] {logging_mixin.py:188} INFO - [2024-04-14T16:00:39.986-0600] {dag.py:3096} INFO - Sync 1 DAGs
[2024-04-14T16:00:40.006-0600] {logging_mixin.py:188} INFO - [2024-04-14T16:00:40.006-0600] {dag.py:3954} INFO - Setting next_dagrun for tutorial_taskflow_api to None, run_after=None
[2024-04-14T16:00:40.014-0600] {processor.py:183} INFO - Processing /Users/felipejimenez/Desktop/AirFlow/.env/lib/python3.9/site-packages/airflow/example_dags/tutorial_taskflow_api.py took 0.074 seconds
[2024-04-14T16:01:23.712-0600] {processor.py:161} INFO - Started process (PID=5642) to work on /Users/felipejimenez/Desktop/AirFlow/.env/lib/python3.9/site-packages/airflow/example_dags/tutorial_taskflow_api.py
[2024-04-14T16:01:23.713-0600] {processor.py:830} INFO - Processing file /Users/felipejimenez/Desktop/AirFlow/.env/lib/python3.9/site-packages/airflow/example_dags/tutorial_taskflow_api.py for tasks to queue
[2024-04-14T16:01:23.714-0600] {logging_mixin.py:188} INFO - [2024-04-14T16:01:23.713-0600] {dagbag.py:540} INFO - Filling up the DagBag from /Users/felipejimenez/Desktop/AirFlow/.env/lib/python3.9/site-packages/airflow/example_dags/tutorial_taskflow_api.py
[2024-04-14T16:01:23.725-0600] {processor.py:840} INFO - DAG(s) 'tutorial_taskflow_api' retrieved from /Users/felipejimenez/Desktop/AirFlow/.env/lib/python3.9/site-packages/airflow/example_dags/tutorial_taskflow_api.py
[2024-04-14T16:01:23.758-0600] {logging_mixin.py:188} INFO - [2024-04-14T16:01:23.758-0600] {dag.py:3096} INFO - Sync 1 DAGs
[2024-04-14T16:01:23.779-0600] {logging_mixin.py:188} INFO - [2024-04-14T16:01:23.779-0600] {dag.py:3954} INFO - Setting next_dagrun for tutorial_taskflow_api to None, run_after=None
[2024-04-14T16:01:23.785-0600] {processor.py:183} INFO - Processing /Users/felipejimenez/Desktop/AirFlow/.env/lib/python3.9/site-packages/airflow/example_dags/tutorial_taskflow_api.py took 0.075 seconds
[2024-04-14T16:02:06.080-0600] {processor.py:161} INFO - Started process (PID=5688) to work on /Users/felipejimenez/Desktop/AirFlow/.env/lib/python3.9/site-packages/airflow/example_dags/tutorial_taskflow_api.py
[2024-04-14T16:02:06.082-0600] {processor.py:830} INFO - Processing file /Users/felipejimenez/Desktop/AirFlow/.env/lib/python3.9/site-packages/airflow/example_dags/tutorial_taskflow_api.py for tasks to queue
[2024-04-14T16:02:06.082-0600] {logging_mixin.py:188} INFO - [2024-04-14T16:02:06.082-0600] {dagbag.py:540} INFO - Filling up the DagBag from /Users/felipejimenez/Desktop/AirFlow/.env/lib/python3.9/site-packages/airflow/example_dags/tutorial_taskflow_api.py
[2024-04-14T16:02:06.095-0600] {processor.py:840} INFO - DAG(s) 'tutorial_taskflow_api' retrieved from /Users/felipejimenez/Desktop/AirFlow/.env/lib/python3.9/site-packages/airflow/example_dags/tutorial_taskflow_api.py
[2024-04-14T16:02:06.131-0600] {logging_mixin.py:188} INFO - [2024-04-14T16:02:06.131-0600] {dag.py:3096} INFO - Sync 1 DAGs
[2024-04-14T16:02:06.151-0600] {logging_mixin.py:188} INFO - [2024-04-14T16:02:06.151-0600] {dag.py:3954} INFO - Setting next_dagrun for tutorial_taskflow_api to None, run_after=None
[2024-04-14T16:02:06.157-0600] {processor.py:183} INFO - Processing /Users/felipejimenez/Desktop/AirFlow/.env/lib/python3.9/site-packages/airflow/example_dags/tutorial_taskflow_api.py took 0.077 seconds
[2024-04-14T16:03:45.495-0600] {processor.py:161} INFO - Started process (PID=5842) to work on /Users/felipejimenez/Desktop/AirFlow/.env/lib/python3.9/site-packages/airflow/example_dags/tutorial_taskflow_api.py
[2024-04-14T16:03:45.496-0600] {processor.py:830} INFO - Processing file /Users/felipejimenez/Desktop/AirFlow/.env/lib/python3.9/site-packages/airflow/example_dags/tutorial_taskflow_api.py for tasks to queue
[2024-04-14T16:03:45.496-0600] {logging_mixin.py:188} INFO - [2024-04-14T16:03:45.496-0600] {dagbag.py:540} INFO - Filling up the DagBag from /Users/felipejimenez/Desktop/AirFlow/.env/lib/python3.9/site-packages/airflow/example_dags/tutorial_taskflow_api.py
[2024-04-14T16:03:45.508-0600] {processor.py:840} INFO - DAG(s) 'tutorial_taskflow_api' retrieved from /Users/felipejimenez/Desktop/AirFlow/.env/lib/python3.9/site-packages/airflow/example_dags/tutorial_taskflow_api.py
[2024-04-14T16:03:45.539-0600] {logging_mixin.py:188} INFO - [2024-04-14T16:03:45.539-0600] {dag.py:3096} INFO - Sync 1 DAGs
[2024-04-14T16:03:45.558-0600] {logging_mixin.py:188} INFO - [2024-04-14T16:03:45.558-0600] {dag.py:3954} INFO - Setting next_dagrun for tutorial_taskflow_api to None, run_after=None
[2024-04-14T16:03:45.564-0600] {processor.py:183} INFO - Processing /Users/felipejimenez/Desktop/AirFlow/.env/lib/python3.9/site-packages/airflow/example_dags/tutorial_taskflow_api.py took 0.070 seconds
[2024-04-14T16:04:58.638-0600] {processor.py:161} INFO - Started process (PID=5978) to work on /Users/felipejimenez/Desktop/AirFlow/.env/lib/python3.9/site-packages/airflow/example_dags/tutorial_taskflow_api.py
[2024-04-14T16:04:58.640-0600] {processor.py:830} INFO - Processing file /Users/felipejimenez/Desktop/AirFlow/.env/lib/python3.9/site-packages/airflow/example_dags/tutorial_taskflow_api.py for tasks to queue
[2024-04-14T16:04:58.640-0600] {logging_mixin.py:188} INFO - [2024-04-14T16:04:58.640-0600] {dagbag.py:540} INFO - Filling up the DagBag from /Users/felipejimenez/Desktop/AirFlow/.env/lib/python3.9/site-packages/airflow/example_dags/tutorial_taskflow_api.py
[2024-04-14T16:04:58.652-0600] {processor.py:840} INFO - DAG(s) 'tutorial_taskflow_api' retrieved from /Users/felipejimenez/Desktop/AirFlow/.env/lib/python3.9/site-packages/airflow/example_dags/tutorial_taskflow_api.py
[2024-04-14T16:04:58.684-0600] {logging_mixin.py:188} INFO - [2024-04-14T16:04:58.684-0600] {dag.py:3096} INFO - Sync 1 DAGs
[2024-04-14T16:04:58.705-0600] {logging_mixin.py:188} INFO - [2024-04-14T16:04:58.705-0600] {dag.py:3954} INFO - Setting next_dagrun for tutorial_taskflow_api to None, run_after=None
[2024-04-14T16:04:58.710-0600] {processor.py:183} INFO - Processing /Users/felipejimenez/Desktop/AirFlow/.env/lib/python3.9/site-packages/airflow/example_dags/tutorial_taskflow_api.py took 0.073 seconds
[2024-04-14T16:05:45.818-0600] {processor.py:161} INFO - Started process (PID=6070) to work on /Users/felipejimenez/Desktop/AirFlow/.env/lib/python3.9/site-packages/airflow/example_dags/tutorial_taskflow_api.py
[2024-04-14T16:05:45.819-0600] {processor.py:830} INFO - Processing file /Users/felipejimenez/Desktop/AirFlow/.env/lib/python3.9/site-packages/airflow/example_dags/tutorial_taskflow_api.py for tasks to queue
[2024-04-14T16:05:45.820-0600] {logging_mixin.py:188} INFO - [2024-04-14T16:05:45.819-0600] {dagbag.py:540} INFO - Filling up the DagBag from /Users/felipejimenez/Desktop/AirFlow/.env/lib/python3.9/site-packages/airflow/example_dags/tutorial_taskflow_api.py
[2024-04-14T16:05:45.832-0600] {processor.py:840} INFO - DAG(s) 'tutorial_taskflow_api' retrieved from /Users/felipejimenez/Desktop/AirFlow/.env/lib/python3.9/site-packages/airflow/example_dags/tutorial_taskflow_api.py
[2024-04-14T16:05:45.865-0600] {logging_mixin.py:188} INFO - [2024-04-14T16:05:45.865-0600] {dag.py:3096} INFO - Sync 1 DAGs
[2024-04-14T16:05:45.886-0600] {logging_mixin.py:188} INFO - [2024-04-14T16:05:45.886-0600] {dag.py:3954} INFO - Setting next_dagrun for tutorial_taskflow_api to None, run_after=None
[2024-04-14T16:05:45.892-0600] {processor.py:183} INFO - Processing /Users/felipejimenez/Desktop/AirFlow/.env/lib/python3.9/site-packages/airflow/example_dags/tutorial_taskflow_api.py took 0.075 seconds
[2024-04-14T16:06:31.018-0600] {processor.py:161} INFO - Started process (PID=6164) to work on /Users/felipejimenez/Desktop/AirFlow/.env/lib/python3.9/site-packages/airflow/example_dags/tutorial_taskflow_api.py
[2024-04-14T16:06:31.019-0600] {processor.py:830} INFO - Processing file /Users/felipejimenez/Desktop/AirFlow/.env/lib/python3.9/site-packages/airflow/example_dags/tutorial_taskflow_api.py for tasks to queue
[2024-04-14T16:06:31.020-0600] {logging_mixin.py:188} INFO - [2024-04-14T16:06:31.020-0600] {dagbag.py:540} INFO - Filling up the DagBag from /Users/felipejimenez/Desktop/AirFlow/.env/lib/python3.9/site-packages/airflow/example_dags/tutorial_taskflow_api.py
[2024-04-14T16:06:31.033-0600] {processor.py:840} INFO - DAG(s) 'tutorial_taskflow_api' retrieved from /Users/felipejimenez/Desktop/AirFlow/.env/lib/python3.9/site-packages/airflow/example_dags/tutorial_taskflow_api.py
[2024-04-14T16:06:31.066-0600] {logging_mixin.py:188} INFO - [2024-04-14T16:06:31.066-0600] {dag.py:3096} INFO - Sync 1 DAGs
[2024-04-14T16:06:31.086-0600] {logging_mixin.py:188} INFO - [2024-04-14T16:06:31.086-0600] {dag.py:3954} INFO - Setting next_dagrun for tutorial_taskflow_api to None, run_after=None
[2024-04-14T16:06:31.092-0600] {processor.py:183} INFO - Processing /Users/felipejimenez/Desktop/AirFlow/.env/lib/python3.9/site-packages/airflow/example_dags/tutorial_taskflow_api.py took 0.075 seconds
