[2024-04-14T16:03:35.427-0600] {processor.py:161} INFO - Started process (PID=5828) to work on /Users/felipejimenez/Desktop/AirFlow/dags/AAA_DAG.py
[2024-04-14T16:03:35.428-0600] {processor.py:830} INFO - Processing file /Users/felipejimenez/Desktop/AirFlow/dags/AAA_DAG.py for tasks to queue
[2024-04-14T16:03:35.428-0600] {logging_mixin.py:188} INFO - [2024-04-14T16:03:35.428-0600] {dagbag.py:540} INFO - Filling up the DagBag from /Users/felipejimenez/Desktop/AirFlow/dags/AAA_DAG.py
[2024-04-14T16:03:35.436-0600] {processor.py:840} INFO - DAG(s) 'AAA_DAG' retrieved from /Users/felipejimenez/Desktop/AirFlow/dags/AAA_DAG.py
[2024-04-14T16:03:35.521-0600] {logging_mixin.py:188} INFO - [2024-04-14T16:03:35.521-0600] {override.py:1829} INFO - Created Permission View: can read on DAG:AAA_DAG
[2024-04-14T16:03:35.523-0600] {logging_mixin.py:188} INFO - [2024-04-14T16:03:35.523-0600] {override.py:1829} INFO - Created Permission View: can edit on DAG:AAA_DAG
[2024-04-14T16:03:35.525-0600] {logging_mixin.py:188} INFO - [2024-04-14T16:03:35.525-0600] {override.py:1829} INFO - Created Permission View: can delete on DAG:AAA_DAG
[2024-04-14T16:03:35.525-0600] {logging_mixin.py:188} INFO - [2024-04-14T16:03:35.525-0600] {dag.py:3096} INFO - Sync 1 DAGs
[2024-04-14T16:03:35.528-0600] {logging_mixin.py:188} INFO - [2024-04-14T16:03:35.528-0600] {dag.py:3118} INFO - Creating ORM DAG for AAA_DAG
[2024-04-14T16:03:35.532-0600] {logging_mixin.py:188} INFO - [2024-04-14T16:03:35.531-0600] {dag.py:3954} INFO - Setting next_dagrun for AAA_DAG to 2024-04-12 00:00:00+00:00, run_after=2024-04-13 00:00:00+00:00
[2024-04-14T16:03:35.537-0600] {processor.py:183} INFO - Processing /Users/felipejimenez/Desktop/AirFlow/dags/AAA_DAG.py took 0.111 seconds
[2024-04-14T16:04:49.026-0600] {processor.py:161} INFO - Started process (PID=5961) to work on /Users/felipejimenez/Desktop/AirFlow/dags/AAA_DAG.py
[2024-04-14T16:04:49.027-0600] {processor.py:830} INFO - Processing file /Users/felipejimenez/Desktop/AirFlow/dags/AAA_DAG.py for tasks to queue
[2024-04-14T16:04:49.027-0600] {logging_mixin.py:188} INFO - [2024-04-14T16:04:49.027-0600] {dagbag.py:540} INFO - Filling up the DagBag from /Users/felipejimenez/Desktop/AirFlow/dags/AAA_DAG.py
[2024-04-14T16:04:49.036-0600] {processor.py:840} INFO - DAG(s) 'AAA_DAG' retrieved from /Users/felipejimenez/Desktop/AirFlow/dags/AAA_DAG.py
[2024-04-14T16:04:49.070-0600] {logging_mixin.py:188} INFO - [2024-04-14T16:04:49.069-0600] {dag.py:3096} INFO - Sync 1 DAGs
[2024-04-14T16:04:49.093-0600] {logging_mixin.py:188} INFO - [2024-04-14T16:04:49.093-0600] {dag.py:3954} INFO - Setting next_dagrun for AAA_DAG to 2024-04-12 00:00:00+00:00, run_after=2024-04-13 00:00:00+00:00
[2024-04-14T16:04:49.099-0600] {processor.py:183} INFO - Processing /Users/felipejimenez/Desktop/AirFlow/dags/AAA_DAG.py took 0.074 seconds
[2024-04-14T16:05:32.687-0600] {processor.py:161} INFO - Started process (PID=6034) to work on /Users/felipejimenez/Desktop/AirFlow/dags/AAA_DAG.py
[2024-04-14T16:05:32.689-0600] {processor.py:830} INFO - Processing file /Users/felipejimenez/Desktop/AirFlow/dags/AAA_DAG.py for tasks to queue
[2024-04-14T16:05:32.689-0600] {logging_mixin.py:188} INFO - [2024-04-14T16:05:32.689-0600] {dagbag.py:540} INFO - Filling up the DagBag from /Users/felipejimenez/Desktop/AirFlow/dags/AAA_DAG.py
[2024-04-14T16:05:32.697-0600] {processor.py:840} INFO - DAG(s) 'AAA_DAG' retrieved from /Users/felipejimenez/Desktop/AirFlow/dags/AAA_DAG.py
[2024-04-14T16:05:32.730-0600] {logging_mixin.py:188} INFO - [2024-04-14T16:05:32.730-0600] {dag.py:3096} INFO - Sync 1 DAGs
[2024-04-14T16:05:32.757-0600] {logging_mixin.py:188} INFO - [2024-04-14T16:05:32.757-0600] {dag.py:3954} INFO - Setting next_dagrun for AAA_DAG to 2024-04-13 00:00:00+00:00, run_after=2024-04-14 00:00:00+00:00
[2024-04-14T16:05:32.763-0600] {processor.py:183} INFO - Processing /Users/felipejimenez/Desktop/AirFlow/dags/AAA_DAG.py took 0.076 seconds
[2024-04-14T16:06:21.444-0600] {processor.py:161} INFO - Started process (PID=6122) to work on /Users/felipejimenez/Desktop/AirFlow/dags/AAA_DAG.py
[2024-04-14T16:06:21.445-0600] {processor.py:830} INFO - Processing file /Users/felipejimenez/Desktop/AirFlow/dags/AAA_DAG.py for tasks to queue
[2024-04-14T16:06:21.445-0600] {logging_mixin.py:188} INFO - [2024-04-14T16:06:21.445-0600] {dagbag.py:540} INFO - Filling up the DagBag from /Users/felipejimenez/Desktop/AirFlow/dags/AAA_DAG.py
[2024-04-14T16:06:21.453-0600] {processor.py:840} INFO - DAG(s) 'AAA_DAG' retrieved from /Users/felipejimenez/Desktop/AirFlow/dags/AAA_DAG.py
[2024-04-14T16:06:21.485-0600] {logging_mixin.py:188} INFO - [2024-04-14T16:06:21.484-0600] {dag.py:3096} INFO - Sync 1 DAGs
[2024-04-14T16:06:21.509-0600] {logging_mixin.py:188} INFO - [2024-04-14T16:06:21.508-0600] {dag.py:3954} INFO - Setting next_dagrun for AAA_DAG to 2024-04-14 00:00:00+00:00, run_after=2024-04-15 00:00:00+00:00
[2024-04-14T16:06:21.514-0600] {processor.py:183} INFO - Processing /Users/felipejimenez/Desktop/AirFlow/dags/AAA_DAG.py took 0.071 seconds
