[2024-04-14T15:41:56.034-0600] {processor.py:161} INFO - Started process (PID=4050) to work on /Users/felipejimenez/Desktop/AirFlow/dags/first.py
[2024-04-14T15:41:56.035-0600] {processor.py:830} INFO - Processing file /Users/felipejimenez/Desktop/AirFlow/dags/first.py for tasks to queue
[2024-04-14T15:41:56.035-0600] {logging_mixin.py:188} INFO - [2024-04-14T15:41:56.035-0600] {dagbag.py:540} INFO - Filling up the DagBag from /Users/felipejimenez/Desktop/AirFlow/dags/first.py
[2024-04-14T15:41:56.045-0600] {processor.py:840} INFO - DAG(s) 'first' retrieved from /Users/felipejimenez/Desktop/AirFlow/dags/first.py
[2024-04-14T15:41:56.131-0600] {logging_mixin.py:188} INFO - [2024-04-14T15:41:56.131-0600] {override.py:1829} INFO - Created Permission View: can read on DAG:first
[2024-04-14T15:41:56.133-0600] {logging_mixin.py:188} INFO - [2024-04-14T15:41:56.133-0600] {override.py:1829} INFO - Created Permission View: can delete on DAG:first
[2024-04-14T15:41:56.136-0600] {logging_mixin.py:188} INFO - [2024-04-14T15:41:56.135-0600] {override.py:1829} INFO - Created Permission View: can edit on DAG:first
[2024-04-14T15:41:56.136-0600] {logging_mixin.py:188} INFO - [2024-04-14T15:41:56.136-0600] {dag.py:3096} INFO - Sync 1 DAGs
[2024-04-14T15:41:56.139-0600] {logging_mixin.py:188} INFO - [2024-04-14T15:41:56.139-0600] {dag.py:3118} INFO - Creating ORM DAG for first
[2024-04-14T15:41:56.143-0600] {logging_mixin.py:188} INFO - [2024-04-14T15:41:56.143-0600] {dag.py:3954} INFO - Setting next_dagrun for first to 2024-04-12 00:00:00+00:00, run_after=2024-04-13 00:00:00+00:00
[2024-04-14T15:41:56.148-0600] {processor.py:183} INFO - Processing /Users/felipejimenez/Desktop/AirFlow/dags/first.py took 0.115 seconds
[2024-04-14T15:43:12.900-0600] {processor.py:161} INFO - Started process (PID=4149) to work on /Users/felipejimenez/Desktop/AirFlow/dags/first.py
[2024-04-14T15:43:12.901-0600] {processor.py:830} INFO - Processing file /Users/felipejimenez/Desktop/AirFlow/dags/first.py for tasks to queue
[2024-04-14T15:43:12.901-0600] {logging_mixin.py:188} INFO - [2024-04-14T15:43:12.901-0600] {dagbag.py:540} INFO - Filling up the DagBag from /Users/felipejimenez/Desktop/AirFlow/dags/first.py
[2024-04-14T15:43:12.909-0600] {processor.py:840} INFO - DAG(s) 'first' retrieved from /Users/felipejimenez/Desktop/AirFlow/dags/first.py
[2024-04-14T15:43:12.941-0600] {logging_mixin.py:188} INFO - [2024-04-14T15:43:12.941-0600] {dag.py:3096} INFO - Sync 1 DAGs
[2024-04-14T15:43:12.964-0600] {logging_mixin.py:188} INFO - [2024-04-14T15:43:12.964-0600] {dag.py:3954} INFO - Setting next_dagrun for first to 2024-04-12 00:00:00+00:00, run_after=2024-04-13 00:00:00+00:00
[2024-04-14T15:43:12.969-0600] {processor.py:183} INFO - Processing /Users/felipejimenez/Desktop/AirFlow/dags/first.py took 0.070 seconds
[2024-04-14T15:43:56.204-0600] {processor.py:161} INFO - Started process (PID=4201) to work on /Users/felipejimenez/Desktop/AirFlow/dags/first.py
[2024-04-14T15:43:56.206-0600] {processor.py:830} INFO - Processing file /Users/felipejimenez/Desktop/AirFlow/dags/first.py for tasks to queue
[2024-04-14T15:43:56.206-0600] {logging_mixin.py:188} INFO - [2024-04-14T15:43:56.206-0600] {dagbag.py:540} INFO - Filling up the DagBag from /Users/felipejimenez/Desktop/AirFlow/dags/first.py
[2024-04-14T15:43:56.215-0600] {processor.py:840} INFO - DAG(s) 'first' retrieved from /Users/felipejimenez/Desktop/AirFlow/dags/first.py
[2024-04-14T15:43:56.246-0600] {logging_mixin.py:188} INFO - [2024-04-14T15:43:56.246-0600] {dag.py:3096} INFO - Sync 1 DAGs
[2024-04-14T15:43:56.269-0600] {logging_mixin.py:188} INFO - [2024-04-14T15:43:56.269-0600] {dag.py:3954} INFO - Setting next_dagrun for first to 2024-04-12 00:00:00+00:00, run_after=2024-04-13 00:00:00+00:00
[2024-04-14T15:43:56.275-0600] {processor.py:183} INFO - Processing /Users/felipejimenez/Desktop/AirFlow/dags/first.py took 0.072 seconds
[2024-04-14T15:44:40.761-0600] {processor.py:161} INFO - Started process (PID=4250) to work on /Users/felipejimenez/Desktop/AirFlow/dags/first.py
[2024-04-14T15:44:40.763-0600] {processor.py:830} INFO - Processing file /Users/felipejimenez/Desktop/AirFlow/dags/first.py for tasks to queue
[2024-04-14T15:44:40.763-0600] {logging_mixin.py:188} INFO - [2024-04-14T15:44:40.763-0600] {dagbag.py:540} INFO - Filling up the DagBag from /Users/felipejimenez/Desktop/AirFlow/dags/first.py
[2024-04-14T15:44:40.771-0600] {processor.py:840} INFO - DAG(s) 'first' retrieved from /Users/felipejimenez/Desktop/AirFlow/dags/first.py
[2024-04-14T15:44:40.804-0600] {logging_mixin.py:188} INFO - [2024-04-14T15:44:40.804-0600] {dag.py:3096} INFO - Sync 1 DAGs
[2024-04-14T15:44:40.827-0600] {logging_mixin.py:188} INFO - [2024-04-14T15:44:40.827-0600] {dag.py:3954} INFO - Setting next_dagrun for first to 2024-04-12 00:00:00+00:00, run_after=2024-04-13 00:00:00+00:00
[2024-04-14T15:44:40.833-0600] {processor.py:183} INFO - Processing /Users/felipejimenez/Desktop/AirFlow/dags/first.py took 0.073 seconds
[2024-04-14T15:45:25.408-0600] {processor.py:161} INFO - Started process (PID=4305) to work on /Users/felipejimenez/Desktop/AirFlow/dags/first.py
[2024-04-14T15:45:25.410-0600] {processor.py:830} INFO - Processing file /Users/felipejimenez/Desktop/AirFlow/dags/first.py for tasks to queue
[2024-04-14T15:45:25.410-0600] {logging_mixin.py:188} INFO - [2024-04-14T15:45:25.410-0600] {dagbag.py:540} INFO - Filling up the DagBag from /Users/felipejimenez/Desktop/AirFlow/dags/first.py
[2024-04-14T15:45:25.418-0600] {processor.py:840} INFO - DAG(s) 'first' retrieved from /Users/felipejimenez/Desktop/AirFlow/dags/first.py
[2024-04-14T15:45:25.450-0600] {logging_mixin.py:188} INFO - [2024-04-14T15:45:25.450-0600] {dag.py:3096} INFO - Sync 1 DAGs
[2024-04-14T15:45:25.473-0600] {logging_mixin.py:188} INFO - [2024-04-14T15:45:25.473-0600] {dag.py:3954} INFO - Setting next_dagrun for first to 2024-04-12 00:00:00+00:00, run_after=2024-04-13 00:00:00+00:00
[2024-04-14T15:45:25.478-0600] {processor.py:183} INFO - Processing /Users/felipejimenez/Desktop/AirFlow/dags/first.py took 0.071 seconds
[2024-04-14T15:46:06.343-0600] {processor.py:161} INFO - Started process (PID=4356) to work on /Users/felipejimenez/Desktop/AirFlow/dags/first.py
[2024-04-14T15:46:06.344-0600] {processor.py:830} INFO - Processing file /Users/felipejimenez/Desktop/AirFlow/dags/first.py for tasks to queue
[2024-04-14T15:46:06.344-0600] {logging_mixin.py:188} INFO - [2024-04-14T15:46:06.344-0600] {dagbag.py:540} INFO - Filling up the DagBag from /Users/felipejimenez/Desktop/AirFlow/dags/first.py
[2024-04-14T15:46:06.353-0600] {processor.py:840} INFO - DAG(s) 'first' retrieved from /Users/felipejimenez/Desktop/AirFlow/dags/first.py
[2024-04-14T15:46:06.383-0600] {logging_mixin.py:188} INFO - [2024-04-14T15:46:06.383-0600] {dag.py:3096} INFO - Sync 1 DAGs
[2024-04-14T15:46:06.406-0600] {logging_mixin.py:188} INFO - [2024-04-14T15:46:06.406-0600] {dag.py:3954} INFO - Setting next_dagrun for first to 2024-04-12 00:00:00+00:00, run_after=2024-04-13 00:00:00+00:00
[2024-04-14T15:46:06.412-0600] {processor.py:183} INFO - Processing /Users/felipejimenez/Desktop/AirFlow/dags/first.py took 0.070 seconds
[2024-04-14T15:46:50.019-0600] {processor.py:161} INFO - Started process (PID=4403) to work on /Users/felipejimenez/Desktop/AirFlow/dags/first.py
[2024-04-14T15:46:50.020-0600] {processor.py:830} INFO - Processing file /Users/felipejimenez/Desktop/AirFlow/dags/first.py for tasks to queue
[2024-04-14T15:46:50.021-0600] {logging_mixin.py:188} INFO - [2024-04-14T15:46:50.021-0600] {dagbag.py:540} INFO - Filling up the DagBag from /Users/felipejimenez/Desktop/AirFlow/dags/first.py
[2024-04-14T15:46:50.029-0600] {processor.py:840} INFO - DAG(s) 'first' retrieved from /Users/felipejimenez/Desktop/AirFlow/dags/first.py
[2024-04-14T15:46:50.060-0600] {logging_mixin.py:188} INFO - [2024-04-14T15:46:50.060-0600] {dag.py:3096} INFO - Sync 1 DAGs
[2024-04-14T15:46:50.083-0600] {logging_mixin.py:188} INFO - [2024-04-14T15:46:50.083-0600] {dag.py:3954} INFO - Setting next_dagrun for first to 2024-04-12 00:00:00+00:00, run_after=2024-04-13 00:00:00+00:00
[2024-04-14T15:46:50.089-0600] {processor.py:183} INFO - Processing /Users/felipejimenez/Desktop/AirFlow/dags/first.py took 0.071 seconds
[2024-04-14T15:47:36.114-0600] {processor.py:161} INFO - Started process (PID=4460) to work on /Users/felipejimenez/Desktop/AirFlow/dags/first.py
[2024-04-14T15:47:36.116-0600] {processor.py:830} INFO - Processing file /Users/felipejimenez/Desktop/AirFlow/dags/first.py for tasks to queue
[2024-04-14T15:47:36.116-0600] {logging_mixin.py:188} INFO - [2024-04-14T15:47:36.116-0600] {dagbag.py:540} INFO - Filling up the DagBag from /Users/felipejimenez/Desktop/AirFlow/dags/first.py
[2024-04-14T15:47:36.124-0600] {processor.py:840} INFO - DAG(s) 'first' retrieved from /Users/felipejimenez/Desktop/AirFlow/dags/first.py
[2024-04-14T15:47:36.155-0600] {logging_mixin.py:188} INFO - [2024-04-14T15:47:36.155-0600] {dag.py:3096} INFO - Sync 1 DAGs
[2024-04-14T15:47:36.179-0600] {logging_mixin.py:188} INFO - [2024-04-14T15:47:36.179-0600] {dag.py:3954} INFO - Setting next_dagrun for first to 2024-04-12 00:00:00+00:00, run_after=2024-04-13 00:00:00+00:00
[2024-04-14T15:47:36.184-0600] {processor.py:183} INFO - Processing /Users/felipejimenez/Desktop/AirFlow/dags/first.py took 0.071 seconds
[2024-04-14T15:48:22.108-0600] {processor.py:161} INFO - Started process (PID=4558) to work on /Users/felipejimenez/Desktop/AirFlow/dags/first.py
[2024-04-14T15:48:22.110-0600] {processor.py:830} INFO - Processing file /Users/felipejimenez/Desktop/AirFlow/dags/first.py for tasks to queue
[2024-04-14T15:48:22.110-0600] {logging_mixin.py:188} INFO - [2024-04-14T15:48:22.110-0600] {dagbag.py:540} INFO - Filling up the DagBag from /Users/felipejimenez/Desktop/AirFlow/dags/first.py
[2024-04-14T15:48:22.118-0600] {processor.py:840} INFO - DAG(s) 'first' retrieved from /Users/felipejimenez/Desktop/AirFlow/dags/first.py
[2024-04-14T15:48:22.149-0600] {logging_mixin.py:188} INFO - [2024-04-14T15:48:22.149-0600] {dag.py:3096} INFO - Sync 1 DAGs
[2024-04-14T15:48:22.172-0600] {logging_mixin.py:188} INFO - [2024-04-14T15:48:22.172-0600] {dag.py:3954} INFO - Setting next_dagrun for first to 2024-04-12 00:00:00+00:00, run_after=2024-04-13 00:00:00+00:00
[2024-04-14T15:48:22.178-0600] {processor.py:183} INFO - Processing /Users/felipejimenez/Desktop/AirFlow/dags/first.py took 0.070 seconds
[2024-04-14T15:49:06.520-0600] {processor.py:161} INFO - Started process (PID=4625) to work on /Users/felipejimenez/Desktop/AirFlow/dags/first.py
[2024-04-14T15:49:06.521-0600] {processor.py:830} INFO - Processing file /Users/felipejimenez/Desktop/AirFlow/dags/first.py for tasks to queue
[2024-04-14T15:49:06.522-0600] {logging_mixin.py:188} INFO - [2024-04-14T15:49:06.522-0600] {dagbag.py:540} INFO - Filling up the DagBag from /Users/felipejimenez/Desktop/AirFlow/dags/first.py
[2024-04-14T15:49:06.529-0600] {processor.py:840} INFO - DAG(s) 'first' retrieved from /Users/felipejimenez/Desktop/AirFlow/dags/first.py
[2024-04-14T15:49:06.560-0600] {logging_mixin.py:188} INFO - [2024-04-14T15:49:06.560-0600] {dag.py:3096} INFO - Sync 1 DAGs
[2024-04-14T15:49:06.588-0600] {logging_mixin.py:188} INFO - [2024-04-14T15:49:06.588-0600] {dag.py:3954} INFO - Setting next_dagrun for first to 2024-04-12 00:00:00+00:00, run_after=2024-04-13 00:00:00+00:00
[2024-04-14T15:49:06.593-0600] {processor.py:183} INFO - Processing /Users/felipejimenez/Desktop/AirFlow/dags/first.py took 0.074 seconds
[2024-04-14T15:49:51.124-0600] {processor.py:161} INFO - Started process (PID=4690) to work on /Users/felipejimenez/Desktop/AirFlow/dags/first.py
[2024-04-14T15:49:51.126-0600] {processor.py:830} INFO - Processing file /Users/felipejimenez/Desktop/AirFlow/dags/first.py for tasks to queue
[2024-04-14T15:49:51.126-0600] {logging_mixin.py:188} INFO - [2024-04-14T15:49:51.126-0600] {dagbag.py:540} INFO - Filling up the DagBag from /Users/felipejimenez/Desktop/AirFlow/dags/first.py
[2024-04-14T15:49:51.134-0600] {processor.py:840} INFO - DAG(s) 'first' retrieved from /Users/felipejimenez/Desktop/AirFlow/dags/first.py
[2024-04-14T15:49:51.166-0600] {logging_mixin.py:188} INFO - [2024-04-14T15:49:51.166-0600] {dag.py:3096} INFO - Sync 1 DAGs
[2024-04-14T15:49:51.193-0600] {logging_mixin.py:188} INFO - [2024-04-14T15:49:51.192-0600] {dag.py:3954} INFO - Setting next_dagrun for first to 2024-04-12 00:00:00+00:00, run_after=2024-04-13 00:00:00+00:00
[2024-04-14T15:49:51.198-0600] {processor.py:183} INFO - Processing /Users/felipejimenez/Desktop/AirFlow/dags/first.py took 0.076 seconds
[2024-04-14T15:50:33.920-0600] {processor.py:161} INFO - Started process (PID=4738) to work on /Users/felipejimenez/Desktop/AirFlow/dags/first.py
[2024-04-14T15:50:33.921-0600] {processor.py:830} INFO - Processing file /Users/felipejimenez/Desktop/AirFlow/dags/first.py for tasks to queue
[2024-04-14T15:50:33.921-0600] {logging_mixin.py:188} INFO - [2024-04-14T15:50:33.921-0600] {dagbag.py:540} INFO - Filling up the DagBag from /Users/felipejimenez/Desktop/AirFlow/dags/first.py
[2024-04-14T15:50:33.929-0600] {processor.py:840} INFO - DAG(s) 'first' retrieved from /Users/felipejimenez/Desktop/AirFlow/dags/first.py
[2024-04-14T15:50:33.961-0600] {logging_mixin.py:188} INFO - [2024-04-14T15:50:33.961-0600] {dag.py:3096} INFO - Sync 1 DAGs
[2024-04-14T15:50:33.987-0600] {logging_mixin.py:188} INFO - [2024-04-14T15:50:33.986-0600] {dag.py:3954} INFO - Setting next_dagrun for first to 2024-04-12 00:00:00+00:00, run_after=2024-04-13 00:00:00+00:00
[2024-04-14T15:50:33.992-0600] {processor.py:183} INFO - Processing /Users/felipejimenez/Desktop/AirFlow/dags/first.py took 0.074 seconds
[2024-04-14T15:51:19.565-0600] {processor.py:161} INFO - Started process (PID=4788) to work on /Users/felipejimenez/Desktop/AirFlow/dags/first.py
[2024-04-14T15:51:19.567-0600] {processor.py:830} INFO - Processing file /Users/felipejimenez/Desktop/AirFlow/dags/first.py for tasks to queue
[2024-04-14T15:51:19.567-0600] {logging_mixin.py:188} INFO - [2024-04-14T15:51:19.567-0600] {dagbag.py:540} INFO - Filling up the DagBag from /Users/felipejimenez/Desktop/AirFlow/dags/first.py
[2024-04-14T15:51:19.575-0600] {processor.py:840} INFO - DAG(s) 'first' retrieved from /Users/felipejimenez/Desktop/AirFlow/dags/first.py
[2024-04-14T15:51:19.607-0600] {logging_mixin.py:188} INFO - [2024-04-14T15:51:19.607-0600] {dag.py:3096} INFO - Sync 1 DAGs
[2024-04-14T15:51:19.631-0600] {logging_mixin.py:188} INFO - [2024-04-14T15:51:19.631-0600] {dag.py:3954} INFO - Setting next_dagrun for first to 2024-04-12 00:00:00+00:00, run_after=2024-04-13 00:00:00+00:00
[2024-04-14T15:51:19.637-0600] {processor.py:183} INFO - Processing /Users/felipejimenez/Desktop/AirFlow/dags/first.py took 0.072 seconds
[2024-04-14T15:52:04.165-0600] {processor.py:161} INFO - Started process (PID=4853) to work on /Users/felipejimenez/Desktop/AirFlow/dags/first.py
[2024-04-14T15:52:04.166-0600] {processor.py:830} INFO - Processing file /Users/felipejimenez/Desktop/AirFlow/dags/first.py for tasks to queue
[2024-04-14T15:52:04.166-0600] {logging_mixin.py:188} INFO - [2024-04-14T15:52:04.166-0600] {dagbag.py:540} INFO - Filling up the DagBag from /Users/felipejimenez/Desktop/AirFlow/dags/first.py
[2024-04-14T15:52:04.175-0600] {processor.py:840} INFO - DAG(s) 'first' retrieved from /Users/felipejimenez/Desktop/AirFlow/dags/first.py
[2024-04-14T15:52:04.208-0600] {logging_mixin.py:188} INFO - [2024-04-14T15:52:04.208-0600] {dag.py:3096} INFO - Sync 1 DAGs
[2024-04-14T15:52:04.232-0600] {logging_mixin.py:188} INFO - [2024-04-14T15:52:04.232-0600] {dag.py:3954} INFO - Setting next_dagrun for first to 2024-04-12 00:00:00+00:00, run_after=2024-04-13 00:00:00+00:00
[2024-04-14T15:52:04.238-0600] {processor.py:183} INFO - Processing /Users/felipejimenez/Desktop/AirFlow/dags/first.py took 0.074 seconds
[2024-04-14T15:52:46.724-0600] {processor.py:161} INFO - Started process (PID=4944) to work on /Users/felipejimenez/Desktop/AirFlow/dags/first.py
[2024-04-14T15:52:46.725-0600] {processor.py:830} INFO - Processing file /Users/felipejimenez/Desktop/AirFlow/dags/first.py for tasks to queue
[2024-04-14T15:52:46.725-0600] {logging_mixin.py:188} INFO - [2024-04-14T15:52:46.725-0600] {dagbag.py:540} INFO - Filling up the DagBag from /Users/felipejimenez/Desktop/AirFlow/dags/first.py
[2024-04-14T15:52:46.733-0600] {processor.py:840} INFO - DAG(s) 'first' retrieved from /Users/felipejimenez/Desktop/AirFlow/dags/first.py
[2024-04-14T15:52:46.767-0600] {logging_mixin.py:188} INFO - [2024-04-14T15:52:46.767-0600] {dag.py:3096} INFO - Sync 1 DAGs
[2024-04-14T15:52:46.792-0600] {logging_mixin.py:188} INFO - [2024-04-14T15:52:46.792-0600] {dag.py:3954} INFO - Setting next_dagrun for first to 2024-04-12 00:00:00+00:00, run_after=2024-04-13 00:00:00+00:00
[2024-04-14T15:52:46.798-0600] {processor.py:183} INFO - Processing /Users/felipejimenez/Desktop/AirFlow/dags/first.py took 0.075 seconds
[2024-04-14T15:53:29.637-0600] {processor.py:161} INFO - Started process (PID=5004) to work on /Users/felipejimenez/Desktop/AirFlow/dags/first.py
[2024-04-14T15:53:29.639-0600] {processor.py:830} INFO - Processing file /Users/felipejimenez/Desktop/AirFlow/dags/first.py for tasks to queue
[2024-04-14T15:53:29.639-0600] {logging_mixin.py:188} INFO - [2024-04-14T15:53:29.639-0600] {dagbag.py:540} INFO - Filling up the DagBag from /Users/felipejimenez/Desktop/AirFlow/dags/first.py
[2024-04-14T15:53:29.647-0600] {processor.py:840} INFO - DAG(s) 'first' retrieved from /Users/felipejimenez/Desktop/AirFlow/dags/first.py
[2024-04-14T15:53:29.680-0600] {logging_mixin.py:188} INFO - [2024-04-14T15:53:29.679-0600] {dag.py:3096} INFO - Sync 1 DAGs
[2024-04-14T15:53:29.704-0600] {logging_mixin.py:188} INFO - [2024-04-14T15:53:29.704-0600] {dag.py:3954} INFO - Setting next_dagrun for first to 2024-04-12 00:00:00+00:00, run_after=2024-04-13 00:00:00+00:00
[2024-04-14T15:53:29.710-0600] {processor.py:183} INFO - Processing /Users/felipejimenez/Desktop/AirFlow/dags/first.py took 0.073 seconds
[2024-04-14T15:54:13.882-0600] {processor.py:161} INFO - Started process (PID=5055) to work on /Users/felipejimenez/Desktop/AirFlow/dags/first.py
[2024-04-14T15:54:13.884-0600] {processor.py:830} INFO - Processing file /Users/felipejimenez/Desktop/AirFlow/dags/first.py for tasks to queue
[2024-04-14T15:54:13.884-0600] {logging_mixin.py:188} INFO - [2024-04-14T15:54:13.884-0600] {dagbag.py:540} INFO - Filling up the DagBag from /Users/felipejimenez/Desktop/AirFlow/dags/first.py
[2024-04-14T15:54:13.892-0600] {processor.py:840} INFO - DAG(s) 'first' retrieved from /Users/felipejimenez/Desktop/AirFlow/dags/first.py
[2024-04-14T15:54:13.923-0600] {logging_mixin.py:188} INFO - [2024-04-14T15:54:13.923-0600] {dag.py:3096} INFO - Sync 1 DAGs
[2024-04-14T15:54:13.947-0600] {logging_mixin.py:188} INFO - [2024-04-14T15:54:13.947-0600] {dag.py:3954} INFO - Setting next_dagrun for first to 2024-04-12 00:00:00+00:00, run_after=2024-04-13 00:00:00+00:00
[2024-04-14T15:54:13.952-0600] {processor.py:183} INFO - Processing /Users/felipejimenez/Desktop/AirFlow/dags/first.py took 0.071 seconds
[2024-04-14T15:55:37.289-0600] {processor.py:161} INFO - Started process (PID=5156) to work on /Users/felipejimenez/Desktop/AirFlow/dags/first.py
[2024-04-14T15:55:37.291-0600] {processor.py:830} INFO - Processing file /Users/felipejimenez/Desktop/AirFlow/dags/first.py for tasks to queue
[2024-04-14T15:55:37.291-0600] {logging_mixin.py:188} INFO - [2024-04-14T15:55:37.291-0600] {dagbag.py:540} INFO - Filling up the DagBag from /Users/felipejimenez/Desktop/AirFlow/dags/first.py
[2024-04-14T15:55:37.299-0600] {processor.py:840} INFO - DAG(s) 'first' retrieved from /Users/felipejimenez/Desktop/AirFlow/dags/first.py
[2024-04-14T15:55:37.330-0600] {logging_mixin.py:188} INFO - [2024-04-14T15:55:37.330-0600] {dag.py:3096} INFO - Sync 1 DAGs
[2024-04-14T15:55:37.355-0600] {logging_mixin.py:188} INFO - [2024-04-14T15:55:37.355-0600] {dag.py:3954} INFO - Setting next_dagrun for first to 2024-04-12 00:00:00+00:00, run_after=2024-04-13 00:00:00+00:00
[2024-04-14T15:55:37.360-0600] {processor.py:183} INFO - Processing /Users/felipejimenez/Desktop/AirFlow/dags/first.py took 0.072 seconds
[2024-04-14T15:56:50.926-0600] {processor.py:161} INFO - Started process (PID=5278) to work on /Users/felipejimenez/Desktop/AirFlow/dags/first.py
[2024-04-14T15:56:50.927-0600] {processor.py:830} INFO - Processing file /Users/felipejimenez/Desktop/AirFlow/dags/first.py for tasks to queue
[2024-04-14T15:56:50.928-0600] {logging_mixin.py:188} INFO - [2024-04-14T15:56:50.928-0600] {dagbag.py:540} INFO - Filling up the DagBag from /Users/felipejimenez/Desktop/AirFlow/dags/first.py
[2024-04-14T15:56:50.936-0600] {processor.py:840} INFO - DAG(s) 'first' retrieved from /Users/felipejimenez/Desktop/AirFlow/dags/first.py
[2024-04-14T15:56:50.967-0600] {logging_mixin.py:188} INFO - [2024-04-14T15:56:50.967-0600] {dag.py:3096} INFO - Sync 1 DAGs
[2024-04-14T15:56:50.990-0600] {logging_mixin.py:188} INFO - [2024-04-14T15:56:50.990-0600] {dag.py:3954} INFO - Setting next_dagrun for first to 2024-04-12 00:00:00+00:00, run_after=2024-04-13 00:00:00+00:00
[2024-04-14T15:56:50.995-0600] {processor.py:183} INFO - Processing /Users/felipejimenez/Desktop/AirFlow/dags/first.py took 0.070 seconds
[2024-04-14T15:57:34.351-0600] {processor.py:161} INFO - Started process (PID=5339) to work on /Users/felipejimenez/Desktop/AirFlow/dags/first.py
[2024-04-14T15:57:34.353-0600] {processor.py:830} INFO - Processing file /Users/felipejimenez/Desktop/AirFlow/dags/first.py for tasks to queue
[2024-04-14T15:57:34.353-0600] {logging_mixin.py:188} INFO - [2024-04-14T15:57:34.353-0600] {dagbag.py:540} INFO - Filling up the DagBag from /Users/felipejimenez/Desktop/AirFlow/dags/first.py
[2024-04-14T15:57:34.361-0600] {processor.py:840} INFO - DAG(s) 'first' retrieved from /Users/felipejimenez/Desktop/AirFlow/dags/first.py
[2024-04-14T15:57:34.392-0600] {logging_mixin.py:188} INFO - [2024-04-14T15:57:34.392-0600] {dag.py:3096} INFO - Sync 1 DAGs
[2024-04-14T15:57:34.415-0600] {logging_mixin.py:188} INFO - [2024-04-14T15:57:34.415-0600] {dag.py:3954} INFO - Setting next_dagrun for first to 2024-04-12 00:00:00+00:00, run_after=2024-04-13 00:00:00+00:00
[2024-04-14T15:57:34.420-0600] {processor.py:183} INFO - Processing /Users/felipejimenez/Desktop/AirFlow/dags/first.py took 0.070 seconds
[2024-04-14T15:58:16.524-0600] {processor.py:161} INFO - Started process (PID=5414) to work on /Users/felipejimenez/Desktop/AirFlow/dags/first.py
[2024-04-14T15:58:16.525-0600] {processor.py:830} INFO - Processing file /Users/felipejimenez/Desktop/AirFlow/dags/first.py for tasks to queue
[2024-04-14T15:58:16.526-0600] {logging_mixin.py:188} INFO - [2024-04-14T15:58:16.526-0600] {dagbag.py:540} INFO - Filling up the DagBag from /Users/felipejimenez/Desktop/AirFlow/dags/first.py
[2024-04-14T15:58:16.534-0600] {processor.py:840} INFO - DAG(s) 'first' retrieved from /Users/felipejimenez/Desktop/AirFlow/dags/first.py
[2024-04-14T15:58:16.565-0600] {logging_mixin.py:188} INFO - [2024-04-14T15:58:16.565-0600] {dag.py:3096} INFO - Sync 1 DAGs
[2024-04-14T15:58:16.589-0600] {logging_mixin.py:188} INFO - [2024-04-14T15:58:16.589-0600] {dag.py:3954} INFO - Setting next_dagrun for first to 2024-04-12 00:00:00+00:00, run_after=2024-04-13 00:00:00+00:00
[2024-04-14T15:58:16.595-0600] {processor.py:183} INFO - Processing /Users/felipejimenez/Desktop/AirFlow/dags/first.py took 0.072 seconds
[2024-04-14T15:59:04.345-0600] {processor.py:161} INFO - Started process (PID=5482) to work on /Users/felipejimenez/Desktop/AirFlow/dags/first.py
[2024-04-14T15:59:04.347-0600] {processor.py:830} INFO - Processing file /Users/felipejimenez/Desktop/AirFlow/dags/first.py for tasks to queue
[2024-04-14T15:59:04.347-0600] {logging_mixin.py:188} INFO - [2024-04-14T15:59:04.347-0600] {dagbag.py:540} INFO - Filling up the DagBag from /Users/felipejimenez/Desktop/AirFlow/dags/first.py
[2024-04-14T15:59:04.355-0600] {processor.py:840} INFO - DAG(s) 'first' retrieved from /Users/felipejimenez/Desktop/AirFlow/dags/first.py
[2024-04-14T15:59:04.387-0600] {logging_mixin.py:188} INFO - [2024-04-14T15:59:04.386-0600] {dag.py:3096} INFO - Sync 1 DAGs
[2024-04-14T15:59:04.409-0600] {logging_mixin.py:188} INFO - [2024-04-14T15:59:04.409-0600] {dag.py:3954} INFO - Setting next_dagrun for first to 2024-04-14 00:00:00+00:00, run_after=2024-04-15 00:00:00+00:00
[2024-04-14T15:59:04.415-0600] {processor.py:183} INFO - Processing /Users/felipejimenez/Desktop/AirFlow/dags/first.py took 0.070 seconds
[2024-04-14T15:59:47.597-0600] {processor.py:161} INFO - Started process (PID=5533) to work on /Users/felipejimenez/Desktop/AirFlow/dags/first.py
[2024-04-14T15:59:47.598-0600] {processor.py:830} INFO - Processing file /Users/felipejimenez/Desktop/AirFlow/dags/first.py for tasks to queue
[2024-04-14T15:59:47.598-0600] {logging_mixin.py:188} INFO - [2024-04-14T15:59:47.598-0600] {dagbag.py:540} INFO - Filling up the DagBag from /Users/felipejimenez/Desktop/AirFlow/dags/first.py
[2024-04-14T15:59:47.606-0600] {processor.py:840} INFO - DAG(s) 'first' retrieved from /Users/felipejimenez/Desktop/AirFlow/dags/first.py
[2024-04-14T15:59:47.637-0600] {logging_mixin.py:188} INFO - [2024-04-14T15:59:47.637-0600] {dag.py:3096} INFO - Sync 1 DAGs
[2024-04-14T15:59:47.664-0600] {logging_mixin.py:188} INFO - [2024-04-14T15:59:47.664-0600] {dag.py:3954} INFO - Setting next_dagrun for first to 2024-04-14 00:00:00+00:00, run_after=2024-04-15 00:00:00+00:00
[2024-04-14T15:59:47.669-0600] {processor.py:183} INFO - Processing /Users/felipejimenez/Desktop/AirFlow/dags/first.py took 0.073 seconds
[2024-04-14T16:00:30.943-0600] {processor.py:161} INFO - Started process (PID=5580) to work on /Users/felipejimenez/Desktop/AirFlow/dags/first.py
[2024-04-14T16:00:30.945-0600] {processor.py:830} INFO - Processing file /Users/felipejimenez/Desktop/AirFlow/dags/first.py for tasks to queue
[2024-04-14T16:00:30.945-0600] {logging_mixin.py:188} INFO - [2024-04-14T16:00:30.945-0600] {dagbag.py:540} INFO - Filling up the DagBag from /Users/felipejimenez/Desktop/AirFlow/dags/first.py
[2024-04-14T16:00:30.953-0600] {processor.py:840} INFO - DAG(s) 'first' retrieved from /Users/felipejimenez/Desktop/AirFlow/dags/first.py
[2024-04-14T16:00:30.985-0600] {logging_mixin.py:188} INFO - [2024-04-14T16:00:30.985-0600] {dag.py:3096} INFO - Sync 1 DAGs
[2024-04-14T16:00:31.010-0600] {logging_mixin.py:188} INFO - [2024-04-14T16:00:31.010-0600] {dag.py:3954} INFO - Setting next_dagrun for first to 2024-04-14 00:00:00+00:00, run_after=2024-04-15 00:00:00+00:00
[2024-04-14T16:00:31.016-0600] {processor.py:183} INFO - Processing /Users/felipejimenez/Desktop/AirFlow/dags/first.py took 0.074 seconds
[2024-04-14T16:01:13.755-0600] {processor.py:161} INFO - Started process (PID=5630) to work on /Users/felipejimenez/Desktop/AirFlow/dags/first.py
[2024-04-14T16:01:13.757-0600] {processor.py:830} INFO - Processing file /Users/felipejimenez/Desktop/AirFlow/dags/first.py for tasks to queue
[2024-04-14T16:01:13.757-0600] {logging_mixin.py:188} INFO - [2024-04-14T16:01:13.757-0600] {dagbag.py:540} INFO - Filling up the DagBag from /Users/felipejimenez/Desktop/AirFlow/dags/first.py
[2024-04-14T16:01:13.766-0600] {processor.py:840} INFO - DAG(s) 'first' retrieved from /Users/felipejimenez/Desktop/AirFlow/dags/first.py
[2024-04-14T16:01:13.797-0600] {logging_mixin.py:188} INFO - [2024-04-14T16:01:13.797-0600] {dag.py:3096} INFO - Sync 1 DAGs
[2024-04-14T16:01:13.824-0600] {logging_mixin.py:188} INFO - [2024-04-14T16:01:13.824-0600] {dag.py:3954} INFO - Setting next_dagrun for first to 2024-04-14 00:00:00+00:00, run_after=2024-04-15 00:00:00+00:00
[2024-04-14T16:01:13.830-0600] {processor.py:183} INFO - Processing /Users/felipejimenez/Desktop/AirFlow/dags/first.py took 0.076 seconds
[2024-04-14T16:01:56.547-0600] {processor.py:161} INFO - Started process (PID=5679) to work on /Users/felipejimenez/Desktop/AirFlow/dags/first.py
[2024-04-14T16:01:56.549-0600] {processor.py:830} INFO - Processing file /Users/felipejimenez/Desktop/AirFlow/dags/first.py for tasks to queue
[2024-04-14T16:01:56.549-0600] {logging_mixin.py:188} INFO - [2024-04-14T16:01:56.549-0600] {dagbag.py:540} INFO - Filling up the DagBag from /Users/felipejimenez/Desktop/AirFlow/dags/first.py
[2024-04-14T16:01:56.563-0600] {logging_mixin.py:188} INFO - [2024-04-14T16:01:56.556-0600] {dagbag.py:350} ERROR - Failed to import: /Users/felipejimenez/Desktop/AirFlow/dags/first.py
Traceback (most recent call last):
  File "/Users/felipejimenez/Desktop/AirFlow/.env/lib/python3.9/site-packages/airflow/models/dagbag.py", line 346, in parse
    loader.exec_module(new_module)
  File "<frozen importlib._bootstrap_external>", line 850, in exec_module
  File "<frozen importlib._bootstrap>", line 228, in _call_with_frames_removed
  File "/Users/felipejimenez/Desktop/AirFlow/dags/first.py", line 32, in <module>
    with DAG(
  File "/Users/felipejimenez/Desktop/AirFlow/.env/lib/python3.9/site-packages/airflow/models/dag.py", line 519, in __init__
    validate_key(dag_id)
  File "/Users/felipejimenez/Desktop/AirFlow/.env/lib/python3.9/site-packages/airflow/utils/helpers.py", line 57, in validate_key
    raise AirflowException(
airflow.exceptions.AirflowException: The key 'AAA DAG' has to be made of alphanumeric characters, dashes, dots and underscores exclusively
[2024-04-14T16:01:56.563-0600] {processor.py:842} WARNING - No viable dags retrieved from /Users/felipejimenez/Desktop/AirFlow/dags/first.py
[2024-04-14T16:01:56.591-0600] {processor.py:183} INFO - Processing /Users/felipejimenez/Desktop/AirFlow/dags/first.py took 0.044 seconds
